========================================================================= 
Log Path: /scratch/wanglu57/job_scripts/log/2022-02-27_ga-si-G-log_ga.log 
Program Path: /scratch/wanglu57/job_scripts/2022-02-27_ga-si-G-log.R 
Working Directory: /scratch/wanglu57/job_scripts 
User Name: wanglu57 
R Version: 4.0.2 (2020-06-22) 
Machine: cdr2315.int.cedar.computecanada.ca x86_64 
Operating System: Linux 3.10.0-1160.36.2.el7.x86_64 #1 SMP Wed Jul 21 11:57:15 UTC 2021 
[1] "Base Packages: parallel stats graphics grDevices utils datasets methods\n               base \nOther Packages: doRNG_1.8.2 rngtools_1.5.2 here_1.0.1 GA_3.2.2 doParallel_1.0.16\n                iterators_1.0.13 foreach_1.5.1 "
Log Start Time: 2022-02-27 18:58:27 
========================================================================= 

[[1]]
         [,1]     [,2]     [,3]     [,4]
[1,] 2.955049 6.659449 382.3999 858.7956

[[2]]
[1] 4.744746


NOTE: Log Print Time:  2022-02-27 19:01:41 
NOTE: Elapsed Time in seconds: 3.23451439936956 

[[1]]
         [,1]     [,2]     [,3]     [,4]
[1,] 2.955049 6.659449 107.4303 858.7956

[[2]]
[1] 6.474285


NOTE: Log Print Time:  2022-02-27 19:04:43 
NOTE: Elapsed Time in seconds: 3.04229414463043 

[[1]]
         [,1]     [,2]     [,3]     [,4]
[1,] 2.955049 6.659449 107.4303 858.7956

[[2]]
[1] 6.474285


NOTE: Log Print Time:  2022-02-27 19:06:09 
NOTE: Elapsed Time in seconds: 1.41810940504074 

[[1]]
         [,1]     [,2]     [,3]     [,4]
[1,] 2.955049 6.659449 107.4303 858.7956

[[2]]
[1] 6.474285


NOTE: Log Print Time:  2022-02-27 19:08:23 
NOTE: Elapsed Time in seconds: 2.2346634109815 

[[1]]
         [,1]     [,2]     [,3]     [,4]
[1,] 2.955049 6.659449 107.4303 858.7956

[[2]]
[1] 6.474285


NOTE: Log Print Time:  2022-02-27 19:11:18 
NOTE: Elapsed Time in seconds: 2.92443426847458 

[[1]]
         [,1]     [,2]     [,3]     [,4]
[1,] 2.955049 6.659449 107.4303 858.7956

[[2]]
[1] 6.474285


NOTE: Log Print Time:  2022-02-27 19:17:08 
NOTE: Elapsed Time in seconds: 5.82727384964625 

[[1]]
         [,1]      [,2]     [,3]     [,4]
[1,] 2.847609 -1.990988 299.8328 349.9571

[[2]]
[1] 6.819752


NOTE: Log Print Time:  2022-02-27 19:21:59 
NOTE: Elapsed Time in seconds: 4.85967276493708 

[[1]]
         [,1]      [,2]     [,3]     [,4]
[1,] 2.847609 -1.990988 299.8328 349.9571

[[2]]
[1] 6.819752


NOTE: Log Print Time:  2022-02-27 19:29:07 
NOTE: Elapsed Time in seconds: 7.13516826232274 

[[1]]
         [,1]     [,2]     [,3]      [,4]
[1,] 2.937665 7.333885 111.0916 -17.05225

[[2]]
[1] 8.171896


NOTE: Log Print Time:  2022-02-27 19:37:53 
NOTE: Elapsed Time in seconds: 8.75210735797882 

[1] "Error in { : \n  task 316 failed - \"illegal input in lagvalue - lag, 7.01111, too large, at time = 9.01111\n\"\nCalls: ga_verbose -> %DO% -> do.call -> %dopar% -> <Anonymous>\n"

NOTE: Log Print Time:  2022-02-27 21:24:51 
NOTE: Elapsed Time in seconds: 1.78295237441858 

[1] "Error in h(simpleError(msg, call)) : \n  error in evaluating the argument 'x' in selecting a method for function 'print': object 'ga_res' not found\nCalls: print -> .handleSimpleError -> h\n"

NOTE: Log Print Time:  2022-02-27 21:24:51 
NOTE: Elapsed Time in seconds: 0.0213265419006348 

