========================================================================= 
Log Path: /scratch/wanglu57/job_scripts/log/2022-03-06_si-G-log-emp_ga.log 
Program Path: /scratch/wanglu57/job_scripts/2022-03-06_si-G-log-emp.R 
Working Directory: /scratch/wanglu57/job_scripts 
User Name: wanglu57 
R Version: 4.0.2 (2020-06-22) 
Machine: cdr2405.int.cedar.computecanada.ca x86_64 
Operating System: Linux 3.10.0-1160.36.2.el7.x86_64 #1 SMP Wed Jul 21 11:57:15 UTC 2021 
[1] "Base Packages: parallel stats graphics grDevices utils datasets methods\n               base \nOther Packages: doRNG_1.8.2 rngtools_1.5.2 here_1.0.1 GA_3.2.2 doParallel_1.0.16\n                iterators_1.0.13 foreach_1.5.1 "
Log Start Time: 2022-03-06 23:18:24 
========================================================================= 

[[1]]
           [,1]     [,2]     [,3]      [,4]
[1,] -0.4881706 -72.4814 383.2886 -183.4642

[[2]]
[1] 5.427223


NOTE: Log Print Time:  2022-03-06 23:19:42 
NOTE: Elapsed Time in seconds: 1.29966459274292 

[[1]]
           [,1]     [,2]     [,3]      [,4]
[1,] -0.4881706 -72.4814 383.2886 -183.4642

[[2]]
[1] 5.427223


NOTE: Log Print Time:  2022-03-06 23:20:47 
NOTE: Elapsed Time in seconds: 1.09276721874873 

[[1]]
           [,1]     [,2]     [,3]      [,4]
[1,] -0.4881706 -72.4814 383.2886 -183.4642

[[2]]
[1] 5.427223


NOTE: Log Print Time:  2022-03-06 23:21:53 
NOTE: Elapsed Time in seconds: 1.10120411316554 

[[1]]
           [,1]     [,2]     [,3]      [,4]
[1,] -0.4881706 -72.4814 383.2886 -183.4642

[[2]]
[1] 5.427223


NOTE: Log Print Time:  2022-03-06 23:22:59 
NOTE: Elapsed Time in seconds: 1.09885957638423 

[[1]]
           [,1]     [,2]     [,3]      [,4]
[1,] -0.4881706 -72.4814 383.2886 -183.4642

[[2]]
[1] 5.427223


NOTE: Log Print Time:  2022-03-06 23:24:05 
NOTE: Elapsed Time in seconds: 1.09543956518173 

[[1]]
           [,1]     [,2]     [,3]      [,4]
[1,] -0.4881706 -72.4814 383.2886 -183.4642

[[2]]
[1] 5.427223


NOTE: Log Print Time:  2022-03-06 23:25:11 
NOTE: Elapsed Time in seconds: 1.1022632877032 

[[1]]
           [,1]     [,2]     [,3]      [,4]
[1,] -0.4881706 -72.4814 383.2886 -183.4642

[[2]]
[1] 5.427223


NOTE: Log Print Time:  2022-03-06 23:26:17 
NOTE: Elapsed Time in seconds: 1.09173980553945 

[[1]]
           [,1]     [,2]     [,3]      [,4]
[1,] -0.4881706 -72.4814 383.2886 -183.4642

[[2]]
[1] 5.427223


NOTE: Log Print Time:  2022-03-06 23:27:23 
NOTE: Elapsed Time in seconds: 1.10304582118988 

[[1]]
           [,1]     [,2]     [,3]      [,4]
[1,] -0.4881706 -72.4814 383.2886 -183.4642

[[2]]
[1] 5.427223


NOTE: Log Print Time:  2022-03-06 23:28:28 
NOTE: Elapsed Time in seconds: 1.08870395024618 

[[1]]
           [,1]     [,2]     [,3]      [,4]
[1,] -0.4881706 -72.4814 383.2886 -183.4642

[[2]]
[1] 5.427223


NOTE: Log Print Time:  2022-03-06 23:29:34 
NOTE: Elapsed Time in seconds: 1.0925616701444 

[[1]]
           [,1]     [,2]     [,3]      [,4]
[1,] -0.4881706 -72.4814 383.2886 -183.4642

[[2]]
[1] 5.427223


NOTE: Log Print Time:  2022-03-06 23:30:39 
NOTE: Elapsed Time in seconds: 1.0937643289566 

[[1]]
           [,1]     [,2]     [,3]      [,4]
[1,] -0.4881706 -72.4814 383.2886 -183.4642

[[2]]
[1] 5.427223


NOTE: Log Print Time:  2022-03-06 23:31:46 
NOTE: Elapsed Time in seconds: 1.12126384178797 

[[1]]
           [,1]     [,2]     [,3]      [,4]
[1,] -0.4881706 -72.4814 383.2886 -183.4642

[[2]]
[1] 5.427223


NOTE: Log Print Time:  2022-03-06 23:32:53 
NOTE: Elapsed Time in seconds: 1.10143722693125 

[[1]]
           [,1]     [,2]     [,3]      [,4]
[1,] -0.4881706 -72.4814 383.2886 -183.4642

[[2]]
[1] 5.427223


NOTE: Log Print Time:  2022-03-06 23:33:59 
NOTE: Elapsed Time in seconds: 1.10621648232142 

[[1]]
           [,1]     [,2]     [,3]      [,4]
[1,] -0.4881706 -72.4814 383.2886 -183.4642

[[2]]
[1] 5.427223


NOTE: Log Print Time:  2022-03-06 23:35:06 
NOTE: Elapsed Time in seconds: 1.12230874300003 

[[1]]
           [,1]     [,2]     [,3]      [,4]
[1,] -0.4881706 -72.4814 383.2886 -183.4642

[[2]]
[1] 5.427223


NOTE: Log Print Time:  2022-03-06 23:36:12 
NOTE: Elapsed Time in seconds: 1.09993078311284 

[[1]]
           [,1]     [,2]     [,3]      [,4]
[1,] -0.4881706 -72.4814 383.2886 -183.4642

[[2]]
[1] 5.427223


NOTE: Log Print Time:  2022-03-06 23:37:19 
NOTE: Elapsed Time in seconds: 1.11084587971369 

[[1]]
           [,1]     [,2]     [,3]      [,4]
[1,] -0.4881706 -72.4814 383.2886 -183.4642

[[2]]
[1] 5.427223


NOTE: Log Print Time:  2022-03-06 23:38:24 
NOTE: Elapsed Time in seconds: 1.08146685361862 

[[1]]
           [,1]     [,2]     [,3]      [,4]
[1,] -0.4881706 -72.4814 383.2886 -183.4642

[[2]]
[1] 5.427223


NOTE: Log Print Time:  2022-03-06 23:39:31 
NOTE: Elapsed Time in seconds: 1.12413296699524 

[[1]]
           [,1]     [,2]     [,3]      [,4]
[1,] -0.4881706 -72.4814 383.2886 -183.4642

[[2]]
[1] 5.427223


NOTE: Log Print Time:  2022-03-06 23:40:37 
NOTE: Elapsed Time in seconds: 1.10339425404867 

[[1]]
           [,1]     [,2]     [,3]      [,4]
[1,] -0.4881706 -72.4814 383.2886 -183.4642

[[2]]
[1] 5.427223


NOTE: Log Print Time:  2022-03-06 23:41:44 
NOTE: Elapsed Time in seconds: 1.11258472204208 

[[1]]
           [,1]     [,2]     [,3]      [,4]
[1,] -0.4881706 -72.4814 383.2886 -183.4642

[[2]]
[1] 5.427223


NOTE: Log Print Time:  2022-03-06 23:42:50 
NOTE: Elapsed Time in seconds: 1.10242524147034 

[[1]]
           [,1]     [,2]     [,3]      [,4]
[1,] -0.4881706 -72.4814 383.2886 -183.4642

[[2]]
[1] 5.427223


NOTE: Log Print Time:  2022-03-06 23:43:57 
NOTE: Elapsed Time in seconds: 1.10778910716375 

[[1]]
           [,1]     [,2]     [,3]      [,4]
[1,] -0.4881706 -72.4814 383.2886 -183.4642

[[2]]
[1] 5.427223


NOTE: Log Print Time:  2022-03-06 23:45:02 
NOTE: Elapsed Time in seconds: 1.09172820250193 

[[1]]
           [,1]     [,2]     [,3]      [,4]
[1,] -0.4881706 -72.4814 383.2886 -183.4642

[[2]]
[1] 5.427223


NOTE: Log Print Time:  2022-03-06 23:46:09 
NOTE: Elapsed Time in seconds: 1.11772148211797 

[[1]]
           [,1]     [,2]     [,3]      [,4]
[1,] -0.4881706 -72.4814 383.2886 -183.4642

[[2]]
[1] 5.427223


NOTE: Log Print Time:  2022-03-06 23:47:17 
NOTE: Elapsed Time in seconds: 1.12173356215159 

[[1]]
           [,1]     [,2]     [,3]      [,4]
[1,] -0.4881706 -72.4814 383.2886 -183.4642

[[2]]
[1] 5.427223


NOTE: Log Print Time:  2022-03-06 23:48:24 
NOTE: Elapsed Time in seconds: 1.12077260017395 

[[1]]
           [,1]     [,2]     [,3]      [,4]
[1,] -0.4881706 -72.4814 383.2886 -183.4642

[[2]]
[1] 5.427223


NOTE: Log Print Time:  2022-03-06 23:49:29 
NOTE: Elapsed Time in seconds: 1.07752453883489 

[[1]]
           [,1]     [,2]     [,3]      [,4]
[1,] -0.4881706 -72.4814 383.2886 -183.4642

[[2]]
[1] 5.427223


NOTE: Log Print Time:  2022-03-06 23:50:35 
NOTE: Elapsed Time in seconds: 1.1091094215711 

[[1]]
           [,1]     [,2]     [,3]      [,4]
[1,] -0.4881706 -72.4814 383.2886 -183.4642

[[2]]
[1] 5.427223


NOTE: Log Print Time:  2022-03-06 23:51:42 
NOTE: Elapsed Time in seconds: 1.11438642342885 

[[1]]
           [,1]     [,2]     [,3]      [,4]
[1,] -0.4881706 -72.4814 383.2886 -183.4642

[[2]]
[1] 5.427223


NOTE: Log Print Time:  2022-03-06 23:52:48 
NOTE: Elapsed Time in seconds: 1.09473407268524 

[[1]]
           [,1]     [,2]     [,3]      [,4]
[1,] -0.4881706 -72.4814 383.2886 -183.4642

[[2]]
[1] 5.427223


NOTE: Log Print Time:  2022-03-06 23:53:56 
NOTE: Elapsed Time in seconds: 1.14229294459025 

[[1]]
           [,1]     [,2]     [,3]      [,4]
[1,] -0.4881706 -72.4814 383.2886 -183.4642

[[2]]
[1] 5.427223


NOTE: Log Print Time:  2022-03-06 23:55:03 
NOTE: Elapsed Time in seconds: 1.10960795879364 

[[1]]
           [,1]     [,2]     [,3]      [,4]
[1,] -0.4881706 -72.4814 383.2886 -183.4642

[[2]]
[1] 5.427223


NOTE: Log Print Time:  2022-03-06 23:56:09 
NOTE: Elapsed Time in seconds: 1.10852889617284 

[[1]]
           [,1]     [,2]     [,3]      [,4]
[1,] -0.4881706 -72.4814 383.2886 -183.4642

[[2]]
[1] 5.427223


NOTE: Log Print Time:  2022-03-06 23:57:16 
NOTE: Elapsed Time in seconds: 1.10954134861628 

[[1]]
           [,1]     [,2]     [,3]      [,4]
[1,] -0.4881706 -72.4814 383.2886 -183.4642

[[2]]
[1] 5.427223


NOTE: Log Print Time:  2022-03-06 23:58:22 
NOTE: Elapsed Time in seconds: 1.10251707235972 

[[1]]
           [,1]     [,2]     [,3]      [,4]
[1,] -0.4881706 -72.4814 383.2886 -183.4642

[[2]]
[1] 5.427223


NOTE: Log Print Time:  2022-03-06 23:59:29 
NOTE: Elapsed Time in seconds: 1.10991303523382 

[[1]]
           [,1]     [,2]     [,3]      [,4]
[1,] -0.4881706 -72.4814 383.2886 -183.4642

[[2]]
[1] 5.427223


NOTE: Log Print Time:  2022-03-07 00:00:35 
NOTE: Elapsed Time in seconds: 1.10188771883647 

[[1]]
           [,1]     [,2]     [,3]      [,4]
[1,] -0.4881706 -72.4814 383.2886 -183.4642

[[2]]
[1] 5.427223


NOTE: Log Print Time:  2022-03-07 00:01:41 
NOTE: Elapsed Time in seconds: 1.09886707862218 

[[1]]
           [,1]     [,2]     [,3]      [,4]
[1,] -0.4881706 -72.4814 383.2886 -183.4642

[[2]]
[1] 5.427223


NOTE: Log Print Time:  2022-03-07 00:02:47 
NOTE: Elapsed Time in seconds: 1.10002779960632 

[[1]]
           [,1]     [,2]     [,3]      [,4]
[1,] -0.4881706 -72.4814 383.2886 -183.4642

[[2]]
[1] 5.427223


NOTE: Log Print Time:  2022-03-07 00:03:54 
NOTE: Elapsed Time in seconds: 1.1277349392573 

[[1]]
           [,1]     [,2]     [,3]      [,4]
[1,] -0.4881706 -72.4814 383.2886 -183.4642

[[2]]
[1] 5.427223


NOTE: Log Print Time:  2022-03-07 00:05:01 
NOTE: Elapsed Time in seconds: 1.10567642450333 

[[1]]
           [,1]     [,2]     [,3]      [,4]
[1,] -0.4881706 -72.4814 383.2886 -183.4642

[[2]]
[1] 5.427223


NOTE: Log Print Time:  2022-03-07 00:06:07 
NOTE: Elapsed Time in seconds: 1.10046826203664 

[[1]]
           [,1]     [,2]     [,3]      [,4]
[1,] -0.4881706 -72.4814 383.2886 -183.4642

[[2]]
[1] 5.427223


NOTE: Log Print Time:  2022-03-07 00:07:14 
NOTE: Elapsed Time in seconds: 1.11494106849035 

[[1]]
           [,1]     [,2]     [,3]      [,4]
[1,] -0.4881706 -72.4814 383.2886 -183.4642

[[2]]
[1] 5.427223


NOTE: Log Print Time:  2022-03-07 00:08:22 
NOTE: Elapsed Time in seconds: 1.13465220133464 

[[1]]
           [,1]     [,2]     [,3]      [,4]
[1,] -0.4881706 -72.4814 383.2886 -183.4642

[[2]]
[1] 5.427223


NOTE: Log Print Time:  2022-03-07 00:09:28 
NOTE: Elapsed Time in seconds: 1.11181544065475 

[[1]]
           [,1]     [,2]     [,3]      [,4]
[1,] -0.4881706 -72.4814 383.2886 -183.4642

[[2]]
[1] 5.427223


NOTE: Log Print Time:  2022-03-07 00:10:36 
NOTE: Elapsed Time in seconds: 1.12609997987747 

[[1]]
           [,1]     [,2]     [,3]      [,4]
[1,] -0.4881706 -72.4814 383.2886 -183.4642

[[2]]
[1] 5.427223


NOTE: Log Print Time:  2022-03-07 00:11:44 
NOTE: Elapsed Time in seconds: 1.12806829214096 

[[1]]
           [,1]     [,2]     [,3]      [,4]
[1,] -0.4881706 -72.4814 383.2886 -183.4642

[[2]]
[1] 5.427223


NOTE: Log Print Time:  2022-03-07 00:12:51 
NOTE: Elapsed Time in seconds: 1.11816318829854 

[[1]]
           [,1]     [,2]     [,3]      [,4]
[1,] -0.4881706 -72.4814 383.2886 -183.4642

[[2]]
[1] 5.427223


NOTE: Log Print Time:  2022-03-07 00:13:58 
NOTE: Elapsed Time in seconds: 1.11524025996526 

