========================================================================= 
Log Path: /scratch/wanglu57/job_scripts/log/2022-02-22_ga-si-I-log_ga.log 
Program Path: /scratch/wanglu57/job_scripts/2022-02-22-ga-si-I-log.R 
Working Directory: /scratch/wanglu57/job_scripts 
User Name: wanglu57 
R Version: 4.0.2 (2020-06-22) 
Machine: cdr2291.int.cedar.computecanada.ca x86_64 
Operating System: Linux 3.10.0-1160.36.2.el7.x86_64 #1 SMP Wed Jul 21 11:57:15 UTC 2021 
[1] "Base Packages: parallel stats graphics grDevices utils datasets methods\n               base \nOther Packages: doRNG_1.8.2 rngtools_1.5.2 here_1.0.1 GA_3.2.2 doParallel_1.0.16\n                iterators_1.0.13 foreach_1.5.1 "
Log Start Time: 2022-02-24 11:23:08 
========================================================================= 

[[1]]
          [,1]      [,2]    [,3]      [,4]
[1,] 0.5588249 -48.55132 264.828 -769.3579

[[2]]
[1] 2.919218


NOTE: Log Print Time:  2022-02-24 11:24:28 
NOTE: Elapsed Time in seconds: 1.34005799293518 

[[1]]
          [,1]      [,2]    [,3]      [,4]
[1,] 0.5588249 -48.55132 264.828 -769.3579

[[2]]
[1] 2.919218


NOTE: Log Print Time:  2022-02-24 11:25:31 
NOTE: Elapsed Time in seconds: 1.03523236513138 

[[1]]
          [,1]     [,2]     [,3]      [,4]
[1,] -2.722318 80.07332 67.02114 -499.7247

[[2]]
[1] 3.031205


NOTE: Log Print Time:  2022-02-24 11:26:41 
NOTE: Elapsed Time in seconds: 1.17455002864202 

[[1]]
          [,1]     [,2]     [,3]      [,4]
[1,] -1.925671 94.39379 42.34674 -424.1439

[[2]]
[1] 3.9041


NOTE: Log Print Time:  2022-02-24 11:27:59 
NOTE: Elapsed Time in seconds: 1.30482167005539 

[[1]]
          [,1]     [,2]     [,3]      [,4]
[1,] -1.925671 94.39379 42.34674 -424.1439

[[2]]
[1] 3.9041


NOTE: Log Print Time:  2022-02-24 11:29:12 
NOTE: Elapsed Time in seconds: 1.20487121343613 

[[1]]
          [,1]     [,2]     [,3]      [,4]
[1,] -1.925671 94.39379 42.34674 -424.1439

[[2]]
[1] 3.9041


NOTE: Log Print Time:  2022-02-24 11:30:40 
NOTE: Elapsed Time in seconds: 1.47263644138972 

[[1]]
          [,1]     [,2]     [,3]      [,4]
[1,] -1.925671 94.39379 42.34674 -424.1439

[[2]]
[1] 3.9041


NOTE: Log Print Time:  2022-02-24 11:32:00 
NOTE: Elapsed Time in seconds: 1.32563938697179 

[[1]]
          [,1]     [,2]     [,3]      [,4]
[1,] -1.925671 94.39379 42.34674 -424.1439

[[2]]
[1] 3.9041


NOTE: Log Print Time:  2022-02-24 11:33:13 
NOTE: Elapsed Time in seconds: 1.22412343819936 

[[1]]
          [,1]     [,2]     [,3]      [,4]
[1,] -1.925671 94.39379 42.34674 -424.1439

[[2]]
[1] 3.9041


NOTE: Log Print Time:  2022-02-24 11:34:31 
NOTE: Elapsed Time in seconds: 1.30217829942703 

[[1]]
          [,1]     [,2]     [,3]      [,4]
[1,] -1.925671 94.39379 42.34674 -424.1439

[[2]]
[1] 3.9041


NOTE: Log Print Time:  2022-02-24 11:35:49 
NOTE: Elapsed Time in seconds: 1.29216237465541 

[[1]]
          [,1]     [,2]     [,3]      [,4]
[1,] -1.925671 94.39379 42.34674 -424.1439

[[2]]
[1] 3.9041


NOTE: Log Print Time:  2022-02-24 11:37:01 
NOTE: Elapsed Time in seconds: 1.20080279906591 

[[1]]
          [,1]     [,2]     [,3]      [,4]
[1,] -1.925671 94.39379 42.34674 -424.1439

[[2]]
[1] 3.9041


NOTE: Log Print Time:  2022-02-24 11:38:14 
NOTE: Elapsed Time in seconds: 1.22023657162984 

[[1]]
          [,1]     [,2]     [,3]      [,4]
[1,] -1.925671 94.39379 42.34674 -424.1439

[[2]]
[1] 3.9041


NOTE: Log Print Time:  2022-02-24 11:39:28 
NOTE: Elapsed Time in seconds: 1.2309318502744 

[[1]]
          [,1]     [,2]     [,3]      [,4]
[1,] -1.925671 94.39379 42.34674 -424.1439

[[2]]
[1] 3.9041


NOTE: Log Print Time:  2022-02-24 11:40:41 
NOTE: Elapsed Time in seconds: 1.22663803895315 

[[1]]
          [,1]     [,2]     [,3]      [,4]
[1,] -1.925671 94.39379 42.34674 -424.1439

[[2]]
[1] 3.9041


NOTE: Log Print Time:  2022-02-24 11:42:14 
NOTE: Elapsed Time in seconds: 1.54600294828415 

[[1]]
          [,1]     [,2]     [,3]      [,4]
[1,] -1.925671 94.39379 42.34674 -424.1439

[[2]]
[1] 3.9041


NOTE: Log Print Time:  2022-02-24 11:43:26 
NOTE: Elapsed Time in seconds: 1.20287923018138 

[[1]]
          [,1]     [,2]     [,3]      [,4]
[1,] -1.925671 94.39379 42.34674 -424.1439

[[2]]
[1] 3.9041


NOTE: Log Print Time:  2022-02-24 11:44:43 
NOTE: Elapsed Time in seconds: 1.27083828051885 

[[1]]
          [,1]     [,2]     [,3]      [,4]
[1,] -1.925671 94.39379 42.34674 -424.1439

[[2]]
[1] 3.9041


NOTE: Log Print Time:  2022-02-24 11:46:00 
NOTE: Elapsed Time in seconds: 1.29513872861862 

[[1]]
          [,1]     [,2]     [,3]      [,4]
[1,] -1.925671 94.39379 42.34674 -424.1439

[[2]]
[1] 3.9041


NOTE: Log Print Time:  2022-02-24 11:47:17 
NOTE: Elapsed Time in seconds: 1.27736614147822 

[[1]]
          [,1]     [,2]     [,3]      [,4]
[1,] -1.925671 94.39379 42.34674 -424.1439

[[2]]
[1] 3.9041


NOTE: Log Print Time:  2022-02-24 11:48:33 
NOTE: Elapsed Time in seconds: 1.27212340434392 

[[1]]
         [,1]      [,2]     [,3]      [,4]
[1,] -1.45108 -6.921383 61.74214 -170.2578

[[2]]
[1] 3.976049


NOTE: Log Print Time:  2022-02-24 11:49:45 
NOTE: Elapsed Time in seconds: 1.20107074181239 

[[1]]
         [,1]      [,2]     [,3]      [,4]
[1,] -1.45108 -6.921383 61.74214 -170.2578

[[2]]
[1] 3.976049


NOTE: Log Print Time:  2022-02-24 11:50:54 
NOTE: Elapsed Time in seconds: 1.15080174605052 

[[1]]
         [,1]      [,2]     [,3]      [,4]
[1,] -1.45108 -6.921383 61.74214 -170.2578

[[2]]
[1] 3.976049


NOTE: Log Print Time:  2022-02-24 11:52:03 
NOTE: Elapsed Time in seconds: 1.13858177661896 

[[1]]
         [,1]     [,2]    [,3]      [,4]
[1,] 1.534658 85.93396 46.4765 -361.4606

[[2]]
[1] 4.214548


NOTE: Log Print Time:  2022-02-24 11:53:11 
NOTE: Elapsed Time in seconds: 1.13955449263255 

[[1]]
         [,1]     [,2]    [,3]      [,4]
[1,] 1.534658 85.93396 46.4765 -361.4606

[[2]]
[1] 4.214548


NOTE: Log Print Time:  2022-02-24 11:54:18 
NOTE: Elapsed Time in seconds: 1.10964831113815 

[[1]]
         [,1]     [,2]    [,3]      [,4]
[1,] 1.534658 85.93396 46.4765 -361.4606

[[2]]
[1] 4.214548


NOTE: Log Print Time:  2022-02-24 11:55:29 
NOTE: Elapsed Time in seconds: 1.19292860825857 

[[1]]
         [,1]     [,2]    [,3]      [,4]
[1,] 1.534658 85.93396 46.4765 -361.4606

[[2]]
[1] 4.214548


NOTE: Log Print Time:  2022-02-24 11:56:40 
NOTE: Elapsed Time in seconds: 1.18624639511108 

[[1]]
         [,1]     [,2]    [,3]      [,4]
[1,] 1.534658 85.93396 46.4765 -361.4606

[[2]]
[1] 4.214548


NOTE: Log Print Time:  2022-02-24 11:57:47 
NOTE: Elapsed Time in seconds: 1.11284732421239 

[[1]]
         [,1]     [,2]    [,3]      [,4]
[1,] 1.534658 85.93396 46.4765 -361.4606

[[2]]
[1] 4.214548


NOTE: Log Print Time:  2022-02-24 11:59:04 
NOTE: Elapsed Time in seconds: 1.28096764485041 

[[1]]
         [,1]    [,2]     [,3]      [,4]
[1,] 1.522635 79.7739 69.82985 -413.6276

[[2]]
[1] 4.225427


NOTE: Log Print Time:  2022-02-24 12:00:16 
NOTE: Elapsed Time in seconds: 1.20846162637075 

[[1]]
         [,1]    [,2]     [,3]      [,4]
[1,] 1.522635 79.7739 69.82985 -413.6276

[[2]]
[1] 4.225427


NOTE: Log Print Time:  2022-02-24 12:01:36 
NOTE: Elapsed Time in seconds: 1.32436780134837 

[[1]]
          [,1]      [,2]     [,3]      [,4]
[1,] -2.804308 -9.539919 62.88002 -147.3929

[[2]]
[1] 4.542645


NOTE: Log Print Time:  2022-02-24 12:02:53 
NOTE: Elapsed Time in seconds: 1.29079412619273 

[[1]]
          [,1]      [,2]     [,3]      [,4]
[1,] -2.804308 -9.539919 62.88002 -147.3929

[[2]]
[1] 4.542645


NOTE: Log Print Time:  2022-02-24 12:04:01 
NOTE: Elapsed Time in seconds: 1.11955586274465 

[[1]]
          [,1]      [,2]     [,3]      [,4]
[1,] -2.804308 -9.539919 62.88002 -147.3929

[[2]]
[1] 4.542645


NOTE: Log Print Time:  2022-02-24 12:05:35 
NOTE: Elapsed Time in seconds: 1.57870882749557 

[[1]]
          [,1]      [,2]     [,3]      [,4]
[1,] -2.804308 -9.539919 62.88002 -147.3929

[[2]]
[1] 4.542645


NOTE: Log Print Time:  2022-02-24 12:06:47 
NOTE: Elapsed Time in seconds: 1.19509884913762 

[[1]]
          [,1]      [,2]     [,3]      [,4]
[1,] -2.804308 -9.539919 62.88002 -147.3929

[[2]]
[1] 4.542645


NOTE: Log Print Time:  2022-02-24 12:08:15 
NOTE: Elapsed Time in seconds: 1.47443707386653 

[[1]]
          [,1]      [,2]     [,3]      [,4]
[1,] -2.804308 -9.539919 62.88002 -147.3929

[[2]]
[1] 4.542645


NOTE: Log Print Time:  2022-02-24 12:09:25 
NOTE: Elapsed Time in seconds: 1.15489700635274 

[[1]]
          [,1]      [,2]     [,3]      [,4]
[1,] -2.804308 -9.539919 62.88002 -147.3929

[[2]]
[1] 4.542645


NOTE: Log Print Time:  2022-02-24 12:10:32 
NOTE: Elapsed Time in seconds: 1.11608054240545 

[[1]]
          [,1]      [,2]     [,3]      [,4]
[1,] -2.804308 -9.539919 62.88002 -147.3929

[[2]]
[1] 4.542645


NOTE: Log Print Time:  2022-02-24 12:11:34 
NOTE: Elapsed Time in seconds: 1.03942320346832 

[[1]]
          [,1]      [,2]     [,3]      [,4]
[1,] -2.804308 -9.539919 62.88002 -147.3929

[[2]]
[1] 4.542645


NOTE: Log Print Time:  2022-02-24 12:12:42 
NOTE: Elapsed Time in seconds: 1.13844060103099 

[[1]]
          [,1]      [,2]     [,3]      [,4]
[1,] -2.804308 -9.539919 62.88002 -147.3929

[[2]]
[1] 4.542645


NOTE: Log Print Time:  2022-02-24 12:13:53 
NOTE: Elapsed Time in seconds: 1.17412605285645 

[[1]]
          [,1]      [,2]     [,3]      [,4]
[1,] -2.804308 -9.539919 62.88002 -147.3929

[[2]]
[1] 4.542645


NOTE: Log Print Time:  2022-02-24 12:15:05 
NOTE: Elapsed Time in seconds: 1.19547588030497 

[[1]]
          [,1]      [,2]     [,3]      [,4]
[1,] -2.804308 -9.539919 62.88002 -147.3929

[[2]]
[1] 4.542645


NOTE: Log Print Time:  2022-02-24 12:16:18 
NOTE: Elapsed Time in seconds: 1.21819061835607 

[[1]]
         [,1]     [,2]     [,3]      [,4]
[1,] 1.339085 78.15239 41.96581 -397.4873

[[2]]
[1] 5.018801


NOTE: Log Print Time:  2022-02-24 12:17:30 
NOTE: Elapsed Time in seconds: 1.20398086309433 

[[1]]
         [,1]     [,2]     [,3]      [,4]
[1,] 1.339085 78.15239 41.96581 -397.4873

[[2]]
[1] 5.018801


NOTE: Log Print Time:  2022-02-24 12:18:39 
NOTE: Elapsed Time in seconds: 1.15135407447815 

[[1]]
         [,1]     [,2]     [,3]      [,4]
[1,] 1.339085 78.15239 41.96581 -397.4873

[[2]]
[1] 5.018801


NOTE: Log Print Time:  2022-02-24 12:19:51 
NOTE: Elapsed Time in seconds: 1.20550661881765 

[[1]]
         [,1]     [,2]     [,3]      [,4]
[1,] 1.265353 76.28206 68.52284 -519.5887

[[2]]
[1] 5.037821


NOTE: Log Print Time:  2022-02-24 12:21:02 
NOTE: Elapsed Time in seconds: 1.18264236052831 

[[1]]
         [,1]     [,2]     [,3]      [,4]
[1,] 1.382341 74.63646 67.12673 -507.2564

[[2]]
[1] 5.128602


NOTE: Log Print Time:  2022-02-24 12:22:12 
NOTE: Elapsed Time in seconds: 1.1647442817688 

[[1]]
         [,1]     [,2]     [,3]      [,4]
[1,] 1.382341 74.63646 67.12673 -507.2564

[[2]]
[1] 5.128602


NOTE: Log Print Time:  2022-02-24 12:23:31 
NOTE: Elapsed Time in seconds: 1.31162476539612 

[[1]]
         [,1]     [,2]     [,3]      [,4]
[1,] 1.382341 74.63646 67.12673 -507.2564

[[2]]
[1] 5.128602


NOTE: Log Print Time:  2022-02-24 12:24:48 
NOTE: Elapsed Time in seconds: 1.28691399097443 

[[1]]
         [,1]     [,2]     [,3]      [,4]
[1,] 1.382341 74.63646 67.12673 -507.2564

[[2]]
[1] 5.128602


NOTE: Log Print Time:  2022-02-24 12:26:07 
NOTE: Elapsed Time in seconds: 1.31548548142115 

[[1]]
         [,1]     [,2]     [,3]      [,4]
[1,] 1.382341 74.63646 67.12673 -507.2564

[[2]]
[1] 5.128602


NOTE: Log Print Time:  2022-02-24 12:27:21 
NOTE: Elapsed Time in seconds: 1.22800951004028 

[[1]]
         [,1]     [,2]     [,3]      [,4]
[1,] 1.382341 74.63646 67.12673 -507.2564

[[2]]
[1] 5.128602


NOTE: Log Print Time:  2022-02-24 12:28:35 
NOTE: Elapsed Time in seconds: 1.24537266890208 

[[1]]
         [,1]     [,2]     [,3]      [,4]
[1,] 1.382341 74.63646 67.12673 -507.2564

[[2]]
[1] 5.128602


NOTE: Log Print Time:  2022-02-24 12:29:45 
NOTE: Elapsed Time in seconds: 1.15433087746302 

[[1]]
         [,1]     [,2]     [,3]      [,4]
[1,] 1.382341 74.63646 67.12673 -507.2564

[[2]]
[1] 5.128602


NOTE: Log Print Time:  2022-02-24 12:31:12 
NOTE: Elapsed Time in seconds: 1.46317967573802 

[[1]]
         [,1]     [,2]     [,3]      [,4]
[1,] 1.382341 74.63646 67.12673 -507.2564

[[2]]
[1] 5.128602


NOTE: Log Print Time:  2022-02-24 12:32:58 
NOTE: Elapsed Time in seconds: 1.75671418507894 

[[1]]
         [,1]     [,2]     [,3]      [,4]
[1,] 1.382341 74.63646 67.12673 -507.2564

[[2]]
[1] 5.128602


NOTE: Log Print Time:  2022-02-24 12:34:20 
NOTE: Elapsed Time in seconds: 1.36447901725769 

[[1]]
         [,1]     [,2]     [,3]      [,4]
[1,] 1.382341 74.63646 67.12673 -507.2564

[[2]]
[1] 5.128602


NOTE: Log Print Time:  2022-02-24 12:35:58 
NOTE: Elapsed Time in seconds: 1.63534757693609 

[[1]]
         [,1]     [,2]     [,3]      [,4]
[1,] 1.382341 74.63646 67.12673 -507.2564

[[2]]
[1] 5.128602


NOTE: Log Print Time:  2022-02-24 12:37:34 
NOTE: Elapsed Time in seconds: 1.60374895731608 

[[1]]
        [,1]     [,2]    [,3]      [,4]
[1,] 1.36923 74.79015 67.6127 -511.8778

[[2]]
[1] 5.132936


NOTE: Log Print Time:  2022-02-24 12:38:59 
NOTE: Elapsed Time in seconds: 1.41339150667191 

[[1]]
         [,1]     [,2]     [,3]      [,4]
[1,] 1.364828 73.36011 59.64815 -481.7912

[[2]]
[1] 5.187804


NOTE: Log Print Time:  2022-02-24 12:40:09 
NOTE: Elapsed Time in seconds: 1.17246142625809 

[[1]]
         [,1]     [,2]     [,3]      [,4]
[1,] 1.364828 73.36011 59.64815 -481.7912

[[2]]
[1] 5.187804


NOTE: Log Print Time:  2022-02-24 12:41:27 
NOTE: Elapsed Time in seconds: 1.29535484313965 

[[1]]
         [,1]     [,2]     [,3]      [,4]
[1,] 1.364828 73.36011 59.64815 -481.7912

[[2]]
[1] 5.187804


NOTE: Log Print Time:  2022-02-24 12:42:42 
NOTE: Elapsed Time in seconds: 1.24731260140737 

[[1]]
         [,1]    [,2]     [,3]      [,4]
[1,] 1.383766 79.2701 55.82784 -468.2272

[[2]]
[1] 5.24638


NOTE: Log Print Time:  2022-02-24 12:44:28 
NOTE: Elapsed Time in seconds: 1.76587380965551 

[[1]]
         [,1]    [,2]     [,3]      [,4]
[1,] 1.383766 79.2701 55.82784 -468.2272

[[2]]
[1] 5.24638


NOTE: Log Print Time:  2022-02-24 12:45:43 
NOTE: Elapsed Time in seconds: 1.25702748696009 

[[1]]
         [,1]    [,2]     [,3]      [,4]
[1,] 1.383766 79.2701 55.82784 -468.2272

[[2]]
[1] 5.24638


NOTE: Log Print Time:  2022-02-24 12:46:58 
NOTE: Elapsed Time in seconds: 1.24366395076116 

[[1]]
         [,1]     [,2]     [,3]      [,4]
[1,] 1.299435 72.85812 60.56692 -481.8257

[[2]]
[1] 5.267769


NOTE: Log Print Time:  2022-02-24 12:48:11 
NOTE: Elapsed Time in seconds: 1.22246121962865 

[[1]]
         [,1]     [,2]     [,3]      [,4]
[1,] 1.299435 72.85812 60.56692 -481.8257

[[2]]
[1] 5.267769


NOTE: Log Print Time:  2022-02-24 12:49:28 
NOTE: Elapsed Time in seconds: 1.28688852389654 

[[1]]
         [,1]     [,2]     [,3]      [,4]
[1,] 1.299435 72.85812 60.56692 -481.8257

[[2]]
[1] 5.267769


NOTE: Log Print Time:  2022-02-24 12:50:45 
NOTE: Elapsed Time in seconds: 1.27666539351145 

[[1]]
         [,1]     [,2]     [,3]      [,4]
[1,] 1.299435 72.85812 60.56692 -481.8257

[[2]]
[1] 5.267769


NOTE: Log Print Time:  2022-02-24 12:51:56 
NOTE: Elapsed Time in seconds: 1.17809756199519 

[[1]]
         [,1]     [,2]     [,3]      [,4]
[1,] 1.299435 72.85812 60.56692 -481.8257

[[2]]
[1] 5.267769


NOTE: Log Print Time:  2022-02-24 12:53:21 
NOTE: Elapsed Time in seconds: 1.41591026385625 

[[1]]
         [,1]     [,2]     [,3]      [,4]
[1,] 1.299435 72.85812 60.56692 -481.8257

[[2]]
[1] 5.267769


NOTE: Log Print Time:  2022-02-24 12:54:35 
NOTE: Elapsed Time in seconds: 1.23827730417252 

[[1]]
         [,1]     [,2]     [,3]      [,4]
[1,] 1.299435 72.85812 60.56692 -481.8257

[[2]]
[1] 5.267769


NOTE: Log Print Time:  2022-02-24 12:56:14 
NOTE: Elapsed Time in seconds: 1.65335801442464 

[[1]]
         [,1]     [,2]     [,3]      [,4]
[1,] 1.299435 72.85812 60.56692 -481.8257

[[2]]
[1] 5.267769


NOTE: Log Print Time:  2022-02-24 12:57:31 
NOTE: Elapsed Time in seconds: 1.28868978420893 

[[1]]
         [,1]     [,2]     [,3]      [,4]
[1,] 1.314371 93.04857 60.68775 -486.0014

[[2]]
[1] 5.340344


NOTE: Log Print Time:  2022-02-24 12:58:49 
NOTE: Elapsed Time in seconds: 1.29452486435572 

[[1]]
         [,1]     [,2]     [,3]      [,4]
[1,] 1.314371 93.04857 60.68775 -486.0014

[[2]]
[1] 5.340344


NOTE: Log Print Time:  2022-02-24 12:59:58 
NOTE: Elapsed Time in seconds: 1.1513964176178 

[[1]]
         [,1]     [,2]     [,3]      [,4]
[1,] 1.314371 93.04857 60.68775 -486.0014

[[2]]
[1] 5.340344


NOTE: Log Print Time:  2022-02-24 13:01:24 
NOTE: Elapsed Time in seconds: 1.43558722734451 

[[1]]
         [,1]     [,2]     [,3]      [,4]
[1,] 1.314371 93.04857 60.68775 -486.0014

[[2]]
[1] 5.340344


NOTE: Log Print Time:  2022-02-24 13:02:40 
NOTE: Elapsed Time in seconds: 1.26661182244619 

[[1]]
         [,1]     [,2]     [,3]      [,4]
[1,] 1.314371 93.04857 60.68775 -486.0014

[[2]]
[1] 5.340344


NOTE: Log Print Time:  2022-02-24 13:04:10 
NOTE: Elapsed Time in seconds: 1.50100265741348 

[[1]]
         [,1]     [,2]     [,3]      [,4]
[1,] 1.314371 93.04857 60.68775 -486.0014

[[2]]
[1] 5.340344


NOTE: Log Print Time:  2022-02-24 13:05:19 
NOTE: Elapsed Time in seconds: 1.14367083311081 

[[1]]
         [,1]     [,2]     [,3]      [,4]
[1,] 1.314371 93.04857 60.68775 -486.0014

[[2]]
[1] 5.340344


NOTE: Log Print Time:  2022-02-24 13:06:35 
NOTE: Elapsed Time in seconds: 1.2642951687177 

[[1]]
         [,1]     [,2]     [,3]      [,4]
[1,] 1.314371 93.04857 60.68775 -486.0014

[[2]]
[1] 5.340344


NOTE: Log Print Time:  2022-02-24 13:07:46 
NOTE: Elapsed Time in seconds: 1.18973440726598 

[[1]]
         [,1]     [,2]     [,3]      [,4]
[1,] 1.314371 93.04857 60.68775 -486.0014

[[2]]
[1] 5.340344


NOTE: Log Print Time:  2022-02-24 13:08:59 
NOTE: Elapsed Time in seconds: 1.21906615893046 

[[1]]
         [,1]     [,2]     [,3]      [,4]
[1,] 1.314371 93.04857 60.68775 -486.0014

[[2]]
[1] 5.340344


NOTE: Log Print Time:  2022-02-24 13:10:15 
NOTE: Elapsed Time in seconds: 1.26427776018778 

[[1]]
         [,1]     [,2]     [,3]      [,4]
[1,] 1.314371 93.04857 60.68775 -486.0014

[[2]]
[1] 5.340344


NOTE: Log Print Time:  2022-02-24 13:11:28 
NOTE: Elapsed Time in seconds: 1.21228979031245 

[[1]]
         [,1]     [,2]     [,3]      [,4]
[1,] 1.314371 93.04857 60.68775 -486.0014

[[2]]
[1] 5.340344


NOTE: Log Print Time:  2022-02-24 13:12:45 
NOTE: Elapsed Time in seconds: 1.28897108236949 

[[1]]
         [,1]     [,2]     [,3]      [,4]
[1,] 1.314371 93.04857 60.68775 -486.0014

[[2]]
[1] 5.340344


NOTE: Log Print Time:  2022-02-24 13:14:28 
NOTE: Elapsed Time in seconds: 1.70807592868805 

[[1]]
         [,1]     [,2]     [,3]      [,4]
[1,] 1.314371 93.04857 60.68775 -486.0014

[[2]]
[1] 5.340344


NOTE: Log Print Time:  2022-02-24 13:15:38 
NOTE: Elapsed Time in seconds: 1.16358060836792 

[[1]]
         [,1]     [,2]     [,3]      [,4]
[1,] 1.314371 93.04857 60.68775 -486.0014

[[2]]
[1] 5.340344


NOTE: Log Print Time:  2022-02-24 13:16:55 
NOTE: Elapsed Time in seconds: 1.29623614152273 

[[1]]
         [,1]     [,2]     [,3]      [,4]
[1,] 1.314371 93.04857 60.68775 -486.0014

[[2]]
[1] 5.340344


NOTE: Log Print Time:  2022-02-24 13:18:06 
NOTE: Elapsed Time in seconds: 1.17977947791417 

[[1]]
         [,1]     [,2]     [,3]      [,4]
[1,] 1.314371 93.04857 60.68775 -486.0014

[[2]]
[1] 5.340344


NOTE: Log Print Time:  2022-02-24 13:19:15 
NOTE: Elapsed Time in seconds: 1.15259066820145 

[[1]]
         [,1]     [,2]     [,3]      [,4]
[1,] 1.314371 93.04857 60.68775 -486.0014

[[2]]
[1] 5.340344


NOTE: Log Print Time:  2022-02-24 13:20:49 
NOTE: Elapsed Time in seconds: 1.55767620007197 

[[1]]
         [,1]     [,2]     [,3]      [,4]
[1,] 1.314371 93.04857 60.68775 -486.0014

[[2]]
[1] 5.340344


NOTE: Log Print Time:  2022-02-24 13:22:11 
NOTE: Elapsed Time in seconds: 1.37645585139592 

[[1]]
         [,1]     [,2]     [,3]      [,4]
[1,] 1.314371 93.04857 60.68775 -486.0014

[[2]]
[1] 5.340344


NOTE: Log Print Time:  2022-02-24 13:23:44 
NOTE: Elapsed Time in seconds: 1.55213998556137 

[[1]]
         [,1]     [,2]     [,3]      [,4]
[1,] 1.314371 93.04857 60.68775 -486.0014

[[2]]
[1] 5.340344


NOTE: Log Print Time:  2022-02-24 13:24:53 
NOTE: Elapsed Time in seconds: 1.13661861022313 

[[1]]
         [,1]     [,2]     [,3]      [,4]
[1,] 1.314371 93.04857 60.68775 -486.0014

[[2]]
[1] 5.340344


NOTE: Log Print Time:  2022-02-24 13:26:07 
NOTE: Elapsed Time in seconds: 1.23592478831609 

[[1]]
         [,1]     [,2]     [,3]      [,4]
[1,] 1.314371 93.04857 60.68775 -486.0014

[[2]]
[1] 5.340344


NOTE: Log Print Time:  2022-02-24 13:27:18 
NOTE: Elapsed Time in seconds: 1.1941996773084 

[[1]]
         [,1]     [,2]     [,3]      [,4]
[1,] 1.314371 93.04857 60.68775 -486.0014

[[2]]
[1] 5.340344


NOTE: Log Print Time:  2022-02-24 13:28:32 
NOTE: Elapsed Time in seconds: 1.21746623516083 

[[1]]
         [,1]     [,2]     [,3]      [,4]
[1,] 1.314371 93.04857 60.68775 -486.0014

[[2]]
[1] 5.340344


NOTE: Log Print Time:  2022-02-24 13:29:47 
NOTE: Elapsed Time in seconds: 1.25743933121363 

[[1]]
         [,1]     [,2]     [,3]      [,4]
[1,] 1.366359 92.60662 60.96685 -486.2317

[[2]]
[1] 5.350175


NOTE: Log Print Time:  2022-02-24 13:30:56 
NOTE: Elapsed Time in seconds: 1.15371699730555 

[[1]]
         [,1]     [,2]     [,3]      [,4]
[1,] 1.366359 92.60662 60.96685 -486.2317

[[2]]
[1] 5.350175


NOTE: Log Print Time:  2022-02-24 13:32:02 
NOTE: Elapsed Time in seconds: 1.09550163348516 

[[1]]
         [,1]     [,2]     [,3]      [,4]
[1,] 1.366359 92.60662 60.96685 -486.2317

[[2]]
[1] 5.350175


NOTE: Log Print Time:  2022-02-24 13:33:20 
NOTE: Elapsed Time in seconds: 1.30079876581828 

[[1]]
         [,1]     [,2]     [,3]      [,4]
[1,] 1.366359 92.60662 60.96685 -486.2317

[[2]]
[1] 5.350175


NOTE: Log Print Time:  2022-02-24 13:34:54 
NOTE: Elapsed Time in seconds: 1.5627845009168 

[[1]]
         [,1]     [,2]     [,3]      [,4]
[1,] 1.366359 92.60662 60.96685 -486.2317

[[2]]
[1] 5.350175


NOTE: Log Print Time:  2022-02-24 13:36:04 
NOTE: Elapsed Time in seconds: 1.16801451444626 

[[1]]
         [,1]     [,2]     [,3]      [,4]
[1,] 1.366359 92.60662 60.96685 -486.2317

[[2]]
[1] 5.350175


NOTE: Log Print Time:  2022-02-24 13:37:27 
NOTE: Elapsed Time in seconds: 1.39283008575439 

[[1]]
         [,1]     [,2]     [,3]      [,4]
[1,] 1.366359 92.60662 60.96685 -486.2317

[[2]]
[1] 5.350175


NOTE: Log Print Time:  2022-02-24 13:38:38 
NOTE: Elapsed Time in seconds: 1.17166833082835 

[[1]]
         [,1]     [,2]     [,3]      [,4]
[1,] 1.366359 92.60662 60.96685 -486.2317

[[2]]
[1] 5.350175


NOTE: Log Print Time:  2022-02-24 13:39:49 
NOTE: Elapsed Time in seconds: 1.18666354020437 

[[1]]
         [,1]     [,2]     [,3]      [,4]
[1,] 1.366359 92.60662 60.96685 -486.2317

[[2]]
[1] 5.350175


NOTE: Log Print Time:  2022-02-24 13:40:59 
NOTE: Elapsed Time in seconds: 1.17584309975306 

[[1]]
         [,1]     [,2]     [,3]      [,4]
[1,] 1.437849 84.79688 31.08743 -389.2612

[[2]]
[1] 5.384403


NOTE: Log Print Time:  2022-02-24 13:42:08 
NOTE: Elapsed Time in seconds: 1.13746146758397 

[[1]]
         [,1]     [,2]     [,3]      [,4]
[1,] 1.437849 84.79688 31.08743 -389.2612

[[2]]
[1] 5.384403


NOTE: Log Print Time:  2022-02-24 13:43:19 
NOTE: Elapsed Time in seconds: 1.19567039012909 

[[1]]
         [,1]     [,2]     [,3]      [,4]
[1,] 1.437849 84.79688 31.08743 -389.2612

[[2]]
[1] 5.384403


NOTE: Log Print Time:  2022-02-24 13:44:30 
NOTE: Elapsed Time in seconds: 1.1790971716245 

[[1]]
         [,1]     [,2]     [,3]      [,4]
[1,] 1.437849 84.79688 31.08743 -389.2612

[[2]]
[1] 5.384403


NOTE: Log Print Time:  2022-02-24 13:45:45 
NOTE: Elapsed Time in seconds: 1.25030528704325 

[[1]]
         [,1]     [,2]     [,3]      [,4]
[1,] 1.437849 84.79688 31.08743 -389.2612

[[2]]
[1] 5.384403


NOTE: Log Print Time:  2022-02-24 13:46:55 
NOTE: Elapsed Time in seconds: 1.16515263319015 

[[1]]
         [,1]     [,2]     [,3]      [,4]
[1,] 1.437849 84.79688 31.08743 -389.2612

[[2]]
[1] 5.384403


NOTE: Log Print Time:  2022-02-24 13:48:04 
NOTE: Elapsed Time in seconds: 1.1563760638237 

[[1]]
         [,1]     [,2]     [,3]      [,4]
[1,] 1.437849 84.79688 31.08743 -389.2612

[[2]]
[1] 5.384403


NOTE: Log Print Time:  2022-02-24 13:49:12 
NOTE: Elapsed Time in seconds: 1.12785853544871 

[[1]]
         [,1]     [,2]     [,3]      [,4]
[1,] 1.437849 84.79688 31.08743 -389.2612

[[2]]
[1] 5.384403


NOTE: Log Print Time:  2022-02-24 13:50:19 
NOTE: Elapsed Time in seconds: 1.12246331771215 

[[1]]
         [,1]     [,2]     [,3]      [,4]
[1,] 1.437849 84.79688 31.08743 -389.2612

[[2]]
[1] 5.384403


NOTE: Log Print Time:  2022-02-24 13:51:46 
NOTE: Elapsed Time in seconds: 1.43453843990962 

[[1]]
         [,1]     [,2]     [,3]      [,4]
[1,] 1.437849 84.79688 31.08743 -389.2612

[[2]]
[1] 5.384403


NOTE: Log Print Time:  2022-02-24 13:53:16 
NOTE: Elapsed Time in seconds: 1.51157735188802 

[[1]]
         [,1]     [,2]     [,3]      [,4]
[1,] 1.437849 84.79688 31.08743 -389.2612

[[2]]
[1] 5.384403


NOTE: Log Print Time:  2022-02-24 13:54:30 
NOTE: Elapsed Time in seconds: 1.22630574305852 

[[1]]
         [,1]     [,2]     [,3]      [,4]
[1,] 1.437849 84.79688 31.08743 -389.2612

[[2]]
[1] 5.384403


NOTE: Log Print Time:  2022-02-24 13:55:39 
NOTE: Elapsed Time in seconds: 1.15594704945882 

[[1]]
         [,1]     [,2]     [,3]      [,4]
[1,] 1.437849 84.79688 31.08743 -389.2612

[[2]]
[1] 5.384403


NOTE: Log Print Time:  2022-02-24 13:56:56 
NOTE: Elapsed Time in seconds: 1.28756928443909 

[[1]]
         [,1]     [,2]     [,3]      [,4]
[1,] 1.437849 84.79688 31.08743 -389.2612

[[2]]
[1] 5.384403


NOTE: Log Print Time:  2022-02-24 13:58:35 
NOTE: Elapsed Time in seconds: 1.63738976319631 

[[1]]
         [,1]     [,2]     [,3]      [,4]
[1,] 1.437849 84.79688 31.08743 -389.2612

[[2]]
[1] 5.384403


NOTE: Log Print Time:  2022-02-24 14:00:11 
NOTE: Elapsed Time in seconds: 1.60546806255976 

[[1]]
         [,1]     [,2]     [,3]      [,4]
[1,] 1.437849 84.79688 31.08743 -389.2612

[[2]]
[1] 5.384403


NOTE: Log Print Time:  2022-02-24 14:01:44 
NOTE: Elapsed Time in seconds: 1.55308232704798 

[[1]]
         [,1]     [,2]     [,3]      [,4]
[1,] 1.437849 84.79688 31.08743 -389.2612

[[2]]
[1] 5.384403


NOTE: Log Print Time:  2022-02-24 14:02:57 
NOTE: Elapsed Time in seconds: 1.21217567125956 

[[1]]
         [,1]     [,2]     [,3]      [,4]
[1,] 1.437849 84.79688 31.08743 -389.2612

[[2]]
[1] 5.384403


NOTE: Log Print Time:  2022-02-24 14:04:06 
NOTE: Elapsed Time in seconds: 1.14608306884766 

[[1]]
         [,1]     [,2]     [,3]      [,4]
[1,] 1.437849 84.79688 31.08743 -389.2612

[[2]]
[1] 5.384403


NOTE: Log Print Time:  2022-02-24 14:05:16 
NOTE: Elapsed Time in seconds: 1.1665167927742 

[[1]]
         [,1]     [,2]     [,3]      [,4]
[1,] 1.437849 84.79688 31.08743 -389.2612

[[2]]
[1] 5.384403


NOTE: Log Print Time:  2022-02-24 14:06:34 
NOTE: Elapsed Time in seconds: 1.30268809398015 

[[1]]
         [,1]     [,2]     [,3]      [,4]
[1,] 1.437849 84.79688 31.08743 -389.2612

[[2]]
[1] 5.384403


NOTE: Log Print Time:  2022-02-24 14:07:47 
NOTE: Elapsed Time in seconds: 1.22216771841049 

[[1]]
         [,1]     [,2]     [,3]      [,4]
[1,] 1.437849 84.79688 31.08743 -389.2612

[[2]]
[1] 5.384403


NOTE: Log Print Time:  2022-02-24 14:09:04 
NOTE: Elapsed Time in seconds: 1.27786570390066 

[[1]]
         [,1]     [,2]     [,3]      [,4]
[1,] 1.437849 84.79688 31.08743 -389.2612

[[2]]
[1] 5.384403


NOTE: Log Print Time:  2022-02-24 14:10:11 
NOTE: Elapsed Time in seconds: 1.12621492147446 

[[1]]
         [,1]     [,2]     [,3]      [,4]
[1,] 1.437849 84.79688 31.08743 -389.2612

[[2]]
[1] 5.384403


NOTE: Log Print Time:  2022-02-24 14:11:46 
NOTE: Elapsed Time in seconds: 1.57474753459295 

[[1]]
         [,1]     [,2]     [,3]      [,4]
[1,] 1.437849 84.79688 31.08743 -389.2612

[[2]]
[1] 5.384403


NOTE: Log Print Time:  2022-02-24 14:12:59 
NOTE: Elapsed Time in seconds: 1.2153805732727 

[[1]]
         [,1]     [,2]     [,3]      [,4]
[1,] 1.437849 84.79688 31.08743 -389.2612

[[2]]
[1] 5.384403


NOTE: Log Print Time:  2022-02-24 14:14:25 
NOTE: Elapsed Time in seconds: 1.43229216734568 

[[1]]
         [,1]     [,2]     [,3]      [,4]
[1,] 1.437849 84.79688 31.08743 -389.2612

[[2]]
[1] 5.384403


NOTE: Log Print Time:  2022-02-24 14:15:34 
NOTE: Elapsed Time in seconds: 1.14703901211421 

[[1]]
         [,1]     [,2]     [,3]      [,4]
[1,] 1.437849 84.79688 31.08743 -389.2612

[[2]]
[1] 5.384403


NOTE: Log Print Time:  2022-02-24 14:16:51 
NOTE: Elapsed Time in seconds: 1.28813069264094 

[[1]]
         [,1]     [,2]     [,3]      [,4]
[1,] 1.410138 84.10422 46.76541 -459.3489

[[2]]
[1] 5.390457


NOTE: Log Print Time:  2022-02-24 14:18:07 
NOTE: Elapsed Time in seconds: 1.26856691042582 

[[1]]
         [,1]     [,2]     [,3]      [,4]
[1,] 1.410138 84.10422 46.76541 -459.3489

[[2]]
[1] 5.390457


NOTE: Log Print Time:  2022-02-24 14:19:19 
NOTE: Elapsed Time in seconds: 1.20314625898997 

[[1]]
         [,1]     [,2]     [,3]      [,4]
[1,] 1.410138 84.10422 46.76541 -459.3489

[[2]]
[1] 5.390457


NOTE: Log Print Time:  2022-02-24 14:20:34 
NOTE: Elapsed Time in seconds: 1.24147789875666 

