========================================================================= 
Log Path: /scratch/wanglu57/job_scripts/log/2022-03-05_si-R-emp_ga.log 
Program Path: /scratch/wanglu57/job_scripts/2022-03-05_si-R-emp.R 
Working Directory: /scratch/wanglu57/job_scripts 
User Name: wanglu57 
R Version: 4.0.2 (2020-06-22) 
Machine: cdr2461.int.cedar.computecanada.ca x86_64 
Operating System: Linux 3.10.0-1160.36.2.el7.x86_64 #1 SMP Wed Jul 21 11:57:15 UTC 2021 
[1] "Base Packages: parallel stats graphics grDevices utils datasets methods\n               base \nOther Packages: doRNG_1.8.2 rngtools_1.5.2 here_1.0.1 GA_3.2.2 doParallel_1.0.16\n                iterators_1.0.13 foreach_1.5.1 "
Log Start Time: 2022-03-06 11:49:13 
========================================================================= 

[[1]]
          [,1]      [,2]     [,3]     [,4]
[1,] 0.5910099 -18.11944 66.59449 4135.851

[[2]]
[1] 6.968759


NOTE: Log Print Time:  2022-03-06 11:50:26 
NOTE: Elapsed Time in seconds: 1.22637924353282 

[[1]]
           [,1]      [,2]     [,3]      [,4]
[1,] -0.0426207 -8.539907 145.4435 -2105.467

[[2]]
[1] 7.667539


NOTE: Log Print Time:  2022-03-06 11:51:27 
NOTE: Elapsed Time in seconds: 1.01517584721247 

[[1]]
          [,1]      [,2]      [,3]    [,4]
[1,] 0.4015019 -6.129202 -38.59508 3109.37

[[2]]
[1] 7.667558


NOTE: Log Print Time:  2022-03-06 11:52:28 
NOTE: Elapsed Time in seconds: 1.01455348730087 

[[1]]
          [,1]     [,2]     [,3]     [,4]
[1,] 0.4918535 -4.46778 6.182935 214.8467

[[2]]
[1] 7.888731


NOTE: Log Print Time:  2022-03-06 11:53:31 
NOTE: Elapsed Time in seconds: 1.04865964651108 

[[1]]
            [,1]      [,2]     [,3]      [,4]
[1,] -0.05734571 -17.13614 256.1027 -2101.912

[[2]]
[1] 7.907091


NOTE: Log Print Time:  2022-03-06 11:54:33 
NOTE: Elapsed Time in seconds: 1.0292264342308 

[[1]]
            [,1]      [,2]     [,3]      [,4]
[1,] -0.03546886 -10.72251 172.0278 -2008.483

[[2]]
[1] 7.95086


NOTE: Log Print Time:  2022-03-06 11:55:34 
NOTE: Elapsed Time in seconds: 1.02560235261917 

[[1]]
          [,1]     [,2]    [,3]     [,4]
[1,] 0.3606326 -8.54964 46.2772 879.2501

[[2]]
[1] 8.015514


NOTE: Log Print Time:  2022-03-06 11:56:36 
NOTE: Elapsed Time in seconds: 1.02323455810547 

[[1]]
          [,1]     [,2]    [,3]     [,4]
[1,] 0.3606326 -8.54964 46.2772 879.2501

[[2]]
[1] 8.015514


NOTE: Log Print Time:  2022-03-06 11:57:37 
NOTE: Elapsed Time in seconds: 1.02648166418076 

[[1]]
          [,1]     [,2]    [,3]     [,4]
[1,] 0.3606326 -8.54964 46.2772 879.2501

[[2]]
[1] 8.015514


NOTE: Log Print Time:  2022-03-06 11:58:39 
NOTE: Elapsed Time in seconds: 1.02112314303716 

[[1]]
          [,1]     [,2]    [,3]     [,4]
[1,] 0.3606326 -8.54964 46.2772 879.2501

[[2]]
[1] 8.015514


NOTE: Log Print Time:  2022-03-06 11:59:40 
NOTE: Elapsed Time in seconds: 1.02295223474503 

[[1]]
          [,1]     [,2]    [,3]     [,4]
[1,] 0.3606326 -8.54964 46.2772 879.2501

[[2]]
[1] 8.015514


NOTE: Log Print Time:  2022-03-06 12:00:41 
NOTE: Elapsed Time in seconds: 1.01717482010523 

[[1]]
          [,1]     [,2]    [,3]     [,4]
[1,] 0.3606326 -8.54964 46.2772 879.2501

[[2]]
[1] 8.015514


NOTE: Log Print Time:  2022-03-06 12:01:43 
NOTE: Elapsed Time in seconds: 1.02930494944255 

[[1]]
          [,1]     [,2]    [,3]     [,4]
[1,] 0.3606326 -8.54964 46.2772 879.2501

[[2]]
[1] 8.015514


NOTE: Log Print Time:  2022-03-06 12:02:44 
NOTE: Elapsed Time in seconds: 1.02859582901001 

[[1]]
          [,1]     [,2]    [,3]     [,4]
[1,] 0.3606326 -8.54964 46.2772 879.2501

[[2]]
[1] 8.015514


NOTE: Log Print Time:  2022-03-06 12:03:47 
NOTE: Elapsed Time in seconds: 1.03471936782201 

[[1]]
          [,1]     [,2]    [,3]     [,4]
[1,] 0.3606326 -8.54964 46.2772 879.2501

[[2]]
[1] 8.015514


NOTE: Log Print Time:  2022-03-06 12:04:49 
NOTE: Elapsed Time in seconds: 1.04925926923752 

[[1]]
          [,1]     [,2]    [,3]     [,4]
[1,] 0.3606326 -8.54964 46.2772 879.2501

[[2]]
[1] 8.015514


NOTE: Log Print Time:  2022-03-06 12:05:51 
NOTE: Elapsed Time in seconds: 1.02069558699926 

[[1]]
          [,1]      [,2]     [,3]     [,4]
[1,] 0.4239076 -10.39593 80.28395 300.4686

[[2]]
[1] 8.017891


NOTE: Log Print Time:  2022-03-06 12:06:53 
NOTE: Elapsed Time in seconds: 1.03257882595062 

[[1]]
          [,1]      [,2]     [,3]     [,4]
[1,] 0.4239076 -10.39593 80.28395 300.4686

[[2]]
[1] 8.017891


NOTE: Log Print Time:  2022-03-06 12:07:54 
NOTE: Elapsed Time in seconds: 1.01560498078664 

[[1]]
          [,1]      [,2]     [,3]     [,4]
[1,] 0.3222364 -10.05108 66.73154 811.1659

[[2]]
[1] 8.019987


NOTE: Log Print Time:  2022-03-06 12:08:56 
NOTE: Elapsed Time in seconds: 1.03651210069656 

[[1]]
          [,1]      [,2]     [,3]     [,4]
[1,] 0.3222364 -10.05108 66.73154 811.1659

[[2]]
[1] 8.019987


NOTE: Log Print Time:  2022-03-06 12:09:59 
NOTE: Elapsed Time in seconds: 1.04634123643239 

[[1]]
          [,1]      [,2]     [,3]     [,4]
[1,] 0.3070408 -8.791078 64.05716 424.9745

[[2]]
[1] 8.020859


NOTE: Log Print Time:  2022-03-06 12:11:01 
NOTE: Elapsed Time in seconds: 1.03481281995773 

[[1]]
          [,1]      [,2]     [,3]     [,4]
[1,] 0.3070408 -8.791078 64.05716 424.9745

[[2]]
[1] 8.020859


NOTE: Log Print Time:  2022-03-06 12:12:02 
NOTE: Elapsed Time in seconds: 1.02464134693146 

[[1]]
          [,1]      [,2]     [,3]     [,4]
[1,] 0.3070408 -8.791078 64.05716 424.9745

[[2]]
[1] 8.020859


NOTE: Log Print Time:  2022-03-06 12:13:04 
NOTE: Elapsed Time in seconds: 1.02345257202784 

[[1]]
          [,1]      [,2]     [,3]     [,4]
[1,] 0.3070408 -8.791078 64.05716 424.9745

[[2]]
[1] 8.020859


NOTE: Log Print Time:  2022-03-06 12:14:05 
NOTE: Elapsed Time in seconds: 1.01835639079412 

[[1]]
          [,1]      [,2]     [,3]     [,4]
[1,] 0.4053314 -10.41683 78.66452 362.5407

[[2]]
[1] 8.021917


NOTE: Log Print Time:  2022-03-06 12:15:06 
NOTE: Elapsed Time in seconds: 1.02174120744069 

[[1]]
          [,1]      [,2]     [,3]     [,4]
[1,] 0.4053314 -10.41683 78.66452 362.5407

[[2]]
[1] 8.021917


NOTE: Log Print Time:  2022-03-06 12:16:07 
NOTE: Elapsed Time in seconds: 1.01386861403783 

[[1]]
          [,1]      [,2]     [,3]     [,4]
[1,] 0.4053314 -10.41683 78.66452 362.5407

[[2]]
[1] 8.021917


NOTE: Log Print Time:  2022-03-06 12:17:09 
NOTE: Elapsed Time in seconds: 1.03359610637029 

[[1]]
          [,1]      [,2]     [,3]     [,4]
[1,] 0.4053314 -10.41683 78.66452 362.5407

[[2]]
[1] 8.021917


NOTE: Log Print Time:  2022-03-06 12:18:09 
NOTE: Elapsed Time in seconds: 1.0107940753301 

[[1]]
          [,1]      [,2]     [,3]     [,4]
[1,] 0.4053314 -10.41683 78.66452 362.5407

[[2]]
[1] 8.021917


NOTE: Log Print Time:  2022-03-06 12:19:12 
NOTE: Elapsed Time in seconds: 1.04260741869609 

[[1]]
          [,1]      [,2]     [,3]     [,4]
[1,] 0.4053314 -10.41683 78.66452 362.5407

[[2]]
[1] 8.021917


NOTE: Log Print Time:  2022-03-06 12:20:13 
NOTE: Elapsed Time in seconds: 1.02373691002528 

[[1]]
          [,1]      [,2]     [,3]     [,4]
[1,] 0.4053314 -10.41683 78.66452 362.5407

[[2]]
[1] 8.021917


NOTE: Log Print Time:  2022-03-06 12:21:14 
NOTE: Elapsed Time in seconds: 1.01667915980021 

[[1]]
          [,1]      [,2]     [,3]     [,4]
[1,] 0.4053314 -10.41683 78.66452 362.5407

[[2]]
[1] 8.021917


NOTE: Log Print Time:  2022-03-06 12:22:17 
NOTE: Elapsed Time in seconds: 1.04627278248469 

[[1]]
          [,1]      [,2]     [,3]     [,4]
[1,] 0.4053314 -10.41683 78.66452 362.5407

[[2]]
[1] 8.021917


NOTE: Log Print Time:  2022-03-06 12:23:19 
NOTE: Elapsed Time in seconds: 1.02537429332733 

[[1]]
          [,1]      [,2]     [,3]     [,4]
[1,] 0.4053314 -10.41683 78.66452 362.5407

[[2]]
[1] 8.021917


NOTE: Log Print Time:  2022-03-06 12:24:20 
NOTE: Elapsed Time in seconds: 1.02110202709834 

[[1]]
          [,1]      [,2]     [,3]     [,4]
[1,] 0.4053314 -10.41683 78.66452 362.5407

[[2]]
[1] 8.021917


NOTE: Log Print Time:  2022-03-06 12:25:22 
NOTE: Elapsed Time in seconds: 1.02912604808807 

[[1]]
          [,1]      [,2]     [,3]     [,4]
[1,] 0.4053314 -10.41683 78.66452 362.5407

[[2]]
[1] 8.021917


NOTE: Log Print Time:  2022-03-06 12:26:23 
NOTE: Elapsed Time in seconds: 1.02622612714767 

[[1]]
          [,1]      [,2]     [,3]     [,4]
[1,] 0.4053314 -10.41683 78.66452 362.5407

[[2]]
[1] 8.021917


NOTE: Log Print Time:  2022-03-06 12:27:25 
NOTE: Elapsed Time in seconds: 1.02961570421855 

[[1]]
          [,1]      [,2]     [,3]     [,4]
[1,] 0.4053314 -10.41683 78.66452 362.5407

[[2]]
[1] 8.021917


NOTE: Log Print Time:  2022-03-06 12:28:26 
NOTE: Elapsed Time in seconds: 1.01816083987554 

[[1]]
          [,1]      [,2]     [,3]     [,4]
[1,] 0.4053314 -10.41683 78.66452 362.5407

[[2]]
[1] 8.021917


NOTE: Log Print Time:  2022-03-06 12:29:27 
NOTE: Elapsed Time in seconds: 1.01437769730886 

[[1]]
          [,1]      [,2]     [,3]     [,4]
[1,] 0.4053314 -10.41683 78.66452 362.5407

[[2]]
[1] 8.021917


NOTE: Log Print Time:  2022-03-06 12:30:28 
NOTE: Elapsed Time in seconds: 1.01316576798757 

[[1]]
          [,1]      [,2]     [,3]     [,4]
[1,] 0.4053314 -10.41683 78.66452 362.5407

[[2]]
[1] 8.021917


NOTE: Log Print Time:  2022-03-06 12:31:29 
NOTE: Elapsed Time in seconds: 1.02582127650579 

[[1]]
          [,1]      [,2]     [,3]     [,4]
[1,] 0.4053314 -10.41683 78.66452 362.5407

[[2]]
[1] 8.021917


NOTE: Log Print Time:  2022-03-06 12:32:31 
NOTE: Elapsed Time in seconds: 1.0237095673879 

[[1]]
          [,1]      [,2]     [,3]     [,4]
[1,] 0.4053314 -10.41683 78.66452 362.5407

[[2]]
[1] 8.021917


NOTE: Log Print Time:  2022-03-06 12:33:32 
NOTE: Elapsed Time in seconds: 1.02256456613541 

[[1]]
          [,1]      [,2]     [,3]     [,4]
[1,] 0.4053314 -10.41683 78.66452 362.5407

[[2]]
[1] 8.021917


NOTE: Log Print Time:  2022-03-06 12:34:34 
NOTE: Elapsed Time in seconds: 1.02654415369034 

[[1]]
          [,1]      [,2]     [,3]     [,4]
[1,] 0.4053314 -10.41683 78.66452 362.5407

[[2]]
[1] 8.021917


NOTE: Log Print Time:  2022-03-06 12:35:36 
NOTE: Elapsed Time in seconds: 1.03089396556218 

[[1]]
          [,1]      [,2]     [,3]     [,4]
[1,] 0.4053314 -10.41683 78.66452 362.5407

[[2]]
[1] 8.021917


NOTE: Log Print Time:  2022-03-06 12:36:38 
NOTE: Elapsed Time in seconds: 1.03355674743652 

[[1]]
          [,1]      [,2]     [,3]     [,4]
[1,] 0.4053314 -10.41683 78.66452 362.5407

[[2]]
[1] 8.021917


NOTE: Log Print Time:  2022-03-06 12:37:39 
NOTE: Elapsed Time in seconds: 1.0239626566569 

[[1]]
          [,1]      [,2]     [,3]     [,4]
[1,] 0.3677203 -10.18486 71.38502 610.4774

[[2]]
[1] 8.02203


NOTE: Log Print Time:  2022-03-06 12:38:40 
NOTE: Elapsed Time in seconds: 1.02157784303029 

[[1]]
          [,1]      [,2]     [,3]     [,4]
[1,] 0.3677203 -10.18486 71.38502 610.4774

[[2]]
[1] 8.02203


NOTE: Log Print Time:  2022-03-06 12:39:42 
NOTE: Elapsed Time in seconds: 1.02682588100433 

[[1]]
          [,1]      [,2]     [,3]     [,4]
[1,] 0.3677203 -10.18486 71.38502 610.4774

[[2]]
[1] 8.02203


NOTE: Log Print Time:  2022-03-06 12:40:43 
NOTE: Elapsed Time in seconds: 1.02021184762319 

[[1]]
          [,1]      [,2]     [,3]     [,4]
[1,] 0.3677203 -10.18486 71.38502 610.4774

[[2]]
[1] 8.02203


NOTE: Log Print Time:  2022-03-06 12:41:44 
NOTE: Elapsed Time in seconds: 1.02152041196823 

[[1]]
          [,1]      [,2]     [,3]     [,4]
[1,] 0.3677203 -10.18486 71.38502 610.4774

[[2]]
[1] 8.02203


NOTE: Log Print Time:  2022-03-06 12:42:46 
NOTE: Elapsed Time in seconds: 1.03147228956223 

[[1]]
          [,1]      [,2]     [,3]     [,4]
[1,] 0.3677203 -10.18486 71.38502 610.4774

[[2]]
[1] 8.02203


NOTE: Log Print Time:  2022-03-06 12:43:48 
NOTE: Elapsed Time in seconds: 1.02793533007304 

[[1]]
          [,1]      [,2]     [,3]     [,4]
[1,] 0.3677203 -10.18486 71.38502 610.4774

[[2]]
[1] 8.02203


NOTE: Log Print Time:  2022-03-06 12:44:49 
NOTE: Elapsed Time in seconds: 1.01701552867889 

[[1]]
          [,1]      [,2]     [,3]     [,4]
[1,] 0.3677203 -10.18486 71.38502 610.4774

[[2]]
[1] 8.02203


NOTE: Log Print Time:  2022-03-06 12:45:51 
NOTE: Elapsed Time in seconds: 1.02452889283498 

[[1]]
          [,1]      [,2]     [,3]     [,4]
[1,] 0.3677203 -10.18486 71.38502 610.4774

[[2]]
[1] 8.02203


NOTE: Log Print Time:  2022-03-06 12:46:52 
NOTE: Elapsed Time in seconds: 1.03217788139979 

[[1]]
          [,1]      [,2]     [,3]     [,4]
[1,] 0.3677203 -10.18486 71.38502 610.4774

[[2]]
[1] 8.02203


NOTE: Log Print Time:  2022-03-06 12:47:54 
NOTE: Elapsed Time in seconds: 1.03121647437414 

[[1]]
          [,1]      [,2]     [,3]     [,4]
[1,] 0.3677203 -10.18486 71.38502 610.4774

[[2]]
[1] 8.02203


NOTE: Log Print Time:  2022-03-06 12:48:56 
NOTE: Elapsed Time in seconds: 1.03365406195323 

[[1]]
          [,1]      [,2]     [,3]     [,4]
[1,] 0.3677203 -10.18486 71.38502 610.4774

[[2]]
[1] 8.02203


NOTE: Log Print Time:  2022-03-06 12:49:59 
NOTE: Elapsed Time in seconds: 1.03702233632406 

[[1]]
          [,1]      [,2]     [,3]     [,4]
[1,] 0.3677203 -10.18486 71.38502 610.4774

[[2]]
[1] 8.02203


NOTE: Log Print Time:  2022-03-06 12:51:00 
NOTE: Elapsed Time in seconds: 1.02588380972544 

[[1]]
          [,1]      [,2]     [,3]     [,4]
[1,] 0.3597002 -10.16303 74.62799 498.4723

[[2]]
[1] 8.022072


NOTE: Log Print Time:  2022-03-06 12:52:02 
NOTE: Elapsed Time in seconds: 1.02820386886597 

[[1]]
          [,1]      [,2]     [,3]     [,4]
[1,] 0.3679609 -10.10906 74.25819 476.5607

[[2]]
[1] 8.022178


NOTE: Log Print Time:  2022-03-06 12:53:04 
NOTE: Elapsed Time in seconds: 1.03053566614787 

[[1]]
          [,1]      [,2]     [,3]     [,4]
[1,] 0.3679609 -10.10906 74.25819 476.5607

[[2]]
[1] 8.022178


NOTE: Log Print Time:  2022-03-06 12:54:06 
NOTE: Elapsed Time in seconds: 1.03615925709407 

[[1]]
          [,1]      [,2]     [,3]     [,4]
[1,] 0.3679609 -10.10906 74.25819 476.5607

[[2]]
[1] 8.022178


NOTE: Log Print Time:  2022-03-06 12:55:07 
NOTE: Elapsed Time in seconds: 1.0221911350886 

[[1]]
          [,1]      [,2]     [,3]     [,4]
[1,] 0.3745219 -10.09111 72.82252 499.8565

[[2]]
[1] 8.0223


NOTE: Log Print Time:  2022-03-06 12:56:18 
NOTE: Elapsed Time in seconds: 1.18110924164454 

[[1]]
          [,1]      [,2]     [,3]     [,4]
[1,] 0.3745219 -10.09111 72.82252 499.8565

[[2]]
[1] 8.0223


NOTE: Log Print Time:  2022-03-06 12:57:20 
NOTE: Elapsed Time in seconds: 1.02694644927979 

[[1]]
          [,1]      [,2]     [,3]     [,4]
[1,] 0.3745219 -10.09111 72.82252 499.8565

[[2]]
[1] 8.0223


NOTE: Log Print Time:  2022-03-06 12:58:21 
NOTE: Elapsed Time in seconds: 1.02767963409424 

[[1]]
          [,1]      [,2]     [,3]     [,4]
[1,] 0.3745219 -10.09111 72.82252 499.8565

[[2]]
[1] 8.0223


NOTE: Log Print Time:  2022-03-06 12:59:24 
NOTE: Elapsed Time in seconds: 1.04071064392726 

[[1]]
          [,1]      [,2]     [,3]     [,4]
[1,] 0.3745219 -10.09111 72.82252 499.8565

[[2]]
[1] 8.0223


NOTE: Log Print Time:  2022-03-06 13:00:25 
NOTE: Elapsed Time in seconds: 1.02305603027344 

[[1]]
          [,1]      [,2]     [,3]     [,4]
[1,] 0.3745219 -10.09111 72.82252 499.8565

[[2]]
[1] 8.0223


NOTE: Log Print Time:  2022-03-06 13:01:27 
NOTE: Elapsed Time in seconds: 1.03043656349182 

[[1]]
          [,1]      [,2]     [,3]     [,4]
[1,] 0.3745219 -10.09111 72.82252 499.8565

[[2]]
[1] 8.0223


NOTE: Log Print Time:  2022-03-06 13:02:29 
NOTE: Elapsed Time in seconds: 1.03095808823903 

[[1]]
          [,1]      [,2]     [,3]     [,4]
[1,] 0.3745219 -10.09111 72.82252 499.8565

[[2]]
[1] 8.0223


NOTE: Log Print Time:  2022-03-06 13:03:31 
NOTE: Elapsed Time in seconds: 1.03470828533173 

[[1]]
          [,1]      [,2]     [,3]     [,4]
[1,] 0.3745219 -10.09111 72.82252 499.8565

[[2]]
[1] 8.0223


NOTE: Log Print Time:  2022-03-06 13:04:32 
NOTE: Elapsed Time in seconds: 1.02483773628871 

[[1]]
          [,1]      [,2]     [,3]     [,4]
[1,] 0.3745219 -10.09111 72.82252 499.8565

[[2]]
[1] 8.0223


NOTE: Log Print Time:  2022-03-06 13:05:34 
NOTE: Elapsed Time in seconds: 1.02346138556798 

[[1]]
          [,1]      [,2]     [,3]     [,4]
[1,] 0.3745219 -10.09111 72.82252 499.8565

[[2]]
[1] 8.0223


NOTE: Log Print Time:  2022-03-06 13:06:36 
NOTE: Elapsed Time in seconds: 1.03103526433309 

[[1]]
          [,1]      [,2]     [,3]     [,4]
[1,] 0.3745219 -10.09111 72.82252 499.8565

[[2]]
[1] 8.0223


NOTE: Log Print Time:  2022-03-06 13:07:36 
NOTE: Elapsed Time in seconds: 1.0136744817098 

[[1]]
          [,1]      [,2]     [,3]     [,4]
[1,] 0.3745219 -10.09111 72.82252 499.8565

[[2]]
[1] 8.0223


NOTE: Log Print Time:  2022-03-06 13:08:38 
NOTE: Elapsed Time in seconds: 1.02510546843211 

[[1]]
          [,1]      [,2]     [,3]     [,4]
[1,] 0.3745219 -10.09111 72.82252 499.8565

[[2]]
[1] 8.0223


NOTE: Log Print Time:  2022-03-06 13:09:40 
NOTE: Elapsed Time in seconds: 1.02975617647171 

[[1]]
          [,1]      [,2]     [,3]     [,4]
[1,] 0.3745219 -10.09111 72.82252 499.8565

[[2]]
[1] 8.0223


NOTE: Log Print Time:  2022-03-06 13:10:41 
NOTE: Elapsed Time in seconds: 1.02575143178304 

[[1]]
          [,1]      [,2]     [,3]     [,4]
[1,] 0.3745219 -10.09111 72.82252 499.8565

[[2]]
[1] 8.0223


NOTE: Log Print Time:  2022-03-06 13:11:42 
NOTE: Elapsed Time in seconds: 1.01127537886302 

[[1]]
          [,1]      [,2]     [,3]     [,4]
[1,] 0.3745219 -10.09111 72.82252 499.8565

[[2]]
[1] 8.0223


NOTE: Log Print Time:  2022-03-06 13:12:43 
NOTE: Elapsed Time in seconds: 1.02514444589615 

[[1]]
          [,1]      [,2]     [,3]     [,4]
[1,] 0.3745219 -10.09111 72.82252 499.8565

[[2]]
[1] 8.0223


NOTE: Log Print Time:  2022-03-06 13:13:45 
NOTE: Elapsed Time in seconds: 1.01782222588857 

[[1]]
          [,1]      [,2]     [,3]     [,4]
[1,] 0.3745219 -10.09111 72.82252 499.8565

[[2]]
[1] 8.0223


NOTE: Log Print Time:  2022-03-06 13:14:46 
NOTE: Elapsed Time in seconds: 1.02625242869059 

[[1]]
          [,1]      [,2]     [,3]     [,4]
[1,] 0.3745219 -10.09111 72.82252 499.8565

[[2]]
[1] 8.0223


NOTE: Log Print Time:  2022-03-06 13:15:48 
NOTE: Elapsed Time in seconds: 1.0268484433492 

[[1]]
          [,1]      [,2]     [,3]     [,4]
[1,] 0.3745219 -10.09111 72.82252 499.8565

[[2]]
[1] 8.0223


NOTE: Log Print Time:  2022-03-06 13:16:49 
NOTE: Elapsed Time in seconds: 1.02629228035609 

[[1]]
          [,1]      [,2]     [,3]     [,4]
[1,] 0.3745219 -10.09111 72.82252 499.8565

[[2]]
[1] 8.0223


NOTE: Log Print Time:  2022-03-06 13:17:51 
NOTE: Elapsed Time in seconds: 1.03577508131663 

[[1]]
          [,1]      [,2]     [,3]     [,4]
[1,] 0.3745219 -10.09111 72.82252 499.8565

[[2]]
[1] 8.0223


NOTE: Log Print Time:  2022-03-06 13:18:53 
NOTE: Elapsed Time in seconds: 1.02847633361816 

[[1]]
          [,1]      [,2]     [,3]     [,4]
[1,] 0.3745219 -10.09111 72.82252 499.8565

[[2]]
[1] 8.0223


NOTE: Log Print Time:  2022-03-06 13:19:54 
NOTE: Elapsed Time in seconds: 1.01448133389155 

[[1]]
          [,1]      [,2]     [,3]     [,4]
[1,] 0.3745219 -10.09111 72.82252 499.8565

[[2]]
[1] 8.0223


NOTE: Log Print Time:  2022-03-06 13:21:02 
NOTE: Elapsed Time in seconds: 1.13498315016429 

[[1]]
          [,1]      [,2]     [,3]     [,4]
[1,] 0.3745219 -10.09111 72.82252 499.8565

[[2]]
[1] 8.0223


NOTE: Log Print Time:  2022-03-06 13:22:03 
NOTE: Elapsed Time in seconds: 1.02038846810659 

[[1]]
          [,1]      [,2]     [,3]     [,4]
[1,] 0.3745219 -10.09111 72.82252 499.8565

[[2]]
[1] 8.0223


NOTE: Log Print Time:  2022-03-06 13:23:04 
NOTE: Elapsed Time in seconds: 1.016368552049 

[[1]]
          [,1]      [,2]     [,3]     [,4]
[1,] 0.3745219 -10.09111 72.82252 499.8565

[[2]]
[1] 8.0223


NOTE: Log Print Time:  2022-03-06 13:24:06 
NOTE: Elapsed Time in seconds: 1.02547718286514 

[[1]]
          [,1]      [,2]     [,3]     [,4]
[1,] 0.3745219 -10.09111 72.82252 499.8565

[[2]]
[1] 8.0223


NOTE: Log Print Time:  2022-03-06 13:25:07 
NOTE: Elapsed Time in seconds: 1.01704442103704 

[[1]]
          [,1]      [,2]     [,3]     [,4]
[1,] 0.3745219 -10.09111 72.82252 499.8565

[[2]]
[1] 8.0223


NOTE: Log Print Time:  2022-03-06 13:26:08 
NOTE: Elapsed Time in seconds: 1.02196483612061 

[[1]]
          [,1]      [,2]     [,3]     [,4]
[1,] 0.3745219 -10.09111 72.82252 499.8565

[[2]]
[1] 8.0223


NOTE: Log Print Time:  2022-03-06 13:27:09 
NOTE: Elapsed Time in seconds: 1.01103844642639 

[[1]]
          [,1]      [,2]     [,3]     [,4]
[1,] 0.3745219 -10.09111 72.82252 499.8565

[[2]]
[1] 8.0223


NOTE: Log Print Time:  2022-03-06 13:28:10 
NOTE: Elapsed Time in seconds: 1.02525149981181 

[[1]]
          [,1]      [,2]     [,3]     [,4]
[1,] 0.3745219 -10.09111 72.82252 499.8565

[[2]]
[1] 8.0223


NOTE: Log Print Time:  2022-03-06 13:29:12 
NOTE: Elapsed Time in seconds: 1.02755851745605 

[[1]]
          [,1]      [,2]     [,3]     [,4]
[1,] 0.3745219 -10.09111 72.82252 499.8565

[[2]]
[1] 8.0223


NOTE: Log Print Time:  2022-03-06 13:30:13 
NOTE: Elapsed Time in seconds: 1.01072134971619 

[[1]]
          [,1]      [,2]     [,3]     [,4]
[1,] 0.3745219 -10.09111 72.82252 499.8565

[[2]]
[1] 8.0223


NOTE: Log Print Time:  2022-03-06 13:31:14 
NOTE: Elapsed Time in seconds: 1.02655300299327 

[[1]]
          [,1]      [,2]     [,3]     [,4]
[1,] 0.3745219 -10.09111 72.82252 499.8565

[[2]]
[1] 8.0223


NOTE: Log Print Time:  2022-03-06 13:32:16 
NOTE: Elapsed Time in seconds: 1.02751141786575 

[[1]]
          [,1]      [,2]     [,3]     [,4]
[1,] 0.3745219 -10.09111 72.82252 499.8565

[[2]]
[1] 8.0223


NOTE: Log Print Time:  2022-03-06 13:33:17 
NOTE: Elapsed Time in seconds: 1.01132741371791 

[[1]]
          [,1]      [,2]     [,3]     [,4]
[1,] 0.3745219 -10.09111 72.82252 499.8565

[[2]]
[1] 8.0223


NOTE: Log Print Time:  2022-03-06 13:34:19 
NOTE: Elapsed Time in seconds: 1.03278190692266 

[[1]]
          [,1]      [,2]     [,3]     [,4]
[1,] 0.3745219 -10.09111 72.82252 499.8565

[[2]]
[1] 8.0223


NOTE: Log Print Time:  2022-03-06 13:35:20 
NOTE: Elapsed Time in seconds: 1.02825609048208 

[[1]]
          [,1]      [,2]     [,3]     [,4]
[1,] 0.3745219 -10.09111 72.82252 499.8565

[[2]]
[1] 8.0223


NOTE: Log Print Time:  2022-03-06 13:36:21 
NOTE: Elapsed Time in seconds: 1.01907459894816 

[[1]]
          [,1]      [,2]    [,3]     [,4]
[1,] 0.3807787 -9.980431 65.1872 712.0888

[[2]]
[1] 8.022737


NOTE: Log Print Time:  2022-03-06 13:37:23 
NOTE: Elapsed Time in seconds: 1.03092367649078 

[[1]]
          [,1]      [,2]    [,3]     [,4]
[1,] 0.3807787 -9.980431 65.1872 712.0888

[[2]]
[1] 8.022737


NOTE: Log Print Time:  2022-03-06 13:38:25 
NOTE: Elapsed Time in seconds: 1.02657554944356 

[[1]]
          [,1]      [,2]    [,3]     [,4]
[1,] 0.3807787 -9.980431 65.1872 712.0888

[[2]]
[1] 8.022737


NOTE: Log Print Time:  2022-03-06 13:39:26 
NOTE: Elapsed Time in seconds: 1.02514135440191 

[[1]]
          [,1]      [,2]    [,3]     [,4]
[1,] 0.3807787 -9.980431 65.1872 712.0888

[[2]]
[1] 8.022737


NOTE: Log Print Time:  2022-03-06 13:40:28 
NOTE: Elapsed Time in seconds: 1.02830732663472 

[[1]]
          [,1]      [,2]    [,3]     [,4]
[1,] 0.3807787 -9.980431 65.1872 712.0888

[[2]]
[1] 8.022737


NOTE: Log Print Time:  2022-03-06 13:41:30 
NOTE: Elapsed Time in seconds: 1.02392790317535 

[[1]]
          [,1]      [,2]    [,3]     [,4]
[1,] 0.3807787 -9.980431 65.1872 712.0888

[[2]]
[1] 8.022737


NOTE: Log Print Time:  2022-03-06 13:42:31 
NOTE: Elapsed Time in seconds: 1.01998871564865 

[[1]]
          [,1]      [,2]    [,3]     [,4]
[1,] 0.3807787 -9.980431 65.1872 712.0888

[[2]]
[1] 8.022737


NOTE: Log Print Time:  2022-03-06 13:43:32 
NOTE: Elapsed Time in seconds: 1.02211591005325 

[[1]]
          [,1]      [,2]    [,3]     [,4]
[1,] 0.3807787 -9.980431 65.1872 712.0888

[[2]]
[1] 8.022737


NOTE: Log Print Time:  2022-03-06 13:44:34 
NOTE: Elapsed Time in seconds: 1.02679570515951 

[[1]]
          [,1]      [,2]    [,3]     [,4]
[1,] 0.3807787 -9.980431 65.1872 712.0888

[[2]]
[1] 8.022737


NOTE: Log Print Time:  2022-03-06 13:45:34 
NOTE: Elapsed Time in seconds: 1.00854950348536 

[[1]]
          [,1]      [,2]    [,3]     [,4]
[1,] 0.3807787 -9.980431 65.1872 712.0888

[[2]]
[1] 8.022737


NOTE: Log Print Time:  2022-03-06 13:46:35 
NOTE: Elapsed Time in seconds: 1.01924657821655 

[[1]]
          [,1]      [,2]    [,3]     [,4]
[1,] 0.3807787 -9.980431 65.1872 712.0888

[[2]]
[1] 8.022737


NOTE: Log Print Time:  2022-03-06 13:47:37 
NOTE: Elapsed Time in seconds: 1.02659153540929 

[[1]]
          [,1]      [,2]    [,3]     [,4]
[1,] 0.3807787 -9.980431 65.1872 712.0888

[[2]]
[1] 8.022737


NOTE: Log Print Time:  2022-03-06 13:48:38 
NOTE: Elapsed Time in seconds: 1.02055660883586 

[[1]]
          [,1]      [,2]    [,3]     [,4]
[1,] 0.3807787 -9.980431 65.1872 712.0888

[[2]]
[1] 8.022737


NOTE: Log Print Time:  2022-03-06 13:49:40 
NOTE: Elapsed Time in seconds: 1.03150633573532 

[[1]]
          [,1]      [,2]    [,3]     [,4]
[1,] 0.3807787 -9.980431 65.1872 712.0888

[[2]]
[1] 8.022737


NOTE: Log Print Time:  2022-03-06 13:50:42 
NOTE: Elapsed Time in seconds: 1.02672520478566 

[[1]]
          [,1]      [,2]    [,3]     [,4]
[1,] 0.3807787 -9.980431 65.1872 712.0888

[[2]]
[1] 8.022737


NOTE: Log Print Time:  2022-03-06 13:51:43 
NOTE: Elapsed Time in seconds: 1.02337890466054 

[[1]]
          [,1]      [,2]    [,3]     [,4]
[1,] 0.3807787 -9.980431 65.1872 712.0888

[[2]]
[1] 8.022737


NOTE: Log Print Time:  2022-03-06 13:52:45 
NOTE: Elapsed Time in seconds: 1.03870687882106 

[[1]]
          [,1]      [,2]    [,3]     [,4]
[1,] 0.3807787 -9.980431 65.1872 712.0888

[[2]]
[1] 8.022737


NOTE: Log Print Time:  2022-03-06 13:53:47 
NOTE: Elapsed Time in seconds: 1.02829063336054 

[[1]]
          [,1]      [,2]    [,3]     [,4]
[1,] 0.3807787 -9.980431 65.1872 712.0888

[[2]]
[1] 8.022737


NOTE: Log Print Time:  2022-03-06 13:54:49 
NOTE: Elapsed Time in seconds: 1.03104644616445 

[[1]]
          [,1]      [,2]    [,3]     [,4]
[1,] 0.3807787 -9.980431 65.1872 712.0888

[[2]]
[1] 8.022737


NOTE: Log Print Time:  2022-03-06 13:55:49 
NOTE: Elapsed Time in seconds: 1.00594221353531 

[[1]]
          [,1]      [,2]    [,3]     [,4]
[1,] 0.3807787 -9.980431 65.1872 712.0888

[[2]]
[1] 8.022737


NOTE: Log Print Time:  2022-03-06 13:56:50 
NOTE: Elapsed Time in seconds: 1.01725504398346 

[[1]]
          [,1]      [,2]    [,3]     [,4]
[1,] 0.3807787 -9.980431 65.1872 712.0888

[[2]]
[1] 8.022737


NOTE: Log Print Time:  2022-03-06 13:57:51 
NOTE: Elapsed Time in seconds: 1.01385171016057 

[[1]]
          [,1]      [,2]    [,3]     [,4]
[1,] 0.3807787 -9.980431 65.1872 712.0888

[[2]]
[1] 8.022737


NOTE: Log Print Time:  2022-03-06 13:59:00 
NOTE: Elapsed Time in seconds: 1.14418261845907 

[[1]]
          [,1]      [,2]    [,3]     [,4]
[1,] 0.3807787 -9.980431 65.1872 712.0888

[[2]]
[1] 8.022737


NOTE: Log Print Time:  2022-03-06 14:00:01 
NOTE: Elapsed Time in seconds: 1.02071223656336 

[[1]]
          [,1]      [,2]    [,3]     [,4]
[1,] 0.3807787 -9.980431 65.1872 712.0888

[[2]]
[1] 8.022737


NOTE: Log Print Time:  2022-03-06 14:01:02 
NOTE: Elapsed Time in seconds: 1.0200815320015 

[[1]]
          [,1]      [,2]    [,3]     [,4]
[1,] 0.3807787 -9.980431 65.1872 712.0888

[[2]]
[1] 8.022737


NOTE: Log Print Time:  2022-03-06 14:02:04 
NOTE: Elapsed Time in seconds: 1.02760825157166 

[[1]]
          [,1]      [,2]    [,3]     [,4]
[1,] 0.3807787 -9.980431 65.1872 712.0888

[[2]]
[1] 8.022737


NOTE: Log Print Time:  2022-03-06 14:03:05 
NOTE: Elapsed Time in seconds: 1.01039831240972 

[[1]]
          [,1]      [,2]    [,3]     [,4]
[1,] 0.3807787 -9.980431 65.1872 712.0888

[[2]]
[1] 8.022737


NOTE: Log Print Time:  2022-03-06 14:04:06 
NOTE: Elapsed Time in seconds: 1.01794516642888 

[[1]]
          [,1]      [,2]    [,3]     [,4]
[1,] 0.3807787 -9.980431 65.1872 712.0888

[[2]]
[1] 8.022737


NOTE: Log Print Time:  2022-03-06 14:05:07 
NOTE: Elapsed Time in seconds: 1.01810658375422 

[[1]]
          [,1]      [,2]    [,3]     [,4]
[1,] 0.3807787 -9.980431 65.1872 712.0888

[[2]]
[1] 8.022737


NOTE: Log Print Time:  2022-03-06 14:06:08 
NOTE: Elapsed Time in seconds: 1.01939325332642 

[[1]]
          [,1]      [,2]    [,3]     [,4]
[1,] 0.3807787 -9.980431 65.1872 712.0888

[[2]]
[1] 8.022737


NOTE: Log Print Time:  2022-03-06 14:07:09 
NOTE: Elapsed Time in seconds: 1.02037876447042 

[[1]]
          [,1]      [,2]     [,3]    [,4]
[1,] 0.3949871 -9.991378 61.35751 818.492

[[2]]
[1] 8.022958


NOTE: Log Print Time:  2022-03-06 14:08:11 
NOTE: Elapsed Time in seconds: 1.02477836211522 

[[1]]
          [,1]      [,2]     [,3]    [,4]
[1,] 0.3949871 -9.991378 61.35751 818.492

[[2]]
[1] 8.022958


NOTE: Log Print Time:  2022-03-06 14:09:11 
NOTE: Elapsed Time in seconds: 1.01223959922791 

[[1]]
          [,1]      [,2]     [,3]    [,4]
[1,] 0.3949871 -9.991378 61.35751 818.492

[[2]]
[1] 8.022958


NOTE: Log Print Time:  2022-03-06 14:10:16 
NOTE: Elapsed Time in seconds: 1.07820457220078 

[[1]]
          [,1]      [,2]     [,3]    [,4]
[1,] 0.3949871 -9.991378 61.35751 818.492

[[2]]
[1] 8.022958


NOTE: Log Print Time:  2022-03-06 14:11:30 
NOTE: Elapsed Time in seconds: 1.23513498703639 

[[1]]
          [,1]      [,2]     [,3]    [,4]
[1,] 0.3949871 -9.991378 61.35751 818.492

[[2]]
[1] 8.022958


NOTE: Log Print Time:  2022-03-06 14:12:31 
NOTE: Elapsed Time in seconds: 1.01983053684235 

[[1]]
          [,1]      [,2]     [,3]    [,4]
[1,] 0.3949871 -9.991378 61.35751 818.492

[[2]]
[1] 8.022958


NOTE: Log Print Time:  2022-03-06 14:13:35 
NOTE: Elapsed Time in seconds: 1.06697545448939 

[[1]]
          [,1]      [,2]     [,3]    [,4]
[1,] 0.3949871 -9.991378 61.35751 818.492

[[2]]
[1] 8.022958


NOTE: Log Print Time:  2022-03-06 14:14:37 
NOTE: Elapsed Time in seconds: 1.0256108323733 

[[1]]
          [,1]      [,2]     [,3]    [,4]
[1,] 0.3949871 -9.991378 61.35751 818.492

[[2]]
[1] 8.022958


NOTE: Log Print Time:  2022-03-06 14:15:38 
NOTE: Elapsed Time in seconds: 1.0153050661087 

[[1]]
          [,1]      [,2]     [,3]    [,4]
[1,] 0.3949871 -9.991378 61.35751 818.492

[[2]]
[1] 8.022958


NOTE: Log Print Time:  2022-03-06 14:16:39 
NOTE: Elapsed Time in seconds: 1.02232729991277 

[[1]]
          [,1]      [,2]     [,3]    [,4]
[1,] 0.3949871 -9.991378 61.35751 818.492

[[2]]
[1] 8.022958


NOTE: Log Print Time:  2022-03-06 14:17:41 
NOTE: Elapsed Time in seconds: 1.02383972009023 

[[1]]
          [,1]      [,2]     [,3]    [,4]
[1,] 0.3949871 -9.991378 61.35751 818.492

[[2]]
[1] 8.022958


NOTE: Log Print Time:  2022-03-06 14:18:43 
NOTE: Elapsed Time in seconds: 1.04076819817225 

[[1]]
          [,1]      [,2]     [,3]    [,4]
[1,] 0.3949871 -9.991378 61.35751 818.492

[[2]]
[1] 8.022958


NOTE: Log Print Time:  2022-03-06 14:19:43 
NOTE: Elapsed Time in seconds: 1.00181555350622 

[[1]]
          [,1]      [,2]     [,3]    [,4]
[1,] 0.3949871 -9.991378 61.35751 818.492

[[2]]
[1] 8.022958


NOTE: Log Print Time:  2022-03-06 14:20:45 
NOTE: Elapsed Time in seconds: 1.03234685659409 

[[1]]
          [,1]      [,2]     [,3]    [,4]
[1,] 0.3949871 -9.991378 61.35751 818.492

[[2]]
[1] 8.022958


NOTE: Log Print Time:  2022-03-06 14:21:46 
NOTE: Elapsed Time in seconds: 1.02069805860519 

[[1]]
          [,1]      [,2]     [,3]    [,4]
[1,] 0.3949871 -9.991378 61.35751 818.492

[[2]]
[1] 8.022958


NOTE: Log Print Time:  2022-03-06 14:22:48 
NOTE: Elapsed Time in seconds: 1.0363818804423 

[[1]]
          [,1]      [,2]     [,3]    [,4]
[1,] 0.3949871 -9.991378 61.35751 818.492

[[2]]
[1] 8.022958


NOTE: Log Print Time:  2022-03-06 14:23:49 
NOTE: Elapsed Time in seconds: 1.0071286201477 

[[1]]
          [,1]      [,2]     [,3]    [,4]
[1,] 0.3949871 -9.991378 61.35751 818.492

[[2]]
[1] 8.022958


NOTE: Log Print Time:  2022-03-06 14:24:50 
NOTE: Elapsed Time in seconds: 1.02285251617432 

[[1]]
          [,1]      [,2]     [,3]    [,4]
[1,] 0.3949871 -9.991378 61.35751 818.492

[[2]]
[1] 8.022958


NOTE: Log Print Time:  2022-03-06 14:25:52 
NOTE: Elapsed Time in seconds: 1.02655020952225 

[[1]]
          [,1]      [,2]     [,3]    [,4]
[1,] 0.3949871 -9.991378 61.35751 818.492

[[2]]
[1] 8.022958


NOTE: Log Print Time:  2022-03-06 14:26:54 
NOTE: Elapsed Time in seconds: 1.03590083916982 

[[1]]
          [,1]      [,2]     [,3]    [,4]
[1,] 0.3949871 -9.991378 61.35751 818.492

[[2]]
[1] 8.022958


NOTE: Log Print Time:  2022-03-06 14:27:55 
NOTE: Elapsed Time in seconds: 1.02328807910283 

[[1]]
          [,1]      [,2]     [,3]    [,4]
[1,] 0.3949871 -9.991378 61.35751 818.492

[[2]]
[1] 8.022958


NOTE: Log Print Time:  2022-03-06 14:28:56 
NOTE: Elapsed Time in seconds: 1.01585867802302 

[[1]]
          [,1]      [,2]     [,3]    [,4]
[1,] 0.3949871 -9.991378 61.35751 818.492

[[2]]
[1] 8.022958


NOTE: Log Print Time:  2022-03-06 14:29:58 
NOTE: Elapsed Time in seconds: 1.02007502317429 

[[1]]
          [,1]      [,2]     [,3]    [,4]
[1,] 0.3949871 -9.991378 61.35751 818.492

[[2]]
[1] 8.022958


NOTE: Log Print Time:  2022-03-06 14:30:59 
NOTE: Elapsed Time in seconds: 1.02241706053416 

[[1]]
          [,1]      [,2]     [,3]    [,4]
[1,] 0.3949871 -9.991378 61.35751 818.492

[[2]]
[1] 8.022958


NOTE: Log Print Time:  2022-03-06 14:32:01 
NOTE: Elapsed Time in seconds: 1.02835382223129 

[[1]]
          [,1]      [,2]     [,3]    [,4]
[1,] 0.3949871 -9.991378 61.35751 818.492

[[2]]
[1] 8.022958


NOTE: Log Print Time:  2022-03-06 14:33:02 
NOTE: Elapsed Time in seconds: 1.02624070644379 

[[1]]
          [,1]      [,2]     [,3]    [,4]
[1,] 0.3949871 -9.991378 61.35751 818.492

[[2]]
[1] 8.022958


NOTE: Log Print Time:  2022-03-06 14:34:03 
NOTE: Elapsed Time in seconds: 1.02133168379466 

[[1]]
          [,1]      [,2]     [,3]    [,4]
[1,] 0.3949871 -9.991378 61.35751 818.492

[[2]]
[1] 8.022958


NOTE: Log Print Time:  2022-03-06 14:35:04 
NOTE: Elapsed Time in seconds: 1.01742053429286 

[[1]]
          [,1]      [,2]     [,3]     [,4]
[1,] 0.4134022 -10.13134 66.11107 675.1023

[[2]]
[1] 8.022992


NOTE: Log Print Time:  2022-03-06 14:36:07 
NOTE: Elapsed Time in seconds: 1.0341689825058 

[[1]]
          [,1]      [,2]     [,3]     [,4]
[1,] 0.4134022 -10.13134 66.11107 675.1023

[[2]]
[1] 8.022992


NOTE: Log Print Time:  2022-03-06 14:37:08 
NOTE: Elapsed Time in seconds: 1.01910296678543 

[[1]]
          [,1]      [,2]     [,3]     [,4]
[1,] 0.4134022 -10.13134 66.11107 675.1023

[[2]]
[1] 8.022992


NOTE: Log Print Time:  2022-03-06 14:38:09 
NOTE: Elapsed Time in seconds: 1.0282924135526 

[[1]]
          [,1]      [,2]     [,3]     [,4]
[1,] 0.4134022 -10.13134 66.11107 675.1023

[[2]]
[1] 8.022992


NOTE: Log Print Time:  2022-03-06 14:39:12 
NOTE: Elapsed Time in seconds: 1.03743441502253 

[[1]]
          [,1]      [,2]     [,3]     [,4]
[1,] 0.4134022 -10.13134 66.11107 675.1023

[[2]]
[1] 8.022992


NOTE: Log Print Time:  2022-03-06 14:40:12 
NOTE: Elapsed Time in seconds: 1.00433261791865 

[[1]]
          [,1]      [,2]     [,3]     [,4]
[1,] 0.4134022 -10.13134 66.11107 675.1023

[[2]]
[1] 8.022992


NOTE: Log Print Time:  2022-03-06 14:41:16 
NOTE: Elapsed Time in seconds: 1.06523862679799 

[[1]]
          [,1]      [,2]     [,3]     [,4]
[1,] 0.4134022 -10.13134 66.11107 675.1023

[[2]]
[1] 8.022992


NOTE: Log Print Time:  2022-03-06 14:42:17 
NOTE: Elapsed Time in seconds: 1.0223168293635 

[[1]]
          [,1]      [,2]     [,3]     [,4]
[1,] 0.4134022 -10.13134 66.11107 675.1023

[[2]]
[1] 8.022992


NOTE: Log Print Time:  2022-03-06 14:43:19 
NOTE: Elapsed Time in seconds: 1.02952201366425 

[[1]]
          [,1]      [,2]     [,3]     [,4]
[1,] 0.4134022 -10.13134 66.11107 675.1023

[[2]]
[1] 8.022992


NOTE: Log Print Time:  2022-03-06 14:44:21 
NOTE: Elapsed Time in seconds: 1.03104084730148 

[[1]]
          [,1]      [,2]     [,3]     [,4]
[1,] 0.4134022 -10.13134 66.11107 675.1023

[[2]]
[1] 8.022992


NOTE: Log Print Time:  2022-03-06 14:45:22 
NOTE: Elapsed Time in seconds: 1.02207271258036 

[[1]]
          [,1]      [,2]     [,3]     [,4]
[1,] 0.4134022 -10.13134 66.11107 675.1023

[[2]]
[1] 8.022992


NOTE: Log Print Time:  2022-03-06 14:46:23 
NOTE: Elapsed Time in seconds: 1.00947133700053 

[[1]]
          [,1]      [,2]     [,3]     [,4]
[1,] 0.4134022 -10.13134 66.11107 675.1023

[[2]]
[1] 8.022992


NOTE: Log Print Time:  2022-03-06 14:47:23 
NOTE: Elapsed Time in seconds: 1.00193232695262 

[[1]]
          [,1]      [,2]     [,3]     [,4]
[1,] 0.4134022 -10.13134 66.11107 675.1023

[[2]]
[1] 8.022992


NOTE: Log Print Time:  2022-03-06 14:48:24 
NOTE: Elapsed Time in seconds: 1.02508819500605 

[[1]]
          [,1]      [,2]     [,3]     [,4]
[1,] 0.4134022 -10.13134 66.11107 675.1023

[[2]]
[1] 8.022992


NOTE: Log Print Time:  2022-03-06 14:49:25 
NOTE: Elapsed Time in seconds: 1.01887084643046 

[[1]]
          [,1]      [,2]     [,3]     [,4]
[1,] 0.4134022 -10.13134 66.11107 675.1023

[[2]]
[1] 8.022992


NOTE: Log Print Time:  2022-03-06 14:50:27 
NOTE: Elapsed Time in seconds: 1.02072949806849 

[[1]]
          [,1]      [,2]     [,3]     [,4]
[1,] 0.4134022 -10.13134 66.11107 675.1023

[[2]]
[1] 8.022992


NOTE: Log Print Time:  2022-03-06 14:51:28 
NOTE: Elapsed Time in seconds: 1.02078493436178 

[[1]]
          [,1]      [,2]     [,3]     [,4]
[1,] 0.4134022 -10.13134 66.11107 675.1023

[[2]]
[1] 8.022992


NOTE: Log Print Time:  2022-03-06 14:52:29 
NOTE: Elapsed Time in seconds: 1.02628898620605 

[[1]]
          [,1]      [,2]    [,3]     [,4]
[1,] 0.4095816 -10.12499 63.7355 765.7755

[[2]]
[1] 8.023044


NOTE: Log Print Time:  2022-03-06 14:53:31 
NOTE: Elapsed Time in seconds: 1.03024478356043 

[[1]]
          [,1]     [,2]     [,3]     [,4]
[1,] 0.4141606 -10.0465 64.00444 716.4531

[[2]]
[1] 8.023081


NOTE: Log Print Time:  2022-03-06 14:54:33 
NOTE: Elapsed Time in seconds: 1.03193250099818 

[[1]]
          [,1]     [,2]     [,3]     [,4]
[1,] 0.4141606 -10.0465 64.00444 716.4531

[[2]]
[1] 8.023081


NOTE: Log Print Time:  2022-03-06 14:55:36 
NOTE: Elapsed Time in seconds: 1.04109793106715 

[[1]]
          [,1]     [,2]     [,3]     [,4]
[1,] 0.4141606 -10.0465 64.00444 716.4531

[[2]]
[1] 8.023081


NOTE: Log Print Time:  2022-03-06 14:56:37 
NOTE: Elapsed Time in seconds: 1.01804196834564 

[[1]]
          [,1]     [,2]     [,3]     [,4]
[1,] 0.4141606 -10.0465 64.00444 716.4531

[[2]]
[1] 8.023081


NOTE: Log Print Time:  2022-03-06 14:57:38 
NOTE: Elapsed Time in seconds: 1.02646959622701 

[[1]]
          [,1]     [,2]     [,3]     [,4]
[1,] 0.4141606 -10.0465 64.00444 716.4531

[[2]]
[1] 8.023081


NOTE: Log Print Time:  2022-03-06 14:58:40 
NOTE: Elapsed Time in seconds: 1.0234192331632 

[[1]]
          [,1]     [,2]     [,3]     [,4]
[1,] 0.4141606 -10.0465 64.00444 716.4531

[[2]]
[1] 8.023081


NOTE: Log Print Time:  2022-03-06 14:59:41 
NOTE: Elapsed Time in seconds: 1.01965628465017 

[[1]]
          [,1]     [,2]     [,3]     [,4]
[1,] 0.4141606 -10.0465 64.00444 716.4531

[[2]]
[1] 8.023081


NOTE: Log Print Time:  2022-03-06 15:00:43 
NOTE: Elapsed Time in seconds: 1.03126822710037 

[[1]]
          [,1]     [,2]     [,3]     [,4]
[1,] 0.4141606 -10.0465 64.00444 716.4531

[[2]]
[1] 8.023081


NOTE: Log Print Time:  2022-03-06 15:01:43 
NOTE: Elapsed Time in seconds: 1.00452549854914 

[[1]]
          [,1]     [,2]     [,3]     [,4]
[1,] 0.4141606 -10.0465 64.00444 716.4531

[[2]]
[1] 8.023081


NOTE: Log Print Time:  2022-03-06 15:02:44 
NOTE: Elapsed Time in seconds: 1.00998022556305 

[[1]]
          [,1]      [,2]     [,3]     [,4]
[1,] 0.4140767 -10.06413 64.08224 719.0081

[[2]]
[1] 8.023108


NOTE: Log Print Time:  2022-03-06 15:03:45 
NOTE: Elapsed Time in seconds: 1.01579301357269 

[[1]]
          [,1]      [,2]     [,3]     [,4]
[1,] 0.4140767 -10.06413 64.08224 719.0081

[[2]]
[1] 8.023108


NOTE: Log Print Time:  2022-03-06 15:04:46 
NOTE: Elapsed Time in seconds: 1.0208509405454 

[[1]]
          [,1]      [,2]     [,3]     [,4]
[1,] 0.4140767 -10.06413 64.08224 719.0081

[[2]]
[1] 8.023108


NOTE: Log Print Time:  2022-03-06 15:05:48 
NOTE: Elapsed Time in seconds: 1.03031690120697 

[[1]]
          [,1]      [,2]     [,3]     [,4]
[1,] 0.4140767 -10.06413 64.08224 719.0081

[[2]]
[1] 8.023108


NOTE: Log Print Time:  2022-03-06 15:06:49 
NOTE: Elapsed Time in seconds: 1.01627915700277 

[[1]]
          [,1]      [,2]     [,3]     [,4]
[1,] 0.4140767 -10.06413 64.08224 719.0081

[[2]]
[1] 8.023108


NOTE: Log Print Time:  2022-03-06 15:07:50 
NOTE: Elapsed Time in seconds: 1.02490175962448 

[[1]]
          [,1]     [,2]     [,3]     [,4]
[1,] 0.4190003 -10.0997 64.10224 722.0191

[[2]]
[1] 8.023145


NOTE: Log Print Time:  2022-03-06 15:08:52 
NOTE: Elapsed Time in seconds: 1.02726399898529 

[[1]]
          [,1]     [,2]     [,3]     [,4]
[1,] 0.4190003 -10.0997 64.10224 722.0191

[[2]]
[1] 8.023145


NOTE: Log Print Time:  2022-03-06 15:09:52 
NOTE: Elapsed Time in seconds: 1.00971261660258 

[[1]]
          [,1]     [,2]     [,3]     [,4]
[1,] 0.4190003 -10.0997 64.10224 722.0191

[[2]]
[1] 8.023145


NOTE: Log Print Time:  2022-03-06 15:10:54 
NOTE: Elapsed Time in seconds: 1.0309471487999 

[[1]]
          [,1]     [,2]     [,3]     [,4]
[1,] 0.4190003 -10.0997 64.10224 722.0191

[[2]]
[1] 8.023145


NOTE: Log Print Time:  2022-03-06 15:11:56 
NOTE: Elapsed Time in seconds: 1.02525622049967 

[[1]]
          [,1]     [,2]     [,3]     [,4]
[1,] 0.4190003 -10.0997 64.10224 722.0191

[[2]]
[1] 8.023145


NOTE: Log Print Time:  2022-03-06 15:12:56 
NOTE: Elapsed Time in seconds: 1.01107299725215 

[[1]]
          [,1]     [,2]     [,3]     [,4]
[1,] 0.4190003 -10.0997 64.10224 722.0191

[[2]]
[1] 8.023145


NOTE: Log Print Time:  2022-03-06 15:13:58 
NOTE: Elapsed Time in seconds: 1.02193834384282 

[[1]]
          [,1]     [,2]     [,3]     [,4]
[1,] 0.4190003 -10.0997 64.10224 722.0191

[[2]]
[1] 8.023145


NOTE: Log Print Time:  2022-03-06 15:14:59 
NOTE: Elapsed Time in seconds: 1.0206182718277 

[[1]]
          [,1]     [,2]     [,3]     [,4]
[1,] 0.4190003 -10.0997 64.10224 722.0191

[[2]]
[1] 8.023145


NOTE: Log Print Time:  2022-03-06 15:16:01 
NOTE: Elapsed Time in seconds: 1.02907640139262 

[[1]]
          [,1]     [,2]     [,3]     [,4]
[1,] 0.4190003 -10.0997 64.10224 722.0191

[[2]]
[1] 8.023145


NOTE: Log Print Time:  2022-03-06 15:17:02 
NOTE: Elapsed Time in seconds: 1.01984379291534 

[[1]]
          [,1]     [,2]     [,3]     [,4]
[1,] 0.4190003 -10.0997 64.10224 722.0191

[[2]]
[1] 8.023145


NOTE: Log Print Time:  2022-03-06 15:18:04 
NOTE: Elapsed Time in seconds: 1.02789518038432 

[[1]]
          [,1]     [,2]     [,3]     [,4]
[1,] 0.4190003 -10.0997 64.10224 722.0191

[[2]]
[1] 8.023145


NOTE: Log Print Time:  2022-03-06 15:19:05 
NOTE: Elapsed Time in seconds: 1.01930063565572 

[[1]]
          [,1]     [,2]     [,3]     [,4]
[1,] 0.4190003 -10.0997 64.10224 722.0191

[[2]]
[1] 8.023145


NOTE: Log Print Time:  2022-03-06 15:20:07 
NOTE: Elapsed Time in seconds: 1.04387530883153 

[[1]]
          [,1]     [,2]     [,3]     [,4]
[1,] 0.4190003 -10.0997 64.10224 722.0191

[[2]]
[1] 8.023145


NOTE: Log Print Time:  2022-03-06 15:21:08 
NOTE: Elapsed Time in seconds: 1.00911054213842 

[[1]]
          [,1]     [,2]     [,3]     [,4]
[1,] 0.4190003 -10.0997 64.10224 722.0191

[[2]]
[1] 8.023145


NOTE: Log Print Time:  2022-03-06 15:22:09 
NOTE: Elapsed Time in seconds: 1.01983036994934 

[[1]]
          [,1]     [,2]     [,3]     [,4]
[1,] 0.4190003 -10.0997 64.10224 722.0191

[[2]]
[1] 8.023145


NOTE: Log Print Time:  2022-03-06 15:23:11 
NOTE: Elapsed Time in seconds: 1.03157083193461 

[[1]]
          [,1]     [,2]     [,3]     [,4]
[1,] 0.4190003 -10.0997 64.10224 722.0191

[[2]]
[1] 8.023145


NOTE: Log Print Time:  2022-03-06 15:24:12 
NOTE: Elapsed Time in seconds: 1.02043888966242 

[[1]]
          [,1]     [,2]     [,3]     [,4]
[1,] 0.4190003 -10.0997 64.10224 722.0191

[[2]]
[1] 8.023145


NOTE: Log Print Time:  2022-03-06 15:25:14 
NOTE: Elapsed Time in seconds: 1.02622411648432 

[[1]]
          [,1]     [,2]     [,3]     [,4]
[1,] 0.4190003 -10.0997 64.10224 722.0191

[[2]]
[1] 8.023145


NOTE: Log Print Time:  2022-03-06 15:26:15 
NOTE: Elapsed Time in seconds: 1.01393314997355 

[[1]]
          [,1]     [,2]     [,3]     [,4]
[1,] 0.4190003 -10.0997 64.10224 722.0191

[[2]]
[1] 8.023145


NOTE: Log Print Time:  2022-03-06 15:27:15 
NOTE: Elapsed Time in seconds: 59.8632378578186 

[[1]]
          [,1]     [,2]     [,3]     [,4]
[1,] 0.4190003 -10.0997 64.10224 722.0191

[[2]]
[1] 8.023145


NOTE: Log Print Time:  2022-03-06 15:28:16 
NOTE: Elapsed Time in seconds: 1.02162024180094 

[[1]]
          [,1]     [,2]     [,3]     [,4]
[1,] 0.4190003 -10.0997 64.10224 722.0191

[[2]]
[1] 8.023145


NOTE: Log Print Time:  2022-03-06 15:29:15 
NOTE: Elapsed Time in seconds: 58.9878146648407 

[[1]]
          [,1]     [,2]     [,3]     [,4]
[1,] 0.4190003 -10.0997 64.10224 722.0191

[[2]]
[1] 8.023145


NOTE: Log Print Time:  2022-03-06 15:30:15 
NOTE: Elapsed Time in seconds: 59.7564382553101 

[[1]]
          [,1]      [,2]     [,3]     [,4]
[1,] 0.4834533 -10.72914 64.90252 815.7626

[[2]]
[1] 8.023515


NOTE: Log Print Time:  2022-03-06 15:31:16 
NOTE: Elapsed Time in seconds: 1.02319364547729 

[[1]]
          [,1]      [,2]     [,3]     [,4]
[1,] 0.4834533 -10.72914 64.90252 815.7626

[[2]]
[1] 8.023515


NOTE: Log Print Time:  2022-03-06 15:32:17 
NOTE: Elapsed Time in seconds: 1.01758253177007 

[[1]]
          [,1]      [,2]     [,3]     [,4]
[1,] 0.4834533 -10.72914 64.90252 815.7626

[[2]]
[1] 8.023515


NOTE: Log Print Time:  2022-03-06 15:33:18 
NOTE: Elapsed Time in seconds: 1.00971765120824 

[[1]]
          [,1]      [,2]     [,3]     [,4]
[1,] 0.4834533 -10.72914 64.90252 815.7626

[[2]]
[1] 8.023515


NOTE: Log Print Time:  2022-03-06 15:34:17 
NOTE: Elapsed Time in seconds: 59.2229137420654 

[[1]]
          [,1]      [,2]     [,3]     [,4]
[1,] 0.4834533 -10.72914 64.90252 815.7626

[[2]]
[1] 8.023515


NOTE: Log Print Time:  2022-03-06 15:35:18 
NOTE: Elapsed Time in seconds: 1.02099000612895 

[[1]]
          [,1]      [,2]     [,3]     [,4]
[1,] 0.4834533 -10.72914 64.90252 815.7626

[[2]]
[1] 8.023515


NOTE: Log Print Time:  2022-03-06 15:36:19 
NOTE: Elapsed Time in seconds: 1.00980873505274 

[[1]]
          [,1]      [,2]     [,3]     [,4]
[1,] 0.4834533 -10.72914 64.90252 815.7626

[[2]]
[1] 8.023515


NOTE: Log Print Time:  2022-03-06 15:37:20 
NOTE: Elapsed Time in seconds: 1.02080481847127 

[[1]]
          [,1]      [,2]     [,3]     [,4]
[1,] 0.4834533 -10.72914 64.90252 815.7626

[[2]]
[1] 8.023515


NOTE: Log Print Time:  2022-03-06 15:38:21 
NOTE: Elapsed Time in seconds: 1.02620569467545 

[[1]]
          [,1]      [,2]     [,3]     [,4]
[1,] 0.4834533 -10.72914 64.90252 815.7626

[[2]]
[1] 8.023515


NOTE: Log Print Time:  2022-03-06 15:39:22 
NOTE: Elapsed Time in seconds: 1.01551069418589 

[[1]]
          [,1]      [,2]     [,3]     [,4]
[1,] 0.4834533 -10.72914 64.90252 815.7626

[[2]]
[1] 8.023515


NOTE: Log Print Time:  2022-03-06 15:40:24 
NOTE: Elapsed Time in seconds: 1.02207274436951 

[[1]]
          [,1]      [,2]     [,3]     [,4]
[1,] 0.4834533 -10.72914 64.90252 815.7626

[[2]]
[1] 8.023515


NOTE: Log Print Time:  2022-03-06 15:41:26 
NOTE: Elapsed Time in seconds: 1.03265603383382 

[[1]]
          [,1]      [,2]     [,3]     [,4]
[1,] 0.4834533 -10.72914 64.90252 815.7626

[[2]]
[1] 8.023515


NOTE: Log Print Time:  2022-03-06 15:42:26 
NOTE: Elapsed Time in seconds: 1.00854819218318 

[[1]]
          [,1]      [,2]     [,3]     [,4]
[1,] 0.4834533 -10.72914 64.90252 815.7626

[[2]]
[1] 8.023515


NOTE: Log Print Time:  2022-03-06 15:43:27 
NOTE: Elapsed Time in seconds: 1.00724343856176 

[[1]]
          [,1]      [,2]     [,3]     [,4]
[1,] 0.4834533 -10.72914 64.90252 815.7626

[[2]]
[1] 8.023515


NOTE: Log Print Time:  2022-03-06 15:44:28 
NOTE: Elapsed Time in seconds: 1.01867254575094 

[[1]]
          [,1]      [,2]     [,3]     [,4]
[1,] 0.4834533 -10.72914 64.90252 815.7626

[[2]]
[1] 8.023515


NOTE: Log Print Time:  2022-03-06 15:45:29 
NOTE: Elapsed Time in seconds: 1.0203799923261 

[[1]]
          [,1]      [,2]     [,3]     [,4]
[1,] 0.4834533 -10.72914 64.90252 815.7626

[[2]]
[1] 8.023515


NOTE: Log Print Time:  2022-03-06 15:46:31 
NOTE: Elapsed Time in seconds: 1.03426926136017 

