========================================================================= 
Log Path: /scratch/wanglu57/job_scripts/log/2022-03-24_si-R-emp_ga.log 
Program Path: /scratch/wanglu57/job_scripts/2022-03-24_si-R-emp.R 
Working Directory: /scratch/wanglu57/job_scripts 
User Name: wanglu57 
R Version: 4.0.2 (2020-06-22) 
Machine: cdr1499.int.cedar.computecanada.ca x86_64 
Operating System: Linux 3.10.0-1160.53.1.el7.x86_64 #1 SMP Fri Jan 14 13:59:45 UTC 2022 
[1] "Base Packages: parallel stats graphics grDevices utils datasets methods\n               base \nOther Packages: doRNG_1.8.2 rngtools_1.5.2 here_1.0.1 GA_3.2.2 doParallel_1.0.16\n                iterators_1.0.13 foreach_1.5.1 "
Log Start Time: 2022-03-24 17:47:59 
========================================================================= 

[[1]]
           [,1]     [,2]      [,3]     [,4]
[1,] -0.9814243 67.39365 -532.5235 436.9913

[[2]]
[1] 1.694231


NOTE: Log Print Time:  2022-03-24 17:49:26 
NOTE: Elapsed Time in seconds: 1.45968172550201 

[[1]]
           [,1]      [,2]      [,3]     [,4]
[1,] -0.9309945 -2.117067 -804.2782 376.2109

[[2]]
[1] 1.704382


NOTE: Log Print Time:  2022-03-24 17:50:40 
NOTE: Elapsed Time in seconds: 1.23329608440399 

[[1]]
            [,1]      [,2]      [,3]   [,4]
[1,] -0.04119725 -5.326677 -693.2471 359.36

[[2]]
[1] 1.793824


NOTE: Log Print Time:  2022-03-24 17:51:54 
NOTE: Elapsed Time in seconds: 1.23133155107498 

[[1]]
            [,1]      [,2]      [,3]   [,4]
[1,] -0.04119725 -5.326677 -693.2471 359.36

[[2]]
[1] 1.793824


NOTE: Log Print Time:  2022-03-24 17:53:10 
NOTE: Elapsed Time in seconds: 1.26584844589233 

[[1]]
            [,1]      [,2]      [,3]   [,4]
[1,] -0.04119725 -5.326677 -693.2471 359.36

[[2]]
[1] 1.793824


NOTE: Log Print Time:  2022-03-24 17:54:19 
NOTE: Elapsed Time in seconds: 1.15302443504333 

[[1]]
           [,1]     [,2]      [,3]     [,4]
[1,] 0.02375164 -11.2626 -774.8803 417.7797

[[2]]
[1] 1.796192


NOTE: Log Print Time:  2022-03-24 17:55:33 
NOTE: Elapsed Time in seconds: 1.22522114515305 

[[1]]
           [,1]     [,2]      [,3]     [,4]
[1,] 0.02375164 -11.2626 -774.8803 417.7797

[[2]]
[1] 1.796192


NOTE: Log Print Time:  2022-03-24 17:56:41 
NOTE: Elapsed Time in seconds: 1.137156077226 

[[1]]
           [,1]     [,2]      [,3]     [,4]
[1,] 0.09920992 97.15741 -391.5715 193.3699

[[2]]
[1] 1.808931


NOTE: Log Print Time:  2022-03-24 17:57:55 
NOTE: Elapsed Time in seconds: 1.22736010154088 

[[1]]
           [,1]     [,2]      [,3]     [,4]
[1,] 0.09920992 97.15741 -391.5715 193.3699

[[2]]
[1] 1.808931


NOTE: Log Print Time:  2022-03-24 17:59:03 
NOTE: Elapsed Time in seconds: 1.1439786195755 

[[1]]
           [,1]     [,2]      [,3]     [,4]
[1,] 0.09920992 97.15741 -391.5715 193.3699

[[2]]
[1] 1.808931


NOTE: Log Print Time:  2022-03-24 18:00:17 
NOTE: Elapsed Time in seconds: 1.23163865407308 

[[1]]
           [,1]     [,2]      [,3]     [,4]
[1,] 0.09920992 97.15741 -391.5715 193.3699

[[2]]
[1] 1.808931


NOTE: Log Print Time:  2022-03-24 18:01:26 
NOTE: Elapsed Time in seconds: 1.14422094424566 

[[1]]
           [,1]     [,2]      [,3]     [,4]
[1,] 0.09920992 97.15741 -391.5715 193.3699

[[2]]
[1] 1.808931


NOTE: Log Print Time:  2022-03-24 18:02:35 
NOTE: Elapsed Time in seconds: 1.14797944625219 

[[1]]
           [,1]     [,2]      [,3]     [,4]
[1,] 0.09920992 97.15741 -391.5715 193.3699

[[2]]
[1] 1.808931


NOTE: Log Print Time:  2022-03-24 18:03:43 
NOTE: Elapsed Time in seconds: 1.14022129774094 

[[1]]
           [,1]     [,2]      [,3]     [,4]
[1,] 0.09920992 97.15741 -391.5715 193.3699

[[2]]
[1] 1.808931


NOTE: Log Print Time:  2022-03-24 18:04:52 
NOTE: Elapsed Time in seconds: 1.14261924028397 

[[1]]
           [,1]     [,2]      [,3]     [,4]
[1,] 0.09920992 97.15741 -391.5715 193.3699

[[2]]
[1] 1.808931


NOTE: Log Print Time:  2022-03-24 18:06:00 
NOTE: Elapsed Time in seconds: 1.14404242833455 

[[1]]
           [,1]     [,2]      [,3]     [,4]
[1,] 0.09920992 97.15741 -391.5715 193.3699

[[2]]
[1] 1.808931


NOTE: Log Print Time:  2022-03-24 18:07:14 
NOTE: Elapsed Time in seconds: 1.22462705373764 

[[1]]
           [,1]     [,2]      [,3]     [,4]
[1,] 0.09920992 97.15741 -391.5715 193.3699

[[2]]
[1] 1.808931


NOTE: Log Print Time:  2022-03-24 18:08:23 
NOTE: Elapsed Time in seconds: 1.15183079242706 

[[1]]
           [,1]     [,2]      [,3]     [,4]
[1,] 0.09920992 97.15741 -391.5715 193.3699

[[2]]
[1] 1.808931


NOTE: Log Print Time:  2022-03-24 18:09:31 
NOTE: Elapsed Time in seconds: 1.12934290568034 

[[1]]
           [,1]     [,2]      [,3]     [,4]
[1,] 0.09920992 97.15741 -391.5715 193.3699

[[2]]
[1] 1.808931


NOTE: Log Print Time:  2022-03-24 18:10:44 
NOTE: Elapsed Time in seconds: 1.22138202985128 

[[1]]
           [,1]     [,2]      [,3]     [,4]
[1,] 0.09920992 97.15741 -391.5715 193.3699

[[2]]
[1] 1.808931


NOTE: Log Print Time:  2022-03-24 18:11:59 
NOTE: Elapsed Time in seconds: 1.2437249938647 

[[1]]
           [,1]     [,2]      [,3]     [,4]
[1,] 0.09920992 97.15741 -391.5715 193.3699

[[2]]
[1] 1.808931


NOTE: Log Print Time:  2022-03-24 18:13:14 
NOTE: Elapsed Time in seconds: 1.25250476996104 

[[1]]
           [,1]     [,2]      [,3]     [,4]
[1,] 0.09920992 97.15741 -391.5715 193.3699

[[2]]
[1] 1.808931


NOTE: Log Print Time:  2022-03-24 18:14:29 
NOTE: Elapsed Time in seconds: 1.24991729259491 

[[1]]
           [,1]     [,2]      [,3]     [,4]
[1,] 0.09920992 97.15741 -391.5715 193.3699

[[2]]
[1] 1.808931


NOTE: Log Print Time:  2022-03-24 18:15:38 
NOTE: Elapsed Time in seconds: 1.14707165956497 

[[1]]
           [,1]     [,2]      [,3]     [,4]
[1,] 0.09920992 97.15741 -391.5715 193.3699

[[2]]
[1] 1.808931


NOTE: Log Print Time:  2022-03-24 18:16:52 
NOTE: Elapsed Time in seconds: 1.23837607304255 

[[1]]
           [,1]     [,2]      [,3]     [,4]
[1,] 0.09920992 97.15741 -391.5715 193.3699

[[2]]
[1] 1.808931


NOTE: Log Print Time:  2022-03-24 18:18:06 
NOTE: Elapsed Time in seconds: 1.23198312918345 

[[1]]
           [,1]     [,2]      [,3]     [,4]
[1,] 0.09920992 97.15741 -391.5715 193.3699

[[2]]
[1] 1.808931


NOTE: Log Print Time:  2022-03-24 18:19:15 
NOTE: Elapsed Time in seconds: 1.14546134471893 

[[1]]
           [,1]     [,2]      [,3]     [,4]
[1,] 0.09920992 97.15741 -391.5715 193.3699

[[2]]
[1] 1.808931


NOTE: Log Print Time:  2022-03-24 18:20:29 
NOTE: Elapsed Time in seconds: 1.24764406283696 

[[1]]
           [,1]     [,2]      [,3]     [,4]
[1,] 0.09920992 97.15741 -391.5715 193.3699

[[2]]
[1] 1.808931


NOTE: Log Print Time:  2022-03-24 18:21:42 
NOTE: Elapsed Time in seconds: 1.21187016566594 

[[1]]
           [,1]     [,2]      [,3]     [,4]
[1,] 0.09920992 97.15741 -391.5715 193.3699

[[2]]
[1] 1.808931


NOTE: Log Print Time:  2022-03-24 18:22:50 
NOTE: Elapsed Time in seconds: 1.13504806756973 

[[1]]
           [,1]     [,2]      [,3]     [,4]
[1,] 0.09920992 97.15741 -391.5715 193.3699

[[2]]
[1] 1.808931


NOTE: Log Print Time:  2022-03-24 18:24:03 
NOTE: Elapsed Time in seconds: 1.21736644903819 

[[1]]
           [,1]     [,2]      [,3]     [,4]
[1,] 0.09920992 97.15741 -391.5715 193.3699

[[2]]
[1] 1.808931


NOTE: Log Print Time:  2022-03-24 18:25:12 
NOTE: Elapsed Time in seconds: 1.13995075623194 

[[1]]
           [,1]     [,2]      [,3]     [,4]
[1,] 0.09920992 97.15741 -391.5715 193.3699

[[2]]
[1] 1.808931


NOTE: Log Print Time:  2022-03-24 18:26:27 
NOTE: Elapsed Time in seconds: 1.25013101498286 

[[1]]
           [,1]     [,2]      [,3]     [,4]
[1,] 0.09920992 97.15741 -391.5715 193.3699

[[2]]
[1] 1.808931


NOTE: Log Print Time:  2022-03-24 18:27:35 
NOTE: Elapsed Time in seconds: 1.14002543290456 

[[1]]
           [,1]     [,2]      [,3]     [,4]
[1,] 0.09920992 97.15741 -391.5715 193.3699

[[2]]
[1] 1.808931


NOTE: Log Print Time:  2022-03-24 18:28:48 
NOTE: Elapsed Time in seconds: 1.21426972150803 

[[1]]
           [,1]     [,2]      [,3]     [,4]
[1,] 0.09920992 97.15741 -391.5715 193.3699

[[2]]
[1] 1.808931


NOTE: Log Print Time:  2022-03-24 18:30:03 
NOTE: Elapsed Time in seconds: 1.24409031470617 

[[1]]
           [,1]     [,2]      [,3]     [,4]
[1,] 0.09920992 97.15741 -391.5715 193.3699

[[2]]
[1] 1.808931


NOTE: Log Print Time:  2022-03-24 18:31:11 
NOTE: Elapsed Time in seconds: 1.14208712180456 

[[1]]
           [,1]     [,2]      [,3]     [,4]
[1,] 0.09920992 97.15741 -391.5715 193.3699

[[2]]
[1] 1.808931


NOTE: Log Print Time:  2022-03-24 18:32:24 
NOTE: Elapsed Time in seconds: 1.22203603188197 

[[1]]
           [,1]     [,2]      [,3]     [,4]
[1,] 0.09920992 97.15741 -391.5715 193.3699

[[2]]
[1] 1.808931


NOTE: Log Print Time:  2022-03-24 18:33:39 
NOTE: Elapsed Time in seconds: 1.24170102675756 

[[1]]
           [,1]     [,2]      [,3]     [,4]
[1,] 0.09920992 97.15741 -391.5715 193.3699

[[2]]
[1] 1.808931


NOTE: Log Print Time:  2022-03-24 18:34:47 
NOTE: Elapsed Time in seconds: 1.13243726889292 

[[1]]
           [,1]     [,2]      [,3]     [,4]
[1,] 0.09920992 97.15741 -391.5715 193.3699

[[2]]
[1] 1.808931


NOTE: Log Print Time:  2022-03-24 18:35:54 
NOTE: Elapsed Time in seconds: 1.125022204717 

[[1]]
           [,1]     [,2]      [,3]     [,4]
[1,] 0.09920992 97.15741 -391.5715 193.3699

[[2]]
[1] 1.808931


NOTE: Log Print Time:  2022-03-24 18:37:10 
NOTE: Elapsed Time in seconds: 1.26828259627024 

[[1]]
           [,1]     [,2]      [,3]     [,4]
[1,] 0.09920992 97.15741 -391.5715 193.3699

[[2]]
[1] 1.808931


NOTE: Log Print Time:  2022-03-24 18:38:24 
NOTE: Elapsed Time in seconds: 1.23132752974828 

[[1]]
           [,1]     [,2]      [,3]     [,4]
[1,] 0.09920992 97.15741 -391.5715 193.3699

[[2]]
[1] 1.808931


NOTE: Log Print Time:  2022-03-24 18:39:37 
NOTE: Elapsed Time in seconds: 1.21462897062302 

[[1]]
           [,1]     [,2]      [,3]     [,4]
[1,] 0.09920992 97.15741 -391.5715 193.3699

[[2]]
[1] 1.808931


NOTE: Log Print Time:  2022-03-24 18:40:52 
NOTE: Elapsed Time in seconds: 1.24282528559367 

[[1]]
          [,1]     [,2]      [,3]     [,4]
[1,] 0.9602839 97.15741 -391.5715 193.3699

[[2]]
[1] 1.812338


NOTE: Log Print Time:  2022-03-24 18:42:06 
NOTE: Elapsed Time in seconds: 1.24065489371618 

[[1]]
          [,1]     [,2]      [,3]     [,4]
[1,] 0.9602839 97.15741 -391.5715 193.3699

[[2]]
[1] 1.812338


NOTE: Log Print Time:  2022-03-24 18:43:15 
NOTE: Elapsed Time in seconds: 1.13907046318054 

[[1]]
          [,1]     [,2]      [,3]     [,4]
[1,] 0.9602839 97.15741 -391.5715 193.3699

[[2]]
[1] 1.812338


NOTE: Log Print Time:  2022-03-24 18:44:23 
NOTE: Elapsed Time in seconds: 1.1459596157074 

[[1]]
          [,1]     [,2]      [,3]     [,4]
[1,] 0.9602839 97.15741 -391.5715 193.3699

[[2]]
[1] 1.812338


NOTE: Log Print Time:  2022-03-24 18:45:38 
NOTE: Elapsed Time in seconds: 1.23973931074142 

[[1]]
          [,1]     [,2]      [,3]     [,4]
[1,] 0.9602839 97.15741 -391.5715 193.3699

[[2]]
[1] 1.812338


NOTE: Log Print Time:  2022-03-24 18:46:46 
NOTE: Elapsed Time in seconds: 1.13291522264481 

[[1]]
          [,1]     [,2]      [,3]     [,4]
[1,] 0.9602839 97.15741 -391.5715 193.3699

[[2]]
[1] 1.812338


NOTE: Log Print Time:  2022-03-24 18:47:54 
NOTE: Elapsed Time in seconds: 1.131827100118 

[[1]]
          [,1]     [,2]      [,3]     [,4]
[1,] 0.9602839 97.15741 -391.5715 193.3699

[[2]]
[1] 1.812338


NOTE: Log Print Time:  2022-03-24 18:49:05 
NOTE: Elapsed Time in seconds: 1.19406384627024 

[[1]]
          [,1]     [,2]      [,3]     [,4]
[1,] 0.9602839 97.15741 -391.5715 193.3699

[[2]]
[1] 1.812338


NOTE: Log Print Time:  2022-03-24 18:50:19 
NOTE: Elapsed Time in seconds: 1.23064209222794 

[[1]]
          [,1]     [,2]      [,3]     [,4]
[1,] 0.9602839 97.15741 -391.5715 193.3699

[[2]]
[1] 1.812338


NOTE: Log Print Time:  2022-03-24 18:51:27 
NOTE: Elapsed Time in seconds: 1.13817363977432 

[[1]]
          [,1]     [,2]      [,3]     [,4]
[1,] 0.9602839 97.15741 -391.5715 193.3699

[[2]]
[1] 1.812338


NOTE: Log Print Time:  2022-03-24 18:52:37 
NOTE: Elapsed Time in seconds: 1.15464407205582 

[[1]]
          [,1]     [,2]      [,3]     [,4]
[1,] 0.9602839 97.15741 -391.5715 193.3699

[[2]]
[1] 1.812338


NOTE: Log Print Time:  2022-03-24 18:53:48 
NOTE: Elapsed Time in seconds: 1.19738977750142 

[[1]]
          [,1]     [,2]      [,3]     [,4]
[1,] 0.9602839 97.15741 -391.5715 193.3699

[[2]]
[1] 1.812338


NOTE: Log Print Time:  2022-03-24 18:55:03 
NOTE: Elapsed Time in seconds: 1.23940140803655 

[[1]]
          [,1]     [,2]      [,3]     [,4]
[1,] 0.9602839 97.15741 -391.5715 193.3699

[[2]]
[1] 1.812338


NOTE: Log Print Time:  2022-03-24 18:56:18 
NOTE: Elapsed Time in seconds: 1.24501268068949 

[[1]]
          [,1]     [,2]      [,3]     [,4]
[1,] 0.9602839 97.15741 -391.5715 193.3699

[[2]]
[1] 1.812338


NOTE: Log Print Time:  2022-03-24 18:57:33 
NOTE: Elapsed Time in seconds: 1.25718208551407 

[[1]]
          [,1]     [,2]      [,3]     [,4]
[1,] 0.9602839 97.15741 -391.5715 193.3699

[[2]]
[1] 1.812338


NOTE: Log Print Time:  2022-03-24 18:58:49 
NOTE: Elapsed Time in seconds: 1.26779356002808 

[[1]]
          [,1]     [,2]      [,3]     [,4]
[1,] 0.9602839 97.15741 -391.5715 193.3699

[[2]]
[1] 1.812338


NOTE: Log Print Time:  2022-03-24 19:00:03 
NOTE: Elapsed Time in seconds: 1.2358302116394 

[[1]]
          [,1]     [,2]      [,3]     [,4]
[1,] 0.9602839 97.15741 -391.5715 193.3699

[[2]]
[1] 1.812338


NOTE: Log Print Time:  2022-03-24 19:01:18 
NOTE: Elapsed Time in seconds: 1.24496562480927 

[[1]]
          [,1]     [,2]      [,3]     [,4]
[1,] 0.9602839 97.15741 -391.5715 193.3699

[[2]]
[1] 1.812338


NOTE: Log Print Time:  2022-03-24 19:02:33 
NOTE: Elapsed Time in seconds: 1.24895720084508 

[[1]]
          [,1]     [,2]      [,3]     [,4]
[1,] 0.9602839 97.15741 -391.5715 193.3699

[[2]]
[1] 1.812338


NOTE: Log Print Time:  2022-03-24 19:03:48 
NOTE: Elapsed Time in seconds: 1.25841720104218 

[[1]]
          [,1]     [,2]      [,3]     [,4]
[1,] 0.9602839 97.15741 -391.5715 193.3699

[[2]]
[1] 1.812338


NOTE: Log Print Time:  2022-03-24 19:05:04 
NOTE: Elapsed Time in seconds: 1.255999314785 

[[1]]
          [,1]     [,2]      [,3]     [,4]
[1,] 0.9602839 97.15741 -391.5715 193.3699

[[2]]
[1] 1.812338


NOTE: Log Print Time:  2022-03-24 19:06:13 
NOTE: Elapsed Time in seconds: 1.15827758312225 

[[1]]
          [,1]     [,2]      [,3]     [,4]
[1,] 0.9602839 97.15741 -391.5715 193.3699

[[2]]
[1] 1.812338


NOTE: Log Print Time:  2022-03-24 19:07:27 
NOTE: Elapsed Time in seconds: 1.22639516194661 

[[1]]
          [,1]     [,2]      [,3]     [,4]
[1,] 0.9602839 97.15741 -391.5715 193.3699

[[2]]
[1] 1.812338


NOTE: Log Print Time:  2022-03-24 19:08:42 
NOTE: Elapsed Time in seconds: 1.24713741540909 

[[1]]
          [,1]     [,2]      [,3]     [,4]
[1,] 0.9602839 97.15741 -391.5715 193.3699

[[2]]
[1] 1.812338


NOTE: Log Print Time:  2022-03-24 19:09:58 
NOTE: Elapsed Time in seconds: 1.26763339440028 

[[1]]
          [,1]     [,2]      [,3]     [,4]
[1,] 0.9602839 97.15741 -391.5715 193.3699

[[2]]
[1] 1.812338


NOTE: Log Print Time:  2022-03-24 19:11:07 
NOTE: Elapsed Time in seconds: 1.15154385566711 

[[1]]
          [,1]     [,2]      [,3]     [,4]
[1,] 0.9602839 97.15741 -391.5715 193.3699

[[2]]
[1] 1.812338


NOTE: Log Print Time:  2022-03-24 19:12:14 
NOTE: Elapsed Time in seconds: 1.12613902886709 

[[1]]
          [,1]     [,2]      [,3]     [,4]
[1,] 0.9602839 97.15741 -391.5715 193.3699

[[2]]
[1] 1.812338


NOTE: Log Print Time:  2022-03-24 19:13:30 
NOTE: Elapsed Time in seconds: 1.25433459679286 

[[1]]
          [,1]     [,2]      [,3]     [,4]
[1,] 0.9602839 97.15741 -391.5715 193.3699

[[2]]
[1] 1.812338


NOTE: Log Print Time:  2022-03-24 19:14:45 
NOTE: Elapsed Time in seconds: 1.25035345951716 

[[1]]
          [,1]     [,2]      [,3]     [,4]
[1,] 0.9602839 97.15741 -391.5715 193.3699

[[2]]
[1] 1.812338


NOTE: Log Print Time:  2022-03-24 19:15:53 
NOTE: Elapsed Time in seconds: 1.13629228274028 

[[1]]
          [,1]     [,2]      [,3]     [,4]
[1,] 0.9602839 97.15741 -391.5715 193.3699

[[2]]
[1] 1.812338


NOTE: Log Print Time:  2022-03-24 19:17:01 
NOTE: Elapsed Time in seconds: 1.14364068905512 

[[1]]
          [,1]     [,2]      [,3]     [,4]
[1,] 0.9602839 97.15741 -391.5715 193.3699

[[2]]
[1] 1.812338


NOTE: Log Print Time:  2022-03-24 19:18:16 
NOTE: Elapsed Time in seconds: 1.24751625458399 

[[1]]
          [,1]     [,2]      [,3]     [,4]
[1,] 0.9602839 97.15741 -391.5715 193.3699

[[2]]
[1] 1.812338


NOTE: Log Print Time:  2022-03-24 19:19:24 
NOTE: Elapsed Time in seconds: 1.12664745648702 

[[1]]
          [,1]     [,2]      [,3]     [,4]
[1,] 0.9602839 97.15741 -391.5715 193.3699

[[2]]
[1] 1.812338


NOTE: Log Print Time:  2022-03-24 19:20:33 
NOTE: Elapsed Time in seconds: 1.1464918812116 

[[1]]
          [,1]     [,2]      [,3]     [,4]
[1,] 0.9602839 97.15741 -391.5715 193.3699

[[2]]
[1] 1.812338


NOTE: Log Print Time:  2022-03-24 19:21:41 
NOTE: Elapsed Time in seconds: 1.14313895304998 

[[1]]
          [,1]     [,2]      [,3]     [,4]
[1,] 0.9602839 97.15741 -391.5715 193.3699

[[2]]
[1] 1.812338


NOTE: Log Print Time:  2022-03-24 19:22:51 
NOTE: Elapsed Time in seconds: 1.17119688193003 

[[1]]
          [,1]     [,2]      [,3]     [,4]
[1,] 0.9602839 97.15741 -391.5715 193.3699

[[2]]
[1] 1.812338


NOTE: Log Print Time:  2022-03-24 19:23:59 
NOTE: Elapsed Time in seconds: 1.13146433432897 

[[1]]
          [,1]     [,2]      [,3]     [,4]
[1,] 0.9602839 97.15741 -391.5715 193.3699

[[2]]
[1] 1.812338


NOTE: Log Print Time:  2022-03-24 19:25:08 
NOTE: Elapsed Time in seconds: 1.15077908039093 

[[1]]
          [,1]     [,2]      [,3]     [,4]
[1,] 0.9602839 97.15741 -391.5715 193.3699

[[2]]
[1] 1.812338


NOTE: Log Print Time:  2022-03-24 19:26:21 
NOTE: Elapsed Time in seconds: 1.21161969105403 

[[1]]
          [,1]     [,2]      [,3]     [,4]
[1,] 0.9602839 97.15741 -391.5715 193.3699

[[2]]
[1] 1.812338


NOTE: Log Print Time:  2022-03-24 19:27:35 
NOTE: Elapsed Time in seconds: 1.23519186576207 

[[1]]
          [,1]     [,2]      [,3]     [,4]
[1,] 0.9602839 97.15741 -391.5715 193.3699

[[2]]
[1] 1.812338


NOTE: Log Print Time:  2022-03-24 19:28:45 
NOTE: Elapsed Time in seconds: 1.15600533882777 

[[1]]
          [,1]     [,2]      [,3]     [,4]
[1,] 0.9602839 97.15741 -391.5715 193.3699

[[2]]
[1] 1.812338


NOTE: Log Print Time:  2022-03-24 19:29:59 
NOTE: Elapsed Time in seconds: 1.24782171646754 

[[1]]
          [,1]     [,2]      [,3]     [,4]
[1,] 0.9602839 97.15741 -391.5715 193.3699

[[2]]
[1] 1.812338


NOTE: Log Print Time:  2022-03-24 19:31:13 
NOTE: Elapsed Time in seconds: 1.23331036965052 

[[1]]
          [,1]     [,2]      [,3]     [,4]
[1,] 0.9602839 97.15741 -391.5715 193.3699

[[2]]
[1] 1.812338


NOTE: Log Print Time:  2022-03-24 19:32:28 
NOTE: Elapsed Time in seconds: 1.24208031098048 

[[1]]
          [,1]     [,2]      [,3]     [,4]
[1,] 0.9602839 97.15741 -391.5715 193.3699

[[2]]
[1] 1.812338


NOTE: Log Print Time:  2022-03-24 19:33:43 
NOTE: Elapsed Time in seconds: 1.24215468168259 

[[1]]
          [,1]     [,2]      [,3]     [,4]
[1,] 0.9602839 97.15741 -391.5715 193.3699

[[2]]
[1] 1.812338


NOTE: Log Print Time:  2022-03-24 19:34:57 
NOTE: Elapsed Time in seconds: 1.2488239924113 

[[1]]
          [,1]     [,2]      [,3]     [,4]
[1,] 0.9602839 97.15741 -391.5715 193.3699

[[2]]
[1] 1.812338


NOTE: Log Print Time:  2022-03-24 19:36:06 
NOTE: Elapsed Time in seconds: 1.14672370751699 

[[1]]
          [,1]     [,2]      [,3]     [,4]
[1,] 0.9602839 97.15741 -391.5715 193.3699

[[2]]
[1] 1.812338


NOTE: Log Print Time:  2022-03-24 19:37:14 
NOTE: Elapsed Time in seconds: 1.13697125116984 

[[1]]
          [,1]     [,2]      [,3]     [,4]
[1,] 0.9602839 97.15741 -391.5715 193.3699

[[2]]
[1] 1.812338


NOTE: Log Print Time:  2022-03-24 19:38:28 
NOTE: Elapsed Time in seconds: 1.22663235664368 

[[1]]
          [,1]     [,2]      [,3]     [,4]
[1,] 0.9602839 97.15741 -391.5715 193.3699

[[2]]
[1] 1.812338


NOTE: Log Print Time:  2022-03-24 19:39:38 
NOTE: Elapsed Time in seconds: 1.15826162497203 

[[1]]
          [,1]     [,2]      [,3]     [,4]
[1,] 0.9602839 97.15741 -391.5715 193.3699

[[2]]
[1] 1.812338


NOTE: Log Print Time:  2022-03-24 19:40:52 
NOTE: Elapsed Time in seconds: 1.23862702449163 

[[1]]
          [,1]     [,2]      [,3]  [,4]
[1,] 0.6382309 86.46632 -392.0121 196.9

[[2]]
[1] 1.81338


NOTE: Log Print Time:  2022-03-24 19:41:59 
NOTE: Elapsed Time in seconds: 1.12358583211899 

[[1]]
          [,1]     [,2]      [,3]  [,4]
[1,] 0.6382309 86.46632 -392.0121 196.9

[[2]]
[1] 1.81338


NOTE: Log Print Time:  2022-03-24 19:43:14 
NOTE: Elapsed Time in seconds: 1.2481204032898 

[[1]]
          [,1]     [,2]      [,3]  [,4]
[1,] 0.6382309 86.46632 -392.0121 196.9

[[2]]
[1] 1.81338


NOTE: Log Print Time:  2022-03-24 19:44:29 
NOTE: Elapsed Time in seconds: 1.25137100617091 

[[1]]
          [,1]     [,2]      [,3]  [,4]
[1,] 0.6382309 86.46632 -392.0121 196.9

[[2]]
[1] 1.81338


NOTE: Log Print Time:  2022-03-24 19:45:44 
NOTE: Elapsed Time in seconds: 1.2373095870018 

[[1]]
          [,1]     [,2]      [,3]  [,4]
[1,] 0.6382309 86.46632 -392.0121 196.9

[[2]]
[1] 1.81338


NOTE: Log Print Time:  2022-03-24 19:46:51 
NOTE: Elapsed Time in seconds: 1.12747593720754 

[[1]]
          [,1]     [,2]      [,3]  [,4]
[1,] 0.6382309 86.46632 -392.0121 196.9

[[2]]
[1] 1.81338


NOTE: Log Print Time:  2022-03-24 19:48:00 
NOTE: Elapsed Time in seconds: 1.15093444983164 

[[1]]
          [,1]     [,2]      [,3]  [,4]
[1,] 0.6382309 86.46632 -392.0121 196.9

[[2]]
[1] 1.81338


NOTE: Log Print Time:  2022-03-24 19:49:15 
NOTE: Elapsed Time in seconds: 1.25236364205678 

[[1]]
          [,1]     [,2]      [,3]  [,4]
[1,] 0.6382309 86.46632 -392.0121 196.9

[[2]]
[1] 1.81338


NOTE: Log Print Time:  2022-03-24 19:50:30 
NOTE: Elapsed Time in seconds: 1.23610495726267 

[[1]]
          [,1]     [,2]      [,3]  [,4]
[1,] 0.6382309 86.46632 -392.0121 196.9

[[2]]
[1] 1.81338


NOTE: Log Print Time:  2022-03-24 19:51:39 
NOTE: Elapsed Time in seconds: 1.16136060555776 

[[1]]
          [,1]     [,2]      [,3]  [,4]
[1,] 0.6382309 86.46632 -392.0121 196.9

[[2]]
[1] 1.81338


NOTE: Log Print Time:  2022-03-24 19:52:47 
NOTE: Elapsed Time in seconds: 1.13353070815404 

[[1]]
          [,1]     [,2]      [,3]  [,4]
[1,] 0.6382309 86.46632 -392.0121 196.9

[[2]]
[1] 1.81338


NOTE: Log Print Time:  2022-03-24 19:53:57 
NOTE: Elapsed Time in seconds: 1.15684630870819 

[[1]]
          [,1]     [,2]      [,3]  [,4]
[1,] 0.6382309 86.46632 -392.0121 196.9

[[2]]
[1] 1.81338


NOTE: Log Print Time:  2022-03-24 19:55:05 
NOTE: Elapsed Time in seconds: 1.13252290089925 

[[1]]
          [,1]     [,2]      [,3]  [,4]
[1,] 0.6382309 86.46632 -392.0121 196.9

[[2]]
[1] 1.81338


NOTE: Log Print Time:  2022-03-24 19:56:19 
NOTE: Elapsed Time in seconds: 1.24250105222066 

[[1]]
          [,1]     [,2]      [,3]  [,4]
[1,] 0.6382309 86.46632 -392.0121 196.9

[[2]]
[1] 1.81338


NOTE: Log Print Time:  2022-03-24 19:57:28 
NOTE: Elapsed Time in seconds: 1.14008079369863 

[[1]]
          [,1]     [,2]      [,3]  [,4]
[1,] 0.6382309 86.46632 -392.0121 196.9

[[2]]
[1] 1.81338


NOTE: Log Print Time:  2022-03-24 19:58:43 
NOTE: Elapsed Time in seconds: 1.24974307616552 

[[1]]
          [,1]     [,2]      [,3]  [,4]
[1,] 0.6382309 86.46632 -392.0121 196.9

[[2]]
[1] 1.81338


NOTE: Log Print Time:  2022-03-24 19:59:57 
NOTE: Elapsed Time in seconds: 1.24837538401286 

[[1]]
          [,1]     [,2]      [,3]  [,4]
[1,] 0.6382309 86.46632 -392.0121 196.9

[[2]]
[1] 1.81338


NOTE: Log Print Time:  2022-03-24 20:01:11 
NOTE: Elapsed Time in seconds: 1.22993250687917 

[[1]]
          [,1]     [,2]      [,3]  [,4]
[1,] 0.6382309 86.46632 -392.0121 196.9

[[2]]
[1] 1.81338


NOTE: Log Print Time:  2022-03-24 20:02:25 
NOTE: Elapsed Time in seconds: 1.22605061928431 

[[1]]
          [,1]     [,2]      [,3]  [,4]
[1,] 0.6382309 86.46632 -392.0121 196.9

[[2]]
[1] 1.81338


NOTE: Log Print Time:  2022-03-24 20:03:37 
NOTE: Elapsed Time in seconds: 1.20812331835429 

[[1]]
          [,1]     [,2]      [,3]  [,4]
[1,] 0.6382309 86.46632 -392.0121 196.9

[[2]]
[1] 1.81338


NOTE: Log Print Time:  2022-03-24 20:04:45 
NOTE: Elapsed Time in seconds: 1.13270163536072 

[[1]]
          [,1]     [,2]      [,3]  [,4]
[1,] 0.6382309 86.46632 -392.0121 196.9

[[2]]
[1] 1.81338


NOTE: Log Print Time:  2022-03-24 20:05:56 
NOTE: Elapsed Time in seconds: 1.17274856170019 

[[1]]
          [,1]     [,2]      [,3]  [,4]
[1,] 0.6382309 86.46632 -392.0121 196.9

[[2]]
[1] 1.81338


NOTE: Log Print Time:  2022-03-24 20:07:04 
NOTE: Elapsed Time in seconds: 1.14436436096827 

[[1]]
          [,1]     [,2]      [,3]  [,4]
[1,] 0.6382309 86.46632 -392.0121 196.9

[[2]]
[1] 1.81338


NOTE: Log Print Time:  2022-03-24 20:08:18 
NOTE: Elapsed Time in seconds: 1.22437421480815 

[[1]]
          [,1]     [,2]      [,3]  [,4]
[1,] 0.6382309 86.46632 -392.0121 196.9

[[2]]
[1] 1.81338


NOTE: Log Print Time:  2022-03-24 20:09:27 
NOTE: Elapsed Time in seconds: 1.15708665847778 

[[1]]
          [,1]     [,2]      [,3]  [,4]
[1,] 0.6382309 86.46632 -392.0121 196.9

[[2]]
[1] 1.81338


NOTE: Log Print Time:  2022-03-24 20:10:42 
NOTE: Elapsed Time in seconds: 1.24182609717051 

[[1]]
          [,1]     [,2]      [,3]  [,4]
[1,] 0.6382309 86.46632 -392.0121 196.9

[[2]]
[1] 1.81338


NOTE: Log Print Time:  2022-03-24 20:11:58 
NOTE: Elapsed Time in seconds: 1.26631823778152 

[[1]]
          [,1]     [,2]      [,3]  [,4]
[1,] 0.6382309 86.46632 -392.0121 196.9

[[2]]
[1] 1.81338


NOTE: Log Print Time:  2022-03-24 20:13:12 
NOTE: Elapsed Time in seconds: 1.23502703507741 

[[1]]
          [,1]     [,2]      [,3]  [,4]
[1,] 0.6382309 86.46632 -392.0121 196.9

[[2]]
[1] 1.81338


NOTE: Log Print Time:  2022-03-24 20:14:21 
NOTE: Elapsed Time in seconds: 1.15141961574554 

[[1]]
          [,1]     [,2]      [,3]  [,4]
[1,] 0.6382309 86.46632 -392.0121 196.9

[[2]]
[1] 1.81338


NOTE: Log Print Time:  2022-03-24 20:15:28 
NOTE: Elapsed Time in seconds: 1.11538848082225 

[[1]]
          [,1]     [,2]      [,3]  [,4]
[1,] 0.6382309 86.46632 -392.0121 196.9

[[2]]
[1] 1.81338


NOTE: Log Print Time:  2022-03-24 20:16:42 
NOTE: Elapsed Time in seconds: 1.24198826948802 

[[1]]
          [,1]     [,2]      [,3]  [,4]
[1,] 0.6382309 86.46632 -392.0121 196.9

[[2]]
[1] 1.81338


NOTE: Log Print Time:  2022-03-24 20:17:51 
NOTE: Elapsed Time in seconds: 1.13925241629283 

[[1]]
          [,1]     [,2]      [,3]  [,4]
[1,] 0.6382309 86.46632 -392.0121 196.9

[[2]]
[1] 1.81338


NOTE: Log Print Time:  2022-03-24 20:19:05 
NOTE: Elapsed Time in seconds: 1.24086458683014 

[[1]]
          [,1]     [,2]      [,3]  [,4]
[1,] 0.6382309 86.46632 -392.0121 196.9

[[2]]
[1] 1.81338


NOTE: Log Print Time:  2022-03-24 20:20:21 
NOTE: Elapsed Time in seconds: 1.26512300570806 

[[1]]
          [,1]     [,2]      [,3]  [,4]
[1,] 0.6382309 86.46632 -392.0121 196.9

[[2]]
[1] 1.81338


NOTE: Log Print Time:  2022-03-24 20:21:29 
NOTE: Elapsed Time in seconds: 1.13600652217865 

[[1]]
          [,1]     [,2]      [,3]  [,4]
[1,] 0.6382309 86.46632 -392.0121 196.9

[[2]]
[1] 1.81338


NOTE: Log Print Time:  2022-03-24 20:22:43 
NOTE: Elapsed Time in seconds: 1.2319260875384 

[[1]]
          [,1]     [,2]      [,3]  [,4]
[1,] 0.6382309 86.46632 -392.0121 196.9

[[2]]
[1] 1.81338


NOTE: Log Print Time:  2022-03-24 20:23:56 
NOTE: Elapsed Time in seconds: 1.21965355873108 

[[1]]
          [,1]     [,2]      [,3]  [,4]
[1,] 0.6382309 86.46632 -392.0121 196.9

[[2]]
[1] 1.81338


NOTE: Log Print Time:  2022-03-24 20:25:04 
NOTE: Elapsed Time in seconds: 1.12931037743886 

[[1]]
          [,1]     [,2]      [,3]  [,4]
[1,] 0.6382309 86.46632 -392.0121 196.9

[[2]]
[1] 1.81338


NOTE: Log Print Time:  2022-03-24 20:26:19 
NOTE: Elapsed Time in seconds: 1.24897102117538 

[[1]]
          [,1]     [,2]      [,3]  [,4]
[1,] 0.6382309 86.46632 -392.0121 196.9

[[2]]
[1] 1.81338


NOTE: Log Print Time:  2022-03-24 20:27:31 
NOTE: Elapsed Time in seconds: 1.19625720580419 

[[1]]
          [,1]     [,2]      [,3]  [,4]
[1,] 0.6382309 86.46632 -392.0121 196.9

[[2]]
[1] 1.81338


NOTE: Log Print Time:  2022-03-24 20:28:39 
NOTE: Elapsed Time in seconds: 1.14628620147705 

[[1]]
          [,1]     [,2]      [,3]  [,4]
[1,] 0.6382309 86.46632 -392.0121 196.9

[[2]]
[1] 1.81338


NOTE: Log Print Time:  2022-03-24 20:29:54 
NOTE: Elapsed Time in seconds: 1.23688394228617 

[[1]]
          [,1]     [,2]      [,3]  [,4]
[1,] 0.6382309 86.46632 -392.0121 196.9

[[2]]
[1] 1.81338


NOTE: Log Print Time:  2022-03-24 20:31:08 
NOTE: Elapsed Time in seconds: 1.2338886419932 

[[1]]
          [,1]     [,2]      [,3]  [,4]
[1,] 0.6382309 86.46632 -392.0121 196.9

[[2]]
[1] 1.81338


NOTE: Log Print Time:  2022-03-24 20:32:23 
NOTE: Elapsed Time in seconds: 1.24855744838715 

[[1]]
          [,1]     [,2]      [,3]  [,4]
[1,] 0.6382309 86.46632 -392.0121 196.9

[[2]]
[1] 1.81338


NOTE: Log Print Time:  2022-03-24 20:33:39 
NOTE: Elapsed Time in seconds: 1.27009938955307 

[[1]]
          [,1]     [,2]      [,3]  [,4]
[1,] 0.6382309 86.46632 -392.0121 196.9

[[2]]
[1] 1.81338


NOTE: Log Print Time:  2022-03-24 20:34:54 
NOTE: Elapsed Time in seconds: 1.24917770624161 

[[1]]
          [,1]     [,2]      [,3]  [,4]
[1,] 0.6382309 86.46632 -392.0121 196.9

[[2]]
[1] 1.81338


NOTE: Log Print Time:  2022-03-24 20:36:08 
NOTE: Elapsed Time in seconds: 1.24450557629267 

[[1]]
          [,1]     [,2]      [,3]  [,4]
[1,] 0.6382309 86.46632 -392.0121 196.9

[[2]]
[1] 1.81338


NOTE: Log Print Time:  2022-03-24 20:37:23 
NOTE: Elapsed Time in seconds: 1.2380034605662 

[[1]]
          [,1]     [,2]      [,3]  [,4]
[1,] 0.6382309 86.46632 -392.0121 196.9

[[2]]
[1] 1.81338


NOTE: Log Print Time:  2022-03-24 20:38:36 
NOTE: Elapsed Time in seconds: 1.21490721305211 

[[1]]
          [,1]     [,2]      [,3]  [,4]
[1,] 0.6382309 86.46632 -392.0121 196.9

[[2]]
[1] 1.81338


NOTE: Log Print Time:  2022-03-24 20:39:48 
NOTE: Elapsed Time in seconds: 1.21025263865789 

[[1]]
          [,1]     [,2]      [,3]  [,4]
[1,] 0.6382309 86.46632 -392.0121 196.9

[[2]]
[1] 1.81338


NOTE: Log Print Time:  2022-03-24 20:40:58 
NOTE: Elapsed Time in seconds: 1.16560622851054 

[[1]]
          [,1]     [,2]      [,3]  [,4]
[1,] 0.6382309 86.46632 -392.0121 196.9

[[2]]
[1] 1.81338


NOTE: Log Print Time:  2022-03-24 20:42:10 
NOTE: Elapsed Time in seconds: 1.20326497952143 

[[1]]
          [,1]     [,2]      [,3]  [,4]
[1,] 0.6382309 86.46632 -392.0121 196.9

[[2]]
[1] 1.81338


NOTE: Log Print Time:  2022-03-24 20:43:23 
NOTE: Elapsed Time in seconds: 1.21380654970805 

[[1]]
          [,1]     [,2]      [,3]  [,4]
[1,] 0.6382309 86.46632 -392.0121 196.9

[[2]]
[1] 1.81338


NOTE: Log Print Time:  2022-03-24 20:44:31 
NOTE: Elapsed Time in seconds: 1.13384635448456 

[[1]]
          [,1]     [,2]      [,3]  [,4]
[1,] 0.6382309 86.46632 -392.0121 196.9

[[2]]
[1] 1.81338


NOTE: Log Print Time:  2022-03-24 20:45:41 
NOTE: Elapsed Time in seconds: 1.15510067939758 

[[1]]
          [,1]     [,2]      [,3]  [,4]
[1,] 0.6382309 86.46632 -392.0121 196.9

[[2]]
[1] 1.81338


NOTE: Log Print Time:  2022-03-24 20:46:55 
NOTE: Elapsed Time in seconds: 1.24094628492991 

[[1]]
          [,1]     [,2]      [,3]  [,4]
[1,] 0.6382309 86.46632 -392.0121 196.9

[[2]]
[1] 1.81338


NOTE: Log Print Time:  2022-03-24 20:48:06 
NOTE: Elapsed Time in seconds: 1.18590290149053 

[[1]]
          [,1]     [,2]      [,3]  [,4]
[1,] 0.6382309 86.46632 -392.0121 196.9

[[2]]
[1] 1.81338


NOTE: Log Print Time:  2022-03-24 20:49:20 
NOTE: Elapsed Time in seconds: 1.2304420431455 

[[1]]
          [,1]     [,2]      [,3]  [,4]
[1,] 0.6382309 86.46632 -392.0121 196.9

[[2]]
[1] 1.81338


NOTE: Log Print Time:  2022-03-24 20:50:29 
NOTE: Elapsed Time in seconds: 1.14667259454727 

[[1]]
          [,1]     [,2]      [,3]  [,4]
[1,] 0.6382309 86.46632 -392.0121 196.9

[[2]]
[1] 1.81338


NOTE: Log Print Time:  2022-03-24 20:51:46 
NOTE: Elapsed Time in seconds: 1.27998561859131 

[[1]]
          [,1]     [,2]      [,3]  [,4]
[1,] 0.6382309 86.46632 -392.0121 196.9

[[2]]
[1] 1.81338


NOTE: Log Print Time:  2022-03-24 20:52:58 
NOTE: Elapsed Time in seconds: 1.20580965677897 

[[1]]
          [,1]     [,2]      [,3]  [,4]
[1,] 0.6382309 86.46632 -392.0121 196.9

[[2]]
[1] 1.81338


NOTE: Log Print Time:  2022-03-24 20:54:05 
NOTE: Elapsed Time in seconds: 1.12454832792282 

[[1]]
          [,1]     [,2]      [,3]  [,4]
[1,] 0.6382309 86.46632 -392.0121 196.9

[[2]]
[1] 1.81338


NOTE: Log Print Time:  2022-03-24 20:55:17 
NOTE: Elapsed Time in seconds: 1.19588333765666 

[[1]]
          [,1]     [,2]      [,3]  [,4]
[1,] 0.6382309 86.46632 -392.0121 196.9

[[2]]
[1] 1.81338


NOTE: Log Print Time:  2022-03-24 20:56:25 
NOTE: Elapsed Time in seconds: 1.13817363977432 

[[1]]
          [,1]     [,2]      [,3]  [,4]
[1,] 0.6382309 86.46632 -392.0121 196.9

[[2]]
[1] 1.81338


NOTE: Log Print Time:  2022-03-24 20:57:34 
NOTE: Elapsed Time in seconds: 1.14764628410339 

[[1]]
          [,1]     [,2]      [,3]  [,4]
[1,] 0.6382309 86.46632 -392.0121 196.9

[[2]]
[1] 1.81338


NOTE: Log Print Time:  2022-03-24 20:58:43 
NOTE: Elapsed Time in seconds: 1.13693786859512 

[[1]]
          [,1]     [,2]      [,3]  [,4]
[1,] 0.6382309 86.46632 -392.0121 196.9

[[2]]
[1] 1.81338


NOTE: Log Print Time:  2022-03-24 20:59:57 
NOTE: Elapsed Time in seconds: 1.24432350794474 

[[1]]
          [,1]     [,2]      [,3]  [,4]
[1,] 0.6382309 86.46632 -392.0121 196.9

[[2]]
[1] 1.81338


NOTE: Log Print Time:  2022-03-24 21:01:09 
NOTE: Elapsed Time in seconds: 1.19617588122686 

[[1]]
          [,1]     [,2]      [,3]  [,4]
[1,] 0.6382309 86.46632 -392.0121 196.9

[[2]]
[1] 1.81338


NOTE: Log Print Time:  2022-03-24 21:02:24 
NOTE: Elapsed Time in seconds: 1.24809860785802 

[[1]]
          [,1]     [,2]      [,3]  [,4]
[1,] 0.6382309 86.46632 -392.0121 196.9

[[2]]
[1] 1.81338


NOTE: Log Print Time:  2022-03-24 21:03:38 
NOTE: Elapsed Time in seconds: 1.23366553386052 

[[1]]
          [,1]     [,2]      [,3]  [,4]
[1,] 0.6382309 86.46632 -392.0121 196.9

[[2]]
[1] 1.81338


NOTE: Log Print Time:  2022-03-24 21:04:53 
NOTE: Elapsed Time in seconds: 1.24518262545268 

[[1]]
          [,1]     [,2]      [,3]  [,4]
[1,] 0.6382309 86.46632 -392.0121 196.9

[[2]]
[1] 1.81338


NOTE: Log Print Time:  2022-03-24 21:06:09 
NOTE: Elapsed Time in seconds: 1.26583347320557 

[[1]]
          [,1]     [,2]      [,3]  [,4]
[1,] 0.6382309 86.46632 -392.0121 196.9

[[2]]
[1] 1.81338


NOTE: Log Print Time:  2022-03-24 21:07:22 
NOTE: Elapsed Time in seconds: 1.22695943514506 

[[1]]
          [,1]     [,2]      [,3]  [,4]
[1,] 0.6382309 86.46632 -392.0121 196.9

[[2]]
[1] 1.81338


NOTE: Log Print Time:  2022-03-24 21:08:30 
NOTE: Elapsed Time in seconds: 1.12842701276143 

[[1]]
            [,1]     [,2]      [,3]    [,4]
[1,] -0.05219048 94.63402 -390.6144 196.916

[[2]]
[1] 1.813684


NOTE: Log Print Time:  2022-03-24 21:09:38 
NOTE: Elapsed Time in seconds: 1.13141307036082 

[[1]]
            [,1]     [,2]      [,3]    [,4]
[1,] -0.05219048 94.63402 -390.6144 196.916

[[2]]
[1] 1.813684


NOTE: Log Print Time:  2022-03-24 21:10:55 
NOTE: Elapsed Time in seconds: 1.2812756339709 

[[1]]
            [,1]     [,2]      [,3]    [,4]
[1,] -0.05219048 94.63402 -390.6144 196.916

[[2]]
[1] 1.813684


NOTE: Log Print Time:  2022-03-24 21:12:03 
NOTE: Elapsed Time in seconds: 1.14112251202265 

[[1]]
            [,1]     [,2]      [,3]    [,4]
[1,] -0.05219048 94.63402 -390.6144 196.916

[[2]]
[1] 1.813684


NOTE: Log Print Time:  2022-03-24 21:13:15 
NOTE: Elapsed Time in seconds: 1.20358932813009 

[[1]]
            [,1]     [,2]      [,3]    [,4]
[1,] -0.05219048 94.63402 -390.6144 196.916

[[2]]
[1] 1.813684


NOTE: Log Print Time:  2022-03-24 21:14:30 
NOTE: Elapsed Time in seconds: 1.24702625274658 

[[1]]
            [,1]     [,2]      [,3]    [,4]
[1,] -0.05219048 94.63402 -390.6144 196.916

[[2]]
[1] 1.813684


NOTE: Log Print Time:  2022-03-24 21:15:42 
NOTE: Elapsed Time in seconds: 1.20428429047267 

[[1]]
            [,1]     [,2]      [,3]    [,4]
[1,] -0.05219048 94.63402 -390.6144 196.916

[[2]]
[1] 1.813684


NOTE: Log Print Time:  2022-03-24 21:16:52 
NOTE: Elapsed Time in seconds: 1.15758659442266 

[[1]]
            [,1]     [,2]      [,3]    [,4]
[1,] -0.05219048 94.63402 -390.6144 196.916

[[2]]
[1] 1.813684


NOTE: Log Print Time:  2022-03-24 21:18:07 
NOTE: Elapsed Time in seconds: 1.24784246285756 

[[1]]
            [,1]     [,2]      [,3]    [,4]
[1,] -0.05219048 94.63402 -390.6144 196.916

[[2]]
[1] 1.813684


NOTE: Log Print Time:  2022-03-24 21:19:21 
NOTE: Elapsed Time in seconds: 1.23366980552673 

[[1]]
            [,1]     [,2]      [,3]    [,4]
[1,] -0.05219048 94.63402 -390.6144 196.916

[[2]]
[1] 1.813684


NOTE: Log Print Time:  2022-03-24 21:20:31 
NOTE: Elapsed Time in seconds: 1.16528474887212 

[[1]]
            [,1]     [,2]      [,3]    [,4]
[1,] -0.05219048 94.63402 -390.6144 196.916

[[2]]
[1] 1.813684


NOTE: Log Print Time:  2022-03-24 21:21:40 
NOTE: Elapsed Time in seconds: 1.15582480430603 

[[1]]
            [,1]     [,2]      [,3]    [,4]
[1,] -0.05219048 94.63402 -390.6144 196.916

[[2]]
[1] 1.813684


NOTE: Log Print Time:  2022-03-24 21:22:50 
NOTE: Elapsed Time in seconds: 1.16118547916412 

[[1]]
            [,1]     [,2]      [,3]    [,4]
[1,] -0.05219048 94.63402 -390.6144 196.916

[[2]]
[1] 1.813684


NOTE: Log Print Time:  2022-03-24 21:23:58 
NOTE: Elapsed Time in seconds: 1.13182399670283 

[[1]]
            [,1]     [,2]      [,3]    [,4]
[1,] -0.05219048 94.63402 -390.6144 196.916

[[2]]
[1] 1.813684


NOTE: Log Print Time:  2022-03-24 21:25:06 
NOTE: Elapsed Time in seconds: 1.13823882341385 

[[1]]
            [,1]     [,2]      [,3]    [,4]
[1,] -0.05219048 94.63402 -390.6144 196.916

[[2]]
[1] 1.813684


NOTE: Log Print Time:  2022-03-24 21:26:20 
NOTE: Elapsed Time in seconds: 1.24118390480677 

[[1]]
            [,1]     [,2]      [,3]    [,4]
[1,] -0.05219048 94.63402 -390.6144 196.916

[[2]]
[1] 1.813684


NOTE: Log Print Time:  2022-03-24 21:27:29 
NOTE: Elapsed Time in seconds: 1.15277152458827 

[[1]]
            [,1]     [,2]      [,3]    [,4]
[1,] -0.05219048 94.63402 -390.6144 196.916

[[2]]
[1] 1.813684


NOTE: Log Print Time:  2022-03-24 21:28:44 
NOTE: Elapsed Time in seconds: 1.23661756118139 

[[1]]
            [,1]     [,2]      [,3]    [,4]
[1,] -0.05219048 94.63402 -390.6144 196.916

[[2]]
[1] 1.813684


NOTE: Log Print Time:  2022-03-24 21:29:53 
NOTE: Elapsed Time in seconds: 1.16005760828654 

[[1]]
            [,1]     [,2]      [,3]    [,4]
[1,] -0.05219048 94.63402 -390.6144 196.916

[[2]]
[1] 1.813684


NOTE: Log Print Time:  2022-03-24 21:31:03 
NOTE: Elapsed Time in seconds: 1.15594968398412 

[[1]]
            [,1]     [,2]      [,3]    [,4]
[1,] -0.05219048 94.63402 -390.6144 196.916

[[2]]
[1] 1.813684


NOTE: Log Print Time:  2022-03-24 21:32:09 
NOTE: Elapsed Time in seconds: 1.10309865474701 

[[1]]
            [,1]     [,2]      [,3]    [,4]
[1,] -0.05219048 94.63402 -390.6144 196.916

[[2]]
[1] 1.813684


NOTE: Log Print Time:  2022-03-24 21:33:23 
NOTE: Elapsed Time in seconds: 1.24117991526922 

[[1]]
            [,1]     [,2]      [,3]    [,4]
[1,] -0.05219048 94.63402 -390.6144 196.916

[[2]]
[1] 1.813684


NOTE: Log Print Time:  2022-03-24 21:34:36 
NOTE: Elapsed Time in seconds: 1.20403853654861 

[[1]]
            [,1]     [,2]      [,3]    [,4]
[1,] -0.05219048 94.63402 -390.6144 196.916

[[2]]
[1] 1.813684


NOTE: Log Print Time:  2022-03-24 21:35:43 
NOTE: Elapsed Time in seconds: 1.13078792889913 

[[1]]
            [,1]     [,2]      [,3]    [,4]
[1,] -0.05219048 94.63402 -390.6144 196.916

[[2]]
[1] 1.813684


NOTE: Log Print Time:  2022-03-24 21:36:52 
NOTE: Elapsed Time in seconds: 1.14235614935557 

[[1]]
            [,1]     [,2]      [,3]    [,4]
[1,] -0.05219048 94.63402 -390.6144 196.916

[[2]]
[1] 1.813684


NOTE: Log Print Time:  2022-03-24 21:38:04 
NOTE: Elapsed Time in seconds: 1.19985622962316 

[[1]]
            [,1]     [,2]      [,3]    [,4]
[1,] -0.05219048 94.63402 -390.6144 196.916

[[2]]
[1] 1.813684


NOTE: Log Print Time:  2022-03-24 21:39:18 
NOTE: Elapsed Time in seconds: 1.2390277504921 

[[1]]
            [,1]     [,2]      [,3]    [,4]
[1,] -0.05219048 94.63402 -390.6144 196.916

[[2]]
[1] 1.813684


NOTE: Log Print Time:  2022-03-24 21:40:28 
NOTE: Elapsed Time in seconds: 1.15967443386714 

[[1]]
            [,1]     [,2]      [,3]    [,4]
[1,] -0.05219048 94.63402 -390.6144 196.916

[[2]]
[1] 1.813684


NOTE: Log Print Time:  2022-03-24 21:41:42 
NOTE: Elapsed Time in seconds: 1.2353641351064 

[[1]]
            [,1]     [,2]      [,3]    [,4]
[1,] -0.05219048 94.63402 -390.6144 196.916

[[2]]
[1] 1.813684


NOTE: Log Print Time:  2022-03-24 21:42:58 
NOTE: Elapsed Time in seconds: 1.26504822174708 

[[1]]
            [,1]     [,2]      [,3]    [,4]
[1,] -0.05219048 94.63402 -390.6144 196.916

[[2]]
[1] 1.813684


NOTE: Log Print Time:  2022-03-24 21:44:13 
NOTE: Elapsed Time in seconds: 1.24459534486135 

[[1]]
            [,1]     [,2]      [,3]    [,4]
[1,] -0.05219048 94.63402 -390.6144 196.916

[[2]]
[1] 1.813684


NOTE: Log Print Time:  2022-03-24 21:45:20 
NOTE: Elapsed Time in seconds: 1.12744016647339 

