========================================================================= 
Log Path: /scratch/wanglu57/job_scripts/log/2022-03-05_si-I-emp_ga.log 
Program Path: /scratch/wanglu57/job_scripts/2022-03-05_si-I-emp.R 
Working Directory: /scratch/wanglu57/job_scripts 
User Name: wanglu57 
R Version: 4.0.2 (2020-06-22) 
Machine: cdr2409.int.cedar.computecanada.ca x86_64 
Operating System: Linux 3.10.0-1160.36.2.el7.x86_64 #1 SMP Wed Jul 21 11:57:15 UTC 2021 
[1] "Base Packages: parallel stats graphics grDevices utils datasets methods\n               base \nOther Packages: doRNG_1.8.2 rngtools_1.5.2 here_1.0.1 GA_3.2.2 doParallel_1.0.16\n                iterators_1.0.13 foreach_1.5.1 "
Log Start Time: 2022-03-06 11:49:08 
========================================================================= 

[[1]]
            [,1]     [,2]     [,3]     [,4]
[1,] -0.03126682 -16.7435 949.6667 3203.247

[[2]]
[1] 8.120427


NOTE: Log Print Time:  2022-03-06 11:50:16 
NOTE: Elapsed Time in seconds: 1.13838204145432 

[[1]]
            [,1]     [,2]     [,3]     [,4]
[1,] -0.03126682 -16.7435 949.6667 3203.247

[[2]]
[1] 8.120427


NOTE: Log Print Time:  2022-03-06 11:51:11 
NOTE: Elapsed Time in seconds: 55.3918948173523 

[[1]]
            [,1]     [,2]     [,3]     [,4]
[1,] -0.03126682 -16.7435 949.6667 3203.247

[[2]]
[1] 8.120427


NOTE: Log Print Time:  2022-03-06 11:52:08 
NOTE: Elapsed Time in seconds: 56.9046058654785 

[[1]]
            [,1]     [,2]     [,3]     [,4]
[1,] -0.03126682 -16.7435 949.6667 3203.247

[[2]]
[1] 8.120427


NOTE: Log Print Time:  2022-03-06 11:53:05 
NOTE: Elapsed Time in seconds: 56.8495278358459 

[[1]]
            [,1]     [,2]     [,3]     [,4]
[1,] -0.03126682 -16.7435 949.6667 3203.247

[[2]]
[1] 8.120427


NOTE: Log Print Time:  2022-03-06 11:54:01 
NOTE: Elapsed Time in seconds: 56.3968987464905 

[[1]]
            [,1]     [,2]     [,3]     [,4]
[1,] -0.03126682 -16.7435 949.6667 3203.247

[[2]]
[1] 8.120427


NOTE: Log Print Time:  2022-03-06 11:55:00 
NOTE: Elapsed Time in seconds: 58.6832716464996 

[[1]]
            [,1]     [,2]     [,3]     [,4]
[1,] -0.03126682 -16.7435 949.6667 3203.247

[[2]]
[1] 8.120427


NOTE: Log Print Time:  2022-03-06 11:55:56 
NOTE: Elapsed Time in seconds: 56.0810430049896 

[[1]]
            [,1]     [,2]     [,3]     [,4]
[1,] -0.03126682 -16.7435 949.6667 3203.247

[[2]]
[1] 8.120427


NOTE: Log Print Time:  2022-03-06 11:56:53 
NOTE: Elapsed Time in seconds: 56.9652240276337 

[[1]]
            [,1]     [,2]     [,3]     [,4]
[1,] -0.03126682 -16.7435 949.6667 3203.247

[[2]]
[1] 8.120427


NOTE: Log Print Time:  2022-03-06 11:57:49 
NOTE: Elapsed Time in seconds: 55.7180504798889 

[[1]]
            [,1]     [,2]     [,3]     [,4]
[1,] -0.03126682 -16.7435 949.6667 3203.247

[[2]]
[1] 8.120427


NOTE: Log Print Time:  2022-03-06 11:58:45 
NOTE: Elapsed Time in seconds: 56.4489233493805 

[[1]]
            [,1]     [,2]     [,3]     [,4]
[1,] -0.03126682 -16.7435 949.6667 3203.247

[[2]]
[1] 8.120427


NOTE: Log Print Time:  2022-03-06 11:59:43 
NOTE: Elapsed Time in seconds: 58.0315628051758 

[[1]]
            [,1]     [,2]     [,3]     [,4]
[1,] -0.03126682 -16.7435 949.6667 3203.247

[[2]]
[1] 8.120427


NOTE: Log Print Time:  2022-03-06 12:00:41 
NOTE: Elapsed Time in seconds: 57.3493061065674 

[[1]]
            [,1]     [,2]     [,3]     [,4]
[1,] -0.03126682 -16.7435 949.6667 3203.247

[[2]]
[1] 8.120427


NOTE: Log Print Time:  2022-03-06 12:01:37 
NOTE: Elapsed Time in seconds: 56.1327204704285 

[[1]]
            [,1]     [,2]     [,3]     [,4]
[1,] -0.03126682 -16.7435 949.6667 3203.247

[[2]]
[1] 8.120427


NOTE: Log Print Time:  2022-03-06 12:02:34 
NOTE: Elapsed Time in seconds: 56.9697177410126 

[[1]]
            [,1]     [,2]     [,3]     [,4]
[1,] -0.03126682 -16.7435 949.6667 3203.247

[[2]]
[1] 8.120427


NOTE: Log Print Time:  2022-03-06 12:03:31 
NOTE: Elapsed Time in seconds: 56.7271447181702 

[[1]]
            [,1]     [,2]     [,3]     [,4]
[1,] -0.03126682 -16.7435 949.6667 3203.247

[[2]]
[1] 8.120427


NOTE: Log Print Time:  2022-03-06 12:04:27 
NOTE: Elapsed Time in seconds: 56.8435523509979 

[[1]]
            [,1]     [,2]     [,3]     [,4]
[1,] -0.03126682 -16.7435 949.6667 3203.247

[[2]]
[1] 8.120427


NOTE: Log Print Time:  2022-03-06 12:05:24 
NOTE: Elapsed Time in seconds: 57.0301394462585 

[[1]]
            [,1]     [,2]     [,3]     [,4]
[1,] -0.03126682 -16.7435 949.6667 3203.247

[[2]]
[1] 8.120427


NOTE: Log Print Time:  2022-03-06 12:06:20 
NOTE: Elapsed Time in seconds: 55.6285536289215 

[[1]]
            [,1]      [,2]     [,3]     [,4]
[1,] -0.06283305 -16.58506 818.4683 2923.228

[[2]]
[1] 8.121685


NOTE: Log Print Time:  2022-03-06 12:07:18 
NOTE: Elapsed Time in seconds: 57.8614540100098 

[[1]]
            [,1]      [,2]    [,3]     [,4]
[1,] -0.08850287 -14.88259 854.667 3288.889

[[2]]
[1] 8.134166


NOTE: Log Print Time:  2022-03-06 12:08:15 
NOTE: Elapsed Time in seconds: 57.0016665458679 

[[1]]
            [,1]      [,2]    [,3]     [,4]
[1,] -0.08850287 -14.88259 854.667 3288.889

[[2]]
[1] 8.134166


NOTE: Log Print Time:  2022-03-06 12:09:12 
NOTE: Elapsed Time in seconds: 56.7278258800507 

[[1]]
            [,1]      [,2]    [,3]     [,4]
[1,] -0.08850287 -14.88259 854.667 3288.889

[[2]]
[1] 8.134166


NOTE: Log Print Time:  2022-03-06 12:10:07 
NOTE: Elapsed Time in seconds: 55.3811960220337 

[[1]]
            [,1]      [,2]    [,3]     [,4]
[1,] -0.08850287 -14.88259 854.667 3288.889

[[2]]
[1] 8.134166


NOTE: Log Print Time:  2022-03-06 12:11:06 
NOTE: Elapsed Time in seconds: 58.9645712375641 

[[1]]
            [,1]      [,2]     [,3]     [,4]
[1,] -0.07339517 -16.46553 870.0791 2079.159

[[2]]
[1] 8.134516


NOTE: Log Print Time:  2022-03-06 12:12:01 
NOTE: Elapsed Time in seconds: 55.382434129715 

[[1]]
            [,1]      [,2]     [,3]     [,4]
[1,] -0.07339517 -16.46553 870.0791 2079.159

[[2]]
[1] 8.134516


NOTE: Log Print Time:  2022-03-06 12:12:57 
NOTE: Elapsed Time in seconds: 55.3473749160767 

[[1]]
            [,1]      [,2]     [,3]     [,4]
[1,] -0.07339517 -16.46553 870.0791 2079.159

[[2]]
[1] 8.134516


NOTE: Log Print Time:  2022-03-06 12:13:55 
NOTE: Elapsed Time in seconds: 58.4657318592072 

[[1]]
            [,1]      [,2]    [,3]     [,4]
[1,] -0.05886131 -17.13886 899.411 2730.776

[[2]]
[1] 8.13478


NOTE: Log Print Time:  2022-03-06 12:15:00 
NOTE: Elapsed Time in seconds: 1.08386778434118 

[[1]]
            [,1]      [,2]     [,3]     [,4]
[1,] -0.07546111 -16.70526 874.6961 2845.786

[[2]]
[1] 8.135329


NOTE: Log Print Time:  2022-03-06 12:15:55 
NOTE: Elapsed Time in seconds: 55.1071443557739 

[[1]]
            [,1]      [,2]     [,3]    [,4]
[1,] -0.06894216 -16.46599 873.9662 3251.22

[[2]]
[1] 8.13557


NOTE: Log Print Time:  2022-03-06 12:16:51 
NOTE: Elapsed Time in seconds: 55.8504726886749 

[[1]]
            [,1]      [,2]     [,3]    [,4]
[1,] -0.06894216 -16.46599 873.9662 3251.22

[[2]]
[1] 8.13557


NOTE: Log Print Time:  2022-03-06 12:17:48 
NOTE: Elapsed Time in seconds: 57.0393857955933 

[[1]]
            [,1]      [,2]     [,3]    [,4]
[1,] -0.06894216 -16.46599 873.9662 3251.22

[[2]]
[1] 8.13557


NOTE: Log Print Time:  2022-03-06 12:18:44 
NOTE: Elapsed Time in seconds: 55.5118234157562 

[[1]]
            [,1]      [,2]     [,3]    [,4]
[1,] -0.06894216 -16.46599 873.9662 3251.22

[[2]]
[1] 8.13557


NOTE: Log Print Time:  2022-03-06 12:19:40 
NOTE: Elapsed Time in seconds: 56.4504840373993 

[[1]]
            [,1]      [,2]     [,3]    [,4]
[1,] -0.06894216 -16.46599 873.9662 3251.22

[[2]]
[1] 8.13557


NOTE: Log Print Time:  2022-03-06 12:20:37 
NOTE: Elapsed Time in seconds: 56.4002871513367 

[[1]]
            [,1]      [,2]     [,3]    [,4]
[1,] -0.06894216 -16.46599 873.9662 3251.22

[[2]]
[1] 8.13557


NOTE: Log Print Time:  2022-03-06 12:21:32 
NOTE: Elapsed Time in seconds: 55.2463352680206 

[[1]]
            [,1]      [,2]     [,3]     [,4]
[1,] -0.07982482 -16.43148 888.2461 2509.619

[[2]]
[1] 8.138715


NOTE: Log Print Time:  2022-03-06 12:22:31 
NOTE: Elapsed Time in seconds: 58.7824397087097 

[[1]]
            [,1]      [,2]     [,3]     [,4]
[1,] -0.07982482 -16.43148 888.2461 2509.619

[[2]]
[1] 8.138715


NOTE: Log Print Time:  2022-03-06 12:23:28 
NOTE: Elapsed Time in seconds: 57.6633515357971 

[[1]]
            [,1]      [,2]     [,3]     [,4]
[1,] -0.07982482 -16.43148 888.2461 2509.619

[[2]]
[1] 8.138715


NOTE: Log Print Time:  2022-03-06 12:24:25 
NOTE: Elapsed Time in seconds: 56.8170077800751 

[[1]]
            [,1]      [,2]     [,3]     [,4]
[1,] -0.07982482 -16.43148 888.2461 2509.619

[[2]]
[1] 8.138715


NOTE: Log Print Time:  2022-03-06 12:25:20 
NOTE: Elapsed Time in seconds: 55.1596646308899 

[[1]]
            [,1]      [,2]     [,3]     [,4]
[1,] -0.07982482 -16.43148 888.2461 2509.619

[[2]]
[1] 8.138715


NOTE: Log Print Time:  2022-03-06 12:26:15 
NOTE: Elapsed Time in seconds: 55.022961139679 

[[1]]
            [,1]      [,2]     [,3]     [,4]
[1,] -0.07419304 -16.03595 890.3923 2592.803

[[2]]
[1] 8.13911


NOTE: Log Print Time:  2022-03-06 12:27:10 
NOTE: Elapsed Time in seconds: 54.5351233482361 

[[1]]
            [,1]      [,2]     [,3]     [,4]
[1,] -0.07419304 -16.03595 890.3923 2592.803

[[2]]
[1] 8.13911


NOTE: Log Print Time:  2022-03-06 12:28:06 
NOTE: Elapsed Time in seconds: 56.0676779747009 

[[1]]
            [,1]      [,2]     [,3]     [,4]
[1,] -0.07419304 -16.03595 890.3923 2592.803

[[2]]
[1] 8.13911


NOTE: Log Print Time:  2022-03-06 12:29:02 
NOTE: Elapsed Time in seconds: 55.8802800178528 

[[1]]
            [,1]      [,2]     [,3]     [,4]
[1,] -0.07419304 -16.03595 890.3923 2592.803

[[2]]
[1] 8.13911


NOTE: Log Print Time:  2022-03-06 12:30:03 
NOTE: Elapsed Time in seconds: 1.02242718537649 

[[1]]
            [,1]      [,2]     [,3]     [,4]
[1,] -0.07419304 -16.03595 890.3923 2592.803

[[2]]
[1] 8.13911


NOTE: Log Print Time:  2022-03-06 12:31:00 
NOTE: Elapsed Time in seconds: 56.6596803665161 

[[1]]
            [,1]      [,2]     [,3]     [,4]
[1,] -0.07419304 -16.03595 890.3923 2592.803

[[2]]
[1] 8.13911


NOTE: Log Print Time:  2022-03-06 12:31:58 
NOTE: Elapsed Time in seconds: 58.020827293396 

[[1]]
            [,1]      [,2]     [,3]     [,4]
[1,] -0.07419304 -16.03595 890.3923 2592.803

[[2]]
[1] 8.13911


NOTE: Log Print Time:  2022-03-06 12:32:54 
NOTE: Elapsed Time in seconds: 56.5684869289398 

[[1]]
            [,1]      [,2]     [,3]     [,4]
[1,] -0.07419304 -16.03595 890.3923 2592.803

[[2]]
[1] 8.13911


NOTE: Log Print Time:  2022-03-06 12:33:51 
NOTE: Elapsed Time in seconds: 56.193439245224 

[[1]]
            [,1]      [,2]     [,3]     [,4]
[1,] -0.07419304 -16.03595 890.3923 2592.803

[[2]]
[1] 8.13911


NOTE: Log Print Time:  2022-03-06 12:34:47 
NOTE: Elapsed Time in seconds: 56.1325807571411 

[[1]]
            [,1]      [,2]     [,3]     [,4]
[1,] -0.07419304 -16.03595 890.3923 2592.803

[[2]]
[1] 8.13911


NOTE: Log Print Time:  2022-03-06 12:35:42 
NOTE: Elapsed Time in seconds: 55.4200437068939 

[[1]]
            [,1]      [,2]     [,3]     [,4]
[1,] -0.07419304 -16.03595 890.3923 2592.803

[[2]]
[1] 8.13911


NOTE: Log Print Time:  2022-03-06 12:36:38 
NOTE: Elapsed Time in seconds: 55.4357175827026 

[[1]]
            [,1]      [,2]     [,3]     [,4]
[1,] -0.07419304 -16.03595 890.3923 2592.803

[[2]]
[1] 8.13911


NOTE: Log Print Time:  2022-03-06 12:37:33 
NOTE: Elapsed Time in seconds: 55.8055481910706 

[[1]]
            [,1]      [,2]     [,3]     [,4]
[1,] -0.07419304 -16.03595 890.3923 2592.803

[[2]]
[1] 8.13911


NOTE: Log Print Time:  2022-03-06 12:38:31 
NOTE: Elapsed Time in seconds: 58.0358519554138 

[[1]]
            [,1]      [,2]     [,3]     [,4]
[1,] -0.07419304 -16.03595 890.3923 2592.803

[[2]]
[1] 8.13911


NOTE: Log Print Time:  2022-03-06 12:39:27 
NOTE: Elapsed Time in seconds: 55.5133256912231 

[[1]]
            [,1]      [,2]     [,3]     [,4]
[1,] -0.07419304 -16.03595 890.3923 2592.803

[[2]]
[1] 8.13911


NOTE: Log Print Time:  2022-03-06 12:40:23 
NOTE: Elapsed Time in seconds: 56.2736909389496 

[[1]]
            [,1]      [,2]     [,3]     [,4]
[1,] -0.07419304 -16.03595 890.3923 2592.803

[[2]]
[1] 8.13911


NOTE: Log Print Time:  2022-03-06 12:41:18 
NOTE: Elapsed Time in seconds: 54.8666362762451 

[[1]]
            [,1]      [,2]     [,3]     [,4]
[1,] -0.06721832 -16.79642 944.2405 1633.649

[[2]]
[1] 8.144737


NOTE: Log Print Time:  2022-03-06 12:42:15 
NOTE: Elapsed Time in seconds: 56.703902721405 

[[1]]
            [,1]      [,2]     [,3]     [,4]
[1,] -0.06721832 -16.79642 944.2405 1633.649

[[2]]
[1] 8.144737


NOTE: Log Print Time:  2022-03-06 12:43:18 
NOTE: Elapsed Time in seconds: 1.06207720041275 

[[1]]
            [,1]      [,2]     [,3]     [,4]
[1,] -0.06721832 -16.79642 944.2405 1633.649

[[2]]
[1] 8.144737


NOTE: Log Print Time:  2022-03-06 12:44:15 
NOTE: Elapsed Time in seconds: 56.3425695896149 

[[1]]
            [,1]      [,2]     [,3]     [,4]
[1,] -0.06721832 -16.79642 944.2405 1633.649

[[2]]
[1] 8.144737


NOTE: Log Print Time:  2022-03-06 12:45:12 
NOTE: Elapsed Time in seconds: 57.0799827575684 

[[1]]
            [,1]      [,2]     [,3]     [,4]
[1,] -0.06721832 -16.79642 944.2405 1633.649

[[2]]
[1] 8.144737


NOTE: Log Print Time:  2022-03-06 12:46:08 
NOTE: Elapsed Time in seconds: 55.7051241397858 

[[1]]
            [,1]      [,2]     [,3]     [,4]
[1,] -0.06721832 -16.79642 944.2405 1633.649

[[2]]
[1] 8.144737


NOTE: Log Print Time:  2022-03-06 12:47:03 
NOTE: Elapsed Time in seconds: 55.6587994098663 

[[1]]
            [,1]      [,2]     [,3]     [,4]
[1,] -0.06721832 -16.79642 944.2405 1633.649

[[2]]
[1] 8.144737


NOTE: Log Print Time:  2022-03-06 12:47:59 
NOTE: Elapsed Time in seconds: 55.7680404186249 

[[1]]
            [,1]      [,2]     [,3]     [,4]
[1,] -0.06721832 -16.79642 944.2405 1633.649

[[2]]
[1] 8.144737


NOTE: Log Print Time:  2022-03-06 12:48:56 
NOTE: Elapsed Time in seconds: 57.3044219017029 

[[1]]
            [,1]      [,2]     [,3]     [,4]
[1,] -0.06721832 -16.79642 944.2405 1633.649

[[2]]
[1] 8.144737


NOTE: Log Print Time:  2022-03-06 12:49:53 
NOTE: Elapsed Time in seconds: 56.9792306423187 

[[1]]
            [,1]      [,2]     [,3]     [,4]
[1,] -0.06721832 -16.79642 944.2405 1633.649

[[2]]
[1] 8.144737


NOTE: Log Print Time:  2022-03-06 12:50:51 
NOTE: Elapsed Time in seconds: 57.4977180957794 

[[1]]
            [,1]      [,2]     [,3]     [,4]
[1,] -0.06703457 -17.27664 961.3038 429.3193

[[2]]
[1] 8.145845


NOTE: Log Print Time:  2022-03-06 12:51:47 
NOTE: Elapsed Time in seconds: 56.5654010772705 

[[1]]
            [,1]      [,2]     [,3]     [,4]
[1,] -0.06703457 -17.27664 961.3038 429.3193

[[2]]
[1] 8.145845


NOTE: Log Print Time:  2022-03-06 12:52:43 
NOTE: Elapsed Time in seconds: 55.4125320911407 

[[1]]
            [,1]      [,2]     [,3]     [,4]
[1,] -0.06703457 -17.27664 961.3038 429.3193

[[2]]
[1] 8.145845


NOTE: Log Print Time:  2022-03-06 12:53:41 
NOTE: Elapsed Time in seconds: 58.3868706226349 

[[1]]
            [,1]      [,2]     [,3]     [,4]
[1,] -0.06703457 -17.27664 961.3038 429.3193

[[2]]
[1] 8.145845


NOTE: Log Print Time:  2022-03-06 12:54:37 
NOTE: Elapsed Time in seconds: 55.5747892856598 

[[1]]
            [,1]      [,2]     [,3]     [,4]
[1,] -0.06703457 -17.27664 961.3038 429.3193

[[2]]
[1] 8.145845


NOTE: Log Print Time:  2022-03-06 12:55:32 
NOTE: Elapsed Time in seconds: 55.1214492321014 

[[1]]
            [,1]      [,2]     [,3]     [,4]
[1,] -0.06703457 -17.27664 961.3038 429.3193

[[2]]
[1] 8.145845


NOTE: Log Print Time:  2022-03-06 12:56:29 
NOTE: Elapsed Time in seconds: 57.2252476215363 

[[1]]
            [,1]      [,2]     [,3]     [,4]
[1,] -0.06703457 -17.27664 961.3038 429.3193

[[2]]
[1] 8.145845


NOTE: Log Print Time:  2022-03-06 12:57:26 
NOTE: Elapsed Time in seconds: 57.3626134395599 

[[1]]
            [,1]      [,2]     [,3]     [,4]
[1,] -0.06703457 -17.27664 961.3038 429.3193

[[2]]
[1] 8.145845


NOTE: Log Print Time:  2022-03-06 12:58:23 
NOTE: Elapsed Time in seconds: 56.5513083934784 

[[1]]
            [,1]      [,2]     [,3]     [,4]
[1,] -0.06703457 -17.27664 961.3038 429.3193

[[2]]
[1] 8.145845


NOTE: Log Print Time:  2022-03-06 12:59:19 
NOTE: Elapsed Time in seconds: 56.3237538337708 

[[1]]
            [,1]      [,2]     [,3]     [,4]
[1,] -0.06703457 -17.27664 961.3038 429.3193

[[2]]
[1] 8.145845


NOTE: Log Print Time:  2022-03-06 13:00:17 
NOTE: Elapsed Time in seconds: 57.6250314712524 

[[1]]
            [,1]      [,2]     [,3]     [,4]
[1,] -0.06703457 -17.27664 961.3038 429.3193

[[2]]
[1] 8.145845


NOTE: Log Print Time:  2022-03-06 13:01:12 
NOTE: Elapsed Time in seconds: 54.7639195919037 

[[1]]
            [,1]      [,2]     [,3]     [,4]
[1,] -0.06703457 -17.27664 961.3038 429.3193

[[2]]
[1] 8.145845


NOTE: Log Print Time:  2022-03-06 13:02:07 
NOTE: Elapsed Time in seconds: 55.715541601181 

[[1]]
            [,1]      [,2]     [,3]     [,4]
[1,] -0.06703457 -17.27664 961.3038 429.3193

[[2]]
[1] 8.145845


NOTE: Log Print Time:  2022-03-06 13:03:05 
NOTE: Elapsed Time in seconds: 57.0432322025299 

[[1]]
            [,1]      [,2]     [,3]     [,4]
[1,] -0.06703457 -17.27664 961.3038 429.3193

[[2]]
[1] 8.145845


NOTE: Log Print Time:  2022-03-06 13:04:00 
NOTE: Elapsed Time in seconds: 55.5074648857117 

[[1]]
            [,1]      [,2]     [,3]     [,4]
[1,] -0.06703457 -17.27664 961.3038 928.4187

[[2]]
[1] 8.1463


NOTE: Log Print Time:  2022-03-06 13:04:55 
NOTE: Elapsed Time in seconds: 54.9330730438232 

[[1]]
            [,1]      [,2]     [,3]     [,4]
[1,] -0.06703457 -17.27664 961.3038 928.4187

[[2]]
[1] 8.1463


NOTE: Log Print Time:  2022-03-06 13:05:53 
NOTE: Elapsed Time in seconds: 57.9399683475494 

[[1]]
            [,1]      [,2]     [,3]     [,4]
[1,] -0.06703457 -17.27664 961.3038 928.4187

[[2]]
[1] 8.1463


NOTE: Log Print Time:  2022-03-06 13:06:49 
NOTE: Elapsed Time in seconds: 55.6600058078766 

[[1]]
            [,1]      [,2]     [,3]     [,4]
[1,] -0.06703457 -17.27664 961.3038 928.4187

[[2]]
[1] 8.1463


NOTE: Log Print Time:  2022-03-06 13:07:44 
NOTE: Elapsed Time in seconds: 55.9173350334167 

[[1]]
            [,1]      [,2]     [,3]     [,4]
[1,] -0.06703457 -17.27664 961.3038 928.4187

[[2]]
[1] 8.1463


NOTE: Log Print Time:  2022-03-06 13:08:42 
NOTE: Elapsed Time in seconds: 57.0443179607391 

[[1]]
            [,1]      [,2]     [,3]     [,4]
[1,] -0.06703457 -17.27664 961.3038 928.4187

[[2]]
[1] 8.1463


NOTE: Log Print Time:  2022-03-06 13:09:37 
NOTE: Elapsed Time in seconds: 55.8643238544464 

[[1]]
            [,1]      [,2]     [,3]     [,4]
[1,] -0.06703457 -17.27664 961.3038 928.4187

[[2]]
[1] 8.1463


NOTE: Log Print Time:  2022-03-06 13:10:35 
NOTE: Elapsed Time in seconds: 57.2035596370697 

[[1]]
            [,1]      [,2]     [,3]     [,4]
[1,] -0.06703457 -17.27664 961.3038 928.4187

[[2]]
[1] 8.1463


NOTE: Log Print Time:  2022-03-06 13:11:31 
NOTE: Elapsed Time in seconds: 56.126024723053 

[[1]]
            [,1]      [,2]     [,3]     [,4]
[1,] -0.06703457 -17.27664 961.3038 928.4187

[[2]]
[1] 8.1463


NOTE: Log Print Time:  2022-03-06 13:12:26 
NOTE: Elapsed Time in seconds: 55.4143595695496 

[[1]]
            [,1]      [,2]     [,3]     [,4]
[1,] -0.06703457 -17.27664 961.3038 928.4187

[[2]]
[1] 8.1463


NOTE: Log Print Time:  2022-03-06 13:13:23 
NOTE: Elapsed Time in seconds: 56.9752187728882 

[[1]]
            [,1]      [,2]     [,3]     [,4]
[1,] -0.06703457 -17.27664 961.3038 928.4187

[[2]]
[1] 8.1463


NOTE: Log Print Time:  2022-03-06 13:14:20 
NOTE: Elapsed Time in seconds: 56.6559484004974 

[[1]]
            [,1]      [,2]     [,3]     [,4]
[1,] -0.06703457 -17.27664 961.3038 928.4187

[[2]]
[1] 8.1463


NOTE: Log Print Time:  2022-03-06 13:15:15 
NOTE: Elapsed Time in seconds: 55.4462459087372 

[[1]]
            [,1]      [,2]     [,3]     [,4]
[1,] -0.06703457 -17.27664 961.3038 928.4187

[[2]]
[1] 8.1463


NOTE: Log Print Time:  2022-03-06 13:16:11 
NOTE: Elapsed Time in seconds: 56.1577167510986 

[[1]]
            [,1]      [,2]     [,3]     [,4]
[1,] -0.06703457 -17.27664 961.3038 928.4187

[[2]]
[1] 8.1463


NOTE: Log Print Time:  2022-03-06 13:17:07 
NOTE: Elapsed Time in seconds: 55.3695683479309 

[[1]]
            [,1]      [,2]     [,3]     [,4]
[1,] -0.06703457 -17.27664 961.3038 928.4187

[[2]]
[1] 8.1463


NOTE: Log Print Time:  2022-03-06 13:18:03 
NOTE: Elapsed Time in seconds: 56.6696391105652 

[[1]]
            [,1]      [,2]     [,3]     [,4]
[1,] -0.06703457 -17.27664 961.3038 928.4187

[[2]]
[1] 8.1463


NOTE: Log Print Time:  2022-03-06 13:18:58 
NOTE: Elapsed Time in seconds: 55.045937538147 

[[1]]
            [,1]      [,2]     [,3]     [,4]
[1,] -0.06703457 -17.27664 961.3038 928.4187

[[2]]
[1] 8.1463


NOTE: Log Print Time:  2022-03-06 13:19:55 
NOTE: Elapsed Time in seconds: 56.5555083751678 

[[1]]
            [,1]      [,2]     [,3]     [,4]
[1,] -0.06703457 -17.27664 961.3038 928.4187

[[2]]
[1] 8.1463


NOTE: Log Print Time:  2022-03-06 13:20:53 
NOTE: Elapsed Time in seconds: 57.5342364311218 

[[1]]
            [,1]      [,2]     [,3]     [,4]
[1,] -0.06703457 -17.27664 961.3038 928.4187

[[2]]
[1] 8.1463


NOTE: Log Print Time:  2022-03-06 13:21:47 
NOTE: Elapsed Time in seconds: 54.3737103939056 

[[1]]
            [,1]      [,2]     [,3]     [,4]
[1,] -0.06703457 -17.27664 961.3038 928.4187

[[2]]
[1] 8.1463


NOTE: Log Print Time:  2022-03-06 13:22:43 
NOTE: Elapsed Time in seconds: 55.9614236354828 

[[1]]
            [,1]      [,2]    [,3]     [,4]
[1,] -0.06725103 -16.80334 949.563 3802.244

[[2]]
[1] 8.14716


NOTE: Log Print Time:  2022-03-06 13:23:39 
NOTE: Elapsed Time in seconds: 55.880478143692 

[[1]]
            [,1]      [,2]    [,3]     [,4]
[1,] -0.06725103 -16.80334 949.563 3802.244

[[2]]
[1] 8.14716


NOTE: Log Print Time:  2022-03-06 13:24:33 
NOTE: Elapsed Time in seconds: 54.6767921447754 

[[1]]
            [,1]      [,2]    [,3]     [,4]
[1,] -0.06725103 -16.80334 949.563 3802.244

[[2]]
[1] 8.14716


NOTE: Log Print Time:  2022-03-06 13:25:31 
NOTE: Elapsed Time in seconds: 57.7302498817444 

[[1]]
            [,1]      [,2]    [,3]     [,4]
[1,] -0.06725103 -16.80334 949.563 3802.244

[[2]]
[1] 8.14716


NOTE: Log Print Time:  2022-03-06 13:26:28 
NOTE: Elapsed Time in seconds: 56.8661186695099 

[[1]]
            [,1]      [,2]    [,3]     [,4]
[1,] -0.06725103 -16.80334 949.563 3802.244

[[2]]
[1] 8.14716


NOTE: Log Print Time:  2022-03-06 13:27:24 
NOTE: Elapsed Time in seconds: 56.1153299808502 

[[1]]
            [,1]      [,2]    [,3]     [,4]
[1,] -0.06725103 -16.80334 949.563 3802.244

[[2]]
[1] 8.14716


NOTE: Log Print Time:  2022-03-06 13:28:20 
NOTE: Elapsed Time in seconds: 55.731671333313 

[[1]]
            [,1]      [,2]    [,3]     [,4]
[1,] -0.06725103 -16.80334 949.563 3802.244

[[2]]
[1] 8.14716


NOTE: Log Print Time:  2022-03-06 13:29:15 
NOTE: Elapsed Time in seconds: 55.4655933380127 

[[1]]
            [,1]      [,2]    [,3]     [,4]
[1,] -0.06725103 -16.80334 949.563 3802.244

[[2]]
[1] 8.14716


NOTE: Log Print Time:  2022-03-06 13:30:11 
NOTE: Elapsed Time in seconds: 55.735255241394 

[[1]]
            [,1]      [,2]    [,3]     [,4]
[1,] -0.06725103 -16.80334 949.563 3802.244

[[2]]
[1] 8.14716


NOTE: Log Print Time:  2022-03-06 13:31:07 
NOTE: Elapsed Time in seconds: 55.5811710357666 

[[1]]
            [,1]      [,2]    [,3]     [,4]
[1,] -0.06725103 -16.80334 949.563 3802.244

[[2]]
[1] 8.14716


NOTE: Log Print Time:  2022-03-06 13:32:02 
NOTE: Elapsed Time in seconds: 55.7404353618622 

[[1]]
            [,1]      [,2]    [,3]     [,4]
[1,] -0.06725103 -16.80334 949.563 3802.244

[[2]]
[1] 8.14716


NOTE: Log Print Time:  2022-03-06 13:32:58 
NOTE: Elapsed Time in seconds: 55.3377141952515 

[[1]]
            [,1]      [,2]    [,3]     [,4]
[1,] -0.06725103 -16.80334 949.563 3802.244

[[2]]
[1] 8.14716


NOTE: Log Print Time:  2022-03-06 13:33:55 
NOTE: Elapsed Time in seconds: 56.8141613006592 

[[1]]
            [,1]      [,2]    [,3]     [,4]
[1,] -0.06725103 -16.80334 949.563 3802.244

[[2]]
[1] 8.14716


NOTE: Log Print Time:  2022-03-06 13:34:50 
NOTE: Elapsed Time in seconds: 55.679164648056 

[[1]]
            [,1]      [,2]    [,3]     [,4]
[1,] -0.06725103 -16.80334 949.563 3802.244

[[2]]
[1] 8.14716


NOTE: Log Print Time:  2022-03-06 13:35:46 
NOTE: Elapsed Time in seconds: 55.8224139213562 

[[1]]
            [,1]      [,2]    [,3]     [,4]
[1,] -0.06725103 -16.80334 949.563 3802.244

[[2]]
[1] 8.14716


NOTE: Log Print Time:  2022-03-06 13:36:41 
NOTE: Elapsed Time in seconds: 55.4217491149902 

[[1]]
            [,1]      [,2]    [,3]     [,4]
[1,] -0.06725103 -16.80334 949.563 3802.244

[[2]]
[1] 8.14716


NOTE: Log Print Time:  2022-03-06 13:37:37 
NOTE: Elapsed Time in seconds: 55.4660966396332 

[[1]]
            [,1]      [,2]     [,3]     [,4]
[1,] -0.06183687 -17.14581 964.3901 3649.441

[[2]]
[1] 8.147909


NOTE: Log Print Time:  2022-03-06 13:38:33 
NOTE: Elapsed Time in seconds: 55.5996582508087 

[[1]]
            [,1]      [,2]     [,3]     [,4]
[1,] -0.06183687 -17.14581 964.3901 3649.441

[[2]]
[1] 8.147909


NOTE: Log Print Time:  2022-03-06 13:39:30 
NOTE: Elapsed Time in seconds: 57.156632900238 

[[1]]
            [,1]      [,2]     [,3]     [,4]
[1,] -0.06183687 -17.14581 964.3901 3649.441

[[2]]
[1] 8.147909


NOTE: Log Print Time:  2022-03-06 13:40:26 
NOTE: Elapsed Time in seconds: 56.0827610492706 

[[1]]
            [,1]      [,2]     [,3]     [,4]
[1,] -0.06183687 -17.14581 964.3901 3649.441

[[2]]
[1] 8.147909


NOTE: Log Print Time:  2022-03-06 13:41:22 
NOTE: Elapsed Time in seconds: 56.0897359848022 

[[1]]
            [,1]      [,2]    [,3]     [,4]
[1,] -0.07444414 -16.62747 952.979 3766.224

[[2]]
[1] 8.148585


NOTE: Log Print Time:  2022-03-06 13:42:18 
NOTE: Elapsed Time in seconds: 56.4167017936707 

[[1]]
            [,1]      [,2]    [,3]     [,4]
[1,] -0.07444414 -16.62747 952.979 3766.224

[[2]]
[1] 8.148585


NOTE: Log Print Time:  2022-03-06 13:43:14 
NOTE: Elapsed Time in seconds: 55.7204256057739 

[[1]]
            [,1]      [,2]    [,3]     [,4]
[1,] -0.07444414 -16.62747 952.979 3766.224

[[2]]
[1] 8.148585


NOTE: Log Print Time:  2022-03-06 13:44:11 
NOTE: Elapsed Time in seconds: 57.2380840778351 

[[1]]
            [,1]      [,2]     [,3]     [,4]
[1,] -0.06759526 -16.94912 960.6138 3899.851

[[2]]
[1] 8.148936


NOTE: Log Print Time:  2022-03-06 13:45:06 
NOTE: Elapsed Time in seconds: 55.1315317153931 

[[1]]
            [,1]      [,2]     [,3]     [,4]
[1,] -0.06759526 -16.94912 960.6138 3899.851

[[2]]
[1] 8.148936


NOTE: Log Print Time:  2022-03-06 13:46:03 
NOTE: Elapsed Time in seconds: 56.4110841751099 

[[1]]
            [,1]      [,2]     [,3]     [,4]
[1,] -0.06759526 -16.94912 960.6138 3899.851

[[2]]
[1] 8.148936


NOTE: Log Print Time:  2022-03-06 13:47:04 
NOTE: Elapsed Time in seconds: 1.01657787561417 

[[1]]
            [,1]      [,2]     [,3]     [,4]
[1,] -0.06759526 -16.94912 960.6138 3899.851

[[2]]
[1] 8.148936


NOTE: Log Print Time:  2022-03-06 13:47:59 
NOTE: Elapsed Time in seconds: 55.3758146762848 

[[1]]
            [,1]      [,2]     [,3]     [,4]
[1,] -0.07205396 -16.84249 960.0416 3051.857

[[2]]
[1] 8.148944


NOTE: Log Print Time:  2022-03-06 13:48:54 
NOTE: Elapsed Time in seconds: 55.3209547996521 

[[1]]
            [,1]      [,2]     [,3]     [,4]
[1,] -0.08226554 -16.82847 958.4023 3613.812

[[2]]
[1] 8.149465


NOTE: Log Print Time:  2022-03-06 13:49:50 
NOTE: Elapsed Time in seconds: 55.0586695671082 

[[1]]
            [,1]      [,2]     [,3]     [,4]
[1,] -0.08226554 -16.82847 958.4023 3613.812

[[2]]
[1] 8.149465


NOTE: Log Print Time:  2022-03-06 13:50:47 
NOTE: Elapsed Time in seconds: 57.6758322715759 

[[1]]
            [,1]      [,2]     [,3]     [,4]
[1,] -0.08226554 -16.82847 958.4023 3613.812

[[2]]
[1] 8.149465


NOTE: Log Print Time:  2022-03-06 13:51:42 
NOTE: Elapsed Time in seconds: 54.4379708766937 

[[1]]
            [,1]      [,2]     [,3]     [,4]
[1,] -0.08226554 -16.82847 958.4023 3613.812

[[2]]
[1] 8.149465


NOTE: Log Print Time:  2022-03-06 13:52:37 
NOTE: Elapsed Time in seconds: 55.343585729599 

[[1]]
            [,1]      [,2]     [,3]     [,4]
[1,] -0.08226554 -16.82847 958.4023 3613.812

[[2]]
[1] 8.149465


NOTE: Log Print Time:  2022-03-06 13:53:34 
NOTE: Elapsed Time in seconds: 56.9254965782166 

[[1]]
            [,1]      [,2]     [,3]     [,4]
[1,] -0.08226554 -16.82847 958.4023 3613.812

[[2]]
[1] 8.149465


NOTE: Log Print Time:  2022-03-06 13:54:30 
NOTE: Elapsed Time in seconds: 56.1066768169403 

[[1]]
            [,1]      [,2]     [,3]     [,4]
[1,] -0.08226554 -16.82847 958.4023 3613.812

[[2]]
[1] 8.149465


NOTE: Log Print Time:  2022-03-06 13:55:26 
NOTE: Elapsed Time in seconds: 55.4922592639923 

[[1]]
            [,1]      [,2]     [,3]     [,4]
[1,] -0.08226554 -16.82847 958.4023 3613.812

[[2]]
[1] 8.149465


NOTE: Log Print Time:  2022-03-06 13:56:21 
NOTE: Elapsed Time in seconds: 55.914368391037 

[[1]]
            [,1]      [,2]     [,3]     [,4]
[1,] -0.08226554 -16.82847 958.4023 3613.812

[[2]]
[1] 8.149465


NOTE: Log Print Time:  2022-03-06 13:57:17 
NOTE: Elapsed Time in seconds: 55.7438914775848 

[[1]]
            [,1]      [,2]     [,3]     [,4]
[1,] -0.08226554 -16.82847 958.4023 3613.812

[[2]]
[1] 8.149465


NOTE: Log Print Time:  2022-03-06 13:58:13 
NOTE: Elapsed Time in seconds: 55.9602801799774 

[[1]]
            [,1]      [,2]     [,3]     [,4]
[1,] -0.08226554 -16.82847 958.4023 3613.812

[[2]]
[1] 8.149465


NOTE: Log Print Time:  2022-03-06 13:59:10 
NOTE: Elapsed Time in seconds: 56.7392280101776 

[[1]]
            [,1]      [,2]     [,3]     [,4]
[1,] -0.08226554 -16.82847 958.4023 3613.812

[[2]]
[1] 8.149465


NOTE: Log Print Time:  2022-03-06 14:00:06 
NOTE: Elapsed Time in seconds: 56.5101866722107 

[[1]]
            [,1]      [,2]     [,3]     [,4]
[1,] -0.08226554 -16.82847 958.4023 3613.812

[[2]]
[1] 8.149465


NOTE: Log Print Time:  2022-03-06 14:01:02 
NOTE: Elapsed Time in seconds: 55.9548799991608 

[[1]]
            [,1]      [,2]     [,3]     [,4]
[1,] -0.08226554 -16.82847 958.4023 3613.812

[[2]]
[1] 8.149465


NOTE: Log Print Time:  2022-03-06 14:01:59 
NOTE: Elapsed Time in seconds: 56.2595643997192 

[[1]]
            [,1]      [,2]     [,3]     [,4]
[1,] -0.08226554 -16.82847 958.4023 3613.812

[[2]]
[1] 8.149465


NOTE: Log Print Time:  2022-03-06 14:02:54 
NOTE: Elapsed Time in seconds: 55.2737896442413 

[[1]]
            [,1]      [,2]     [,3]     [,4]
[1,] -0.08226554 -16.82847 958.4023 3613.812

[[2]]
[1] 8.149465


NOTE: Log Print Time:  2022-03-06 14:03:50 
NOTE: Elapsed Time in seconds: 55.9213964939117 

[[1]]
            [,1]      [,2]     [,3]     [,4]
[1,] -0.08226554 -16.82847 958.4023 3613.812

[[2]]
[1] 8.149465


NOTE: Log Print Time:  2022-03-06 14:04:46 
NOTE: Elapsed Time in seconds: 56.5229728221893 

[[1]]
            [,1]      [,2]     [,3]     [,4]
[1,] -0.08226554 -16.82847 958.4023 3613.812

[[2]]
[1] 8.149465


NOTE: Log Print Time:  2022-03-06 14:05:49 
NOTE: Elapsed Time in seconds: 1.04734271367391 

[[1]]
            [,1]      [,2]     [,3]     [,4]
[1,] -0.08226554 -16.82847 958.4023 3613.812

[[2]]
[1] 8.149465


NOTE: Log Print Time:  2022-03-06 14:06:44 
NOTE: Elapsed Time in seconds: 54.3676347732544 

[[1]]
            [,1]      [,2]     [,3]     [,4]
[1,] -0.08226554 -16.82847 958.4023 3613.812

[[2]]
[1] 8.149465


NOTE: Log Print Time:  2022-03-06 14:07:39 
NOTE: Elapsed Time in seconds: 55.5749578475952 

[[1]]
            [,1]      [,2]     [,3]     [,4]
[1,] -0.08226554 -16.82847 958.4023 3613.812

[[2]]
[1] 8.149465


NOTE: Log Print Time:  2022-03-06 14:08:35 
NOTE: Elapsed Time in seconds: 56.2756388187408 

[[1]]
            [,1]      [,2]     [,3]     [,4]
[1,] -0.08226554 -16.82847 958.4023 3613.812

[[2]]
[1] 8.149465


NOTE: Log Print Time:  2022-03-06 14:09:32 
NOTE: Elapsed Time in seconds: 56.15766954422 

[[1]]
            [,1]      [,2]     [,3]     [,4]
[1,] -0.08226554 -16.82847 958.4023 3613.812

[[2]]
[1] 8.149465


NOTE: Log Print Time:  2022-03-06 14:10:26 
NOTE: Elapsed Time in seconds: 54.1930334568024 

[[1]]
            [,1]      [,2]     [,3]     [,4]
[1,] -0.08226554 -16.82847 958.4023 3613.812

[[2]]
[1] 8.149465


NOTE: Log Print Time:  2022-03-06 14:11:30 
NOTE: Elapsed Time in seconds: 1.0716172059377 

[[1]]
            [,1]      [,2]     [,3]     [,4]
[1,] -0.08226554 -16.82847 958.4023 3613.812

[[2]]
[1] 8.149465


NOTE: Log Print Time:  2022-03-06 14:12:26 
NOTE: Elapsed Time in seconds: 56.3837373256683 

[[1]]
            [,1]      [,2]     [,3]     [,4]
[1,] -0.08226554 -16.82847 958.4023 3613.812

[[2]]
[1] 8.149465


NOTE: Log Print Time:  2022-03-06 14:13:24 
NOTE: Elapsed Time in seconds: 57.9312438964844 

[[1]]
            [,1]      [,2]     [,3]     [,4]
[1,] -0.08226554 -16.82847 958.4023 3613.812

[[2]]
[1] 8.149465


NOTE: Log Print Time:  2022-03-06 14:14:21 
NOTE: Elapsed Time in seconds: 56.6390917301178 

[[1]]
            [,1]      [,2]     [,3]     [,4]
[1,] -0.08226554 -16.82847 958.4023 3613.812

[[2]]
[1] 8.149465


NOTE: Log Print Time:  2022-03-06 14:15:16 
NOTE: Elapsed Time in seconds: 55.2542953491211 

[[1]]
            [,1]      [,2]     [,3]     [,4]
[1,] -0.08226554 -16.82847 958.4023 3613.812

[[2]]
[1] 8.149465


NOTE: Log Print Time:  2022-03-06 14:16:13 
NOTE: Elapsed Time in seconds: 56.9398641586304 

[[1]]
            [,1]      [,2]     [,3]     [,4]
[1,] -0.08226554 -16.82847 958.4023 3613.812

[[2]]
[1] 8.149465


NOTE: Log Print Time:  2022-03-06 14:17:09 
NOTE: Elapsed Time in seconds: 55.9111263751984 

[[1]]
            [,1]      [,2]     [,3]     [,4]
[1,] -0.08226554 -16.82847 958.4023 3613.812

[[2]]
[1] 8.149465


NOTE: Log Print Time:  2022-03-06 14:18:07 
NOTE: Elapsed Time in seconds: 57.5844140052795 

[[1]]
            [,1]      [,2]     [,3]     [,4]
[1,] -0.08226554 -16.82847 958.4023 3613.812

[[2]]
[1] 8.149465


NOTE: Log Print Time:  2022-03-06 14:19:02 
NOTE: Elapsed Time in seconds: 55.6881437301636 

[[1]]
           [,1]      [,2]    [,3]     [,4]
[1,] -0.0770591 -16.82215 959.155 3423.501

[[2]]
[1] 8.149553


NOTE: Log Print Time:  2022-03-06 14:19:58 
NOTE: Elapsed Time in seconds: 56.1049172878265 

[[1]]
           [,1]      [,2]    [,3]     [,4]
[1,] -0.0770591 -16.82215 959.155 3423.501

[[2]]
[1] 8.149553


NOTE: Log Print Time:  2022-03-06 14:20:55 
NOTE: Elapsed Time in seconds: 56.3039493560791 

[[1]]
           [,1]      [,2]    [,3]     [,4]
[1,] -0.0770591 -16.82215 959.155 3423.501

[[2]]
[1] 8.149553


NOTE: Log Print Time:  2022-03-06 14:21:52 
NOTE: Elapsed Time in seconds: 56.9493663311005 

[[1]]
           [,1]      [,2]    [,3]     [,4]
[1,] -0.0770591 -16.82215 959.155 3423.501

[[2]]
[1] 8.149553


NOTE: Log Print Time:  2022-03-06 14:22:47 
NOTE: Elapsed Time in seconds: 55.7282433509827 

[[1]]
            [,1]      [,2]     [,3]     [,4]
[1,] -0.07697002 -16.85966 959.0389 3873.929

[[2]]
[1] 8.149871


NOTE: Log Print Time:  2022-03-06 14:23:44 
NOTE: Elapsed Time in seconds: 56.2294797897339 

[[1]]
            [,1]      [,2]     [,3]     [,4]
[1,] -0.07697002 -16.85966 959.0389 3873.929

[[2]]
[1] 8.149871


NOTE: Log Print Time:  2022-03-06 14:24:41 
NOTE: Elapsed Time in seconds: 57.6914057731628 

[[1]]
            [,1]      [,2]     [,3]     [,4]
[1,] -0.07697002 -16.85966 959.0389 3873.929

[[2]]
[1] 8.149871


NOTE: Log Print Time:  2022-03-06 14:25:36 
NOTE: Elapsed Time in seconds: 54.6776719093323 

[[1]]
            [,1]      [,2]     [,3]     [,4]
[1,] -0.07697002 -16.85966 959.0389 3873.929

[[2]]
[1] 8.149871


NOTE: Log Print Time:  2022-03-06 14:26:32 
NOTE: Elapsed Time in seconds: 55.863890171051 

[[1]]
            [,1]      [,2]     [,3]     [,4]
[1,] -0.07668613 -16.91091 959.8476 3795.269

[[2]]
[1] 8.14991


NOTE: Log Print Time:  2022-03-06 14:27:27 
NOTE: Elapsed Time in seconds: 55.4485123157501 

[[1]]
            [,1]      [,2]     [,3]     [,4]
[1,] -0.07668613 -16.91091 959.8476 3795.269

[[2]]
[1] 8.14991


NOTE: Log Print Time:  2022-03-06 14:28:25 
NOTE: Elapsed Time in seconds: 57.3200178146362 

[[1]]
            [,1]      [,2]     [,3]     [,4]
[1,] -0.07668613 -16.91091 959.8476 3795.269

[[2]]
[1] 8.14991


NOTE: Log Print Time:  2022-03-06 14:29:21 
NOTE: Elapsed Time in seconds: 56.4197437763214 

[[1]]
            [,1]      [,2]     [,3]     [,4]
[1,] -0.07668613 -16.91091 959.8476 3795.269

[[2]]
[1] 8.14991


NOTE: Log Print Time:  2022-03-06 14:30:17 
NOTE: Elapsed Time in seconds: 55.9408130645752 

[[1]]
            [,1]      [,2]     [,3]     [,4]
[1,] -0.07668613 -16.91091 959.8476 3795.269

[[2]]
[1] 8.14991


NOTE: Log Print Time:  2022-03-06 14:31:12 
NOTE: Elapsed Time in seconds: 55.2214806079865 

[[1]]
            [,1]      [,2]     [,3]     [,4]
[1,] -0.07668613 -16.91091 959.8476 3795.269

[[2]]
[1] 8.14991


NOTE: Log Print Time:  2022-03-06 14:32:07 
NOTE: Elapsed Time in seconds: 54.3509838581085 

[[1]]
            [,1]      [,2]     [,3]     [,4]
[1,] -0.07668613 -16.91091 959.8476 3795.269

[[2]]
[1] 8.14991


NOTE: Log Print Time:  2022-03-06 14:33:03 
NOTE: Elapsed Time in seconds: 56.5235433578491 

[[1]]
            [,1]      [,2]     [,3]     [,4]
[1,] -0.07668613 -16.91091 959.8476 3795.269

[[2]]
[1] 8.14991


NOTE: Log Print Time:  2022-03-06 14:33:59 
NOTE: Elapsed Time in seconds: 55.5954320430756 

[[1]]
            [,1]      [,2]     [,3]     [,4]
[1,] -0.07668613 -16.91091 959.8476 3795.269

[[2]]
[1] 8.14991


NOTE: Log Print Time:  2022-03-06 14:34:55 
NOTE: Elapsed Time in seconds: 56.3389248847961 

[[1]]
            [,1]      [,2]     [,3]     [,4]
[1,] -0.07668613 -16.91091 959.8476 3795.269

[[2]]
[1] 8.14991


NOTE: Log Print Time:  2022-03-06 14:35:51 
NOTE: Elapsed Time in seconds: 55.9657373428345 

[[1]]
            [,1]      [,2]     [,3]     [,4]
[1,] -0.07668613 -16.91091 959.8476 3795.269

[[2]]
[1] 8.14991


NOTE: Log Print Time:  2022-03-06 14:36:47 
NOTE: Elapsed Time in seconds: 56.0171241760254 

[[1]]
            [,1]      [,2]     [,3]     [,4]
[1,] -0.07668613 -16.91091 959.8476 3795.269

[[2]]
[1] 8.14991


NOTE: Log Print Time:  2022-03-06 14:37:43 
NOTE: Elapsed Time in seconds: 55.6037442684174 

[[1]]
            [,1]      [,2]     [,3]     [,4]
[1,] -0.07668613 -16.91091 959.8476 3795.269

[[2]]
[1] 8.14991


NOTE: Log Print Time:  2022-03-06 14:38:38 
NOTE: Elapsed Time in seconds: 55.848778963089 

[[1]]
            [,1]      [,2]     [,3]     [,4]
[1,] -0.07668613 -16.91091 959.8476 3795.269

[[2]]
[1] 8.14991


NOTE: Log Print Time:  2022-03-06 14:39:36 
NOTE: Elapsed Time in seconds: 57.6564257144928 

[[1]]
            [,1]      [,2]     [,3]     [,4]
[1,] -0.07394769 -18.04602 988.3328 3155.666

[[2]]
[1] 8.150561


NOTE: Log Print Time:  2022-03-06 14:40:32 
NOTE: Elapsed Time in seconds: 55.7704963684082 

[[1]]
            [,1]      [,2]     [,3]     [,4]
[1,] -0.07394769 -18.04602 988.3328 3155.666

[[2]]
[1] 8.150561


NOTE: Log Print Time:  2022-03-06 14:41:28 
NOTE: Elapsed Time in seconds: 56.2853436470032 

[[1]]
            [,1]      [,2]     [,3]     [,4]
[1,] -0.07394769 -18.04602 988.3328 3155.666

[[2]]
[1] 8.150561


NOTE: Log Print Time:  2022-03-06 14:42:25 
NOTE: Elapsed Time in seconds: 56.6327567100525 

[[1]]
            [,1]      [,2]     [,3]     [,4]
[1,] -0.07394769 -18.04602 988.3328 3155.666

[[2]]
[1] 8.150561


NOTE: Log Print Time:  2022-03-06 14:43:22 
NOTE: Elapsed Time in seconds: 56.9830112457275 

[[1]]
            [,1]      [,2]     [,3]     [,4]
[1,] -0.07394769 -18.04602 988.3328 3155.666

[[2]]
[1] 8.150561


NOTE: Log Print Time:  2022-03-06 14:44:19 
NOTE: Elapsed Time in seconds: 57.5078735351562 

[[1]]
            [,1]      [,2]     [,3]     [,4]
[1,] -0.07394769 -18.04602 988.3328 3155.666

[[2]]
[1] 8.150561


NOTE: Log Print Time:  2022-03-06 14:45:13 
NOTE: Elapsed Time in seconds: 53.8611443042755 

[[1]]
            [,1]      [,2]     [,3]     [,4]
[1,] -0.07394769 -18.04602 988.3328 3155.666

[[2]]
[1] 8.150561


NOTE: Log Print Time:  2022-03-06 14:46:09 
NOTE: Elapsed Time in seconds: 55.3851191997528 

[[1]]
            [,1]      [,2]     [,3]     [,4]
[1,] -0.07394769 -18.04602 988.3328 3155.666

[[2]]
[1] 8.150561


NOTE: Log Print Time:  2022-03-06 14:47:04 
NOTE: Elapsed Time in seconds: 55.5666949748993 

[[1]]
            [,1]      [,2]     [,3]     [,4]
[1,] -0.07394769 -18.04602 988.3328 3155.666

[[2]]
[1] 8.150561


NOTE: Log Print Time:  2022-03-06 14:48:00 
NOTE: Elapsed Time in seconds: 55.7359595298767 

[[1]]
            [,1]      [,2]     [,3]     [,4]
[1,] -0.07394769 -18.04602 988.3328 3155.666

[[2]]
[1] 8.150561


NOTE: Log Print Time:  2022-03-06 14:48:57 
NOTE: Elapsed Time in seconds: 57.3422386646271 

[[1]]
            [,1]      [,2]     [,3]     [,4]
[1,] -0.07394769 -18.04602 988.3328 3155.666

[[2]]
[1] 8.150561


NOTE: Log Print Time:  2022-03-06 14:49:53 
NOTE: Elapsed Time in seconds: 55.2999360561371 

[[1]]
            [,1]      [,2]     [,3]     [,4]
[1,] -0.07394769 -18.04602 988.3328 3155.666

[[2]]
[1] 8.150561


NOTE: Log Print Time:  2022-03-06 14:50:49 
NOTE: Elapsed Time in seconds: 56.2498314380646 

[[1]]
            [,1]      [,2]     [,3]     [,4]
[1,] -0.07394769 -18.04602 988.3328 3155.666

[[2]]
[1] 8.150561


NOTE: Log Print Time:  2022-03-06 14:51:44 
NOTE: Elapsed Time in seconds: 55.5866732597351 

[[1]]
            [,1]      [,2]     [,3]     [,4]
[1,] -0.07629444 -16.94894 973.9348 3161.915

[[2]]
[1] 8.151266


NOTE: Log Print Time:  2022-03-06 14:52:40 
NOTE: Elapsed Time in seconds: 55.7067360877991 

[[1]]
            [,1]      [,2]     [,3]     [,4]
[1,] -0.07629444 -16.94894 973.9348 3161.915

[[2]]
[1] 8.151266


NOTE: Log Print Time:  2022-03-06 14:53:38 
NOTE: Elapsed Time in seconds: 57.8429617881775 

[[1]]
            [,1]      [,2]     [,3]     [,4]
[1,] -0.08520314 -17.16686 992.5154 2790.237

[[2]]
[1] 8.15272


NOTE: Log Print Time:  2022-03-06 14:54:34 
NOTE: Elapsed Time in seconds: 56.3963205814362 

[[1]]
            [,1]      [,2]     [,3]     [,4]
[1,] -0.08520314 -17.16686 992.5154 2790.237

[[2]]
[1] 8.15272


NOTE: Log Print Time:  2022-03-06 14:55:29 
NOTE: Elapsed Time in seconds: 54.9032628536224 

[[1]]
            [,1]      [,2]     [,3]     [,4]
[1,] -0.08520314 -17.16686 992.5154 2790.237

[[2]]
[1] 8.15272


NOTE: Log Print Time:  2022-03-06 14:56:26 
NOTE: Elapsed Time in seconds: 56.3567872047424 

[[1]]
            [,1]      [,2]     [,3]     [,4]
[1,] -0.08520314 -17.16686 992.5154 2790.237

[[2]]
[1] 8.15272


NOTE: Log Print Time:  2022-03-06 14:57:21 
NOTE: Elapsed Time in seconds: 55.6559991836548 

[[1]]
            [,1]      [,2]     [,3]     [,4]
[1,] -0.08520314 -17.16686 992.5154 2790.237

[[2]]
[1] 8.15272


NOTE: Log Print Time:  2022-03-06 14:58:17 
NOTE: Elapsed Time in seconds: 56.1991102695465 

[[1]]
            [,1]      [,2]     [,3]     [,4]
[1,] -0.08520314 -17.16686 992.5154 2790.237

[[2]]
[1] 8.15272


NOTE: Log Print Time:  2022-03-06 14:59:12 
NOTE: Elapsed Time in seconds: 54.7489576339722 

[[1]]
            [,1]      [,2]     [,3]     [,4]
[1,] -0.08520314 -17.16686 992.5154 2790.237

[[2]]
[1] 8.15272


NOTE: Log Print Time:  2022-03-06 15:00:09 
NOTE: Elapsed Time in seconds: 56.7099347114563 

[[1]]
            [,1]      [,2]     [,3]     [,4]
[1,] -0.08520314 -17.16686 992.5154 2790.237

[[2]]
[1] 8.15272


NOTE: Log Print Time:  2022-03-06 15:01:05 
NOTE: Elapsed Time in seconds: 55.7405998706818 

[[1]]
            [,1]      [,2]     [,3]     [,4]
[1,] -0.08520314 -17.16686 992.5154 2790.237

[[2]]
[1] 8.15272


NOTE: Log Print Time:  2022-03-06 15:02:01 
NOTE: Elapsed Time in seconds: 56.283855676651 

[[1]]
            [,1]      [,2]     [,3]     [,4]
[1,] -0.08520314 -17.16686 992.5154 2790.237

[[2]]
[1] 8.15272


NOTE: Log Print Time:  2022-03-06 15:02:56 
NOTE: Elapsed Time in seconds: 54.7585251331329 

[[1]]
            [,1]      [,2]     [,3]     [,4]
[1,] -0.08520314 -17.16686 992.5154 2790.237

[[2]]
[1] 8.15272


NOTE: Log Print Time:  2022-03-06 15:03:51 
NOTE: Elapsed Time in seconds: 55.5858609676361 

[[1]]
            [,1]      [,2]     [,3]     [,4]
[1,] -0.08520314 -17.16686 992.5154 2790.237

[[2]]
[1] 8.15272


NOTE: Log Print Time:  2022-03-06 15:04:48 
NOTE: Elapsed Time in seconds: 56.5278334617615 

[[1]]
            [,1]      [,2]     [,3]     [,4]
[1,] -0.08520314 -17.16686 992.5154 2790.237

[[2]]
[1] 8.15272


NOTE: Log Print Time:  2022-03-06 15:05:44 
NOTE: Elapsed Time in seconds: 56.2494678497314 

[[1]]
            [,1]      [,2]     [,3]     [,4]
[1,] -0.08520314 -17.16686 992.5154 2790.237

[[2]]
[1] 8.15272


NOTE: Log Print Time:  2022-03-06 15:06:40 
NOTE: Elapsed Time in seconds: 56.2784190177917 

[[1]]
            [,1]      [,2]     [,3]     [,4]
[1,] -0.08520314 -17.16686 992.5154 2790.237

[[2]]
[1] 8.15272


NOTE: Log Print Time:  2022-03-06 15:07:36 
NOTE: Elapsed Time in seconds: 55.4505743980408 

[[1]]
            [,1]      [,2]     [,3]     [,4]
[1,] -0.08520314 -17.16686 992.5154 2790.237

[[2]]
[1] 8.15272


NOTE: Log Print Time:  2022-03-06 15:08:29 
NOTE: Elapsed Time in seconds: 53.3638672828674 

[[1]]
            [,1]      [,2]     [,3]     [,4]
[1,] -0.08520314 -17.16686 992.5154 2790.237

[[2]]
[1] 8.15272


NOTE: Log Print Time:  2022-03-06 15:09:25 
NOTE: Elapsed Time in seconds: 55.6268103122711 

[[1]]
            [,1]      [,2]     [,3]     [,4]
[1,] -0.08520314 -17.16686 992.5154 2790.237

[[2]]
[1] 8.15272


NOTE: Log Print Time:  2022-03-06 15:10:19 
NOTE: Elapsed Time in seconds: 53.9685246944427 

[[1]]
            [,1]      [,2]     [,3]     [,4]
[1,] -0.08520314 -17.16686 992.5154 2790.237

[[2]]
[1] 8.15272


NOTE: Log Print Time:  2022-03-06 15:11:13 
NOTE: Elapsed Time in seconds: 54.5538837909698 

[[1]]
            [,1]      [,2]     [,3]     [,4]
[1,] -0.08520314 -17.16686 992.5154 2790.237

[[2]]
[1] 8.15272


NOTE: Log Print Time:  2022-03-06 15:12:10 
NOTE: Elapsed Time in seconds: 56.6614229679108 

[[1]]
            [,1]      [,2]     [,3]     [,4]
[1,] -0.08520314 -17.16686 992.5154 2790.237

[[2]]
[1] 8.15272


NOTE: Log Print Time:  2022-03-06 15:13:06 
NOTE: Elapsed Time in seconds: 56.5658354759216 

[[1]]
            [,1]      [,2]     [,3]     [,4]
[1,] -0.08520314 -17.16686 992.5154 2790.237

[[2]]
[1] 8.15272


NOTE: Log Print Time:  2022-03-06 15:14:01 
NOTE: Elapsed Time in seconds: 54.6864800453186 

[[1]]
            [,1]      [,2]     [,3]     [,4]
[1,] -0.08520314 -17.16686 992.5154 2790.237

[[2]]
[1] 8.15272


NOTE: Log Print Time:  2022-03-06 15:14:55 
NOTE: Elapsed Time in seconds: 53.6895046234131 

[[1]]
            [,1]      [,2]     [,3]     [,4]
[1,] -0.08520314 -17.16686 992.5154 2790.237

[[2]]
[1] 8.15272


NOTE: Log Print Time:  2022-03-06 15:15:51 
NOTE: Elapsed Time in seconds: 55.6984903812408 

[[1]]
            [,1]      [,2]     [,3]     [,4]
[1,] -0.07495858 -17.18397 987.9523 3049.545

[[2]]
[1] 8.153011


NOTE: Log Print Time:  2022-03-06 15:16:45 
NOTE: Elapsed Time in seconds: 54.3210833072662 

[[1]]
            [,1]      [,2]     [,3]     [,4]
[1,] -0.07495858 -17.18397 987.9523 3049.545

[[2]]
[1] 8.153011


NOTE: Log Print Time:  2022-03-06 15:17:41 
NOTE: Elapsed Time in seconds: 56.3391978740692 

[[1]]
            [,1]      [,2]     [,3]     [,4]
[1,] -0.07495858 -17.18397 987.9523 3049.545

[[2]]
[1] 8.153011


NOTE: Log Print Time:  2022-03-06 15:18:39 
NOTE: Elapsed Time in seconds: 57.3663520812988 

[[1]]
            [,1]      [,2]     [,3]     [,4]
[1,] -0.07495858 -17.18397 987.9523 3049.545

[[2]]
[1] 8.153011


NOTE: Log Print Time:  2022-03-06 15:19:34 
NOTE: Elapsed Time in seconds: 55.0244293212891 

[[1]]
            [,1]      [,2]     [,3]     [,4]
[1,] -0.07495858 -17.18397 987.9523 3049.545

[[2]]
[1] 8.153011


NOTE: Log Print Time:  2022-03-06 15:20:30 
NOTE: Elapsed Time in seconds: 56.4043874740601 

[[1]]
            [,1]      [,2]     [,3]     [,4]
[1,] -0.07495858 -17.18397 987.9523 3049.545

[[2]]
[1] 8.153011


NOTE: Log Print Time:  2022-03-06 15:21:27 
NOTE: Elapsed Time in seconds: 57.3830854892731 

[[1]]
            [,1]      [,2]     [,3]     [,4]
[1,] -0.07495858 -17.18397 987.9523 3049.545

[[2]]
[1] 8.153011


NOTE: Log Print Time:  2022-03-06 15:22:23 
NOTE: Elapsed Time in seconds: 55.2858679294586 

[[1]]
            [,1]      [,2]     [,3]     [,4]
[1,] -0.07495858 -17.18397 987.9523 3049.545

[[2]]
[1] 8.153011


NOTE: Log Print Time:  2022-03-06 15:23:18 
NOTE: Elapsed Time in seconds: 54.881144285202 

[[1]]
            [,1]      [,2]     [,3]     [,4]
[1,] -0.07495858 -17.18397 987.9523 3049.545

[[2]]
[1] 8.153011


NOTE: Log Print Time:  2022-03-06 15:24:14 
NOTE: Elapsed Time in seconds: 56.298415184021 

[[1]]
            [,1]      [,2]     [,3]     [,4]
[1,] -0.07495858 -17.18397 987.9523 3049.545

[[2]]
[1] 8.153011


NOTE: Log Print Time:  2022-03-06 15:25:09 
NOTE: Elapsed Time in seconds: 54.7409818172455 

[[1]]
            [,1]      [,2]     [,3]     [,4]
[1,] -0.07495858 -17.18397 987.9523 3049.545

[[2]]
[1] 8.153011


NOTE: Log Print Time:  2022-03-06 15:26:06 
NOTE: Elapsed Time in seconds: 56.8996932506561 

[[1]]
            [,1]      [,2]     [,3]     [,4]
[1,] -0.07495858 -17.18397 987.9523 3049.545

[[2]]
[1] 8.153011


NOTE: Log Print Time:  2022-03-06 15:27:01 
NOTE: Elapsed Time in seconds: 55.4068038463593 

[[1]]
            [,1]      [,2]     [,3]     [,4]
[1,] -0.07495858 -17.18397 987.9523 3049.545

[[2]]
[1] 8.153011


NOTE: Log Print Time:  2022-03-06 15:27:54 
NOTE: Elapsed Time in seconds: 53.1570801734924 

[[1]]
            [,1]      [,2]     [,3]     [,4]
[1,] -0.07495858 -17.18397 987.9523 3049.545

[[2]]
[1] 8.153011


NOTE: Log Print Time:  2022-03-06 15:28:50 
NOTE: Elapsed Time in seconds: 55.9673638343811 

[[1]]
            [,1]      [,2]     [,3]     [,4]
[1,] -0.07495858 -17.18397 987.9523 3049.545

[[2]]
[1] 8.153011


NOTE: Log Print Time:  2022-03-06 15:29:45 
NOTE: Elapsed Time in seconds: 54.9187827110291 

[[1]]
            [,1]      [,2]     [,3]     [,4]
[1,] -0.07495858 -17.18397 987.9523 3049.545

[[2]]
[1] 8.153011


NOTE: Log Print Time:  2022-03-06 15:30:39 
NOTE: Elapsed Time in seconds: 53.9976975917816 

[[1]]
            [,1]      [,2]     [,3]     [,4]
[1,] -0.07495858 -17.18397 987.9523 3049.545

[[2]]
[1] 8.153011


NOTE: Log Print Time:  2022-03-06 15:31:34 
NOTE: Elapsed Time in seconds: 55.350998878479 

[[1]]
            [,1]      [,2]     [,3]     [,4]
[1,] -0.07495858 -17.18397 987.9523 3049.545

[[2]]
[1] 8.153011


NOTE: Log Print Time:  2022-03-06 15:32:30 
NOTE: Elapsed Time in seconds: 55.8348889350891 

[[1]]
            [,1]      [,2]     [,3]     [,4]
[1,] -0.07495858 -17.18397 987.9523 3049.545

[[2]]
[1] 8.153011


NOTE: Log Print Time:  2022-03-06 15:33:26 
NOTE: Elapsed Time in seconds: 55.5120704174042 

[[1]]
            [,1]      [,2]     [,3]     [,4]
[1,] -0.07495858 -17.18397 987.9523 3049.545

[[2]]
[1] 8.153011


NOTE: Log Print Time:  2022-03-06 15:34:21 
NOTE: Elapsed Time in seconds: 55.3197901248932 

[[1]]
            [,1]      [,2]     [,3]     [,4]
[1,] -0.07495858 -17.18397 987.9523 3049.545

[[2]]
[1] 8.153011


NOTE: Log Print Time:  2022-03-06 15:35:18 
NOTE: Elapsed Time in seconds: 57.4849345684052 

[[1]]
            [,1]      [,2]     [,3]     [,4]
[1,] -0.07495858 -17.18397 987.9523 3049.545

[[2]]
[1] 8.153011


NOTE: Log Print Time:  2022-03-06 15:36:15 
NOTE: Elapsed Time in seconds: 56.6702854633331 

[[1]]
            [,1]      [,2]     [,3]     [,4]
[1,] -0.07495858 -17.18397 987.9523 3049.545

[[2]]
[1] 8.153011


NOTE: Log Print Time:  2022-03-06 15:37:12 
NOTE: Elapsed Time in seconds: 56.9109055995941 

[[1]]
            [,1]      [,2]     [,3]     [,4]
[1,] -0.07495858 -17.18397 987.9523 3049.545

[[2]]
[1] 8.153011


NOTE: Log Print Time:  2022-03-06 15:38:07 
NOTE: Elapsed Time in seconds: 55.2416613101959 

[[1]]
            [,1]      [,2]     [,3]     [,4]
[1,] -0.07613712 -17.24553 992.1376 3043.327

[[2]]
[1] 8.153585


NOTE: Log Print Time:  2022-03-06 15:39:04 
NOTE: Elapsed Time in seconds: 57.0721943378448 

[[1]]
            [,1]      [,2]     [,3]     [,4]
[1,] -0.07613712 -17.24553 992.1376 3043.327

[[2]]
[1] 8.153585


NOTE: Log Print Time:  2022-03-06 15:40:01 
NOTE: Elapsed Time in seconds: 56.7463181018829 

[[1]]
            [,1]      [,2]     [,3]     [,4]
[1,] -0.07613712 -17.24553 992.1376 3043.327

[[2]]
[1] 8.153585


NOTE: Log Print Time:  2022-03-06 15:40:57 
NOTE: Elapsed Time in seconds: 55.5957038402557 

[[1]]
            [,1]      [,2]     [,3]     [,4]
[1,] -0.07613712 -17.24553 992.1376 3043.327

[[2]]
[1] 8.153585


NOTE: Log Print Time:  2022-03-06 15:41:51 
NOTE: Elapsed Time in seconds: 54.6789753437042 

[[1]]
            [,1]      [,2]     [,3]     [,4]
[1,] -0.07613712 -17.24553 992.1376 3043.327

[[2]]
[1] 8.153585


NOTE: Log Print Time:  2022-03-06 15:42:48 
NOTE: Elapsed Time in seconds: 56.5122976303101 

[[1]]
            [,1]      [,2]     [,3]     [,4]
[1,] -0.07613712 -17.24553 992.1376 3043.327

[[2]]
[1] 8.153585


NOTE: Log Print Time:  2022-03-06 15:43:50 
NOTE: Elapsed Time in seconds: 1.02821746667226 

[[1]]
            [,1]      [,2]     [,3]     [,4]
[1,] -0.07613712 -17.24553 992.1376 3043.327

[[2]]
[1] 8.153585


NOTE: Log Print Time:  2022-03-06 15:44:46 
NOTE: Elapsed Time in seconds: 56.2053282260895 

[[1]]
            [,1]      [,2]     [,3]     [,4]
[1,] -0.07613712 -17.24553 992.1376 3043.327

[[2]]
[1] 8.153585


NOTE: Log Print Time:  2022-03-06 15:45:43 
NOTE: Elapsed Time in seconds: 57.180609703064 

[[1]]
            [,1]      [,2]     [,3]     [,4]
[1,] -0.07831214 -17.14939 990.9274 4770.606

[[2]]
[1] 8.154605


NOTE: Log Print Time:  2022-03-06 15:46:38 
NOTE: Elapsed Time in seconds: 55.1883509159088 

