========================================================================= 
Log Path: /scratch/wanglu57/job_scripts/log/2022-03-24_si-R-log-emp_ga.log 
Program Path: /scratch/wanglu57/job_scripts/2022-03-24_si-R-log-emp.R 
Working Directory: /scratch/wanglu57/job_scripts 
User Name: wanglu57 
R Version: 4.0.2 (2020-06-22) 
Machine: cdr2454.int.cedar.computecanada.ca x86_64 
Operating System: Linux 3.10.0-1160.53.1.el7.x86_64 #1 SMP Fri Jan 14 13:59:45 UTC 2022 
[1] "Base Packages: parallel stats graphics grDevices utils datasets methods\n               base \nOther Packages: doRNG_1.8.2 rngtools_1.5.2 here_1.0.1 GA_3.2.2 doParallel_1.0.16\n                iterators_1.0.13 foreach_1.5.1 "
Log Start Time: 2022-03-24 18:07:50 
========================================================================= 

[[1]]
          [,1]      [,2]      [,3]     [,4]
[1,] 0.6485773 -95.01005 -79.18945 21.54911

[[2]]
[1] 1.83803


NOTE: Log Print Time:  2022-03-24 18:09:04 
NOTE: Elapsed Time in seconds: 1.23261477549871 

[[1]]
          [,1]      [,2]      [,3]     [,4]
[1,] 0.6485773 -95.01005 -79.18945 21.54911

[[2]]
[1] 1.83803


NOTE: Log Print Time:  2022-03-24 18:10:06 
NOTE: Elapsed Time in seconds: 1.0220333814621 

[[1]]
          [,1]      [,2]      [,3]     [,4]
[1,] 0.6485773 -95.01005 -79.18945 21.54911

[[2]]
[1] 1.83803


NOTE: Log Print Time:  2022-03-24 18:11:07 
NOTE: Elapsed Time in seconds: 1.02299925088882 

[[1]]
          [,1]      [,2]      [,3]     [,4]
[1,] 0.6485773 -95.01005 -79.18945 21.54911

[[2]]
[1] 1.83803


NOTE: Log Print Time:  2022-03-24 18:12:09 
NOTE: Elapsed Time in seconds: 1.02764168580373 

[[1]]
           [,1]      [,2]      [,3]     [,4]
[1,] -0.7107381 -95.01005 -79.18945 21.54911

[[2]]
[1] 1.903607


NOTE: Log Print Time:  2022-03-24 18:13:10 
NOTE: Elapsed Time in seconds: 1.02920225858688 

[[1]]
           [,1]      [,2]      [,3]     [,4]
[1,] -0.6757339 -44.30257 -168.8485 33.75745

[[2]]
[1] 1.996908


NOTE: Log Print Time:  2022-03-24 18:14:19 
NOTE: Elapsed Time in seconds: 1.14096559286118 

[[1]]
           [,1]      [,2]      [,3]     [,4]
[1,] -0.6757339 -44.30257 -168.8485 33.75745

[[2]]
[1] 1.996908


NOTE: Log Print Time:  2022-03-24 18:15:26 
NOTE: Elapsed Time in seconds: 1.11479949156443 

[[1]]
           [,1]      [,2]      [,3]     [,4]
[1,] -0.6757339 -44.30257 -168.8485 33.75745

[[2]]
[1] 1.996908


NOTE: Log Print Time:  2022-03-24 18:16:29 
NOTE: Elapsed Time in seconds: 1.0501913746198 

[[1]]
           [,1]      [,2]      [,3]     [,4]
[1,] -0.6757339 -44.30257 -168.8485 33.75745

[[2]]
[1] 1.996908


NOTE: Log Print Time:  2022-03-24 18:17:31 
NOTE: Elapsed Time in seconds: 1.04460170666377 

[[1]]
           [,1]      [,2]      [,3]     [,4]
[1,] -0.6757339 -44.30257 -168.8485 33.75745

[[2]]
[1] 1.996908


NOTE: Log Print Time:  2022-03-24 18:18:34 
NOTE: Elapsed Time in seconds: 1.04456204573313 

[[1]]
           [,1]      [,2]      [,3]     [,4]
[1,] -0.6757339 -44.30257 -168.8485 33.75745

[[2]]
[1] 1.996908


NOTE: Log Print Time:  2022-03-24 18:19:41 
NOTE: Elapsed Time in seconds: 1.11958770751953 

[[1]]
           [,1]      [,2]      [,3]     [,4]
[1,] -0.6757339 -44.30257 -168.8485 33.75745

[[2]]
[1] 1.996908


NOTE: Log Print Time:  2022-03-24 18:20:44 
NOTE: Elapsed Time in seconds: 1.04433937867482 

[[1]]
           [,1]      [,2]      [,3]     [,4]
[1,] -0.6757339 -44.30257 -168.8485 33.75745

[[2]]
[1] 1.996908


NOTE: Log Print Time:  2022-03-24 18:21:46 
NOTE: Elapsed Time in seconds: 1.03372523784637 

[[1]]
         [,1]      [,2]      [,3]     [,4]
[1,] 0.336625 -56.10785 -391.5724 64.89268

[[2]]
[1] 2.006495


NOTE: Log Print Time:  2022-03-24 18:22:53 
NOTE: Elapsed Time in seconds: 1.11872007052104 

[[1]]
         [,1]      [,2]      [,3]     [,4]
[1,] 0.336625 -56.10785 -391.5724 64.89268

[[2]]
[1] 2.006495


NOTE: Log Print Time:  2022-03-24 18:24:02 
NOTE: Elapsed Time in seconds: 1.14206817944845 

[[1]]
         [,1]      [,2]      [,3]     [,4]
[1,] 0.336625 -56.10785 -391.5724 64.89268

[[2]]
[1] 2.006495


NOTE: Log Print Time:  2022-03-24 18:25:04 
NOTE: Elapsed Time in seconds: 1.0371919353803 

[[1]]
         [,1]      [,2]      [,3]     [,4]
[1,] 0.336625 -56.10785 -391.5724 64.89268

[[2]]
[1] 2.006495


NOTE: Log Print Time:  2022-03-24 18:26:11 
NOTE: Elapsed Time in seconds: 1.12083903153737 

[[1]]
           [,1]     [,2]      [,3]    [,4]
[1,] -0.3636647 2.832863 -213.3296 35.5232

[[2]]
[1] 2.252148


NOTE: Log Print Time:  2022-03-24 18:27:13 
NOTE: Elapsed Time in seconds: 1.03713269233704 

[[1]]
           [,1]     [,2]      [,3]    [,4]
[1,] -0.3636647 2.832863 -213.3296 35.5232

[[2]]
[1] 2.252148


NOTE: Log Print Time:  2022-03-24 18:28:22 
NOTE: Elapsed Time in seconds: 1.13998826344808 

[[1]]
           [,1]     [,2]      [,3]    [,4]
[1,] -0.3636647 2.832863 -213.3296 35.5232

[[2]]
[1] 2.252148


NOTE: Log Print Time:  2022-03-24 18:29:30 
NOTE: Elapsed Time in seconds: 1.14642184178034 

[[1]]
          [,1]      [,2]      [,3]     [,4]
[1,] 0.7621757 -16.34495 -212.0981 35.25759

[[2]]
[1] 2.327985


NOTE: Log Print Time:  2022-03-24 18:30:37 
NOTE: Elapsed Time in seconds: 1.10964467922846 

[[1]]
          [,1]      [,2]      [,3]     [,4]
[1,] 0.7621757 -16.34495 -212.0981 35.25759

[[2]]
[1] 2.327985


NOTE: Log Print Time:  2022-03-24 18:31:46 
NOTE: Elapsed Time in seconds: 1.14751025438309 

[[1]]
          [,1]      [,2]      [,3]     [,4]
[1,] 0.7621757 -16.34495 -212.0981 35.25759

[[2]]
[1] 2.327985


NOTE: Log Print Time:  2022-03-24 18:32:48 
NOTE: Elapsed Time in seconds: 1.03455125888189 

[[1]]
          [,1]      [,2]      [,3]     [,4]
[1,] 0.7621757 -16.34495 -212.0981 35.25759

[[2]]
[1] 2.327985


NOTE: Log Print Time:  2022-03-24 18:33:49 
NOTE: Elapsed Time in seconds: 1.01622140010198 

[[1]]
          [,1]      [,2]      [,3]     [,4]
[1,] 0.7621757 -16.34495 -212.0981 35.25759

[[2]]
[1] 2.327985


NOTE: Log Print Time:  2022-03-24 18:34:51 
NOTE: Elapsed Time in seconds: 1.03026603062948 

[[1]]
          [,1]      [,2]      [,3]     [,4]
[1,] 0.7621757 -16.34495 -212.0981 35.25759

[[2]]
[1] 2.327985


NOTE: Log Print Time:  2022-03-24 18:35:58 
NOTE: Elapsed Time in seconds: 1.12003876765569 

[[1]]
          [,1]      [,2]      [,3]     [,4]
[1,] 0.7621757 -16.34495 -212.0981 35.25759

[[2]]
[1] 2.327985


NOTE: Log Print Time:  2022-03-24 18:37:00 
NOTE: Elapsed Time in seconds: 1.03554603258769 

[[1]]
          [,1]      [,2]      [,3]     [,4]
[1,] 0.7621757 -16.34495 -212.0981 35.25759

[[2]]
[1] 2.327985


NOTE: Log Print Time:  2022-03-24 18:38:07 
NOTE: Elapsed Time in seconds: 1.11543260018031 

[[1]]
          [,1]      [,2]      [,3]     [,4]
[1,] 0.7621757 -16.34495 -212.0981 35.25759

[[2]]
[1] 2.327985


NOTE: Log Print Time:  2022-03-24 18:39:15 
NOTE: Elapsed Time in seconds: 1.135564494133 

[[1]]
          [,1]      [,2]      [,3]     [,4]
[1,] 0.7621757 -16.34495 -212.0981 35.25759

[[2]]
[1] 2.327985


NOTE: Log Print Time:  2022-03-24 18:40:24 
NOTE: Elapsed Time in seconds: 1.14928476015727 

[[1]]
          [,1]      [,2]      [,3]     [,4]
[1,] 0.7621757 -16.34495 -212.0981 35.25759

[[2]]
[1] 2.327985


NOTE: Log Print Time:  2022-03-24 18:41:32 
NOTE: Elapsed Time in seconds: 1.1372350970904 

[[1]]
          [,1]      [,2]      [,3]     [,4]
[1,] 0.7621757 -16.34495 -212.0981 35.25759

[[2]]
[1] 2.327985


NOTE: Log Print Time:  2022-03-24 18:42:38 
NOTE: Elapsed Time in seconds: 1.09265582164129 

[[1]]
          [,1]      [,2]      [,3]     [,4]
[1,] 0.7621757 -16.34495 -212.0981 35.25759

[[2]]
[1] 2.327985


NOTE: Log Print Time:  2022-03-24 18:43:46 
NOTE: Elapsed Time in seconds: 1.13603281180064 

[[1]]
          [,1]      [,2]      [,3]     [,4]
[1,] 0.7621757 -16.34495 -212.0981 35.25759

[[2]]
[1] 2.327985


NOTE: Log Print Time:  2022-03-24 18:44:48 
NOTE: Elapsed Time in seconds: 1.02508490085602 

[[1]]
          [,1]      [,2]      [,3]     [,4]
[1,] 0.7621757 -16.34495 -212.0981 35.25759

[[2]]
[1] 2.327985


NOTE: Log Print Time:  2022-03-24 18:45:55 
NOTE: Elapsed Time in seconds: 1.12639718453089 

[[1]]
          [,1]      [,2]      [,3]     [,4]
[1,] 0.7621757 -16.34495 -212.0981 35.25759

[[2]]
[1] 2.327985


NOTE: Log Print Time:  2022-03-24 18:47:03 
NOTE: Elapsed Time in seconds: 1.13266411225001 

[[1]]
          [,1]      [,2]      [,3]     [,4]
[1,] 0.7621757 -16.34495 -212.0981 35.25759

[[2]]
[1] 2.327985


NOTE: Log Print Time:  2022-03-24 18:48:05 
NOTE: Elapsed Time in seconds: 1.03516915241877 

[[1]]
          [,1]      [,2]      [,3]     [,4]
[1,] 0.7621757 -16.34495 -212.0981 35.25759

[[2]]
[1] 2.327985


NOTE: Log Print Time:  2022-03-24 18:49:15 
NOTE: Elapsed Time in seconds: 1.16806728045146 

[[1]]
          [,1]     [,2]      [,3]    [,4]
[1,] 0.2692502 2.832863 -213.3296 35.5232

[[2]]
[1] 2.373525


NOTE: Log Print Time:  2022-03-24 18:50:17 
NOTE: Elapsed Time in seconds: 1.02443885803223 

[[1]]
          [,1]     [,2]      [,3]    [,4]
[1,] 0.2692502 2.832863 -213.3296 35.5232

[[2]]
[1] 2.373525


NOTE: Log Print Time:  2022-03-24 18:51:18 
NOTE: Elapsed Time in seconds: 1.02256896893183 

[[1]]
          [,1]     [,2]      [,3]    [,4]
[1,] 0.2692502 2.832863 -213.3296 35.5232

[[2]]
[1] 2.373525


NOTE: Log Print Time:  2022-03-24 18:52:19 
NOTE: Elapsed Time in seconds: 1.02362888256709 

[[1]]
          [,1]     [,2]      [,3]    [,4]
[1,] 0.2692502 2.832863 -213.3296 35.5232

[[2]]
[1] 2.373525


NOTE: Log Print Time:  2022-03-24 18:53:21 
NOTE: Elapsed Time in seconds: 1.02264969746272 

[[1]]
          [,1]     [,2]      [,3]    [,4]
[1,] 0.2692502 2.832863 -213.3296 35.5232

[[2]]
[1] 2.373525


NOTE: Log Print Time:  2022-03-24 18:54:22 
NOTE: Elapsed Time in seconds: 1.02537176609039 

[[1]]
           [,1]     [,2]      [,3]     [,4]
[1,] -0.6115694 68.57436 -212.0981 35.25759

[[2]]
[1] 2.381639


NOTE: Log Print Time:  2022-03-24 18:55:24 
NOTE: Elapsed Time in seconds: 1.02502703666687 

[[1]]
           [,1]     [,2]      [,3]     [,4]
[1,] -0.6115694 68.57436 -212.0981 35.25759

[[2]]
[1] 2.381639


NOTE: Log Print Time:  2022-03-24 18:56:25 
NOTE: Elapsed Time in seconds: 1.02641562620799 

[[1]]
           [,1]     [,2]      [,3]     [,4]
[1,] -0.6115694 68.57436 -212.0981 35.25759

[[2]]
[1] 2.381639


NOTE: Log Print Time:  2022-03-24 18:57:27 
NOTE: Elapsed Time in seconds: 1.02542199691137 

[[1]]
           [,1]     [,2]      [,3]     [,4]
[1,] -0.6115694 68.57436 -212.0981 35.25759

[[2]]
[1] 2.381639


NOTE: Log Print Time:  2022-03-24 18:58:28 
NOTE: Elapsed Time in seconds: 1.01660438776016 

[[1]]
           [,1]     [,2]      [,3]     [,4]
[1,] -0.6115694 68.57436 -212.0981 35.25759

[[2]]
[1] 2.381639


NOTE: Log Print Time:  2022-03-24 18:59:29 
NOTE: Elapsed Time in seconds: 1.02038938999176 

[[1]]
           [,1]     [,2]      [,3]     [,4]
[1,] -0.6115694 68.57436 -212.0981 35.25759

[[2]]
[1] 2.381639


NOTE: Log Print Time:  2022-03-24 19:00:30 
NOTE: Elapsed Time in seconds: 1.01948360204697 

[[1]]
           [,1]     [,2]      [,3]     [,4]
[1,] -0.5666502 68.57436 -212.0981 35.25759

[[2]]
[1] 2.39344


NOTE: Log Print Time:  2022-03-24 19:01:32 
NOTE: Elapsed Time in seconds: 1.02048490842183 

[[1]]
           [,1]     [,2]      [,3]     [,4]
[1,] -0.5666502 68.57436 -212.0981 35.25759

[[2]]
[1] 2.39344


NOTE: Log Print Time:  2022-03-24 19:02:33 
NOTE: Elapsed Time in seconds: 1.02818055947622 

[[1]]
           [,1]     [,2]      [,3]     [,4]
[1,] -0.5666502 68.57436 -212.0981 35.25759

[[2]]
[1] 2.39344


NOTE: Log Print Time:  2022-03-24 19:03:35 
NOTE: Elapsed Time in seconds: 1.02828093767166 

[[1]]
           [,1]     [,2]      [,3]     [,4]
[1,] -0.5666502 68.57436 -212.0981 35.25759

[[2]]
[1] 2.39344


NOTE: Log Print Time:  2022-03-24 19:04:43 
NOTE: Elapsed Time in seconds: 1.1391014178594 

[[1]]
           [,1]     [,2]      [,3]     [,4]
[1,] -0.5666502 68.57436 -212.0981 35.25759

[[2]]
[1] 2.39344


NOTE: Log Print Time:  2022-03-24 19:05:52 
NOTE: Elapsed Time in seconds: 1.13645468552907 

[[1]]
           [,1]     [,2]      [,3]     [,4]
[1,] -0.5666502 68.57436 -212.0981 35.25759

[[2]]
[1] 2.39344


NOTE: Log Print Time:  2022-03-24 19:06:52 
NOTE: Elapsed Time in seconds: 1.01595327059428 

[[1]]
           [,1]     [,2]      [,3]     [,4]
[1,] -0.5666502 68.57436 -212.0981 35.25759

[[2]]
[1] 2.39344


NOTE: Log Print Time:  2022-03-24 19:08:03 
NOTE: Elapsed Time in seconds: 1.17291097243627 

[[1]]
           [,1]     [,2]      [,3]     [,4]
[1,] 0.01276893 46.22347 -214.1374 35.40038

[[2]]
[1] 2.397649


NOTE: Log Print Time:  2022-03-24 19:09:04 
NOTE: Elapsed Time in seconds: 1.02635866006215 

[[1]]
           [,1]     [,2]      [,3]     [,4]
[1,] 0.01276893 46.22347 -214.1374 35.40038

[[2]]
[1] 2.397649


NOTE: Log Print Time:  2022-03-24 19:10:06 
NOTE: Elapsed Time in seconds: 1.0339816848437 

[[1]]
           [,1]     [,2]      [,3]     [,4]
[1,] 0.01276893 46.22347 -214.1374 35.40038

[[2]]
[1] 2.397649


NOTE: Log Print Time:  2022-03-24 19:11:08 
NOTE: Elapsed Time in seconds: 1.02288378477097 

[[1]]
           [,1]     [,2]      [,3]     [,4]
[1,] 0.01276893 46.22347 -214.1374 35.40038

[[2]]
[1] 2.397649


NOTE: Log Print Time:  2022-03-24 19:12:09 
NOTE: Elapsed Time in seconds: 1.02655974626541 

[[1]]
           [,1]     [,2]      [,3]     [,4]
[1,] 0.01276893 46.22347 -214.1374 35.40038

[[2]]
[1] 2.397649


NOTE: Log Print Time:  2022-03-24 19:13:10 
NOTE: Elapsed Time in seconds: 1.01676722764969 

[[1]]
           [,1]     [,2]      [,3]     [,4]
[1,] 0.01276893 46.22347 -214.1374 35.40038

[[2]]
[1] 2.397649


NOTE: Log Print Time:  2022-03-24 19:14:11 
NOTE: Elapsed Time in seconds: 1.01708858013153 

[[1]]
          [,1]     [,2]      [,3]     [,4]
[1,] -0.419397 57.53506 -214.0894 35.85032

[[2]]
[1] 2.398482


NOTE: Log Print Time:  2022-03-24 19:15:14 
NOTE: Elapsed Time in seconds: 1.03498032887777 

[[1]]
          [,1]     [,2]      [,3]     [,4]
[1,] -0.419397 57.53506 -214.0894 35.85032

[[2]]
[1] 2.398482


NOTE: Log Print Time:  2022-03-24 19:16:15 
NOTE: Elapsed Time in seconds: 1.02849487463633 

[[1]]
          [,1]     [,2]      [,3]     [,4]
[1,] -0.419397 57.53506 -214.0894 35.85032

[[2]]
[1] 2.398482


NOTE: Log Print Time:  2022-03-24 19:17:17 
NOTE: Elapsed Time in seconds: 1.02773141463598 

[[1]]
           [,1]    [,2]      [,3]     [,4]
[1,] -0.2612036 57.4321 -214.1271 35.52197

[[2]]
[1] 2.401539


NOTE: Log Print Time:  2022-03-24 19:18:19 
NOTE: Elapsed Time in seconds: 1.02883011102676 

[[1]]
           [,1]    [,2]      [,3]     [,4]
[1,] -0.2612036 57.4321 -214.1271 35.52197

[[2]]
[1] 2.401539


NOTE: Log Print Time:  2022-03-24 19:19:20 
NOTE: Elapsed Time in seconds: 1.02918387651443 

[[1]]
           [,1]    [,2]      [,3]     [,4]
[1,] -0.2612036 57.4321 -214.1271 35.52197

[[2]]
[1] 2.401539


NOTE: Log Print Time:  2022-03-24 19:20:23 
NOTE: Elapsed Time in seconds: 1.03639837503433 

[[1]]
           [,1]     [,2]      [,3]     [,4]
[1,] -0.4390514 62.69275 -212.7782 35.50802

[[2]]
[1] 2.408474


NOTE: Log Print Time:  2022-03-24 19:21:24 
NOTE: Elapsed Time in seconds: 1.02333229382833 

[[1]]
           [,1]     [,2]      [,3]     [,4]
[1,] -0.4390514 62.69275 -212.7782 35.50802

[[2]]
[1] 2.408474


NOTE: Log Print Time:  2022-03-24 19:22:25 
NOTE: Elapsed Time in seconds: 1.02002560695012 

[[1]]
           [,1]     [,2]      [,3]     [,4]
[1,] -0.4390514 62.69275 -212.7782 35.50802

[[2]]
[1] 2.408474


NOTE: Log Print Time:  2022-03-24 19:23:27 
NOTE: Elapsed Time in seconds: 1.03353391091029 

[[1]]
           [,1]     [,2]      [,3]     [,4]
[1,] -0.4390514 62.69275 -212.7782 35.50802

[[2]]
[1] 2.408474


NOTE: Log Print Time:  2022-03-24 19:24:29 
NOTE: Elapsed Time in seconds: 1.02973008950551 

[[1]]
           [,1]     [,2]      [,3]     [,4]
[1,] -0.4390514 62.69275 -212.7782 35.50802

[[2]]
[1] 2.408474


NOTE: Log Print Time:  2022-03-24 19:25:40 
NOTE: Elapsed Time in seconds: 1.18300440311432 

[[1]]
           [,1]     [,2]      [,3]     [,4]
[1,] -0.4390514 62.69275 -212.7782 35.50802

[[2]]
[1] 2.408474


NOTE: Log Print Time:  2022-03-24 19:26:42 
NOTE: Elapsed Time in seconds: 1.02785077095032 

[[1]]
           [,1]     [,2]      [,3]     [,4]
[1,] -0.4055258 79.39652 -213.6115 35.47123

[[2]]
[1] 2.412506


NOTE: Log Print Time:  2022-03-24 19:27:44 
NOTE: Elapsed Time in seconds: 1.03209524949392 

[[1]]
           [,1]     [,2]      [,3]     [,4]
[1,] -0.4055258 79.39652 -213.6115 35.47123

[[2]]
[1] 2.412506


NOTE: Log Print Time:  2022-03-24 19:28:44 
NOTE: Elapsed Time in seconds: 1.01433855295181 

[[1]]
           [,1]     [,2]      [,3]     [,4]
[1,] -0.4055258 79.39652 -213.6115 35.47123

[[2]]
[1] 2.412506


NOTE: Log Print Time:  2022-03-24 19:29:46 
NOTE: Elapsed Time in seconds: 1.03233362833659 

[[1]]
           [,1]     [,2]      [,3]     [,4]
[1,] -0.4055258 79.39652 -213.6115 35.47123

[[2]]
[1] 2.412506


NOTE: Log Print Time:  2022-03-24 19:30:49 
NOTE: Elapsed Time in seconds: 1.04166541099548 

[[1]]
           [,1]     [,2]      [,3]     [,4]
[1,] -0.4055258 79.39652 -213.6115 35.47123

[[2]]
[1] 2.412506


NOTE: Log Print Time:  2022-03-24 19:31:50 
NOTE: Elapsed Time in seconds: 1.01770713726679 

[[1]]
           [,1]     [,2]      [,3]     [,4]
[1,] -0.4055258 79.39652 -213.6115 35.47123

[[2]]
[1] 2.412506


NOTE: Log Print Time:  2022-03-24 19:33:00 
NOTE: Elapsed Time in seconds: 1.16664941708247 

[[1]]
           [,1]     [,2]      [,3]     [,4]
[1,] -0.4055258 79.39652 -213.6115 35.47123

[[2]]
[1] 2.412506


NOTE: Log Print Time:  2022-03-24 19:34:09 
NOTE: Elapsed Time in seconds: 1.14818418820699 

[[1]]
           [,1]     [,2]      [,3]     [,4]
[1,] -0.4055258 79.39652 -213.6115 35.47123

[[2]]
[1] 2.412506


NOTE: Log Print Time:  2022-03-24 19:35:10 
NOTE: Elapsed Time in seconds: 1.01796292463938 

[[1]]
           [,1]     [,2]      [,3]     [,4]
[1,] -0.4055258 79.39652 -213.6115 35.47123

[[2]]
[1] 2.412506


NOTE: Log Print Time:  2022-03-24 19:36:11 
NOTE: Elapsed Time in seconds: 1.0238663593928 

[[1]]
           [,1]     [,2]      [,3]     [,4]
[1,] -0.4055258 79.39652 -213.6115 35.47123

[[2]]
[1] 2.412506


NOTE: Log Print Time:  2022-03-24 19:37:13 
NOTE: Elapsed Time in seconds: 1.03114039500554 

[[1]]
           [,1]    [,2]      [,3]     [,4]
[1,] -0.5058629 81.8861 -212.2818 35.42088

[[2]]
[1] 2.41551


NOTE: Log Print Time:  2022-03-24 19:38:23 
NOTE: Elapsed Time in seconds: 1.1580655614535 

[[1]]
           [,1]    [,2]      [,3]     [,4]
[1,] -0.5058629 81.8861 -212.2818 35.42088

[[2]]
[1] 2.41551


NOTE: Log Print Time:  2022-03-24 19:39:24 
NOTE: Elapsed Time in seconds: 1.0254789074262 

[[1]]
           [,1]    [,2]      [,3]     [,4]
[1,] -0.5058629 81.8861 -212.2818 35.42088

[[2]]
[1] 2.41551


NOTE: Log Print Time:  2022-03-24 19:40:34 
NOTE: Elapsed Time in seconds: 1.16009485324224 

[[1]]
           [,1]    [,2]      [,3]     [,4]
[1,] -0.5058629 81.8861 -212.2818 35.42088

[[2]]
[1] 2.41551


NOTE: Log Print Time:  2022-03-24 19:41:35 
NOTE: Elapsed Time in seconds: 1.02281882762909 

[[1]]
           [,1]    [,2]      [,3]     [,4]
[1,] -0.5058629 81.8861 -212.2818 35.42088

[[2]]
[1] 2.41551


NOTE: Log Print Time:  2022-03-24 19:42:37 
NOTE: Elapsed Time in seconds: 1.03337384462357 

[[1]]
           [,1]    [,2]      [,3]     [,4]
[1,] -0.5058629 81.8861 -212.2818 35.42088

[[2]]
[1] 2.41551


NOTE: Log Print Time:  2022-03-24 19:43:39 
NOTE: Elapsed Time in seconds: 1.0287691394488 

[[1]]
           [,1]    [,2]      [,3]     [,4]
[1,] -0.5058629 81.8861 -212.2818 35.42088

[[2]]
[1] 2.41551


NOTE: Log Print Time:  2022-03-24 19:44:41 
NOTE: Elapsed Time in seconds: 1.02867140769958 

[[1]]
           [,1]    [,2]      [,3]     [,4]
[1,] -0.5058629 81.8861 -212.2818 35.42088

[[2]]
[1] 2.41551


NOTE: Log Print Time:  2022-03-24 19:45:43 
NOTE: Elapsed Time in seconds: 1.03219856818517 

[[1]]
           [,1]    [,2]      [,3]     [,4]
[1,] -0.5058629 81.8861 -212.2818 35.42088

[[2]]
[1] 2.41551


NOTE: Log Print Time:  2022-03-24 19:46:44 
NOTE: Elapsed Time in seconds: 1.02041965325673 

[[1]]
           [,1]    [,2]      [,3]     [,4]
[1,] -0.5058629 81.8861 -212.2818 35.42088

[[2]]
[1] 2.41551


NOTE: Log Print Time:  2022-03-24 19:47:46 
NOTE: Elapsed Time in seconds: 1.03322710990906 

[[1]]
           [,1]    [,2]      [,3]     [,4]
[1,] -0.5058629 81.8861 -212.2818 35.42088

[[2]]
[1] 2.41551


NOTE: Log Print Time:  2022-03-24 19:48:47 
NOTE: Elapsed Time in seconds: 1.01365485986074 

[[1]]
           [,1]     [,2]      [,3]     [,4]
[1,] -0.5823741 79.34357 -212.4478 35.48567

[[2]]
[1] 2.416073


NOTE: Log Print Time:  2022-03-24 19:49:48 
NOTE: Elapsed Time in seconds: 1.02613319555918 

[[1]]
           [,1]     [,2]      [,3]     [,4]
[1,] -0.5823741 79.34357 -212.4478 35.48567

[[2]]
[1] 2.416073


NOTE: Log Print Time:  2022-03-24 19:50:49 
NOTE: Elapsed Time in seconds: 1.02032180229823 

[[1]]
           [,1]     [,2]      [,3]     [,4]
[1,] -0.5823741 79.34357 -212.4478 35.48567

[[2]]
[1] 2.416073


NOTE: Log Print Time:  2022-03-24 19:51:51 
NOTE: Elapsed Time in seconds: 1.02054118315379 

[[1]]
           [,1]     [,2]      [,3]     [,4]
[1,] -0.5823741 79.34357 -212.4478 35.48567

[[2]]
[1] 2.416073


NOTE: Log Print Time:  2022-03-24 19:52:52 
NOTE: Elapsed Time in seconds: 1.02857046127319 

[[1]]
           [,1]     [,2]      [,3]     [,4]
[1,] -0.5402354 81.00093 -212.5026 35.43439

[[2]]
[1] 2.416695


NOTE: Log Print Time:  2022-03-24 19:53:54 
NOTE: Elapsed Time in seconds: 1.02801353534063 

[[1]]
           [,1]     [,2]      [,3]     [,4]
[1,] -0.5402354 81.00093 -212.5026 35.43439

[[2]]
[1] 2.416695


NOTE: Log Print Time:  2022-03-24 19:54:54 
NOTE: Elapsed Time in seconds: 1.00630145470301 

[[1]]
           [,1]     [,2]      [,3]     [,4]
[1,] -0.5402354 81.00093 -212.5026 35.43439

[[2]]
[1] 2.416695


NOTE: Log Print Time:  2022-03-24 19:55:56 
NOTE: Elapsed Time in seconds: 1.03443234761556 

[[1]]
           [,1]     [,2]      [,3]     [,4]
[1,] -0.5402354 81.00093 -212.5026 35.43439

[[2]]
[1] 2.416695


NOTE: Log Print Time:  2022-03-24 19:56:58 
NOTE: Elapsed Time in seconds: 1.02530860503515 

[[1]]
           [,1]     [,2]      [,3]     [,4]
[1,] -0.5402354 81.00093 -212.5026 35.43439

[[2]]
[1] 2.416695


NOTE: Log Print Time:  2022-03-24 19:57:59 
NOTE: Elapsed Time in seconds: 1.01790756384532 

[[1]]
           [,1]     [,2]      [,3]     [,4]
[1,] -0.5402354 81.00093 -212.5026 35.43439

[[2]]
[1] 2.416695


NOTE: Log Print Time:  2022-03-24 19:59:01 
NOTE: Elapsed Time in seconds: 1.02970205148061 

[[1]]
           [,1]     [,2]      [,3]     [,4]
[1,] -0.5402354 81.00093 -212.5026 35.43439

[[2]]
[1] 2.416695


NOTE: Log Print Time:  2022-03-24 20:00:02 
NOTE: Elapsed Time in seconds: 1.01710394620895 

[[1]]
           [,1]     [,2]      [,3]     [,4]
[1,] -0.5402354 81.00093 -212.5026 35.43439

[[2]]
[1] 2.416695


NOTE: Log Print Time:  2022-03-24 20:01:03 
NOTE: Elapsed Time in seconds: 1.01724864244461 

[[1]]
           [,1]     [,2]      [,3]     [,4]
[1,] -0.5402354 81.00093 -212.5026 35.43439

[[2]]
[1] 2.416695


NOTE: Log Print Time:  2022-03-24 20:02:05 
NOTE: Elapsed Time in seconds: 1.03155872821808 

[[1]]
           [,1]     [,2]      [,3]     [,4]
[1,] -0.5402354 81.00093 -212.5026 35.43439

[[2]]
[1] 2.416695


NOTE: Log Print Time:  2022-03-24 20:03:07 
NOTE: Elapsed Time in seconds: 1.03118331829707 

[[1]]
           [,1]     [,2]      [,3]     [,4]
[1,] -0.5402354 81.00093 -212.5026 35.43439

[[2]]
[1] 2.416695


NOTE: Log Print Time:  2022-03-24 20:04:08 
NOTE: Elapsed Time in seconds: 1.01566274960836 

[[1]]
           [,1]     [,2]      [,3]     [,4]
[1,] -0.5402354 81.00093 -212.5026 35.43439

[[2]]
[1] 2.416695


NOTE: Log Print Time:  2022-03-24 20:05:09 
NOTE: Elapsed Time in seconds: 1.02217409610748 

[[1]]
           [,1]     [,2]      [,3]     [,4]
[1,] -0.5402354 81.00093 -212.5026 35.43439

[[2]]
[1] 2.416695


NOTE: Log Print Time:  2022-03-24 20:06:11 
NOTE: Elapsed Time in seconds: 1.02697556018829 

[[1]]
           [,1]     [,2]      [,3]     [,4]
[1,] -0.5402354 81.00093 -212.5026 35.43439

[[2]]
[1] 2.416695


NOTE: Log Print Time:  2022-03-24 20:07:12 
NOTE: Elapsed Time in seconds: 1.02392091353734 

[[1]]
           [,1]     [,2]      [,3]     [,4]
[1,] -0.5402354 81.00093 -212.5026 35.43439

[[2]]
[1] 2.416695


NOTE: Log Print Time:  2022-03-24 20:08:13 
NOTE: Elapsed Time in seconds: 1.02042783498764 

[[1]]
           [,1]     [,2]      [,3]     [,4]
[1,] -0.5402354 81.00093 -212.5026 35.43439

[[2]]
[1] 2.416695


NOTE: Log Print Time:  2022-03-24 20:09:15 
NOTE: Elapsed Time in seconds: 1.02403574784597 

[[1]]
           [,1]     [,2]      [,3]     [,4]
[1,] -0.5402354 81.00093 -212.5026 35.43439

[[2]]
[1] 2.416695


NOTE: Log Print Time:  2022-03-24 20:10:16 
NOTE: Elapsed Time in seconds: 1.02875823974609 

[[1]]
           [,1]     [,2]      [,3]     [,4]
[1,] -0.5402354 81.00093 -212.5026 35.43439

[[2]]
[1] 2.416695


NOTE: Log Print Time:  2022-03-24 20:11:18 
NOTE: Elapsed Time in seconds: 1.02484952608744 

[[1]]
           [,1]     [,2]      [,3]     [,4]
[1,] -0.5402354 81.00093 -212.5026 35.43439

[[2]]
[1] 2.416695


NOTE: Log Print Time:  2022-03-24 20:12:19 
NOTE: Elapsed Time in seconds: 1.0256082256635 

[[1]]
           [,1]     [,2]      [,3]     [,4]
[1,] -0.5402354 81.00093 -212.5026 35.43439

[[2]]
[1] 2.416695


NOTE: Log Print Time:  2022-03-24 20:13:21 
NOTE: Elapsed Time in seconds: 1.02779570817947 

[[1]]
           [,1]     [,2]      [,3]     [,4]
[1,] -0.5402354 81.00093 -212.5026 35.43439

[[2]]
[1] 2.416695


NOTE: Log Print Time:  2022-03-24 20:14:28 
NOTE: Elapsed Time in seconds: 1.11347130537033 

[[1]]
           [,1]     [,2]      [,3]     [,4]
[1,] -0.6181506 81.01885 -211.7478 35.44802

[[2]]
[1] 2.41781


NOTE: Log Print Time:  2022-03-24 20:15:29 
NOTE: Elapsed Time in seconds: 1.02488367160161 

[[1]]
           [,1]     [,2]      [,3]     [,4]
[1,] -0.6181506 81.01885 -211.7478 35.44802

[[2]]
[1] 2.41781


NOTE: Log Print Time:  2022-03-24 20:16:31 
NOTE: Elapsed Time in seconds: 1.02236309051514 

[[1]]
           [,1]     [,2]      [,3]     [,4]
[1,] -0.6181506 81.01885 -211.7478 35.44802

[[2]]
[1] 2.41781


NOTE: Log Print Time:  2022-03-24 20:17:32 
NOTE: Elapsed Time in seconds: 1.0156679391861 

[[1]]
           [,1]     [,2]      [,3]     [,4]
[1,] -0.6181506 81.01885 -211.7478 35.44802

[[2]]
[1] 2.41781


NOTE: Log Print Time:  2022-03-24 20:18:42 
NOTE: Elapsed Time in seconds: 1.16529513597488 

[[1]]
           [,1]     [,2]      [,3]     [,4]
[1,] -0.6181506 81.01885 -211.7478 35.44802

[[2]]
[1] 2.41781


NOTE: Log Print Time:  2022-03-24 20:19:42 
NOTE: Elapsed Time in seconds: 1.01451428333918 

[[1]]
           [,1]     [,2]      [,3]     [,4]
[1,] -0.6181506 81.01885 -211.7478 35.44802

[[2]]
[1] 2.41781


NOTE: Log Print Time:  2022-03-24 20:20:44 
NOTE: Elapsed Time in seconds: 1.02290404637655 

[[1]]
           [,1]     [,2]      [,3]     [,4]
[1,] -0.6181506 81.01885 -211.7478 35.44802

[[2]]
[1] 2.41781


NOTE: Log Print Time:  2022-03-24 20:21:45 
NOTE: Elapsed Time in seconds: 1.02155950864156 

[[1]]
           [,1]     [,2]      [,3]     [,4]
[1,] -0.6181506 81.01885 -211.7478 35.44802

[[2]]
[1] 2.41781


NOTE: Log Print Time:  2022-03-24 20:22:54 
NOTE: Elapsed Time in seconds: 1.15278191566467 

[[1]]
           [,1]     [,2]      [,3]     [,4]
[1,] -0.6181506 81.01885 -211.7478 35.44802

[[2]]
[1] 2.41781


NOTE: Log Print Time:  2022-03-24 20:23:56 
NOTE: Elapsed Time in seconds: 1.02695507208506 

[[1]]
           [,1]     [,2]      [,3]     [,4]
[1,] -0.6181506 81.01885 -211.7478 35.44802

[[2]]
[1] 2.41781


NOTE: Log Print Time:  2022-03-24 20:24:57 
NOTE: Elapsed Time in seconds: 1.02114826043447 

[[1]]
           [,1]     [,2]      [,3]     [,4]
[1,] -0.6181506 81.01885 -211.7478 35.44802

[[2]]
[1] 2.41781


NOTE: Log Print Time:  2022-03-24 20:25:59 
NOTE: Elapsed Time in seconds: 1.02297581831614 

[[1]]
           [,1]     [,2]      [,3]     [,4]
[1,] -0.6181506 81.01885 -211.7478 35.44802

[[2]]
[1] 2.41781


NOTE: Log Print Time:  2022-03-24 20:27:00 
NOTE: Elapsed Time in seconds: 1.02732240358988 

[[1]]
           [,1]     [,2]      [,3]     [,4]
[1,] -0.6181506 81.01885 -211.7478 35.44802

[[2]]
[1] 2.41781


NOTE: Log Print Time:  2022-03-24 20:28:03 
NOTE: Elapsed Time in seconds: 1.04327097336451 

[[1]]
           [,1]     [,2]      [,3]     [,4]
[1,] -0.6181506 81.01885 -211.7478 35.44802

[[2]]
[1] 2.41781


NOTE: Log Print Time:  2022-03-24 20:29:09 
NOTE: Elapsed Time in seconds: 1.10457570552826 

[[1]]
           [,1]     [,2]      [,3]     [,4]
[1,] -0.6181506 81.01885 -211.7478 35.44802

[[2]]
[1] 2.41781


NOTE: Log Print Time:  2022-03-24 20:30:11 
NOTE: Elapsed Time in seconds: 1.0247186422348 

[[1]]
           [,1]     [,2]      [,3]     [,4]
[1,] -0.6181506 81.01885 -211.7478 35.44802

[[2]]
[1] 2.41781


NOTE: Log Print Time:  2022-03-24 20:31:12 
NOTE: Elapsed Time in seconds: 1.01870205799739 

[[1]]
           [,1]     [,2]      [,3]    [,4]
[1,] -0.8113126 82.33385 -211.4932 35.5179

[[2]]
[1] 2.41986


NOTE: Log Print Time:  2022-03-24 20:32:12 
NOTE: Elapsed Time in seconds: 1.01080444256465 

[[1]]
           [,1]     [,2]      [,3]    [,4]
[1,] -0.8113126 82.33385 -211.4932 35.5179

[[2]]
[1] 2.41986


NOTE: Log Print Time:  2022-03-24 20:33:14 
NOTE: Elapsed Time in seconds: 1.03283377488454 

[[1]]
           [,1]     [,2]      [,3]    [,4]
[1,] -0.8113126 82.33385 -211.4932 35.5179

[[2]]
[1] 2.41986


NOTE: Log Print Time:  2022-03-24 20:34:21 
NOTE: Elapsed Time in seconds: 1.11467641194661 

[[1]]
           [,1]     [,2]      [,3]    [,4]
[1,] -0.8113126 82.33385 -211.4932 35.5179

[[2]]
[1] 2.41986


NOTE: Log Print Time:  2022-03-24 20:35:23 
NOTE: Elapsed Time in seconds: 1.02847537199656 

[[1]]
           [,1]     [,2]      [,3]    [,4]
[1,] -0.8113126 82.33385 -211.4932 35.5179

[[2]]
[1] 2.41986


NOTE: Log Print Time:  2022-03-24 20:36:25 
NOTE: Elapsed Time in seconds: 1.03187509377797 

[[1]]
           [,1]     [,2]      [,3]    [,4]
[1,] -0.8113126 82.33385 -211.4932 35.5179

[[2]]
[1] 2.41986


NOTE: Log Print Time:  2022-03-24 20:37:26 
NOTE: Elapsed Time in seconds: 1.0206636706988 

[[1]]
           [,1]     [,2]      [,3]    [,4]
[1,] -0.8113126 82.33385 -211.4932 35.5179

[[2]]
[1] 2.41986


NOTE: Log Print Time:  2022-03-24 20:38:28 
NOTE: Elapsed Time in seconds: 1.02869655291239 

[[1]]
           [,1]     [,2]      [,3]    [,4]
[1,] -0.8113126 82.33385 -211.4932 35.5179

[[2]]
[1] 2.41986


NOTE: Log Print Time:  2022-03-24 20:39:29 
NOTE: Elapsed Time in seconds: 1.02280117670695 

[[1]]
           [,1]     [,2]      [,3]    [,4]
[1,] -0.8113126 82.33385 -211.4932 35.5179

[[2]]
[1] 2.41986


NOTE: Log Print Time:  2022-03-24 20:40:31 
NOTE: Elapsed Time in seconds: 1.03665992816289 

[[1]]
           [,1]     [,2]      [,3]    [,4]
[1,] -0.8113126 82.33385 -211.4932 35.5179

[[2]]
[1] 2.41986


NOTE: Log Print Time:  2022-03-24 20:41:32 
NOTE: Elapsed Time in seconds: 1.00732300678889 

[[1]]
           [,1]     [,2]      [,3]    [,4]
[1,] -0.8113126 82.33385 -211.4932 35.5179

[[2]]
[1] 2.41986


NOTE: Log Print Time:  2022-03-24 20:42:33 
NOTE: Elapsed Time in seconds: 1.01939861774445 

[[1]]
           [,1]     [,2]    [,3]     [,4]
[1,] -0.8594733 91.57138 -211.65 35.48408

[[2]]
[1] 2.422124


NOTE: Log Print Time:  2022-03-24 20:43:35 
NOTE: Elapsed Time in seconds: 1.02836992343267 

[[1]]
           [,1]     [,2]    [,3]     [,4]
[1,] -0.8594733 91.57138 -211.65 35.48408

[[2]]
[1] 2.422124


NOTE: Log Print Time:  2022-03-24 20:44:46 
NOTE: Elapsed Time in seconds: 1.18605265220006 

[[1]]
           [,1]     [,2]    [,3]     [,4]
[1,] -0.8594733 91.57138 -211.65 35.48408

[[2]]
[1] 2.422124


NOTE: Log Print Time:  2022-03-24 20:45:46 
NOTE: Elapsed Time in seconds: 1.0082780679067 

[[1]]
           [,1]     [,2]    [,3]     [,4]
[1,] -0.8594733 91.57138 -211.65 35.48408

[[2]]
[1] 2.422124


NOTE: Log Print Time:  2022-03-24 20:46:55 
NOTE: Elapsed Time in seconds: 1.14080549081167 

[[1]]
           [,1]     [,2]    [,3]     [,4]
[1,] -0.8594733 91.57138 -211.65 35.48408

[[2]]
[1] 2.422124


NOTE: Log Print Time:  2022-03-24 20:47:57 
NOTE: Elapsed Time in seconds: 1.0294340411822 

[[1]]
           [,1]     [,2]    [,3]     [,4]
[1,] -0.8594733 91.57138 -211.65 35.48408

[[2]]
[1] 2.422124


NOTE: Log Print Time:  2022-03-24 20:48:59 
NOTE: Elapsed Time in seconds: 1.04494463205338 

[[1]]
           [,1]     [,2]    [,3]     [,4]
[1,] -0.8594733 91.57138 -211.65 35.48408

[[2]]
[1] 2.422124


NOTE: Log Print Time:  2022-03-24 20:50:02 
NOTE: Elapsed Time in seconds: 1.03917693297068 

[[1]]
           [,1]     [,2]    [,3]     [,4]
[1,] -0.8594733 91.57138 -211.65 35.48408

[[2]]
[1] 2.422124


NOTE: Log Print Time:  2022-03-24 20:51:03 
NOTE: Elapsed Time in seconds: 1.02002609968185 

[[1]]
           [,1]     [,2]    [,3]     [,4]
[1,] -0.8594733 91.57138 -211.65 35.48408

[[2]]
[1] 2.422124


NOTE: Log Print Time:  2022-03-24 20:52:05 
NOTE: Elapsed Time in seconds: 1.03402146100998 

[[1]]
           [,1]     [,2]    [,3]     [,4]
[1,] -0.8594733 91.57138 -211.65 35.48408

[[2]]
[1] 2.422124


NOTE: Log Print Time:  2022-03-24 20:53:06 
NOTE: Elapsed Time in seconds: 1.02375332514445 

[[1]]
           [,1]     [,2]    [,3]     [,4]
[1,] -0.8594733 91.57138 -211.65 35.48408

[[2]]
[1] 2.422124


NOTE: Log Print Time:  2022-03-24 20:54:09 
NOTE: Elapsed Time in seconds: 1.03822410504023 

[[1]]
           [,1]     [,2]    [,3]     [,4]
[1,] -0.8594733 91.57138 -211.65 35.48408

[[2]]
[1] 2.422124


NOTE: Log Print Time:  2022-03-24 20:55:10 
NOTE: Elapsed Time in seconds: 1.02292331457138 

[[1]]
           [,1]     [,2]    [,3]     [,4]
[1,] -0.8594733 91.57138 -211.65 35.48408

[[2]]
[1] 2.422124


NOTE: Log Print Time:  2022-03-24 20:56:11 
NOTE: Elapsed Time in seconds: 1.01794729630152 

[[1]]
           [,1]     [,2]    [,3]     [,4]
[1,] -0.8594733 91.57138 -211.65 35.48408

[[2]]
[1] 2.422124


NOTE: Log Print Time:  2022-03-24 20:57:12 
NOTE: Elapsed Time in seconds: 1.025020078818 

[[1]]
           [,1]     [,2]    [,3]     [,4]
[1,] -0.8594733 91.57138 -211.65 35.48408

[[2]]
[1] 2.422124


NOTE: Log Print Time:  2022-03-24 20:58:15 
NOTE: Elapsed Time in seconds: 1.0372786005338 

[[1]]
           [,1]     [,2]    [,3]     [,4]
[1,] -0.8594733 91.57138 -211.65 35.48408

[[2]]
[1] 2.422124


NOTE: Log Print Time:  2022-03-24 20:59:16 
NOTE: Elapsed Time in seconds: 1.02542093594869 

[[1]]
           [,1]     [,2]    [,3]     [,4]
[1,] -0.8594733 91.57138 -211.65 35.48408

[[2]]
[1] 2.422124


NOTE: Log Print Time:  2022-03-24 21:00:18 
NOTE: Elapsed Time in seconds: 1.02724682092667 

[[1]]
           [,1]     [,2]    [,3]     [,4]
[1,] -0.8594733 91.57138 -211.65 35.48408

[[2]]
[1] 2.422124


NOTE: Log Print Time:  2022-03-24 21:01:27 
NOTE: Elapsed Time in seconds: 1.15456332763036 

[[1]]
           [,1]     [,2]    [,3]     [,4]
[1,] -0.8594733 91.57138 -211.65 35.48408

[[2]]
[1] 2.422124


NOTE: Log Print Time:  2022-03-24 21:02:28 
NOTE: Elapsed Time in seconds: 1.00987809101741 

[[1]]
           [,1]     [,2]    [,3]     [,4]
[1,] -0.8594733 91.57138 -211.65 35.48408

[[2]]
[1] 2.422124


NOTE: Log Print Time:  2022-03-24 21:03:29 
NOTE: Elapsed Time in seconds: 1.01461262702942 

[[1]]
           [,1]     [,2]    [,3]     [,4]
[1,] -0.8594733 91.57138 -211.65 35.48408

[[2]]
[1] 2.422124


NOTE: Log Print Time:  2022-03-24 21:04:30 
NOTE: Elapsed Time in seconds: 1.02795195182165 

[[1]]
           [,1]     [,2]      [,3]   [,4]
[1,] -0.8798265 80.30925 -210.4859 35.523

[[2]]
[1] 2.422145


NOTE: Log Print Time:  2022-03-24 21:05:33 
NOTE: Elapsed Time in seconds: 1.04050060113271 

[[1]]
           [,1]     [,2]      [,3]     [,4]
[1,] -0.9025477 83.20141 -210.3213 35.52573

[[2]]
[1] 2.422914


NOTE: Log Print Time:  2022-03-24 21:06:35 
NOTE: Elapsed Time in seconds: 1.03336251179377 

[[1]]
           [,1]     [,2]      [,3]     [,4]
[1,] -0.9025477 83.20141 -210.3213 35.52573

[[2]]
[1] 2.422914


NOTE: Log Print Time:  2022-03-24 21:07:36 
NOTE: Elapsed Time in seconds: 1.02860677639643 

[[1]]
           [,1]     [,2]      [,3]     [,4]
[1,] -0.9025477 83.20141 -210.3213 35.52573

[[2]]
[1] 2.422914


NOTE: Log Print Time:  2022-03-24 21:08:46 
NOTE: Elapsed Time in seconds: 1.1580702662468 

[[1]]
           [,1]     [,2]      [,3]     [,4]
[1,] -0.9025477 83.20141 -210.3213 35.52573

[[2]]
[1] 2.422914


NOTE: Log Print Time:  2022-03-24 21:09:46 
NOTE: Elapsed Time in seconds: 1.00947587490082 

[[1]]
           [,1]     [,2]      [,3]     [,4]
[1,] -0.9025477 83.20141 -210.3213 35.52573

[[2]]
[1] 2.422914


NOTE: Log Print Time:  2022-03-24 21:10:48 
NOTE: Elapsed Time in seconds: 1.02648410002391 

[[1]]
           [,1]     [,2]      [,3]     [,4]
[1,] -0.9025477 83.20141 -210.3213 35.52573

[[2]]
[1] 2.422914


NOTE: Log Print Time:  2022-03-24 21:11:49 
NOTE: Elapsed Time in seconds: 1.01641033887863 

[[1]]
          [,1]     [,2]      [,3]    [,4]
[1,] -0.862844 85.39278 -210.6132 35.4962

[[2]]
[1] 2.423378


NOTE: Log Print Time:  2022-03-24 21:12:51 
NOTE: Elapsed Time in seconds: 1.02958868741989 

[[1]]
          [,1]     [,2]      [,3]    [,4]
[1,] -0.862844 85.39278 -210.6132 35.4962

[[2]]
[1] 2.423378


NOTE: Log Print Time:  2022-03-24 21:13:52 
NOTE: Elapsed Time in seconds: 1.01816572745641 

[[1]]
          [,1]     [,2]      [,3]    [,4]
[1,] -0.862844 85.39278 -210.6132 35.4962

[[2]]
[1] 2.423378


NOTE: Log Print Time:  2022-03-24 21:15:02 
NOTE: Elapsed Time in seconds: 1.16334402163823 

[[1]]
          [,1]     [,2]      [,3]    [,4]
[1,] -0.862844 85.39278 -210.6132 35.4962

[[2]]
[1] 2.423378


NOTE: Log Print Time:  2022-03-24 21:16:03 
NOTE: Elapsed Time in seconds: 1.02580910126368 

[[1]]
          [,1]     [,2]      [,3]    [,4]
[1,] -0.862844 85.39278 -210.6132 35.4962

[[2]]
[1] 2.423378


NOTE: Log Print Time:  2022-03-24 21:17:05 
NOTE: Elapsed Time in seconds: 1.03576645851135 

[[1]]
          [,1]     [,2]      [,3]    [,4]
[1,] -0.862844 85.39278 -210.6132 35.4962

[[2]]
[1] 2.423378


NOTE: Log Print Time:  2022-03-24 21:18:08 
NOTE: Elapsed Time in seconds: 1.03970489104589 

[[1]]
          [,1]     [,2]      [,3]    [,4]
[1,] -0.862844 85.39278 -210.6132 35.4962

[[2]]
[1] 2.423378


NOTE: Log Print Time:  2022-03-24 21:19:09 
NOTE: Elapsed Time in seconds: 1.02059800624847 

[[1]]
          [,1]     [,2]      [,3]    [,4]
[1,] -0.862844 85.39278 -210.6132 35.4962

[[2]]
[1] 2.423378


NOTE: Log Print Time:  2022-03-24 21:20:10 
NOTE: Elapsed Time in seconds: 1.02391935586929 

[[1]]
          [,1]     [,2]      [,3]    [,4]
[1,] -0.862844 85.39278 -210.6132 35.4962

[[2]]
[1] 2.423378


NOTE: Log Print Time:  2022-03-24 21:21:12 
NOTE: Elapsed Time in seconds: 1.02622559467951 

[[1]]
          [,1]     [,2]      [,3]    [,4]
[1,] -0.862844 85.39278 -210.6132 35.4962

[[2]]
[1] 2.423378


NOTE: Log Print Time:  2022-03-24 21:22:14 
NOTE: Elapsed Time in seconds: 1.03207047780355 

[[1]]
          [,1]     [,2]      [,3]     [,4]
[1,] -0.990502 88.74651 -210.5591 35.57426

[[2]]
[1] 2.425395


NOTE: Log Print Time:  2022-03-24 21:23:23 
NOTE: Elapsed Time in seconds: 1.14652120272319 

[[1]]
          [,1]     [,2]      [,3]     [,4]
[1,] -0.990502 88.74651 -210.5591 35.57426

[[2]]
[1] 2.425395


NOTE: Log Print Time:  2022-03-24 21:24:22 
NOTE: Elapsed Time in seconds: 59.7066311836243 

[[1]]
          [,1]     [,2]      [,3]     [,4]
[1,] -0.990502 88.74651 -210.5591 35.57426

[[2]]
[1] 2.425395


NOTE: Log Print Time:  2022-03-24 21:25:30 
NOTE: Elapsed Time in seconds: 1.13142930269241 

[[1]]
          [,1]     [,2]      [,3]     [,4]
[1,] -0.990502 88.74651 -210.5591 35.57426

[[2]]
[1] 2.425395


NOTE: Log Print Time:  2022-03-24 21:26:32 
NOTE: Elapsed Time in seconds: 1.02674031654994 

[[1]]
          [,1]     [,2]      [,3]     [,4]
[1,] -0.990502 88.74651 -210.5591 35.57426

[[2]]
[1] 2.425395


NOTE: Log Print Time:  2022-03-24 21:27:33 
NOTE: Elapsed Time in seconds: 1.02018449306488 

[[1]]
          [,1]     [,2]      [,3]     [,4]
[1,] -0.990502 88.74651 -210.5591 35.57426

[[2]]
[1] 2.425395


NOTE: Log Print Time:  2022-03-24 21:28:36 
NOTE: Elapsed Time in seconds: 1.04208688338598 

[[1]]
          [,1]     [,2]      [,3]     [,4]
[1,] -0.990502 88.74651 -210.5591 35.57426

[[2]]
[1] 2.425395


NOTE: Log Print Time:  2022-03-24 21:29:37 
NOTE: Elapsed Time in seconds: 1.02315647999446 

[[1]]
          [,1]     [,2]      [,3]     [,4]
[1,] -0.990502 88.74651 -210.5591 35.57426

[[2]]
[1] 2.425395


NOTE: Log Print Time:  2022-03-24 21:30:38 
NOTE: Elapsed Time in seconds: 1.02328015565872 

[[1]]
          [,1]     [,2]      [,3]     [,4]
[1,] -0.990502 88.74651 -210.5591 35.57426

[[2]]
[1] 2.425395


NOTE: Log Print Time:  2022-03-24 21:31:40 
NOTE: Elapsed Time in seconds: 1.02112372716268 

[[1]]
          [,1]     [,2]      [,3]     [,4]
[1,] -0.990502 88.74651 -210.5591 35.57426

[[2]]
[1] 2.425395


NOTE: Log Print Time:  2022-03-24 21:32:41 
NOTE: Elapsed Time in seconds: 1.02229803800583 

[[1]]
          [,1]     [,2]      [,3]     [,4]
[1,] -0.990502 88.74651 -210.5591 35.57426

[[2]]
[1] 2.425395


NOTE: Log Print Time:  2022-03-24 21:33:49 
NOTE: Elapsed Time in seconds: 1.13413660526276 

[[1]]
          [,1]     [,2]      [,3]     [,4]
[1,] -0.990502 88.74651 -210.5591 35.57426

[[2]]
[1] 2.425395


NOTE: Log Print Time:  2022-03-24 21:34:51 
NOTE: Elapsed Time in seconds: 1.02925816774368 

[[1]]
          [,1]     [,2]      [,3]     [,4]
[1,] -0.990502 88.74651 -210.5591 35.57426

[[2]]
[1] 2.425395


NOTE: Log Print Time:  2022-03-24 21:35:52 
NOTE: Elapsed Time in seconds: 1.01705048481623 

[[1]]
          [,1]     [,2]      [,3]     [,4]
[1,] -0.990502 88.74651 -210.5591 35.57426

[[2]]
[1] 2.425395


NOTE: Log Print Time:  2022-03-24 21:36:53 
NOTE: Elapsed Time in seconds: 1.02526098887126 

[[1]]
          [,1]     [,2]      [,3]     [,4]
[1,] -0.990502 88.74651 -210.5591 35.57426

[[2]]
[1] 2.425395


NOTE: Log Print Time:  2022-03-24 21:38:02 
NOTE: Elapsed Time in seconds: 1.15009819666545 

[[1]]
          [,1]     [,2]      [,3]     [,4]
[1,] -0.990502 88.74651 -210.5591 35.57426

[[2]]
[1] 2.425395


NOTE: Log Print Time:  2022-03-24 21:39:04 
NOTE: Elapsed Time in seconds: 1.02472607692083 

[[1]]
          [,1]     [,2]      [,3]     [,4]
[1,] -0.990502 88.74651 -210.5591 35.57426

[[2]]
[1] 2.425395


NOTE: Log Print Time:  2022-03-24 21:40:05 
NOTE: Elapsed Time in seconds: 1.01407795349757 

[[1]]
          [,1]     [,2]      [,3]     [,4]
[1,] -0.990502 88.74651 -210.5591 35.57426

[[2]]
[1] 2.425395


NOTE: Log Print Time:  2022-03-24 21:41:07 
NOTE: Elapsed Time in seconds: 1.03650914430618 

[[1]]
          [,1]     [,2]      [,3]     [,4]
[1,] -0.990502 88.74651 -210.5591 35.57426

[[2]]
[1] 2.425395


NOTE: Log Print Time:  2022-03-24 21:42:08 
NOTE: Elapsed Time in seconds: 1.02065361340841 

[[1]]
          [,1]     [,2]      [,3]     [,4]
[1,] -0.990502 88.74651 -210.5591 35.57426

[[2]]
[1] 2.425395


NOTE: Log Print Time:  2022-03-24 21:43:10 
NOTE: Elapsed Time in seconds: 1.02616834243139 

[[1]]
          [,1]     [,2]      [,3]     [,4]
[1,] -0.990502 88.74651 -210.5591 35.57426

[[2]]
[1] 2.425395


NOTE: Log Print Time:  2022-03-24 21:44:10 
NOTE: Elapsed Time in seconds: 1.00408038695653 

[[1]]
          [,1]     [,2]      [,3]     [,4]
[1,] -0.990502 88.74651 -210.5591 35.57426

[[2]]
[1] 2.425395


NOTE: Log Print Time:  2022-03-24 21:45:11 
NOTE: Elapsed Time in seconds: 1.02074685891469 

[[1]]
          [,1]     [,2]      [,3]     [,4]
[1,] -0.990502 88.74651 -210.5591 35.57426

[[2]]
[1] 2.425395


NOTE: Log Print Time:  2022-03-24 21:46:13 
NOTE: Elapsed Time in seconds: 1.02591481208801 

[[1]]
          [,1]     [,2]      [,3]     [,4]
[1,] -0.990502 88.74651 -210.5591 35.57426

[[2]]
[1] 2.425395


NOTE: Log Print Time:  2022-03-24 21:47:14 
NOTE: Elapsed Time in seconds: 1.02294550736745 

[[1]]
          [,1]     [,2]      [,3]     [,4]
[1,] -0.990502 88.74651 -210.5591 35.57426

[[2]]
[1] 2.425395


NOTE: Log Print Time:  2022-03-24 21:48:23 
NOTE: Elapsed Time in seconds: 1.14643215735753 

[[1]]
          [,1]     [,2]      [,3]     [,4]
[1,] -0.990502 88.74651 -210.5591 35.57426

[[2]]
[1] 2.425395


NOTE: Log Print Time:  2022-03-24 21:49:24 
NOTE: Elapsed Time in seconds: 1.01990969181061 

[[1]]
          [,1]     [,2]      [,3]     [,4]
[1,] -0.990502 88.74651 -210.5591 35.57426

[[2]]
[1] 2.425395


NOTE: Log Print Time:  2022-03-24 21:50:23 
NOTE: Elapsed Time in seconds: 59.3038828372955 

[[1]]
          [,1]     [,2]      [,3]     [,4]
[1,] -0.990502 88.74651 -210.5591 35.57426

[[2]]
[1] 2.425395


NOTE: Log Print Time:  2022-03-24 21:51:25 
NOTE: Elapsed Time in seconds: 1.03145877122879 

[[1]]
          [,1]     [,2]      [,3]     [,4]
[1,] -0.990502 88.74651 -210.5591 35.57426

[[2]]
[1] 2.425395


NOTE: Log Print Time:  2022-03-24 21:52:25 
NOTE: Elapsed Time in seconds: 59.3117644786835 

[[1]]
          [,1]     [,2]      [,3]     [,4]
[1,] -0.990502 88.74651 -210.5591 35.57426

[[2]]
[1] 2.425395


NOTE: Log Print Time:  2022-03-24 21:53:25 
NOTE: Elapsed Time in seconds: 1.01156503756841 

[[1]]
          [,1]     [,2]      [,3]     [,4]
[1,] -0.990502 88.74651 -210.5591 35.57426

[[2]]
[1] 2.425395


NOTE: Log Print Time:  2022-03-24 21:54:27 
NOTE: Elapsed Time in seconds: 1.02652756770452 

[[1]]
          [,1]     [,2]      [,3]     [,4]
[1,] -0.990502 88.74651 -210.5591 35.57426

[[2]]
[1] 2.425395


NOTE: Log Print Time:  2022-03-24 21:55:28 
NOTE: Elapsed Time in seconds: 1.02275149027507 

[[1]]
          [,1]     [,2]      [,3]     [,4]
[1,] -0.990502 88.74651 -210.5591 35.57426

[[2]]
[1] 2.425395


NOTE: Log Print Time:  2022-03-24 21:56:29 
NOTE: Elapsed Time in seconds: 1.01724829673767 

[[1]]
          [,1]     [,2]      [,3]     [,4]
[1,] -0.990502 88.74651 -210.5591 35.57426

[[2]]
[1] 2.425395


NOTE: Log Print Time:  2022-03-24 21:57:29 
NOTE: Elapsed Time in seconds: 59.3129737377167 

[[1]]
           [,1]     [,2]      [,3]     [,4]
[1,] -0.9877696 88.69327 -210.5572 35.56174

[[2]]
[1] 2.425538


NOTE: Log Print Time:  2022-03-24 21:58:37 
NOTE: Elapsed Time in seconds: 1.13240083853404 

[[1]]
           [,1]     [,2]      [,3]     [,4]
[1,] -0.9877696 88.69327 -210.5572 35.56174

[[2]]
[1] 2.425538


NOTE: Log Print Time:  2022-03-24 21:59:37 
NOTE: Elapsed Time in seconds: 1.00640958944956 

[[1]]
           [,1]     [,2]      [,3]     [,4]
[1,] -0.9904946 88.70649 -210.5576 35.56252

[[2]]
[1] 2.425559


NOTE: Log Print Time:  2022-03-24 22:00:39 
NOTE: Elapsed Time in seconds: 1.02634227275848 

[[1]]
           [,1]     [,2]      [,3]     [,4]
[1,] -0.9904946 88.70649 -210.5576 35.56252

[[2]]
[1] 2.425559


NOTE: Log Print Time:  2022-03-24 22:01:40 
NOTE: Elapsed Time in seconds: 1.02456458806992 

[[1]]
           [,1]     [,2]      [,3]     [,4]
[1,] -0.9904946 88.70649 -210.5576 35.56252

[[2]]
[1] 2.425559


NOTE: Log Print Time:  2022-03-24 22:02:41 
NOTE: Elapsed Time in seconds: 1.02189474900564 

[[1]]
           [,1]     [,2]      [,3]     [,4]
[1,] -0.9904946 88.70649 -210.5576 35.56252

[[2]]
[1] 2.425559


NOTE: Log Print Time:  2022-03-24 22:03:43 
NOTE: Elapsed Time in seconds: 1.02423804601034 

[[1]]
           [,1]     [,2]      [,3]     [,4]
[1,] -0.9904946 88.70649 -210.5576 35.56252

[[2]]
[1] 2.425559


NOTE: Log Print Time:  2022-03-24 22:04:45 
NOTE: Elapsed Time in seconds: 1.03472123543421 

[[1]]
           [,1]     [,2]      [,3]     [,4]
[1,] -0.9904946 88.70649 -210.5576 35.56252

[[2]]
[1] 2.425559


NOTE: Log Print Time:  2022-03-24 22:05:46 
NOTE: Elapsed Time in seconds: 1.01662278970083 

