========================================================================= 
Log Path: /scratch/wanglu57/job_scripts/log/2022-03-05_si-R-log-emp_ga.log 
Program Path: /scratch/wanglu57/job_scripts/2022-03-05_si-R-log-emp.R 
Working Directory: /scratch/wanglu57/job_scripts 
User Name: wanglu57 
R Version: 4.0.2 (2020-06-22) 
Machine: cdr2434.int.cedar.computecanada.ca x86_64 
Operating System: Linux 3.10.0-1160.36.2.el7.x86_64 #1 SMP Wed Jul 21 11:57:15 UTC 2021 
[1] "Base Packages: parallel stats graphics grDevices utils datasets methods\n               base \nOther Packages: doRNG_1.8.2 rngtools_1.5.2 here_1.0.1 GA_3.2.2 doParallel_1.0.16\n                iterators_1.0.13 foreach_1.5.1 "
Log Start Time: 2022-03-06 11:49:17 
========================================================================= 

[[1]]
          [,1]     [,2]      [,3]     [,4]
[1,] 0.8110102 78.21927 -399.6562 1033.303

[[2]]
[1] 3.547981


NOTE: Log Print Time:  2022-03-06 11:50:32 
NOTE: Elapsed Time in seconds: 1.24118553797404 

[[1]]
          [,1]     [,2]      [,3]     [,4]
[1,] 0.8110102 78.21927 -399.6562 1033.303

[[2]]
[1] 3.547981


NOTE: Log Print Time:  2022-03-06 11:51:34 
NOTE: Elapsed Time in seconds: 1.03059250116348 

[[1]]
          [,1]     [,2]      [,3]     [,4]
[1,] 0.8110102 78.21927 -399.6562 1033.303

[[2]]
[1] 3.547981


NOTE: Log Print Time:  2022-03-06 11:52:40 
NOTE: Elapsed Time in seconds: 1.10756780306498 

[[1]]
          [,1]     [,2]      [,3]     [,4]
[1,] 0.8110102 78.21927 -399.6562 1033.303

[[2]]
[1] 3.547981


NOTE: Log Print Time:  2022-03-06 11:53:42 
NOTE: Elapsed Time in seconds: 1.02742147843043 

[[1]]
          [,1]     [,2]      [,3]     [,4]
[1,] 0.8110102 78.21927 -399.6562 1033.303

[[2]]
[1] 3.547981


NOTE: Log Print Time:  2022-03-06 11:54:48 
NOTE: Elapsed Time in seconds: 1.09925775527954 

[[1]]
          [,1]     [,2]      [,3]     [,4]
[1,] 0.8110102 78.21927 -399.6562 1033.303

[[2]]
[1] 3.547981


NOTE: Log Print Time:  2022-03-06 11:55:50 
NOTE: Elapsed Time in seconds: 1.03664314746857 

[[1]]
          [,1]     [,2]      [,3]     [,4]
[1,] 0.8110102 78.21927 -399.6562 1033.303

[[2]]
[1] 3.547981


NOTE: Log Print Time:  2022-03-06 11:56:56 
NOTE: Elapsed Time in seconds: 1.1096254825592 

[[1]]
          [,1]     [,2]      [,3]     [,4]
[1,] 0.8110102 78.21927 -399.6562 1033.303

[[2]]
[1] 3.547981


NOTE: Log Print Time:  2022-03-06 11:57:58 
NOTE: Elapsed Time in seconds: 1.03084969917933 

[[1]]
          [,1]     [,2]      [,3]     [,4]
[1,] 0.8110102 78.21927 -399.6562 1033.303

[[2]]
[1] 3.547981


NOTE: Log Print Time:  2022-03-06 11:59:05 
NOTE: Elapsed Time in seconds: 1.11455243031184 

[[1]]
          [,1]     [,2]      [,3]     [,4]
[1,] 0.2628459 19.69753 -193.0851 566.1877

[[2]]
[1] 4.086868


NOTE: Log Print Time:  2022-03-06 12:00:07 
NOTE: Elapsed Time in seconds: 1.02799468437831 

[[1]]
          [,1]     [,2]      [,3]     [,4]
[1,] 0.2628459 19.69753 -193.0851 566.1877

[[2]]
[1] 4.086868


NOTE: Log Print Time:  2022-03-06 12:01:08 
NOTE: Elapsed Time in seconds: 1.024687063694 

[[1]]
          [,1]     [,2]      [,3]     [,4]
[1,] 0.2628459 19.69753 -193.0851 566.1877

[[2]]
[1] 4.086868


NOTE: Log Print Time:  2022-03-06 12:02:12 
NOTE: Elapsed Time in seconds: 1.06301724910736 

[[1]]
          [,1]     [,2]      [,3]     [,4]
[1,] 0.2628459 19.69753 -193.0851 566.1877

[[2]]
[1] 4.086868


NOTE: Log Print Time:  2022-03-06 12:03:21 
NOTE: Elapsed Time in seconds: 1.14958434899648 

[[1]]
          [,1]     [,2]      [,3]     [,4]
[1,] 0.2628459 19.69753 -193.0851 566.1877

[[2]]
[1] 4.086868


NOTE: Log Print Time:  2022-03-06 12:04:23 
NOTE: Elapsed Time in seconds: 1.03245379924774 

[[1]]
          [,1]     [,2]      [,3]     [,4]
[1,] 0.2628459 19.69753 -193.0851 566.1877

[[2]]
[1] 4.086868


NOTE: Log Print Time:  2022-03-06 12:05:26 
NOTE: Elapsed Time in seconds: 1.05031563838323 

[[1]]
          [,1]     [,2]      [,3]     [,4]
[1,] 0.2628459 19.69753 -193.0851 566.1877

[[2]]
[1] 4.086868


NOTE: Log Print Time:  2022-03-06 12:06:27 
NOTE: Elapsed Time in seconds: 1.01829794247945 

[[1]]
          [,1]     [,2]      [,3]     [,4]
[1,] 0.2628459 19.69753 -193.0851 566.1877

[[2]]
[1] 4.086868


NOTE: Log Print Time:  2022-03-06 12:07:29 
NOTE: Elapsed Time in seconds: 1.03045255740484 

[[1]]
          [,1]     [,2]      [,3]     [,4]
[1,] 0.2628459 19.69753 -193.0851 566.1877

[[2]]
[1] 4.086868


NOTE: Log Print Time:  2022-03-06 12:08:36 
NOTE: Elapsed Time in seconds: 1.12414781649907 

[[1]]
          [,1]     [,2]      [,3]     [,4]
[1,] 0.2628459 19.69753 -193.0851 566.1877

[[2]]
[1] 4.086868


NOTE: Log Print Time:  2022-03-06 12:09:49 
NOTE: Elapsed Time in seconds: 1.21702449321747 

[[1]]
          [,1]     [,2]      [,3]     [,4]
[1,] 0.2628459 19.69753 -193.0851 566.1877

[[2]]
[1] 4.086868


NOTE: Log Print Time:  2022-03-06 12:10:52 
NOTE: Elapsed Time in seconds: 1.03570521672567 

[[1]]
          [,1]     [,2]      [,3]     [,4]
[1,] 0.2628459 19.69753 -193.0851 566.1877

[[2]]
[1] 4.086868


NOTE: Log Print Time:  2022-03-06 12:11:54 
NOTE: Elapsed Time in seconds: 1.03781170050303 

[[1]]
          [,1]     [,2]      [,3]     [,4]
[1,] 0.2628459 19.69753 -193.0851 566.1877

[[2]]
[1] 4.086868


NOTE: Log Print Time:  2022-03-06 12:12:55 
NOTE: Elapsed Time in seconds: 1.02191350062688 

[[1]]
          [,1]     [,2]      [,3]     [,4]
[1,] 0.2628459 19.69753 -193.0851 566.1877

[[2]]
[1] 4.086868


NOTE: Log Print Time:  2022-03-06 12:13:57 
NOTE: Elapsed Time in seconds: 1.03533145189285 

[[1]]
          [,1]     [,2]      [,3]     [,4]
[1,] 0.2628459 19.69753 -193.0851 566.1877

[[2]]
[1] 4.086868


NOTE: Log Print Time:  2022-03-06 12:14:59 
NOTE: Elapsed Time in seconds: 1.02187796036402 

[[1]]
          [,1]     [,2]      [,3]     [,4]
[1,] 0.2628459 19.69753 -193.0851 566.1877

[[2]]
[1] 4.086868


NOTE: Log Print Time:  2022-03-06 12:16:06 
NOTE: Elapsed Time in seconds: 1.12934412558873 

[[1]]
          [,1]     [,2]      [,3]     [,4]
[1,] 0.2628459 19.69753 -193.0851 566.1877

[[2]]
[1] 4.086868


NOTE: Log Print Time:  2022-03-06 12:17:14 
NOTE: Elapsed Time in seconds: 1.12079703013102 

[[1]]
          [,1]     [,2]      [,3]     [,4]
[1,] 0.2628459 19.69753 -193.0851 566.1877

[[2]]
[1] 4.086868


NOTE: Log Print Time:  2022-03-06 12:18:21 
NOTE: Elapsed Time in seconds: 1.12525095542272 

[[1]]
          [,1]     [,2]      [,3]     [,4]
[1,] 0.2628459 19.69753 -193.0851 566.1877

[[2]]
[1] 4.086868


NOTE: Log Print Time:  2022-03-06 12:19:22 
NOTE: Elapsed Time in seconds: 1.01841904719671 

[[1]]
          [,1]     [,2]      [,3]     [,4]
[1,] 0.2628459 19.69753 -193.0851 566.1877

[[2]]
[1] 4.086868


NOTE: Log Print Time:  2022-03-06 12:20:24 
NOTE: Elapsed Time in seconds: 1.03154234488805 

[[1]]
          [,1]     [,2]      [,3]     [,4]
[1,] 0.2628459 19.69753 -193.0851 566.1877

[[2]]
[1] 4.086868


NOTE: Log Print Time:  2022-03-06 12:21:26 
NOTE: Elapsed Time in seconds: 1.03454225858053 

[[1]]
          [,1]     [,2]      [,3]     [,4]
[1,] 0.2628459 19.69753 -193.0851 566.1877

[[2]]
[1] 4.086868


NOTE: Log Print Time:  2022-03-06 12:22:28 
NOTE: Elapsed Time in seconds: 1.02719062169393 

[[1]]
          [,1]     [,2]      [,3]     [,4]
[1,] 0.2628459 19.69753 -193.0851 566.1877

[[2]]
[1] 4.086868


NOTE: Log Print Time:  2022-03-06 12:23:35 
NOTE: Elapsed Time in seconds: 1.11914564371109 

[[1]]
          [,1]     [,2]      [,3]     [,4]
[1,] 0.2628459 19.69753 -193.0851 566.1877

[[2]]
[1] 4.086868


NOTE: Log Print Time:  2022-03-06 12:24:36 
NOTE: Elapsed Time in seconds: 1.01885950565338 

[[1]]
          [,1]     [,2]      [,3]     [,4]
[1,] 0.2628459 19.69753 -193.0851 566.1877

[[2]]
[1] 4.086868


NOTE: Log Print Time:  2022-03-06 12:25:38 
NOTE: Elapsed Time in seconds: 1.03617116610209 

[[1]]
          [,1]     [,2]      [,3]     [,4]
[1,] 0.2628459 19.69753 -193.0851 566.1877

[[2]]
[1] 4.086868


NOTE: Log Print Time:  2022-03-06 12:26:40 
NOTE: Elapsed Time in seconds: 1.02718087832133 

[[1]]
          [,1]     [,2]      [,3]     [,4]
[1,] 0.2628459 19.69753 -193.0851 566.1877

[[2]]
[1] 4.086868


NOTE: Log Print Time:  2022-03-06 12:27:47 
NOTE: Elapsed Time in seconds: 1.12287952105204 

[[1]]
          [,1]     [,2]      [,3]     [,4]
[1,] 0.2628459 19.69753 -193.0851 566.1877

[[2]]
[1] 4.086868


NOTE: Log Print Time:  2022-03-06 12:28:49 
NOTE: Elapsed Time in seconds: 1.02381698687871 

[[1]]
            [,1]     [,2]      [,3]    [,4]
[1,] -0.04171253 23.72532 -65.09391 126.706

[[2]]
[1] 7.608321


NOTE: Log Print Time:  2022-03-06 12:29:50 
NOTE: Elapsed Time in seconds: 1.01899528106054 

[[1]]
            [,1]     [,2]      [,3]    [,4]
[1,] -0.04171253 23.72532 -65.09391 126.706

[[2]]
[1] 7.608321


NOTE: Log Print Time:  2022-03-06 12:30:51 
NOTE: Elapsed Time in seconds: 1.01762409607569 

[[1]]
            [,1]     [,2]      [,3]    [,4]
[1,] -0.04171253 23.72532 -65.09391 126.706

[[2]]
[1] 7.608321


NOTE: Log Print Time:  2022-03-06 12:31:53 
NOTE: Elapsed Time in seconds: 1.02975671291351 

[[1]]
            [,1]     [,2]      [,3]    [,4]
[1,] -0.04171253 23.72532 -65.09391 126.706

[[2]]
[1] 7.608321


NOTE: Log Print Time:  2022-03-06 12:32:55 
NOTE: Elapsed Time in seconds: 1.03379902442296 

[[1]]
            [,1]     [,2]      [,3]    [,4]
[1,] -0.04171253 23.72532 -65.09391 126.706

[[2]]
[1] 7.608321


NOTE: Log Print Time:  2022-03-06 12:33:57 
NOTE: Elapsed Time in seconds: 1.03092676003774 

[[1]]
            [,1]     [,2]      [,3]    [,4]
[1,] -0.04171253 23.72532 -65.09391 126.706

[[2]]
[1] 7.608321


NOTE: Log Print Time:  2022-03-06 12:34:58 
NOTE: Elapsed Time in seconds: 1.02930176655451 

[[1]]
            [,1]     [,2]      [,3]    [,4]
[1,] -0.04171253 23.72532 -65.09391 126.706

[[2]]
[1] 7.608321


NOTE: Log Print Time:  2022-03-06 12:36:00 
NOTE: Elapsed Time in seconds: 1.03529337644577 

[[1]]
            [,1]     [,2]      [,3]    [,4]
[1,] -0.04171253 23.72532 -65.09391 126.706

[[2]]
[1] 7.608321


NOTE: Log Print Time:  2022-03-06 12:37:02 
NOTE: Elapsed Time in seconds: 1.02454381783803 

[[1]]
            [,1]     [,2]      [,3]    [,4]
[1,] -0.04171253 23.72532 -65.09391 126.706

[[2]]
[1] 7.608321


NOTE: Log Print Time:  2022-03-06 12:38:04 
NOTE: Elapsed Time in seconds: 1.02714468240738 

[[1]]
            [,1]     [,2]      [,3]    [,4]
[1,] -0.04171253 23.72532 -65.09391 126.706

[[2]]
[1] 7.608321


NOTE: Log Print Time:  2022-03-06 12:39:05 
NOTE: Elapsed Time in seconds: 1.02885895967484 

[[1]]
            [,1]     [,2]      [,3]    [,4]
[1,] -0.04171253 23.72532 -65.09391 126.706

[[2]]
[1] 7.608321


NOTE: Log Print Time:  2022-03-06 12:40:07 
NOTE: Elapsed Time in seconds: 1.02265611886978 

[[1]]
            [,1]     [,2]      [,3]    [,4]
[1,] -0.04171253 23.72532 -65.09391 126.706

[[2]]
[1] 7.608321


NOTE: Log Print Time:  2022-03-06 12:41:08 
NOTE: Elapsed Time in seconds: 1.02566653887431 

[[1]]
            [,1]     [,2]      [,3]    [,4]
[1,] -0.04171253 23.72532 -65.09391 126.706

[[2]]
[1] 7.608321


NOTE: Log Print Time:  2022-03-06 12:42:16 
NOTE: Elapsed Time in seconds: 1.12860639492671 

[[1]]
            [,1]     [,2]      [,3]    [,4]
[1,] -0.04171253 23.72532 -65.09391 126.706

[[2]]
[1] 7.608321


NOTE: Log Print Time:  2022-03-06 12:43:18 
NOTE: Elapsed Time in seconds: 1.0279555161794 

[[1]]
            [,1]     [,2]      [,3]    [,4]
[1,] -0.04171253 23.72532 -65.09391 126.706

[[2]]
[1] 7.608321


NOTE: Log Print Time:  2022-03-06 12:44:19 
NOTE: Elapsed Time in seconds: 1.02979797522227 

[[1]]
            [,1]     [,2]      [,3]    [,4]
[1,] -0.04171253 23.72532 -65.09391 126.706

[[2]]
[1] 7.608321


NOTE: Log Print Time:  2022-03-06 12:45:21 
NOTE: Elapsed Time in seconds: 1.02146199544271 

[[1]]
            [,1]     [,2]      [,3]    [,4]
[1,] -0.04171253 23.72532 -65.09391 126.706

[[2]]
[1] 7.608321


NOTE: Log Print Time:  2022-03-06 12:46:23 
NOTE: Elapsed Time in seconds: 1.03462203741074 

[[1]]
            [,1]     [,2]      [,3]    [,4]
[1,] -0.04171253 23.72532 -65.09391 126.706

[[2]]
[1] 7.608321


NOTE: Log Print Time:  2022-03-06 12:47:24 
NOTE: Elapsed Time in seconds: 1.01971401373545 

[[1]]
            [,1]     [,2]      [,3]    [,4]
[1,] -0.04171253 23.72532 -65.09391 126.706

[[2]]
[1] 7.608321


NOTE: Log Print Time:  2022-03-06 12:48:25 
NOTE: Elapsed Time in seconds: 1.022603003184 

[[1]]
            [,1]     [,2]      [,3]    [,4]
[1,] -0.04171253 23.72532 -65.09391 126.706

[[2]]
[1] 7.608321


NOTE: Log Print Time:  2022-03-06 12:49:28 
NOTE: Elapsed Time in seconds: 1.03839098215103 

[[1]]
            [,1]     [,2]      [,3]    [,4]
[1,] -0.04171253 23.72532 -65.09391 126.706

[[2]]
[1] 7.608321


NOTE: Log Print Time:  2022-03-06 12:50:29 
NOTE: Elapsed Time in seconds: 1.02525980472565 

[[1]]
            [,1]     [,2]      [,3]    [,4]
[1,] -0.04171253 23.72532 -65.09391 126.706

[[2]]
[1] 7.608321


NOTE: Log Print Time:  2022-03-06 12:51:30 
NOTE: Elapsed Time in seconds: 1.02303911050161 

[[1]]
            [,1]     [,2]      [,3]    [,4]
[1,] -0.04171253 23.72532 -65.09391 126.706

[[2]]
[1] 7.608321


NOTE: Log Print Time:  2022-03-06 12:52:32 
NOTE: Elapsed Time in seconds: 1.02599579890569 

[[1]]
            [,1]     [,2]      [,3]    [,4]
[1,] -0.04171253 23.72532 -65.09391 126.706

[[2]]
[1] 7.608321


NOTE: Log Print Time:  2022-03-06 12:53:34 
NOTE: Elapsed Time in seconds: 1.03386481602987 

[[1]]
            [,1]     [,2]      [,3]    [,4]
[1,] -0.04171253 23.72532 -65.09391 126.706

[[2]]
[1] 7.608321


NOTE: Log Print Time:  2022-03-06 12:54:35 
NOTE: Elapsed Time in seconds: 1.01820133129756 

[[1]]
            [,1]     [,2]      [,3]    [,4]
[1,] -0.04171253 23.72532 -65.09391 126.706

[[2]]
[1] 7.608321


NOTE: Log Print Time:  2022-03-06 12:55:37 
NOTE: Elapsed Time in seconds: 1.03260661363602 

[[1]]
            [,1]     [,2]      [,3]    [,4]
[1,] -0.04171253 23.72532 -65.09391 126.706

[[2]]
[1] 7.608321


NOTE: Log Print Time:  2022-03-06 12:56:39 
NOTE: Elapsed Time in seconds: 1.03171718915304 

[[1]]
            [,1]     [,2]      [,3]    [,4]
[1,] -0.04171253 23.72532 -65.09391 126.706

[[2]]
[1] 7.608321


NOTE: Log Print Time:  2022-03-06 12:57:41 
NOTE: Elapsed Time in seconds: 1.03564211924871 

[[1]]
            [,1]     [,2]      [,3]    [,4]
[1,] -0.04171253 23.72532 -65.09391 126.706

[[2]]
[1] 7.608321


NOTE: Log Print Time:  2022-03-06 12:58:43 
NOTE: Elapsed Time in seconds: 1.02790905634562 

[[1]]
            [,1]     [,2]      [,3]    [,4]
[1,] -0.04171253 23.72532 -65.09391 126.706

[[2]]
[1] 7.608321


NOTE: Log Print Time:  2022-03-06 12:59:45 
NOTE: Elapsed Time in seconds: 1.02942178646723 

[[1]]
            [,1]     [,2]      [,3]    [,4]
[1,] -0.04171253 23.72532 -65.09391 126.706

[[2]]
[1] 7.608321


NOTE: Log Print Time:  2022-03-06 13:00:47 
NOTE: Elapsed Time in seconds: 1.03533240556717 

[[1]]
            [,1]     [,2]      [,3]    [,4]
[1,] -0.04171253 23.72532 -65.09391 126.706

[[2]]
[1] 7.608321


NOTE: Log Print Time:  2022-03-06 13:01:48 
NOTE: Elapsed Time in seconds: 1.01886204481125 

[[1]]
            [,1]     [,2]      [,3]    [,4]
[1,] -0.04171253 23.72532 -65.09391 126.706

[[2]]
[1] 7.608321


NOTE: Log Print Time:  2022-03-06 13:02:49 
NOTE: Elapsed Time in seconds: 1.02139681577682 

[[1]]
            [,1]     [,2]      [,3]    [,4]
[1,] -0.04171253 23.72532 -65.09391 126.706

[[2]]
[1] 7.608321


NOTE: Log Print Time:  2022-03-06 13:04:01 
NOTE: Elapsed Time in seconds: 1.19385983149211 

[[1]]
            [,1]     [,2]      [,3]    [,4]
[1,] -0.04171253 23.72532 -65.09391 126.706

[[2]]
[1] 7.608321


NOTE: Log Print Time:  2022-03-06 13:05:03 
NOTE: Elapsed Time in seconds: 1.03077817757924 

[[1]]
            [,1]     [,2]      [,3]    [,4]
[1,] -0.04171253 23.72532 -65.09391 126.706

[[2]]
[1] 7.608321


NOTE: Log Print Time:  2022-03-06 13:06:04 
NOTE: Elapsed Time in seconds: 1.02513479391734 

[[1]]
            [,1]     [,2]      [,3]    [,4]
[1,] -0.04171253 23.72532 -65.09391 126.706

[[2]]
[1] 7.608321


NOTE: Log Print Time:  2022-03-06 13:07:05 
NOTE: Elapsed Time in seconds: 1.02219100793203 

[[1]]
            [,1]     [,2]      [,3]    [,4]
[1,] -0.04171253 23.72532 -65.09391 126.706

[[2]]
[1] 7.608321


NOTE: Log Print Time:  2022-03-06 13:08:07 
NOTE: Elapsed Time in seconds: 1.03113299608231 

[[1]]
            [,1]     [,2]      [,3]    [,4]
[1,] -0.04171253 23.72532 -65.09391 126.706

[[2]]
[1] 7.608321


NOTE: Log Print Time:  2022-03-06 13:09:09 
NOTE: Elapsed Time in seconds: 1.02362702290217 

[[1]]
            [,1]     [,2]      [,3]    [,4]
[1,] -0.04171253 23.72532 -65.09391 126.706

[[2]]
[1] 7.608321


NOTE: Log Print Time:  2022-03-06 13:10:14 
NOTE: Elapsed Time in seconds: 1.08453040122986 

[[1]]
          [,1]     [,2]      [,3]    [,4]
[1,] 0.1897795 23.72532 -65.09391 126.706

[[2]]
[1] 7.992486


NOTE: Log Print Time:  2022-03-06 13:11:15 
NOTE: Elapsed Time in seconds: 1.02847681840261 

[[1]]
          [,1]     [,2]      [,3]    [,4]
[1,] 0.1897795 23.72532 -65.09391 126.706

[[2]]
[1] 7.992486


NOTE: Log Print Time:  2022-03-06 13:12:17 
NOTE: Elapsed Time in seconds: 1.02707994778951 

[[1]]
          [,1]     [,2]      [,3]    [,4]
[1,] 0.1897795 23.72532 -65.09391 126.706

[[2]]
[1] 7.992486


NOTE: Log Print Time:  2022-03-06 13:13:19 
NOTE: Elapsed Time in seconds: 1.02399742603302 

[[1]]
          [,1]     [,2]      [,3]    [,4]
[1,] 0.1897795 23.72532 -65.09391 126.706

[[2]]
[1] 7.992486


NOTE: Log Print Time:  2022-03-06 13:14:20 
NOTE: Elapsed Time in seconds: 1.02671401898066 

[[1]]
          [,1]     [,2]      [,3]    [,4]
[1,] 0.1897795 23.72532 -65.09391 126.706

[[2]]
[1] 7.992486


NOTE: Log Print Time:  2022-03-06 13:15:22 
NOTE: Elapsed Time in seconds: 1.02869311571121 

[[1]]
          [,1]     [,2]      [,3]    [,4]
[1,] 0.1897795 23.72532 -65.09391 126.706

[[2]]
[1] 7.992486


NOTE: Log Print Time:  2022-03-06 13:16:24 
NOTE: Elapsed Time in seconds: 1.03336295684179 

[[1]]
          [,1]     [,2]      [,3]    [,4]
[1,] 0.1897795 23.72532 -65.09391 126.706

[[2]]
[1] 7.992486


NOTE: Log Print Time:  2022-03-06 13:17:25 
NOTE: Elapsed Time in seconds: 1.02594180107117 

[[1]]
          [,1]     [,2]      [,3]    [,4]
[1,] 0.1897795 23.72532 -65.09391 126.706

[[2]]
[1] 7.992486


NOTE: Log Print Time:  2022-03-06 13:18:27 
NOTE: Elapsed Time in seconds: 1.01993540922801 

[[1]]
          [,1]     [,2]      [,3]    [,4]
[1,] 0.1897795 23.72532 -65.09391 126.706

[[2]]
[1] 7.992486


NOTE: Log Print Time:  2022-03-06 13:19:28 
NOTE: Elapsed Time in seconds: 1.0274856766065 

[[1]]
          [,1]     [,2]      [,3]    [,4]
[1,] 0.1897795 23.72532 -65.09391 126.706

[[2]]
[1] 7.992486


NOTE: Log Print Time:  2022-03-06 13:20:30 
NOTE: Elapsed Time in seconds: 1.03339200019836 

[[1]]
          [,1]     [,2]      [,3]    [,4]
[1,] 0.1897795 23.72532 -65.09391 126.706

[[2]]
[1] 7.992486


NOTE: Log Print Time:  2022-03-06 13:21:41 
NOTE: Elapsed Time in seconds: 1.17272013028463 

[[1]]
          [,1]     [,2]      [,3]    [,4]
[1,] 0.1897795 23.72532 -65.09391 126.706

[[2]]
[1] 7.992486


NOTE: Log Print Time:  2022-03-06 13:22:43 
NOTE: Elapsed Time in seconds: 1.03154850006104 

[[1]]
          [,1]     [,2]      [,3]    [,4]
[1,] 0.1897795 23.72532 -65.09391 126.706

[[2]]
[1] 7.992486


NOTE: Log Print Time:  2022-03-06 13:23:44 
NOTE: Elapsed Time in seconds: 1.0314032793045 

[[1]]
          [,1]     [,2]      [,3]    [,4]
[1,] 0.1897795 23.72532 -65.09391 126.706

[[2]]
[1] 7.992486


NOTE: Log Print Time:  2022-03-06 13:24:46 
NOTE: Elapsed Time in seconds: 1.03081274827321 

[[1]]
          [,1]     [,2]      [,3]    [,4]
[1,] 0.1897795 23.72532 -65.09391 126.706

[[2]]
[1] 7.992486


NOTE: Log Print Time:  2022-03-06 13:25:48 
NOTE: Elapsed Time in seconds: 1.02389780680339 

[[1]]
          [,1]     [,2]      [,3]    [,4]
[1,] 0.1897795 23.72532 -65.09391 126.706

[[2]]
[1] 7.992486


NOTE: Log Print Time:  2022-03-06 13:26:49 
NOTE: Elapsed Time in seconds: 1.02142412265142 

[[1]]
          [,1]     [,2]      [,3]    [,4]
[1,] 0.1897795 23.72532 -65.09391 126.706

[[2]]
[1] 7.992486


NOTE: Log Print Time:  2022-03-06 13:27:51 
NOTE: Elapsed Time in seconds: 1.0305003841718 

[[1]]
          [,1]     [,2]      [,3]    [,4]
[1,] 0.1897795 23.72532 -65.09391 126.706

[[2]]
[1] 7.992486


NOTE: Log Print Time:  2022-03-06 13:28:52 
NOTE: Elapsed Time in seconds: 1.0252538839976 

[[1]]
          [,1]     [,2]      [,3]    [,4]
[1,] 0.1897795 23.72532 -65.09391 126.706

[[2]]
[1] 7.992486


NOTE: Log Print Time:  2022-03-06 13:29:54 
NOTE: Elapsed Time in seconds: 1.02902758916219 

[[1]]
          [,1]     [,2]      [,3]    [,4]
[1,] 0.1897795 23.72532 -65.09391 126.706

[[2]]
[1] 7.992486


NOTE: Log Print Time:  2022-03-06 13:30:56 
NOTE: Elapsed Time in seconds: 1.0372719168663 

[[1]]
          [,1]     [,2]      [,3]    [,4]
[1,] 0.1897795 23.72532 -65.09391 126.706

[[2]]
[1] 7.992486


NOTE: Log Print Time:  2022-03-06 13:31:57 
NOTE: Elapsed Time in seconds: 1.01787608067195 

[[1]]
          [,1]     [,2]      [,3]    [,4]
[1,] 0.1897795 23.72532 -65.09391 126.706

[[2]]
[1] 7.992486


NOTE: Log Print Time:  2022-03-06 13:32:59 
NOTE: Elapsed Time in seconds: 1.02703535954158 

[[1]]
          [,1]     [,2]      [,3]    [,4]
[1,] 0.1897795 23.72532 -65.09391 126.706

[[2]]
[1] 7.992486


NOTE: Log Print Time:  2022-03-06 13:34:01 
NOTE: Elapsed Time in seconds: 1.03696658611298 

[[1]]
          [,1]     [,2]      [,3]    [,4]
[1,] 0.1648245 23.72532 -65.09391 126.706

[[2]]
[1] 8.017485


NOTE: Log Print Time:  2022-03-06 13:35:02 
NOTE: Elapsed Time in seconds: 1.01820329825083 

[[1]]
          [,1]     [,2]      [,3]    [,4]
[1,] 0.1648245 23.72532 -65.09391 126.706

[[2]]
[1] 8.017485


NOTE: Log Print Time:  2022-03-06 13:36:04 
NOTE: Elapsed Time in seconds: 1.0353635152181 

[[1]]
          [,1]     [,2]      [,3]    [,4]
[1,] 0.1648245 23.72532 -65.09391 126.706

[[2]]
[1] 8.017485


NOTE: Log Print Time:  2022-03-06 13:37:06 
NOTE: Elapsed Time in seconds: 1.0267686009407 

[[1]]
          [,1]     [,2]      [,3]    [,4]
[1,] 0.1648245 23.72532 -65.09391 126.706

[[2]]
[1] 8.017485


NOTE: Log Print Time:  2022-03-06 13:38:08 
NOTE: Elapsed Time in seconds: 1.02640875975291 

[[1]]
          [,1]     [,2]      [,3]    [,4]
[1,] 0.1648245 23.72532 -65.09391 126.706

[[2]]
[1] 8.017485


NOTE: Log Print Time:  2022-03-06 13:39:09 
NOTE: Elapsed Time in seconds: 1.02856080929438 

[[1]]
          [,1]     [,2]      [,3]    [,4]
[1,] 0.1648245 23.72532 -65.09391 126.706

[[2]]
[1] 8.017485


NOTE: Log Print Time:  2022-03-06 13:40:10 
NOTE: Elapsed Time in seconds: 1.01870062748591 

[[1]]
          [,1]     [,2]      [,3]     [,4]
[1,] 0.1639074 23.52523 -64.73956 126.2228

[[2]]
[1] 8.01985


NOTE: Log Print Time:  2022-03-06 13:41:12 
NOTE: Elapsed Time in seconds: 1.02580763498942 

[[1]]
          [,1]     [,2]      [,3]     [,4]
[1,] 0.1639074 23.52523 -64.73956 126.2228

[[2]]
[1] 8.01985


NOTE: Log Print Time:  2022-03-06 13:42:14 
NOTE: Elapsed Time in seconds: 1.028639904658 

[[1]]
          [,1]     [,2]      [,3]     [,4]
[1,] 0.1639074 23.52523 -64.73956 126.2228

[[2]]
[1] 8.01985


NOTE: Log Print Time:  2022-03-06 13:43:16 
NOTE: Elapsed Time in seconds: 1.0348579287529 

[[1]]
          [,1]     [,2]      [,3]     [,4]
[1,] 0.1639409 23.67886 -64.99581 126.2536

[[2]]
[1] 8.031592


NOTE: Log Print Time:  2022-03-06 13:44:17 
NOTE: Elapsed Time in seconds: 1.02721754312515 

[[1]]
          [,1]     [,2]      [,3]     [,4]
[1,] 0.1639409 23.67886 -64.99581 126.2536

[[2]]
[1] 8.031592


NOTE: Log Print Time:  2022-03-06 13:45:20 
NOTE: Elapsed Time in seconds: 1.03825304508209 

[[1]]
          [,1]     [,2]      [,3]     [,4]
[1,] 0.1639409 23.67886 -64.99581 126.2536

[[2]]
[1] 8.031592


NOTE: Log Print Time:  2022-03-06 13:46:21 
NOTE: Elapsed Time in seconds: 1.025379494826 

[[1]]
          [,1]     [,2]      [,3]     [,4]
[1,] 0.1639409 23.67886 -64.99581 126.2536

[[2]]
[1] 8.031592


NOTE: Log Print Time:  2022-03-06 13:47:23 
NOTE: Elapsed Time in seconds: 1.0296547849973 

[[1]]
          [,1]     [,2]      [,3]     [,4]
[1,] 0.1639409 23.67886 -64.99581 126.2536

[[2]]
[1] 8.031592


NOTE: Log Print Time:  2022-03-06 13:48:24 
NOTE: Elapsed Time in seconds: 1.02041930357615 

[[1]]
          [,1]     [,2]      [,3]     [,4]
[1,] 0.1639409 23.67886 -64.99581 126.2536

[[2]]
[1] 8.031592


NOTE: Log Print Time:  2022-03-06 13:49:26 
NOTE: Elapsed Time in seconds: 1.02684067487717 

[[1]]
          [,1]     [,2]      [,3]     [,4]
[1,] 0.1639409 23.67886 -64.99581 126.2536

[[2]]
[1] 8.031592


NOTE: Log Print Time:  2022-03-06 13:50:27 
NOTE: Elapsed Time in seconds: 1.02485344409943 

[[1]]
          [,1]     [,2]      [,3]     [,4]
[1,] 0.1639409 23.67886 -64.99581 126.2536

[[2]]
[1] 8.031592


NOTE: Log Print Time:  2022-03-06 13:51:30 
NOTE: Elapsed Time in seconds: 1.04184746344884 

[[1]]
          [,1]     [,2]      [,3]     [,4]
[1,] 0.1639409 23.67886 -64.99581 126.2536

[[2]]
[1] 8.031592


NOTE: Log Print Time:  2022-03-06 13:52:31 
NOTE: Elapsed Time in seconds: 1.02372486193975 

[[1]]
          [,1]     [,2]      [,3]     [,4]
[1,] 0.1639409 23.67886 -64.99581 126.2536

[[2]]
[1] 8.031592


NOTE: Log Print Time:  2022-03-06 13:53:33 
NOTE: Elapsed Time in seconds: 1.02200971047084 

[[1]]
          [,1]     [,2]      [,3]     [,4]
[1,] 0.1639409 23.67886 -64.99581 126.2536

[[2]]
[1] 8.031592


NOTE: Log Print Time:  2022-03-06 13:54:34 
NOTE: Elapsed Time in seconds: 1.02881659666697 

[[1]]
          [,1]     [,2]      [,3]     [,4]
[1,] 0.1639409 23.67886 -64.99581 126.2536

[[2]]
[1] 8.031592


NOTE: Log Print Time:  2022-03-06 13:55:36 
NOTE: Elapsed Time in seconds: 1.02011756896973 

[[1]]
          [,1]     [,2]      [,3]     [,4]
[1,] 0.1639409 23.67886 -64.99581 126.2536

[[2]]
[1] 8.031592


NOTE: Log Print Time:  2022-03-06 13:56:38 
NOTE: Elapsed Time in seconds: 1.03355914751689 

[[1]]
          [,1]     [,2]      [,3]     [,4]
[1,] 0.1639409 23.67886 -64.99581 126.2536

[[2]]
[1] 8.031592


NOTE: Log Print Time:  2022-03-06 13:57:39 
NOTE: Elapsed Time in seconds: 1.02281376520793 

[[1]]
          [,1]     [,2]      [,3]     [,4]
[1,] 0.1639409 23.67886 -64.99581 126.2536

[[2]]
[1] 8.031592


NOTE: Log Print Time:  2022-03-06 13:58:41 
NOTE: Elapsed Time in seconds: 1.03419974247615 

[[1]]
           [,1]     [,2]      [,3]     [,4]
[1,] 0.04256534 24.32545 -65.40838 126.2652

[[2]]
[1] 8.035574


NOTE: Log Print Time:  2022-03-06 13:59:43 
NOTE: Elapsed Time in seconds: 1.03122969468435 

[[1]]
           [,1]     [,2]      [,3]     [,4]
[1,] 0.04256534 24.32545 -65.40838 126.2652

[[2]]
[1] 8.035574


NOTE: Log Print Time:  2022-03-06 14:00:45 
NOTE: Elapsed Time in seconds: 1.03617567618688 

[[1]]
           [,1]     [,2]      [,3]     [,4]
[1,] 0.04256534 24.32545 -65.40838 126.2652

[[2]]
[1] 8.035574


NOTE: Log Print Time:  2022-03-06 14:01:46 
NOTE: Elapsed Time in seconds: 1.02208906412125 

[[1]]
           [,1]     [,2]      [,3]     [,4]
[1,] 0.04256534 24.32545 -65.40838 126.2652

[[2]]
[1] 8.035574


NOTE: Log Print Time:  2022-03-06 14:02:47 
NOTE: Elapsed Time in seconds: 1.0166465083758 

[[1]]
          [,1]     [,2]      [,3]     [,4]
[1,] 0.1588679 23.98785 -65.12341 125.5839

[[2]]
[1] 8.036085


NOTE: Log Print Time:  2022-03-06 14:03:49 
NOTE: Elapsed Time in seconds: 1.02324066559474 

[[1]]
          [,1]     [,2]      [,3]     [,4]
[1,] 0.1588679 23.98785 -65.12341 125.5839

[[2]]
[1] 8.036085


NOTE: Log Print Time:  2022-03-06 14:04:50 
NOTE: Elapsed Time in seconds: 1.02773219347 

[[1]]
          [,1]     [,2]      [,3]     [,4]
[1,] 0.1588679 23.98785 -65.12341 125.5839

[[2]]
[1] 8.036085


NOTE: Log Print Time:  2022-03-06 14:05:52 
NOTE: Elapsed Time in seconds: 1.02860754728317 

[[1]]
          [,1]     [,2]      [,3]     [,4]
[1,] 0.3203581 23.76119 -65.36531 125.6311

[[2]]
[1] 8.036244


NOTE: Log Print Time:  2022-03-06 14:06:55 
NOTE: Elapsed Time in seconds: 1.04563925266266 

[[1]]
          [,1]     [,2]      [,3]     [,4]
[1,] 0.3203581 23.76119 -65.36531 125.6311

[[2]]
[1] 8.036244


NOTE: Log Print Time:  2022-03-06 14:07:57 
NOTE: Elapsed Time in seconds: 1.04051985343297 

[[1]]
          [,1]     [,2]      [,3]     [,4]
[1,] 0.3203581 23.76119 -65.36531 125.6311

[[2]]
[1] 8.036244


NOTE: Log Print Time:  2022-03-06 14:09:06 
NOTE: Elapsed Time in seconds: 1.14337080319722 

[[1]]
         [,1]     [,2]      [,3]     [,4]
[1,] 0.311285 23.77209 -65.37775 125.7455

[[2]]
[1] 8.036283


NOTE: Log Print Time:  2022-03-06 14:10:16 
NOTE: Elapsed Time in seconds: 1.16776210467021 

[[1]]
         [,1]     [,2]      [,3]     [,4]
[1,] 0.311285 23.77209 -65.37775 125.7455

[[2]]
[1] 8.036283


NOTE: Log Print Time:  2022-03-06 14:11:30 
NOTE: Elapsed Time in seconds: 1.23920554320017 

[[1]]
          [,1]     [,2]      [,3]   [,4]
[1,] 0.2779116 23.84882 -65.36327 125.77

[[2]]
[1] 8.036303


NOTE: Log Print Time:  2022-03-06 14:12:32 
NOTE: Elapsed Time in seconds: 1.02636409600576 

[[1]]
          [,1]     [,2]      [,3]   [,4]
[1,] 0.2779116 23.84882 -65.36327 125.77

[[2]]
[1] 8.036303


NOTE: Log Print Time:  2022-03-06 14:13:34 
NOTE: Elapsed Time in seconds: 1.0403798421224 

[[1]]
          [,1]     [,2]      [,3]   [,4]
[1,] 0.2779116 23.84882 -65.36327 125.77

[[2]]
[1] 8.036303


NOTE: Log Print Time:  2022-03-06 14:14:36 
NOTE: Elapsed Time in seconds: 1.02620390256246 

[[1]]
          [,1]     [,2]      [,3]   [,4]
[1,] 0.2779116 23.84882 -65.36327 125.77

[[2]]
[1] 8.036303


NOTE: Log Print Time:  2022-03-06 14:15:38 
NOTE: Elapsed Time in seconds: 1.02917359272639 

[[1]]
          [,1]     [,2]      [,3]   [,4]
[1,] 0.2779116 23.84882 -65.36327 125.77

[[2]]
[1] 8.036303


NOTE: Log Print Time:  2022-03-06 14:16:40 
NOTE: Elapsed Time in seconds: 1.03580242792765 

[[1]]
          [,1]     [,2]      [,3]   [,4]
[1,] 0.2779116 23.84882 -65.36327 125.77

[[2]]
[1] 8.036303


NOTE: Log Print Time:  2022-03-06 14:17:41 
NOTE: Elapsed Time in seconds: 1.02261775334676 

[[1]]
          [,1]     [,2]      [,3]   [,4]
[1,] 0.2779116 23.84882 -65.36327 125.77

[[2]]
[1] 8.036303


NOTE: Log Print Time:  2022-03-06 14:18:43 
NOTE: Elapsed Time in seconds: 1.03239238262177 

[[1]]
          [,1]     [,2]      [,3]   [,4]
[1,] 0.2779116 23.84882 -65.36327 125.77

[[2]]
[1] 8.036303


NOTE: Log Print Time:  2022-03-06 14:19:46 
NOTE: Elapsed Time in seconds: 1.04959503809611 

[[1]]
          [,1]     [,2]      [,3]   [,4]
[1,] 0.2779116 23.84882 -65.36327 125.77

[[2]]
[1] 8.036303


NOTE: Log Print Time:  2022-03-06 14:20:48 
NOTE: Elapsed Time in seconds: 1.0341051697731 

[[1]]
          [,1]     [,2]      [,3]   [,4]
[1,] 0.2779116 23.84882 -65.36327 125.77

[[2]]
[1] 8.036303


NOTE: Log Print Time:  2022-03-06 14:21:49 
NOTE: Elapsed Time in seconds: 1.02008897066116 

[[1]]
          [,1]     [,2]      [,3]   [,4]
[1,] 0.2779116 23.84882 -65.36327 125.77

[[2]]
[1] 8.036303


NOTE: Log Print Time:  2022-03-06 14:22:51 
NOTE: Elapsed Time in seconds: 1.03117697636286 

[[1]]
          [,1]     [,2]      [,3]   [,4]
[1,] 0.2779116 23.84882 -65.36327 125.77

[[2]]
[1] 8.036303


NOTE: Log Print Time:  2022-03-06 14:23:53 
NOTE: Elapsed Time in seconds: 1.03370717763901 

[[1]]
          [,1]     [,2]      [,3]   [,4]
[1,] 0.2779116 23.84882 -65.36327 125.77

[[2]]
[1] 8.036303


NOTE: Log Print Time:  2022-03-06 14:24:55 
NOTE: Elapsed Time in seconds: 1.02725592851639 

[[1]]
          [,1]     [,2]      [,3]   [,4]
[1,] 0.2779116 23.84882 -65.36327 125.77

[[2]]
[1] 8.036303


NOTE: Log Print Time:  2022-03-06 14:25:56 
NOTE: Elapsed Time in seconds: 1.01722103357315 

[[1]]
          [,1]     [,2]      [,3]   [,4]
[1,] 0.2779116 23.84882 -65.36327 125.77

[[2]]
[1] 8.036303


NOTE: Log Print Time:  2022-03-06 14:26:57 
NOTE: Elapsed Time in seconds: 1.02285578250885 

[[1]]
          [,1]     [,2]      [,3]   [,4]
[1,] 0.2779116 23.84882 -65.36327 125.77

[[2]]
[1] 8.036303


NOTE: Log Print Time:  2022-03-06 14:27:59 
NOTE: Elapsed Time in seconds: 1.0251324057579 

[[1]]
          [,1]     [,2]      [,3]   [,4]
[1,] 0.2779116 23.84882 -65.36327 125.77

[[2]]
[1] 8.036303


NOTE: Log Print Time:  2022-03-06 14:29:01 
NOTE: Elapsed Time in seconds: 1.03840749661128 

[[1]]
          [,1]     [,2]      [,3]   [,4]
[1,] 0.2779116 23.84882 -65.36327 125.77

[[2]]
[1] 8.036303


NOTE: Log Print Time:  2022-03-06 14:30:04 
NOTE: Elapsed Time in seconds: 1.04234893719355 

[[1]]
          [,1]     [,2]      [,3]   [,4]
[1,] 0.2779116 23.84882 -65.36327 125.77

[[2]]
[1] 8.036303


NOTE: Log Print Time:  2022-03-06 14:31:05 
NOTE: Elapsed Time in seconds: 1.03047331174215 

[[1]]
          [,1]     [,2]      [,3]   [,4]
[1,] 0.2779116 23.84882 -65.36327 125.77

[[2]]
[1] 8.036303


NOTE: Log Print Time:  2022-03-06 14:32:08 
NOTE: Elapsed Time in seconds: 1.03789846499761 

[[1]]
          [,1]     [,2]      [,3]     [,4]
[1,] 0.2427734 23.91553 -65.32586 125.7016

[[2]]
[1] 8.036551


NOTE: Log Print Time:  2022-03-06 14:33:10 
NOTE: Elapsed Time in seconds: 1.03481162786484 

[[1]]
          [,1]     [,2]      [,3]     [,4]
[1,] 0.2427734 23.91553 -65.32586 125.7016

[[2]]
[1] 8.036551


NOTE: Log Print Time:  2022-03-06 14:34:12 
NOTE: Elapsed Time in seconds: 1.04133155345917 

[[1]]
          [,1]     [,2]      [,3]     [,4]
[1,] 0.2427734 23.91553 -65.32586 125.7016

[[2]]
[1] 8.036551


NOTE: Log Print Time:  2022-03-06 14:35:15 
NOTE: Elapsed Time in seconds: 1.04717490275701 

[[1]]
          [,1]     [,2]      [,3]     [,4]
[1,] 0.2427734 23.91553 -65.32586 125.7016

[[2]]
[1] 8.036551


NOTE: Log Print Time:  2022-03-06 14:36:17 
NOTE: Elapsed Time in seconds: 1.03537792762121 

[[1]]
          [,1]     [,2]      [,3]     [,4]
[1,] 0.2427734 23.91553 -65.32586 125.7016

[[2]]
[1] 8.036551


NOTE: Log Print Time:  2022-03-06 14:37:20 
NOTE: Elapsed Time in seconds: 1.04478115638097 

[[1]]
          [,1]     [,2]      [,3]     [,4]
[1,] 0.2427734 23.91553 -65.32586 125.7016

[[2]]
[1] 8.036551


NOTE: Log Print Time:  2022-03-06 14:38:22 
NOTE: Elapsed Time in seconds: 1.03640648921331 

[[1]]
          [,1]     [,2]      [,3]     [,4]
[1,] 0.2427734 23.91553 -65.32586 125.7016

[[2]]
[1] 8.036551


NOTE: Log Print Time:  2022-03-06 14:39:24 
NOTE: Elapsed Time in seconds: 1.03280967076619 

[[1]]
          [,1]     [,2]      [,3]     [,4]
[1,] 0.2427734 23.91553 -65.32586 125.7016

[[2]]
[1] 8.036551


NOTE: Log Print Time:  2022-03-06 14:40:26 
NOTE: Elapsed Time in seconds: 1.02894842624664 

[[1]]
          [,1]     [,2]      [,3]     [,4]
[1,] 0.2427734 23.91553 -65.32586 125.7016

[[2]]
[1] 8.036551


NOTE: Log Print Time:  2022-03-06 14:41:29 
NOTE: Elapsed Time in seconds: 1.04551051060359 

[[1]]
          [,1]     [,2]      [,3]     [,4]
[1,] 0.2427734 23.91553 -65.32586 125.7016

[[2]]
[1] 8.036551


NOTE: Log Print Time:  2022-03-06 14:42:30 
NOTE: Elapsed Time in seconds: 1.02788307666779 

[[1]]
          [,1]     [,2]      [,3]     [,4]
[1,] 0.2427734 23.91553 -65.32586 125.7016

[[2]]
[1] 8.036551


NOTE: Log Print Time:  2022-03-06 14:43:32 
NOTE: Elapsed Time in seconds: 1.02702042659124 

[[1]]
          [,1]     [,2]      [,3]     [,4]
[1,] 0.2427734 23.91553 -65.32586 125.7016

[[2]]
[1] 8.036551


NOTE: Log Print Time:  2022-03-06 14:44:34 
NOTE: Elapsed Time in seconds: 1.03041779994965 

[[1]]
          [,1]     [,2]      [,3]     [,4]
[1,] 0.2427734 23.91553 -65.32586 125.7016

[[2]]
[1] 8.036551


NOTE: Log Print Time:  2022-03-06 14:45:45 
NOTE: Elapsed Time in seconds: 1.19313312768936 

[[1]]
          [,1]     [,2]      [,3]     [,4]
[1,] 0.2427734 23.91553 -65.32586 125.7016

[[2]]
[1] 8.036551


NOTE: Log Print Time:  2022-03-06 14:46:48 
NOTE: Elapsed Time in seconds: 1.03977241913478 

[[1]]
          [,1]     [,2]      [,3]     [,4]
[1,] 0.2427734 23.91553 -65.32586 125.7016

[[2]]
[1] 8.036551


NOTE: Log Print Time:  2022-03-06 14:47:50 
NOTE: Elapsed Time in seconds: 1.03232000271479 

[[1]]
          [,1]     [,2]      [,3]     [,4]
[1,] 0.2427734 23.91553 -65.32586 125.7016

[[2]]
[1] 8.036551


NOTE: Log Print Time:  2022-03-06 14:48:52 
NOTE: Elapsed Time in seconds: 1.03539633353551 

[[1]]
          [,1]     [,2]      [,3]     [,4]
[1,] 0.2427734 23.91553 -65.32586 125.7016

[[2]]
[1] 8.036551


NOTE: Log Print Time:  2022-03-06 14:49:52 
NOTE: Elapsed Time in seconds: 1.00590813954671 

[[1]]
          [,1]     [,2]      [,3]     [,4]
[1,] 0.2427734 23.91553 -65.32586 125.7016

[[2]]
[1] 8.036551


NOTE: Log Print Time:  2022-03-06 14:50:55 
NOTE: Elapsed Time in seconds: 1.05052082538605 

[[1]]
          [,1]     [,2]      [,3]     [,4]
[1,] 0.2427734 23.91553 -65.32586 125.7016

[[2]]
[1] 8.036551


NOTE: Log Print Time:  2022-03-06 14:51:57 
NOTE: Elapsed Time in seconds: 1.03769711256027 

[[1]]
          [,1]     [,2]      [,3]     [,4]
[1,] 0.2427734 23.91553 -65.32586 125.7016

[[2]]
[1] 8.036551


NOTE: Log Print Time:  2022-03-06 14:53:00 
NOTE: Elapsed Time in seconds: 1.04258395433426 

[[1]]
          [,1]     [,2]      [,3]     [,4]
[1,] 0.2427734 23.91553 -65.32586 125.7016

[[2]]
[1] 8.036551


NOTE: Log Print Time:  2022-03-06 14:54:02 
NOTE: Elapsed Time in seconds: 1.02700010935466 

[[1]]
          [,1]     [,2]      [,3]     [,4]
[1,] 0.2427734 23.91553 -65.32586 125.7016

[[2]]
[1] 8.036551


NOTE: Log Print Time:  2022-03-06 14:55:04 
NOTE: Elapsed Time in seconds: 1.03738400538762 

[[1]]
          [,1]     [,2]      [,3]     [,4]
[1,] 0.2427734 23.91553 -65.32586 125.7016

[[2]]
[1] 8.036551


NOTE: Log Print Time:  2022-03-06 14:56:06 
NOTE: Elapsed Time in seconds: 1.03528595368067 

[[1]]
          [,1]     [,2]      [,3]     [,4]
[1,] 0.2427734 23.91553 -65.32586 125.7016

[[2]]
[1] 8.036551


NOTE: Log Print Time:  2022-03-06 14:57:08 
NOTE: Elapsed Time in seconds: 1.02797598441442 

[[1]]
          [,1]     [,2]      [,3]     [,4]
[1,] 0.2427734 23.91553 -65.32586 125.7016

[[2]]
[1] 8.036551


NOTE: Log Print Time:  2022-03-06 14:58:13 
NOTE: Elapsed Time in seconds: 1.0958685596784 

[[1]]
          [,1]     [,2]      [,3]     [,4]
[1,] 0.2427734 23.91553 -65.32586 125.7016

[[2]]
[1] 8.036551


NOTE: Log Print Time:  2022-03-06 14:59:15 
NOTE: Elapsed Time in seconds: 1.03242778380712 

[[1]]
          [,1]     [,2]      [,3]     [,4]
[1,] 0.2427734 23.91553 -65.32586 125.7016

[[2]]
[1] 8.036551


NOTE: Log Print Time:  2022-03-06 15:00:17 
NOTE: Elapsed Time in seconds: 1.03528595765432 

[[1]]
          [,1]     [,2]      [,3]     [,4]
[1,] 0.2427734 23.91553 -65.32586 125.7016

[[2]]
[1] 8.036551


NOTE: Log Print Time:  2022-03-06 15:01:19 
NOTE: Elapsed Time in seconds: 1.02709565560023 

[[1]]
          [,1]     [,2]      [,3]     [,4]
[1,] 0.2427734 23.91553 -65.32586 125.7016

[[2]]
[1] 8.036551


NOTE: Log Print Time:  2022-03-06 15:02:21 
NOTE: Elapsed Time in seconds: 1.02597271998723 

[[1]]
          [,1]     [,2]      [,3]     [,4]
[1,] 0.2427734 23.91553 -65.32586 125.7016

[[2]]
[1] 8.036551


NOTE: Log Print Time:  2022-03-06 15:03:23 
NOTE: Elapsed Time in seconds: 1.03580445845922 

[[1]]
          [,1]     [,2]      [,3]     [,4]
[1,] 0.2427734 23.91553 -65.32586 125.7016

[[2]]
[1] 8.036551


NOTE: Log Print Time:  2022-03-06 15:04:23 
NOTE: Elapsed Time in seconds: 1.0103213429451 

[[1]]
          [,1]     [,2]      [,3]     [,4]
[1,] 0.2427734 23.91553 -65.32586 125.7016

[[2]]
[1] 8.036551


NOTE: Log Print Time:  2022-03-06 15:05:25 
NOTE: Elapsed Time in seconds: 1.02802954117457 

[[1]]
          [,1]     [,2]      [,3]     [,4]
[1,] 0.2427734 23.91553 -65.32586 125.7016

[[2]]
[1] 8.036551


NOTE: Log Print Time:  2022-03-06 15:06:27 
NOTE: Elapsed Time in seconds: 1.02604170242945 

[[1]]
          [,1]     [,2]      [,3]     [,4]
[1,] 0.2427734 23.91553 -65.32586 125.7016

[[2]]
[1] 8.036551


NOTE: Log Print Time:  2022-03-06 15:07:28 
NOTE: Elapsed Time in seconds: 1.02876978317897 

[[1]]
          [,1]     [,2]      [,3]     [,4]
[1,] 0.2500717 23.90838 -65.34601 125.7249

[[2]]
[1] 8.036555


NOTE: Log Print Time:  2022-03-06 15:08:30 
NOTE: Elapsed Time in seconds: 1.03483293056488 

[[1]]
          [,1]     [,2]      [,3]     [,4]
[1,] 0.2500717 23.90838 -65.34601 125.7249

[[2]]
[1] 8.036555


NOTE: Log Print Time:  2022-03-06 15:09:32 
NOTE: Elapsed Time in seconds: 1.02290155092875 

[[1]]
          [,1]     [,2]      [,3]     [,4]
[1,] 0.2500717 23.90838 -65.34601 125.7249

[[2]]
[1] 8.036555


NOTE: Log Print Time:  2022-03-06 15:10:33 
NOTE: Elapsed Time in seconds: 1.02799784739812 

[[1]]
          [,1]     [,2]      [,3]     [,4]
[1,] 0.2500717 23.90838 -65.34601 125.7249

[[2]]
[1] 8.036555


NOTE: Log Print Time:  2022-03-06 15:11:35 
NOTE: Elapsed Time in seconds: 1.02287215391795 

[[1]]
          [,1]     [,2]      [,3]     [,4]
[1,] 0.2500717 23.90838 -65.34601 125.7249

[[2]]
[1] 8.036555


NOTE: Log Print Time:  2022-03-06 15:12:37 
NOTE: Elapsed Time in seconds: 1.03265862464905 

[[1]]
          [,1]     [,2]      [,3]     [,4]
[1,] 0.2500717 23.90838 -65.34601 125.7249

[[2]]
[1] 8.036555


NOTE: Log Print Time:  2022-03-06 15:13:39 
NOTE: Elapsed Time in seconds: 1.03857787847519 

[[1]]
          [,1]     [,2]      [,3]     [,4]
[1,] 0.2500717 23.90838 -65.34601 125.7249

[[2]]
[1] 8.036555


NOTE: Log Print Time:  2022-03-06 15:14:41 
NOTE: Elapsed Time in seconds: 1.02749864260356 

[[1]]
          [,1]     [,2]      [,3]     [,4]
[1,] 0.2500717 23.90838 -65.34601 125.7249

[[2]]
[1] 8.036555


NOTE: Log Print Time:  2022-03-06 15:15:42 
NOTE: Elapsed Time in seconds: 1.02720595200857 

[[1]]
          [,1]     [,2]      [,3]     [,4]
[1,] 0.2500717 23.90838 -65.34601 125.7249

[[2]]
[1] 8.036555


NOTE: Log Print Time:  2022-03-06 15:16:44 
NOTE: Elapsed Time in seconds: 1.02494438489278 

[[1]]
          [,1]     [,2]      [,3]     [,4]
[1,] 0.2500717 23.90838 -65.34601 125.7249

[[2]]
[1] 8.036555


NOTE: Log Print Time:  2022-03-06 15:17:46 
NOTE: Elapsed Time in seconds: 1.03423117399216 

[[1]]
          [,1]     [,2]      [,3]     [,4]
[1,] 0.2500717 23.90838 -65.34601 125.7249

[[2]]
[1] 8.036555


NOTE: Log Print Time:  2022-03-06 15:18:48 
NOTE: Elapsed Time in seconds: 1.04042032957077 

[[1]]
          [,1]     [,2]      [,3]     [,4]
[1,] 0.2500717 23.90838 -65.34601 125.7249

[[2]]
[1] 8.036555


NOTE: Log Print Time:  2022-03-06 15:19:50 
NOTE: Elapsed Time in seconds: 1.02361632188161 

[[1]]
          [,1]     [,2]      [,3]     [,4]
[1,] 0.2500717 23.90838 -65.34601 125.7249

[[2]]
[1] 8.036555


NOTE: Log Print Time:  2022-03-06 15:20:52 
NOTE: Elapsed Time in seconds: 1.034672443072 

[[1]]
          [,1]     [,2]      [,3]     [,4]
[1,] 0.2500717 23.90838 -65.34601 125.7249

[[2]]
[1] 8.036555


NOTE: Log Print Time:  2022-03-06 15:21:54 
NOTE: Elapsed Time in seconds: 1.02859676281611 

[[1]]
          [,1]     [,2]      [,3]     [,4]
[1,] 0.2469145 23.91124 -65.33365 125.7069

[[2]]
[1] 8.036556


NOTE: Log Print Time:  2022-03-06 15:22:56 
NOTE: Elapsed Time in seconds: 1.03333845535914 

[[1]]
          [,1]     [,2]      [,3]     [,4]
[1,] 0.2469145 23.91124 -65.33365 125.7069

[[2]]
[1] 8.036556


NOTE: Log Print Time:  2022-03-06 15:23:57 
NOTE: Elapsed Time in seconds: 1.02666168610255 

[[1]]
          [,1]     [,2]      [,3]     [,4]
[1,] 0.2469145 23.91124 -65.33365 125.7069

[[2]]
[1] 8.036556


NOTE: Log Print Time:  2022-03-06 15:25:07 
NOTE: Elapsed Time in seconds: 1.16353540023168 

[[1]]
          [,1]     [,2]      [,3]     [,4]
[1,] 0.2469145 23.91124 -65.33365 125.7069

[[2]]
[1] 8.036556


NOTE: Log Print Time:  2022-03-06 15:26:09 
NOTE: Elapsed Time in seconds: 1.03605789343516 

[[1]]
          [,1]     [,2]      [,3]     [,4]
[1,] 0.2469145 23.91124 -65.33365 125.7069

[[2]]
[1] 8.036556


NOTE: Log Print Time:  2022-03-06 15:27:11 
NOTE: Elapsed Time in seconds: 1.03455336491267 

[[1]]
          [,1]     [,2]      [,3]     [,4]
[1,] 0.2469145 23.91124 -65.33365 125.7069

[[2]]
[1] 8.036556


NOTE: Log Print Time:  2022-03-06 15:28:13 
NOTE: Elapsed Time in seconds: 1.03284246921539 

[[1]]
          [,1]     [,2]      [,3]     [,4]
[1,] 0.2469145 23.91124 -65.33365 125.7069

[[2]]
[1] 8.036556


NOTE: Log Print Time:  2022-03-06 15:29:15 
NOTE: Elapsed Time in seconds: 1.03547631104787 

[[1]]
          [,1]     [,2]      [,3]     [,4]
[1,] 0.2469145 23.91124 -65.33365 125.7069

[[2]]
[1] 8.036556


NOTE: Log Print Time:  2022-03-06 15:30:15 
NOTE: Elapsed Time in seconds: 59.8627610206604 

[[1]]
          [,1]     [,2]      [,3]     [,4]
[1,] 0.2469145 23.91124 -65.33365 125.7069

[[2]]
[1] 8.036556


NOTE: Log Print Time:  2022-03-06 15:31:17 
NOTE: Elapsed Time in seconds: 1.03625757694244 

[[1]]
          [,1]     [,2]      [,3]     [,4]
[1,] 0.2469145 23.91124 -65.33365 125.7069

[[2]]
[1] 8.036556


NOTE: Log Print Time:  2022-03-06 15:32:17 
NOTE: Elapsed Time in seconds: 1.00044098695119 

[[1]]
          [,1]     [,2]      [,3]     [,4]
[1,] 0.2469145 23.91124 -65.33365 125.7069

[[2]]
[1] 8.036556


NOTE: Log Print Time:  2022-03-06 15:33:18 
NOTE: Elapsed Time in seconds: 1.01059149106344 

[[1]]
          [,1]     [,2]      [,3]     [,4]
[1,] 0.2469145 23.91124 -65.33365 125.7069

[[2]]
[1] 8.036556


NOTE: Log Print Time:  2022-03-06 15:34:20 
NOTE: Elapsed Time in seconds: 1.03128498395284 

[[1]]
          [,1]     [,2]      [,3]     [,4]
[1,] 0.2469145 23.91124 -65.33365 125.7069

[[2]]
[1] 8.036556


NOTE: Log Print Time:  2022-03-06 15:35:23 
NOTE: Elapsed Time in seconds: 1.04603525400162 

[[1]]
          [,1]     [,2]      [,3]     [,4]
[1,] 0.2469145 23.91124 -65.33365 125.7069

[[2]]
[1] 8.036556


NOTE: Log Print Time:  2022-03-06 15:36:24 
NOTE: Elapsed Time in seconds: 1.03005345662435 

[[1]]
          [,1]     [,2]      [,3]     [,4]
[1,] 0.2469145 23.91124 -65.33365 125.7069

[[2]]
[1] 8.036556


NOTE: Log Print Time:  2022-03-06 15:37:24 
NOTE: Elapsed Time in seconds: 59.5390954017639 

[[1]]
          [,1]     [,2]      [,3]     [,4]
[1,] 0.2469145 23.91124 -65.33365 125.7069

[[2]]
[1] 8.036556


NOTE: Log Print Time:  2022-03-06 15:38:26 
NOTE: Elapsed Time in seconds: 1.02928404013316 

[[1]]
          [,1]     [,2]      [,3]     [,4]
[1,] 0.2502309 23.90878 -65.34474 125.7192

[[2]]
[1] 8.036564


NOTE: Log Print Time:  2022-03-06 15:39:26 
NOTE: Elapsed Time in seconds: 1.00643093188604 

[[1]]
          [,1]     [,2]      [,3]     [,4]
[1,] 0.2502309 23.90878 -65.34474 125.7192

[[2]]
[1] 8.036564


NOTE: Log Print Time:  2022-03-06 15:40:29 
NOTE: Elapsed Time in seconds: 1.04130667448044 

[[1]]
          [,1]     [,2]      [,3]     [,4]
[1,] 0.2502309 23.90878 -65.34474 125.7192

[[2]]
[1] 8.036564


NOTE: Log Print Time:  2022-03-06 15:41:32 
NOTE: Elapsed Time in seconds: 1.05247284173965 

[[1]]
          [,1]     [,2]      [,3]     [,4]
[1,] 0.2502309 23.90878 -65.34474 125.7192

[[2]]
[1] 8.036564


NOTE: Log Print Time:  2022-03-06 15:42:34 
NOTE: Elapsed Time in seconds: 1.02944074869156 

[[1]]
          [,1]     [,2]      [,3]     [,4]
[1,] 0.2502309 23.90878 -65.34474 125.7192

[[2]]
[1] 8.036564


NOTE: Log Print Time:  2022-03-06 15:43:36 
NOTE: Elapsed Time in seconds: 1.0400519768397 

[[1]]
          [,1]     [,2]      [,3]     [,4]
[1,] 0.2502309 23.90878 -65.34474 125.7192

[[2]]
[1] 8.036564


NOTE: Log Print Time:  2022-03-06 15:44:38 
NOTE: Elapsed Time in seconds: 1.03540176153183 

[[1]]
          [,1]     [,2]      [,3]     [,4]
[1,] 0.2502309 23.90878 -65.34474 125.7192

[[2]]
[1] 8.036564


NOTE: Log Print Time:  2022-03-06 15:45:40 
NOTE: Elapsed Time in seconds: 1.03125985860825 

[[1]]
          [,1]     [,2]      [,3]     [,4]
[1,] 0.2502309 23.90878 -65.34474 125.7192

[[2]]
[1] 8.036564


NOTE: Log Print Time:  2022-03-06 15:46:51 
NOTE: Elapsed Time in seconds: 1.18237449725469 

