========================================================================= 
Log Path: /scratch/wanglu57/job_scripts/log/2022-03-06_si-I-emp_ga.log 
Program Path: /scratch/wanglu57/job_scripts/2022-03-06_si-I-emp.R 
Working Directory: /scratch/wanglu57/job_scripts 
User Name: wanglu57 
R Version: 4.0.2 (2020-06-22) 
Machine: cdr2414.int.cedar.computecanada.ca x86_64 
Operating System: Linux 3.10.0-1160.36.2.el7.x86_64 #1 SMP Wed Jul 21 11:57:15 UTC 2021 
[1] "Base Packages: parallel stats graphics grDevices utils datasets methods\n               base \nOther Packages: doRNG_1.8.2 rngtools_1.5.2 here_1.0.1 GA_3.2.2 doParallel_1.0.16\n                iterators_1.0.13 foreach_1.5.1 "
Log Start Time: 2022-03-06 23:18:22 
========================================================================= 

[[1]]
            [,1]      [,2]     [,3]     [,4]
[1,] -0.07831214 -17.14939 990.9274 4770.606

[[2]]
[1] 8.154605


NOTE: Log Print Time:  2022-03-06 23:19:36 
NOTE: Elapsed Time in seconds: 1.24195837974548 

[[1]]
            [,1]      [,2]     [,3]     [,4]
[1,] -0.07831214 -17.14939 990.9274 4770.606

[[2]]
[1] 8.154605


NOTE: Log Print Time:  2022-03-06 23:20:38 
NOTE: Elapsed Time in seconds: 1.02935247421265 

[[1]]
            [,1]      [,2]     [,3]     [,4]
[1,] -0.07831214 -17.14939 990.9274 4770.606

[[2]]
[1] 8.154605


NOTE: Log Print Time:  2022-03-06 23:21:40 
NOTE: Elapsed Time in seconds: 1.03272405465444 

[[1]]
            [,1]      [,2]     [,3]     [,4]
[1,] -0.07831214 -17.14939 990.9274 4770.606

[[2]]
[1] 8.154605


NOTE: Log Print Time:  2022-03-06 23:22:42 
NOTE: Elapsed Time in seconds: 1.03094435930252 

[[1]]
            [,1]      [,2]     [,3]     [,4]
[1,] -0.07831214 -17.14939 990.9274 4770.606

[[2]]
[1] 8.154605


NOTE: Log Print Time:  2022-03-06 23:23:44 
NOTE: Elapsed Time in seconds: 1.03137910366058 

[[1]]
            [,1]      [,2]     [,3]     [,4]
[1,] -0.07831214 -17.14939 990.9274 4770.606

[[2]]
[1] 8.154605


NOTE: Log Print Time:  2022-03-06 23:24:46 
NOTE: Elapsed Time in seconds: 1.03970893621445 

[[1]]
            [,1]      [,2]     [,3]     [,4]
[1,] -0.07831214 -17.14939 990.9274 4770.606

[[2]]
[1] 8.154605


NOTE: Log Print Time:  2022-03-06 23:25:47 
NOTE: Elapsed Time in seconds: 1.01769591967265 

[[1]]
            [,1]      [,2]     [,3]     [,4]
[1,] -0.07831214 -17.14939 990.9274 4770.606

[[2]]
[1] 8.154605


NOTE: Log Print Time:  2022-03-06 23:26:49 
NOTE: Elapsed Time in seconds: 1.03019897937775 

[[1]]
            [,1]      [,2]     [,3]     [,4]
[1,] -0.07831214 -17.14939 990.9274 4770.606

[[2]]
[1] 8.154605


NOTE: Log Print Time:  2022-03-06 23:27:51 
NOTE: Elapsed Time in seconds: 1.02963495254517 

[[1]]
            [,1]      [,2]     [,3]     [,4]
[1,] -0.07831214 -17.14939 990.9274 4770.606

[[2]]
[1] 8.154605


NOTE: Log Print Time:  2022-03-06 23:28:52 
NOTE: Elapsed Time in seconds: 1.02325939337413 

[[1]]
            [,1]      [,2]     [,3]     [,4]
[1,] -0.07831214 -17.14939 990.9274 4770.606

[[2]]
[1] 8.154605


NOTE: Log Print Time:  2022-03-06 23:29:53 
NOTE: Elapsed Time in seconds: 1.01957615216573 

[[1]]
            [,1]      [,2]     [,3]     [,4]
[1,] -0.07831214 -17.14939 990.9274 4770.606

[[2]]
[1] 8.154605


NOTE: Log Print Time:  2022-03-06 23:30:55 
NOTE: Elapsed Time in seconds: 1.02082231442134 

[[1]]
            [,1]      [,2]     [,3]     [,4]
[1,] -0.07831214 -17.14939 990.9274 4770.606

[[2]]
[1] 8.154605


NOTE: Log Print Time:  2022-03-06 23:31:56 
NOTE: Elapsed Time in seconds: 1.0241939107577 

[[1]]
            [,1]      [,2]     [,3]     [,4]
[1,] -0.07831214 -17.14939 990.9274 4770.606

[[2]]
[1] 8.154605


NOTE: Log Print Time:  2022-03-06 23:32:58 
NOTE: Elapsed Time in seconds: 1.03652146657308 

[[1]]
            [,1]      [,2]     [,3]     [,4]
[1,] -0.07831214 -17.14939 990.9274 4770.606

[[2]]
[1] 8.154605


NOTE: Log Print Time:  2022-03-06 23:34:00 
NOTE: Elapsed Time in seconds: 1.02942511638006 

[[1]]
            [,1]      [,2]     [,3]     [,4]
[1,] -0.07831214 -17.14939 990.9274 4770.606

[[2]]
[1] 8.154605


NOTE: Log Print Time:  2022-03-06 23:35:02 
NOTE: Elapsed Time in seconds: 1.02879780133565 

[[1]]
            [,1]      [,2]     [,3]     [,4]
[1,] -0.07831214 -17.14939 990.9274 4770.606

[[2]]
[1] 8.154605


NOTE: Log Print Time:  2022-03-06 23:36:03 
NOTE: Elapsed Time in seconds: 1.02588366270065 

[[1]]
            [,1]      [,2]     [,3]     [,4]
[1,] -0.07831214 -17.14939 990.9274 4770.606

[[2]]
[1] 8.154605


NOTE: Log Print Time:  2022-03-06 23:37:05 
NOTE: Elapsed Time in seconds: 1.02353310982386 

[[1]]
            [,1]      [,2]     [,3]     [,4]
[1,] -0.07831214 -17.14939 990.9274 4770.606

[[2]]
[1] 8.154605


NOTE: Log Print Time:  2022-03-06 23:38:07 
NOTE: Elapsed Time in seconds: 1.04051976998647 

[[1]]
            [,1]      [,2]     [,3]     [,4]
[1,] -0.07831214 -17.14939 990.9274 4770.606

[[2]]
[1] 8.154605


NOTE: Log Print Time:  2022-03-06 23:39:09 
NOTE: Elapsed Time in seconds: 1.03438244263331 

[[1]]
            [,1]      [,2]     [,3]     [,4]
[1,] -0.07831214 -17.14939 990.9274 4770.606

[[2]]
[1] 8.154605


NOTE: Log Print Time:  2022-03-06 23:40:11 
NOTE: Elapsed Time in seconds: 1.03731516599655 

[[1]]
            [,1]      [,2]     [,3]     [,4]
[1,] -0.07831214 -17.14939 990.9274 4770.606

[[2]]
[1] 8.154605


NOTE: Log Print Time:  2022-03-06 23:41:13 
NOTE: Elapsed Time in seconds: 1.03179477850596 

[[1]]
            [,1]      [,2]     [,3]     [,4]
[1,] -0.07831214 -17.14939 990.9274 4770.606

[[2]]
[1] 8.154605


NOTE: Log Print Time:  2022-03-06 23:42:15 
NOTE: Elapsed Time in seconds: 1.0261189977328 

[[1]]
            [,1]      [,2]     [,3]     [,4]
[1,] -0.07831214 -17.14939 990.9274 4770.606

[[2]]
[1] 8.154605


NOTE: Log Print Time:  2022-03-06 23:43:16 
NOTE: Elapsed Time in seconds: 1.01746455430985 

[[1]]
            [,1]      [,2]     [,3]     [,4]
[1,] -0.07831214 -17.14939 990.9274 4770.606

[[2]]
[1] 8.154605


NOTE: Log Print Time:  2022-03-06 23:44:17 
NOTE: Elapsed Time in seconds: 1.02419325908025 

[[1]]
            [,1]      [,2]     [,3]     [,4]
[1,] -0.07831214 -17.14939 990.9274 4770.606

[[2]]
[1] 8.154605


NOTE: Log Print Time:  2022-03-06 23:45:19 
NOTE: Elapsed Time in seconds: 1.02547536293666 

[[1]]
            [,1]      [,2]     [,3]     [,4]
[1,] -0.07831214 -17.14939 990.9274 4770.606

[[2]]
[1] 8.154605


NOTE: Log Print Time:  2022-03-06 23:46:21 
NOTE: Elapsed Time in seconds: 1.03592574993769 

[[1]]
            [,1]      [,2]     [,3]     [,4]
[1,] -0.07831214 -17.14939 990.9274 4770.606

[[2]]
[1] 8.154605


NOTE: Log Print Time:  2022-03-06 23:47:22 
NOTE: Elapsed Time in seconds: 1.02152060270309 

[[1]]
            [,1]      [,2]     [,3]     [,4]
[1,] -0.07831214 -17.14939 990.9274 4770.606

[[2]]
[1] 8.154605


NOTE: Log Print Time:  2022-03-06 23:48:23 
NOTE: Elapsed Time in seconds: 1.0198008219401 

[[1]]
            [,1]      [,2]     [,3]     [,4]
[1,] -0.07831214 -17.14939 990.9274 4770.606

[[2]]
[1] 8.154605


NOTE: Log Print Time:  2022-03-06 23:49:25 
NOTE: Elapsed Time in seconds: 1.03230515321096 

[[1]]
            [,1]      [,2]     [,3]     [,4]
[1,] -0.07831214 -17.14939 990.9274 4770.606

[[2]]
[1] 8.154605


NOTE: Log Print Time:  2022-03-06 23:50:27 
NOTE: Elapsed Time in seconds: 1.02497311433156 

[[1]]
            [,1]      [,2]     [,3]     [,4]
[1,] -0.07831214 -17.14939 990.9274 4770.606

[[2]]
[1] 8.154605


NOTE: Log Print Time:  2022-03-06 23:51:29 
NOTE: Elapsed Time in seconds: 1.03184240659078 

[[1]]
            [,1]      [,2]     [,3]     [,4]
[1,] -0.07831214 -17.14939 990.9274 4770.606

[[2]]
[1] 8.154605


NOTE: Log Print Time:  2022-03-06 23:52:30 
NOTE: Elapsed Time in seconds: 1.02513776222865 

[[1]]
            [,1]      [,2]     [,3]     [,4]
[1,] -0.07831214 -17.14939 990.9274 4770.606

[[2]]
[1] 8.154605


NOTE: Log Print Time:  2022-03-06 23:53:32 
NOTE: Elapsed Time in seconds: 1.02065623601278 

[[1]]
            [,1]      [,2]     [,3]     [,4]
[1,] -0.07831214 -17.14939 990.9274 4770.606

[[2]]
[1] 8.154605


NOTE: Log Print Time:  2022-03-06 23:54:33 
NOTE: Elapsed Time in seconds: 1.02641309499741 

[[1]]
            [,1]      [,2]     [,3]     [,4]
[1,] -0.07831214 -17.14939 990.9274 4770.606

[[2]]
[1] 8.154605


NOTE: Log Print Time:  2022-03-06 23:55:35 
NOTE: Elapsed Time in seconds: 1.02433309952418 

[[1]]
            [,1]      [,2]     [,3]     [,4]
[1,] -0.07831214 -17.14939 990.9274 4770.606

[[2]]
[1] 8.154605


NOTE: Log Print Time:  2022-03-06 23:56:36 
NOTE: Elapsed Time in seconds: 1.03009311358134 

[[1]]
            [,1]      [,2]     [,3]     [,4]
[1,] -0.07831214 -17.14939 990.9274 4770.606

[[2]]
[1] 8.154605


NOTE: Log Print Time:  2022-03-06 23:57:37 
NOTE: Elapsed Time in seconds: 1.01748884121577 

[[1]]
            [,1]      [,2]     [,3]     [,4]
[1,] -0.07831214 -17.14939 990.9274 4770.606

[[2]]
[1] 8.154605


NOTE: Log Print Time:  2022-03-06 23:58:39 
NOTE: Elapsed Time in seconds: 1.01967798471451 

[[1]]
            [,1]      [,2]     [,3]     [,4]
[1,] -0.07831214 -17.14939 990.9274 4770.606

[[2]]
[1] 8.154605


NOTE: Log Print Time:  2022-03-06 23:59:40 
NOTE: Elapsed Time in seconds: 1.02172886530558 

[[1]]
            [,1]      [,2]     [,3]     [,4]
[1,] -0.07831214 -17.14939 990.9274 4770.606

[[2]]
[1] 8.154605


NOTE: Log Print Time:  2022-03-07 00:00:42 
NOTE: Elapsed Time in seconds: 1.03457590341568 

[[1]]
            [,1]      [,2]     [,3]     [,4]
[1,] -0.07831214 -17.14939 990.9274 4770.606

[[2]]
[1] 8.154605


NOTE: Log Print Time:  2022-03-07 00:01:52 
NOTE: Elapsed Time in seconds: 1.17208938995997 

[[1]]
            [,1]      [,2]     [,3]     [,4]
[1,] -0.07831214 -17.14939 990.9274 4770.606

[[2]]
[1] 8.154605


NOTE: Log Print Time:  2022-03-07 00:02:54 
NOTE: Elapsed Time in seconds: 1.02640302181244 

[[1]]
            [,1]      [,2]     [,3]     [,4]
[1,] -0.07831214 -17.14939 990.9274 4770.606

[[2]]
[1] 8.154605


NOTE: Log Print Time:  2022-03-07 00:03:55 
NOTE: Elapsed Time in seconds: 1.02437218427658 

[[1]]
            [,1]      [,2]     [,3]     [,4]
[1,] -0.07831214 -17.14939 990.9274 4770.606

[[2]]
[1] 8.154605


NOTE: Log Print Time:  2022-03-07 00:04:57 
NOTE: Elapsed Time in seconds: 1.03297080198924 

[[1]]
            [,1]      [,2]     [,3]     [,4]
[1,] -0.07831214 -17.14939 990.9274 4770.606

[[2]]
[1] 8.154605


NOTE: Log Print Time:  2022-03-07 00:06:00 
NOTE: Elapsed Time in seconds: 1.03936663468679 

[[1]]
            [,1]      [,2]     [,3]     [,4]
[1,] -0.07831214 -17.14939 990.9274 4770.606

[[2]]
[1] 8.154605


NOTE: Log Print Time:  2022-03-07 00:07:01 
NOTE: Elapsed Time in seconds: 1.02770301898321 

[[1]]
            [,1]      [,2]     [,3]     [,4]
[1,] -0.07831214 -17.14939 990.9274 4770.606

[[2]]
[1] 8.154605


NOTE: Log Print Time:  2022-03-07 00:08:03 
NOTE: Elapsed Time in seconds: 1.02578725814819 

[[1]]
            [,1]      [,2]     [,3]     [,4]
[1,] -0.07831214 -17.14939 990.9274 4770.606

[[2]]
[1] 8.154605


NOTE: Log Print Time:  2022-03-07 00:09:04 
NOTE: Elapsed Time in seconds: 1.02062288920085 

[[1]]
            [,1]      [,2]     [,3]     [,4]
[1,] -0.07831214 -17.14939 990.9274 4770.606

[[2]]
[1] 8.154605


NOTE: Log Print Time:  2022-03-07 00:10:06 
NOTE: Elapsed Time in seconds: 1.02308021783829 

