========================================================================= 
Log Path: /scratch/wanglu57/job_scripts/log/2022-02-27_ga-si-G_ga.log 
Program Path: /scratch/wanglu57/job_scripts/2022-02-27_ga-si-G.R 
Working Directory: /scratch/wanglu57/job_scripts 
User Name: wanglu57 
R Version: 4.0.2 (2020-06-22) 
Machine: cdr2316.int.cedar.computecanada.ca x86_64 
Operating System: Linux 3.10.0-1160.36.2.el7.x86_64 #1 SMP Wed Jul 21 11:57:15 UTC 2021 
[1] "Base Packages: parallel stats graphics grDevices utils datasets methods\n               base \nOther Packages: doRNG_1.8.2 rngtools_1.5.2 here_1.0.1 GA_3.2.2 doParallel_1.0.16\n                iterators_1.0.13 foreach_1.5.1 "
Log Start Time: 2022-02-27 18:58:25 
========================================================================= 

[[1]]
           [,1]     [,2]     [,3]      [,4]
[1,] -0.1563341 94.96667 29.18104 -974.3392

[[2]]
[1] 7.952573


NOTE: Log Print Time:  2022-02-27 19:00:26 
NOTE: Elapsed Time in seconds: 2.02416598002116 

[[1]]
           [,1]      [,2]     [,3]      [,4]
[1,] -0.1629394 -24.61053 264.7314 -516.6501

[[2]]
[1] 7.954454


NOTE: Log Print Time:  2022-02-27 19:02:18 
NOTE: Elapsed Time in seconds: 1.85597983996073 

[[1]]
           [,1]      [,2]     [,3]      [,4]
[1,] -0.1629394 -24.61053 264.7314 -516.6501

[[2]]
[1] 7.954454


NOTE: Log Print Time:  2022-02-27 19:04:06 
NOTE: Elapsed Time in seconds: 1.8076282898585 

[[1]]
           [,1]      [,2]     [,3]     [,4]
[1,] -0.1602741 -31.00404 105.4833 309.7503

[[2]]
[1] 7.954737


NOTE: Log Print Time:  2022-02-27 19:05:54 
NOTE: Elapsed Time in seconds: 1.80142169793447 

[[1]]
           [,1]      [,2]      [,3]      [,4]
[1,] -0.1616232 -64.30819 -13.20573 -72.47031

[[2]]
[1] 7.95518


NOTE: Log Print Time:  2022-02-27 19:07:33 
NOTE: Elapsed Time in seconds: 1.64805004994075 

[[1]]
           [,1]      [,2]      [,3]      [,4]
[1,] -0.1595405 -71.65903 -113.8527 -262.7129

[[2]]
[1] 7.955375


NOTE: Log Print Time:  2022-02-27 19:09:12 
NOTE: Elapsed Time in seconds: 1.64704553286235 

[[1]]
           [,1]      [,2]      [,3]      [,4]
[1,] -0.1595405 -71.65903 -113.8527 -262.7129

[[2]]
[1] 7.955375


NOTE: Log Print Time:  2022-02-27 19:10:51 
NOTE: Elapsed Time in seconds: 1.64862690369288 

[[1]]
           [,1]      [,2]      [,3]     [,4]
[1,] -0.1573547 -79.61185 -164.4965 220.4647

[[2]]
[1] 7.955432


NOTE: Log Print Time:  2022-02-27 19:12:40 
NOTE: Elapsed Time in seconds: 1.81216128667196 

[[1]]
           [,1]      [,2]      [,3]     [,4]
[1,] -0.1573547 -79.61185 -164.4965 220.4647

[[2]]
[1] 7.955432


NOTE: Log Print Time:  2022-02-27 19:14:28 
NOTE: Elapsed Time in seconds: 1.80494274695714 

[[1]]
           [,1]      [,2]      [,3]      [,4]
[1,] -0.1601452 -76.77621 -42.73368 -99.22796

[[2]]
[1] 7.955443


NOTE: Log Print Time:  2022-02-27 19:16:16 
NOTE: Elapsed Time in seconds: 1.80811566909154 

[[1]]
           [,1]      [,2]      [,3]      [,4]
[1,] -0.1601452 -76.77621 -42.73368 -99.22796

[[2]]
[1] 7.955443


NOTE: Log Print Time:  2022-02-27 19:18:05 
NOTE: Elapsed Time in seconds: 1.81528078317642 

[[1]]
           [,1]      [,2]      [,3]      [,4]
[1,] -0.1601452 -76.77621 -42.73368 -99.22796

[[2]]
[1] 7.955443


NOTE: Log Print Time:  2022-02-27 19:19:45 
NOTE: Elapsed Time in seconds: 1.66127377351125 

[[1]]
           [,1]      [,2]      [,3]      [,4]
[1,] -0.1629893 -96.09318 -26.43858 -22.58733

[[2]]
[1] 7.955526


NOTE: Log Print Time:  2022-02-27 19:21:24 
NOTE: Elapsed Time in seconds: 1.65775275627772 

[[1]]
           [,1]      [,2]      [,3]      [,4]
[1,] -0.1622437 -98.30445 -73.73933 -164.2776

[[2]]
[1] 7.955641


NOTE: Log Print Time:  2022-02-27 19:23:04 
NOTE: Elapsed Time in seconds: 1.66009483734767 

[[1]]
           [,1]      [,2]      [,3]      [,4]
[1,] -0.1622437 -98.30445 -73.73933 -164.2776

[[2]]
[1] 7.955641


NOTE: Log Print Time:  2022-02-27 19:24:42 
NOTE: Elapsed Time in seconds: 1.63417793512344 

[[1]]
        [,1]     [,2]      [,3]      [,4]
[1,] -0.1602 -98.0766 -149.8085 -206.9097

[[2]]
[1] 7.955767


NOTE: Log Print Time:  2022-02-27 19:26:22 
NOTE: Elapsed Time in seconds: 1.6672430674235 

[[1]]
        [,1]     [,2]      [,3]      [,4]
[1,] -0.1602 -98.0766 -149.8085 -206.9097

[[2]]
[1] 7.955767


NOTE: Log Print Time:  2022-02-27 19:28:01 
NOTE: Elapsed Time in seconds: 1.64156713883082 

[[1]]
        [,1]     [,2]      [,3]      [,4]
[1,] -0.1602 -98.0766 -149.8085 -206.9097

[[2]]
[1] 7.955767


NOTE: Log Print Time:  2022-02-27 19:29:39 
NOTE: Elapsed Time in seconds: 1.64153900146484 

[[1]]
        [,1]     [,2]      [,3]      [,4]
[1,] -0.1602 -98.0766 -149.8085 -206.9097

[[2]]
[1] 7.955767


NOTE: Log Print Time:  2022-02-27 19:31:27 
NOTE: Elapsed Time in seconds: 1.80167608658473 

[[1]]
        [,1]     [,2]      [,3]      [,4]
[1,] -0.1602 -98.0766 -149.8085 -206.9097

[[2]]
[1] 7.955767


NOTE: Log Print Time:  2022-02-27 19:33:06 
NOTE: Elapsed Time in seconds: 1.64232800006866 

[[1]]
        [,1]     [,2]      [,3]      [,4]
[1,] -0.1602 -98.0766 -149.8085 -206.9097

[[2]]
[1] 7.955767


NOTE: Log Print Time:  2022-02-27 19:34:53 
NOTE: Elapsed Time in seconds: 1.78825072050095 

[[1]]
        [,1]     [,2]      [,3]      [,4]
[1,] -0.1602 -98.0766 -149.8085 -206.9097

[[2]]
[1] 7.955767


NOTE: Log Print Time:  2022-02-27 19:36:41 
NOTE: Elapsed Time in seconds: 1.79436436494191 

[[1]]
        [,1]     [,2]      [,3]      [,4]
[1,] -0.1602 -98.0766 -149.8085 -206.9097

[[2]]
[1] 7.955767


NOTE: Log Print Time:  2022-02-27 19:38:28 
NOTE: Elapsed Time in seconds: 1.79507412910461 

[[1]]
        [,1]     [,2]      [,3]      [,4]
[1,] -0.1602 -98.0766 -149.8085 -206.9097

[[2]]
[1] 7.955767


NOTE: Log Print Time:  2022-02-27 19:40:08 
NOTE: Elapsed Time in seconds: 1.66141255696615 

[[1]]
        [,1]     [,2]      [,3]      [,4]
[1,] -0.1602 -98.0766 -149.8085 -206.9097

[[2]]
[1] 7.955767


NOTE: Log Print Time:  2022-02-27 19:41:47 
NOTE: Elapsed Time in seconds: 1.64194952249527 

[[1]]
        [,1]     [,2]      [,3]      [,4]
[1,] -0.1602 -98.0766 -149.8085 -206.9097

[[2]]
[1] 7.955767


NOTE: Log Print Time:  2022-02-27 19:43:35 
NOTE: Elapsed Time in seconds: 1.81201903422674 

[[1]]
        [,1]     [,2]      [,3]      [,4]
[1,] -0.1602 -98.0766 -149.8085 -206.9097

[[2]]
[1] 7.955767


NOTE: Log Print Time:  2022-02-27 19:45:23 
NOTE: Elapsed Time in seconds: 1.79415922164917 

[[1]]
        [,1]     [,2]      [,3]      [,4]
[1,] -0.1602 -98.0766 -149.8085 -206.9097

[[2]]
[1] 7.955767


NOTE: Log Print Time:  2022-02-27 19:47:02 
NOTE: Elapsed Time in seconds: 1.65361238320669 

[[1]]
        [,1]     [,2]      [,3]      [,4]
[1,] -0.1602 -98.0766 -149.8085 -206.9097

[[2]]
[1] 7.955767


NOTE: Log Print Time:  2022-02-27 19:48:50 
NOTE: Elapsed Time in seconds: 1.80156491200129 

[[1]]
        [,1]     [,2]      [,3]      [,4]
[1,] -0.1602 -98.0766 -149.8085 -206.9097

[[2]]
[1] 7.955767


NOTE: Log Print Time:  2022-02-27 19:50:38 
NOTE: Elapsed Time in seconds: 1.80230612754822 

[[1]]
        [,1]     [,2]      [,3]      [,4]
[1,] -0.1602 -98.0766 -149.8085 -206.9097

[[2]]
[1] 7.955767


NOTE: Log Print Time:  2022-02-27 19:52:17 
NOTE: Elapsed Time in seconds: 1.64642661015193 

[[1]]
        [,1]     [,2]      [,3]      [,4]
[1,] -0.1602 -98.0766 -149.8085 -206.9097

[[2]]
[1] 7.955767


NOTE: Log Print Time:  2022-02-27 19:54:05 
NOTE: Elapsed Time in seconds: 1.79646149476369 

[[1]]
        [,1]     [,2]      [,3]      [,4]
[1,] -0.1602 -98.0766 -149.8085 -206.9097

[[2]]
[1] 7.955767


NOTE: Log Print Time:  2022-02-27 19:55:53 
NOTE: Elapsed Time in seconds: 1.80361545880636 

[[1]]
        [,1]     [,2]      [,3]      [,4]
[1,] -0.1602 -98.0766 -149.8085 -206.9097

[[2]]
[1] 7.955767


NOTE: Log Print Time:  2022-02-27 19:57:33 
NOTE: Elapsed Time in seconds: 1.66320547660192 

[[1]]
        [,1]     [,2]      [,3]      [,4]
[1,] -0.1602 -98.0766 -149.8085 -206.9097

[[2]]
[1] 7.955767


NOTE: Log Print Time:  2022-02-27 19:59:12 
NOTE: Elapsed Time in seconds: 1.65765705506007 

[[1]]
        [,1]     [,2]      [,3]      [,4]
[1,] -0.1602 -98.0766 -149.8085 -206.9097

[[2]]
[1] 7.955767


NOTE: Log Print Time:  2022-02-27 20:00:52 
NOTE: Elapsed Time in seconds: 1.65642130374908 

[[1]]
        [,1]     [,2]      [,3]      [,4]
[1,] -0.1602 -98.0766 -149.8085 -206.9097

[[2]]
[1] 7.955767


NOTE: Log Print Time:  2022-02-27 20:02:32 
NOTE: Elapsed Time in seconds: 1.66344428857168 

[[1]]
        [,1]     [,2]      [,3]      [,4]
[1,] -0.1602 -98.0766 -149.8085 -206.9097

[[2]]
[1] 7.955767


NOTE: Log Print Time:  2022-02-27 20:04:11 
NOTE: Elapsed Time in seconds: 1.66210534175237 

[[1]]
        [,1]     [,2]      [,3]      [,4]
[1,] -0.1602 -98.0766 -149.8085 -206.9097

[[2]]
[1] 7.955767


NOTE: Log Print Time:  2022-02-27 20:05:50 
NOTE: Elapsed Time in seconds: 1.650264108181 

[[1]]
        [,1]     [,2]      [,3]      [,4]
[1,] -0.1602 -98.0766 -149.8085 -206.9097

[[2]]
[1] 7.955767


NOTE: Log Print Time:  2022-02-27 20:07:30 
NOTE: Elapsed Time in seconds: 1.66087321043015 

[[1]]
        [,1]     [,2]      [,3]      [,4]
[1,] -0.1602 -98.0766 -149.8085 -206.9097

[[2]]
[1] 7.955767


NOTE: Log Print Time:  2022-02-27 20:09:10 
NOTE: Elapsed Time in seconds: 1.66473723649979 

[[1]]
           [,1]      [,2]     [,3]     [,4]
[1,] -0.1595022 -97.62366 11.56208 67.83819

[[2]]
[1] 7.955773


NOTE: Log Print Time:  2022-02-27 20:10:50 
NOTE: Elapsed Time in seconds: 1.66080600420634 

[[1]]
           [,1]      [,2]     [,3]     [,4]
[1,] -0.1595022 -97.62366 11.56208 67.83819

[[2]]
[1] 7.955773


NOTE: Log Print Time:  2022-02-27 20:12:36 
NOTE: Elapsed Time in seconds: 1.7651886622111 

[[1]]
           [,1]      [,2]     [,3]     [,4]
[1,] -0.1595022 -97.62366 11.56208 67.83819

[[2]]
[1] 7.955773


NOTE: Log Print Time:  2022-02-27 20:14:15 
NOTE: Elapsed Time in seconds: 1.66497003634771 

[[1]]
           [,1]      [,2]     [,3]     [,4]
[1,] -0.1595022 -97.62366 11.56208 67.83819

[[2]]
[1] 7.955773


NOTE: Log Print Time:  2022-02-27 20:15:54 
NOTE: Elapsed Time in seconds: 1.64928487539291 

[[1]]
           [,1]      [,2]     [,3]     [,4]
[1,] -0.1595022 -97.62366 11.56208 67.83819

[[2]]
[1] 7.955773


NOTE: Log Print Time:  2022-02-27 20:17:34 
NOTE: Elapsed Time in seconds: 1.65575222571691 

[[1]]
           [,1]      [,2]     [,3]     [,4]
[1,] -0.1595022 -97.62366 11.56208 67.83819

[[2]]
[1] 7.955773


NOTE: Log Print Time:  2022-02-27 20:19:13 
NOTE: Elapsed Time in seconds: 1.65153362353643 

[[1]]
           [,1]      [,2]     [,3]     [,4]
[1,] -0.1595022 -97.62366 11.56208 67.83819

[[2]]
[1] 7.955773


NOTE: Log Print Time:  2022-02-27 20:20:51 
NOTE: Elapsed Time in seconds: 1.64472568829854 

[[1]]
           [,1]      [,2]     [,3]     [,4]
[1,] -0.1595022 -97.62366 11.56208 67.83819

[[2]]
[1] 7.955773


NOTE: Log Print Time:  2022-02-27 20:22:37 
NOTE: Elapsed Time in seconds: 1.75725785891215 

[[1]]
           [,1]      [,2]     [,3]     [,4]
[1,] -0.1595022 -97.62366 11.56208 67.83819

[[2]]
[1] 7.955773


NOTE: Log Print Time:  2022-02-27 20:24:16 
NOTE: Elapsed Time in seconds: 1.64393424590429 

[[1]]
           [,1]      [,2]     [,3]     [,4]
[1,] -0.1595022 -97.62366 11.56208 67.83819

[[2]]
[1] 7.955773


NOTE: Log Print Time:  2022-02-27 20:26:01 
NOTE: Elapsed Time in seconds: 1.75687511761983 

[[1]]
           [,1]      [,2]     [,3]     [,4]
[1,] -0.1595022 -97.62366 11.56208 67.83819

[[2]]
[1] 7.955773


NOTE: Log Print Time:  2022-02-27 20:27:41 
NOTE: Elapsed Time in seconds: 1.67050250371297 

[[1]]
           [,1]      [,2]     [,3]     [,4]
[1,] -0.1595022 -97.62366 11.56208 67.83819

[[2]]
[1] 7.955773


NOTE: Log Print Time:  2022-02-27 20:29:21 
NOTE: Elapsed Time in seconds: 1.66025790373484 

[[1]]
           [,1]      [,2]     [,3]     [,4]
[1,] -0.1595022 -97.62366 11.56208 67.83819

[[2]]
[1] 7.955773


NOTE: Log Print Time:  2022-02-27 20:31:05 
NOTE: Elapsed Time in seconds: 1.73546722332637 

[[1]]
           [,1]      [,2]     [,3]     [,4]
[1,] -0.1595022 -97.62366 11.56208 67.83819

[[2]]
[1] 7.955773


NOTE: Log Print Time:  2022-02-27 20:32:44 
NOTE: Elapsed Time in seconds: 1.6455671509107 

[[1]]
           [,1]      [,2]     [,3]     [,4]
[1,] -0.1595022 -97.62366 11.56208 67.83819

[[2]]
[1] 7.955773


NOTE: Log Print Time:  2022-02-27 20:34:23 
NOTE: Elapsed Time in seconds: 1.65475266377131 

[[1]]
           [,1]      [,2]     [,3]     [,4]
[1,] -0.1595022 -97.62366 11.56208 67.83819

[[2]]
[1] 7.955773


NOTE: Log Print Time:  2022-02-27 20:36:08 
NOTE: Elapsed Time in seconds: 1.75836563507716 

[[1]]
           [,1]      [,2]     [,3]     [,4]
[1,] -0.1595022 -97.62366 11.56208 67.83819

[[2]]
[1] 7.955773


NOTE: Log Print Time:  2022-02-27 20:37:53 
NOTE: Elapsed Time in seconds: 1.74342407782873 

[[1]]
           [,1]      [,2]     [,3]     [,4]
[1,] -0.1595022 -97.62366 11.56208 67.83819

[[2]]
[1] 7.955773


NOTE: Log Print Time:  2022-02-27 20:39:42 
NOTE: Elapsed Time in seconds: 1.80907410780589 

[[1]]
           [,1]      [,2]     [,3]     [,4]
[1,] -0.1595022 -97.62366 11.56208 67.83819

[[2]]
[1] 7.955773


NOTE: Log Print Time:  2022-02-27 20:41:21 
NOTE: Elapsed Time in seconds: 1.66331569751104 

[[1]]
           [,1]      [,2]     [,3]     [,4]
[1,] -0.1595022 -97.62366 11.56208 67.83819

[[2]]
[1] 7.955773


NOTE: Log Print Time:  2022-02-27 20:43:01 
NOTE: Elapsed Time in seconds: 1.66215495268504 

[[1]]
           [,1]      [,2]     [,3]     [,4]
[1,] -0.1595022 -97.62366 11.56208 67.83819

[[2]]
[1] 7.955773


NOTE: Log Print Time:  2022-02-27 20:44:41 
NOTE: Elapsed Time in seconds: 1.65813820362091 

[[1]]
           [,1]      [,2]     [,3]     [,4]
[1,] -0.1595022 -97.62366 11.56208 67.83819

[[2]]
[1] 7.955773


NOTE: Log Print Time:  2022-02-27 20:46:27 
NOTE: Elapsed Time in seconds: 1.76906977494558 

[[1]]
           [,1]      [,2]      [,3]     [,4]
[1,] -0.1594822 -97.69109 -30.29265 -90.1885

[[2]]
[1] 7.955774


NOTE: Log Print Time:  2022-02-27 20:48:10 
NOTE: Elapsed Time in seconds: 1.72821530898412 

[[1]]
           [,1]      [,2]      [,3]     [,4]
[1,] -0.1594822 -97.69109 -30.29265 -90.1885

[[2]]
[1] 7.955774


NOTE: Log Print Time:  2022-02-27 20:49:58 
NOTE: Elapsed Time in seconds: 1.79220695098241 

[[1]]
           [,1]      [,2]      [,3]     [,4]
[1,] -0.1594822 -97.69109 -30.29265 -90.1885

[[2]]
[1] 7.955774


NOTE: Log Print Time:  2022-02-27 20:51:37 
NOTE: Elapsed Time in seconds: 1.64586518208186 

[[1]]
           [,1]      [,2]      [,3]     [,4]
[1,] -0.1594822 -97.69109 -30.29265 -90.1885

[[2]]
[1] 7.955774


NOTE: Log Print Time:  2022-02-27 20:53:16 
NOTE: Elapsed Time in seconds: 1.65836626688639 

[[1]]
           [,1]      [,2]      [,3]     [,4]
[1,] -0.1594822 -97.69109 -30.29265 -90.1885

[[2]]
[1] 7.955774


NOTE: Log Print Time:  2022-02-27 20:54:55 
NOTE: Elapsed Time in seconds: 1.64961618979772 

[[1]]
           [,1]      [,2]      [,3]     [,4]
[1,] -0.1594822 -97.69109 -30.29265 -90.1885

[[2]]
[1] 7.955774


NOTE: Log Print Time:  2022-02-27 20:56:34 
NOTE: Elapsed Time in seconds: 1.63892452716827 

[[1]]
           [,1]      [,2]     [,3]     [,4]
[1,] -0.1593594 -99.77109 201.5992 20.97872

[[2]]
[1] 7.955806


NOTE: Log Print Time:  2022-02-27 20:58:21 
NOTE: Elapsed Time in seconds: 1.79176691373189 

[[1]]
           [,1]      [,2]     [,3]     [,4]
[1,] -0.1593594 -99.77109 201.5992 20.97872

[[2]]
[1] 7.955806


NOTE: Log Print Time:  2022-02-27 21:00:08 
NOTE: Elapsed Time in seconds: 1.78131504058838 

[[1]]
           [,1]      [,2]     [,3]     [,4]
[1,] -0.1593594 -99.77109 201.5992 20.97872

[[2]]
[1] 7.955806


NOTE: Log Print Time:  2022-02-27 21:01:47 
NOTE: Elapsed Time in seconds: 1.64489380518595 

[[1]]
           [,1]      [,2]     [,3]     [,4]
[1,] -0.1593594 -99.77109 201.5992 20.97872

[[2]]
[1] 7.955806


NOTE: Log Print Time:  2022-02-27 21:03:33 
NOTE: Elapsed Time in seconds: 1.77808986902237 

[[1]]
           [,1]      [,2]     [,3]     [,4]
[1,] -0.1593594 -99.77109 201.5992 20.97872

[[2]]
[1] 7.955806


NOTE: Log Print Time:  2022-02-27 21:05:20 
NOTE: Elapsed Time in seconds: 1.77556051810582 

[[1]]
           [,1]      [,2]     [,3]     [,4]
[1,] -0.1593594 -99.77109 201.5992 20.97872

[[2]]
[1] 7.955806


NOTE: Log Print Time:  2022-02-27 21:07:08 
NOTE: Elapsed Time in seconds: 1.80484269460042 

[[1]]
           [,1]      [,2]     [,3]     [,4]
[1,] -0.1593594 -99.77109 201.5992 20.97872

[[2]]
[1] 7.955806


NOTE: Log Print Time:  2022-02-27 21:08:56 
NOTE: Elapsed Time in seconds: 1.79944059848785 

[[1]]
           [,1]      [,2]     [,3]     [,4]
[1,] -0.1593594 -99.77109 201.5992 20.97872

[[2]]
[1] 7.955806


NOTE: Log Print Time:  2022-02-27 21:10:45 
NOTE: Elapsed Time in seconds: 1.80701338450114 

[[1]]
           [,1]      [,2]     [,3]     [,4]
[1,] -0.1593594 -99.77109 201.5992 20.97872

[[2]]
[1] 7.955806


NOTE: Log Print Time:  2022-02-27 21:12:33 
NOTE: Elapsed Time in seconds: 1.81125980615616 

[[1]]
           [,1]      [,2]     [,3]     [,4]
[1,] -0.1593594 -99.77109 201.5992 20.97872

[[2]]
[1] 7.955806


NOTE: Log Print Time:  2022-02-27 21:14:12 
NOTE: Elapsed Time in seconds: 1.65239865779877 

[[1]]
           [,1]      [,2]     [,3]     [,4]
[1,] -0.1593594 -99.77109 201.5992 20.97872

[[2]]
[1] 7.955806


NOTE: Log Print Time:  2022-02-27 21:15:52 
NOTE: Elapsed Time in seconds: 1.6679537932078 

[[1]]
           [,1]      [,2]     [,3]     [,4]
[1,] -0.1593594 -99.77109 201.5992 20.97872

[[2]]
[1] 7.955806


NOTE: Log Print Time:  2022-02-27 21:17:33 
NOTE: Elapsed Time in seconds: 1.67294725577037 

[[1]]
           [,1]      [,2]     [,3]     [,4]
[1,] -0.1593594 -99.77109 201.5992 20.97872

[[2]]
[1] 7.955806


NOTE: Log Print Time:  2022-02-27 21:19:22 
NOTE: Elapsed Time in seconds: 1.81951553424199 

[[1]]
           [,1]      [,2]     [,3]     [,4]
[1,] -0.1593594 -99.77109 201.5992 20.97872

[[2]]
[1] 7.955806


NOTE: Log Print Time:  2022-02-27 21:21:01 
NOTE: Elapsed Time in seconds: 1.65137588580449 

[[1]]
           [,1]      [,2]     [,3]     [,4]
[1,] -0.1593594 -99.77109 201.5992 20.97872

[[2]]
[1] 7.955806


NOTE: Log Print Time:  2022-02-27 21:22:40 
NOTE: Elapsed Time in seconds: 1.64976402521133 

[[1]]
           [,1]      [,2]     [,3]     [,4]
[1,] -0.1593594 -99.77109 201.5992 20.97872

[[2]]
[1] 7.955806


NOTE: Log Print Time:  2022-02-27 21:24:19 
NOTE: Elapsed Time in seconds: 1.65323156118393 

[[1]]
           [,1]      [,2]     [,3]     [,4]
[1,] -0.1593594 -99.77109 201.5992 20.97872

[[2]]
[1] 7.955806


NOTE: Log Print Time:  2022-02-27 21:26:08 
NOTE: Elapsed Time in seconds: 1.81526411771774 

[[1]]
           [,1]      [,2]     [,3]     [,4]
[1,] -0.1593594 -99.77109 201.5992 20.97872

[[2]]
[1] 7.955806


NOTE: Log Print Time:  2022-02-27 21:27:48 
NOTE: Elapsed Time in seconds: 1.66234848499298 

[[1]]
           [,1]      [,2]     [,3]     [,4]
[1,] -0.1593594 -99.77109 201.5992 20.97872

[[2]]
[1] 7.955806


NOTE: Log Print Time:  2022-02-27 21:29:27 
NOTE: Elapsed Time in seconds: 1.64427857398987 

[[1]]
           [,1]      [,2]     [,3]     [,4]
[1,] -0.1593594 -99.77109 201.5992 20.97872

[[2]]
[1] 7.955806


NOTE: Log Print Time:  2022-02-27 21:31:14 
NOTE: Elapsed Time in seconds: 1.79545121987661 

[[1]]
           [,1]      [,2]     [,3]     [,4]
[1,] -0.1593594 -99.77109 201.5992 20.97872

[[2]]
[1] 7.955806


NOTE: Log Print Time:  2022-02-27 21:33:02 
NOTE: Elapsed Time in seconds: 1.79113576014837 

[[1]]
           [,1]      [,2]     [,3]     [,4]
[1,] -0.1593594 -99.77109 201.5992 20.97872

[[2]]
[1] 7.955806


NOTE: Log Print Time:  2022-02-27 21:34:50 
NOTE: Elapsed Time in seconds: 1.80186101595561 

[[1]]
           [,1]      [,2]     [,3]     [,4]
[1,] -0.1593594 -99.77109 201.5992 20.97872

[[2]]
[1] 7.955806


NOTE: Log Print Time:  2022-02-27 21:36:36 
NOTE: Elapsed Time in seconds: 1.76047729651133 

[[1]]
           [,1]      [,2]     [,3]     [,4]
[1,] -0.1593594 -99.77109 201.5992 20.97872

[[2]]
[1] 7.955806


NOTE: Log Print Time:  2022-02-27 21:38:21 
NOTE: Elapsed Time in seconds: 1.76389411687851 

[[1]]
           [,1]      [,2]     [,3]     [,4]
[1,] -0.1593594 -99.77109 201.5992 20.97872

[[2]]
[1] 7.955806


NOTE: Log Print Time:  2022-02-27 21:39:59 
NOTE: Elapsed Time in seconds: 1.63165922164917 

[[1]]
           [,1]      [,2]     [,3]     [,4]
[1,] -0.1593594 -99.77109 201.5992 20.97872

[[2]]
[1] 7.955806


NOTE: Log Print Time:  2022-02-27 21:41:38 
NOTE: Elapsed Time in seconds: 1.65342142979304 

[[1]]
           [,1]      [,2]     [,3]     [,4]
[1,] -0.1593594 -99.77109 201.5992 20.97872

[[2]]
[1] 7.955806


NOTE: Log Print Time:  2022-02-27 21:43:25 
NOTE: Elapsed Time in seconds: 1.77733815908432 

[[1]]
           [,1]      [,2]     [,3]     [,4]
[1,] -0.1593594 -99.77109 201.5992 20.97872

[[2]]
[1] 7.955806


NOTE: Log Print Time:  2022-02-27 21:45:05 
NOTE: Elapsed Time in seconds: 1.66328443288803 

[[1]]
           [,1]      [,2]     [,3]     [,4]
[1,] -0.1593594 -99.77109 201.5992 20.97872

[[2]]
[1] 7.955806


NOTE: Log Print Time:  2022-02-27 21:46:51 
NOTE: Elapsed Time in seconds: 1.76174534161886 

[[1]]
           [,1]      [,2]     [,3]     [,4]
[1,] -0.1593594 -99.77109 201.5992 20.97872

[[2]]
[1] 7.955806


NOTE: Log Print Time:  2022-02-27 21:48:32 
NOTE: Elapsed Time in seconds: 1.68871563275655 

[[1]]
           [,1]      [,2]     [,3]     [,4]
[1,] -0.1593594 -99.77109 201.5992 20.97872

[[2]]
[1] 7.955806


NOTE: Log Print Time:  2022-02-27 21:50:19 
NOTE: Elapsed Time in seconds: 1.7930079181989 

[[1]]
           [,1]      [,2]     [,3]     [,4]
[1,] -0.1593594 -99.77109 201.5992 20.97872

[[2]]
[1] 7.955806


NOTE: Log Print Time:  2022-02-27 21:52:06 
NOTE: Elapsed Time in seconds: 1.77150263786316 

[[1]]
           [,1]      [,2]     [,3]     [,4]
[1,] -0.1593594 -99.77109 201.5992 20.97872

[[2]]
[1] 7.955806


NOTE: Log Print Time:  2022-02-27 21:53:54 
NOTE: Elapsed Time in seconds: 1.79997502962748 

[[1]]
           [,1]      [,2]     [,3]     [,4]
[1,] -0.1593594 -99.77109 201.5992 20.97872

[[2]]
[1] 7.955806


NOTE: Log Print Time:  2022-02-27 21:55:40 
NOTE: Elapsed Time in seconds: 1.76970820824305 

