========================================================================= 
Log Path: /scratch/wanglu57/job_scripts/log/2022-03-06_si-R-log-emp_ga.log 
Program Path: /scratch/wanglu57/job_scripts/2022-03-06_si-R-log-emp.R 
Working Directory: /scratch/wanglu57/job_scripts 
User Name: wanglu57 
R Version: 4.0.2 (2020-06-22) 
Machine: cdr2450.int.cedar.computecanada.ca x86_64 
Operating System: Linux 3.10.0-1160.36.2.el7.x86_64 #1 SMP Wed Jul 21 11:57:15 UTC 2021 
[1] "Base Packages: parallel stats graphics grDevices utils datasets methods\n               base \nOther Packages: doRNG_1.8.2 rngtools_1.5.2 here_1.0.1 GA_3.2.2 doParallel_1.0.16\n                iterators_1.0.13 foreach_1.5.1 "
Log Start Time: 2022-03-06 23:18:20 
========================================================================= 

[[1]]
          [,1]     [,2]      [,3]     [,4]
[1,] 0.2502309 23.90878 -65.34474 125.7192

[[2]]
[1] 8.036564


NOTE: Log Print Time:  2022-03-06 23:19:27 
NOTE: Elapsed Time in seconds: 1.11582593123118 

[[1]]
          [,1]     [,2]      [,3]     [,4]
[1,] 0.2502309 23.90878 -65.34474 125.7192

[[2]]
[1] 8.036564


NOTE: Log Print Time:  2022-03-06 23:20:22 
NOTE: Elapsed Time in seconds: 55.7071890830994 

[[1]]
          [,1]     [,2]      [,3]     [,4]
[1,] 0.2502309 23.90878 -65.34474 125.7192

[[2]]
[1] 8.036564


NOTE: Log Print Time:  2022-03-06 23:21:19 
NOTE: Elapsed Time in seconds: 56.4273643493652 

[[1]]
          [,1]     [,2]      [,3]     [,4]
[1,] 0.2502309 23.90878 -65.34474 125.7192

[[2]]
[1] 8.036564


NOTE: Log Print Time:  2022-03-06 23:22:15 
NOTE: Elapsed Time in seconds: 56.12246966362 

[[1]]
          [,1]     [,2]      [,3]     [,4]
[1,] 0.2502309 23.90878 -65.34474 125.7192

[[2]]
[1] 8.036564


NOTE: Log Print Time:  2022-03-06 23:23:11 
NOTE: Elapsed Time in seconds: 56.1096200942993 

[[1]]
          [,1]     [,2]      [,3]     [,4]
[1,] 0.2502309 23.90878 -65.34474 125.7192

[[2]]
[1] 8.036564


NOTE: Log Print Time:  2022-03-06 23:24:08 
NOTE: Elapsed Time in seconds: 57.4643232822418 

[[1]]
          [,1]     [,2]      [,3]     [,4]
[1,] 0.2502309 23.90878 -65.34474 125.7192

[[2]]
[1] 8.036564


NOTE: Log Print Time:  2022-03-06 23:25:04 
NOTE: Elapsed Time in seconds: 55.3118302822113 

[[1]]
          [,1]     [,2]      [,3]     [,4]
[1,] 0.2502309 23.90878 -65.34474 125.7192

[[2]]
[1] 8.036564


NOTE: Log Print Time:  2022-03-06 23:26:03 
NOTE: Elapsed Time in seconds: 59.6392138004303 

[[1]]
          [,1]     [,2]      [,3]     [,4]
[1,] 0.2502309 23.90878 -65.34474 125.7192

[[2]]
[1] 8.036564


NOTE: Log Print Time:  2022-03-06 23:26:59 
NOTE: Elapsed Time in seconds: 56.0337309837341 

[[1]]
          [,1]     [,2]      [,3]     [,4]
[1,] 0.2502309 23.90878 -65.34474 125.7192

[[2]]
[1] 8.036564


NOTE: Log Print Time:  2022-03-06 23:27:56 
NOTE: Elapsed Time in seconds: 56.2547678947449 

[[1]]
          [,1]     [,2]      [,3]     [,4]
[1,] 0.2502309 23.90878 -65.34474 125.7192

[[2]]
[1] 8.036564


NOTE: Log Print Time:  2022-03-06 23:28:51 
NOTE: Elapsed Time in seconds: 55.0077767372131 

[[1]]
          [,1]     [,2]      [,3]     [,4]
[1,] 0.2502309 23.90878 -65.34474 125.7192

[[2]]
[1] 8.036564


NOTE: Log Print Time:  2022-03-06 23:29:47 
NOTE: Elapsed Time in seconds: 56.1046562194824 

[[1]]
          [,1]     [,2]      [,3]     [,4]
[1,] 0.2502309 23.90878 -65.34474 125.7192

[[2]]
[1] 8.036564


NOTE: Log Print Time:  2022-03-06 23:30:42 
NOTE: Elapsed Time in seconds: 55.630300283432 

[[1]]
          [,1]     [,2]      [,3]     [,4]
[1,] 0.2502309 23.90878 -65.34474 125.7192

[[2]]
[1] 8.036564


NOTE: Log Print Time:  2022-03-06 23:31:39 
NOTE: Elapsed Time in seconds: 56.2779042720795 

[[1]]
          [,1]     [,2]      [,3]     [,4]
[1,] 0.2502309 23.90878 -65.34474 125.7192

[[2]]
[1] 8.036564


NOTE: Log Print Time:  2022-03-06 23:32:35 
NOTE: Elapsed Time in seconds: 56.3436615467072 

[[1]]
          [,1]     [,2]      [,3]     [,4]
[1,] 0.2502309 23.90878 -65.34474 125.7192

[[2]]
[1] 8.036564


NOTE: Log Print Time:  2022-03-06 23:33:34 
NOTE: Elapsed Time in seconds: 59.1425316333771 

[[1]]
          [,1]     [,2]      [,3]     [,4]
[1,] 0.2502309 23.90878 -65.34474 125.7192

[[2]]
[1] 8.036564


NOTE: Log Print Time:  2022-03-06 23:34:31 
NOTE: Elapsed Time in seconds: 56.6685285568237 

[[1]]
          [,1]     [,2]      [,3]     [,4]
[1,] 0.2502309 23.90878 -65.34474 125.7192

[[2]]
[1] 8.036564


NOTE: Log Print Time:  2022-03-06 23:35:26 
NOTE: Elapsed Time in seconds: 55.2567994594574 

[[1]]
          [,1]     [,2]      [,3]     [,4]
[1,] 0.2502309 23.90878 -65.34474 125.7192

[[2]]
[1] 8.036564


NOTE: Log Print Time:  2022-03-06 23:36:23 
NOTE: Elapsed Time in seconds: 57.2576532363892 

[[1]]
          [,1]     [,2]      [,3]     [,4]
[1,] 0.2502309 23.90878 -65.34474 125.7192

[[2]]
[1] 8.036564


NOTE: Log Print Time:  2022-03-06 23:37:20 
NOTE: Elapsed Time in seconds: 56.0892038345337 

[[1]]
          [,1]     [,2]      [,3]     [,4]
[1,] 0.2502309 23.90878 -65.34474 125.7192

[[2]]
[1] 8.036564


NOTE: Log Print Time:  2022-03-06 23:38:16 
NOTE: Elapsed Time in seconds: 56.8580696582794 

[[1]]
          [,1]     [,2]      [,3]     [,4]
[1,] 0.2502309 23.90878 -65.34474 125.7192

[[2]]
[1] 8.036564


NOTE: Log Print Time:  2022-03-06 23:39:14 
NOTE: Elapsed Time in seconds: 57.6434576511383 

[[1]]
          [,1]     [,2]      [,3]     [,4]
[1,] 0.2502309 23.90878 -65.34474 125.7192

[[2]]
[1] 8.036564


NOTE: Log Print Time:  2022-03-06 23:40:10 
NOTE: Elapsed Time in seconds: 55.5620210170746 

[[1]]
          [,1]     [,2]      [,3]     [,4]
[1,] 0.2502309 23.90878 -65.34474 125.7192

[[2]]
[1] 8.036564


NOTE: Log Print Time:  2022-03-06 23:41:05 
NOTE: Elapsed Time in seconds: 55.0834743976593 

[[1]]
          [,1]     [,2]      [,3]     [,4]
[1,] 0.2502309 23.90878 -65.34474 125.7192

[[2]]
[1] 8.036564


NOTE: Log Print Time:  2022-03-06 23:42:00 
NOTE: Elapsed Time in seconds: 55.3399558067322 

[[1]]
          [,1]     [,2]      [,3]     [,4]
[1,] 0.2502309 23.90878 -65.34474 125.7192

[[2]]
[1] 8.036564


NOTE: Log Print Time:  2022-03-06 23:42:55 
NOTE: Elapsed Time in seconds: 55.2095904350281 

[[1]]
          [,1]     [,2]      [,3]     [,4]
[1,] 0.2502309 23.90878 -65.34474 125.7192

[[2]]
[1] 8.036564


NOTE: Log Print Time:  2022-03-06 23:43:52 
NOTE: Elapsed Time in seconds: 56.8665368556976 

[[1]]
          [,1]     [,2]      [,3]     [,4]
[1,] 0.2502309 23.90878 -65.34474 125.7192

[[2]]
[1] 8.036564


NOTE: Log Print Time:  2022-03-06 23:44:47 
NOTE: Elapsed Time in seconds: 54.5044887065887 

[[1]]
          [,1]     [,2]      [,3]     [,4]
[1,] 0.2502309 23.90878 -65.34474 125.7192

[[2]]
[1] 8.036564


NOTE: Log Print Time:  2022-03-06 23:45:42 
NOTE: Elapsed Time in seconds: 54.9460632801056 

[[1]]
          [,1]     [,2]      [,3]     [,4]
[1,] 0.2502309 23.90878 -65.34474 125.7192

[[2]]
[1] 8.036564


NOTE: Log Print Time:  2022-03-06 23:46:38 
NOTE: Elapsed Time in seconds: 56.3238098621368 

[[1]]
          [,1]     [,2]      [,3]     [,4]
[1,] 0.2502309 23.90878 -65.34474 125.7192

[[2]]
[1] 8.036564


NOTE: Log Print Time:  2022-03-06 23:47:33 
NOTE: Elapsed Time in seconds: 55.1407630443573 

[[1]]
          [,1]     [,2]      [,3]     [,4]
[1,] 0.2502309 23.90878 -65.34474 125.7192

[[2]]
[1] 8.036564


NOTE: Log Print Time:  2022-03-06 23:48:29 
NOTE: Elapsed Time in seconds: 56.2834746837616 

[[1]]
          [,1]     [,2]      [,3]     [,4]
[1,] 0.2502309 23.90878 -65.34474 125.7192

[[2]]
[1] 8.036564


NOTE: Log Print Time:  2022-03-06 23:49:25 
NOTE: Elapsed Time in seconds: 55.6642205715179 

[[1]]
          [,1]     [,2]      [,3]     [,4]
[1,] 0.2502309 23.90878 -65.34474 125.7192

[[2]]
[1] 8.036564


NOTE: Log Print Time:  2022-03-06 23:50:20 
NOTE: Elapsed Time in seconds: 55.4269931316376 

[[1]]
          [,1]     [,2]      [,3]     [,4]
[1,] 0.2502309 23.90878 -65.34474 125.7192

[[2]]
[1] 8.036564


NOTE: Log Print Time:  2022-03-06 23:51:16 
NOTE: Elapsed Time in seconds: 55.8123662471771 

[[1]]
          [,1]     [,2]      [,3]     [,4]
[1,] 0.2502309 23.90878 -65.34474 125.7192

[[2]]
[1] 8.036564


NOTE: Log Print Time:  2022-03-06 23:52:11 
NOTE: Elapsed Time in seconds: 55.2868709564209 

[[1]]
          [,1]     [,2]      [,3]     [,4]
[1,] 0.2502309 23.90878 -65.34474 125.7192

[[2]]
[1] 8.036564


NOTE: Log Print Time:  2022-03-06 23:53:07 
NOTE: Elapsed Time in seconds: 55.8781359195709 

[[1]]
          [,1]     [,2]      [,3]     [,4]
[1,] 0.2502309 23.90878 -65.34474 125.7192

[[2]]
[1] 8.036564


NOTE: Log Print Time:  2022-03-06 23:54:02 
NOTE: Elapsed Time in seconds: 54.8012571334839 

[[1]]
          [,1]     [,2]      [,3]     [,4]
[1,] 0.2502309 23.90878 -65.34474 125.7192

[[2]]
[1] 8.036564


NOTE: Log Print Time:  2022-03-06 23:54:57 
NOTE: Elapsed Time in seconds: 55.1289849281311 

[[1]]
          [,1]     [,2]      [,3]     [,4]
[1,] 0.2502309 23.90878 -65.34474 125.7192

[[2]]
[1] 8.036564


NOTE: Log Print Time:  2022-03-06 23:55:52 
NOTE: Elapsed Time in seconds: 55.1861958503723 

[[1]]
          [,1]     [,2]      [,3]     [,4]
[1,] 0.2502309 23.90878 -65.34474 125.7192

[[2]]
[1] 8.036564


NOTE: Log Print Time:  2022-03-06 23:56:49 
NOTE: Elapsed Time in seconds: 56.2735071182251 

[[1]]
          [,1]     [,2]      [,3]    [,4]
[1,] 0.2572372 23.86577 -64.79643 124.005

[[2]]
[1] 8.036877


NOTE: Log Print Time:  2022-03-06 23:57:50 
NOTE: Elapsed Time in seconds: 1.02927790085475 

[[1]]
          [,1]     [,2]      [,3]    [,4]
[1,] 0.2572372 23.86577 -64.79643 124.005

[[2]]
[1] 8.036877


NOTE: Log Print Time:  2022-03-06 23:58:46 
NOTE: Elapsed Time in seconds: 55.509669303894 

[[1]]
          [,1]     [,2]      [,3]    [,4]
[1,] 0.2572372 23.86577 -64.79643 124.005

[[2]]
[1] 8.036877


NOTE: Log Print Time:  2022-03-06 23:59:42 
NOTE: Elapsed Time in seconds: 56.3029043674469 

[[1]]
          [,1]     [,2]      [,3]    [,4]
[1,] 0.2572372 23.86577 -64.79643 124.005

[[2]]
[1] 8.036877


NOTE: Log Print Time:  2022-03-07 00:00:39 
NOTE: Elapsed Time in seconds: 56.6897776126862 

[[1]]
          [,1]     [,2]      [,3]    [,4]
[1,] 0.2572372 23.86577 -64.79643 124.005

[[2]]
[1] 8.036877


NOTE: Log Print Time:  2022-03-07 00:01:35 
NOTE: Elapsed Time in seconds: 56.0380783081055 

[[1]]
          [,1]     [,2]      [,3]    [,4]
[1,] 0.2572372 23.86577 -64.79643 124.005

[[2]]
[1] 8.036877


NOTE: Log Print Time:  2022-03-07 00:02:31 
NOTE: Elapsed Time in seconds: 55.6835668087006 

[[1]]
          [,1]     [,2]      [,3]    [,4]
[1,] 0.2572372 23.86577 -64.79643 124.005

[[2]]
[1] 8.036877


NOTE: Log Print Time:  2022-03-07 00:03:27 
NOTE: Elapsed Time in seconds: 55.9244949817657 

[[1]]
          [,1]     [,2]      [,3]    [,4]
[1,] 0.2572372 23.86577 -64.79643 124.005

[[2]]
[1] 8.036877


NOTE: Log Print Time:  2022-03-07 00:04:22 
NOTE: Elapsed Time in seconds: 55.2778570652008 

[[1]]
          [,1]     [,2]      [,3]    [,4]
[1,] 0.2572372 23.86577 -64.79643 124.005

[[2]]
[1] 8.036877


NOTE: Log Print Time:  2022-03-07 00:05:17 
NOTE: Elapsed Time in seconds: 55.5593967437744 

[[1]]
          [,1]     [,2]      [,3]     [,4]
[1,] 0.2544547 23.89547 -65.18233 125.2001

[[2]]
[1] 8.03693


NOTE: Log Print Time:  2022-03-07 00:06:14 
NOTE: Elapsed Time in seconds: 56.121321439743 

[[1]]
          [,1]     [,2]      [,3]     [,4]
[1,] 0.2544547 23.89547 -65.18233 125.2001

[[2]]
[1] 8.03693


NOTE: Log Print Time:  2022-03-07 00:07:17 
NOTE: Elapsed Time in seconds: 1.0507465004921 

[[1]]
          [,1]     [,2]      [,3]     [,4]
[1,] 0.2544547 23.89547 -65.18233 125.2001

[[2]]
[1] 8.03693


NOTE: Log Print Time:  2022-03-07 00:08:12 
NOTE: Elapsed Time in seconds: 55.5746450424194 

[[1]]
          [,1]     [,2]      [,3]     [,4]
[1,] 0.2544547 23.89547 -65.18233 125.2001

[[2]]
[1] 8.03693


NOTE: Log Print Time:  2022-03-07 00:09:08 
NOTE: Elapsed Time in seconds: 55.8215305805206 

[[1]]
          [,1]     [,2]      [,3]     [,4]
[1,] 0.2544547 23.89547 -65.18233 125.2001

[[2]]
[1] 8.03693


NOTE: Log Print Time:  2022-03-07 00:10:03 
NOTE: Elapsed Time in seconds: 55.0073342323303 

[[1]]
         [,1]     [,2]      [,3]     [,4]
[1,] 0.802515 23.44616 -66.58422 126.3072

[[2]]
[1] 8.037438


NOTE: Log Print Time:  2022-03-07 00:11:00 
NOTE: Elapsed Time in seconds: 56.691801071167 

[[1]]
         [,1]     [,2]      [,3]     [,4]
[1,] 0.802515 23.44616 -66.58422 126.3072

[[2]]
[1] 8.037438


NOTE: Log Print Time:  2022-03-07 00:11:57 
NOTE: Elapsed Time in seconds: 57.1430869102478 

[[1]]
         [,1]     [,2]      [,3]     [,4]
[1,] 0.802515 23.44616 -66.58422 126.3072

[[2]]
[1] 8.037438


NOTE: Log Print Time:  2022-03-07 00:12:54 
NOTE: Elapsed Time in seconds: 56.692202091217 

[[1]]
         [,1]     [,2]      [,3]     [,4]
[1,] 0.802515 23.44616 -66.58422 126.3072

[[2]]
[1] 8.037438


NOTE: Log Print Time:  2022-03-07 00:13:50 
NOTE: Elapsed Time in seconds: 56.4356889724731 

[[1]]
         [,1]     [,2]      [,3]     [,4]
[1,] 0.802515 23.44616 -66.58422 126.3072

[[2]]
[1] 8.037438


NOTE: Log Print Time:  2022-03-07 00:14:46 
NOTE: Elapsed Time in seconds: 55.5144839286804 

[[1]]
         [,1]     [,2]      [,3]     [,4]
[1,] 0.802515 23.44616 -66.58422 126.3072

[[2]]
[1] 8.037438


NOTE: Log Print Time:  2022-03-07 00:15:41 
NOTE: Elapsed Time in seconds: 55.5562014579773 

[[1]]
         [,1]     [,2]      [,3]     [,4]
[1,] 0.802515 23.44616 -66.58422 126.3072

[[2]]
[1] 8.037438


NOTE: Log Print Time:  2022-03-07 00:16:36 
NOTE: Elapsed Time in seconds: 55.2664337158203 

[[1]]
         [,1]     [,2]      [,3]     [,4]
[1,] 0.802515 23.44616 -66.58422 126.3072

[[2]]
[1] 8.037438


NOTE: Log Print Time:  2022-03-07 00:17:33 
NOTE: Elapsed Time in seconds: 56.2873814105988 

[[1]]
         [,1]     [,2]      [,3]     [,4]
[1,] 0.802515 23.44616 -66.58422 126.3072

[[2]]
[1] 8.037438


NOTE: Log Print Time:  2022-03-07 00:18:30 
NOTE: Elapsed Time in seconds: 56.9457800388336 

[[1]]
         [,1]     [,2]      [,3]     [,4]
[1,] 0.802515 23.44616 -66.58422 126.3072

[[2]]
[1] 8.037438


NOTE: Log Print Time:  2022-03-07 00:19:27 
NOTE: Elapsed Time in seconds: 57.0925805568695 

[[1]]
         [,1]     [,2]      [,3]     [,4]
[1,] 0.802515 23.44616 -66.58422 126.3072

[[2]]
[1] 8.037438


NOTE: Log Print Time:  2022-03-07 00:20:24 
NOTE: Elapsed Time in seconds: 57.5448670387268 

[[1]]
         [,1]     [,2]      [,3]     [,4]
[1,] 0.802515 23.44616 -66.58422 126.3072

[[2]]
[1] 8.037438


NOTE: Log Print Time:  2022-03-07 00:21:26 
NOTE: Elapsed Time in seconds: 1.03035984834035 

[[1]]
         [,1]     [,2]      [,3]     [,4]
[1,] 0.802515 23.44616 -66.58422 126.3072

[[2]]
[1] 8.037438


NOTE: Log Print Time:  2022-03-07 00:22:24 
NOTE: Elapsed Time in seconds: 58.3081996440887 

[[1]]
         [,1]     [,2]      [,3]     [,4]
[1,] 0.802515 23.44616 -66.58422 126.3072

[[2]]
[1] 8.037438


NOTE: Log Print Time:  2022-03-07 00:23:20 
NOTE: Elapsed Time in seconds: 55.7487413883209 

[[1]]
         [,1]     [,2]      [,3]     [,4]
[1,] 0.802515 23.44616 -66.58422 126.3072

[[2]]
[1] 8.037438


NOTE: Log Print Time:  2022-03-07 00:24:16 
NOTE: Elapsed Time in seconds: 55.9942359924316 

[[1]]
         [,1]     [,2]      [,3]     [,4]
[1,] 0.802515 23.44616 -66.58422 126.3072

[[2]]
[1] 8.037438


NOTE: Log Print Time:  2022-03-07 00:25:13 
NOTE: Elapsed Time in seconds: 57.2774696350098 

[[1]]
         [,1]     [,2]      [,3]     [,4]
[1,] 0.802515 23.44616 -66.58422 126.3072

[[2]]
[1] 8.037438


NOTE: Log Print Time:  2022-03-07 00:26:10 
NOTE: Elapsed Time in seconds: 56.9676516056061 

[[1]]
         [,1]     [,2]      [,3]     [,4]
[1,] 0.802515 23.44616 -66.58422 126.3072

[[2]]
[1] 8.037438


NOTE: Log Print Time:  2022-03-07 00:27:07 
NOTE: Elapsed Time in seconds: 56.5580146312714 

[[1]]
         [,1]     [,2]      [,3]     [,4]
[1,] 0.802515 23.44616 -66.58422 126.3072

[[2]]
[1] 8.037438


NOTE: Log Print Time:  2022-03-07 00:28:03 
NOTE: Elapsed Time in seconds: 55.7092645168304 

[[1]]
         [,1]     [,2]      [,3]     [,4]
[1,] 0.802515 23.44616 -66.58422 126.3072

[[2]]
[1] 8.037438


NOTE: Log Print Time:  2022-03-07 00:29:00 
NOTE: Elapsed Time in seconds: 57.8986203670502 

[[1]]
         [,1]     [,2]      [,3]     [,4]
[1,] 0.802515 23.44616 -66.58422 126.3072

[[2]]
[1] 8.037438


NOTE: Log Print Time:  2022-03-07 00:29:56 
NOTE: Elapsed Time in seconds: 55.2939050197601 

[[1]]
         [,1]     [,2]      [,3]     [,4]
[1,] 0.802515 23.44616 -66.58422 126.3072

[[2]]
[1] 8.037438


NOTE: Log Print Time:  2022-03-07 00:30:51 
NOTE: Elapsed Time in seconds: 55.5994820594788 

[[1]]
         [,1]     [,2]      [,3]     [,4]
[1,] 0.802515 23.44616 -66.58422 126.3072

[[2]]
[1] 8.037438


NOTE: Log Print Time:  2022-03-07 00:31:50 
NOTE: Elapsed Time in seconds: 58.7840611934662 

[[1]]
         [,1]     [,2]      [,3]     [,4]
[1,] 0.802515 23.44616 -66.58422 126.3072

[[2]]
[1] 8.037438


NOTE: Log Print Time:  2022-03-07 00:32:46 
NOTE: Elapsed Time in seconds: 55.37242603302 

[[1]]
         [,1]     [,2]      [,3]     [,4]
[1,] 0.802515 23.44616 -66.58422 126.3072

[[2]]
[1] 8.037438


NOTE: Log Print Time:  2022-03-07 00:33:41 
NOTE: Elapsed Time in seconds: 55.2299556732178 

[[1]]
         [,1]     [,2]      [,3]     [,4]
[1,] 0.802515 23.44616 -66.58422 126.3072

[[2]]
[1] 8.037438


NOTE: Log Print Time:  2022-03-07 00:34:38 
NOTE: Elapsed Time in seconds: 57.4467532634735 

[[1]]
         [,1]     [,2]      [,3]     [,4]
[1,] 0.802515 23.44616 -66.58422 126.3072

[[2]]
[1] 8.037438


NOTE: Log Print Time:  2022-03-07 00:35:34 
NOTE: Elapsed Time in seconds: 56.0176541805267 

[[1]]
         [,1]     [,2]      [,3]     [,4]
[1,] 0.802515 23.44616 -66.58422 126.3072

[[2]]
[1] 8.037438


NOTE: Log Print Time:  2022-03-07 00:36:30 
NOTE: Elapsed Time in seconds: 55.6784858703613 

[[1]]
         [,1]     [,2]      [,3]     [,4]
[1,] 0.802515 23.44616 -66.58422 126.3072

[[2]]
[1] 8.037438


NOTE: Log Print Time:  2022-03-07 00:37:27 
NOTE: Elapsed Time in seconds: 56.7315964698792 

[[1]]
         [,1]     [,2]      [,3]     [,4]
[1,] 0.802515 23.44616 -66.58422 126.3072

[[2]]
[1] 8.037438


NOTE: Log Print Time:  2022-03-07 00:38:23 
NOTE: Elapsed Time in seconds: 55.9448149204254 

[[1]]
          [,1]     [,2]      [,3]     [,4]
[1,] 0.4133338 23.93299 -65.81105 125.6339

[[2]]
[1] 8.037498


NOTE: Log Print Time:  2022-03-07 00:39:20 
NOTE: Elapsed Time in seconds: 56.9190464019775 

[[1]]
          [,1]     [,2]      [,3]     [,4]
[1,] 0.4133338 23.93299 -65.81105 125.6339

[[2]]
[1] 8.037498


NOTE: Log Print Time:  2022-03-07 00:40:15 
NOTE: Elapsed Time in seconds: 55.8911521434784 

[[1]]
          [,1]     [,2]      [,3]     [,4]
[1,] 0.4133338 23.93299 -65.81105 125.6339

[[2]]
[1] 8.037498


NOTE: Log Print Time:  2022-03-07 00:41:11 
NOTE: Elapsed Time in seconds: 55.289769411087 

[[1]]
          [,1]     [,2]      [,3]     [,4]
[1,] 0.4133338 23.93299 -65.81105 125.6339

[[2]]
[1] 8.037498


NOTE: Log Print Time:  2022-03-07 00:42:08 
NOTE: Elapsed Time in seconds: 56.9941504001617 

[[1]]
          [,1]     [,2]      [,3]     [,4]
[1,] 0.4133338 23.93299 -65.81105 125.6339

[[2]]
[1] 8.037498


NOTE: Log Print Time:  2022-03-07 00:43:05 
NOTE: Elapsed Time in seconds: 57.1933829784393 

[[1]]
          [,1]     [,2]      [,3]     [,4]
[1,] 0.4133338 23.93299 -65.81105 125.6339

[[2]]
[1] 8.037498


NOTE: Log Print Time:  2022-03-07 00:44:01 
NOTE: Elapsed Time in seconds: 55.6494119167328 

[[1]]
          [,1]     [,2]      [,3]     [,4]
[1,] 0.4133338 23.93299 -65.81105 125.6339

[[2]]
[1] 8.037498


NOTE: Log Print Time:  2022-03-07 00:44:56 
NOTE: Elapsed Time in seconds: 55.8776943683624 

[[1]]
          [,1]     [,2]      [,3]     [,4]
[1,] 0.4133338 23.93299 -65.81105 125.6339

[[2]]
[1] 8.037498


NOTE: Log Print Time:  2022-03-07 00:45:56 
NOTE: Elapsed Time in seconds: 59.7609696388245 

[[1]]
          [,1]     [,2]      [,3]     [,4]
[1,] 0.4133338 23.93299 -65.81105 125.6339

[[2]]
[1] 8.037498


NOTE: Log Print Time:  2022-03-07 00:46:53 
NOTE: Elapsed Time in seconds: 56.3757984638214 

[[1]]
          [,1]     [,2]      [,3]     [,4]
[1,] 0.4133338 23.93299 -65.81105 125.6339

[[2]]
[1] 8.037498


NOTE: Log Print Time:  2022-03-07 00:47:48 
NOTE: Elapsed Time in seconds: 55.446280002594 

[[1]]
          [,1]     [,2]      [,3]     [,4]
[1,] 0.4133338 23.93299 -65.81105 125.6339

[[2]]
[1] 8.037498


NOTE: Log Print Time:  2022-03-07 00:48:44 
NOTE: Elapsed Time in seconds: 56.3428144454956 

[[1]]
          [,1]     [,2]      [,3]     [,4]
[1,] 0.4133338 23.93299 -65.81105 125.6339

[[2]]
[1] 8.037498


NOTE: Log Print Time:  2022-03-07 00:49:42 
NOTE: Elapsed Time in seconds: 57.5753943920135 

[[1]]
          [,1]     [,2]      [,3]     [,4]
[1,] 0.4133338 23.93299 -65.81105 125.6339

[[2]]
[1] 8.037498


NOTE: Log Print Time:  2022-03-07 00:50:37 
NOTE: Elapsed Time in seconds: 54.7292416095734 

[[1]]
          [,1]     [,2]      [,3]     [,4]
[1,] 0.4133338 23.93299 -65.81105 125.6339

[[2]]
[1] 8.037498


NOTE: Log Print Time:  2022-03-07 00:51:32 
NOTE: Elapsed Time in seconds: 55.6485085487366 

[[1]]
          [,1]     [,2]      [,3]     [,4]
[1,] 0.4133338 23.93299 -65.81105 125.6339

[[2]]
[1] 8.037498


NOTE: Log Print Time:  2022-03-07 00:52:28 
NOTE: Elapsed Time in seconds: 55.7768352031708 

[[1]]
          [,1]     [,2]      [,3]     [,4]
[1,] 0.4133338 23.93299 -65.81105 125.6339

[[2]]
[1] 8.037498


NOTE: Log Print Time:  2022-03-07 00:53:23 
NOTE: Elapsed Time in seconds: 54.7204082012177 

[[1]]
          [,1]     [,2]      [,3]     [,4]
[1,] 0.4133338 23.93299 -65.81105 125.6339

[[2]]
[1] 8.037498


NOTE: Log Print Time:  2022-03-07 00:54:21 
NOTE: Elapsed Time in seconds: 57.7580986022949 

[[1]]
          [,1]     [,2]      [,3]     [,4]
[1,] 0.4133338 23.93299 -65.81105 125.6339

[[2]]
[1] 8.037498


NOTE: Log Print Time:  2022-03-07 00:55:17 
NOTE: Elapsed Time in seconds: 56.7368450164795 

[[1]]
          [,1]     [,2]      [,3]     [,4]
[1,] 0.4133338 23.93299 -65.81105 125.6339

[[2]]
[1] 8.037498


NOTE: Log Print Time:  2022-03-07 00:56:14 
NOTE: Elapsed Time in seconds: 56.2677261829376 

[[1]]
          [,1]     [,2]      [,3]     [,4]
[1,] 0.4133338 23.93299 -65.81105 125.6339

[[2]]
[1] 8.037498


NOTE: Log Print Time:  2022-03-07 00:57:09 
NOTE: Elapsed Time in seconds: 55.9492843151093 

[[1]]
          [,1]     [,2]      [,3]     [,4]
[1,] 0.4133338 23.93299 -65.81105 125.6339

[[2]]
[1] 8.037498


NOTE: Log Print Time:  2022-03-07 00:58:05 
NOTE: Elapsed Time in seconds: 55.2760951519012 

[[1]]
          [,1]     [,2]      [,3]     [,4]
[1,] 0.4133338 23.93299 -65.81105 125.6339

[[2]]
[1] 8.037498


NOTE: Log Print Time:  2022-03-07 00:59:01 
NOTE: Elapsed Time in seconds: 56.2369287014008 

[[1]]
          [,1]     [,2]      [,3]     [,4]
[1,] 0.4133338 23.93299 -65.81105 125.6339

[[2]]
[1] 8.037498


NOTE: Log Print Time:  2022-03-07 00:59:56 
NOTE: Elapsed Time in seconds: 55.4377727508545 

[[1]]
          [,1]     [,2]      [,3]     [,4]
[1,] 0.4133338 23.93299 -65.81105 125.6339

[[2]]
[1] 8.037498


NOTE: Log Print Time:  2022-03-07 01:00:52 
NOTE: Elapsed Time in seconds: 55.7129724025726 

[[1]]
          [,1]     [,2]      [,3]     [,4]
[1,] 0.4133338 23.93299 -65.81105 125.6339

[[2]]
[1] 8.037498


NOTE: Log Print Time:  2022-03-07 01:01:48 
NOTE: Elapsed Time in seconds: 56.1985683441162 

[[1]]
          [,1]     [,2]      [,3]     [,4]
[1,] 0.4133338 23.93299 -65.81105 125.6339

[[2]]
[1] 8.037498


NOTE: Log Print Time:  2022-03-07 01:02:45 
NOTE: Elapsed Time in seconds: 56.739709854126 

[[1]]
          [,1]     [,2]      [,3]     [,4]
[1,] 0.4133338 23.93299 -65.81105 125.6339

[[2]]
[1] 8.037498


NOTE: Log Print Time:  2022-03-07 01:03:41 
NOTE: Elapsed Time in seconds: 56.1226651668549 

[[1]]
          [,1]     [,2]      [,3]     [,4]
[1,] 0.4133338 23.93299 -65.81105 125.6339

[[2]]
[1] 8.037498


NOTE: Log Print Time:  2022-03-07 01:04:37 
NOTE: Elapsed Time in seconds: 56.2015244960785 

[[1]]
          [,1]     [,2]      [,3]     [,4]
[1,] 0.4133338 23.93299 -65.81105 125.6339

[[2]]
[1] 8.037498


NOTE: Log Print Time:  2022-03-07 01:05:33 
NOTE: Elapsed Time in seconds: 55.4644689559937 

[[1]]
          [,1]     [,2]      [,3]     [,4]
[1,] 0.4133338 23.93299 -65.81105 125.6339

[[2]]
[1] 8.037498


NOTE: Log Print Time:  2022-03-07 01:06:29 
NOTE: Elapsed Time in seconds: 55.6438281536102 

[[1]]
          [,1]     [,2]      [,3]     [,4]
[1,] 0.4133338 23.93299 -65.81105 125.6339

[[2]]
[1] 8.037498


NOTE: Log Print Time:  2022-03-07 01:07:25 
NOTE: Elapsed Time in seconds: 56.0539724826813 

[[1]]
          [,1]     [,2]      [,3]     [,4]
[1,] 0.4133338 23.93299 -65.81105 125.6339

[[2]]
[1] 8.037498


NOTE: Log Print Time:  2022-03-07 01:08:22 
NOTE: Elapsed Time in seconds: 57.7713139057159 

[[1]]
          [,1]     [,2]      [,3]     [,4]
[1,] 0.4133338 23.93299 -65.81105 125.6339

[[2]]
[1] 8.037498


NOTE: Log Print Time:  2022-03-07 01:09:18 
NOTE: Elapsed Time in seconds: 56.0588834285736 

[[1]]
          [,1]     [,2]      [,3]     [,4]
[1,] 0.4133338 23.93299 -65.81105 125.6339

[[2]]
[1] 8.037498


NOTE: Log Print Time:  2022-03-07 01:10:14 
NOTE: Elapsed Time in seconds: 55.9231882095337 

[[1]]
          [,1]     [,2]      [,3]     [,4]
[1,] 0.4133338 23.93299 -65.81105 125.6339

[[2]]
[1] 8.037498


NOTE: Log Print Time:  2022-03-07 01:11:11 
NOTE: Elapsed Time in seconds: 56.25279545784 

[[1]]
          [,1]     [,2]      [,3]     [,4]
[1,] 0.4133338 23.93299 -65.81105 125.6339

[[2]]
[1] 8.037498


NOTE: Log Print Time:  2022-03-07 01:12:06 
NOTE: Elapsed Time in seconds: 55.1610505580902 

[[1]]
          [,1]     [,2]      [,3]     [,4]
[1,] 0.4133338 23.93299 -65.81105 125.6339

[[2]]
[1] 8.037498


NOTE: Log Print Time:  2022-03-07 01:13:03 
NOTE: Elapsed Time in seconds: 56.958259344101 

[[1]]
          [,1]     [,2]      [,3]     [,4]
[1,] 0.4133338 23.93299 -65.81105 125.6339

[[2]]
[1] 8.037498


NOTE: Log Print Time:  2022-03-07 01:13:57 
NOTE: Elapsed Time in seconds: 54.4581801891327 

[[1]]
          [,1]     [,2]      [,3]     [,4]
[1,] 0.4133338 23.93299 -65.81105 125.6339

[[2]]
[1] 8.037498


NOTE: Log Print Time:  2022-03-07 01:14:53 
NOTE: Elapsed Time in seconds: 56.2453167438507 

[[1]]
          [,1]     [,2]      [,3]     [,4]
[1,] 0.4133338 23.93299 -65.81105 125.6339

[[2]]
[1] 8.037498


NOTE: Log Print Time:  2022-03-07 01:15:49 
NOTE: Elapsed Time in seconds: 55.9830665588379 

[[1]]
          [,1]     [,2]      [,3]     [,4]
[1,] 0.4133338 23.93299 -65.81105 125.6339

[[2]]
[1] 8.037498


NOTE: Log Print Time:  2022-03-07 01:16:45 
NOTE: Elapsed Time in seconds: 55.6944365501404 

[[1]]
          [,1]     [,2]      [,3]     [,4]
[1,] 0.4133338 23.93299 -65.81105 125.6339

[[2]]
[1] 8.037498


NOTE: Log Print Time:  2022-03-07 01:17:41 
NOTE: Elapsed Time in seconds: 56.3379549980164 

[[1]]
          [,1]     [,2]      [,3]     [,4]
[1,] 0.4133338 23.93299 -65.81105 125.6339

[[2]]
[1] 8.037498


NOTE: Log Print Time:  2022-03-07 01:18:37 
NOTE: Elapsed Time in seconds: 55.0695629119873 

[[1]]
          [,1]     [,2]      [,3]     [,4]
[1,] 0.4133338 23.93299 -65.81105 125.6339

[[2]]
[1] 8.037498


NOTE: Log Print Time:  2022-03-07 01:19:33 
NOTE: Elapsed Time in seconds: 56.1282353401184 

[[1]]
          [,1]     [,2]      [,3]     [,4]
[1,] 0.4133338 23.93299 -65.81105 125.6339

[[2]]
[1] 8.037498


NOTE: Log Print Time:  2022-03-07 01:20:28 
NOTE: Elapsed Time in seconds: 55.6988990306854 

[[1]]
          [,1]     [,2]      [,3]     [,4]
[1,] 0.4133338 23.93299 -65.81105 125.6339

[[2]]
[1] 8.037498


NOTE: Log Print Time:  2022-03-07 01:21:30 
NOTE: Elapsed Time in seconds: 1.0349839647611 

[[1]]
          [,1]     [,2]      [,3]     [,4]
[1,] 0.4133338 23.93299 -65.81105 125.6339

[[2]]
[1] 8.037498


NOTE: Log Print Time:  2022-03-07 01:22:27 
NOTE: Elapsed Time in seconds: 56.95285820961 

[[1]]
          [,1]     [,2]      [,3]     [,4]
[1,] 0.4133338 23.93299 -65.81105 125.6339

[[2]]
[1] 8.037498


NOTE: Log Print Time:  2022-03-07 01:23:24 
NOTE: Elapsed Time in seconds: 56.1934652328491 

[[1]]
          [,1]     [,2]      [,3]     [,4]
[1,] 0.4133338 23.93299 -65.81105 125.6339

[[2]]
[1] 8.037498


NOTE: Log Print Time:  2022-03-07 01:24:19 
NOTE: Elapsed Time in seconds: 55.8419952392578 

[[1]]
          [,1]     [,2]      [,3]     [,4]
[1,] 0.4133338 23.93299 -65.81105 125.6339

[[2]]
[1] 8.037498


NOTE: Log Print Time:  2022-03-07 01:25:15 
NOTE: Elapsed Time in seconds: 55.4789757728577 

