========================================================================= 
Log Path: /scratch/wanglu57/job_scripts/log/2022-02-24_ga-si-G-log_ga.log 
Program Path: /scratch/wanglu57/job_scripts/2022-02-24_ga-si-G-log.R 
Working Directory: /scratch/wanglu57/job_scripts 
User Name: wanglu57 
R Version: 4.0.2 (2020-06-22) 
Machine: cdr2232.int.cedar.computecanada.ca x86_64 
Operating System: Linux 3.10.0-1160.36.2.el7.x86_64 #1 SMP Wed Jul 21 11:57:15 UTC 2021 
[1] "Base Packages: parallel stats graphics grDevices utils datasets methods\n               base \nOther Packages: doRNG_1.8.2 rngtools_1.5.2 here_1.0.1 GA_3.2.2 doParallel_1.0.16\n                iterators_1.0.13 foreach_1.5.1 "
Log Start Time: 2022-02-25 12:01:54 
========================================================================= 

[[1]]
         [,1]     [,2]     [,3]     [,4]
[1,] 2.955049 6.659449 382.3999 858.7956

[[2]]
[1] 5.828314


NOTE: Log Print Time:  2022-02-25 12:07:11 
NOTE: Elapsed Time in seconds: 5.28285429477692 

[[1]]
         [,1]     [,2]     [,3]     [,4]
[1,] 3.253224 30.10103 199.3657 427.8333

[[2]]
[1] 6.007207


NOTE: Log Print Time:  2022-02-25 12:08:33 
NOTE: Elapsed Time in seconds: 1.37535351117452 

[[1]]
         [,1]     [,2]     [,3]     [,4]
[1,] 3.119042 12.63552 443.2613 239.7576

[[2]]
[1] 6.581562


NOTE: Log Print Time:  2022-02-25 12:16:48 
NOTE: Elapsed Time in seconds: 8.24539959430695 

[[1]]
         [,1]     [,2]     [,3]     [,4]
[1,] 3.119042 12.63552 443.2613 239.7576

[[2]]
[1] 6.581562


NOTE: Log Print Time:  2022-02-25 12:22:44 
NOTE: Elapsed Time in seconds: 5.93746196826299 

[1] "Error in { : \n  task 493 failed - \"illegal input in lagvalue - lag, 12.2951, too large, at time = 14.2951\n\"\nCalls: ga_verbose -> %DO% -> do.call -> %dopar% -> <Anonymous>\n"

NOTE: Log Print Time:  2022-02-25 14:55:01 
NOTE: Elapsed Time in seconds: 2.53800694704056 

[1] "Error in h(simpleError(msg, call)) : \n  error in evaluating the argument 'x' in selecting a method for function 'print': object 'ga_res' not found\nCalls: print -> .handleSimpleError -> h\n"

NOTE: Log Print Time:  2022-02-25 14:55:01 
NOTE: Elapsed Time in seconds: 0.0422313213348389 

