========================================================================= 
Log Path: /scratch/wanglu57/job_scripts/log/2022-03-24_si-I-emp_ga.log 
Program Path: /scratch/wanglu57/job_scripts/2022-03-24_si-I-emp.R 
Working Directory: /scratch/wanglu57/job_scripts 
User Name: wanglu57 
R Version: 4.0.2 (2020-06-22) 
Machine: cdr1429.int.cedar.computecanada.ca x86_64 
Operating System: Linux 3.10.0-1160.53.1.el7.x86_64 #1 SMP Fri Jan 14 13:59:45 UTC 2022 
[1] "Base Packages: parallel stats graphics grDevices utils datasets methods\n               base \nOther Packages: doRNG_1.8.2 rngtools_1.5.2 here_1.0.1 GA_3.2.2 doParallel_1.0.16\n                iterators_1.0.13 foreach_1.5.1 "
Log Start Time: 2022-03-24 17:47:54 
========================================================================= 

[[1]]
            [,1]      [,2]    [,3]     [,4]
[1,] -0.07254449 -13.07042 355.563 4636.013

[[2]]
[1] 8.133121


NOTE: Log Print Time:  2022-03-24 17:49:03 
NOTE: Elapsed Time in seconds: 1.15515784422557 

[[1]]
            [,1]      [,2]    [,3]     [,4]
[1,] -0.07254449 -13.07042 355.563 4636.013

[[2]]
[1] 8.133121


NOTE: Log Print Time:  2022-03-24 17:50:01 
NOTE: Elapsed Time in seconds: 57.5351195335388 

[[1]]
            [,1]      [,2]    [,3]     [,4]
[1,] -0.07254449 -13.07042 355.563 4636.013

[[2]]
[1] 8.133121


NOTE: Log Print Time:  2022-03-24 17:50:59 
NOTE: Elapsed Time in seconds: 58.9029400348663 

[[1]]
            [,1]      [,2]    [,3]     [,4]
[1,] -0.07254449 -13.07042 355.563 4636.013

[[2]]
[1] 8.133121


NOTE: Log Print Time:  2022-03-24 17:51:58 
NOTE: Elapsed Time in seconds: 58.5860629081726 

[[1]]
            [,1]      [,2]     [,3]     [,4]
[1,] -0.07254449 -13.07042 510.5792 4636.013

[[2]]
[1] 8.201273


NOTE: Log Print Time:  2022-03-24 17:52:57 
NOTE: Elapsed Time in seconds: 59.4075393676758 

[[1]]
            [,1]      [,2]     [,3]     [,4]
[1,] -0.07254449 -13.07042 510.5792 4636.013

[[2]]
[1] 8.201273


NOTE: Log Print Time:  2022-03-24 17:53:59 
NOTE: Elapsed Time in seconds: 1.01910699208577 

[[1]]
            [,1]      [,2]     [,3]     [,4]
[1,] -0.07254449 -13.07042 510.5792 4636.013

[[2]]
[1] 8.201273


NOTE: Log Print Time:  2022-03-24 17:54:58 
NOTE: Elapsed Time in seconds: 59.3203678131104 

[[1]]
            [,1]      [,2]     [,3]     [,4]
[1,] -0.07254449 -13.07042 510.5792 4636.013

[[2]]
[1] 8.201273


NOTE: Log Print Time:  2022-03-24 17:55:57 
NOTE: Elapsed Time in seconds: 59.273010969162 

[[1]]
            [,1]      [,2]     [,3]     [,4]
[1,] -0.07254449 -13.07042 510.5792 4636.013

[[2]]
[1] 8.201273


NOTE: Log Print Time:  2022-03-24 17:56:55 
NOTE: Elapsed Time in seconds: 58.3229174613953 

[[1]]
           [,1]      [,2]     [,3]      [,4]
[1,] -0.0288737 -20.23508 792.8419 -1543.978

[[2]]
[1] 8.235762


NOTE: Log Print Time:  2022-03-24 17:57:54 
NOTE: Elapsed Time in seconds: 58.7575347423553 

[[1]]
           [,1]      [,2]     [,3]      [,4]
[1,] -0.0288737 -20.23508 792.8419 -1543.978

[[2]]
[1] 8.235762


NOTE: Log Print Time:  2022-03-24 17:58:53 
NOTE: Elapsed Time in seconds: 58.4765853881836 

[[1]]
            [,1]      [,2]     [,3]      [,4]
[1,] 0.005947586 -20.37445 789.1847 -1581.761

[[2]]
[1] 8.24909


NOTE: Log Print Time:  2022-03-24 17:59:52 
NOTE: Elapsed Time in seconds: 59.2195219993591 

[[1]]
            [,1]      [,2]     [,3]      [,4]
[1,] 0.005947586 -20.37445 789.1847 -1581.761

[[2]]
[1] 8.24909


NOTE: Log Print Time:  2022-03-24 18:00:51 
NOTE: Elapsed Time in seconds: 58.9198176860809 

[[1]]
           [,1]      [,2]     [,3]     [,4]
[1,] -0.0288737 -20.23508 792.8419 4134.825

[[2]]
[1] 8.263856


NOTE: Log Print Time:  2022-03-24 18:01:50 
NOTE: Elapsed Time in seconds: 59.5596933364868 

[[1]]
           [,1]      [,2]     [,3]     [,4]
[1,] -0.0288737 -20.23508 792.8419 4134.825

[[2]]
[1] 8.263856


NOTE: Log Print Time:  2022-03-24 18:02:51 
NOTE: Elapsed Time in seconds: 1.0028129418691 

[[1]]
           [,1]      [,2]     [,3]     [,4]
[1,] -0.0288737 -20.23508 792.8419 4134.825

[[2]]
[1] 8.263856


NOTE: Log Print Time:  2022-03-24 18:03:50 
NOTE: Elapsed Time in seconds: 59.0205240249634 

[[1]]
           [,1]      [,2]     [,3]     [,4]
[1,] -0.0288737 -20.23508 792.8419 4134.825

[[2]]
[1] 8.263856


NOTE: Log Print Time:  2022-03-24 18:04:49 
NOTE: Elapsed Time in seconds: 59.5263690948486 

[[1]]
           [,1]      [,2]     [,3]     [,4]
[1,] -0.0288737 -20.23508 792.8419 4134.825

[[2]]
[1] 8.263856


NOTE: Log Print Time:  2022-03-24 18:05:46 
NOTE: Elapsed Time in seconds: 57.3414783477783 

[[1]]
           [,1]      [,2]     [,3]     [,4]
[1,] -0.0288737 -20.23508 792.8419 4134.825

[[2]]
[1] 8.263856


NOTE: Log Print Time:  2022-03-24 18:06:46 
NOTE: Elapsed Time in seconds: 59.9872210025787 

[[1]]
           [,1]      [,2]     [,3]     [,4]
[1,] -0.0288737 -20.23508 792.8419 4134.825

[[2]]
[1] 8.263856


NOTE: Log Print Time:  2022-03-24 18:07:46 
NOTE: Elapsed Time in seconds: 59.4255242347717 

[[1]]
           [,1]      [,2]     [,3]     [,4]
[1,] -0.0288737 -20.23508 792.8419 4134.825

[[2]]
[1] 8.263856


NOTE: Log Print Time:  2022-03-24 18:08:46 
NOTE: Elapsed Time in seconds: 59.7893893718719 

[[1]]
          [,1]      [,2]    [,3]      [,4]
[1,] -0.027621 -18.21474 743.025 -997.2696

[[2]]
[1] 8.267915


NOTE: Log Print Time:  2022-03-24 18:09:43 
NOTE: Elapsed Time in seconds: 57.0417590141296 

[[1]]
          [,1]      [,2]    [,3]      [,4]
[1,] -0.027621 -18.21474 743.025 -997.2696

[[2]]
[1] 8.267915


NOTE: Log Print Time:  2022-03-24 18:10:41 
NOTE: Elapsed Time in seconds: 58.6037092208862 

[[1]]
          [,1]      [,2]    [,3]      [,4]
[1,] -0.027621 -18.21474 743.025 -997.2696

[[2]]
[1] 8.267915


NOTE: Log Print Time:  2022-03-24 18:11:38 
NOTE: Elapsed Time in seconds: 56.8787682056427 

[[1]]
          [,1]      [,2]    [,3]      [,4]
[1,] -0.027621 -18.21474 743.025 -997.2696

[[2]]
[1] 8.267915


NOTE: Log Print Time:  2022-03-24 18:12:36 
NOTE: Elapsed Time in seconds: 58.1393413543701 

[[1]]
          [,1]      [,2]    [,3]      [,4]
[1,] -0.027621 -18.21474 743.025 -997.2696

[[2]]
[1] 8.267915


NOTE: Log Print Time:  2022-03-24 18:13:35 
NOTE: Elapsed Time in seconds: 58.1630401611328 

[[1]]
          [,1]      [,2]    [,3]      [,4]
[1,] -0.027621 -18.21474 743.025 -997.2696

[[2]]
[1] 8.267915


NOTE: Log Print Time:  2022-03-24 18:14:34 
NOTE: Elapsed Time in seconds: 59.7876398563385 

[[1]]
            [,1]      [,2]     [,3]     [,4]
[1,] -0.01661545 -19.04412 767.3483 1603.879

[[2]]
[1] 8.281093


NOTE: Log Print Time:  2022-03-24 18:15:32 
NOTE: Elapsed Time in seconds: 57.2161858081818 

[[1]]
            [,1]      [,2]     [,3]     [,4]
[1,] -0.01661545 -19.04412 767.3483 1603.879

[[2]]
[1] 8.281093


NOTE: Log Print Time:  2022-03-24 18:16:29 
NOTE: Elapsed Time in seconds: 57.2296476364136 

[[1]]
            [,1]      [,2]     [,3]     [,4]
[1,] -0.01661545 -19.04412 767.3483 1603.879

[[2]]
[1] 8.281093


NOTE: Log Print Time:  2022-03-24 18:17:28 
NOTE: Elapsed Time in seconds: 59.2477402687073 

[[1]]
            [,1]      [,2]     [,3]     [,4]
[1,] -0.01661545 -19.04412 767.3483 1603.879

[[2]]
[1] 8.281093


NOTE: Log Print Time:  2022-03-24 18:18:26 
NOTE: Elapsed Time in seconds: 58.065037727356 

[[1]]
            [,1]     [,2]     [,3]     [,4]
[1,] 0.006674835 -21.6654 888.7008 1137.193

[[2]]
[1] 8.304796


NOTE: Log Print Time:  2022-03-24 18:19:25 
NOTE: Elapsed Time in seconds: 59.3914837837219 

[[1]]
            [,1]     [,2]     [,3]     [,4]
[1,] 0.006674835 -21.6654 888.7008 1137.193

[[2]]
[1] 8.304796


NOTE: Log Print Time:  2022-03-24 18:20:23 
NOTE: Elapsed Time in seconds: 57.6438946723938 

[[1]]
             [,1]      [,2]     [,3]     [,4]
[1,] -0.009903916 -21.19406 882.8428 2638.433

[[2]]
[1] 8.309395


NOTE: Log Print Time:  2022-03-24 18:21:21 
NOTE: Elapsed Time in seconds: 58.1117489337921 

[[1]]
             [,1]      [,2]     [,3]     [,4]
[1,] -0.009903916 -21.19406 882.8428 2638.433

[[2]]
[1] 8.309395


NOTE: Log Print Time:  2022-03-24 18:22:20 
NOTE: Elapsed Time in seconds: 58.7769792079926 

[[1]]
             [,1]      [,2]     [,3]     [,4]
[1,] -0.009903916 -21.19406 882.8428 2638.433

[[2]]
[1] 8.309395


NOTE: Log Print Time:  2022-03-24 18:23:18 
NOTE: Elapsed Time in seconds: 57.6989657878876 

[[1]]
             [,1]      [,2]     [,3]     [,4]
[1,] -0.009903916 -21.19406 882.8428 2638.433

[[2]]
[1] 8.309395


NOTE: Log Print Time:  2022-03-24 18:24:17 
NOTE: Elapsed Time in seconds: 58.9010736942291 

[[1]]
             [,1]      [,2]     [,3]     [,4]
[1,] -0.009903916 -21.19406 882.8428 2638.433

[[2]]
[1] 8.309395


NOTE: Log Print Time:  2022-03-24 18:25:15 
NOTE: Elapsed Time in seconds: 58.3553898334503 

[[1]]
             [,1]      [,2]     [,3]     [,4]
[1,] -0.009903916 -21.19406 882.8428 2638.433

[[2]]
[1] 8.309395


NOTE: Log Print Time:  2022-03-24 18:26:12 
NOTE: Elapsed Time in seconds: 57.2385356426239 

[[1]]
             [,1]      [,2]     [,3]     [,4]
[1,] -0.009903916 -21.19406 882.8428 2638.433

[[2]]
[1] 8.309395


NOTE: Log Print Time:  2022-03-24 18:27:09 
NOTE: Elapsed Time in seconds: 57.2258598804474 

[[1]]
           [,1]      [,2]     [,3]      [,4]
[1,] 0.01377964 -21.48642 913.1232 -1570.046

[[2]]
[1] 8.311471


NOTE: Log Print Time:  2022-03-24 18:28:09 
NOTE: Elapsed Time in seconds: 59.5316858291626 

[[1]]
           [,1]      [,2]     [,3]      [,4]
[1,] 0.01377964 -21.48642 913.1232 -1570.046

[[2]]
[1] 8.311471


NOTE: Log Print Time:  2022-03-24 18:29:08 
NOTE: Elapsed Time in seconds: 58.7787888050079 

[[1]]
           [,1]      [,2]     [,3]      [,4]
[1,] 0.01377964 -21.48642 913.1232 -1570.046

[[2]]
[1] 8.311471


NOTE: Log Print Time:  2022-03-24 18:30:05 
NOTE: Elapsed Time in seconds: 57.0570118427277 

[[1]]
           [,1]      [,2]     [,3]     [,4]
[1,] 0.01022858 -21.52794 899.6555 388.3186

[[2]]
[1] 8.313031


NOTE: Log Print Time:  2022-03-24 18:31:03 
NOTE: Elapsed Time in seconds: 57.8608675003052 

[[1]]
           [,1]      [,2]     [,3]     [,4]
[1,] 0.01022858 -21.52794 899.6555 388.3186

[[2]]
[1] 8.313031


NOTE: Log Print Time:  2022-03-24 18:32:02 
NOTE: Elapsed Time in seconds: 58.9965269565582 

[[1]]
           [,1]      [,2]     [,3]     [,4]
[1,] 0.01022858 -21.52794 899.6555 388.3186

[[2]]
[1] 8.313031


NOTE: Log Print Time:  2022-03-24 18:33:01 
NOTE: Elapsed Time in seconds: 58.8999443054199 

[[1]]
           [,1]      [,2]     [,3]     [,4]
[1,] 0.01022858 -21.52794 899.6555 388.3186

[[2]]
[1] 8.313031


NOTE: Log Print Time:  2022-03-24 18:33:59 
NOTE: Elapsed Time in seconds: 58.3907363414764 

[[1]]
           [,1]      [,2]     [,3]     [,4]
[1,] 0.01022858 -21.52794 899.6555 388.3186

[[2]]
[1] 8.313031


NOTE: Log Print Time:  2022-03-24 18:34:57 
NOTE: Elapsed Time in seconds: 58.5190958976746 

[[1]]
           [,1]      [,2]     [,3]     [,4]
[1,] 0.01022858 -21.52794 899.6555 388.3186

[[2]]
[1] 8.313031


NOTE: Log Print Time:  2022-03-24 18:36:00 
NOTE: Elapsed Time in seconds: 1.03809402783712 

[[1]]
           [,1]      [,2]     [,3]     [,4]
[1,] 0.01022858 -21.52794 899.6555 388.3186

[[2]]
[1] 8.313031


NOTE: Log Print Time:  2022-03-24 18:36:59 
NOTE: Elapsed Time in seconds: 59.0128955841064 

[[1]]
           [,1]      [,2]     [,3]     [,4]
[1,] 0.01022858 -21.52794 899.6555 388.3186

[[2]]
[1] 8.313031


NOTE: Log Print Time:  2022-03-24 18:38:02 
NOTE: Elapsed Time in seconds: 1.0587523539861 

[[1]]
           [,1]      [,2]     [,3]     [,4]
[1,] 0.01022858 -21.52794 899.6555 388.3186

[[2]]
[1] 8.313031


NOTE: Log Print Time:  2022-03-24 18:39:02 
NOTE: Elapsed Time in seconds: 1.00244498650233 

[[1]]
           [,1]      [,2]     [,3]     [,4]
[1,] 0.04106657 -23.04635 941.3741 1990.183

[[2]]
[1] 8.32116


NOTE: Log Print Time:  2022-03-24 18:40:00 
NOTE: Elapsed Time in seconds: 57.5084381103516 

[[1]]
           [,1]      [,2]     [,3]     [,4]
[1,] 0.04106657 -23.04635 941.3741 1990.183

[[2]]
[1] 8.32116


NOTE: Log Print Time:  2022-03-24 18:40:59 
NOTE: Elapsed Time in seconds: 58.9254536628723 

[[1]]
           [,1]      [,2]     [,3]     [,4]
[1,] 0.04106657 -23.04635 941.3741 1990.183

[[2]]
[1] 8.32116


NOTE: Log Print Time:  2022-03-24 18:41:57 
NOTE: Elapsed Time in seconds: 58.5967779159546 

[[1]]
           [,1]      [,2]     [,3]     [,4]
[1,] 0.04106657 -23.04635 941.3741 1990.183

[[2]]
[1] 8.32116


NOTE: Log Print Time:  2022-03-24 18:42:57 
NOTE: Elapsed Time in seconds: 59.9808599948883 

[[1]]
           [,1]      [,2]     [,3]     [,4]
[1,] 0.04106657 -23.04635 941.3741 1990.183

[[2]]
[1] 8.32116


NOTE: Log Print Time:  2022-03-24 18:44:04 
NOTE: Elapsed Time in seconds: 1.11124203602473 

[[1]]
           [,1]      [,2]     [,3]     [,4]
[1,] 0.04106657 -23.04635 941.3741 1990.183

[[2]]
[1] 8.32116


NOTE: Log Print Time:  2022-03-24 18:45:04 
NOTE: Elapsed Time in seconds: 1.00585619608561 

[[1]]
           [,1]      [,2]     [,3]     [,4]
[1,] 0.04106657 -23.04635 941.3741 1990.183

[[2]]
[1] 8.32116


NOTE: Log Print Time:  2022-03-24 18:46:09 
NOTE: Elapsed Time in seconds: 1.08073472976685 

[[1]]
           [,1]      [,2]     [,3]     [,4]
[1,] 0.04106657 -23.04635 941.3741 1990.183

[[2]]
[1] 8.32116


NOTE: Log Print Time:  2022-03-24 18:47:07 
NOTE: Elapsed Time in seconds: 57.466778755188 

[[1]]
           [,1]      [,2]     [,3]     [,4]
[1,] 0.04106657 -23.04635 941.3741 1990.183

[[2]]
[1] 8.32116


NOTE: Log Print Time:  2022-03-24 18:48:05 
NOTE: Elapsed Time in seconds: 58.0299665927887 

[[1]]
           [,1]      [,2]     [,3]     [,4]
[1,] 0.04106657 -23.04635 941.3741 1990.183

[[2]]
[1] 8.32116


NOTE: Log Print Time:  2022-03-24 18:49:02 
NOTE: Elapsed Time in seconds: 56.9629399776459 

[[1]]
           [,1]      [,2]     [,3]     [,4]
[1,] 0.04106657 -23.04635 941.3741 1990.183

[[2]]
[1] 8.32116


NOTE: Log Print Time:  2022-03-24 18:50:01 
NOTE: Elapsed Time in seconds: 59.7046821117401 

[[1]]
           [,1]      [,2]     [,3]     [,4]
[1,] 0.04106657 -23.04635 941.3741 1990.183

[[2]]
[1] 8.32116


NOTE: Log Print Time:  2022-03-24 18:51:01 
NOTE: Elapsed Time in seconds: 59.6682820320129 

[[1]]
           [,1]      [,2]     [,3]     [,4]
[1,] 0.04106657 -23.04635 941.3741 1990.183

[[2]]
[1] 8.32116


NOTE: Log Print Time:  2022-03-24 18:52:02 
NOTE: Elapsed Time in seconds: 1.00924923817317 

[[1]]
           [,1]      [,2]     [,3]     [,4]
[1,] 0.04106657 -23.04635 941.3741 1990.183

[[2]]
[1] 8.32116


NOTE: Log Print Time:  2022-03-24 18:53:03 
NOTE: Elapsed Time in seconds: 1.01407227913539 

[[1]]
           [,1]      [,2]     [,3]     [,4]
[1,] 0.04106657 -23.04635 941.3741 1990.183

[[2]]
[1] 8.32116


NOTE: Log Print Time:  2022-03-24 18:54:01 
NOTE: Elapsed Time in seconds: 58.6302461624146 

[[1]]
           [,1]      [,2]     [,3]     [,4]
[1,] 0.04106657 -23.04635 941.3741 1990.183

[[2]]
[1] 8.32116


NOTE: Log Print Time:  2022-03-24 18:55:03 
NOTE: Elapsed Time in seconds: 1.03239775498708 

[[1]]
           [,1]      [,2]     [,3]     [,4]
[1,] 0.04106657 -23.04635 941.3741 1990.183

[[2]]
[1] 8.32116


NOTE: Log Print Time:  2022-03-24 18:56:01 
NOTE: Elapsed Time in seconds: 57.6017501354218 

[[1]]
           [,1]      [,2]     [,3]     [,4]
[1,] 0.04106657 -23.04635 941.3741 1990.183

[[2]]
[1] 8.32116


NOTE: Log Print Time:  2022-03-24 18:56:58 
NOTE: Elapsed Time in seconds: 57.6409938335419 

[[1]]
           [,1]      [,2]     [,3]     [,4]
[1,] 0.04106657 -23.04635 941.3741 1990.183

[[2]]
[1] 8.32116


NOTE: Log Print Time:  2022-03-24 18:57:57 
NOTE: Elapsed Time in seconds: 58.730277299881 

[[1]]
           [,1]      [,2]     [,3]     [,4]
[1,] 0.04106657 -23.04635 941.3741 1990.183

[[2]]
[1] 8.32116


NOTE: Log Print Time:  2022-03-24 18:58:56 
NOTE: Elapsed Time in seconds: 59.4268760681152 

[[1]]
           [,1]      [,2]     [,3]     [,4]
[1,] 0.04106657 -23.04635 941.3741 1990.183

[[2]]
[1] 8.32116


NOTE: Log Print Time:  2022-03-24 18:59:55 
NOTE: Elapsed Time in seconds: 58.3670716285706 

[[1]]
           [,1]      [,2]     [,3]     [,4]
[1,] 0.04106657 -23.04635 941.3741 1990.183

[[2]]
[1] 8.32116


NOTE: Log Print Time:  2022-03-24 19:00:52 
NOTE: Elapsed Time in seconds: 57.4002931118011 

[[1]]
           [,1]      [,2]     [,3]      [,4]
[1,] 0.01764452 -22.62486 964.5286 -689.4072

[[2]]
[1] 8.326205


NOTE: Log Print Time:  2022-03-24 19:01:52 
NOTE: Elapsed Time in seconds: 59.5192849636078 

[[1]]
           [,1]      [,2]     [,3]      [,4]
[1,] 0.01764452 -22.62486 964.5286 -689.4072

[[2]]
[1] 8.326205


NOTE: Log Print Time:  2022-03-24 19:02:49 
NOTE: Elapsed Time in seconds: 57.0659239292145 

[[1]]
           [,1]      [,2]     [,3]      [,4]
[1,] 0.01764452 -22.62486 964.5286 -689.4072

[[2]]
[1] 8.326205


NOTE: Log Print Time:  2022-03-24 19:03:47 
NOTE: Elapsed Time in seconds: 58.0628945827484 

[[1]]
           [,1]      [,2]     [,3]      [,4]
[1,] 0.01764452 -22.62486 964.5286 -689.4072

[[2]]
[1] 8.326205


NOTE: Log Print Time:  2022-03-24 19:04:47 
NOTE: Elapsed Time in seconds: 59.9515635967255 

[[1]]
           [,1]      [,2]     [,3]      [,4]
[1,] 0.01764452 -22.62486 964.5286 -689.4072

[[2]]
[1] 8.326205


NOTE: Log Print Time:  2022-03-24 19:05:45 
NOTE: Elapsed Time in seconds: 57.6722955703735 

[[1]]
           [,1]      [,2]     [,3]      [,4]
[1,] 0.01764452 -22.62486 964.5286 -689.4072

[[2]]
[1] 8.326205


NOTE: Log Print Time:  2022-03-24 19:06:42 
NOTE: Elapsed Time in seconds: 57.7381076812744 

[[1]]
           [,1]      [,2]     [,3]      [,4]
[1,] 0.01764452 -22.62486 964.5286 -689.4072

[[2]]
[1] 8.326205


NOTE: Log Print Time:  2022-03-24 19:07:43 
NOTE: Elapsed Time in seconds: 1.0122672478358 

[[1]]
           [,1]      [,2]     [,3]      [,4]
[1,] 0.01764452 -22.62486 964.5286 -689.4072

[[2]]
[1] 8.326205


NOTE: Log Print Time:  2022-03-24 19:08:42 
NOTE: Elapsed Time in seconds: 59.3065104484558 

[[1]]
           [,1]      [,2]     [,3]      [,4]
[1,] 0.01764452 -22.62486 964.5286 -689.4072

[[2]]
[1] 8.326205


NOTE: Log Print Time:  2022-03-24 19:09:45 
NOTE: Elapsed Time in seconds: 1.04870014985402 

[[1]]
           [,1]      [,2]     [,3]      [,4]
[1,] 0.01764452 -22.62486 964.5286 -689.4072

[[2]]
[1] 8.326205


NOTE: Log Print Time:  2022-03-24 19:10:45 
NOTE: Elapsed Time in seconds: 59.5750007629395 

[[1]]
           [,1]      [,2]     [,3]      [,4]
[1,] 0.01764452 -22.62486 964.5286 -689.4072

[[2]]
[1] 8.326205


NOTE: Log Print Time:  2022-03-24 19:11:43 
NOTE: Elapsed Time in seconds: 58.4263274669647 

[[1]]
           [,1]      [,2]     [,3]      [,4]
[1,] 0.01764452 -22.62486 964.5286 -689.4072

[[2]]
[1] 8.326205


NOTE: Log Print Time:  2022-03-24 19:12:43 
NOTE: Elapsed Time in seconds: 59.329984664917 

[[1]]
           [,1]      [,2]     [,3]      [,4]
[1,] 0.01764452 -22.62486 964.5286 -689.4072

[[2]]
[1] 8.326205


NOTE: Log Print Time:  2022-03-24 19:13:47 
NOTE: Elapsed Time in seconds: 1.07226626078288 

[[1]]
           [,1]      [,2]     [,3]      [,4]
[1,] 0.01764452 -22.62486 964.5286 -689.4072

[[2]]
[1] 8.326205


NOTE: Log Print Time:  2022-03-24 19:14:44 
NOTE: Elapsed Time in seconds: 57.4691061973572 

[[1]]
           [,1]      [,2]     [,3]      [,4]
[1,] 0.01764452 -22.62486 964.5286 -689.4072

[[2]]
[1] 8.326205


NOTE: Log Print Time:  2022-03-24 19:15:45 
NOTE: Elapsed Time in seconds: 1.00322759946187 

[[1]]
           [,1]      [,2]     [,3]      [,4]
[1,] 0.01764452 -22.62486 964.5286 -689.4072

[[2]]
[1] 8.326205


NOTE: Log Print Time:  2022-03-24 19:16:45 
NOTE: Elapsed Time in seconds: 59.9781911373138 

[[1]]
           [,1]      [,2]     [,3]      [,4]
[1,] 0.01764452 -22.62486 964.5286 -689.4072

[[2]]
[1] 8.326205


NOTE: Log Print Time:  2022-03-24 19:17:43 
NOTE: Elapsed Time in seconds: 58.55708527565 

[[1]]
           [,1]      [,2]     [,3]      [,4]
[1,] 0.01764452 -22.62486 964.5286 -689.4072

[[2]]
[1] 8.326205


NOTE: Log Print Time:  2022-03-24 19:18:42 
NOTE: Elapsed Time in seconds: 59.1006817817688 

[[1]]
           [,1]      [,2]     [,3]      [,4]
[1,] 0.01764452 -22.62486 964.5286 -689.4072

[[2]]
[1] 8.326205


NOTE: Log Print Time:  2022-03-24 19:19:46 
NOTE: Elapsed Time in seconds: 1.05876749356588 

[[1]]
           [,1]      [,2]     [,3]      [,4]
[1,] 0.01764452 -22.62486 964.5286 -689.4072

[[2]]
[1] 8.326205


NOTE: Log Print Time:  2022-03-24 19:20:45 
NOTE: Elapsed Time in seconds: 59.185471534729 

[[1]]
           [,1]      [,2]     [,3]      [,4]
[1,] 0.01764452 -22.62486 964.5286 -689.4072

[[2]]
[1] 8.326205


NOTE: Log Print Time:  2022-03-24 19:21:42 
NOTE: Elapsed Time in seconds: 57.5256161689758 

[[1]]
           [,1]      [,2]     [,3]      [,4]
[1,] 0.01764452 -22.62486 964.5286 -689.4072

[[2]]
[1] 8.326205


NOTE: Log Print Time:  2022-03-24 19:22:42 
NOTE: Elapsed Time in seconds: 59.7593247890472 

[[1]]
           [,1]      [,2]     [,3]      [,4]
[1,] 0.01764452 -22.62486 964.5286 -689.4072

[[2]]
[1] 8.326205


NOTE: Log Print Time:  2022-03-24 19:23:42 
NOTE: Elapsed Time in seconds: 1.00266551971436 

[[1]]
           [,1]      [,2]     [,3]      [,4]
[1,] 0.01764452 -22.62486 964.5286 -689.4072

[[2]]
[1] 8.326205


NOTE: Log Print Time:  2022-03-24 19:24:39 
NOTE: Elapsed Time in seconds: 56.6981039047241 

[[1]]
           [,1]      [,2]     [,3]      [,4]
[1,] 0.01764452 -22.62486 964.5286 -689.4072

[[2]]
[1] 8.326205


NOTE: Log Print Time:  2022-03-24 19:25:37 
NOTE: Elapsed Time in seconds: 58.0727694034576 

[[1]]
           [,1]      [,2]     [,3]     [,4]
[1,] 0.03376581 -23.23025 957.4294 3802.244

[[2]]
[1] 8.331326


NOTE: Log Print Time:  2022-03-24 19:26:35 
NOTE: Elapsed Time in seconds: 58.0124650001526 

[[1]]
           [,1]      [,2]     [,3]     [,4]
[1,] 0.03376581 -23.23025 957.4294 3802.244

[[2]]
[1] 8.331326


NOTE: Log Print Time:  2022-03-24 19:27:32 
NOTE: Elapsed Time in seconds: 57.2213308811188 

[[1]]
           [,1]      [,2]     [,3]     [,4]
[1,] 0.03376581 -23.23025 957.4294 3802.244

[[2]]
[1] 8.331326


NOTE: Log Print Time:  2022-03-24 19:28:33 
NOTE: Elapsed Time in seconds: 1.00239756504695 

[[1]]
           [,1]      [,2]     [,3]     [,4]
[1,] 0.03376581 -23.23025 957.4294 3802.244

[[2]]
[1] 8.331326


NOTE: Log Print Time:  2022-03-24 19:29:31 
NOTE: Elapsed Time in seconds: 58.4207186698914 

[[1]]
           [,1]      [,2]     [,3]     [,4]
[1,] 0.03376581 -23.23025 957.4294 3802.244

[[2]]
[1] 8.331326


NOTE: Log Print Time:  2022-03-24 19:30:29 
NOTE: Elapsed Time in seconds: 58.1004285812378 

[[1]]
           [,1]      [,2]     [,3]     [,4]
[1,] 0.03376581 -23.23025 957.4294 3802.244

[[2]]
[1] 8.331326


NOTE: Log Print Time:  2022-03-24 19:31:27 
NOTE: Elapsed Time in seconds: 58.3015058040619 

[[1]]
           [,1]      [,2]     [,3]     [,4]
[1,] 0.03376581 -23.23025 957.4294 3802.244

[[2]]
[1] 8.331326


NOTE: Log Print Time:  2022-03-24 19:32:25 
NOTE: Elapsed Time in seconds: 58.1298882961273 

[[1]]
           [,1]      [,2]     [,3]     [,4]
[1,] 0.03376581 -23.23025 957.4294 3802.244

[[2]]
[1] 8.331326


NOTE: Log Print Time:  2022-03-24 19:33:23 
NOTE: Elapsed Time in seconds: 57.9768636226654 

[[1]]
           [,1]      [,2]     [,3]     [,4]
[1,] 0.03376581 -23.23025 957.4294 3802.244

[[2]]
[1] 8.331326


NOTE: Log Print Time:  2022-03-24 19:34:22 
NOTE: Elapsed Time in seconds: 58.5926234722137 

[[1]]
           [,1]      [,2]     [,3]     [,4]
[1,] 0.03376581 -23.23025 957.4294 3802.244

[[2]]
[1] 8.331326


NOTE: Log Print Time:  2022-03-24 19:35:21 
NOTE: Elapsed Time in seconds: 58.9364984035492 

[[1]]
           [,1]      [,2]     [,3]     [,4]
[1,] 0.03376581 -23.23025 957.4294 3802.244

[[2]]
[1] 8.331326


NOTE: Log Print Time:  2022-03-24 19:36:19 
NOTE: Elapsed Time in seconds: 57.8541119098663 

[[1]]
           [,1]      [,2]     [,3]     [,4]
[1,] 0.03376581 -23.23025 957.4294 3802.244

[[2]]
[1] 8.331326


NOTE: Log Print Time:  2022-03-24 19:37:25 
NOTE: Elapsed Time in seconds: 1.09573388894399 

[[1]]
           [,1]      [,2]     [,3]     [,4]
[1,] 0.03376581 -23.23025 957.4294 3802.244

[[2]]
[1] 8.331326


NOTE: Log Print Time:  2022-03-24 19:38:23 
NOTE: Elapsed Time in seconds: 58.4026124477386 

[[1]]
           [,1]      [,2]     [,3]     [,4]
[1,] 0.03376581 -23.23025 957.4294 3802.244

[[2]]
[1] 8.331326


NOTE: Log Print Time:  2022-03-24 19:39:21 
NOTE: Elapsed Time in seconds: 57.758670091629 

[[1]]
           [,1]      [,2]     [,3]     [,4]
[1,] 0.03376581 -23.23025 957.4294 3802.244

[[2]]
[1] 8.331326


NOTE: Log Print Time:  2022-03-24 19:40:18 
NOTE: Elapsed Time in seconds: 57.6818702220917 

[[1]]
           [,1]      [,2]     [,3]     [,4]
[1,] 0.03376581 -23.23025 957.4294 3802.244

[[2]]
[1] 8.331326


NOTE: Log Print Time:  2022-03-24 19:41:17 
NOTE: Elapsed Time in seconds: 58.3739914894104 

[[1]]
           [,1]      [,2]     [,3]     [,4]
[1,] 0.03376581 -23.23025 957.4294 3802.244

[[2]]
[1] 8.331326


NOTE: Log Print Time:  2022-03-24 19:42:16 
NOTE: Elapsed Time in seconds: 58.8219468593597 

[[1]]
           [,1]      [,2]     [,3]     [,4]
[1,] 0.03376581 -23.23025 957.4294 3802.244

[[2]]
[1] 8.331326


NOTE: Log Print Time:  2022-03-24 19:43:16 
NOTE: Elapsed Time in seconds: 1.00918385187785 

[[1]]
           [,1]      [,2]     [,3]     [,4]
[1,] 0.03376581 -23.23025 957.4294 3802.244

[[2]]
[1] 8.331326


NOTE: Log Print Time:  2022-03-24 19:44:21 
NOTE: Elapsed Time in seconds: 1.07389237880707 

[[1]]
           [,1]      [,2]     [,3]     [,4]
[1,] 0.03376581 -23.23025 957.4294 3802.244

[[2]]
[1] 8.331326


NOTE: Log Print Time:  2022-03-24 19:45:19 
NOTE: Elapsed Time in seconds: 58.5659792423248 

[[1]]
           [,1]      [,2]     [,3]     [,4]
[1,] 0.03376581 -23.23025 957.4294 3802.244

[[2]]
[1] 8.331326


NOTE: Log Print Time:  2022-03-24 19:46:18 
NOTE: Elapsed Time in seconds: 59.1142363548279 

[[1]]
           [,1]      [,2]     [,3]     [,4]
[1,] 0.03376581 -23.23025 957.4294 3802.244

[[2]]
[1] 8.331326


NOTE: Log Print Time:  2022-03-24 19:47:22 
NOTE: Elapsed Time in seconds: 1.06512022018433 

[[1]]
           [,1]      [,2]     [,3]     [,4]
[1,] 0.03376581 -23.23025 957.4294 3802.244

[[2]]
[1] 8.331326


NOTE: Log Print Time:  2022-03-24 19:48:22 
NOTE: Elapsed Time in seconds: 59.647087097168 

[[1]]
           [,1]      [,2]     [,3]     [,4]
[1,] 0.03376581 -23.23025 957.4294 3802.244

[[2]]
[1] 8.331326


NOTE: Log Print Time:  2022-03-24 19:49:18 
NOTE: Elapsed Time in seconds: 56.3280291557312 

[[1]]
           [,1]      [,2]     [,3]     [,4]
[1,] 0.03376581 -23.23025 957.4294 3802.244

[[2]]
[1] 8.331326


NOTE: Log Print Time:  2022-03-24 19:50:21 
NOTE: Elapsed Time in seconds: 1.05286455551783 

[[1]]
           [,1]      [,2]     [,3]     [,4]
[1,] 0.03376581 -23.23025 957.4294 3802.244

[[2]]
[1] 8.331326


NOTE: Log Print Time:  2022-03-24 19:51:20 
NOTE: Elapsed Time in seconds: 58.4736595153809 

[[1]]
           [,1]      [,2]     [,3]     [,4]
[1,] 0.03376581 -23.23025 957.4294 3802.244

[[2]]
[1] 8.331326


NOTE: Log Print Time:  2022-03-24 19:52:18 
NOTE: Elapsed Time in seconds: 58.5311813354492 

[[1]]
           [,1]      [,2]     [,3]     [,4]
[1,] 0.03376581 -23.23025 957.4294 3802.244

[[2]]
[1] 8.331326


NOTE: Log Print Time:  2022-03-24 19:53:17 
NOTE: Elapsed Time in seconds: 58.2203023433685 

[[1]]
           [,1]      [,2]     [,3]     [,4]
[1,] 0.03376581 -23.23025 957.4294 3802.244

[[2]]
[1] 8.331326


NOTE: Log Print Time:  2022-03-24 19:54:14 
NOTE: Elapsed Time in seconds: 57.6452503204346 

[[1]]
           [,1]      [,2]     [,3]     [,4]
[1,] 0.03376581 -23.23025 957.4294 3802.244

[[2]]
[1] 8.331326


NOTE: Log Print Time:  2022-03-24 19:55:14 
NOTE: Elapsed Time in seconds: 59.4506618976593 

[[1]]
           [,1]      [,2]     [,3]     [,4]
[1,] 0.03376581 -23.23025 957.4294 3802.244

[[2]]
[1] 8.331326


NOTE: Log Print Time:  2022-03-24 19:56:10 
NOTE: Elapsed Time in seconds: 56.687801361084 

[[1]]
           [,1]      [,2]     [,3]     [,4]
[1,] 0.03376581 -23.23025 957.4294 3802.244

[[2]]
[1] 8.331326


NOTE: Log Print Time:  2022-03-24 19:57:08 
NOTE: Elapsed Time in seconds: 57.7442843914032 

[[1]]
           [,1]      [,2]     [,3]     [,4]
[1,] 0.03376581 -23.23025 957.4294 3802.244

[[2]]
[1] 8.331326


NOTE: Log Print Time:  2022-03-24 19:58:08 
NOTE: Elapsed Time in seconds: 59.5863909721375 

[[1]]
           [,1]      [,2]     [,3]     [,4]
[1,] 0.03376581 -23.23025 957.4294 3802.244

[[2]]
[1] 8.331326


NOTE: Log Print Time:  2022-03-24 19:59:06 
NOTE: Elapsed Time in seconds: 58.1701273918152 

[[1]]
           [,1]      [,2]     [,3]     [,4]
[1,] 0.03376581 -23.23025 957.4294 3802.244

[[2]]
[1] 8.331326


NOTE: Log Print Time:  2022-03-24 20:00:03 
NOTE: Elapsed Time in seconds: 57.3551807403564 

[[1]]
           [,1]      [,2]     [,3]     [,4]
[1,] 0.03376581 -23.23025 957.4294 3802.244

[[2]]
[1] 8.331326


NOTE: Log Print Time:  2022-03-24 20:01:02 
NOTE: Elapsed Time in seconds: 58.6206047534943 

[[1]]
           [,1]      [,2]     [,3]     [,4]
[1,] 0.03376581 -23.23025 957.4294 3802.244

[[2]]
[1] 8.331326


NOTE: Log Print Time:  2022-03-24 20:01:59 
NOTE: Elapsed Time in seconds: 57.2851750850677 

[[1]]
           [,1]      [,2]     [,3]     [,4]
[1,] 0.03376581 -23.23025 957.4294 3802.244

[[2]]
[1] 8.331326


NOTE: Log Print Time:  2022-03-24 20:02:56 
NOTE: Elapsed Time in seconds: 56.8496420383453 

[[1]]
           [,1]      [,2]     [,3]     [,4]
[1,] 0.03376581 -23.23025 957.4294 3802.244

[[2]]
[1] 8.331326


NOTE: Log Print Time:  2022-03-24 20:03:55 
NOTE: Elapsed Time in seconds: 59.0094485282898 

[[1]]
           [,1]      [,2]     [,3]     [,4]
[1,] 0.03376581 -23.23025 957.4294 3802.244

[[2]]
[1] 8.331326


NOTE: Log Print Time:  2022-03-24 20:04:53 
NOTE: Elapsed Time in seconds: 58.1460931301117 

[[1]]
           [,1]      [,2]     [,3]     [,4]
[1,] 0.03484082 -23.21363 951.5752 4947.078

[[2]]
[1] 8.331422


NOTE: Log Print Time:  2022-03-24 20:05:51 
NOTE: Elapsed Time in seconds: 58.1229681968689 

[[1]]
           [,1]      [,2]     [,3]     [,4]
[1,] 0.03484082 -23.21363 951.5752 4947.078

[[2]]
[1] 8.331422


NOTE: Log Print Time:  2022-03-24 20:06:50 
NOTE: Elapsed Time in seconds: 58.7658128738403 

[[1]]
           [,1]      [,2]     [,3]     [,4]
[1,] 0.03484082 -23.21363 951.5752 4947.078

[[2]]
[1] 8.331422


NOTE: Log Print Time:  2022-03-24 20:07:47 
NOTE: Elapsed Time in seconds: 56.6058032512665 

[[1]]
           [,1]      [,2]     [,3]     [,4]
[1,] 0.03484082 -23.21363 951.5752 4947.078

[[2]]
[1] 8.331422


NOTE: Log Print Time:  2022-03-24 20:08:45 
NOTE: Elapsed Time in seconds: 57.9502530097961 

[[1]]
           [,1]      [,2]     [,3]     [,4]
[1,] 0.03484082 -23.21363 951.5752 4947.078

[[2]]
[1] 8.331422


NOTE: Log Print Time:  2022-03-24 20:09:44 
NOTE: Elapsed Time in seconds: 59.422340631485 

[[1]]
           [,1]      [,2]     [,3]     [,4]
[1,] 0.03484082 -23.21363 951.5752 4947.078

[[2]]
[1] 8.331422


NOTE: Log Print Time:  2022-03-24 20:10:43 
NOTE: Elapsed Time in seconds: 59.5203466415405 

[[1]]
           [,1]      [,2]     [,3]     [,4]
[1,] 0.03484082 -23.21363 951.5752 4947.078

[[2]]
[1] 8.331422


NOTE: Log Print Time:  2022-03-24 20:11:40 
NOTE: Elapsed Time in seconds: 56.4610266685486 

[[1]]
           [,1]      [,2]     [,3]     [,4]
[1,] 0.03325793 -23.18293 956.1925 4335.423

[[2]]
[1] 8.331455


NOTE: Log Print Time:  2022-03-24 20:12:37 
NOTE: Elapsed Time in seconds: 57.5467336177826 

[[1]]
           [,1]      [,2]     [,3]    [,4]
[1,] 0.01956568 -23.35332 988.8691 1392.13

[[2]]
[1] 8.334016


NOTE: Log Print Time:  2022-03-24 20:13:36 
NOTE: Elapsed Time in seconds: 58.6994013786316 

[[1]]
           [,1]      [,2]     [,3]    [,4]
[1,] 0.01956568 -23.35332 988.8691 1392.13

[[2]]
[1] 8.334016


NOTE: Log Print Time:  2022-03-24 20:14:35 
NOTE: Elapsed Time in seconds: 59.1225488185883 

[[1]]
           [,1]      [,2]     [,3]    [,4]
[1,] 0.01956568 -23.35332 988.8691 1392.13

[[2]]
[1] 8.334016


NOTE: Log Print Time:  2022-03-24 20:15:32 
NOTE: Elapsed Time in seconds: 56.5473973751068 

[[1]]
           [,1]      [,2]     [,3]    [,4]
[1,] 0.01956568 -23.35332 988.8691 1392.13

[[2]]
[1] 8.334016


NOTE: Log Print Time:  2022-03-24 20:16:35 
NOTE: Elapsed Time in seconds: 1.05943905909856 

[[1]]
           [,1]      [,2]     [,3]    [,4]
[1,] 0.01956568 -23.35332 988.8691 1392.13

[[2]]
[1] 8.334016


NOTE: Log Print Time:  2022-03-24 20:17:34 
NOTE: Elapsed Time in seconds: 58.4547581672668 

[[1]]
           [,1]      [,2]     [,3]    [,4]
[1,] 0.01956568 -23.35332 988.8691 1392.13

[[2]]
[1] 8.334016


NOTE: Log Print Time:  2022-03-24 20:18:34 
NOTE: Elapsed Time in seconds: 59.9075496196747 

[[1]]
           [,1]      [,2]     [,3]    [,4]
[1,] 0.01956568 -23.35332 988.8691 1392.13

[[2]]
[1] 8.334016


NOTE: Log Print Time:  2022-03-24 20:19:32 
NOTE: Elapsed Time in seconds: 58.6994893550873 

[[1]]
           [,1]      [,2]     [,3]    [,4]
[1,] 0.01956568 -23.35332 988.8691 1392.13

[[2]]
[1] 8.334016


NOTE: Log Print Time:  2022-03-24 20:20:31 
NOTE: Elapsed Time in seconds: 58.2311589717865 

[[1]]
           [,1]      [,2]     [,3]    [,4]
[1,] 0.01956568 -23.35332 988.8691 1392.13

[[2]]
[1] 8.334016


NOTE: Log Print Time:  2022-03-24 20:21:31 
NOTE: Elapsed Time in seconds: 59.8321940898895 

[[1]]
           [,1]      [,2]     [,3]    [,4]
[1,] 0.01956568 -23.35332 988.8691 1392.13

[[2]]
[1] 8.334016


NOTE: Log Print Time:  2022-03-24 20:22:29 
NOTE: Elapsed Time in seconds: 58.5708603858948 

[[1]]
           [,1]      [,2]     [,3]    [,4]
[1,] 0.01956568 -23.35332 988.8691 1392.13

[[2]]
[1] 8.334016


NOTE: Log Print Time:  2022-03-24 20:23:29 
NOTE: Elapsed Time in seconds: 59.7820286750793 

[[1]]
           [,1]      [,2]     [,3]    [,4]
[1,] 0.01956568 -23.35332 988.8691 1392.13

[[2]]
[1] 8.334016


NOTE: Log Print Time:  2022-03-24 20:24:28 
NOTE: Elapsed Time in seconds: 58.9146223068237 

[[1]]
           [,1]      [,2]     [,3]    [,4]
[1,] 0.01956568 -23.35332 988.8691 1392.13

[[2]]
[1] 8.334016


NOTE: Log Print Time:  2022-03-24 20:25:27 
NOTE: Elapsed Time in seconds: 58.9183158874512 

[[1]]
           [,1]      [,2]     [,3]    [,4]
[1,] 0.01956568 -23.35332 988.8691 1392.13

[[2]]
[1] 8.334016


NOTE: Log Print Time:  2022-03-24 20:26:26 
NOTE: Elapsed Time in seconds: 59.5907144546509 

[[1]]
           [,1]      [,2]     [,3]    [,4]
[1,] 0.01956568 -23.35332 988.8691 1392.13

[[2]]
[1] 8.334016


NOTE: Log Print Time:  2022-03-24 20:27:26 
NOTE: Elapsed Time in seconds: 59.8742001056671 

[[1]]
           [,1]      [,2]     [,3]    [,4]
[1,] 0.01956568 -23.35332 988.8691 1392.13

[[2]]
[1] 8.334016


NOTE: Log Print Time:  2022-03-24 20:28:25 
NOTE: Elapsed Time in seconds: 58.3683609962463 

[[1]]
           [,1]      [,2]     [,3]    [,4]
[1,] 0.01956568 -23.35332 988.8691 1392.13

[[2]]
[1] 8.334016


NOTE: Log Print Time:  2022-03-24 20:29:24 
NOTE: Elapsed Time in seconds: 59.463743686676 

[[1]]
           [,1]      [,2]     [,3]    [,4]
[1,] 0.01956568 -23.35332 988.8691 1392.13

[[2]]
[1] 8.334016


NOTE: Log Print Time:  2022-03-24 20:30:25 
NOTE: Elapsed Time in seconds: 1.0158474167188 

[[1]]
           [,1]      [,2]     [,3]    [,4]
[1,] 0.01956568 -23.35332 988.8691 1392.13

[[2]]
[1] 8.334016


NOTE: Log Print Time:  2022-03-24 20:31:23 
NOTE: Elapsed Time in seconds: 58.010641336441 

[[1]]
           [,1]      [,2]     [,3]    [,4]
[1,] 0.01956568 -23.35332 988.8691 1392.13

[[2]]
[1] 8.334016


NOTE: Log Print Time:  2022-03-24 20:32:22 
NOTE: Elapsed Time in seconds: 58.9272255897522 

[[1]]
           [,1]      [,2]     [,3]    [,4]
[1,] 0.01956568 -23.35332 988.8691 1392.13

[[2]]
[1] 8.334016


NOTE: Log Print Time:  2022-03-24 20:33:26 
NOTE: Elapsed Time in seconds: 1.06569019556046 

[[1]]
           [,1]      [,2]     [,3]    [,4]
[1,] 0.01956568 -23.35332 988.8691 1392.13

[[2]]
[1] 8.334016


NOTE: Log Print Time:  2022-03-24 20:34:25 
NOTE: Elapsed Time in seconds: 59.5739030838013 

[[1]]
           [,1]      [,2]     [,3]    [,4]
[1,] 0.01956568 -23.35332 988.8691 1392.13

[[2]]
[1] 8.334016


NOTE: Log Print Time:  2022-03-24 20:35:25 
NOTE: Elapsed Time in seconds: 59.1537675857544 

[[1]]
           [,1]      [,2]     [,3]    [,4]
[1,] 0.01956568 -23.35332 988.8691 1392.13

[[2]]
[1] 8.334016


NOTE: Log Print Time:  2022-03-24 20:36:23 
NOTE: Elapsed Time in seconds: 58.1194295883179 

[[1]]
           [,1]      [,2]     [,3]    [,4]
[1,] 0.01956568 -23.35332 988.8691 1392.13

[[2]]
[1] 8.334016


NOTE: Log Print Time:  2022-03-24 20:37:21 
NOTE: Elapsed Time in seconds: 58.6959841251373 

[[1]]
           [,1]      [,2]     [,3]    [,4]
[1,] 0.01956568 -23.35332 988.8691 1392.13

[[2]]
[1] 8.334016


NOTE: Log Print Time:  2022-03-24 20:38:18 
NOTE: Elapsed Time in seconds: 56.9075534343719 

[[1]]
           [,1]      [,2]     [,3]    [,4]
[1,] 0.01956568 -23.35332 988.8691 1392.13

[[2]]
[1] 8.334016


NOTE: Log Print Time:  2022-03-24 20:39:17 
NOTE: Elapsed Time in seconds: 58.2241749763489 

[[1]]
           [,1]      [,2]     [,3]    [,4]
[1,] 0.01956568 -23.35332 988.8691 1392.13

[[2]]
[1] 8.334016


NOTE: Log Print Time:  2022-03-24 20:40:14 
NOTE: Elapsed Time in seconds: 57.5312225818634 

[[1]]
           [,1]      [,2]     [,3]    [,4]
[1,] 0.01956568 -23.35332 988.8691 1392.13

[[2]]
[1] 8.334016


NOTE: Log Print Time:  2022-03-24 20:41:13 
NOTE: Elapsed Time in seconds: 58.7389793395996 

[[1]]
           [,1]      [,2]     [,3]    [,4]
[1,] 0.01956568 -23.35332 988.8691 1392.13

[[2]]
[1] 8.334016


NOTE: Log Print Time:  2022-03-24 20:42:12 
NOTE: Elapsed Time in seconds: 58.9997797012329 

[[1]]
           [,1]      [,2]     [,3]    [,4]
[1,] 0.01956568 -23.35332 988.8691 1392.13

[[2]]
[1] 8.334016


NOTE: Log Print Time:  2022-03-24 20:43:10 
NOTE: Elapsed Time in seconds: 58.4483618736267 

[[1]]
           [,1]      [,2]     [,3]    [,4]
[1,] 0.01956568 -23.35332 988.8691 1392.13

[[2]]
[1] 8.334016


NOTE: Log Print Time:  2022-03-24 20:44:09 
NOTE: Elapsed Time in seconds: 58.4739112854004 

[[1]]
           [,1]      [,2]     [,3]    [,4]
[1,] 0.01956568 -23.35332 988.8691 1392.13

[[2]]
[1] 8.334016


NOTE: Log Print Time:  2022-03-24 20:45:08 
NOTE: Elapsed Time in seconds: 58.8122901916504 

[[1]]
           [,1]      [,2]     [,3]    [,4]
[1,] 0.01956568 -23.35332 988.8691 1392.13

[[2]]
[1] 8.334016


NOTE: Log Print Time:  2022-03-24 20:46:07 
NOTE: Elapsed Time in seconds: 59.8331074714661 

[[1]]
           [,1]      [,2]     [,3]    [,4]
[1,] 0.01956568 -23.35332 988.8691 1392.13

[[2]]
[1] 8.334016


NOTE: Log Print Time:  2022-03-24 20:47:06 
NOTE: Elapsed Time in seconds: 58.4262619018555 

[[1]]
           [,1]      [,2]     [,3]    [,4]
[1,] 0.01956568 -23.35332 988.8691 1392.13

[[2]]
[1] 8.334016


NOTE: Log Print Time:  2022-03-24 20:48:05 
NOTE: Elapsed Time in seconds: 58.9669103622437 

[[1]]
           [,1]      [,2]     [,3]    [,4]
[1,] 0.01956568 -23.35332 988.8691 1392.13

[[2]]
[1] 8.334016


NOTE: Log Print Time:  2022-03-24 20:49:03 
NOTE: Elapsed Time in seconds: 58.6363105773926 

[[1]]
           [,1]      [,2]     [,3]    [,4]
[1,] 0.01956568 -23.35332 988.8691 1392.13

[[2]]
[1] 8.334016


NOTE: Log Print Time:  2022-03-24 20:50:07 
NOTE: Elapsed Time in seconds: 1.06232005357742 

[[1]]
           [,1]      [,2]     [,3]    [,4]
[1,] 0.01956568 -23.35332 988.8691 1392.13

[[2]]
[1] 8.334016


NOTE: Log Print Time:  2022-03-24 20:51:07 
NOTE: Elapsed Time in seconds: 1.00474379857381 

[[1]]
           [,1]      [,2]     [,3]    [,4]
[1,] 0.01956568 -23.35332 988.8691 1392.13

[[2]]
[1] 8.334016


NOTE: Log Print Time:  2022-03-24 20:52:03 
NOTE: Elapsed Time in seconds: 55.9737141132355 

[[1]]
           [,1]      [,2]     [,3]    [,4]
[1,] 0.01956568 -23.35332 988.8691 1392.13

[[2]]
[1] 8.334016


NOTE: Log Print Time:  2022-03-24 20:53:01 
NOTE: Elapsed Time in seconds: 57.4159016609192 

[[1]]
           [,1]      [,2]     [,3]    [,4]
[1,] 0.01956568 -23.35332 988.8691 1392.13

[[2]]
[1] 8.334016


NOTE: Log Print Time:  2022-03-24 20:53:58 
NOTE: Elapsed Time in seconds: 57.6507601737976 

[[1]]
           [,1]      [,2]     [,3]    [,4]
[1,] 0.01956568 -23.35332 988.8691 1392.13

[[2]]
[1] 8.334016


NOTE: Log Print Time:  2022-03-24 20:54:57 
NOTE: Elapsed Time in seconds: 58.5752463340759 

[[1]]
           [,1]      [,2]     [,3]    [,4]
[1,] 0.01956568 -23.35332 988.8691 1392.13

[[2]]
[1] 8.334016


NOTE: Log Print Time:  2022-03-24 20:55:58 
NOTE: Elapsed Time in seconds: 1.00825409094493 

[[1]]
           [,1]      [,2]     [,3]    [,4]
[1,] 0.01956568 -23.35332 988.8691 1392.13

[[2]]
[1] 8.334016


NOTE: Log Print Time:  2022-03-24 20:56:55 
NOTE: Elapsed Time in seconds: 57.4718062877655 

[[1]]
           [,1]      [,2]     [,3]    [,4]
[1,] 0.01956568 -23.35332 988.8691 1392.13

[[2]]
[1] 8.334016


NOTE: Log Print Time:  2022-03-24 20:57:59 
NOTE: Elapsed Time in seconds: 1.06996924479802 

[[1]]
           [,1]      [,2]     [,3]    [,4]
[1,] 0.01956568 -23.35332 988.8691 1392.13

[[2]]
[1] 8.334016


NOTE: Log Print Time:  2022-03-24 20:58:57 
NOTE: Elapsed Time in seconds: 57.8963575363159 

[[1]]
           [,1]      [,2]     [,3]     [,4]
[1,] 0.01956568 -23.35332 988.8691 2910.202

[[2]]
[1] 8.338563


NOTE: Log Print Time:  2022-03-24 20:59:55 
NOTE: Elapsed Time in seconds: 57.6807396411896 

[[1]]
           [,1]      [,2]     [,3]     [,4]
[1,] 0.01956568 -23.35332 988.8691 2910.202

[[2]]
[1] 8.338563


NOTE: Log Print Time:  2022-03-24 21:00:55 
NOTE: Elapsed Time in seconds: 1.00089874664942 

[[1]]
           [,1]      [,2]     [,3]     [,4]
[1,] 0.01956568 -23.35332 988.8691 2910.202

[[2]]
[1] 8.338563


NOTE: Log Print Time:  2022-03-24 21:01:53 
NOTE: Elapsed Time in seconds: 58.6131942272186 

[[1]]
           [,1]      [,2]     [,3]     [,4]
[1,] 0.01956568 -23.35332 988.8691 2910.202

[[2]]
[1] 8.338563


NOTE: Log Print Time:  2022-03-24 21:02:51 
NOTE: Elapsed Time in seconds: 57.6565587520599 

[[1]]
           [,1]      [,2]     [,3]     [,4]
[1,] 0.01956568 -23.35332 988.8691 2910.202

[[2]]
[1] 8.338563


NOTE: Log Print Time:  2022-03-24 21:03:56 
NOTE: Elapsed Time in seconds: 1.07478382190069 

[[1]]
           [,1]      [,2]     [,3]     [,4]
[1,] 0.01956568 -23.35332 988.8691 2910.202

[[2]]
[1] 8.338563


NOTE: Log Print Time:  2022-03-24 21:04:54 
NOTE: Elapsed Time in seconds: 57.9878444671631 

[[1]]
           [,1]      [,2]     [,3]     [,4]
[1,] 0.01956568 -23.35332 988.8691 2910.202

[[2]]
[1] 8.338563


NOTE: Log Print Time:  2022-03-24 21:05:52 
NOTE: Elapsed Time in seconds: 58.318413734436 

[[1]]
           [,1]      [,2]     [,3]     [,4]
[1,] 0.01956568 -23.35332 988.8691 2910.202

[[2]]
[1] 8.338563


NOTE: Log Print Time:  2022-03-24 21:06:49 
NOTE: Elapsed Time in seconds: 57.0678775310516 

[[1]]
           [,1]      [,2]     [,3]     [,4]
[1,] 0.01956568 -23.35332 988.8691 2910.202

[[2]]
[1] 8.338563


NOTE: Log Print Time:  2022-03-24 21:07:49 
NOTE: Elapsed Time in seconds: 59.9700374603271 

[[1]]
           [,1]      [,2]     [,3]     [,4]
[1,] 0.01956568 -23.35332 988.8691 2910.202

[[2]]
[1] 8.338563


NOTE: Log Print Time:  2022-03-24 21:08:47 
NOTE: Elapsed Time in seconds: 58.0731778144836 

[[1]]
           [,1]      [,2]     [,3]     [,4]
[1,] 0.01956568 -23.35332 988.8691 2910.202

[[2]]
[1] 8.338563


NOTE: Log Print Time:  2022-03-24 21:09:46 
NOTE: Elapsed Time in seconds: 59.4716236591339 

[[1]]
           [,1]      [,2]     [,3]     [,4]
[1,] 0.01956568 -23.35332 988.8691 2910.202

[[2]]
[1] 8.338563


NOTE: Log Print Time:  2022-03-24 21:10:44 
NOTE: Elapsed Time in seconds: 57.5771615505219 

[[1]]
           [,1]      [,2]     [,3]     [,4]
[1,] 0.01956568 -23.35332 988.8691 2910.202

[[2]]
[1] 8.338563


NOTE: Log Print Time:  2022-03-24 21:11:42 
NOTE: Elapsed Time in seconds: 57.5500683784485 

[[1]]
           [,1]      [,2]     [,3]     [,4]
[1,] 0.01956568 -23.35332 988.8691 2910.202

[[2]]
[1] 8.338563


NOTE: Log Print Time:  2022-03-24 21:12:42 
NOTE: Elapsed Time in seconds: 1.00169297456741 

[[1]]
           [,1]      [,2]     [,3]     [,4]
[1,] 0.01956568 -23.35332 988.8691 2910.202

[[2]]
[1] 8.338563


NOTE: Log Print Time:  2022-03-24 21:13:46 
NOTE: Elapsed Time in seconds: 1.07478715578715 

[[1]]
           [,1]      [,2]     [,3]     [,4]
[1,] 0.01956568 -23.35332 988.8691 2910.202

[[2]]
[1] 8.338563


NOTE: Log Print Time:  2022-03-24 21:14:45 
NOTE: Elapsed Time in seconds: 58.9270179271698 

[[1]]
           [,1]      [,2]     [,3]     [,4]
[1,] 0.01956568 -23.35332 988.8691 2910.202

[[2]]
[1] 8.338563


NOTE: Log Print Time:  2022-03-24 21:15:44 
NOTE: Elapsed Time in seconds: 58.4535930156708 

[[1]]
           [,1]      [,2]     [,3]     [,4]
[1,] 0.01956568 -23.35332 988.8691 2910.202

[[2]]
[1] 8.338563


NOTE: Log Print Time:  2022-03-24 21:16:40 
NOTE: Elapsed Time in seconds: 56.3497304916382 

[[1]]
           [,1]      [,2]     [,3]     [,4]
[1,] 0.01956568 -23.35332 988.8691 2910.202

[[2]]
[1] 8.338563


NOTE: Log Print Time:  2022-03-24 21:17:39 
NOTE: Elapsed Time in seconds: 58.8417086601257 

[[1]]
           [,1]      [,2]     [,3]     [,4]
[1,] 0.01956568 -23.35332 988.8691 2910.202

[[2]]
[1] 8.338563


NOTE: Log Print Time:  2022-03-24 21:18:34 
NOTE: Elapsed Time in seconds: 55.7053382396698 

[[1]]
           [,1]      [,2]     [,3]     [,4]
[1,] 0.01956568 -23.35332 988.8691 2910.202

[[2]]
[1] 8.338563


NOTE: Log Print Time:  2022-03-24 21:19:31 
NOTE: Elapsed Time in seconds: 56.9323542118073 

[[1]]
           [,1]      [,2]     [,3]     [,4]
[1,] 0.01956568 -23.35332 988.8691 2910.202

[[2]]
[1] 8.338563


NOTE: Log Print Time:  2022-03-24 21:20:30 
NOTE: Elapsed Time in seconds: 58.7183847427368 

[[1]]
           [,1]      [,2]     [,3]     [,4]
[1,] 0.01956568 -23.35332 988.8691 2910.202

[[2]]
[1] 8.338563


NOTE: Log Print Time:  2022-03-24 21:21:29 
NOTE: Elapsed Time in seconds: 58.8085961341858 

[[1]]
           [,1]      [,2]     [,3]     [,4]
[1,] 0.01956568 -23.35332 988.8691 2910.202

[[2]]
[1] 8.338563


NOTE: Log Print Time:  2022-03-24 21:22:26 
NOTE: Elapsed Time in seconds: 57.4832680225372 

[[1]]
           [,1]      [,2]     [,3]     [,4]
[1,] 0.01956568 -23.35332 988.8691 2910.202

[[2]]
[1] 8.338563


NOTE: Log Print Time:  2022-03-24 21:23:22 
NOTE: Elapsed Time in seconds: 55.6317641735077 

[[1]]
           [,1]      [,2]     [,3]     [,4]
[1,] 0.01956568 -23.35332 988.8691 2910.202

[[2]]
[1] 8.338563


NOTE: Log Print Time:  2022-03-24 21:24:20 
NOTE: Elapsed Time in seconds: 58.3695111274719 

[[1]]
           [,1]      [,2]     [,3]     [,4]
[1,] 0.01956568 -23.35332 988.8691 2910.202

[[2]]
[1] 8.338563


NOTE: Log Print Time:  2022-03-24 21:25:17 
NOTE: Elapsed Time in seconds: 56.1326704025269 

[[1]]
           [,1]      [,2]     [,3]     [,4]
[1,] 0.02113909 -23.32097 985.6377 4356.483

[[2]]
[1] 8.339172


NOTE: Log Print Time:  2022-03-24 21:26:16 
NOTE: Elapsed Time in seconds: 59.104564666748 

[[1]]
           [,1]      [,2]     [,3]     [,4]
[1,] 0.02113909 -23.32097 985.6377 4356.483

[[2]]
[1] 8.339172


NOTE: Log Print Time:  2022-03-24 21:27:15 
NOTE: Elapsed Time in seconds: 59.371591091156 

[[1]]
           [,1]      [,2]     [,3]     [,4]
[1,] 0.02113909 -23.32097 985.6377 4356.483

[[2]]
[1] 8.339172


NOTE: Log Print Time:  2022-03-24 21:28:13 
NOTE: Elapsed Time in seconds: 58.2538573741913 

[[1]]
           [,1]      [,2]     [,3]     [,4]
[1,] 0.02113909 -23.32097 985.6377 4356.483

[[2]]
[1] 8.339172


NOTE: Log Print Time:  2022-03-24 21:29:13 
NOTE: Elapsed Time in seconds: 59.2672667503357 

[[1]]
           [,1]      [,2]     [,3]     [,4]
[1,] 0.01956568 -23.35332 988.8691 4039.881

[[2]]
[1] 8.340225


NOTE: Log Print Time:  2022-03-24 21:30:13 
NOTE: Elapsed Time in seconds: 1.00726789236069 

[[1]]
           [,1]      [,2]     [,3]     [,4]
[1,] 0.01956568 -23.35332 988.8691 4039.881

[[2]]
[1] 8.340225


NOTE: Log Print Time:  2022-03-24 21:31:10 
NOTE: Elapsed Time in seconds: 57.1586363315582 

[[1]]
           [,1]      [,2]     [,3]     [,4]
[1,] 0.01956568 -23.35332 988.8691 4039.881

[[2]]
[1] 8.340225


NOTE: Log Print Time:  2022-03-24 21:32:08 
NOTE: Elapsed Time in seconds: 57.6176130771637 

[[1]]
           [,1]      [,2]     [,3]     [,4]
[1,] 0.01956568 -23.35332 988.8691 4039.881

[[2]]
[1] 8.340225


NOTE: Log Print Time:  2022-03-24 21:33:06 
NOTE: Elapsed Time in seconds: 58.1812765598297 

[[1]]
           [,1]      [,2]     [,3]     [,4]
[1,] 0.01956568 -23.35332 988.8691 4039.881

[[2]]
[1] 8.340225


NOTE: Log Print Time:  2022-03-24 21:34:04 
NOTE: Elapsed Time in seconds: 57.6323454380035 

[[1]]
           [,1]      [,2]     [,3]     [,4]
[1,] 0.01956568 -23.35332 988.8691 4039.881

[[2]]
[1] 8.340225


NOTE: Log Print Time:  2022-03-24 21:35:03 
NOTE: Elapsed Time in seconds: 59.8509488105774 

[[1]]
           [,1]      [,2]     [,3]     [,4]
[1,] 0.01956568 -23.35332 988.8691 4039.881

[[2]]
[1] 8.340225


NOTE: Log Print Time:  2022-03-24 21:36:00 
NOTE: Elapsed Time in seconds: 57.0493505001068 

[[1]]
           [,1]      [,2]     [,3]     [,4]
[1,] 0.01956568 -23.35332 988.8691 4039.881

[[2]]
[1] 8.340225


NOTE: Log Print Time:  2022-03-24 21:36:55 
NOTE: Elapsed Time in seconds: 54.6420640945435 

[[1]]
           [,1]      [,2]     [,3]     [,4]
[1,] 0.01956568 -23.35332 988.8691 4039.881

[[2]]
[1] 8.340225


NOTE: Log Print Time:  2022-03-24 21:38:00 
NOTE: Elapsed Time in seconds: 1.07485053141912 

[[1]]
           [,1]      [,2]     [,3]     [,4]
[1,] 0.01956568 -23.35332 988.8691 4039.881

[[2]]
[1] 8.340225


NOTE: Log Print Time:  2022-03-24 21:38:57 
NOTE: Elapsed Time in seconds: 57.3185737133026 

[[1]]
           [,1]      [,2]     [,3]     [,4]
[1,] 0.01956568 -23.35332 988.8691 4039.881

[[2]]
[1] 8.340225


NOTE: Log Print Time:  2022-03-24 21:39:54 
NOTE: Elapsed Time in seconds: 56.7063570022583 

[[1]]
           [,1]      [,2]     [,3]     [,4]
[1,] 0.01956568 -23.35332 988.8691 4039.881

[[2]]
[1] 8.340225


NOTE: Log Print Time:  2022-03-24 21:40:52 
NOTE: Elapsed Time in seconds: 58.2283909320831 

[[1]]
           [,1]      [,2]     [,3]     [,4]
[1,] 0.01956568 -23.35332 988.8691 4039.881

[[2]]
[1] 8.340225


NOTE: Log Print Time:  2022-03-24 21:41:50 
NOTE: Elapsed Time in seconds: 58.3110415935516 

[[1]]
           [,1]      [,2]     [,3]     [,4]
[1,] 0.01956568 -23.35332 988.8691 4039.881

[[2]]
[1] 8.340225


NOTE: Log Print Time:  2022-03-24 21:42:48 
NOTE: Elapsed Time in seconds: 57.4293963909149 

[[1]]
           [,1]      [,2]     [,3]     [,4]
[1,] 0.01956568 -23.35332 988.8691 4039.881

[[2]]
[1] 8.340225


NOTE: Log Print Time:  2022-03-24 21:43:48 
NOTE: Elapsed Time in seconds: 1.00219187339147 

[[1]]
           [,1]      [,2]     [,3]     [,4]
[1,] 0.01956568 -23.35332 988.8691 4039.881

[[2]]
[1] 8.340225


NOTE: Log Print Time:  2022-03-24 21:44:53 
NOTE: Elapsed Time in seconds: 1.08167682488759 

[[1]]
           [,1]      [,2]     [,3]     [,4]
[1,] 0.01956568 -23.35332 988.8691 4039.881

[[2]]
[1] 8.340225


NOTE: Log Print Time:  2022-03-24 21:45:52 
NOTE: Elapsed Time in seconds: 58.8695695400238 

