========================================================================= 
Log Path: /scratch/wanglu57/job_scripts/log/2022-02-22_ga-si-R_ga.log 
Program Path: /scratch/wanglu57/job_scripts/2022-02-22_ga-si-R.R 
Working Directory: /scratch/wanglu57/job_scripts 
User Name: wanglu57 
R Version: 4.0.2 (2020-06-22) 
Machine: cdr2442.int.cedar.computecanada.ca x86_64 
Operating System: Linux 3.10.0-1160.36.2.el7.x86_64 #1 SMP Wed Jul 21 11:57:15 UTC 2021 
[1] "Base Packages: parallel stats graphics grDevices utils datasets methods\n               base \nOther Packages: doRNG_1.8.2 rngtools_1.5.2 here_1.0.1 GA_3.2.2 doParallel_1.0.16\n                iterators_1.0.13 foreach_1.5.1 "
Log Start Time: 2022-02-26 13:17:13 
========================================================================= 

[[1]]
        [,1]      [,2]     [,3]     [,4]
[1,] 1.35596 -13.31598 49.62588 445.0185

[[2]]
[1] 7.799383


NOTE: Log Print Time:  2022-02-26 13:19:05 
NOTE: Elapsed Time in seconds: 1.86987933715185 

[[1]]
           [,1]      [,2]     [,3]     [,4]
[1,] -0.2917764 -15.53765 204.8317 -535.905

[[2]]
[1] 7.836404


NOTE: Log Print Time:  2022-02-26 13:20:37 
NOTE: Elapsed Time in seconds: 1.53077610731125 

[[1]]
           [,1]      [,2]    [,3]      [,4]
[1,] 0.04877902 -10.65264 126.263 -350.2499

[[2]]
[1] 7.945445


NOTE: Log Print Time:  2022-02-26 13:22:15 
NOTE: Elapsed Time in seconds: 1.63270299434662 

[[1]]
           [,1]      [,2]    [,3]      [,4]
[1,] 0.04877902 -10.65264 126.263 -350.2499

[[2]]
[1] 7.945445


NOTE: Log Print Time:  2022-02-26 13:23:53 
NOTE: Elapsed Time in seconds: 1.6367552836736 

[[1]]
           [,1]       [,2]     [,3]      [,4]
[1,] -0.6410494 -0.8578111 56.03189 -524.3303

[[2]]
[1] 7.983567


NOTE: Log Print Time:  2022-02-26 13:25:24 
NOTE: Elapsed Time in seconds: 1.52109134197235 

[[1]]
           [,1]       [,2]     [,3]      [,4]
[1,] -0.6410494 -0.8578111 56.03189 -524.3303

[[2]]
[1] 7.983567


NOTE: Log Print Time:  2022-02-26 13:26:54 
NOTE: Elapsed Time in seconds: 1.49413629770279 

[[1]]
           [,1]     [,2]     [,3]      [,4]
[1,] -0.8731868 2.642016 10.78911 -58.34917

[[2]]
[1] 7.994416


NOTE: Log Print Time:  2022-02-26 13:28:30 
NOTE: Elapsed Time in seconds: 1.60770210027695 

[[1]]
           [,1]     [,2]     [,3]      [,4]
[1,] -0.8731868 2.642016 10.78911 -58.34917

[[2]]
[1] 7.994416


NOTE: Log Print Time:  2022-02-26 13:30:09 
NOTE: Elapsed Time in seconds: 1.6504728158315 

[[1]]
          [,1]      [,2]     [,3]      [,4]
[1,] 0.3469064 -8.719173 86.21363 -454.6402

[[2]]
[1] 8.00367


NOTE: Log Print Time:  2022-02-26 13:31:49 
NOTE: Elapsed Time in seconds: 1.66075065135956 

[[1]]
           [,1]     [,2]     [,3]     [,4]
[1,] -0.7999529 1.411971 17.79535 62.73592

[[2]]
[1] 8.004382


NOTE: Log Print Time:  2022-02-26 13:33:29 
NOTE: Elapsed Time in seconds: 1.66253979603449 

[[1]]
           [,1]      [,2]     [,3]      [,4]
[1,] -0.5974136 -1.411536 42.40225 -28.08723

[[2]]
[1] 8.014469


NOTE: Log Print Time:  2022-02-26 13:35:09 
NOTE: Elapsed Time in seconds: 1.66490721305211 

[[1]]
           [,1]      [,2]     [,3]      [,4]
[1,] -0.5974136 -1.411536 42.40225 -28.08723

[[2]]
[1] 8.014469


NOTE: Log Print Time:  2022-02-26 13:36:41 
NOTE: Elapsed Time in seconds: 1.54701217412949 

[[1]]
           [,1]      [,2]     [,3]      [,4]
[1,] -0.5974136 -1.411536 42.40225 -28.08723

[[2]]
[1] 8.014469


NOTE: Log Print Time:  2022-02-26 13:38:13 
NOTE: Elapsed Time in seconds: 1.52493464549383 

[[1]]
            [,1]      [,2]    [,3]     [,4]
[1,] -0.02433967 -7.511823 77.3149 89.06321

[[2]]
[1] 8.018041


NOTE: Log Print Time:  2022-02-26 13:39:46 
NOTE: Elapsed Time in seconds: 1.55770390431086 

[[1]]
            [,1]      [,2]    [,3]     [,4]
[1,] -0.02433967 -7.511823 77.3149 89.06321

[[2]]
[1] 8.018041


NOTE: Log Print Time:  2022-02-26 13:41:17 
NOTE: Elapsed Time in seconds: 1.51049345334371 

[[1]]
            [,1]      [,2]    [,3]     [,4]
[1,] -0.02433967 -7.511823 77.3149 89.06321

[[2]]
[1] 8.018041


NOTE: Log Print Time:  2022-02-26 13:42:51 
NOTE: Elapsed Time in seconds: 1.56327958106995 

[[1]]
            [,1]      [,2]    [,3]     [,4]
[1,] -0.02433967 -7.511823 77.3149 89.06321

[[2]]
[1] 8.018041


NOTE: Log Print Time:  2022-02-26 13:44:23 
NOTE: Elapsed Time in seconds: 1.53491656780243 

[[1]]
            [,1]      [,2]    [,3]     [,4]
[1,] -0.02433967 -7.511823 77.3149 89.06321

[[2]]
[1] 8.018041


NOTE: Log Print Time:  2022-02-26 13:45:55 
NOTE: Elapsed Time in seconds: 1.53775228261948 

[[1]]
            [,1]      [,2]    [,3]     [,4]
[1,] -0.02433967 -7.511823 77.3149 89.06321

[[2]]
[1] 8.018041


NOTE: Log Print Time:  2022-02-26 13:47:35 
NOTE: Elapsed Time in seconds: 1.65985751152039 

[[1]]
            [,1]      [,2]    [,3]     [,4]
[1,] -0.02433967 -7.511823 77.3149 89.06321

[[2]]
[1] 8.018041


NOTE: Log Print Time:  2022-02-26 13:49:06 
NOTE: Elapsed Time in seconds: 1.51654128630956 

[[1]]
            [,1]      [,2]    [,3]     [,4]
[1,] -0.02433967 -7.511823 77.3149 89.06321

[[2]]
[1] 8.018041


NOTE: Log Print Time:  2022-02-26 13:50:45 
NOTE: Elapsed Time in seconds: 1.64603085120519 

[[1]]
            [,1]      [,2]    [,3]     [,4]
[1,] -0.02433967 -7.511823 77.3149 89.06321

[[2]]
[1] 8.018041


NOTE: Log Print Time:  2022-02-26 13:52:23 
NOTE: Elapsed Time in seconds: 1.64851324955622 

[[1]]
            [,1]      [,2]    [,3]     [,4]
[1,] -0.02433967 -7.511823 77.3149 89.06321

[[2]]
[1] 8.018041


NOTE: Log Print Time:  2022-02-26 13:54:02 
NOTE: Elapsed Time in seconds: 1.63431487083435 

[[1]]
            [,1]      [,2]    [,3]     [,4]
[1,] -0.02433967 -7.511823 77.3149 89.06321

[[2]]
[1] 8.018041


NOTE: Log Print Time:  2022-02-26 13:55:34 
NOTE: Elapsed Time in seconds: 1.54435935417811 

[[1]]
            [,1]      [,2]    [,3]     [,4]
[1,] -0.02433967 -7.511823 77.3149 89.06321

[[2]]
[1] 8.018041


NOTE: Log Print Time:  2022-02-26 13:57:09 
NOTE: Elapsed Time in seconds: 1.58614416917165 

[[1]]
            [,1]      [,2]    [,3]     [,4]
[1,] -0.02433967 -7.511823 77.3149 89.06321

[[2]]
[1] 8.018041


NOTE: Log Print Time:  2022-02-26 13:58:49 
NOTE: Elapsed Time in seconds: 1.65673727194468 

[[1]]
            [,1]      [,2]    [,3]     [,4]
[1,] -0.02433967 -7.511823 77.3149 89.06321

[[2]]
[1] 8.018041


NOTE: Log Print Time:  2022-02-26 14:00:27 
NOTE: Elapsed Time in seconds: 1.63859000603358 

[[1]]
            [,1]      [,2]    [,3]     [,4]
[1,] -0.02433967 -7.511823 77.3149 89.06321

[[2]]
[1] 8.018041


NOTE: Log Print Time:  2022-02-26 14:01:59 
NOTE: Elapsed Time in seconds: 1.53198721408844 

[[1]]
            [,1]      [,2]    [,3]     [,4]
[1,] -0.02433967 -7.511823 77.3149 89.06321

[[2]]
[1] 8.018041


NOTE: Log Print Time:  2022-02-26 14:03:38 
NOTE: Elapsed Time in seconds: 1.65514586369197 

[[1]]
            [,1]      [,2]     [,3]     [,4]
[1,] -0.02422959 -7.320872 76.89491 49.40286

[[2]]
[1] 8.018246


NOTE: Log Print Time:  2022-02-26 14:05:18 
NOTE: Elapsed Time in seconds: 1.65689940452576 

[[1]]
            [,1]      [,2]     [,3]     [,4]
[1,] -0.02422959 -7.320872 76.89491 49.40286

[[2]]
[1] 8.018246


NOTE: Log Print Time:  2022-02-26 14:06:55 
NOTE: Elapsed Time in seconds: 1.61394296089808 

[[1]]
            [,1]      [,2]     [,3]     [,4]
[1,] -0.02422959 -7.320872 76.89491 49.40286

[[2]]
[1] 8.018246


NOTE: Log Print Time:  2022-02-26 14:08:34 
NOTE: Elapsed Time in seconds: 1.6524082104365 

[[1]]
            [,1]      [,2]     [,3]     [,4]
[1,] -0.02422959 -7.320872 76.89491 49.40286

[[2]]
[1] 8.018246


NOTE: Log Print Time:  2022-02-26 14:10:13 
NOTE: Elapsed Time in seconds: 1.65919926166534 

[[1]]
            [,1]      [,2]     [,3]     [,4]
[1,] -0.02422959 -7.320872 76.89491 49.40286

[[2]]
[1] 8.018246


NOTE: Log Print Time:  2022-02-26 14:11:46 
NOTE: Elapsed Time in seconds: 1.54493621190389 

[[1]]
            [,1]      [,2]     [,3]     [,4]
[1,] -0.02422959 -7.320872 76.89491 49.40286

[[2]]
[1] 8.018246


NOTE: Log Print Time:  2022-02-26 14:13:19 
NOTE: Elapsed Time in seconds: 1.55089212656021 

[[1]]
            [,1]      [,2]     [,3]     [,4]
[1,] -0.02422959 -7.320872 76.89491 49.40286

[[2]]
[1] 8.018246


NOTE: Log Print Time:  2022-02-26 14:14:52 
NOTE: Elapsed Time in seconds: 1.54393295447032 

[[1]]
            [,1]      [,2]     [,3]     [,4]
[1,] -0.02422959 -7.320872 76.89491 49.40286

[[2]]
[1] 8.018246


NOTE: Log Print Time:  2022-02-26 14:16:24 
NOTE: Elapsed Time in seconds: 1.53944042126338 

[[1]]
            [,1]      [,2]     [,3]     [,4]
[1,] -0.02422959 -7.320872 76.89491 49.40286

[[2]]
[1] 8.018246


NOTE: Log Print Time:  2022-02-26 14:17:57 
NOTE: Elapsed Time in seconds: 1.546038266023 

[[1]]
            [,1]      [,2]     [,3]     [,4]
[1,] -0.02422959 -7.320872 76.89491 49.40286

[[2]]
[1] 8.018246


NOTE: Log Print Time:  2022-02-26 14:19:29 
NOTE: Elapsed Time in seconds: 1.5423919916153 

[[1]]
            [,1]      [,2]     [,3]     [,4]
[1,] -0.02422959 -7.320872 76.89491 49.40286

[[2]]
[1] 8.018246


NOTE: Log Print Time:  2022-02-26 14:21:03 
NOTE: Elapsed Time in seconds: 1.5610170284907 

[[1]]
            [,1]      [,2]     [,3]     [,4]
[1,] -0.02422959 -7.320872 76.89491 49.40286

[[2]]
[1] 8.018246


NOTE: Log Print Time:  2022-02-26 14:22:36 
NOTE: Elapsed Time in seconds: 1.55668405691783 

[[1]]
            [,1]      [,2]     [,3]     [,4]
[1,] -0.02422959 -7.320872 76.89491 49.40286

[[2]]
[1] 8.018246


NOTE: Log Print Time:  2022-02-26 14:24:10 
NOTE: Elapsed Time in seconds: 1.55536839167277 

[[1]]
            [,1]      [,2]     [,3]     [,4]
[1,] -0.02422959 -7.320872 76.89491 49.40286

[[2]]
[1] 8.018246


NOTE: Log Print Time:  2022-02-26 14:25:48 
NOTE: Elapsed Time in seconds: 1.63794211943944 

[[1]]
            [,1]      [,2]     [,3]     [,4]
[1,] -0.02422959 -7.320872 76.89491 49.40286

[[2]]
[1] 8.018246


NOTE: Log Print Time:  2022-02-26 14:27:21 
NOTE: Elapsed Time in seconds: 1.55572125911713 

[[1]]
            [,1]      [,2]     [,3]     [,4]
[1,] -0.02422959 -7.320872 76.89491 49.40286

[[2]]
[1] 8.018246


NOTE: Log Print Time:  2022-02-26 14:28:58 
NOTE: Elapsed Time in seconds: 1.60492250919342 

[[1]]
            [,1]      [,2]     [,3]     [,4]
[1,] -0.02422959 -7.320872 76.89491 49.40286

[[2]]
[1] 8.018246


NOTE: Log Print Time:  2022-02-26 14:30:30 
NOTE: Elapsed Time in seconds: 1.53792650302251 

[[1]]
            [,1]      [,2]     [,3]     [,4]
[1,] -0.02422959 -7.320872 76.89491 49.40286

[[2]]
[1] 8.018246


NOTE: Log Print Time:  2022-02-26 14:32:02 
NOTE: Elapsed Time in seconds: 1.52945952812831 

[[1]]
            [,1]      [,2]     [,3]     [,4]
[1,] -0.02422959 -7.320872 76.89491 49.40286

[[2]]
[1] 8.018246


NOTE: Log Print Time:  2022-02-26 14:33:33 
NOTE: Elapsed Time in seconds: 1.51633121569951 

[[1]]
            [,1]      [,2]     [,3]     [,4]
[1,] -0.02422959 -7.320872 76.89491 49.40286

[[2]]
[1] 8.018246


NOTE: Log Print Time:  2022-02-26 14:35:09 
NOTE: Elapsed Time in seconds: 1.61214864253998 

[[1]]
            [,1]      [,2]     [,3]     [,4]
[1,] -0.02422959 -7.320872 76.89491 49.40286

[[2]]
[1] 8.018246


NOTE: Log Print Time:  2022-02-26 14:36:41 
NOTE: Elapsed Time in seconds: 1.52237563927968 

[[1]]
            [,1]      [,2]     [,3]     [,4]
[1,] -0.02422959 -7.320872 76.89491 49.40286

[[2]]
[1] 8.018246


NOTE: Log Print Time:  2022-02-26 14:38:13 
NOTE: Elapsed Time in seconds: 1.53699700832367 

[[1]]
            [,1]      [,2]     [,3]     [,4]
[1,] -0.02422959 -7.320872 76.89491 49.40286

[[2]]
[1] 8.018246


NOTE: Log Print Time:  2022-02-26 14:39:52 
NOTE: Elapsed Time in seconds: 1.64703042109807 

[[1]]
            [,1]      [,2]     [,3]     [,4]
[1,] -0.02422959 -7.320872 76.89491 49.40286

[[2]]
[1] 8.018246


NOTE: Log Print Time:  2022-02-26 14:41:24 
NOTE: Elapsed Time in seconds: 1.54543350537618 

[[1]]
            [,1]      [,2]     [,3]     [,4]
[1,] -0.02422959 -7.320872 76.89491 49.40286

[[2]]
[1] 8.018246


NOTE: Log Print Time:  2022-02-26 14:43:02 
NOTE: Elapsed Time in seconds: 1.63044149875641 

[[1]]
            [,1]      [,2]     [,3]     [,4]
[1,] -0.02422959 -7.320872 76.89491 49.40286

[[2]]
[1] 8.018246


NOTE: Log Print Time:  2022-02-26 14:44:33 
NOTE: Elapsed Time in seconds: 1.50964206854502 

[[1]]
            [,1]      [,2]     [,3]     [,4]
[1,] -0.02422959 -7.320872 76.89491 49.40286

[[2]]
[1] 8.018246


NOTE: Log Print Time:  2022-02-26 14:46:05 
NOTE: Elapsed Time in seconds: 1.53427348136902 

[[1]]
            [,1]      [,2]     [,3]     [,4]
[1,] -0.02422959 -7.320872 76.89491 49.40286

[[2]]
[1] 8.018246


NOTE: Log Print Time:  2022-02-26 14:47:39 
NOTE: Elapsed Time in seconds: 1.56277637879054 

[[1]]
            [,1]      [,2]     [,3]     [,4]
[1,] -0.02422959 -7.320872 76.89491 49.40286

[[2]]
[1] 8.018246


NOTE: Log Print Time:  2022-02-26 14:49:15 
NOTE: Elapsed Time in seconds: 1.6029007713 

[[1]]
           [,1]     [,2]     [,3]     [,4]
[1,] -0.1523563 -5.95817 67.78949 51.75486

[[2]]
[1] 8.018246


NOTE: Log Print Time:  2022-02-26 14:50:55 
NOTE: Elapsed Time in seconds: 1.66237248182297 

[[1]]
           [,1]      [,2]     [,3]     [,4]
[1,] -0.1669962 -5.834929 70.35035 -50.7396

[[2]]
[1] 8.018267


NOTE: Log Print Time:  2022-02-26 14:52:27 
NOTE: Elapsed Time in seconds: 1.53692336877187 

[[1]]
           [,1]      [,2]     [,3]     [,4]
[1,] -0.1669962 -5.834929 70.35035 -50.7396

[[2]]
[1] 8.018267


NOTE: Log Print Time:  2022-02-26 14:53:59 
NOTE: Elapsed Time in seconds: 1.53617079655329 

[[1]]
           [,1]      [,2]     [,3]     [,4]
[1,] -0.1669962 -5.834929 70.35035 -50.7396

[[2]]
[1] 8.018267


NOTE: Log Print Time:  2022-02-26 14:55:32 
NOTE: Elapsed Time in seconds: 1.5439369559288 

[[1]]
           [,1]      [,2]     [,3]     [,4]
[1,] -0.1669962 -5.834929 70.35035 -50.7396

[[2]]
[1] 8.018267


NOTE: Log Print Time:  2022-02-26 14:57:09 
NOTE: Elapsed Time in seconds: 1.63024562597275 

[[1]]
           [,1]      [,2]     [,3]     [,4]
[1,] -0.1669962 -5.834929 70.35035 -50.7396

[[2]]
[1] 8.018267


NOTE: Log Print Time:  2022-02-26 14:58:43 
NOTE: Elapsed Time in seconds: 1.55184783935547 

[[1]]
           [,1]      [,2]     [,3]     [,4]
[1,] -0.1669962 -5.834929 70.35035 -50.7396

[[2]]
[1] 8.018267


NOTE: Log Print Time:  2022-02-26 15:00:21 
NOTE: Elapsed Time in seconds: 1.64047567447027 

[[1]]
           [,1]      [,2]     [,3]     [,4]
[1,] -0.1669962 -5.834929 70.35035 -50.7396

[[2]]
[1] 8.018267


NOTE: Log Print Time:  2022-02-26 15:01:54 
NOTE: Elapsed Time in seconds: 1.54182024399439 

[[1]]
           [,1]      [,2]     [,3]     [,4]
[1,] -0.1669962 -5.834929 70.35035 -50.7396

[[2]]
[1] 8.018267


NOTE: Log Print Time:  2022-02-26 15:03:26 
NOTE: Elapsed Time in seconds: 1.54889644384384 

[[1]]
            [,1]     [,2]     [,3]     [,4]
[1,] -0.05738012 -6.79717 69.09227 152.6266

[[2]]
[1] 8.01863


NOTE: Log Print Time:  2022-02-26 15:04:59 
NOTE: Elapsed Time in seconds: 1.53725561300913 

[[1]]
            [,1]     [,2]     [,3]     [,4]
[1,] -0.05738012 -6.79717 69.09227 152.6266

[[2]]
[1] 8.01863


NOTE: Log Print Time:  2022-02-26 15:06:30 
NOTE: Elapsed Time in seconds: 1.52271497249603 

[[1]]
            [,1]     [,2]     [,3]     [,4]
[1,] -0.05738012 -6.79717 69.09227 152.6266

[[2]]
[1] 8.01863


NOTE: Log Print Time:  2022-02-26 15:08:09 
NOTE: Elapsed Time in seconds: 1.6441255847613 

[[1]]
            [,1]     [,2]     [,3]     [,4]
[1,] -0.05738012 -6.79717 69.09227 152.6266

[[2]]
[1] 8.01863


NOTE: Log Print Time:  2022-02-26 15:09:46 
NOTE: Elapsed Time in seconds: 1.62849231958389 

[[1]]
            [,1]     [,2]     [,3]     [,4]
[1,] -0.05738012 -6.79717 69.09227 152.6266

[[2]]
[1] 8.01863


NOTE: Log Print Time:  2022-02-26 15:11:19 
NOTE: Elapsed Time in seconds: 1.53840593496958 

[[1]]
            [,1]     [,2]     [,3]     [,4]
[1,] -0.05738012 -6.79717 69.09227 152.6266

[[2]]
[1] 8.01863


NOTE: Log Print Time:  2022-02-26 15:12:56 
NOTE: Elapsed Time in seconds: 1.61764694054921 

[[1]]
            [,1]     [,2]     [,3]     [,4]
[1,] -0.05738012 -6.79717 69.09227 152.6266

[[2]]
[1] 8.01863


NOTE: Log Print Time:  2022-02-26 15:14:34 
NOTE: Elapsed Time in seconds: 1.63126075665156 

[[1]]
            [,1]     [,2]     [,3]     [,4]
[1,] -0.05738012 -6.79717 69.09227 152.6266

[[2]]
[1] 8.01863


NOTE: Log Print Time:  2022-02-26 15:16:13 
NOTE: Elapsed Time in seconds: 1.65825119018555 

[[1]]
            [,1]     [,2]     [,3]     [,4]
[1,] -0.05738012 -6.79717 69.09227 152.6266

[[2]]
[1] 8.01863


NOTE: Log Print Time:  2022-02-26 15:17:52 
NOTE: Elapsed Time in seconds: 1.64461475213369 

[[1]]
            [,1]     [,2]     [,3]     [,4]
[1,] -0.05738012 -6.79717 69.09227 152.6266

[[2]]
[1] 8.01863


NOTE: Log Print Time:  2022-02-26 15:19:32 
NOTE: Elapsed Time in seconds: 1.66175270080566 

[[1]]
            [,1]     [,2]     [,3]     [,4]
[1,] -0.05738012 -6.79717 69.09227 152.6266

[[2]]
[1] 8.01863


NOTE: Log Print Time:  2022-02-26 15:21:11 
NOTE: Elapsed Time in seconds: 1.65654683510462 

[[1]]
            [,1]     [,2]     [,3]     [,4]
[1,] -0.05738012 -6.79717 69.09227 152.6266

[[2]]
[1] 8.01863


NOTE: Log Print Time:  2022-02-26 15:22:43 
NOTE: Elapsed Time in seconds: 1.54234784841537 

[[1]]
            [,1]     [,2]     [,3]     [,4]
[1,] -0.05738012 -6.79717 69.09227 152.6266

[[2]]
[1] 8.01863


NOTE: Log Print Time:  2022-02-26 15:24:21 
NOTE: Elapsed Time in seconds: 1.6317023396492 

[[1]]
            [,1]     [,2]     [,3]     [,4]
[1,] -0.05738012 -6.79717 69.09227 152.6266

[[2]]
[1] 8.01863


NOTE: Log Print Time:  2022-02-26 15:25:54 
NOTE: Elapsed Time in seconds: 1.54396305084229 

[[1]]
            [,1]     [,2]     [,3]     [,4]
[1,] -0.05738012 -6.79717 69.09227 152.6266

[[2]]
[1] 8.01863


NOTE: Log Print Time:  2022-02-26 15:27:33 
NOTE: Elapsed Time in seconds: 1.65492157936096 

[[1]]
            [,1]     [,2]     [,3]     [,4]
[1,] -0.05738012 -6.79717 69.09227 152.6266

[[2]]
[1] 8.01863


NOTE: Log Print Time:  2022-02-26 15:29:05 
NOTE: Elapsed Time in seconds: 1.53520883719126 

[[1]]
            [,1]     [,2]     [,3]     [,4]
[1,] -0.05738012 -6.79717 69.09227 152.6266

[[2]]
[1] 8.01863


NOTE: Log Print Time:  2022-02-26 15:30:38 
NOTE: Elapsed Time in seconds: 1.54939720630646 

[[1]]
            [,1]     [,2]     [,3]     [,4]
[1,] -0.05738012 -6.79717 69.09227 152.6266

[[2]]
[1] 8.01863


NOTE: Log Print Time:  2022-02-26 15:32:11 
NOTE: Elapsed Time in seconds: 1.53627280791601 

[[1]]
            [,1]     [,2]     [,3]     [,4]
[1,] -0.05738012 -6.79717 69.09227 152.6266

[[2]]
[1] 8.01863


NOTE: Log Print Time:  2022-02-26 15:33:50 
NOTE: Elapsed Time in seconds: 1.65690015951792 

[[1]]
            [,1]     [,2]     [,3]     [,4]
[1,] -0.05738012 -6.79717 69.09227 152.6266

[[2]]
[1] 8.01863


NOTE: Log Print Time:  2022-02-26 15:35:23 
NOTE: Elapsed Time in seconds: 1.54548520247142 

[[1]]
            [,1]     [,2]     [,3]     [,4]
[1,] -0.05738012 -6.79717 69.09227 152.6266

[[2]]
[1] 8.01863


NOTE: Log Print Time:  2022-02-26 15:36:54 
NOTE: Elapsed Time in seconds: 1.51678791443507 

[[1]]
           [,1]      [,2]     [,3]    [,4]
[1,] -0.1077975 -6.241393 68.30068 63.7932

[[2]]
[1] 8.018806


NOTE: Log Print Time:  2022-02-26 15:38:33 
NOTE: Elapsed Time in seconds: 1.64981832901637 

[[1]]
           [,1]      [,2]     [,3]    [,4]
[1,] -0.1077975 -6.241393 68.30068 63.7932

[[2]]
[1] 8.018806


NOTE: Log Print Time:  2022-02-26 15:40:10 
NOTE: Elapsed Time in seconds: 1.6256538550059 

[[1]]
           [,1]      [,2]     [,3]    [,4]
[1,] -0.1077975 -6.241393 68.30068 63.7932

[[2]]
[1] 8.018806


NOTE: Log Print Time:  2022-02-26 15:41:49 
NOTE: Elapsed Time in seconds: 1.64557949304581 

[[1]]
           [,1]      [,2]     [,3]    [,4]
[1,] -0.1077975 -6.241393 68.30068 63.7932

[[2]]
[1] 8.018806


NOTE: Log Print Time:  2022-02-26 15:43:27 
NOTE: Elapsed Time in seconds: 1.62881183624268 

[[1]]
           [,1]      [,2]     [,3]    [,4]
[1,] -0.1077975 -6.241393 68.30068 63.7932

[[2]]
[1] 8.018806


NOTE: Log Print Time:  2022-02-26 15:45:05 
NOTE: Elapsed Time in seconds: 1.64398896296819 

[[1]]
           [,1]      [,2]     [,3]    [,4]
[1,] -0.1077975 -6.241393 68.30068 63.7932

[[2]]
[1] 8.018806


NOTE: Log Print Time:  2022-02-26 15:46:35 
NOTE: Elapsed Time in seconds: 1.49489890734355 

[[1]]
           [,1]      [,2]     [,3]    [,4]
[1,] -0.1077975 -6.241393 68.30068 63.7932

[[2]]
[1] 8.018806


NOTE: Log Print Time:  2022-02-26 15:48:08 
NOTE: Elapsed Time in seconds: 1.54464602073034 

[[1]]
           [,1]      [,2]     [,3]    [,4]
[1,] -0.1077975 -6.241393 68.30068 63.7932

[[2]]
[1] 8.018806


NOTE: Log Print Time:  2022-02-26 15:49:46 
NOTE: Elapsed Time in seconds: 1.63699870506922 

[[1]]
           [,1]      [,2]     [,3]    [,4]
[1,] -0.1077975 -6.241393 68.30068 63.7932

[[2]]
[1] 8.018806


NOTE: Log Print Time:  2022-02-26 15:51:19 
NOTE: Elapsed Time in seconds: 1.5531594991684 

[[1]]
           [,1]      [,2]     [,3]    [,4]
[1,] -0.1077975 -6.241393 68.30068 63.7932

[[2]]
[1] 8.018806


NOTE: Log Print Time:  2022-02-26 15:52:55 
NOTE: Elapsed Time in seconds: 1.60129171212514 

[[1]]
           [,1]      [,2]     [,3]    [,4]
[1,] -0.1077975 -6.241393 68.30068 63.7932

[[2]]
[1] 8.018806


NOTE: Log Print Time:  2022-02-26 15:54:28 
NOTE: Elapsed Time in seconds: 1.5473285317421 

[[1]]
           [,1]      [,2]     [,3]    [,4]
[1,] -0.1077975 -6.241393 68.30068 63.7932

[[2]]
[1] 8.018806


NOTE: Log Print Time:  2022-02-26 15:56:04 
NOTE: Elapsed Time in seconds: 1.59484227895737 

[[1]]
           [,1]      [,2]     [,3]    [,4]
[1,] -0.1077975 -6.241393 68.30068 63.7932

[[2]]
[1] 8.018806


NOTE: Log Print Time:  2022-02-26 15:57:41 
NOTE: Elapsed Time in seconds: 1.61753461360931 

[[1]]
           [,1]      [,2]     [,3]    [,4]
[1,] -0.1077975 -6.241393 68.30068 63.7932

[[2]]
[1] 8.018806


NOTE: Log Print Time:  2022-02-26 15:59:19 
NOTE: Elapsed Time in seconds: 1.64000104665756 

[[1]]
           [,1]      [,2]     [,3]    [,4]
[1,] -0.1077975 -6.241393 68.30068 63.7932

[[2]]
[1] 8.018806


NOTE: Log Print Time:  2022-02-26 16:00:57 
NOTE: Elapsed Time in seconds: 1.62778166929881 

[[1]]
           [,1]      [,2]     [,3]    [,4]
[1,] -0.1077975 -6.241393 68.30068 63.7932

[[2]]
[1] 8.018806


NOTE: Log Print Time:  2022-02-26 16:02:30 
NOTE: Elapsed Time in seconds: 1.54927115837733 

[[1]]
           [,1]      [,2]     [,3]    [,4]
[1,] -0.1077975 -6.241393 68.30068 63.7932

[[2]]
[1] 8.018806


NOTE: Log Print Time:  2022-02-26 16:04:07 
NOTE: Elapsed Time in seconds: 1.61346444686254 

[[1]]
           [,1]      [,2]     [,3]    [,4]
[1,] -0.1077975 -6.241393 68.30068 63.7932

[[2]]
[1] 8.018806


NOTE: Log Print Time:  2022-02-26 16:05:45 
NOTE: Elapsed Time in seconds: 1.64311447540919 

[[1]]
           [,1]      [,2]     [,3]    [,4]
[1,] -0.1077975 -6.241393 68.30068 63.7932

[[2]]
[1] 8.018806


NOTE: Log Print Time:  2022-02-26 16:07:22 
NOTE: Elapsed Time in seconds: 1.61929017702738 

[[1]]
           [,1]      [,2]     [,3]    [,4]
[1,] -0.1077975 -6.241393 68.30068 63.7932

[[2]]
[1] 8.018806


NOTE: Log Print Time:  2022-02-26 16:08:55 
NOTE: Elapsed Time in seconds: 1.53950281937917 

[[1]]
           [,1]      [,2]     [,3]    [,4]
[1,] -0.1077975 -6.241393 68.30068 63.7932

[[2]]
[1] 8.018806


NOTE: Log Print Time:  2022-02-26 16:10:28 
NOTE: Elapsed Time in seconds: 1.55311158100764 

[[1]]
           [,1]      [,2]     [,3]    [,4]
[1,] -0.1077975 -6.241393 68.30068 63.7932

[[2]]
[1] 8.018806


NOTE: Log Print Time:  2022-02-26 16:12:05 
NOTE: Elapsed Time in seconds: 1.61447186470032 

[[1]]
           [,1]      [,2]     [,3]    [,4]
[1,] -0.1077975 -6.241393 68.30068 63.7932

[[2]]
[1] 8.018806


NOTE: Log Print Time:  2022-02-26 16:13:42 
NOTE: Elapsed Time in seconds: 1.62057833274206 

[[1]]
           [,1]      [,2]     [,3]    [,4]
[1,] -0.1077975 -6.241393 68.30068 63.7932

[[2]]
[1] 8.018806


NOTE: Log Print Time:  2022-02-26 16:15:28 
NOTE: Elapsed Time in seconds: 1.76110116640727 

