========================================================================= 
Log Path: /scratch/wanglu57/job_scripts/log/2022-03-24_si-G-log-emp_ga.log 
Program Path: /scratch/wanglu57/job_scripts/2022-03-24_si-G-log-emp.R 
Working Directory: /scratch/wanglu57/job_scripts 
User Name: wanglu57 
R Version: 4.0.2 (2020-06-22) 
Machine: cdr1437.int.cedar.computecanada.ca x86_64 
Operating System: Linux 3.10.0-1160.53.1.el7.x86_64 #1 SMP Fri Jan 14 13:59:45 UTC 2022 
[1] "Base Packages: parallel stats graphics grDevices utils datasets methods\n               base \nOther Packages: doRNG_1.8.2 rngtools_1.5.2 here_1.0.1 GA_3.2.2 doParallel_1.0.16\n                iterators_1.0.13 foreach_1.5.1 "
Log Start Time: 2022-03-24 17:40:33 
========================================================================= 

[[1]]
           [,1]      [,2]    [,3]     [,4]
[1,] -0.3990724 -1.815569 845.101 -1016.89

[[2]]
[1] 4.286641


NOTE: Log Print Time:  2022-03-24 17:41:46 
NOTE: Elapsed Time in seconds: 1.2185932636261 

[[1]]
           [,1]      [,2]    [,3]     [,4]
[1,] -0.3990724 -1.815569 845.101 -1016.89

[[2]]
[1] 4.286641


NOTE: Log Print Time:  2022-03-24 17:42:47 
NOTE: Elapsed Time in seconds: 1.00467606782913 

[[1]]
           [,1]     [,2]     [,3]      [,4]
[1,] -0.4837053 45.37822 449.7956 -261.9455

[[2]]
[1] 4.393653


NOTE: Log Print Time:  2022-03-24 17:43:49 
NOTE: Elapsed Time in seconds: 1.03600910504659 

[[1]]
           [,1]     [,2]     [,3]      [,4]
[1,] -0.4837053 45.37822 449.7956 -261.9455

[[2]]
[1] 4.393653


NOTE: Log Print Time:  2022-03-24 17:44:51 
NOTE: Elapsed Time in seconds: 1.04224896828334 

[[1]]
           [,1]     [,2]     [,3]     [,4]
[1,] -0.4431536 43.71615 557.1593 -284.625

[[2]]
[1] 4.417805


NOTE: Log Print Time:  2022-03-24 17:45:53 
NOTE: Elapsed Time in seconds: 1.03245644966761 

[[1]]
           [,1]     [,2]     [,3]     [,4]
[1,] -0.4431536 43.71615 557.1593 -284.625

[[2]]
[1] 4.417805


NOTE: Log Print Time:  2022-03-24 17:46:56 
NOTE: Elapsed Time in seconds: 1.05092344284058 

[[1]]
           [,1]     [,2]   [,3]      [,4]
[1,] -0.4758988 41.81809 570.62 -266.6557

[[2]]
[1] 4.458293


NOTE: Log Print Time:  2022-03-24 17:47:58 
NOTE: Elapsed Time in seconds: 1.02551885843277 

[[1]]
           [,1]     [,2]   [,3]      [,4]
[1,] -0.4758988 41.81809 570.62 -266.6557

[[2]]
[1] 4.458293


NOTE: Log Print Time:  2022-03-24 17:49:00 
NOTE: Elapsed Time in seconds: 1.03579627275467 

[[1]]
           [,1]    [,2]    [,3]      [,4]
[1,] -0.5191793 6.43941 716.836 -308.1435

[[2]]
[1] 4.825082


NOTE: Log Print Time:  2022-03-24 17:50:01 
NOTE: Elapsed Time in seconds: 1.00660063028336 

[[1]]
           [,1]    [,2]    [,3]      [,4]
[1,] -0.5191793 6.43941 716.836 -308.1435

[[2]]
[1] 4.825082


NOTE: Log Print Time:  2022-03-24 17:51:02 
NOTE: Elapsed Time in seconds: 1.02372828324636 

[[1]]
           [,1]    [,2]    [,3]      [,4]
[1,] -0.5191793 6.43941 716.836 -308.1435

[[2]]
[1] 4.825082


NOTE: Log Print Time:  2022-03-24 17:52:03 
NOTE: Elapsed Time in seconds: 1.01656926075617 

[[1]]
           [,1]    [,2]    [,3]      [,4]
[1,] -0.5191793 6.43941 716.836 -308.1435

[[2]]
[1] 4.825082


NOTE: Log Print Time:  2022-03-24 17:53:05 
NOTE: Elapsed Time in seconds: 1.02773982286453 

[[1]]
           [,1]    [,2]    [,3]      [,4]
[1,] -0.5191793 6.43941 716.836 -308.1435

[[2]]
[1] 4.825082


NOTE: Log Print Time:  2022-03-24 17:54:06 
NOTE: Elapsed Time in seconds: 1.01660789648692 

[[1]]
           [,1]    [,2]    [,3]      [,4]
[1,] -0.5191793 6.43941 716.836 -308.1435

[[2]]
[1] 4.825082


NOTE: Log Print Time:  2022-03-24 17:55:07 
NOTE: Elapsed Time in seconds: 1.02978293895721 

[[1]]
           [,1]    [,2]    [,3]      [,4]
[1,] -0.5191793 6.43941 716.836 -308.1435

[[2]]
[1] 4.825082


NOTE: Log Print Time:  2022-03-24 17:56:10 
NOTE: Elapsed Time in seconds: 1.04326461156209 

[[1]]
           [,1]      [,2]     [,3]      [,4]
[1,] -0.5521305 -3.393666 542.2133 -233.0698

[[2]]
[1] 4.895077


NOTE: Log Print Time:  2022-03-24 17:57:12 
NOTE: Elapsed Time in seconds: 1.02750962972641 

[[1]]
           [,1]      [,2]     [,3]      [,4]
[1,] -0.5521305 -3.393666 542.2133 -233.0698

[[2]]
[1] 4.895077


NOTE: Log Print Time:  2022-03-24 17:58:15 
NOTE: Elapsed Time in seconds: 1.05461735328039 

[[1]]
           [,1]     [,2]     [,3]      [,4]
[1,] -0.6014859 14.68765 511.6358 -233.0552

[[2]]
[1] 4.90487


NOTE: Log Print Time:  2022-03-24 17:59:15 
NOTE: Elapsed Time in seconds: 1.00944286584854 

[[1]]
           [,1]     [,2]     [,3]      [,4]
[1,] -0.6014859 14.68765 511.6358 -233.0552

[[2]]
[1] 4.90487


NOTE: Log Print Time:  2022-03-24 18:00:21 
NOTE: Elapsed Time in seconds: 1.08563035329183 

[[1]]
           [,1]     [,2]     [,3]      [,4]
[1,] -0.6014859 14.68765 511.6358 -233.0552

[[2]]
[1] 4.90487


NOTE: Log Print Time:  2022-03-24 18:01:23 
NOTE: Elapsed Time in seconds: 1.03372653722763 

[[1]]
           [,1]     [,2]     [,3]      [,4]
[1,] -0.6014859 14.68765 511.6358 -233.0552

[[2]]
[1] 4.90487


NOTE: Log Print Time:  2022-03-24 18:02:25 
NOTE: Elapsed Time in seconds: 1.03816609779994 

[[1]]
           [,1]     [,2]     [,3]      [,4]
[1,] -0.6014859 14.68765 511.6358 -233.0552

[[2]]
[1] 4.90487


NOTE: Log Print Time:  2022-03-24 18:03:26 
NOTE: Elapsed Time in seconds: 1.01683531999588 

[[1]]
           [,1]     [,2]     [,3]      [,4]
[1,] -0.6014859 14.68765 511.6358 -233.0552

[[2]]
[1] 4.90487


NOTE: Log Print Time:  2022-03-24 18:04:27 
NOTE: Elapsed Time in seconds: 1.01599182287852 

[[1]]
           [,1]     [,2]     [,3]      [,4]
[1,] -0.6014859 14.68765 511.6358 -233.0552

[[2]]
[1] 4.90487


NOTE: Log Print Time:  2022-03-24 18:05:26 
NOTE: Elapsed Time in seconds: 59.4164736270905 

[[1]]
           [,1]     [,2]     [,3]      [,4]
[1,] -0.6014859 14.68765 511.6358 -233.0552

[[2]]
[1] 4.90487


NOTE: Log Print Time:  2022-03-24 18:06:28 
NOTE: Elapsed Time in seconds: 1.02168883482615 

[[1]]
           [,1]      [,2]     [,3]      [,4]
[1,] -0.5382961 -33.77918 689.1789 -278.9378

[[2]]
[1] 4.964534


NOTE: Log Print Time:  2022-03-24 18:07:30 
NOTE: Elapsed Time in seconds: 1.04341477950414 

[[1]]
           [,1]      [,2]     [,3]      [,4]
[1,] -0.5382961 -33.77918 689.1789 -278.9378

[[2]]
[1] 4.964534


NOTE: Log Print Time:  2022-03-24 18:08:35 
NOTE: Elapsed Time in seconds: 1.0745455344518 

[[1]]
           [,1]      [,2]     [,3]      [,4]
[1,] -0.5382961 -33.77918 689.1789 -278.9378

[[2]]
[1] 4.964534


NOTE: Log Print Time:  2022-03-24 18:09:35 
NOTE: Elapsed Time in seconds: 59.9556596279144 

[[1]]
           [,1]      [,2]     [,3]      [,4]
[1,] -0.5382961 -33.77918 689.1789 -278.9378

[[2]]
[1] 4.964534


NOTE: Log Print Time:  2022-03-24 18:10:37 
NOTE: Elapsed Time in seconds: 1.03350103696187 

[[1]]
           [,1]      [,2]     [,3]      [,4]
[1,] -0.5382961 -33.77918 689.1789 -278.9378

[[2]]
[1] 4.964534


NOTE: Log Print Time:  2022-03-24 18:11:41 
NOTE: Elapsed Time in seconds: 1.06432653268178 

[[1]]
           [,1]      [,2]     [,3]      [,4]
[1,] -0.5382961 -33.77918 689.1789 -278.9378

[[2]]
[1] 4.964534


NOTE: Log Print Time:  2022-03-24 18:12:42 
NOTE: Elapsed Time in seconds: 1.01788992484411 

[[1]]
           [,1]      [,2]     [,3]      [,4]
[1,] -0.5382961 -33.77918 689.1789 -278.9378

[[2]]
[1] 4.964534


NOTE: Log Print Time:  2022-03-24 18:13:45 
NOTE: Elapsed Time in seconds: 1.06015211343765 

[[1]]
           [,1]      [,2]     [,3]      [,4]
[1,] -0.5382961 -33.77918 689.1789 -278.9378

[[2]]
[1] 4.964534


NOTE: Log Print Time:  2022-03-24 18:14:47 
NOTE: Elapsed Time in seconds: 1.03629111448924 

[[1]]
           [,1]     [,2]     [,3]      [,4]
[1,] -0.6959973 74.51578 512.6334 -243.6193

[[2]]
[1] 5.039717


NOTE: Log Print Time:  2022-03-24 18:15:50 
NOTE: Elapsed Time in seconds: 1.04543953736623 

[[1]]
           [,1]     [,2]     [,3]      [,4]
[1,] -0.6959973 74.51578 512.6334 -243.6193

[[2]]
[1] 5.039717


NOTE: Log Print Time:  2022-03-24 18:16:54 
NOTE: Elapsed Time in seconds: 1.07023915847143 

[[1]]
           [,1]      [,2]     [,3]      [,4]
[1,] -0.5349855 -29.00439 508.0676 -210.2494

[[2]]
[1] 5.132611


NOTE: Log Print Time:  2022-03-24 18:17:56 
NOTE: Elapsed Time in seconds: 1.03631551663081 

[[1]]
           [,1]      [,2]     [,3]      [,4]
[1,] -0.5349855 -29.00439 508.0676 -210.2494

[[2]]
[1] 5.132611


NOTE: Log Print Time:  2022-03-24 18:19:00 
NOTE: Elapsed Time in seconds: 1.05274610519409 

[[1]]
           [,1]      [,2]     [,3]      [,4]
[1,] -0.5349855 -29.00439 508.0676 -210.2494

[[2]]
[1] 5.132611


NOTE: Log Print Time:  2022-03-24 18:20:01 
NOTE: Elapsed Time in seconds: 1.01679633061091 

[[1]]
           [,1]      [,2]     [,3]      [,4]
[1,] -0.5349855 -29.00439 508.0676 -210.2494

[[2]]
[1] 5.132611


NOTE: Log Print Time:  2022-03-24 18:21:01 
NOTE: Elapsed Time in seconds: 1.00399662256241 

[[1]]
           [,1]      [,2]     [,3]      [,4]
[1,] -0.5349855 -29.00439 508.0676 -210.2494

[[2]]
[1] 5.132611


NOTE: Log Print Time:  2022-03-24 18:22:01 
NOTE: Elapsed Time in seconds: 1.00273251533508 

[[1]]
           [,1]      [,2]     [,3]      [,4]
[1,] -0.5349855 -29.00439 508.0676 -210.2494

[[2]]
[1] 5.132611


NOTE: Log Print Time:  2022-03-24 18:23:04 
NOTE: Elapsed Time in seconds: 1.0486315369606 

[[1]]
           [,1]      [,2]     [,3]     [,4]
[1,] -0.5883465 -78.87639 550.3713 -209.334

[[2]]
[1] 5.219879


NOTE: Log Print Time:  2022-03-24 18:24:09 
NOTE: Elapsed Time in seconds: 1.08325156370799 

[[1]]
           [,1]      [,2]     [,3]     [,4]
[1,] -0.5883465 -78.87639 550.3713 -209.334

[[2]]
[1] 5.219879


NOTE: Log Print Time:  2022-03-24 18:25:11 
NOTE: Elapsed Time in seconds: 1.02604871988297 

[[1]]
           [,1]      [,2]     [,3]     [,4]
[1,] -0.5883465 -78.87639 550.3713 -209.334

[[2]]
[1] 5.219879


NOTE: Log Print Time:  2022-03-24 18:26:16 
NOTE: Elapsed Time in seconds: 1.09764582316081 

[[1]]
           [,1]      [,2]     [,3]     [,4]
[1,] -0.5883465 -78.87639 550.3713 -209.334

[[2]]
[1] 5.219879


NOTE: Log Print Time:  2022-03-24 18:27:20 
NOTE: Elapsed Time in seconds: 1.05843039751053 

[[1]]
           [,1]      [,2]     [,3]     [,4]
[1,] -0.5883465 -78.87639 550.3713 -209.334

[[2]]
[1] 5.219879


NOTE: Log Print Time:  2022-03-24 18:28:24 
NOTE: Elapsed Time in seconds: 1.07077042659124 

[[1]]
           [,1]      [,2]     [,3]     [,4]
[1,] -0.5883465 -78.87639 550.3713 -209.334

[[2]]
[1] 5.219879


NOTE: Log Print Time:  2022-03-24 18:29:26 
NOTE: Elapsed Time in seconds: 1.02922646601995 

[[1]]
           [,1]      [,2]     [,3]     [,4]
[1,] -0.5883465 -78.87639 550.3713 -209.334

[[2]]
[1] 5.219879


NOTE: Log Print Time:  2022-03-24 18:30:30 
NOTE: Elapsed Time in seconds: 1.07514392137527 

[[1]]
           [,1]      [,2]     [,3]     [,4]
[1,] -0.5883465 -78.87639 550.3713 -209.334

[[2]]
[1] 5.219879


NOTE: Log Print Time:  2022-03-24 18:31:31 
NOTE: Elapsed Time in seconds: 1.01366766691208 

[[1]]
           [,1]      [,2]     [,3]     [,4]
[1,] -0.5883465 -78.87639 550.3713 -209.334

[[2]]
[1] 5.219879


NOTE: Log Print Time:  2022-03-24 18:32:33 
NOTE: Elapsed Time in seconds: 1.03046067158381 

[[1]]
           [,1]      [,2]     [,3]     [,4]
[1,] -0.5883465 -78.87639 550.3713 -209.334

[[2]]
[1] 5.219879


NOTE: Log Print Time:  2022-03-24 18:33:36 
NOTE: Elapsed Time in seconds: 1.04238412777583 

[[1]]
           [,1]      [,2]     [,3]     [,4]
[1,] -0.5883465 -78.87639 550.3713 -209.334

[[2]]
[1] 5.219879


NOTE: Log Print Time:  2022-03-24 18:34:40 
NOTE: Elapsed Time in seconds: 1.07634905576706 

[[1]]
           [,1]      [,2]     [,3]     [,4]
[1,] -0.5883465 -78.87639 550.3713 -209.334

[[2]]
[1] 5.219879


NOTE: Log Print Time:  2022-03-24 18:35:42 
NOTE: Elapsed Time in seconds: 1.02741948763529 

[[1]]
           [,1]      [,2]     [,3]     [,4]
[1,] -0.5883465 -78.87639 550.3713 -209.334

[[2]]
[1] 5.219879


NOTE: Log Print Time:  2022-03-24 18:36:44 
NOTE: Elapsed Time in seconds: 1.02839432954788 

[[1]]
           [,1]      [,2]     [,3]      [,4]
[1,] -0.5476306 -30.26734 526.8626 -222.5533

[[2]]
[1] 5.246824


NOTE: Log Print Time:  2022-03-24 18:37:48 
NOTE: Elapsed Time in seconds: 1.07647692362467 

[[1]]
           [,1]      [,2]     [,3]      [,4]
[1,] -0.5476306 -30.26734 526.8626 -222.5533

[[2]]
[1] 5.246824


NOTE: Log Print Time:  2022-03-24 18:38:51 
NOTE: Elapsed Time in seconds: 1.04616314570109 

[[1]]
           [,1]      [,2]     [,3]      [,4]
[1,] -0.5476306 -30.26734 526.8626 -222.5533

[[2]]
[1] 5.246824


NOTE: Log Print Time:  2022-03-24 18:39:56 
NOTE: Elapsed Time in seconds: 1.08042463064194 

[[1]]
           [,1]      [,2]     [,3]      [,4]
[1,] -0.5476306 -30.26734 526.8626 -222.5533

[[2]]
[1] 5.246824


NOTE: Log Print Time:  2022-03-24 18:40:59 
NOTE: Elapsed Time in seconds: 1.04770069917043 

[[1]]
           [,1]      [,2]     [,3]      [,4]
[1,] -0.6441537 -27.06522 590.1003 -253.6506

[[2]]
[1] 5.333751


NOTE: Log Print Time:  2022-03-24 18:42:01 
NOTE: Elapsed Time in seconds: 1.04736334085464 

[[1]]
           [,1]      [,2]     [,3]      [,4]
[1,] -0.6441537 -27.06522 590.1003 -253.6506

[[2]]
[1] 5.333751


NOTE: Log Print Time:  2022-03-24 18:43:04 
NOTE: Elapsed Time in seconds: 1.03505530754725 

[[1]]
           [,1]      [,2]     [,3]      [,4]
[1,] -0.6441537 -27.06522 590.1003 -253.6506

[[2]]
[1] 5.333751


NOTE: Log Print Time:  2022-03-24 18:44:06 
NOTE: Elapsed Time in seconds: 1.04821829795837 

[[1]]
           [,1]      [,2]     [,3]      [,4]
[1,] -0.6441537 -27.06522 590.1003 -253.6506

[[2]]
[1] 5.333751


NOTE: Log Print Time:  2022-03-24 18:45:09 
NOTE: Elapsed Time in seconds: 1.03478292226791 

[[1]]
           [,1]      [,2]     [,3]      [,4]
[1,] -0.6441537 -27.06522 590.1003 -253.6506

[[2]]
[1] 5.333751


NOTE: Log Print Time:  2022-03-24 18:46:15 
NOTE: Elapsed Time in seconds: 1.1063991467158 

[[1]]
           [,1]      [,2]     [,3]      [,4]
[1,] -0.6441537 -27.06522 590.1003 -253.6506

[[2]]
[1] 5.333751


NOTE: Log Print Time:  2022-03-24 18:47:19 
NOTE: Elapsed Time in seconds: 1.06597802241643 

[[1]]
           [,1]      [,2]     [,3]      [,4]
[1,] -0.6441537 -27.06522 590.1003 -253.6506

[[2]]
[1] 5.333751


NOTE: Log Print Time:  2022-03-24 18:48:23 
NOTE: Elapsed Time in seconds: 1.07425086100896 

[[1]]
           [,1]      [,2]     [,3]      [,4]
[1,] -0.6441537 -27.06522 590.1003 -253.6506

[[2]]
[1] 5.333751


NOTE: Log Print Time:  2022-03-24 18:49:27 
NOTE: Elapsed Time in seconds: 1.06649893919627 

[[1]]
           [,1]      [,2]     [,3]      [,4]
[1,] -0.6441537 -27.06522 590.1003 -253.6506

[[2]]
[1] 5.333751


NOTE: Log Print Time:  2022-03-24 18:50:30 
NOTE: Elapsed Time in seconds: 1.04445253610611 

[[1]]
           [,1]      [,2]     [,3]      [,4]
[1,] -0.6441537 -27.06522 590.1003 -253.6506

[[2]]
[1] 5.333751


NOTE: Log Print Time:  2022-03-24 18:51:35 
NOTE: Elapsed Time in seconds: 1.09186851978302 

[[1]]
           [,1]      [,2]     [,3]      [,4]
[1,] -0.6441537 -27.06522 590.1003 -253.6506

[[2]]
[1] 5.333751


NOTE: Log Print Time:  2022-03-24 18:52:38 
NOTE: Elapsed Time in seconds: 1.03679472208023 

[[1]]
           [,1]      [,2]     [,3]      [,4]
[1,] -0.6441537 -27.06522 590.1003 -253.6506

[[2]]
[1] 5.333751


NOTE: Log Print Time:  2022-03-24 18:53:40 
NOTE: Elapsed Time in seconds: 1.04056969881058 

[[1]]
           [,1]      [,2]     [,3]      [,4]
[1,] -0.6441537 -27.06522 590.1003 -253.6506

[[2]]
[1] 5.333751


NOTE: Log Print Time:  2022-03-24 18:54:44 
NOTE: Elapsed Time in seconds: 1.06328670183818 

[[1]]
           [,1]      [,2]     [,3]      [,4]
[1,] -0.6441537 -27.06522 590.1003 -253.6506

[[2]]
[1] 5.333751


NOTE: Log Print Time:  2022-03-24 18:55:48 
NOTE: Elapsed Time in seconds: 1.07460297346115 

[[1]]
           [,1]      [,2]     [,3]      [,4]
[1,] -0.6441537 -27.06522 590.1003 -253.6506

[[2]]
[1] 5.333751


NOTE: Log Print Time:  2022-03-24 18:56:52 
NOTE: Elapsed Time in seconds: 1.05531865358353 

[[1]]
           [,1]      [,2]     [,3]      [,4]
[1,] -0.6441537 -27.06522 590.1003 -253.6506

[[2]]
[1] 5.333751


NOTE: Log Print Time:  2022-03-24 18:57:55 
NOTE: Elapsed Time in seconds: 1.05427370071411 

[[1]]
           [,1]      [,2]     [,3]      [,4]
[1,] -0.6441537 -27.06522 590.1003 -253.6506

[[2]]
[1] 5.333751


NOTE: Log Print Time:  2022-03-24 18:59:01 
NOTE: Elapsed Time in seconds: 1.09628491799037 

[[1]]
           [,1]      [,2]     [,3]      [,4]
[1,] -0.6441537 -27.06522 590.1003 -253.6506

[[2]]
[1] 5.333751


NOTE: Log Print Time:  2022-03-24 19:00:03 
NOTE: Elapsed Time in seconds: 1.03190310001373 

[[1]]
           [,1]      [,2]     [,3]      [,4]
[1,] -0.6441537 -27.06522 590.1003 -253.6506

[[2]]
[1] 5.333751


NOTE: Log Print Time:  2022-03-24 19:01:05 
NOTE: Elapsed Time in seconds: 1.0371476650238 

[[1]]
           [,1]      [,2]     [,3]      [,4]
[1,] -0.6441537 -27.06522 590.1003 -253.6506

[[2]]
[1] 5.333751


NOTE: Log Print Time:  2022-03-24 19:02:09 
NOTE: Elapsed Time in seconds: 1.06734049320221 

[[1]]
           [,1]      [,2]     [,3]      [,4]
[1,] -0.6441537 -27.06522 590.1003 -253.6506

[[2]]
[1] 5.333751


NOTE: Log Print Time:  2022-03-24 19:03:10 
NOTE: Elapsed Time in seconds: 1.02229468822479 

[[1]]
           [,1]      [,2]     [,3]      [,4]
[1,] -0.6441537 -27.06522 590.1003 -253.6506

[[2]]
[1] 5.333751


NOTE: Log Print Time:  2022-03-24 19:04:13 
NOTE: Elapsed Time in seconds: 1.03739298582077 

[[1]]
           [,1]      [,2]     [,3]      [,4]
[1,] -0.6441537 -27.06522 590.1003 -253.6506

[[2]]
[1] 5.333751


NOTE: Log Print Time:  2022-03-24 19:05:17 
NOTE: Elapsed Time in seconds: 1.07693194548289 

[[1]]
           [,1]      [,2]     [,3]      [,4]
[1,] -0.6441537 -27.06522 590.1003 -253.6506

[[2]]
[1] 5.333751


NOTE: Log Print Time:  2022-03-24 19:06:19 
NOTE: Elapsed Time in seconds: 1.03069654305776 

[[1]]
           [,1]      [,2]     [,3]      [,4]
[1,] -0.6441537 -27.06522 590.1003 -253.6506

[[2]]
[1] 5.333751


NOTE: Log Print Time:  2022-03-24 19:07:21 
NOTE: Elapsed Time in seconds: 1.04073837995529 

[[1]]
           [,1]      [,2]     [,3]      [,4]
[1,] -0.6441537 -27.06522 590.1003 -253.6506

[[2]]
[1] 5.333751


NOTE: Log Print Time:  2022-03-24 19:08:25 
NOTE: Elapsed Time in seconds: 1.06361037095388 

[[1]]
           [,1]      [,2]     [,3]      [,4]
[1,] -0.6441537 -27.06522 590.1003 -253.6506

[[2]]
[1] 5.333751


NOTE: Log Print Time:  2022-03-24 19:09:29 
NOTE: Elapsed Time in seconds: 1.05642741123835 

[[1]]
           [,1]      [,2]     [,3]      [,4]
[1,] -0.6441537 -27.06522 590.1003 -253.6506

[[2]]
[1] 5.333751


NOTE: Log Print Time:  2022-03-24 19:10:32 
NOTE: Elapsed Time in seconds: 1.06410222053528 

[[1]]
           [,1]     [,2]     [,3]      [,4]
[1,] -0.5508519 -31.8827 531.3849 -223.7984

[[2]]
[1] 5.354659


NOTE: Log Print Time:  2022-03-24 19:11:35 
NOTE: Elapsed Time in seconds: 1.04981212615967 

[[1]]
           [,1]     [,2]     [,3]      [,4]
[1,] -0.5508519 -31.8827 531.3849 -223.7984

[[2]]
[1] 5.354659


NOTE: Log Print Time:  2022-03-24 19:12:37 
NOTE: Elapsed Time in seconds: 1.01954809824626 

[[1]]
           [,1]     [,2]     [,3]      [,4]
[1,] -0.5508519 -31.8827 531.3849 -223.7984

[[2]]
[1] 5.354659


NOTE: Log Print Time:  2022-03-24 19:13:41 
NOTE: Elapsed Time in seconds: 1.07459598779678 

[[1]]
           [,1]     [,2]     [,3]      [,4]
[1,] -0.5508519 -31.8827 531.3849 -223.7984

[[2]]
[1] 5.354659


NOTE: Log Print Time:  2022-03-24 19:14:45 
NOTE: Elapsed Time in seconds: 1.05897373358409 

[[1]]
           [,1]     [,2]     [,3]      [,4]
[1,] -0.5508519 -31.8827 531.3849 -223.7984

[[2]]
[1] 5.354659


NOTE: Log Print Time:  2022-03-24 19:15:46 
NOTE: Elapsed Time in seconds: 1.02083873748779 

[[1]]
           [,1]     [,2]     [,3]     [,4]
[1,] -0.6989177 -25.2271 556.3986 -258.464

[[2]]
[1] 5.485641


NOTE: Log Print Time:  2022-03-24 19:16:48 
NOTE: Elapsed Time in seconds: 1.03452218770981 

[[1]]
           [,1]     [,2]     [,3]     [,4]
[1,] -0.6989177 -25.2271 556.3986 -258.464

[[2]]
[1] 5.485641


NOTE: Log Print Time:  2022-03-24 19:17:49 
NOTE: Elapsed Time in seconds: 1.01004523833593 

[[1]]
           [,1]     [,2]     [,3]     [,4]
[1,] -0.6989177 -25.2271 556.3986 -258.464

[[2]]
[1] 5.485641


NOTE: Log Print Time:  2022-03-24 19:18:51 
NOTE: Elapsed Time in seconds: 1.04459502696991 

[[1]]
           [,1]     [,2]     [,3]     [,4]
[1,] -0.6989177 -25.2271 556.3986 -258.464

[[2]]
[1] 5.485641


NOTE: Log Print Time:  2022-03-24 19:19:52 
NOTE: Elapsed Time in seconds: 1.0202609817187 

[[1]]
           [,1]     [,2]     [,3]     [,4]
[1,] -0.6989177 -25.2271 556.3986 -258.464

[[2]]
[1] 5.485641


NOTE: Log Print Time:  2022-03-24 19:20:56 
NOTE: Elapsed Time in seconds: 1.06153657039007 

[[1]]
           [,1]     [,2]     [,3]     [,4]
[1,] -0.6989177 -25.2271 556.3986 -258.464

[[2]]
[1] 5.485641


NOTE: Log Print Time:  2022-03-24 19:22:01 
NOTE: Elapsed Time in seconds: 1.07279661893845 

[[1]]
           [,1]     [,2]     [,3]     [,4]
[1,] -0.6989177 -25.2271 556.3986 -258.464

[[2]]
[1] 5.485641


NOTE: Log Print Time:  2022-03-24 19:23:01 
NOTE: Elapsed Time in seconds: 1.00357378323873 

[[1]]
           [,1]     [,2]     [,3]     [,4]
[1,] -0.6989177 -25.2271 556.3986 -258.464

[[2]]
[1] 5.485641


NOTE: Log Print Time:  2022-03-24 19:24:02 
NOTE: Elapsed Time in seconds: 1.02473714351654 

[[1]]
           [,1]     [,2]     [,3]     [,4]
[1,] -0.6989177 -25.2271 556.3986 -258.464

[[2]]
[1] 5.485641


NOTE: Log Print Time:  2022-03-24 19:25:05 
NOTE: Elapsed Time in seconds: 1.04021017948786 

[[1]]
           [,1]     [,2]     [,3]     [,4]
[1,] -0.6989177 -25.2271 556.3986 -258.464

[[2]]
[1] 5.485641


NOTE: Log Print Time:  2022-03-24 19:26:05 
NOTE: Elapsed Time in seconds: 1.00534879366557 

[[1]]
           [,1]     [,2]     [,3]     [,4]
[1,] -0.6989177 -25.2271 556.3986 -258.464

[[2]]
[1] 5.485641


NOTE: Log Print Time:  2022-03-24 19:27:08 
NOTE: Elapsed Time in seconds: 1.05722479422887 

[[1]]
           [,1]     [,2]     [,3]     [,4]
[1,] -0.6989177 -25.2271 556.3986 -258.464

[[2]]
[1] 5.485641


NOTE: Log Print Time:  2022-03-24 19:28:12 
NOTE: Elapsed Time in seconds: 1.05435563325882 

[[1]]
           [,1]     [,2]     [,3]     [,4]
[1,] -0.6989177 -25.2271 556.3986 -258.464

[[2]]
[1] 5.485641


NOTE: Log Print Time:  2022-03-24 19:29:15 
NOTE: Elapsed Time in seconds: 1.05866854190826 

[[1]]
           [,1]     [,2]     [,3]     [,4]
[1,] -0.6989177 -25.2271 556.3986 -258.464

[[2]]
[1] 5.485641


NOTE: Log Print Time:  2022-03-24 19:30:17 
NOTE: Elapsed Time in seconds: 1.02478208144506 

[[1]]
           [,1]     [,2]     [,3]     [,4]
[1,] -0.6989177 -25.2271 556.3986 -258.464

[[2]]
[1] 5.485641


NOTE: Log Print Time:  2022-03-24 19:31:20 
NOTE: Elapsed Time in seconds: 1.0553121527036 

[[1]]
           [,1]     [,2]     [,3]     [,4]
[1,] -0.6989177 -25.2271 556.3986 -258.464

[[2]]
[1] 5.485641


NOTE: Log Print Time:  2022-03-24 19:32:22 
NOTE: Elapsed Time in seconds: 1.04133377075195 

[[1]]
           [,1]     [,2]     [,3]     [,4]
[1,] -0.6989177 -25.2271 556.3986 -258.464

[[2]]
[1] 5.485641


NOTE: Log Print Time:  2022-03-24 19:33:25 
NOTE: Elapsed Time in seconds: 1.03730278412501 

[[1]]
           [,1]     [,2]     [,3]     [,4]
[1,] -0.6989177 -25.2271 556.3986 -258.464

[[2]]
[1] 5.485641


NOTE: Log Print Time:  2022-03-24 19:34:26 
NOTE: Elapsed Time in seconds: 1.02023165623347 

[[1]]
           [,1]     [,2]     [,3]     [,4]
[1,] -0.6989177 -25.2271 556.3986 -258.464

[[2]]
[1] 5.485641


NOTE: Log Print Time:  2022-03-24 19:35:28 
NOTE: Elapsed Time in seconds: 1.03334511121114 

[[1]]
           [,1]     [,2]     [,3]     [,4]
[1,] -0.6989177 -25.2271 556.3986 -258.464

[[2]]
[1] 5.485641


NOTE: Log Print Time:  2022-03-24 19:36:30 
NOTE: Elapsed Time in seconds: 1.04292836983999 

[[1]]
           [,1]     [,2]     [,3]     [,4]
[1,] -0.6989177 -25.2271 556.3986 -258.464

[[2]]
[1] 5.485641


NOTE: Log Print Time:  2022-03-24 19:37:33 
NOTE: Elapsed Time in seconds: 1.0408731897672 

[[1]]
           [,1]     [,2]     [,3]     [,4]
[1,] -0.6989177 -25.2271 556.3986 -258.464

[[2]]
[1] 5.485641


NOTE: Log Print Time:  2022-03-24 19:38:35 
NOTE: Elapsed Time in seconds: 1.03519156773885 

[[1]]
           [,1]     [,2]     [,3]     [,4]
[1,] -0.6989177 -25.2271 556.3986 -258.464

[[2]]
[1] 5.485641


NOTE: Log Print Time:  2022-03-24 19:39:37 
NOTE: Elapsed Time in seconds: 1.02582232952118 

[[1]]
           [,1]     [,2]     [,3]     [,4]
[1,] -0.6989177 -25.2271 556.3986 -258.464

[[2]]
[1] 5.485641


NOTE: Log Print Time:  2022-03-24 19:40:40 
NOTE: Elapsed Time in seconds: 1.0505393743515 

[[1]]
           [,1]     [,2]     [,3]     [,4]
[1,] -0.6989177 -25.2271 556.3986 -258.464

[[2]]
[1] 5.485641


NOTE: Log Print Time:  2022-03-24 19:41:43 
NOTE: Elapsed Time in seconds: 1.04953113396962 

[[1]]
           [,1]     [,2]     [,3]     [,4]
[1,] -0.6989177 -25.2271 556.3986 -258.464

[[2]]
[1] 5.485641


NOTE: Log Print Time:  2022-03-24 19:42:47 
NOTE: Elapsed Time in seconds: 1.06577636003494 

[[1]]
           [,1]     [,2]     [,3]     [,4]
[1,] -0.6989177 -25.2271 556.3986 -258.464

[[2]]
[1] 5.485641


NOTE: Log Print Time:  2022-03-24 19:43:50 
NOTE: Elapsed Time in seconds: 1.0602810382843 

[[1]]
           [,1]     [,2]     [,3]     [,4]
[1,] -0.6989177 -25.2271 556.3986 -258.464

[[2]]
[1] 5.485641


NOTE: Log Print Time:  2022-03-24 19:44:52 
NOTE: Elapsed Time in seconds: 1.03181114196777 

[[1]]
           [,1]     [,2]     [,3]     [,4]
[1,] -0.6989177 -25.2271 556.3986 -258.464

[[2]]
[1] 5.485641


NOTE: Log Print Time:  2022-03-24 19:45:55 
NOTE: Elapsed Time in seconds: 1.04767597119013 

[[1]]
           [,1]     [,2]     [,3]     [,4]
[1,] -0.6989177 -25.2271 556.3986 -258.464

[[2]]
[1] 5.485641


NOTE: Log Print Time:  2022-03-24 19:46:57 
NOTE: Elapsed Time in seconds: 1.02667169173559 

[[1]]
           [,1]     [,2]     [,3]     [,4]
[1,] -0.6989177 -25.2271 556.3986 -258.464

[[2]]
[1] 5.485641


NOTE: Log Print Time:  2022-03-24 19:48:00 
NOTE: Elapsed Time in seconds: 1.05763837099075 

[[1]]
           [,1]     [,2]     [,3]     [,4]
[1,] -0.6989177 -25.2271 556.3986 -258.464

[[2]]
[1] 5.485641


NOTE: Log Print Time:  2022-03-24 19:49:01 
NOTE: Elapsed Time in seconds: 1.01016959746679 

[[1]]
           [,1]     [,2]     [,3]     [,4]
[1,] -0.6989177 -25.2271 556.3986 -258.464

[[2]]
[1] 5.485641


NOTE: Log Print Time:  2022-03-24 19:50:04 
NOTE: Elapsed Time in seconds: 1.06206206480662 

[[1]]
           [,1]     [,2]     [,3]     [,4]
[1,] -0.6989177 -25.2271 556.3986 -258.464

[[2]]
[1] 5.485641


NOTE: Log Print Time:  2022-03-24 19:51:05 
NOTE: Elapsed Time in seconds: 1.01519169012705 

[[1]]
           [,1]     [,2]     [,3]     [,4]
[1,] -0.6989177 -25.2271 556.3986 -258.464

[[2]]
[1] 5.485641


NOTE: Log Print Time:  2022-03-24 19:52:07 
NOTE: Elapsed Time in seconds: 1.03047128518422 

[[1]]
           [,1]     [,2]     [,3]     [,4]
[1,] -0.6989177 -25.2271 556.3986 -258.464

[[2]]
[1] 5.485641


NOTE: Log Print Time:  2022-03-24 19:53:09 
NOTE: Elapsed Time in seconds: 1.03312536478043 

[[1]]
           [,1]     [,2]     [,3]     [,4]
[1,] -0.6989177 -25.2271 556.3986 -258.464

[[2]]
[1] 5.485641


NOTE: Log Print Time:  2022-03-24 19:54:10 
NOTE: Elapsed Time in seconds: 1.01398818492889 

[[1]]
           [,1]     [,2]     [,3]     [,4]
[1,] -0.6989177 -25.2271 556.3986 -258.464

[[2]]
[1] 5.485641


NOTE: Log Print Time:  2022-03-24 19:55:12 
NOTE: Elapsed Time in seconds: 1.02992119391759 

[[1]]
           [,1]     [,2]     [,3]     [,4]
[1,] -0.6989177 -25.2271 556.3986 -258.464

[[2]]
[1] 5.485641


NOTE: Log Print Time:  2022-03-24 19:56:12 
NOTE: Elapsed Time in seconds: 1.00797909895579 

[[1]]
           [,1]     [,2]     [,3]     [,4]
[1,] -0.6989177 -25.2271 556.3986 -258.464

[[2]]
[1] 5.485641


NOTE: Log Print Time:  2022-03-24 19:57:13 
NOTE: Elapsed Time in seconds: 1.01882650454839 

[[1]]
           [,1]     [,2]     [,3]     [,4]
[1,] -0.6989177 -25.2271 556.3986 -258.464

[[2]]
[1] 5.485641


NOTE: Log Print Time:  2022-03-24 19:58:17 
NOTE: Elapsed Time in seconds: 1.06893342336019 

[[1]]
           [,1]     [,2]     [,3]     [,4]
[1,] -0.6989177 -25.2271 556.3986 -258.464

[[2]]
[1] 5.485641


NOTE: Log Print Time:  2022-03-24 19:59:21 
NOTE: Elapsed Time in seconds: 1.05186199744542 

[[1]]
           [,1]     [,2]     [,3]     [,4]
[1,] -0.6989177 -25.2271 556.3986 -258.464

[[2]]
[1] 5.485641


NOTE: Log Print Time:  2022-03-24 20:00:23 
NOTE: Elapsed Time in seconds: 1.04069569905599 

[[1]]
           [,1]     [,2]     [,3]     [,4]
[1,] -0.6989177 -25.2271 556.3986 -258.464

[[2]]
[1] 5.485641


NOTE: Log Print Time:  2022-03-24 20:01:25 
NOTE: Elapsed Time in seconds: 1.02849460840225 

[[1]]
           [,1]     [,2]     [,3]     [,4]
[1,] -0.6989177 -25.2271 556.3986 -258.464

[[2]]
[1] 5.485641


NOTE: Log Print Time:  2022-03-24 20:02:26 
NOTE: Elapsed Time in seconds: 1.0199470837911 

[[1]]
           [,1]     [,2]     [,3]     [,4]
[1,] -0.6989177 -25.2271 556.3986 -258.464

[[2]]
[1] 5.485641


NOTE: Log Print Time:  2022-03-24 20:03:28 
NOTE: Elapsed Time in seconds: 1.03099694252014 

[[1]]
           [,1]     [,2]     [,3]     [,4]
[1,] -0.6989177 -25.2271 556.3986 -258.464

[[2]]
[1] 5.485641


NOTE: Log Print Time:  2022-03-24 20:04:31 
NOTE: Elapsed Time in seconds: 1.05894082784653 

[[1]]
           [,1]     [,2]     [,3]     [,4]
[1,] -0.6989177 -25.2271 556.3986 -258.464

[[2]]
[1] 5.485641


NOTE: Log Print Time:  2022-03-24 20:05:34 
NOTE: Elapsed Time in seconds: 1.04842134316762 

[[1]]
           [,1]     [,2]     [,3]     [,4]
[1,] -0.6989177 -25.2271 556.3986 -258.464

[[2]]
[1] 5.485641


NOTE: Log Print Time:  2022-03-24 20:06:37 
NOTE: Elapsed Time in seconds: 1.04880398114522 

[[1]]
           [,1]     [,2]     [,3]     [,4]
[1,] -0.6989177 -25.2271 556.3986 -258.464

[[2]]
[1] 5.485641


NOTE: Log Print Time:  2022-03-24 20:07:39 
NOTE: Elapsed Time in seconds: 1.03678174416224 

