========================================================================= 
Log Path: /scratch/wanglu57/job_scripts/log/2022-03-24_si-G-emp_ga.log 
Program Path: /scratch/wanglu57/job_scripts/2022-03-24_si-G-emp.R 
Working Directory: /scratch/wanglu57/job_scripts 
User Name: wanglu57 
R Version: 4.0.2 (2020-06-22) 
Machine: cdr2456.int.cedar.computecanada.ca x86_64 
Operating System: Linux 3.10.0-1160.53.1.el7.x86_64 #1 SMP Fri Jan 14 13:59:45 UTC 2022 
[1] "Base Packages: parallel stats graphics grDevices utils datasets methods\n               base \nOther Packages: doRNG_1.8.2 rngtools_1.5.2 here_1.0.1 GA_3.2.2 doParallel_1.0.16\n                iterators_1.0.13 foreach_1.5.1 "
Log Start Time: 2022-03-24 18:07:49 
========================================================================= 

[[1]]
          [,1]      [,2]     [,3]     [,4]
[1,] 0.4093276 -56.45883 659.3997 2126.814

[[2]]
[1] 6.242055


NOTE: Log Print Time:  2022-03-24 18:09:02 
NOTE: Elapsed Time in seconds: 1.22548645337423 

[[1]]
           [,1]     [,2]      [,3]      [,4]
[1,] -0.3159925 8.225646 -60.50623 -801.8476

[[2]]
[1] 6.425448


NOTE: Log Print Time:  2022-03-24 18:10:03 
NOTE: Elapsed Time in seconds: 1.0187540213267 

[[1]]
           [,1]     [,2]      [,3]     [,4]
[1,] -0.3614017 9.563258 -57.04109 -605.081

[[2]]
[1] 6.844941


NOTE: Log Print Time:  2022-03-24 18:11:05 
NOTE: Elapsed Time in seconds: 1.02305354277293 

[[1]]
           [,1]     [,2]      [,3]     [,4]
[1,] -0.3614017 9.563258 -57.04109 -605.081

[[2]]
[1] 6.844941


NOTE: Log Print Time:  2022-03-24 18:12:07 
NOTE: Elapsed Time in seconds: 1.04201365709305 

[[1]]
          [,1]      [,2]     [,3]      [,4]
[1,] 0.1446547 -7.237951 125.6921 -1237.426

[[2]]
[1] 7.115759


NOTE: Log Print Time:  2022-03-24 18:13:08 
NOTE: Elapsed Time in seconds: 1.01707941691081 

[[1]]
          [,1]      [,2]     [,3]      [,4]
[1,] 0.1446547 -7.237951 125.6921 -1237.426

[[2]]
[1] 7.115759


NOTE: Log Print Time:  2022-03-24 18:14:11 
NOTE: Elapsed Time in seconds: 1.04637621243795 

[[1]]
          [,1]      [,2]     [,3]      [,4]
[1,] 0.1446547 -7.237951 125.6921 -1237.426

[[2]]
[1] 7.115759


NOTE: Log Print Time:  2022-03-24 18:15:16 
NOTE: Elapsed Time in seconds: 1.07425398429235 

[[1]]
          [,1]      [,2]     [,3]     [,4]
[1,] -0.186487 -6.886858 37.24658 217.3688

[[2]]
[1] 7.484322


NOTE: Log Print Time:  2022-03-24 18:16:19 
NOTE: Elapsed Time in seconds: 1.05099452733994 

[[1]]
           [,1]      [,2]     [,3]      [,4]
[1,] -0.1637577 -6.897922 104.6762 -994.5433

[[2]]
[1] 7.897869


NOTE: Log Print Time:  2022-03-24 18:17:20 
NOTE: Elapsed Time in seconds: 1.03117176691691 

[[1]]
           [,1]      [,2]     [,3]      [,4]
[1,] -0.1637577 -6.897922 104.6762 -994.5433

[[2]]
[1] 7.897869


NOTE: Log Print Time:  2022-03-24 18:18:22 
NOTE: Elapsed Time in seconds: 1.02666625579198 

[[1]]
           [,1]      [,2]     [,3]      [,4]
[1,] -0.1637577 -6.897922 104.6762 -994.5433

[[2]]
[1] 7.897869


NOTE: Log Print Time:  2022-03-24 18:19:24 
NOTE: Elapsed Time in seconds: 1.03108453353246 

[[1]]
           [,1]      [,2]     [,3]      [,4]
[1,] -0.1637577 -6.897922 104.6762 -994.5433

[[2]]
[1] 7.897869


NOTE: Log Print Time:  2022-03-24 18:20:26 
NOTE: Elapsed Time in seconds: 1.0277468919754 

[[1]]
            [,1]      [,2]      [,3]     [,4]
[1,] -0.04097034 -3.878361 -3.282406 156.2313

[[2]]
[1] 7.903358


NOTE: Log Print Time:  2022-03-24 18:21:27 
NOTE: Elapsed Time in seconds: 1.02413666645686 

[[1]]
            [,1]      [,2]      [,3]     [,4]
[1,] -0.04097034 -3.878361 -3.282406 156.2313

[[2]]
[1] 7.903358


NOTE: Log Print Time:  2022-03-24 18:22:29 
NOTE: Elapsed Time in seconds: 1.03835511207581 

[[1]]
            [,1]      [,2]      [,3]     [,4]
[1,] -0.04097034 -3.878361 -3.282406 156.2313

[[2]]
[1] 7.903358


NOTE: Log Print Time:  2022-03-24 18:23:31 
NOTE: Elapsed Time in seconds: 1.0271598537763 

[[1]]
            [,1]      [,2]      [,3]     [,4]
[1,] -0.04097034 -3.878361 -3.282406 156.2313

[[2]]
[1] 7.903358


NOTE: Log Print Time:  2022-03-24 18:24:32 
NOTE: Elapsed Time in seconds: 1.01438958247503 

[[1]]
            [,1]      [,2]     [,3]      [,4]
[1,] -0.09866538 -11.63246 105.9643 -682.7237

[[2]]
[1] 7.950837


NOTE: Log Print Time:  2022-03-24 18:25:36 
NOTE: Elapsed Time in seconds: 1.06836549043655 

[[1]]
            [,1]      [,2]     [,3]     [,4]
[1,] 0.003626481 -11.27318 85.62883 -413.338

[[2]]
[1] 8.084548


NOTE: Log Print Time:  2022-03-24 18:26:37 
NOTE: Elapsed Time in seconds: 1.0104856133461 

[[1]]
           [,1]      [,2]     [,3]      [,4]
[1,] 0.07345015 -10.96494 87.29172 -459.8415

[[2]]
[1] 8.228244


NOTE: Log Print Time:  2022-03-24 18:27:41 
NOTE: Elapsed Time in seconds: 1.07932931582133 

[[1]]
           [,1]      [,2]     [,3]      [,4]
[1,] 0.07345015 -10.96494 87.29172 -459.8415

[[2]]
[1] 8.228244


NOTE: Log Print Time:  2022-03-24 18:28:46 
NOTE: Elapsed Time in seconds: 1.08118727604548 

[[1]]
            [,1]      [,2]    [,3]      [,4]
[1,] -0.02744211 -7.304352 97.5842 -935.2124

[[2]]
[1] 8.236151


NOTE: Log Print Time:  2022-03-24 18:29:48 
NOTE: Elapsed Time in seconds: 1.02721784909566 

[[1]]
            [,1]      [,2]    [,3]      [,4]
[1,] -0.02744211 -7.304352 97.5842 -935.2124

[[2]]
[1] 8.236151


NOTE: Log Print Time:  2022-03-24 18:30:49 
NOTE: Elapsed Time in seconds: 1.01284365256627 

[[1]]
            [,1]      [,2]     [,3]      [,4]
[1,] -0.04338897 -5.696295 39.11235 -192.5859

[[2]]
[1] 8.472318


NOTE: Log Print Time:  2022-03-24 18:31:52 
NOTE: Elapsed Time in seconds: 1.05645887454351 

[[1]]
            [,1]      [,2]     [,3]      [,4]
[1,] -0.04338897 -5.696295 39.11235 -192.5859

[[2]]
[1] 8.472318


NOTE: Log Print Time:  2022-03-24 18:32:55 
NOTE: Elapsed Time in seconds: 1.04638045231501 

[[1]]
            [,1]      [,2]     [,3]      [,4]
[1,] -0.04338897 -5.696295 39.11235 -192.5859

[[2]]
[1] 8.472318


NOTE: Log Print Time:  2022-03-24 18:33:56 
NOTE: Elapsed Time in seconds: 1.02705295085907 

[[1]]
            [,1]      [,2]     [,3]      [,4]
[1,] -0.04338897 -5.696295 39.11235 -192.5859

[[2]]
[1] 8.472318


NOTE: Log Print Time:  2022-03-24 18:34:58 
NOTE: Elapsed Time in seconds: 1.02253077427546 

[[1]]
            [,1]      [,2]     [,3]      [,4]
[1,] -0.04338897 -5.696295 39.11235 -192.5859

[[2]]
[1] 8.472318


NOTE: Log Print Time:  2022-03-24 18:35:59 
NOTE: Elapsed Time in seconds: 1.02436481714249 

[[1]]
            [,1]      [,2]     [,3]      [,4]
[1,] -0.04338897 -5.696295 39.11235 -192.5859

[[2]]
[1] 8.472318


NOTE: Log Print Time:  2022-03-24 18:37:00 
NOTE: Elapsed Time in seconds: 1.00780284802119 

[[1]]
           [,1]      [,2]     [,3]      [,4]
[1,] 0.07002791 -10.89045 88.25363 -502.1045

[[2]]
[1] 8.516699


NOTE: Log Print Time:  2022-03-24 18:38:00 
NOTE: Elapsed Time in seconds: 1.01157650152842 

[[1]]
           [,1]      [,2]     [,3]      [,4]
[1,] 0.07002791 -10.89045 88.25363 -502.1045

[[2]]
[1] 8.516699


NOTE: Log Print Time:  2022-03-24 18:39:02 
NOTE: Elapsed Time in seconds: 1.02188048760096 

[[1]]
           [,1]      [,2]     [,3]      [,4]
[1,] 0.07002791 -10.89045 88.25363 -502.1045

[[2]]
[1] 8.516699


NOTE: Log Print Time:  2022-03-24 18:40:03 
NOTE: Elapsed Time in seconds: 1.01984109481176 

[[1]]
           [,1]      [,2]     [,3]      [,4]
[1,] 0.07002791 -10.89045 88.25363 -502.1045

[[2]]
[1] 8.516699


NOTE: Log Print Time:  2022-03-24 18:41:04 
NOTE: Elapsed Time in seconds: 1.02116921345393 

[[1]]
           [,1]      [,2]     [,3]      [,4]
[1,] 0.03171544 -8.743713 77.66497 -497.5489

[[2]]
[1] 8.519584


NOTE: Log Print Time:  2022-03-24 18:42:06 
NOTE: Elapsed Time in seconds: 1.02481277386347 

[[1]]
           [,1]      [,2]     [,3]      [,4]
[1,] 0.02975412 -9.123519 80.38664 -508.2736

[[2]]
[1] 8.550017


NOTE: Log Print Time:  2022-03-24 18:43:07 
NOTE: Elapsed Time in seconds: 1.02246270179749 

[[1]]
           [,1]      [,2]     [,3]      [,4]
[1,] 0.05765195 -9.898314 77.53723 -448.4405

[[2]]
[1] 8.578323


NOTE: Log Print Time:  2022-03-24 18:44:08 
NOTE: Elapsed Time in seconds: 1.0187996228536 

[[1]]
           [,1]      [,2]     [,3]      [,4]
[1,] 0.05765195 -9.898314 77.53723 -448.4405

[[2]]
[1] 8.578323


NOTE: Log Print Time:  2022-03-24 18:45:10 
NOTE: Elapsed Time in seconds: 1.02592422564824 

[[1]]
           [,1]      [,2]     [,3]      [,4]
[1,] 0.05765195 -9.898314 77.53723 -448.4405

[[2]]
[1] 8.578323


NOTE: Log Print Time:  2022-03-24 18:46:11 
NOTE: Elapsed Time in seconds: 1.01744600931803 

[[1]]
           [,1]      [,2]     [,3]      [,4]
[1,] 0.05765195 -9.898314 77.53723 -448.4405

[[2]]
[1] 8.578323


NOTE: Log Print Time:  2022-03-24 18:47:12 
NOTE: Elapsed Time in seconds: 1.01527967055639 

[[1]]
           [,1]      [,2]     [,3]      [,4]
[1,] 0.05765195 -9.898314 77.53723 -448.4405

[[2]]
[1] 8.578323


NOTE: Log Print Time:  2022-03-24 18:48:21 
NOTE: Elapsed Time in seconds: 1.16346326669057 

[[1]]
           [,1]      [,2]     [,3]      [,4]
[1,] 0.05765195 -9.898314 77.53723 -448.4405

[[2]]
[1] 8.578323


NOTE: Log Print Time:  2022-03-24 18:49:23 
NOTE: Elapsed Time in seconds: 1.01799466609955 

[[1]]
           [,1]      [,2]     [,3]      [,4]
[1,] 0.05765195 -9.898314 77.53723 -448.4405

[[2]]
[1] 8.578323


NOTE: Log Print Time:  2022-03-24 18:50:28 
NOTE: Elapsed Time in seconds: 1.08568745851517 

[[1]]
           [,1]      [,2]     [,3]      [,4]
[1,] 0.05765195 -9.898314 77.53723 -448.4405

[[2]]
[1] 8.578323


NOTE: Log Print Time:  2022-03-24 18:51:33 
NOTE: Elapsed Time in seconds: 1.0855517466863 

[[1]]
           [,1]      [,2]     [,3]     [,4]
[1,] 0.02633873 -9.322164 77.35716 -471.704

[[2]]
[1] 8.582859


NOTE: Log Print Time:  2022-03-24 18:52:34 
NOTE: Elapsed Time in seconds: 1.02717573642731 

[[1]]
           [,1]      [,2]     [,3]     [,4]
[1,] 0.02633873 -9.322164 77.35716 -471.704

[[2]]
[1] 8.582859


NOTE: Log Print Time:  2022-03-24 18:53:36 
NOTE: Elapsed Time in seconds: 1.02832993666331 

[[1]]
           [,1]      [,2]     [,3]     [,4]
[1,] 0.02633873 -9.322164 77.35716 -471.704

[[2]]
[1] 8.582859


NOTE: Log Print Time:  2022-03-24 18:54:38 
NOTE: Elapsed Time in seconds: 1.02534716129303 

[[1]]
           [,1]      [,2]     [,3]     [,4]
[1,] 0.02633873 -9.322164 77.35716 -471.704

[[2]]
[1] 8.582859


NOTE: Log Print Time:  2022-03-24 18:55:39 
NOTE: Elapsed Time in seconds: 1.02781034310659 

[[1]]
           [,1]      [,2]     [,3]     [,4]
[1,] 0.02633873 -9.322164 77.35716 -471.704

[[2]]
[1] 8.582859


NOTE: Log Print Time:  2022-03-24 18:56:41 
NOTE: Elapsed Time in seconds: 1.03319373528163 

[[1]]
           [,1]      [,2]     [,3]     [,4]
[1,] 0.02633873 -9.322164 77.35716 -471.704

[[2]]
[1] 8.582859


NOTE: Log Print Time:  2022-03-24 18:57:43 
NOTE: Elapsed Time in seconds: 1.03255666891734 

[[1]]
           [,1]      [,2]     [,3]     [,4]
[1,] 0.02633873 -9.322164 77.35716 -471.704

[[2]]
[1] 8.582859


NOTE: Log Print Time:  2022-03-24 18:58:45 
NOTE: Elapsed Time in seconds: 1.02809966007868 

[[1]]
           [,1]      [,2]     [,3]     [,4]
[1,] 0.02633873 -9.322164 77.35716 -471.704

[[2]]
[1] 8.582859


NOTE: Log Print Time:  2022-03-24 18:59:49 
NOTE: Elapsed Time in seconds: 1.05950759251912 

[[1]]
           [,1]      [,2]     [,3]     [,4]
[1,] 0.02633873 -9.322164 77.35716 -471.704

[[2]]
[1] 8.582859


NOTE: Log Print Time:  2022-03-24 19:00:52 
NOTE: Elapsed Time in seconds: 1.05024399360021 

[[1]]
           [,1]      [,2]     [,3]      [,4]
[1,] 0.04732479 -9.714653 77.41415 -449.4379

[[2]]
[1] 8.586185


NOTE: Log Print Time:  2022-03-24 19:01:53 
NOTE: Elapsed Time in seconds: 1.03178223371506 

[[1]]
           [,1]      [,2]     [,3]      [,4]
[1,] 0.04732479 -9.714653 77.41415 -449.4379

[[2]]
[1] 8.586185


NOTE: Log Print Time:  2022-03-24 19:02:54 
NOTE: Elapsed Time in seconds: 1.00884980758031 

[[1]]
           [,1]      [,2]     [,3]      [,4]
[1,] 0.04732479 -9.714653 77.41415 -449.4379

[[2]]
[1] 8.586185


NOTE: Log Print Time:  2022-03-24 19:03:57 
NOTE: Elapsed Time in seconds: 1.04661192893982 

[[1]]
           [,1]      [,2]     [,3]      [,4]
[1,] 0.04732479 -9.714653 77.41415 -449.4379

[[2]]
[1] 8.586185


NOTE: Log Print Time:  2022-03-24 19:05:06 
NOTE: Elapsed Time in seconds: 1.15372492869695 

[[1]]
           [,1]      [,2]     [,3]      [,4]
[1,] 0.04732479 -9.714653 77.41415 -449.4379

[[2]]
[1] 8.586185


NOTE: Log Print Time:  2022-03-24 19:06:07 
NOTE: Elapsed Time in seconds: 1.01728561321894 

[[1]]
           [,1]      [,2]     [,3]      [,4]
[1,] 0.04732479 -9.714653 77.41415 -449.4379

[[2]]
[1] 8.586185


NOTE: Log Print Time:  2022-03-24 19:07:09 
NOTE: Elapsed Time in seconds: 1.03496449788411 

[[1]]
           [,1]      [,2]     [,3]      [,4]
[1,] 0.04732479 -9.714653 77.41415 -449.4379

[[2]]
[1] 8.586185


NOTE: Log Print Time:  2022-03-24 19:08:10 
NOTE: Elapsed Time in seconds: 1.0168844183286 

[[1]]
           [,1]      [,2]     [,3]      [,4]
[1,] 0.04732479 -9.714653 77.41415 -449.4379

[[2]]
[1] 8.586185


NOTE: Log Print Time:  2022-03-24 19:09:15 
NOTE: Elapsed Time in seconds: 1.07815773487091 

[[1]]
           [,1]      [,2]     [,3]      [,4]
[1,] 0.04732479 -9.714653 77.41415 -449.4379

[[2]]
[1] 8.586185


NOTE: Log Print Time:  2022-03-24 19:10:15 
NOTE: Elapsed Time in seconds: 1.00996025005976 

[[1]]
           [,1]      [,2]     [,3]      [,4]
[1,] 0.04732479 -9.714653 77.41415 -449.4379

[[2]]
[1] 8.586185


NOTE: Log Print Time:  2022-03-24 19:11:16 
NOTE: Elapsed Time in seconds: 1.01755590438843 

[[1]]
           [,1]      [,2]     [,3]      [,4]
[1,] 0.04495823 -9.517538 77.39857 -458.1276

[[2]]
[1] 8.586416


NOTE: Log Print Time:  2022-03-24 19:12:18 
NOTE: Elapsed Time in seconds: 1.02340265512466 

[[1]]
           [,1]      [,2]     [,3]      [,4]
[1,] 0.03106563 -9.437885 77.50003 -465.0909

[[2]]
[1] 8.586417


NOTE: Log Print Time:  2022-03-24 19:13:19 
NOTE: Elapsed Time in seconds: 1.02170799175898 

[[1]]
           [,1]      [,2]     [,3]      [,4]
[1,] 0.03106563 -9.437885 77.50003 -465.0909

[[2]]
[1] 8.586417


NOTE: Log Print Time:  2022-03-24 19:14:21 
NOTE: Elapsed Time in seconds: 1.02465203205744 

[[1]]
           [,1]      [,2]     [,3]      [,4]
[1,] 0.03372289 -9.523079 77.45153 -462.2702

[[2]]
[1] 8.586924


NOTE: Log Print Time:  2022-03-24 19:15:22 
NOTE: Elapsed Time in seconds: 1.02236214876175 

[[1]]
           [,1]      [,2]     [,3]      [,4]
[1,] 0.03372289 -9.523079 77.45153 -462.2702

[[2]]
[1] 8.586924


NOTE: Log Print Time:  2022-03-24 19:16:25 
NOTE: Elapsed Time in seconds: 1.05240440368652 

[[1]]
           [,1]      [,2]     [,3]      [,4]
[1,] 0.03372289 -9.523079 77.45153 -462.2702

[[2]]
[1] 8.586924


NOTE: Log Print Time:  2022-03-24 19:17:27 
NOTE: Elapsed Time in seconds: 1.02382612625758 

[[1]]
           [,1]      [,2]     [,3]      [,4]
[1,] 0.03372289 -9.523079 77.45153 -462.2702

[[2]]
[1] 8.586924


NOTE: Log Print Time:  2022-03-24 19:18:29 
NOTE: Elapsed Time in seconds: 1.04828367630641 

[[1]]
           [,1]      [,2]     [,3]      [,4]
[1,] 0.03372289 -9.523079 77.45153 -462.2702

[[2]]
[1] 8.586924


NOTE: Log Print Time:  2022-03-24 19:19:31 
NOTE: Elapsed Time in seconds: 1.0200398961703 

[[1]]
           [,1]      [,2]     [,3]      [,4]
[1,] 0.03372289 -9.523079 77.45153 -462.2702

[[2]]
[1] 8.586924


NOTE: Log Print Time:  2022-03-24 19:20:31 
NOTE: Elapsed Time in seconds: 1.00849430561066 

[[1]]
           [,1]      [,2]     [,3]      [,4]
[1,] 0.03372289 -9.523079 77.45153 -462.2702

[[2]]
[1] 8.586924


NOTE: Log Print Time:  2022-03-24 19:21:33 
NOTE: Elapsed Time in seconds: 1.02868561347326 

[[1]]
         [,1]     [,2]     [,3]      [,4]
[1,] 0.036914 -9.58335 77.27315 -456.5775

[[2]]
[1] 8.58729


NOTE: Log Print Time:  2022-03-24 19:22:35 
NOTE: Elapsed Time in seconds: 1.02668699820836 

[[1]]
         [,1]     [,2]     [,3]      [,4]
[1,] 0.036914 -9.58335 77.27315 -456.5775

[[2]]
[1] 8.58729


NOTE: Log Print Time:  2022-03-24 19:23:36 
NOTE: Elapsed Time in seconds: 1.02408916155497 

[[1]]
         [,1]     [,2]     [,3]      [,4]
[1,] 0.036914 -9.58335 77.27315 -456.5775

[[2]]
[1] 8.58729


NOTE: Log Print Time:  2022-03-24 19:24:37 
NOTE: Elapsed Time in seconds: 1.01609910726547 

[[1]]
         [,1]     [,2]     [,3]      [,4]
[1,] 0.036914 -9.58335 77.27315 -456.5775

[[2]]
[1] 8.58729


NOTE: Log Print Time:  2022-03-24 19:25:39 
NOTE: Elapsed Time in seconds: 1.03108093738556 

[[1]]
         [,1]     [,2]     [,3]      [,4]
[1,] 0.036914 -9.58335 77.27315 -456.5775

[[2]]
[1] 8.58729


NOTE: Log Print Time:  2022-03-24 19:26:40 
NOTE: Elapsed Time in seconds: 1.01411545276642 

[[1]]
         [,1]      [,2]     [,3]      [,4]
[1,] 0.040145 -9.562518 77.86972 -462.7982

[[2]]
[1] 8.5876


NOTE: Log Print Time:  2022-03-24 19:27:40 
NOTE: Elapsed Time in seconds: 1.01146990855535 

[[1]]
         [,1]      [,2]     [,3]      [,4]
[1,] 0.040145 -9.562518 77.86972 -462.7982

[[2]]
[1] 8.5876


NOTE: Log Print Time:  2022-03-24 19:28:42 
NOTE: Elapsed Time in seconds: 1.02434406677882 

[[1]]
         [,1]      [,2]     [,3]      [,4]
[1,] 0.040145 -9.562518 77.86972 -462.7982

[[2]]
[1] 8.5876


NOTE: Log Print Time:  2022-03-24 19:29:43 
NOTE: Elapsed Time in seconds: 1.01645363966624 

[[1]]
         [,1]      [,2]     [,3]      [,4]
[1,] 0.040145 -9.562518 77.86972 -462.7982

[[2]]
[1] 8.5876


NOTE: Log Print Time:  2022-03-24 19:30:44 
NOTE: Elapsed Time in seconds: 1.02284591197968 

[[1]]
         [,1]      [,2]     [,3]      [,4]
[1,] 0.040145 -9.562518 77.86972 -462.7982

[[2]]
[1] 8.5876


NOTE: Log Print Time:  2022-03-24 19:31:47 
NOTE: Elapsed Time in seconds: 1.04638246695201 

[[1]]
         [,1]      [,2]     [,3]      [,4]
[1,] 0.040145 -9.562518 77.86972 -462.7982

[[2]]
[1] 8.5876


NOTE: Log Print Time:  2022-03-24 19:32:48 
NOTE: Elapsed Time in seconds: 1.0113164305687 

[[1]]
         [,1]      [,2]     [,3]      [,4]
[1,] 0.040145 -9.562518 77.86972 -462.7982

[[2]]
[1] 8.5876


NOTE: Log Print Time:  2022-03-24 19:33:51 
NOTE: Elapsed Time in seconds: 1.05182780424754 

[[1]]
         [,1]      [,2]     [,3]      [,4]
[1,] 0.040145 -9.562518 77.86972 -462.7982

[[2]]
[1] 8.5876


NOTE: Log Print Time:  2022-03-24 19:34:52 
NOTE: Elapsed Time in seconds: 1.02827314933141 

[[1]]
         [,1]      [,2]     [,3]      [,4]
[1,] 0.040145 -9.562518 77.86972 -462.7982

[[2]]
[1] 8.5876


NOTE: Log Print Time:  2022-03-24 19:35:54 
NOTE: Elapsed Time in seconds: 1.01924477815628 

[[1]]
         [,1]      [,2]     [,3]      [,4]
[1,] 0.040145 -9.562518 77.86972 -462.7982

[[2]]
[1] 8.5876


NOTE: Log Print Time:  2022-03-24 19:36:55 
NOTE: Elapsed Time in seconds: 1.02922486066818 

[[1]]
         [,1]      [,2]     [,3]      [,4]
[1,] 0.040145 -9.562518 77.86972 -462.7982

[[2]]
[1] 8.5876


NOTE: Log Print Time:  2022-03-24 19:37:56 
NOTE: Elapsed Time in seconds: 1.01412391265233 

[[1]]
         [,1]      [,2]     [,3]      [,4]
[1,] 0.040145 -9.562518 77.86972 -462.7982

[[2]]
[1] 8.5876


NOTE: Log Print Time:  2022-03-24 19:38:57 
NOTE: Elapsed Time in seconds: 1.02112993796666 

[[1]]
         [,1]      [,2]     [,3]      [,4]
[1,] 0.040145 -9.562518 77.86972 -462.7982

[[2]]
[1] 8.5876


NOTE: Log Print Time:  2022-03-24 19:39:59 
NOTE: Elapsed Time in seconds: 1.03101065953573 

[[1]]
           [,1]      [,2]     [,3]      [,4]
[1,] 0.03981964 -9.570453 77.58262 -458.5007

[[2]]
[1] 8.587795


NOTE: Log Print Time:  2022-03-24 19:41:02 
NOTE: Elapsed Time in seconds: 1.04197341601054 

[[1]]
           [,1]      [,2]     [,3]      [,4]
[1,] 0.03981964 -9.570453 77.58262 -458.5007

[[2]]
[1] 8.587795


NOTE: Log Print Time:  2022-03-24 19:42:03 
NOTE: Elapsed Time in seconds: 1.02079220612844 

[[1]]
           [,1]      [,2]     [,3]      [,4]
[1,] 0.04173097 -9.568125 76.86421 -450.7797

[[2]]
[1] 8.587948


NOTE: Log Print Time:  2022-03-24 19:43:05 
NOTE: Elapsed Time in seconds: 1.02535102367401 

[[1]]
           [,1]      [,2]     [,3]      [,4]
[1,] 0.04173097 -9.568125 76.86421 -450.7797

[[2]]
[1] 8.587948


NOTE: Log Print Time:  2022-03-24 19:44:05 
NOTE: Elapsed Time in seconds: 1.00657392342885 

[[1]]
           [,1]      [,2]     [,3]      [,4]
[1,] 0.04174608 -9.573287 76.90565 -451.7446

[[2]]
[1] 8.587985


NOTE: Log Print Time:  2022-03-24 19:45:06 
NOTE: Elapsed Time in seconds: 1.02322423060735 

[[1]]
           [,1]      [,2]     [,3]      [,4]
[1,] 0.04174608 -9.573287 76.90565 -451.7446

[[2]]
[1] 8.587985


NOTE: Log Print Time:  2022-03-24 19:46:07 
NOTE: Elapsed Time in seconds: 1.00507586399714 

[[1]]
           [,1]      [,2]     [,3]      [,4]
[1,] 0.04174608 -9.573287 76.90565 -451.7446

[[2]]
[1] 8.587985


NOTE: Log Print Time:  2022-03-24 19:47:07 
NOTE: Elapsed Time in seconds: 1.00848138332367 

[[1]]
           [,1]      [,2]     [,3]      [,4]
[1,] 0.04174608 -9.573287 76.90565 -451.7446

[[2]]
[1] 8.587985


NOTE: Log Print Time:  2022-03-24 19:48:09 
NOTE: Elapsed Time in seconds: 1.02820046345393 

[[1]]
           [,1]      [,2]     [,3]      [,4]
[1,] 0.04174608 -9.573287 76.90565 -451.7446

[[2]]
[1] 8.587985


NOTE: Log Print Time:  2022-03-24 19:49:10 
NOTE: Elapsed Time in seconds: 1.01315027872721 

[[1]]
           [,1]      [,2]     [,3]      [,4]
[1,] 0.04174608 -9.573287 76.90565 -451.7446

[[2]]
[1] 8.587985


NOTE: Log Print Time:  2022-03-24 19:50:10 
NOTE: Elapsed Time in seconds: 1.0096430460612 

[[1]]
           [,1]      [,2]     [,3]      [,4]
[1,] 0.04174608 -9.573287 76.90565 -451.7446

[[2]]
[1] 8.587985


NOTE: Log Print Time:  2022-03-24 19:51:11 
NOTE: Elapsed Time in seconds: 1.01563569704692 

[[1]]
           [,1]      [,2]     [,3]      [,4]
[1,] 0.04174608 -9.573287 76.90565 -451.7446

[[2]]
[1] 8.587985


NOTE: Log Print Time:  2022-03-24 19:52:12 
NOTE: Elapsed Time in seconds: 1.00715203682582 

[[1]]
           [,1]      [,2]     [,3]      [,4]
[1,] 0.04174608 -9.573287 76.90565 -451.7446

[[2]]
[1] 8.587985


NOTE: Log Print Time:  2022-03-24 19:53:13 
NOTE: Elapsed Time in seconds: 1.02572606404622 

[[1]]
           [,1]      [,2]     [,3]      [,4]
[1,] 0.04174608 -9.573287 76.90565 -451.7446

[[2]]
[1] 8.587985


NOTE: Log Print Time:  2022-03-24 19:54:15 
NOTE: Elapsed Time in seconds: 1.03231449127197 

[[1]]
           [,1]      [,2]     [,3]      [,4]
[1,] 0.04174608 -9.573287 76.90565 -451.7446

[[2]]
[1] 8.587985


NOTE: Log Print Time:  2022-03-24 19:55:20 
NOTE: Elapsed Time in seconds: 1.08499681552251 

[[1]]
           [,1]      [,2]     [,3]      [,4]
[1,] 0.04174608 -9.573287 76.90565 -451.7446

[[2]]
[1] 8.587985


NOTE: Log Print Time:  2022-03-24 19:56:21 
NOTE: Elapsed Time in seconds: 1.01205404202143 

[[1]]
           [,1]      [,2]     [,3]      [,4]
[1,] 0.04174608 -9.573287 76.90565 -451.7446

[[2]]
[1] 8.587985


NOTE: Log Print Time:  2022-03-24 19:57:30 
NOTE: Elapsed Time in seconds: 1.15793069601059 

[[1]]
           [,1]      [,2]     [,3]      [,4]
[1,] 0.04174608 -9.573287 76.90565 -451.7446

[[2]]
[1] 8.587985


NOTE: Log Print Time:  2022-03-24 19:58:34 
NOTE: Elapsed Time in seconds: 1.05710924069087 

[[1]]
           [,1]      [,2]     [,3]      [,4]
[1,] 0.04174608 -9.573287 76.90565 -451.7446

[[2]]
[1] 8.587985


NOTE: Log Print Time:  2022-03-24 19:59:35 
NOTE: Elapsed Time in seconds: 1.02231909831365 

[[1]]
           [,1]      [,2]     [,3]      [,4]
[1,] 0.04174608 -9.573287 76.90565 -451.7446

[[2]]
[1] 8.587985


NOTE: Log Print Time:  2022-03-24 20:00:36 
NOTE: Elapsed Time in seconds: 1.0219386100769 

[[1]]
           [,1]      [,2]     [,3]      [,4]
[1,] 0.04174608 -9.573287 76.90565 -451.7446

[[2]]
[1] 8.587985


NOTE: Log Print Time:  2022-03-24 20:01:37 
NOTE: Elapsed Time in seconds: 1.01374643643697 

[[1]]
           [,1]      [,2]     [,3]      [,4]
[1,] 0.04174608 -9.573287 76.90565 -451.7446

[[2]]
[1] 8.587985


NOTE: Log Print Time:  2022-03-24 20:02:40 
NOTE: Elapsed Time in seconds: 1.04108565251033 

[[1]]
           [,1]      [,2]     [,3]      [,4]
[1,] 0.04174608 -9.573287 76.90565 -451.7446

[[2]]
[1] 8.587985


NOTE: Log Print Time:  2022-03-24 20:03:41 
NOTE: Elapsed Time in seconds: 1.01898494958878 

[[1]]
           [,1]      [,2]    [,3]      [,4]
[1,] 0.04174103 -9.573676 77.1497 -453.9771

[[2]]
[1] 8.587986


NOTE: Log Print Time:  2022-03-24 20:04:43 
NOTE: Elapsed Time in seconds: 1.03968580166499 

[[1]]
           [,1]      [,2]    [,3]      [,4]
[1,] 0.04174103 -9.573676 77.1497 -453.9771

[[2]]
[1] 8.587986


NOTE: Log Print Time:  2022-03-24 20:05:44 
NOTE: Elapsed Time in seconds: 1.02004733482997 

[[1]]
           [,1]      [,2]    [,3]      [,4]
[1,] 0.04174103 -9.573676 77.1497 -453.9771

[[2]]
[1] 8.587986


NOTE: Log Print Time:  2022-03-24 20:06:45 
NOTE: Elapsed Time in seconds: 1.01032829284668 

[[1]]
           [,1]      [,2]    [,3]      [,4]
[1,] 0.04174103 -9.573676 77.1497 -453.9771

[[2]]
[1] 8.587986


NOTE: Log Print Time:  2022-03-24 20:07:46 
NOTE: Elapsed Time in seconds: 1.01539171934128 

[[1]]
           [,1]      [,2]    [,3]      [,4]
[1,] 0.04174103 -9.573676 77.1497 -453.9771

[[2]]
[1] 8.587986


NOTE: Log Print Time:  2022-03-24 20:08:54 
NOTE: Elapsed Time in seconds: 1.13288767337799 

[[1]]
           [,1]      [,2]    [,3]      [,4]
[1,] 0.04174103 -9.573676 77.1497 -453.9771

[[2]]
[1] 8.587986


NOTE: Log Print Time:  2022-03-24 20:10:05 
NOTE: Elapsed Time in seconds: 1.17712873220444 

[[1]]
           [,1]      [,2]    [,3]      [,4]
[1,] 0.04174103 -9.573676 77.1497 -453.9771

[[2]]
[1] 8.587986


NOTE: Log Print Time:  2022-03-24 20:11:07 
NOTE: Elapsed Time in seconds: 1.03865478833516 

[[1]]
           [,1]      [,2]    [,3]      [,4]
[1,] 0.04174103 -9.573676 77.1497 -453.9771

[[2]]
[1] 8.587986


NOTE: Log Print Time:  2022-03-24 20:12:09 
NOTE: Elapsed Time in seconds: 1.03261658747991 

[[1]]
           [,1]      [,2]    [,3]      [,4]
[1,] 0.04174103 -9.573676 77.1497 -453.9771

[[2]]
[1] 8.587986


NOTE: Log Print Time:  2022-03-24 20:13:10 
NOTE: Elapsed Time in seconds: 1.01656612157822 

[[1]]
           [,1]      [,2]    [,3]      [,4]
[1,] 0.04174103 -9.573676 77.1497 -453.9771

[[2]]
[1] 8.587986


NOTE: Log Print Time:  2022-03-24 20:14:11 
NOTE: Elapsed Time in seconds: 1.02661566734314 

[[1]]
           [,1]      [,2]    [,3]      [,4]
[1,] 0.04174103 -9.573676 77.1497 -453.9771

[[2]]
[1] 8.587986


NOTE: Log Print Time:  2022-03-24 20:15:12 
NOTE: Elapsed Time in seconds: 1.01098919709524 

[[1]]
           [,1]      [,2]    [,3]      [,4]
[1,] 0.04174103 -9.573676 77.1497 -453.9771

[[2]]
[1] 8.587986


NOTE: Log Print Time:  2022-03-24 20:16:13 
NOTE: Elapsed Time in seconds: 1.02229692538579 

[[1]]
           [,1]      [,2]     [,3]      [,4]
[1,] 0.04168235 -9.574779 77.18093 -454.4272

[[2]]
[1] 8.587988


NOTE: Log Print Time:  2022-03-24 20:17:14 
NOTE: Elapsed Time in seconds: 1.0107475956281 

[[1]]
           [,1]      [,2]     [,3]      [,4]
[1,] 0.04168235 -9.574779 77.18093 -454.4272

[[2]]
[1] 8.587988


NOTE: Log Print Time:  2022-03-24 20:18:15 
NOTE: Elapsed Time in seconds: 1.0114820599556 

[[1]]
           [,1]      [,2]     [,3]      [,4]
[1,] 0.04168235 -9.574779 77.18093 -454.4272

[[2]]
[1] 8.587988


NOTE: Log Print Time:  2022-03-24 20:19:16 
NOTE: Elapsed Time in seconds: 1.02119881312052 

[[1]]
           [,1]      [,2]     [,3]      [,4]
[1,] 0.04168235 -9.574779 77.18093 -454.4272

[[2]]
[1] 8.587988


NOTE: Log Print Time:  2022-03-24 20:20:17 
NOTE: Elapsed Time in seconds: 1.01380476554235 

[[1]]
           [,1]      [,2]     [,3]      [,4]
[1,] 0.04168235 -9.574779 77.18093 -454.4272

[[2]]
[1] 8.587988


NOTE: Log Print Time:  2022-03-24 20:21:21 
NOTE: Elapsed Time in seconds: 1.06656448841095 

[[1]]
           [,1]      [,2]     [,3]      [,4]
[1,] 0.04168235 -9.574779 77.18093 -454.4272

[[2]]
[1] 8.587988


NOTE: Log Print Time:  2022-03-24 20:22:22 
NOTE: Elapsed Time in seconds: 1.01349506775538 

[[1]]
           [,1]      [,2]     [,3]      [,4]
[1,] 0.04168235 -9.574779 77.18093 -454.4272

[[2]]
[1] 8.587988


NOTE: Log Print Time:  2022-03-24 20:23:22 
NOTE: Elapsed Time in seconds: 1.01129870812098 

[[1]]
           [,1]      [,2]     [,3]      [,4]
[1,] 0.04168235 -9.574779 77.18093 -454.4272

[[2]]
[1] 8.587988


NOTE: Log Print Time:  2022-03-24 20:24:24 
NOTE: Elapsed Time in seconds: 1.02516981363296 

[[1]]
           [,1]      [,2]     [,3]      [,4]
[1,] 0.04174475 -9.573626 77.02421 -453.2373

[[2]]
[1] 8.587993


NOTE: Log Print Time:  2022-03-24 20:25:25 
NOTE: Elapsed Time in seconds: 1.02277619043986 

[[1]]
           [,1]      [,2]     [,3]      [,4]
[1,] 0.04174475 -9.573626 77.02421 -453.2373

[[2]]
[1] 8.587993


NOTE: Log Print Time:  2022-03-24 20:26:26 
NOTE: Elapsed Time in seconds: 1.01126317183177 

[[1]]
           [,1]      [,2]     [,3]      [,4]
[1,] 0.04174475 -9.573626 77.02421 -453.2373

[[2]]
[1] 8.587993


NOTE: Log Print Time:  2022-03-24 20:27:28 
NOTE: Elapsed Time in seconds: 1.03184865315755 

[[1]]
          [,1]      [,2]     [,3]      [,4]
[1,] 0.0418033 -9.573979 77.11076 -454.0054

[[2]]
[1] 8.587997


NOTE: Log Print Time:  2022-03-24 20:28:30 
NOTE: Elapsed Time in seconds: 1.03458805878957 

[[1]]
          [,1]      [,2]     [,3]      [,4]
[1,] 0.0418033 -9.573979 77.11076 -454.0054

[[2]]
[1] 8.587997


NOTE: Log Print Time:  2022-03-24 20:29:31 
NOTE: Elapsed Time in seconds: 1.00955087343852 

[[1]]
          [,1]      [,2]     [,3]      [,4]
[1,] 0.0418033 -9.573979 77.11076 -454.0054

[[2]]
[1] 8.587997


NOTE: Log Print Time:  2022-03-24 20:30:32 
NOTE: Elapsed Time in seconds: 1.03032118479411 

[[1]]
          [,1]      [,2]     [,3]      [,4]
[1,] 0.0418033 -9.573979 77.11076 -454.0054

[[2]]
[1] 8.587997


NOTE: Log Print Time:  2022-03-24 20:31:42 
NOTE: Elapsed Time in seconds: 1.15834146340688 

[[1]]
          [,1]      [,2]     [,3]      [,4]
[1,] 0.0418033 -9.573979 77.11076 -454.0054

[[2]]
[1] 8.587997


NOTE: Log Print Time:  2022-03-24 20:32:44 
NOTE: Elapsed Time in seconds: 1.04269140561422 

[[1]]
          [,1]      [,2]     [,3]      [,4]
[1,] 0.0418033 -9.573979 77.11076 -454.0054

[[2]]
[1] 8.587997


NOTE: Log Print Time:  2022-03-24 20:33:46 
NOTE: Elapsed Time in seconds: 1.0230510075887 

[[1]]
          [,1]      [,2]     [,3]      [,4]
[1,] 0.0418033 -9.573979 77.11076 -454.0054

[[2]]
[1] 8.587997


NOTE: Log Print Time:  2022-03-24 20:34:47 
NOTE: Elapsed Time in seconds: 1.01245818138123 

[[1]]
          [,1]      [,2]     [,3]      [,4]
[1,] 0.0418033 -9.573979 77.11076 -454.0054

[[2]]
[1] 8.587997


NOTE: Log Print Time:  2022-03-24 20:35:48 
NOTE: Elapsed Time in seconds: 1.02288209994634 

[[1]]
          [,1]      [,2]     [,3]      [,4]
[1,] 0.0418033 -9.573979 77.11076 -454.0054

[[2]]
[1] 8.587997


NOTE: Log Print Time:  2022-03-24 20:36:49 
NOTE: Elapsed Time in seconds: 1.02073871294657 

[[1]]
          [,1]      [,2]     [,3]      [,4]
[1,] 0.0418033 -9.573979 77.11076 -454.0054

[[2]]
[1] 8.587997


NOTE: Log Print Time:  2022-03-24 20:37:51 
NOTE: Elapsed Time in seconds: 1.02900858322779 

[[1]]
          [,1]      [,2]     [,3]      [,4]
[1,] 0.0418033 -9.573979 77.11076 -454.0054

[[2]]
[1] 8.587997


NOTE: Log Print Time:  2022-03-24 20:38:51 
NOTE: Elapsed Time in seconds: 1.00093112786611 

[[1]]
          [,1]      [,2]     [,3]      [,4]
[1,] 0.0418033 -9.573979 77.11076 -454.0054

[[2]]
[1] 8.587997


NOTE: Log Print Time:  2022-03-24 20:39:52 
NOTE: Elapsed Time in seconds: 1.02268390258153 

[[1]]
          [,1]      [,2]     [,3]      [,4]
[1,] 0.0418033 -9.573979 77.11076 -454.0054

[[2]]
[1] 8.587997


NOTE: Log Print Time:  2022-03-24 20:40:54 
NOTE: Elapsed Time in seconds: 1.02214088439941 

[[1]]
          [,1]      [,2]     [,3]      [,4]
[1,] 0.0418033 -9.573979 77.11076 -454.0054

[[2]]
[1] 8.587997


NOTE: Log Print Time:  2022-03-24 20:41:58 
NOTE: Elapsed Time in seconds: 1.0693700671196 

[[1]]
          [,1]      [,2]     [,3]      [,4]
[1,] 0.0418033 -9.573979 77.11076 -454.0054

[[2]]
[1] 8.587997


NOTE: Log Print Time:  2022-03-24 20:42:58 
NOTE: Elapsed Time in seconds: 1.00127566258113 

[[1]]
           [,1]      [,2]     [,3]      [,4]
[1,] 0.04173118 -9.573981 77.10928 -453.7843

[[2]]
[1] 8.588


NOTE: Log Print Time:  2022-03-24 20:44:00 
NOTE: Elapsed Time in seconds: 1.04226719935735 

[[1]]
           [,1]      [,2]     [,3]      [,4]
[1,] 0.04173118 -9.573981 77.10928 -453.7843

[[2]]
[1] 8.588


NOTE: Log Print Time:  2022-03-24 20:45:10 
NOTE: Elapsed Time in seconds: 1.15881137450536 

[[1]]
           [,1]      [,2]     [,3]      [,4]
[1,] 0.04173118 -9.573981 77.10928 -453.7843

[[2]]
[1] 8.588


NOTE: Log Print Time:  2022-03-24 20:46:12 
NOTE: Elapsed Time in seconds: 1.03103398482005 

[[1]]
           [,1]      [,2]     [,3]      [,4]
[1,] 0.04173118 -9.573981 77.10928 -453.7843

[[2]]
[1] 8.588


NOTE: Log Print Time:  2022-03-24 20:47:14 
NOTE: Elapsed Time in seconds: 1.02950180768967 

[[1]]
           [,1]      [,2]     [,3]      [,4]
[1,] 0.04173118 -9.573981 77.10928 -453.7843

[[2]]
[1] 8.588


NOTE: Log Print Time:  2022-03-24 20:48:18 
NOTE: Elapsed Time in seconds: 1.06723630428314 

[[1]]
           [,1]      [,2]     [,3]      [,4]
[1,] 0.04173118 -9.573981 77.10928 -453.7843

[[2]]
[1] 8.588


NOTE: Log Print Time:  2022-03-24 20:49:18 
NOTE: Elapsed Time in seconds: 1.01327779690425 

[[1]]
           [,1]      [,2]     [,3]      [,4]
[1,] 0.04173118 -9.573981 77.10928 -453.7843

[[2]]
[1] 8.588


NOTE: Log Print Time:  2022-03-24 20:50:20 
NOTE: Elapsed Time in seconds: 1.02026789585749 

[[1]]
           [,1]      [,2]     [,3]      [,4]
[1,] 0.04173118 -9.573981 77.10928 -453.7843

[[2]]
[1] 8.588


NOTE: Log Print Time:  2022-03-24 20:51:23 
NOTE: Elapsed Time in seconds: 1.05141218900681 

[[1]]
           [,1]      [,2]     [,3]      [,4]
[1,] 0.04173118 -9.573981 77.10928 -453.7843

[[2]]
[1] 8.588


NOTE: Log Print Time:  2022-03-24 20:52:27 
NOTE: Elapsed Time in seconds: 1.07080142895381 

[[1]]
           [,1]      [,2]     [,3]      [,4]
[1,] 0.04173118 -9.573981 77.10928 -453.7843

[[2]]
[1] 8.588


NOTE: Log Print Time:  2022-03-24 20:53:28 
NOTE: Elapsed Time in seconds: 1.01568179527919 

[[1]]
           [,1]      [,2]     [,3]      [,4]
[1,] 0.04173118 -9.573981 77.10928 -453.7843

[[2]]
[1] 8.588


NOTE: Log Print Time:  2022-03-24 20:54:30 
NOTE: Elapsed Time in seconds: 1.02792092561722 

[[1]]
           [,1]      [,2]     [,3]      [,4]
[1,] 0.04173118 -9.573981 77.10928 -453.7843

[[2]]
[1] 8.588


NOTE: Log Print Time:  2022-03-24 20:55:32 
NOTE: Elapsed Time in seconds: 1.03838878075282 

[[1]]
           [,1]      [,2]     [,3]      [,4]
[1,] 0.04173118 -9.573981 77.10928 -453.7843

[[2]]
[1] 8.588


NOTE: Log Print Time:  2022-03-24 20:56:33 
NOTE: Elapsed Time in seconds: 1.01142884890238 

[[1]]
           [,1]      [,2]     [,3]      [,4]
[1,] 0.04173118 -9.573981 77.10928 -453.7843

[[2]]
[1] 8.588


NOTE: Log Print Time:  2022-03-24 20:57:34 
NOTE: Elapsed Time in seconds: 1.02552876472473 

[[1]]
           [,1]      [,2]     [,3]      [,4]
[1,] 0.04173118 -9.573981 77.10928 -453.7843

[[2]]
[1] 8.588


NOTE: Log Print Time:  2022-03-24 20:58:36 
NOTE: Elapsed Time in seconds: 1.02567821741104 

[[1]]
           [,1]      [,2]     [,3]      [,4]
[1,] 0.04173118 -9.573981 77.10928 -453.7843

[[2]]
[1] 8.588


NOTE: Log Print Time:  2022-03-24 20:59:38 
NOTE: Elapsed Time in seconds: 1.04093072017034 

[[1]]
           [,1]      [,2]     [,3]      [,4]
[1,] 0.04178745 -9.574043 77.10953 -453.8318

[[2]]
[1] 8.588


NOTE: Log Print Time:  2022-03-24 21:00:39 
NOTE: Elapsed Time in seconds: 1.02011113564173 

[[1]]
           [,1]      [,2]     [,3]      [,4]
[1,] 0.04178745 -9.574043 77.10953 -453.8318

[[2]]
[1] 8.588


NOTE: Log Print Time:  2022-03-24 21:01:42 
NOTE: Elapsed Time in seconds: 1.04273151556651 

[[1]]
           [,1]      [,2]     [,3]      [,4]
[1,] 0.04178745 -9.574043 77.10953 -453.8318

[[2]]
[1] 8.588


NOTE: Log Print Time:  2022-03-24 21:02:43 
NOTE: Elapsed Time in seconds: 1.0258352637291 

[[1]]
           [,1]      [,2]     [,3]      [,4]
[1,] 0.04178745 -9.574043 77.10953 -453.8318

[[2]]
[1] 8.588


NOTE: Log Print Time:  2022-03-24 21:03:45 
NOTE: Elapsed Time in seconds: 1.02150392134984 

[[1]]
           [,1]      [,2]     [,3]      [,4]
[1,] 0.04178745 -9.574043 77.10953 -453.8318

[[2]]
[1] 8.588


NOTE: Log Print Time:  2022-03-24 21:04:47 
NOTE: Elapsed Time in seconds: 1.0378638625145 

[[1]]
           [,1]      [,2]    [,3]      [,4]
[1,] 0.04171072 -9.574057 77.1119 -453.8631

[[2]]
[1] 8.588


NOTE: Log Print Time:  2022-03-24 21:05:48 
NOTE: Elapsed Time in seconds: 1.02182708978653 

[[1]]
           [,1]      [,2]    [,3]      [,4]
[1,] 0.04171072 -9.574057 77.1119 -453.8631

[[2]]
[1] 8.588


NOTE: Log Print Time:  2022-03-24 21:06:48 
NOTE: Elapsed Time in seconds: 59.5255537033081 

[[1]]
           [,1]      [,2]    [,3]      [,4]
[1,] 0.04171072 -9.574057 77.1119 -453.8631

[[2]]
[1] 8.588


NOTE: Log Print Time:  2022-03-24 21:07:49 
NOTE: Elapsed Time in seconds: 1.02505150636037 

[[1]]
           [,1]      [,2]    [,3]      [,4]
[1,] 0.04171072 -9.574057 77.1119 -453.8631

[[2]]
[1] 8.588


NOTE: Log Print Time:  2022-03-24 21:08:50 
NOTE: Elapsed Time in seconds: 1.00836881796519 

[[1]]
           [,1]      [,2]    [,3]      [,4]
[1,] 0.04171072 -9.574057 77.1119 -453.8631

[[2]]
[1] 8.588


NOTE: Log Print Time:  2022-03-24 21:09:51 
NOTE: Elapsed Time in seconds: 1.0269226471583 

[[1]]
           [,1]      [,2]    [,3]      [,4]
[1,] 0.04171072 -9.574057 77.1119 -453.8631

[[2]]
[1] 8.588


NOTE: Log Print Time:  2022-03-24 21:10:53 
NOTE: Elapsed Time in seconds: 1.02362989187241 

[[1]]
           [,1]      [,2]    [,3]      [,4]
[1,] 0.04171072 -9.574057 77.1119 -453.8631

[[2]]
[1] 8.588


NOTE: Log Print Time:  2022-03-24 21:11:57 
NOTE: Elapsed Time in seconds: 1.07569720745087 

[[1]]
           [,1]      [,2]    [,3]      [,4]
[1,] 0.04171072 -9.574057 77.1119 -453.8631

[[2]]
[1] 8.588


NOTE: Log Print Time:  2022-03-24 21:12:58 
NOTE: Elapsed Time in seconds: 1.01080967187881 

[[1]]
           [,1]      [,2]    [,3]      [,4]
[1,] 0.04171072 -9.574057 77.1119 -453.8631

[[2]]
[1] 8.588


NOTE: Log Print Time:  2022-03-24 21:13:59 
NOTE: Elapsed Time in seconds: 1.02415090004603 

[[1]]
           [,1]      [,2]    [,3]      [,4]
[1,] 0.04171072 -9.574057 77.1119 -453.8631

[[2]]
[1] 8.588


NOTE: Log Print Time:  2022-03-24 21:15:01 
NOTE: Elapsed Time in seconds: 1.02923448483149 

[[1]]
           [,1]      [,2]    [,3]      [,4]
[1,] 0.04171072 -9.574057 77.1119 -453.8631

[[2]]
[1] 8.588


NOTE: Log Print Time:  2022-03-24 21:16:05 
NOTE: Elapsed Time in seconds: 1.06416189670563 

[[1]]
           [,1]      [,2]    [,3]      [,4]
[1,] 0.04171072 -9.574057 77.1119 -453.8631

[[2]]
[1] 8.588


NOTE: Log Print Time:  2022-03-24 21:17:07 
NOTE: Elapsed Time in seconds: 1.03252427180608 

[[1]]
           [,1]      [,2]     [,3]     [,4]
[1,] 0.04182426 -9.566313 77.06364 -453.496

[[2]]
[1] 8.588025


NOTE: Log Print Time:  2022-03-24 21:18:09 
NOTE: Elapsed Time in seconds: 1.03063377141953 

[[1]]
           [,1]      [,2]     [,3]     [,4]
[1,] 0.04182426 -9.566313 77.06364 -453.496

[[2]]
[1] 8.588025


NOTE: Log Print Time:  2022-03-24 21:19:10 
NOTE: Elapsed Time in seconds: 1.02216120560964 

[[1]]
           [,1]      [,2]     [,3]     [,4]
[1,] 0.04182426 -9.566313 77.06364 -453.496

[[2]]
[1] 8.588025


NOTE: Log Print Time:  2022-03-24 21:20:12 
NOTE: Elapsed Time in seconds: 1.02861386537552 

[[1]]
           [,1]      [,2]     [,3]     [,4]
[1,] 0.04182426 -9.566313 77.06364 -453.496

[[2]]
[1] 8.588025


NOTE: Log Print Time:  2022-03-24 21:21:12 
NOTE: Elapsed Time in seconds: 59.5888185501099 

[[1]]
           [,1]      [,2]     [,3]     [,4]
[1,] 0.04182426 -9.566313 77.06364 -453.496

[[2]]
[1] 8.588025


NOTE: Log Print Time:  2022-03-24 21:22:13 
NOTE: Elapsed Time in seconds: 1.01896529992421 

[[1]]
           [,1]      [,2]     [,3]     [,4]
[1,] 0.04182426 -9.566313 77.06364 -453.496

[[2]]
[1] 8.588025


NOTE: Log Print Time:  2022-03-24 21:23:15 
NOTE: Elapsed Time in seconds: 1.04305692513784 

[[1]]
           [,1]      [,2]     [,3]     [,4]
[1,] 0.04182426 -9.566313 77.06364 -453.496

[[2]]
[1] 8.588025


NOTE: Log Print Time:  2022-03-24 21:24:16 
NOTE: Elapsed Time in seconds: 1.01075974702835 

[[1]]
           [,1]      [,2]     [,3]     [,4]
[1,] 0.04182426 -9.566313 77.06364 -453.496

[[2]]
[1] 8.588025


NOTE: Log Print Time:  2022-03-24 21:25:17 
NOTE: Elapsed Time in seconds: 1.02175432840983 

[[1]]
           [,1]      [,2]     [,3]     [,4]
[1,] 0.04182426 -9.566313 77.06364 -453.496

[[2]]
[1] 8.588025


NOTE: Log Print Time:  2022-03-24 21:26:18 
NOTE: Elapsed Time in seconds: 1.00538080135981 

[[1]]
           [,1]      [,2]     [,3]     [,4]
[1,] 0.04182426 -9.566313 77.06364 -453.496

[[2]]
[1] 8.588025


NOTE: Log Print Time:  2022-03-24 21:27:21 
NOTE: Elapsed Time in seconds: 1.05903451840083 

[[1]]
           [,1]      [,2]     [,3]     [,4]
[1,] 0.04182426 -9.566313 77.06364 -453.496

[[2]]
[1] 8.588025


NOTE: Log Print Time:  2022-03-24 21:28:22 
NOTE: Elapsed Time in seconds: 1.02013571659724 

[[1]]
           [,1]      [,2]     [,3]     [,4]
[1,] 0.04182426 -9.566313 77.06364 -453.496

[[2]]
[1] 8.588025


NOTE: Log Print Time:  2022-03-24 21:29:24 
NOTE: Elapsed Time in seconds: 1.02999984025955 

[[1]]
           [,1]      [,2]     [,3]     [,4]
[1,] 0.04182426 -9.566313 77.06364 -453.496

[[2]]
[1] 8.588025


NOTE: Log Print Time:  2022-03-24 21:30:26 
NOTE: Elapsed Time in seconds: 1.02969784339269 

[[1]]
           [,1]      [,2]     [,3]     [,4]
[1,] 0.04182426 -9.566313 77.06364 -453.496

[[2]]
[1] 8.588025


NOTE: Log Print Time:  2022-03-24 21:31:27 
NOTE: Elapsed Time in seconds: 1.01942041714986 

[[1]]
           [,1]      [,2]     [,3]     [,4]
[1,] 0.04182426 -9.566313 77.06364 -453.496

[[2]]
[1] 8.588025


NOTE: Log Print Time:  2022-03-24 21:32:28 
NOTE: Elapsed Time in seconds: 1.01283965905507 

[[1]]
           [,1]      [,2]     [,3]     [,4]
[1,] 0.04182426 -9.566313 77.06364 -453.496

[[2]]
[1] 8.588025


NOTE: Log Print Time:  2022-03-24 21:33:28 
NOTE: Elapsed Time in seconds: 1.01089217265447 

[[1]]
           [,1]      [,2]     [,3]     [,4]
[1,] 0.04182426 -9.566313 77.06364 -453.496

[[2]]
[1] 8.588025


NOTE: Log Print Time:  2022-03-24 21:34:29 
NOTE: Elapsed Time in seconds: 1.00880195299784 

[[1]]
           [,1]      [,2]     [,3]     [,4]
[1,] 0.04182426 -9.566313 77.06364 -453.496

[[2]]
[1] 8.588025


NOTE: Log Print Time:  2022-03-24 21:35:30 
NOTE: Elapsed Time in seconds: 1.01688146591187 

[[1]]
           [,1]      [,2]     [,3]     [,4]
[1,] 0.04182426 -9.566313 77.06364 -453.496

[[2]]
[1] 8.588025


NOTE: Log Print Time:  2022-03-24 21:36:30 
NOTE: Elapsed Time in seconds: 1.00523919264476 

[[1]]
           [,1]      [,2]     [,3]     [,4]
[1,] 0.04182426 -9.566313 77.06364 -453.496

[[2]]
[1] 8.588025


NOTE: Log Print Time:  2022-03-24 21:37:32 
NOTE: Elapsed Time in seconds: 1.02707895040512 

[[1]]
           [,1]      [,2]     [,3]     [,4]
[1,] 0.04182426 -9.566313 77.06364 -453.496

[[2]]
[1] 8.588025


NOTE: Log Print Time:  2022-03-24 21:38:33 
NOTE: Elapsed Time in seconds: 1.01020352443059 

[[1]]
           [,1]      [,2]     [,3]     [,4]
[1,] 0.04182426 -9.566313 77.06364 -453.496

[[2]]
[1] 8.588025


NOTE: Log Print Time:  2022-03-24 21:39:34 
NOTE: Elapsed Time in seconds: 1.02980221509933 

[[1]]
           [,1]      [,2]     [,3]     [,4]
[1,] 0.04182426 -9.566313 77.06364 -453.496

[[2]]
[1] 8.588025


NOTE: Log Print Time:  2022-03-24 21:40:35 
NOTE: Elapsed Time in seconds: 1.00425645112991 

[[1]]
           [,1]      [,2]     [,3]     [,4]
[1,] 0.04182426 -9.566313 77.06364 -453.496

[[2]]
[1] 8.588025


NOTE: Log Print Time:  2022-03-24 21:41:35 
NOTE: Elapsed Time in seconds: 1.0097042520841 

[[1]]
           [,1]      [,2]     [,3]     [,4]
[1,] 0.04182426 -9.566313 77.06364 -453.496

[[2]]
[1] 8.588025


NOTE: Log Print Time:  2022-03-24 21:42:36 
NOTE: Elapsed Time in seconds: 1.01914907296499 

[[1]]
           [,1]      [,2]     [,3]     [,4]
[1,] 0.04182426 -9.566313 77.06364 -453.496

[[2]]
[1] 8.588025


NOTE: Log Print Time:  2022-03-24 21:43:38 
NOTE: Elapsed Time in seconds: 1.03602840503057 

[[1]]
           [,1]      [,2]     [,3]     [,4]
[1,] 0.04182426 -9.566313 77.06364 -453.496

[[2]]
[1] 8.588025


NOTE: Log Print Time:  2022-03-24 21:44:39 
NOTE: Elapsed Time in seconds: 1.01151509682337 

[[1]]
           [,1]      [,2]     [,3]     [,4]
[1,] 0.04182426 -9.566313 77.06364 -453.496

[[2]]
[1] 8.588025


NOTE: Log Print Time:  2022-03-24 21:45:39 
NOTE: Elapsed Time in seconds: 1.00321316719055 

[[1]]
           [,1]      [,2]     [,3]     [,4]
[1,] 0.04182426 -9.566313 77.06364 -453.496

[[2]]
[1] 8.588025


NOTE: Log Print Time:  2022-03-24 21:46:38 
NOTE: Elapsed Time in seconds: 58.9904277324677 

[[1]]
           [,1]      [,2]     [,3]     [,4]
[1,] 0.04182426 -9.566313 77.06364 -453.496

[[2]]
[1] 8.588025


NOTE: Log Print Time:  2022-03-24 21:47:41 
NOTE: Elapsed Time in seconds: 1.04525114695231 

[[1]]
           [,1]      [,2]     [,3]     [,4]
[1,] 0.04182426 -9.566313 77.06364 -453.496

[[2]]
[1] 8.588025


NOTE: Log Print Time:  2022-03-24 21:48:41 
NOTE: Elapsed Time in seconds: 59.7087199687958 

[[1]]
           [,1]      [,2]     [,3]     [,4]
[1,] 0.04182426 -9.566313 77.06364 -453.496

[[2]]
[1] 8.588025


NOTE: Log Print Time:  2022-03-24 21:49:43 
NOTE: Elapsed Time in seconds: 1.04048576752345 

[[1]]
           [,1]      [,2]     [,3]     [,4]
[1,] 0.04182426 -9.566313 77.06364 -453.496

[[2]]
[1] 8.588025


NOTE: Log Print Time:  2022-03-24 21:50:44 
NOTE: Elapsed Time in seconds: 1.02150582472483 

[[1]]
           [,1]      [,2]     [,3]     [,4]
[1,] 0.04182426 -9.566313 77.06364 -453.496

[[2]]
[1] 8.588025


NOTE: Log Print Time:  2022-03-24 21:51:46 
NOTE: Elapsed Time in seconds: 1.02115798393885 

[[1]]
           [,1]      [,2]     [,3]     [,4]
[1,] 0.04182426 -9.566313 77.06364 -453.496

[[2]]
[1] 8.588025


NOTE: Log Print Time:  2022-03-24 21:52:46 
NOTE: Elapsed Time in seconds: 1.00502597490946 

[[1]]
           [,1]      [,2]     [,3]     [,4]
[1,] 0.04182426 -9.566313 77.06364 -453.496

[[2]]
[1] 8.588025


NOTE: Log Print Time:  2022-03-24 21:53:45 
NOTE: Elapsed Time in seconds: 58.8823282718658 

[[1]]
           [,1]      [,2]     [,3]     [,4]
[1,] 0.04182426 -9.566313 77.06364 -453.496

[[2]]
[1] 8.588025


NOTE: Log Print Time:  2022-03-24 21:54:46 
NOTE: Elapsed Time in seconds: 1.01852319637934 

[[1]]
           [,1]      [,2]     [,3]     [,4]
[1,] 0.04182426 -9.566313 77.06364 -453.496

[[2]]
[1] 8.588025


NOTE: Log Print Time:  2022-03-24 21:55:46 
NOTE: Elapsed Time in seconds: 1.00708697239558 

[[1]]
           [,1]      [,2]     [,3]     [,4]
[1,] 0.04182426 -9.566313 77.06364 -453.496

[[2]]
[1] 8.588025


NOTE: Log Print Time:  2022-03-24 21:56:47 
NOTE: Elapsed Time in seconds: 1.01679853200912 

[[1]]
           [,1]      [,2]     [,3]     [,4]
[1,] 0.04182426 -9.566313 77.06364 -453.496

[[2]]
[1] 8.588025


NOTE: Log Print Time:  2022-03-24 21:57:49 
NOTE: Elapsed Time in seconds: 1.02191713253657 

[[1]]
           [,1]      [,2]     [,3]     [,4]
[1,] 0.04182426 -9.566313 77.06364 -453.496

[[2]]
[1] 8.588025


NOTE: Log Print Time:  2022-03-24 21:58:50 
NOTE: Elapsed Time in seconds: 1.02263773679733 

[[1]]
           [,1]      [,2]     [,3]     [,4]
[1,] 0.04182426 -9.566313 77.06364 -453.496

[[2]]
[1] 8.588025


NOTE: Log Print Time:  2022-03-24 21:59:50 
NOTE: Elapsed Time in seconds: 1.00551714499791 

[[1]]
           [,1]      [,2]     [,3]     [,4]
[1,] 0.04182426 -9.566313 77.06364 -453.496

[[2]]
[1] 8.588025


NOTE: Log Print Time:  2022-03-24 22:00:52 
NOTE: Elapsed Time in seconds: 1.02104997237523 

[[1]]
           [,1]      [,2]     [,3]     [,4]
[1,] 0.04182426 -9.566313 77.06364 -453.496

[[2]]
[1] 8.588025


NOTE: Log Print Time:  2022-03-24 22:01:52 
NOTE: Elapsed Time in seconds: 1.01054162581762 

[[1]]
           [,1]      [,2]     [,3]     [,4]
[1,] 0.04182426 -9.566313 77.06364 -453.496

[[2]]
[1] 8.588025


NOTE: Log Print Time:  2022-03-24 22:02:53 
NOTE: Elapsed Time in seconds: 1.01687552134196 

[[1]]
           [,1]      [,2]     [,3]     [,4]
[1,] 0.04182426 -9.566313 77.06364 -453.496

[[2]]
[1] 8.588025


NOTE: Log Print Time:  2022-03-24 22:03:55 
NOTE: Elapsed Time in seconds: 1.0258895277977 

[[1]]
           [,1]      [,2]     [,3]     [,4]
[1,] 0.04182426 -9.566313 77.06364 -453.496

[[2]]
[1] 8.588025


NOTE: Log Print Time:  2022-03-24 22:04:56 
NOTE: Elapsed Time in seconds: 1.01379587650299 

