========================================================================= 
Log Path: /scratch/wanglu57/job_scripts/log/2022-03-06_si-I-log-emp_ga.log 
Program Path: /scratch/wanglu57/job_scripts/2022-03-06_si-I-log-emp.R 
Working Directory: /scratch/wanglu57/job_scripts 
User Name: wanglu57 
R Version: 4.0.2 (2020-06-22) 
Machine: cdr1409.int.cedar.computecanada.ca x86_64 
Operating System: Linux 3.10.0-1160.36.2.el7.x86_64 #1 SMP Wed Jul 21 11:57:15 UTC 2021 
[1] "Base Packages: parallel stats graphics grDevices utils datasets methods\n               base \nOther Packages: doRNG_1.8.2 rngtools_1.5.2 here_1.0.1 GA_3.2.2 doParallel_1.0.16\n                iterators_1.0.13 foreach_1.5.1 "
Log Start Time: 2022-03-08 05:13:38 
========================================================================= 

[[1]]
           [,1]      [,2]    [,3]      [,4]
[1,] 0.01071728 -73.25561 616.876 -712.8095

[[2]]
[1] 1.794617


NOTE: Log Print Time:  2022-03-08 05:14:07 
NOTE: Elapsed Time in seconds: 28.4527101516724 

[[1]]
           [,1]      [,2]    [,3]      [,4]
[1,] 0.01071728 -73.25561 616.876 -712.8095

[[2]]
[1] 1.794617


NOTE: Log Print Time:  2022-03-08 05:14:21 
NOTE: Elapsed Time in seconds: 14.5487525463104 

[[1]]
           [,1]      [,2]    [,3]      [,4]
[1,] 0.01071728 -73.25561 616.876 -712.8095

[[2]]
[1] 1.794617


NOTE: Log Print Time:  2022-03-08 05:14:36 
NOTE: Elapsed Time in seconds: 14.4509720802307 

[[1]]
           [,1]      [,2]    [,3]      [,4]
[1,] 0.01071728 -73.25561 616.876 -712.8095

[[2]]
[1] 1.794617


NOTE: Log Print Time:  2022-03-08 05:14:50 
NOTE: Elapsed Time in seconds: 14.0992143154144 

[[1]]
           [,1]      [,2]    [,3]      [,4]
[1,] 0.01071728 -73.25561 616.876 -712.8095

[[2]]
[1] 1.794617


NOTE: Log Print Time:  2022-03-08 05:15:04 
NOTE: Elapsed Time in seconds: 14.355920791626 

[[1]]
          [,1]      [,2]     [,3]      [,4]
[1,] 0.2049471 -44.64855 479.4628 -567.3568

[[2]]
[1] 1.797514


NOTE: Log Print Time:  2022-03-08 05:15:28 
NOTE: Elapsed Time in seconds: 23.8747053146362 

[[1]]
          [,1]      [,2]     [,3]      [,4]
[1,] 0.2049471 -44.64855 479.4628 -567.3568

[[2]]
[1] 1.797514


NOTE: Log Print Time:  2022-03-08 05:15:42 
NOTE: Elapsed Time in seconds: 14.2208812236786 

[[1]]
         [,1]      [,2]     [,3]      [,4]
[1,] 0.477994 -30.85975 449.4309 -540.1799

[[2]]
[1] 1.798021


NOTE: Log Print Time:  2022-03-08 05:15:58 
NOTE: Elapsed Time in seconds: 15.6084063053131 

[[1]]
          [,1]      [,2]    [,3]      [,4]
[1,] 0.5631087 -1.005604 394.551 -484.8469

[[2]]
[1] 1.79825


NOTE: Log Print Time:  2022-03-08 05:16:13 
NOTE: Elapsed Time in seconds: 15.0823724269867 

[[1]]
        [,1]      [,2]     [,3]      [,4]
[1,] 0.17909 -25.93484 434.7768 -526.5255

[[2]]
[1] 1.79827


NOTE: Log Print Time:  2022-03-08 05:16:28 
NOTE: Elapsed Time in seconds: 15.2458431720734 

[[1]]
        [,1]      [,2]     [,3]      [,4]
[1,] 0.17909 -25.93484 434.7768 -526.5255

[[2]]
[1] 1.79827


NOTE: Log Print Time:  2022-03-08 05:16:43 
NOTE: Elapsed Time in seconds: 15.107349395752 

[[1]]
        [,1]      [,2]     [,3]      [,4]
[1,] 0.17909 -25.93484 434.7768 -526.5255

[[2]]
[1] 1.79827


NOTE: Log Print Time:  2022-03-08 05:16:58 
NOTE: Elapsed Time in seconds: 14.5978970527649 

[[1]]
          [,1]      [,2]     [,3]      [,4]
[1,] 0.1611769 -12.88765 405.4362 -496.3701

[[2]]
[1] 1.798666


NOTE: Log Print Time:  2022-03-08 05:17:13 
NOTE: Elapsed Time in seconds: 15.1230721473694 

[[1]]
          [,1]      [,2]     [,3]      [,4]
[1,] 0.1611769 -12.88765 405.4362 -496.3701

[[2]]
[1] 1.798666


NOTE: Log Print Time:  2022-03-08 05:17:28 
NOTE: Elapsed Time in seconds: 15.1106960773468 

[[1]]
          [,1]      [,2]     [,3]      [,4]
[1,] 0.1611769 -12.88765 405.4362 -496.3701

[[2]]
[1] 1.798666


NOTE: Log Print Time:  2022-03-08 05:17:43 
NOTE: Elapsed Time in seconds: 14.7502274513245 

[[1]]
          [,1]      [,2]     [,3]      [,4]
[1,] 0.1611769 -12.88765 405.4362 -496.3701

[[2]]
[1] 1.798666


NOTE: Log Print Time:  2022-03-08 05:17:58 
NOTE: Elapsed Time in seconds: 15.0498614311218 

[[1]]
          [,1]      [,2]     [,3]      [,4]
[1,] 0.1611769 -12.88765 405.4362 -496.3701

[[2]]
[1] 1.798666


NOTE: Log Print Time:  2022-03-08 05:18:13 
NOTE: Elapsed Time in seconds: 15.2031934261322 

[[1]]
          [,1]      [,2]     [,3]      [,4]
[1,] 0.1611769 -12.88765 405.4362 -496.3701

[[2]]
[1] 1.798666


NOTE: Log Print Time:  2022-03-08 05:18:34 
NOTE: Elapsed Time in seconds: 20.9997518062592 

[[1]]
          [,1]      [,2]     [,3]      [,4]
[1,] 0.1611769 -12.88765 405.4362 -496.3701

[[2]]
[1] 1.798666


NOTE: Log Print Time:  2022-03-08 05:18:49 
NOTE: Elapsed Time in seconds: 14.9501748085022 

[[1]]
          [,1]      [,2]     [,3]      [,4]
[1,] 0.1611769 -12.88765 405.4362 -496.3701

[[2]]
[1] 1.798666


NOTE: Log Print Time:  2022-03-08 05:19:04 
NOTE: Elapsed Time in seconds: 14.8760397434235 

[[1]]
          [,1]      [,2]     [,3]      [,4]
[1,] 0.1611769 -12.88765 405.4362 -496.3701

[[2]]
[1] 1.798666


NOTE: Log Print Time:  2022-03-08 05:19:25 
NOTE: Elapsed Time in seconds: 20.9161837100983 

[[1]]
          [,1]      [,2]     [,3]      [,4]
[1,] 0.1611769 -12.88765 405.4362 -496.3701

[[2]]
[1] 1.798666


NOTE: Log Print Time:  2022-03-08 05:19:47 
NOTE: Elapsed Time in seconds: 21.5369048118591 

[[1]]
          [,1]      [,2]     [,3]      [,4]
[1,] 0.1611769 -12.88765 405.4362 -496.3701

[[2]]
[1] 1.798666


NOTE: Log Print Time:  2022-03-08 05:20:02 
NOTE: Elapsed Time in seconds: 15.2283618450165 

[[1]]
          [,1]      [,2]     [,3]      [,4]
[1,] 0.1611769 -12.88765 405.4362 -496.3701

[[2]]
[1] 1.798666


NOTE: Log Print Time:  2022-03-08 05:20:17 
NOTE: Elapsed Time in seconds: 15.376873254776 

[[1]]
          [,1]      [,2]     [,3]      [,4]
[1,] 0.1611769 -12.88765 405.4362 -496.3701

[[2]]
[1] 1.798666


NOTE: Log Print Time:  2022-03-08 05:20:31 
NOTE: Elapsed Time in seconds: 14.0850830078125 

[[1]]
          [,1]      [,2]     [,3]      [,4]
[1,] 0.1611769 -12.88765 405.4362 -496.3701

[[2]]
[1] 1.798666


NOTE: Log Print Time:  2022-03-08 05:20:46 
NOTE: Elapsed Time in seconds: 14.2962312698364 

[[1]]
          [,1]      [,2]     [,3]      [,4]
[1,] 0.1611769 -12.88765 405.4362 -496.3701

[[2]]
[1] 1.798666


NOTE: Log Print Time:  2022-03-08 05:21:01 
NOTE: Elapsed Time in seconds: 14.9959552288055 

[[1]]
          [,1]      [,2]     [,3]      [,4]
[1,] 0.1611769 -12.88765 405.4362 -496.3701

[[2]]
[1] 1.798666


NOTE: Log Print Time:  2022-03-08 05:21:22 
NOTE: Elapsed Time in seconds: 21.5022790431976 

[[1]]
          [,1]      [,2]     [,3]      [,4]
[1,] 0.1611769 -12.88765 405.4362 -496.3701

[[2]]
[1] 1.798666


NOTE: Log Print Time:  2022-03-08 05:21:37 
NOTE: Elapsed Time in seconds: 15.2258360385895 

[[1]]
          [,1]      [,2]     [,3]      [,4]
[1,] 0.1611769 -12.88765 405.4362 -496.3701

[[2]]
[1] 1.798666


NOTE: Log Print Time:  2022-03-08 05:21:52 
NOTE: Elapsed Time in seconds: 14.4543936252594 

[[1]]
          [,1]      [,2]     [,3]      [,4]
[1,] 0.2298156 -48.09103 428.2718 -505.1829

[[2]]
[1] 1.798779


NOTE: Log Print Time:  2022-03-08 05:22:07 
NOTE: Elapsed Time in seconds: 15.1258015632629 

[[1]]
          [,1]      [,2]     [,3]      [,4]
[1,] 0.2001843 -51.74907 426.5107 -502.7282

[[2]]
[1] 1.798911


NOTE: Log Print Time:  2022-03-08 05:22:26 
NOTE: Elapsed Time in seconds: 18.8401396274567 

[[1]]
          [,1]      [,2]     [,3]      [,4]
[1,] 0.2001843 -51.74907 426.5107 -502.7282

[[2]]
[1] 1.798911


NOTE: Log Print Time:  2022-03-08 05:22:47 
NOTE: Elapsed Time in seconds: 20.792688369751 

[[1]]
          [,1]      [,2]     [,3]      [,4]
[1,] 0.2001843 -51.74907 426.5107 -502.7282

[[2]]
[1] 1.798911


NOTE: Log Print Time:  2022-03-08 05:23:07 
NOTE: Elapsed Time in seconds: 20.8970756530762 

[[1]]
          [,1]      [,2]     [,3]      [,4]
[1,] 0.2001843 -51.74907 426.5107 -502.7282

[[2]]
[1] 1.798911


NOTE: Log Print Time:  2022-03-08 05:23:23 
NOTE: Elapsed Time in seconds: 15.4956905841827 

[[1]]
          [,1]      [,2]     [,3]      [,4]
[1,] 0.8518568 -53.72514 425.3297 -501.8905

[[2]]
[1] 1.79895


NOTE: Log Print Time:  2022-03-08 05:23:37 
NOTE: Elapsed Time in seconds: 14.427148103714 

[[1]]
          [,1]      [,2]     [,3]      [,4]
[1,] 0.8518568 -53.72514 425.3297 -501.8905

[[2]]
[1] 1.79895


NOTE: Log Print Time:  2022-03-08 05:23:53 
NOTE: Elapsed Time in seconds: 15.3581669330597 

[[1]]
          [,1]      [,2]     [,3]      [,4]
[1,] 0.8518568 -53.72514 425.3297 -501.8905

[[2]]
[1] 1.79895


NOTE: Log Print Time:  2022-03-08 05:24:07 
NOTE: Elapsed Time in seconds: 14.2382051944733 

[[1]]
          [,1]      [,2]     [,3]      [,4]
[1,] 0.8518568 -53.72514 425.3297 -501.8905

[[2]]
[1] 1.79895


NOTE: Log Print Time:  2022-03-08 05:24:21 
NOTE: Elapsed Time in seconds: 14.1717357635498 

[[1]]
          [,1]      [,2]     [,3]      [,4]
[1,] 0.8518568 -53.72514 425.3297 -501.8905

[[2]]
[1] 1.79895


NOTE: Log Print Time:  2022-03-08 05:24:36 
NOTE: Elapsed Time in seconds: 14.4101159572601 

[[1]]
          [,1]      [,2]     [,3]      [,4]
[1,] 0.8518568 -53.72514 425.3297 -501.8905

[[2]]
[1] 1.79895


NOTE: Log Print Time:  2022-03-08 05:24:51 
NOTE: Elapsed Time in seconds: 15.4110496044159 

[[1]]
          [,1]      [,2]     [,3]      [,4]
[1,] 0.8518568 -53.72514 425.3297 -501.8905

[[2]]
[1] 1.79895


NOTE: Log Print Time:  2022-03-08 05:25:06 
NOTE: Elapsed Time in seconds: 15.2037897109985 

[[1]]
          [,1]      [,2]     [,3]      [,4]
[1,] 0.8518568 -53.72514 425.3297 -501.8905

[[2]]
[1] 1.79895


NOTE: Log Print Time:  2022-03-08 05:25:21 
NOTE: Elapsed Time in seconds: 15.2625467777252 

[[1]]
          [,1]      [,2]     [,3]      [,4]
[1,] 0.8518568 -53.72514 425.3297 -501.8905

[[2]]
[1] 1.79895


NOTE: Log Print Time:  2022-03-08 05:25:35 
NOTE: Elapsed Time in seconds: 14.0918571949005 

[[1]]
          [,1]      [,2]     [,3]      [,4]
[1,] 0.8518568 -53.72514 425.3297 -501.8905

[[2]]
[1] 1.79895


NOTE: Log Print Time:  2022-03-08 05:25:51 
NOTE: Elapsed Time in seconds: 15.1279215812683 

[[1]]
          [,1]      [,2]     [,3]      [,4]
[1,] 0.8518568 -53.72514 425.3297 -501.8905

[[2]]
[1] 1.79895


NOTE: Log Print Time:  2022-03-08 05:26:06 
NOTE: Elapsed Time in seconds: 15.0765392780304 

[[1]]
          [,1]      [,2]     [,3]      [,4]
[1,] 0.8518568 -53.72514 425.3297 -501.8905

[[2]]
[1] 1.79895


NOTE: Log Print Time:  2022-03-08 05:26:21 
NOTE: Elapsed Time in seconds: 15.1635527610779 

[[1]]
          [,1]      [,2]     [,3]      [,4]
[1,] 0.8518568 -53.72514 425.3297 -501.8905

[[2]]
[1] 1.79895


NOTE: Log Print Time:  2022-03-08 05:26:36 
NOTE: Elapsed Time in seconds: 15.0730400085449 

[[1]]
          [,1]      [,2]     [,3]      [,4]
[1,] 0.8518568 -53.72514 425.3297 -501.8905

[[2]]
[1] 1.79895


NOTE: Log Print Time:  2022-03-08 05:26:51 
NOTE: Elapsed Time in seconds: 15.222131729126 

[[1]]
          [,1]      [,2]     [,3]      [,4]
[1,] 0.8518568 -53.72514 425.3297 -501.8905

[[2]]
[1] 1.79895


NOTE: Log Print Time:  2022-03-08 05:27:05 
NOTE: Elapsed Time in seconds: 14.2848889827728 

[[1]]
          [,1]      [,2]     [,3]      [,4]
[1,] 0.8518568 -53.72514 425.3297 -501.8905

[[2]]
[1] 1.79895


NOTE: Log Print Time:  2022-03-08 05:27:21 
NOTE: Elapsed Time in seconds: 15.6849143505096 

[[1]]
          [,1]      [,2]     [,3]      [,4]
[1,] 0.8518568 -53.72514 425.3297 -501.8905

[[2]]
[1] 1.79895


NOTE: Log Print Time:  2022-03-08 05:27:37 
NOTE: Elapsed Time in seconds: 15.4435887336731 

[[1]]
          [,1]      [,2]     [,3]      [,4]
[1,] 0.8518568 -53.72514 425.3297 -501.8905

[[2]]
[1] 1.79895


NOTE: Log Print Time:  2022-03-08 05:27:52 
NOTE: Elapsed Time in seconds: 15.1732776165009 

[[1]]
          [,1]      [,2]     [,3]      [,4]
[1,] 0.8518568 -53.72514 425.3297 -501.8905

[[2]]
[1] 1.79895


NOTE: Log Print Time:  2022-03-08 05:28:07 
NOTE: Elapsed Time in seconds: 15.0536115169525 

[[1]]
          [,1]      [,2]     [,3]      [,4]
[1,] 0.8518568 -53.72514 425.3297 -501.8905

[[2]]
[1] 1.79895


NOTE: Log Print Time:  2022-03-08 05:28:22 
NOTE: Elapsed Time in seconds: 15.4751381874084 

[[1]]
          [,1]      [,2]     [,3]      [,4]
[1,] 0.8518568 -53.72514 425.3297 -501.8905

[[2]]
[1] 1.79895


NOTE: Log Print Time:  2022-03-08 05:28:37 
NOTE: Elapsed Time in seconds: 15.1172249317169 

[[1]]
          [,1]      [,2]     [,3]      [,4]
[1,] 0.8518568 -53.72514 425.3297 -501.8905

[[2]]
[1] 1.79895


NOTE: Log Print Time:  2022-03-08 05:28:53 
NOTE: Elapsed Time in seconds: 15.1559653282166 

[[1]]
          [,1]      [,2]     [,3]      [,4]
[1,] 0.8518568 -53.72514 425.3297 -501.8905

[[2]]
[1] 1.79895


NOTE: Log Print Time:  2022-03-08 05:29:08 
NOTE: Elapsed Time in seconds: 15.7635018825531 

[[1]]
          [,1]      [,2]     [,3]      [,4]
[1,] 0.8518568 -53.72514 425.3297 -501.8905

[[2]]
[1] 1.79895


NOTE: Log Print Time:  2022-03-08 05:29:23 
NOTE: Elapsed Time in seconds: 15.132401227951 

[[1]]
          [,1]      [,2]     [,3]      [,4]
[1,] 0.8518568 -53.72514 425.3297 -501.8905

[[2]]
[1] 1.79895


NOTE: Log Print Time:  2022-03-08 05:29:39 
NOTE: Elapsed Time in seconds: 15.2354447841644 

[[1]]
          [,1]      [,2]     [,3]      [,4]
[1,] 0.8518568 -53.72514 425.3297 -501.8905

[[2]]
[1] 1.79895


NOTE: Log Print Time:  2022-03-08 05:29:54 
NOTE: Elapsed Time in seconds: 15.132036447525 

[[1]]
          [,1]      [,2]     [,3]      [,4]
[1,] 0.8518568 -53.72514 425.3297 -501.8905

[[2]]
[1] 1.79895


NOTE: Log Print Time:  2022-03-08 05:30:08 
NOTE: Elapsed Time in seconds: 14.2043964862823 

[[1]]
          [,1]      [,2]     [,3]      [,4]
[1,] 0.8518568 -53.72514 425.3297 -501.8905

[[2]]
[1] 1.79895


NOTE: Log Print Time:  2022-03-08 05:30:23 
NOTE: Elapsed Time in seconds: 15.1637568473816 

[[1]]
          [,1]      [,2]     [,3]      [,4]
[1,] 0.8518568 -53.72514 425.3297 -501.8905

[[2]]
[1] 1.79895


NOTE: Log Print Time:  2022-03-08 05:30:37 
NOTE: Elapsed Time in seconds: 14.2925021648407 

[[1]]
          [,1]      [,2]     [,3]      [,4]
[1,] 0.8518568 -53.72514 425.3297 -501.8905

[[2]]
[1] 1.79895


NOTE: Log Print Time:  2022-03-08 05:30:53 
NOTE: Elapsed Time in seconds: 15.1150598526001 

[[1]]
          [,1]      [,2]     [,3]      [,4]
[1,] 0.8518568 -53.72514 425.3297 -501.8905

[[2]]
[1] 1.79895


NOTE: Log Print Time:  2022-03-08 05:31:07 
NOTE: Elapsed Time in seconds: 14.2695395946503 

[[1]]
          [,1]      [,2]     [,3]      [,4]
[1,] 0.8518568 -53.72514 425.3297 -501.8905

[[2]]
[1] 1.79895


NOTE: Log Print Time:  2022-03-08 05:31:22 
NOTE: Elapsed Time in seconds: 15.0441393852234 

[[1]]
          [,1]      [,2]     [,3]      [,4]
[1,] 0.8098426 -53.72514 425.3297 -501.8905

[[2]]
[1] 1.79895


NOTE: Log Print Time:  2022-03-08 05:31:37 
NOTE: Elapsed Time in seconds: 15.0914161205292 

[[1]]
          [,1]      [,2]     [,3]      [,4]
[1,] 0.8098426 -53.72514 425.3297 -501.8905

[[2]]
[1] 1.79895


NOTE: Log Print Time:  2022-03-08 05:31:52 
NOTE: Elapsed Time in seconds: 14.7324497699738 

[[1]]
          [,1]      [,2]     [,3]      [,4]
[1,] 0.8098426 -53.72514 425.3297 -501.8905

[[2]]
[1] 1.79895


NOTE: Log Print Time:  2022-03-08 05:32:06 
NOTE: Elapsed Time in seconds: 14.3200287818909 

[[1]]
          [,1]      [,2]     [,3]      [,4]
[1,] 0.8098426 -53.72514 425.3297 -501.8905

[[2]]
[1] 1.79895


NOTE: Log Print Time:  2022-03-08 05:32:20 
NOTE: Elapsed Time in seconds: 14.2480685710907 

[[1]]
          [,1]      [,2]     [,3]      [,4]
[1,] 0.8098426 -53.72514 425.3297 -501.8905

[[2]]
[1] 1.79895


NOTE: Log Print Time:  2022-03-08 05:32:35 
NOTE: Elapsed Time in seconds: 15.0899839401245 

[[1]]
          [,1]      [,2]     [,3]      [,4]
[1,] 0.8098426 -53.72514 425.3297 -501.8905

[[2]]
[1] 1.79895


NOTE: Log Print Time:  2022-03-08 05:32:50 
NOTE: Elapsed Time in seconds: 15.1090579032898 

[[1]]
          [,1]      [,2]     [,3]      [,4]
[1,] 0.8098426 -53.72514 425.3297 -501.8905

[[2]]
[1] 1.79895


NOTE: Log Print Time:  2022-03-08 05:33:06 
NOTE: Elapsed Time in seconds: 15.234575510025 

[[1]]
          [,1]      [,2]     [,3]      [,4]
[1,] 0.8098426 -53.72514 425.3297 -501.8905

[[2]]
[1] 1.79895


NOTE: Log Print Time:  2022-03-08 05:33:21 
NOTE: Elapsed Time in seconds: 15.2610747814178 

[[1]]
          [,1]      [,2]     [,3]      [,4]
[1,] 0.8098426 -53.72514 425.3297 -501.8905

[[2]]
[1] 1.79895


NOTE: Log Print Time:  2022-03-08 05:33:36 
NOTE: Elapsed Time in seconds: 15.170147895813 

[[1]]
          [,1]      [,2]     [,3]      [,4]
[1,] 0.8098426 -53.72514 425.3297 -501.8905

[[2]]
[1] 1.79895


NOTE: Log Print Time:  2022-03-08 05:33:51 
NOTE: Elapsed Time in seconds: 15.1331589221954 

[[1]]
          [,1]      [,2]     [,3]      [,4]
[1,] 0.8415275 -53.72514 425.3297 -501.8905

[[2]]
[1] 1.798951


NOTE: Log Print Time:  2022-03-08 05:34:06 
NOTE: Elapsed Time in seconds: 15.2008032798767 

[[1]]
          [,1]      [,2]     [,3]      [,4]
[1,] 0.8415275 -53.72514 425.3297 -501.8905

[[2]]
[1] 1.798951


NOTE: Log Print Time:  2022-03-08 05:34:22 
NOTE: Elapsed Time in seconds: 15.2531628608704 

[[1]]
          [,1]      [,2]     [,3]      [,4]
[1,] 0.8415275 -53.72514 425.3297 -501.8905

[[2]]
[1] 1.798951


NOTE: Log Print Time:  2022-03-08 05:34:37 
NOTE: Elapsed Time in seconds: 15.5718507766724 

[[1]]
          [,1]      [,2]     [,3]      [,4]
[1,] 0.8415275 -53.72514 425.3297 -501.8905

[[2]]
[1] 1.798951


NOTE: Log Print Time:  2022-03-08 05:34:52 
NOTE: Elapsed Time in seconds: 15.0627720355988 

[[1]]
          [,1]      [,2]     [,3]      [,4]
[1,] 0.8415275 -53.72514 425.3297 -501.8905

[[2]]
[1] 1.798951


NOTE: Log Print Time:  2022-03-08 05:35:07 
NOTE: Elapsed Time in seconds: 14.1898627281189 

[[1]]
          [,1]      [,2]     [,3]      [,4]
[1,] 0.8415275 -53.72514 425.3297 -501.8905

[[2]]
[1] 1.798951


NOTE: Log Print Time:  2022-03-08 05:35:28 
NOTE: Elapsed Time in seconds: 21.5189566612244 

[[1]]
          [,1]      [,2]     [,3]      [,4]
[1,] 0.8415275 -53.72514 425.3297 -501.8905

[[2]]
[1] 1.798951


NOTE: Log Print Time:  2022-03-08 05:35:44 
NOTE: Elapsed Time in seconds: 15.6450769901276 

[[1]]
          [,1]      [,2]     [,3]      [,4]
[1,] 0.8415275 -53.72514 425.3297 -501.8905

[[2]]
[1] 1.798951


NOTE: Log Print Time:  2022-03-08 05:35:59 
NOTE: Elapsed Time in seconds: 15.1047205924988 

[[1]]
          [,1]      [,2]     [,3]      [,4]
[1,] 0.8415275 -53.72514 425.3297 -501.8905

[[2]]
[1] 1.798951


NOTE: Log Print Time:  2022-03-08 05:36:14 
NOTE: Elapsed Time in seconds: 15.3227400779724 

[[1]]
          [,1]      [,2]     [,3]      [,4]
[1,] 0.8415275 -53.72514 425.3297 -501.8905

[[2]]
[1] 1.798951


NOTE: Log Print Time:  2022-03-08 05:36:29 
NOTE: Elapsed Time in seconds: 15.2471532821655 

[[1]]
          [,1]      [,2]     [,3]      [,4]
[1,] 0.8415275 -53.72514 425.3297 -501.8905

[[2]]
[1] 1.798951


NOTE: Log Print Time:  2022-03-08 05:36:44 
NOTE: Elapsed Time in seconds: 15.0718240737915 

[[1]]
          [,1]      [,2]     [,3]      [,4]
[1,] 0.8415275 -53.72514 425.3297 -501.8905

[[2]]
[1] 1.798951


NOTE: Log Print Time:  2022-03-08 05:37:00 
NOTE: Elapsed Time in seconds: 15.4380943775177 

[[1]]
          [,1]      [,2]     [,3]      [,4]
[1,] 0.8415275 -53.72514 425.3297 -501.8905

[[2]]
[1] 1.798951


NOTE: Log Print Time:  2022-03-08 05:37:15 
NOTE: Elapsed Time in seconds: 15.145946264267 

[[1]]
           [,1]      [,2]     [,3]      [,4]
[1,] -0.1585282 -83.03952 447.4634 -511.5818

[[2]]
[1] 1.799044


NOTE: Log Print Time:  2022-03-08 05:37:30 
NOTE: Elapsed Time in seconds: 15.3244004249573 

[[1]]
           [,1]      [,2]     [,3]      [,4]
[1,] -0.1585282 -83.03952 447.4634 -511.5818

[[2]]
[1] 1.799044


NOTE: Log Print Time:  2022-03-08 05:37:45 
NOTE: Elapsed Time in seconds: 14.9364309310913 

[[1]]
           [,1]      [,2]     [,3]      [,4]
[1,] -0.1585282 -83.03952 447.4634 -511.5818

[[2]]
[1] 1.799044


NOTE: Log Print Time:  2022-03-08 05:38:00 
NOTE: Elapsed Time in seconds: 14.9279887676239 

[[1]]
           [,1]      [,2]     [,3]      [,4]
[1,] -0.1585282 -83.03952 447.4634 -511.5818

[[2]]
[1] 1.799044


NOTE: Log Print Time:  2022-03-08 05:38:21 
NOTE: Elapsed Time in seconds: 20.8145105838776 

[[1]]
           [,1]      [,2]     [,3]      [,4]
[1,] -0.1585282 -83.03952 447.4634 -511.5818

[[2]]
[1] 1.799044


NOTE: Log Print Time:  2022-03-08 05:38:36 
NOTE: Elapsed Time in seconds: 15.1248953342438 

[[1]]
          [,1]      [,2]     [,3]      [,4]
[1,] 0.2250742 -95.33799 446.6313 -507.1185

[[2]]
[1] 1.799197


NOTE: Log Print Time:  2022-03-08 05:38:51 
NOTE: Elapsed Time in seconds: 14.3447616100311 

[[1]]
          [,1]      [,2]     [,3]      [,4]
[1,] 0.2250742 -95.33799 446.6313 -507.1185

[[2]]
[1] 1.799197


NOTE: Log Print Time:  2022-03-08 05:39:06 
NOTE: Elapsed Time in seconds: 15.1928744316101 

[[1]]
          [,1]      [,2]     [,3]      [,4]
[1,] 0.2250742 -95.33799 446.6313 -507.1185

[[2]]
[1] 1.799197


NOTE: Log Print Time:  2022-03-08 05:39:21 
NOTE: Elapsed Time in seconds: 14.9318730831146 

[[1]]
          [,1]      [,2]     [,3]      [,4]
[1,] 0.2250742 -95.33799 446.6313 -507.1185

[[2]]
[1] 1.799197


NOTE: Log Print Time:  2022-03-08 05:39:42 
NOTE: Elapsed Time in seconds: 20.9888231754303 

[[1]]
          [,1]      [,2]     [,3]      [,4]
[1,] 0.2250742 -95.33799 446.6313 -507.1185

[[2]]
[1] 1.799197


NOTE: Log Print Time:  2022-03-08 05:39:56 
NOTE: Elapsed Time in seconds: 14.3954699039459 

[[1]]
          [,1]      [,2]     [,3]      [,4]
[1,] 0.2250742 -95.33799 446.6313 -507.1185

[[2]]
[1] 1.799197


NOTE: Log Print Time:  2022-03-08 05:40:11 
NOTE: Elapsed Time in seconds: 14.6951401233673 

[[1]]
          [,1]      [,2]     [,3]      [,4]
[1,] 0.2250742 -95.33799 446.6313 -507.1185

[[2]]
[1] 1.799197


NOTE: Log Print Time:  2022-03-08 05:40:25 
NOTE: Elapsed Time in seconds: 14.103378534317 

[[1]]
          [,1]      [,2]     [,3]      [,4]
[1,] 0.2250742 -95.33799 446.6313 -507.1185

[[2]]
[1] 1.799197


NOTE: Log Print Time:  2022-03-08 05:40:40 
NOTE: Elapsed Time in seconds: 15.1862332820892 

[[1]]
          [,1]      [,2]     [,3]      [,4]
[1,] 0.2250742 -95.33799 446.6313 -507.1185

[[2]]
[1] 1.799197


NOTE: Log Print Time:  2022-03-08 05:40:55 
NOTE: Elapsed Time in seconds: 15.1019780635834 

[[1]]
          [,1]      [,2]     [,3]      [,4]
[1,] 0.2250742 -95.33799 446.6313 -507.1185

[[2]]
[1] 1.799197


NOTE: Log Print Time:  2022-03-08 05:41:11 
NOTE: Elapsed Time in seconds: 15.4982914924622 

[[1]]
          [,1]      [,2]     [,3]      [,4]
[1,] 0.2250742 -95.33799 446.6313 -507.1185

[[2]]
[1] 1.799197


NOTE: Log Print Time:  2022-03-08 05:41:26 
NOTE: Elapsed Time in seconds: 15.1921916007996 

[[1]]
          [,1]      [,2]     [,3]      [,4]
[1,] 0.2250742 -95.33799 446.6313 -507.1185

[[2]]
[1] 1.799197


NOTE: Log Print Time:  2022-03-08 05:41:41 
NOTE: Elapsed Time in seconds: 15.5926597118378 

[[1]]
          [,1]      [,2]     [,3]      [,4]
[1,] 0.2250742 -95.33799 446.6313 -507.1185

[[2]]
[1] 1.799197


NOTE: Log Print Time:  2022-03-08 05:41:56 
NOTE: Elapsed Time in seconds: 15.0579121112823 

[[1]]
          [,1]      [,2]     [,3]      [,4]
[1,] 0.2250742 -95.33799 446.6313 -507.1185

[[2]]
[1] 1.799197


NOTE: Log Print Time:  2022-03-08 05:42:11 
NOTE: Elapsed Time in seconds: 14.2846066951752 

[[1]]
          [,1]      [,2]     [,3]      [,4]
[1,] 0.2250742 -95.33799 446.6313 -507.1185

[[2]]
[1] 1.799197


NOTE: Log Print Time:  2022-03-08 05:42:26 
NOTE: Elapsed Time in seconds: 14.7629697322845 

[[1]]
          [,1]      [,2]     [,3]      [,4]
[1,] 0.2250742 -95.33799 446.6313 -507.1185

[[2]]
[1] 1.799197


NOTE: Log Print Time:  2022-03-08 05:42:40 
NOTE: Elapsed Time in seconds: 14.9320363998413 

[[1]]
          [,1]      [,2]     [,3]      [,4]
[1,] 0.2250742 -95.33799 446.6313 -507.1185

[[2]]
[1] 1.799197


NOTE: Log Print Time:  2022-03-08 05:42:56 
NOTE: Elapsed Time in seconds: 15.1466100215912 

[[1]]
          [,1]      [,2]     [,3]      [,4]
[1,] 0.2250742 -95.33799 446.6313 -507.1185

[[2]]
[1] 1.799197


NOTE: Log Print Time:  2022-03-08 05:43:11 
NOTE: Elapsed Time in seconds: 15.2041075229645 

[[1]]
          [,1]      [,2]     [,3]      [,4]
[1,] 0.2250742 -95.33799 446.6313 -507.1185

[[2]]
[1] 1.799197


NOTE: Log Print Time:  2022-03-08 05:43:25 
NOTE: Elapsed Time in seconds: 14.1519095897675 

[[1]]
          [,1]      [,2]     [,3]      [,4]
[1,] 0.2250742 -95.33799 446.6313 -507.1185

[[2]]
[1] 1.799197


NOTE: Log Print Time:  2022-03-08 05:43:46 
NOTE: Elapsed Time in seconds: 20.9242742061615 

[[1]]
          [,1]      [,2]     [,3]      [,4]
[1,] 0.2250742 -95.33799 446.6313 -507.1185

[[2]]
[1] 1.799197


NOTE: Log Print Time:  2022-03-08 05:44:01 
NOTE: Elapsed Time in seconds: 15.0515623092651 

[[1]]
          [,1]      [,2]     [,3]      [,4]
[1,] 0.2250742 -95.33799 446.6313 -507.1185

[[2]]
[1] 1.799197


NOTE: Log Print Time:  2022-03-08 05:44:22 
NOTE: Elapsed Time in seconds: 21.0671133995056 

[[1]]
          [,1]      [,2]     [,3]      [,4]
[1,] 0.2250742 -95.33799 446.6313 -507.1185

[[2]]
[1] 1.799197


NOTE: Log Print Time:  2022-03-08 05:44:37 
NOTE: Elapsed Time in seconds: 15.1261224746704 

[[1]]
          [,1]      [,2]     [,3]      [,4]
[1,] 0.2250742 -95.33799 446.6313 -507.1185

[[2]]
[1] 1.799197


NOTE: Log Print Time:  2022-03-08 05:44:52 
NOTE: Elapsed Time in seconds: 15.0884883403778 

[[1]]
          [,1]      [,2]     [,3]      [,4]
[1,] 0.2250742 -95.33799 446.6313 -507.1185

[[2]]
[1] 1.799197


NOTE: Log Print Time:  2022-03-08 05:45:07 
NOTE: Elapsed Time in seconds: 15.1843793392181 

[[1]]
          [,1]      [,2]     [,3]      [,4]
[1,] 0.2250742 -95.33799 446.6313 -507.1185

[[2]]
[1] 1.799197


NOTE: Log Print Time:  2022-03-08 05:45:22 
NOTE: Elapsed Time in seconds: 15.0450763702393 

[[1]]
          [,1]      [,2]     [,3]      [,4]
[1,] 0.2250742 -95.33799 446.6313 -507.1185

[[2]]
[1] 1.799197


NOTE: Log Print Time:  2022-03-08 05:45:37 
NOTE: Elapsed Time in seconds: 15.0464551448822 

[[1]]
          [,1]      [,2]     [,3]      [,4]
[1,] 0.2250742 -95.33799 446.6313 -507.1185

[[2]]
[1] 1.799197


NOTE: Log Print Time:  2022-03-08 05:45:53 
NOTE: Elapsed Time in seconds: 15.1035356521606 

[[1]]
          [,1]      [,2]     [,3]      [,4]
[1,] 0.2250742 -95.33799 446.6313 -507.1185

[[2]]
[1] 1.799197


NOTE: Log Print Time:  2022-03-08 05:46:08 
NOTE: Elapsed Time in seconds: 15.0943133831024 

[[1]]
          [,1]      [,2]     [,3]      [,4]
[1,] 0.2250742 -95.33799 446.6313 -507.1185

[[2]]
[1] 1.799197


NOTE: Log Print Time:  2022-03-08 05:46:23 
NOTE: Elapsed Time in seconds: 15.107620716095 

[[1]]
          [,1]      [,2]     [,3]      [,4]
[1,] 0.2250742 -95.33799 446.6313 -507.1185

[[2]]
[1] 1.799197


NOTE: Log Print Time:  2022-03-08 05:46:38 
NOTE: Elapsed Time in seconds: 15.2954931259155 

[[1]]
          [,1]      [,2]     [,3]      [,4]
[1,] 0.2250742 -95.33799 446.6313 -507.1185

[[2]]
[1] 1.799197


NOTE: Log Print Time:  2022-03-08 05:46:52 
NOTE: Elapsed Time in seconds: 14.2373130321503 

[[1]]
          [,1]      [,2]     [,3]      [,4]
[1,] 0.2250742 -95.33799 446.6313 -507.1185

[[2]]
[1] 1.799197


NOTE: Log Print Time:  2022-03-08 05:47:07 
NOTE: Elapsed Time in seconds: 15.061728477478 

[[1]]
          [,1]      [,2]     [,3]      [,4]
[1,] 0.2250742 -95.33799 446.6313 -507.1185

[[2]]
[1] 1.799197


NOTE: Log Print Time:  2022-03-08 05:47:23 
NOTE: Elapsed Time in seconds: 15.1677441596985 

[[1]]
          [,1]      [,2]     [,3]      [,4]
[1,] 0.2250742 -95.33799 446.6313 -507.1185

[[2]]
[1] 1.799197


NOTE: Log Print Time:  2022-03-08 05:47:38 
NOTE: Elapsed Time in seconds: 15.112283706665 

[[1]]
          [,1]      [,2]     [,3]      [,4]
[1,] 0.2250742 -95.33799 446.6313 -507.1185

[[2]]
[1] 1.799197


NOTE: Log Print Time:  2022-03-08 05:47:53 
NOTE: Elapsed Time in seconds: 15.176600933075 

[[1]]
          [,1]      [,2]     [,3]      [,4]
[1,] 0.2250742 -95.33799 446.6313 -507.1185

[[2]]
[1] 1.799197


NOTE: Log Print Time:  2022-03-08 05:48:08 
NOTE: Elapsed Time in seconds: 15.1236674785614 

[[1]]
          [,1]      [,2]     [,3]      [,4]
[1,] 0.2250742 -95.33799 446.6313 -507.1185

[[2]]
[1] 1.799197


NOTE: Log Print Time:  2022-03-08 05:48:23 
NOTE: Elapsed Time in seconds: 15.466924905777 

[[1]]
          [,1]      [,2]     [,3]      [,4]
[1,] 0.2250742 -95.33799 446.6313 -507.1185

[[2]]
[1] 1.799197


NOTE: Log Print Time:  2022-03-08 05:48:38 
NOTE: Elapsed Time in seconds: 15.0644800662994 

[[1]]
          [,1]      [,2]     [,3]      [,4]
[1,] 0.2250742 -95.33799 446.6313 -507.1185

[[2]]
[1] 1.799197


NOTE: Log Print Time:  2022-03-08 05:48:54 
NOTE: Elapsed Time in seconds: 15.3221249580383 

[[1]]
          [,1]      [,2]     [,3]      [,4]
[1,] 0.2250742 -95.33799 446.6313 -507.1185

[[2]]
[1] 1.799197


NOTE: Log Print Time:  2022-03-08 05:49:09 
NOTE: Elapsed Time in seconds: 15.1442892551422 

[[1]]
          [,1]      [,2]     [,3]      [,4]
[1,] 0.2250742 -95.33799 446.6313 -507.1185

[[2]]
[1] 1.799197


NOTE: Log Print Time:  2022-03-08 05:49:24 
NOTE: Elapsed Time in seconds: 15.0911810398102 

[[1]]
          [,1]      [,2]     [,3]      [,4]
[1,] 0.2250742 -95.33799 446.6313 -507.1185

[[2]]
[1] 1.799197


NOTE: Log Print Time:  2022-03-08 05:49:45 
NOTE: Elapsed Time in seconds: 20.9045715332031 

[[1]]
          [,1]      [,2]     [,3]      [,4]
[1,] 0.3411206 -95.33799 446.6313 -507.1185

[[2]]
[1] 1.799222


NOTE: Log Print Time:  2022-03-08 05:50:00 
NOTE: Elapsed Time in seconds: 14.9483535289764 

[[1]]
          [,1]      [,2]     [,3]      [,4]
[1,] 0.3411206 -95.33799 446.6313 -507.1185

[[2]]
[1] 1.799222


NOTE: Log Print Time:  2022-03-08 05:50:15 
NOTE: Elapsed Time in seconds: 15.2352831363678 

[[1]]
          [,1]      [,2]     [,3]      [,4]
[1,] 0.2250742 -93.45828 446.6313 -507.1185

[[2]]
[1] 1.799232


NOTE: Log Print Time:  2022-03-08 05:50:30 
NOTE: Elapsed Time in seconds: 15.2238028049469 

[[1]]
          [,1]      [,2]     [,3]      [,4]
[1,] 0.2250742 -93.45828 446.6313 -507.1185

[[2]]
[1] 1.799232


NOTE: Log Print Time:  2022-03-08 05:50:45 
NOTE: Elapsed Time in seconds: 14.9263639450073 

[[1]]
          [,1]      [,2]     [,3]      [,4]
[1,] 0.2250742 -93.45828 446.6313 -507.1185

[[2]]
[1] 1.799232


NOTE: Log Print Time:  2022-03-08 05:51:07 
NOTE: Elapsed Time in seconds: 21.3073227405548 

[[1]]
          [,1]      [,2]     [,3]      [,4]
[1,] 0.2250742 -93.45828 446.6313 -507.1185

[[2]]
[1] 1.799232


NOTE: Log Print Time:  2022-03-08 05:51:22 
NOTE: Elapsed Time in seconds: 14.9124722480774 

[[1]]
          [,1]      [,2]     [,3]      [,4]
[1,] 0.2250742 -93.45828 446.6313 -507.1185

[[2]]
[1] 1.799232


NOTE: Log Print Time:  2022-03-08 05:51:36 
NOTE: Elapsed Time in seconds: 14.3549509048462 

[[1]]
          [,1]      [,2]     [,3]      [,4]
[1,] 0.2250742 -93.45828 446.6313 -507.1185

[[2]]
[1] 1.799232


NOTE: Log Print Time:  2022-03-08 05:51:51 
NOTE: Elapsed Time in seconds: 15.3048226833344 

[[1]]
          [,1]      [,2]     [,3]      [,4]
[1,] 0.2250742 -93.45828 446.6313 -507.1185

[[2]]
[1] 1.799232


NOTE: Log Print Time:  2022-03-08 05:52:06 
NOTE: Elapsed Time in seconds: 15.0111606121063 

[[1]]
          [,1]      [,2]     [,3]      [,4]
[1,] 0.2250742 -93.45828 446.6313 -507.1185

[[2]]
[1] 1.799232


NOTE: Log Print Time:  2022-03-08 05:52:22 
NOTE: Elapsed Time in seconds: 15.4244828224182 

[[1]]
          [,1]      [,2]     [,3]      [,4]
[1,] 0.2250742 -93.45828 446.6313 -507.1185

[[2]]
[1] 1.799232


NOTE: Log Print Time:  2022-03-08 05:52:37 
NOTE: Elapsed Time in seconds: 15.5022737979889 

[[1]]
          [,1]      [,2]     [,3]      [,4]
[1,] 0.2250742 -93.45828 446.6313 -507.1185

[[2]]
[1] 1.799232


NOTE: Log Print Time:  2022-03-08 05:52:52 
NOTE: Elapsed Time in seconds: 15.0678043365479 

[[1]]
          [,1]      [,2]     [,3]      [,4]
[1,] 0.2250742 -93.45828 446.6313 -507.1185

[[2]]
[1] 1.799232


NOTE: Log Print Time:  2022-03-08 05:53:08 
NOTE: Elapsed Time in seconds: 15.5360679626465 

[[1]]
          [,1]      [,2]     [,3]      [,4]
[1,] 0.2250742 -93.45828 446.6313 -507.1185

[[2]]
[1] 1.799232


NOTE: Log Print Time:  2022-03-08 05:53:23 
NOTE: Elapsed Time in seconds: 15.2521820068359 

[[1]]
          [,1]      [,2]     [,3]      [,4]
[1,] 0.2250742 -93.45828 446.6313 -507.1185

[[2]]
[1] 1.799232


NOTE: Log Print Time:  2022-03-08 05:53:38 
NOTE: Elapsed Time in seconds: 15.1801402568817 

[[1]]
          [,1]      [,2]     [,3]      [,4]
[1,] 0.2250742 -93.45828 446.6313 -507.1185

[[2]]
[1] 1.799232


NOTE: Log Print Time:  2022-03-08 05:53:53 
NOTE: Elapsed Time in seconds: 14.7883310317993 

[[1]]
          [,1]      [,2]     [,3]      [,4]
[1,] 0.2250742 -93.45828 446.6313 -507.1185

[[2]]
[1] 1.799232


NOTE: Log Print Time:  2022-03-08 05:54:08 
NOTE: Elapsed Time in seconds: 15.1797435283661 

[[1]]
          [,1]      [,2]     [,3]      [,4]
[1,] 0.2250742 -93.45828 446.6313 -507.1185

[[2]]
[1] 1.799232


NOTE: Log Print Time:  2022-03-08 05:54:23 
NOTE: Elapsed Time in seconds: 15.2893486022949 

[[1]]
          [,1]      [,2]     [,3]      [,4]
[1,] 0.2250742 -93.45828 446.6313 -507.1185

[[2]]
[1] 1.799232


NOTE: Log Print Time:  2022-03-08 05:54:39 
NOTE: Elapsed Time in seconds: 15.4247660636902 

[[1]]
          [,1]      [,2]     [,3]      [,4]
[1,] 0.2250742 -93.45828 446.6313 -507.1185

[[2]]
[1] 1.799232


NOTE: Log Print Time:  2022-03-08 05:54:54 
NOTE: Elapsed Time in seconds: 14.8845851421356 

[[1]]
          [,1]      [,2]     [,3]      [,4]
[1,] 0.2250742 -93.45828 446.6313 -507.1185

[[2]]
[1] 1.799232


NOTE: Log Print Time:  2022-03-08 05:55:08 
NOTE: Elapsed Time in seconds: 14.2991471290588 

[[1]]
          [,1]      [,2]     [,3]      [,4]
[1,] 0.2250742 -93.45828 446.6313 -507.1185

[[2]]
[1] 1.799232


NOTE: Log Print Time:  2022-03-08 05:55:23 
NOTE: Elapsed Time in seconds: 14.9889862537384 

[[1]]
          [,1]      [,2]     [,3]      [,4]
[1,] 0.2250742 -93.45828 446.6313 -507.1185

[[2]]
[1] 1.799232


NOTE: Log Print Time:  2022-03-08 05:55:38 
NOTE: Elapsed Time in seconds: 15.1005582809448 

[[1]]
          [,1]      [,2]     [,3]      [,4]
[1,] 0.2250742 -93.45828 446.6313 -507.1185

[[2]]
[1] 1.799232


NOTE: Log Print Time:  2022-03-08 05:55:59 
NOTE: Elapsed Time in seconds: 20.9059908390045 

[[1]]
          [,1]      [,2]     [,3]      [,4]
[1,] 0.2250742 -93.45828 446.6313 -507.1185

[[2]]
[1] 1.799232


NOTE: Log Print Time:  2022-03-08 05:56:13 
NOTE: Elapsed Time in seconds: 14.1801829338074 

[[1]]
          [,1]      [,2]     [,3]      [,4]
[1,] 0.3409163 -94.08234 446.6313 -507.1185

[[2]]
[1] 1.79924


NOTE: Log Print Time:  2022-03-08 05:56:27 
NOTE: Elapsed Time in seconds: 14.1632118225098 

[[1]]
          [,1]      [,2]     [,3]      [,4]
[1,] 0.3409163 -94.08234 446.6313 -507.1185

[[2]]
[1] 1.79924


NOTE: Log Print Time:  2022-03-08 05:56:41 
NOTE: Elapsed Time in seconds: 14.1306371688843 

[[1]]
          [,1]      [,2]     [,3]      [,4]
[1,] 0.3409163 -94.08234 446.6313 -507.1185

[[2]]
[1] 1.79924


NOTE: Log Print Time:  2022-03-08 05:56:56 
NOTE: Elapsed Time in seconds: 14.3427894115448 

[[1]]
          [,1]      [,2]     [,3]      [,4]
[1,] 0.3409163 -94.08234 446.6313 -507.1185

[[2]]
[1] 1.79924


NOTE: Log Print Time:  2022-03-08 05:57:10 
NOTE: Elapsed Time in seconds: 14.3522202968597 

[[1]]
          [,1]      [,2]     [,3]      [,4]
[1,] 0.3409163 -94.08234 446.6313 -507.1185

[[2]]
[1] 1.79924


NOTE: Log Print Time:  2022-03-08 05:57:25 
NOTE: Elapsed Time in seconds: 14.9149672985077 

[[1]]
          [,1]      [,2]     [,3]      [,4]
[1,] 0.3409163 -94.08234 446.6313 -507.1185

[[2]]
[1] 1.79924


NOTE: Log Print Time:  2022-03-08 05:57:39 
NOTE: Elapsed Time in seconds: 14.3783047199249 

[[1]]
          [,1]      [,2]     [,3]      [,4]
[1,] 0.3409163 -94.08234 446.6313 -507.1185

[[2]]
[1] 1.79924


NOTE: Log Print Time:  2022-03-08 05:57:54 
NOTE: Elapsed Time in seconds: 14.993860244751 

[[1]]
          [,1]      [,2]     [,3]      [,4]
[1,] 0.3409163 -94.08234 446.6313 -507.1185

[[2]]
[1] 1.79924


NOTE: Log Print Time:  2022-03-08 05:58:09 
NOTE: Elapsed Time in seconds: 15.0273337364197 

[[1]]
          [,1]      [,2]     [,3]      [,4]
[1,] 0.3409163 -94.08234 446.6313 -507.1185

[[2]]
[1] 1.79924


NOTE: Log Print Time:  2022-03-08 05:58:25 
NOTE: Elapsed Time in seconds: 15.1499106884003 

[[1]]
          [,1]      [,2]     [,3]      [,4]
[1,] 0.3409163 -94.08234 446.6313 -507.1185

[[2]]
[1] 1.79924


NOTE: Log Print Time:  2022-03-08 05:58:40 
NOTE: Elapsed Time in seconds: 14.9614856243134 

[[1]]
          [,1]      [,2]     [,3]      [,4]
[1,] 0.3409163 -94.08234 446.6313 -507.1185

[[2]]
[1] 1.79924


NOTE: Log Print Time:  2022-03-08 05:58:54 
NOTE: Elapsed Time in seconds: 14.23664021492 

[[1]]
          [,1]      [,2]     [,3]      [,4]
[1,] 0.3409163 -94.08234 446.6313 -507.1185

[[2]]
[1] 1.79924


NOTE: Log Print Time:  2022-03-08 05:59:09 
NOTE: Elapsed Time in seconds: 15.24409532547 

[[1]]
          [,1]      [,2]     [,3]      [,4]
[1,] 0.3409163 -94.08234 446.6313 -507.1185

[[2]]
[1] 1.79924


NOTE: Log Print Time:  2022-03-08 05:59:25 
NOTE: Elapsed Time in seconds: 15.4982678890228 

[[1]]
          [,1]      [,2]     [,3]      [,4]
[1,] 0.8058716 -94.08234 446.6313 -507.1185

[[2]]
[1] 1.79925


NOTE: Log Print Time:  2022-03-08 05:59:40 
NOTE: Elapsed Time in seconds: 15.3220310211182 

[[1]]
          [,1]      [,2]     [,3]      [,4]
[1,] 0.8058716 -94.08234 446.6313 -507.1185

[[2]]
[1] 1.79925


NOTE: Log Print Time:  2022-03-08 05:59:56 
NOTE: Elapsed Time in seconds: 15.7107410430908 

[[1]]
          [,1]      [,2]     [,3]      [,4]
[1,] 0.8058716 -94.08234 446.6313 -507.1185

[[2]]
[1] 1.79925


NOTE: Log Print Time:  2022-03-08 06:00:11 
NOTE: Elapsed Time in seconds: 14.9296898841858 

[[1]]
          [,1]      [,2]     [,3]      [,4]
[1,] 0.6390308 -94.08234 446.6313 -507.1185

[[2]]
[1] 1.799255


NOTE: Log Print Time:  2022-03-08 06:00:25 
NOTE: Elapsed Time in seconds: 14.2796185016632 

[[1]]
          [,1]      [,2]     [,3]      [,4]
[1,] 0.6390308 -94.08234 446.6313 -507.1185

[[2]]
[1] 1.799255


NOTE: Log Print Time:  2022-03-08 06:00:40 
NOTE: Elapsed Time in seconds: 15.3925807476044 

[[1]]
          [,1]      [,2]     [,3]      [,4]
[1,] 0.6390308 -94.08234 446.6313 -507.1185

[[2]]
[1] 1.799255


NOTE: Log Print Time:  2022-03-08 06:00:55 
NOTE: Elapsed Time in seconds: 14.4800884723663 

[[1]]
          [,1]      [,2]     [,3]      [,4]
[1,] 0.6390308 -94.08234 446.6313 -507.1185

[[2]]
[1] 1.799255


NOTE: Log Print Time:  2022-03-08 06:01:10 
NOTE: Elapsed Time in seconds: 15.5725500583649 

[[1]]
          [,1]      [,2]     [,3]      [,4]
[1,] 0.6390308 -94.08234 446.6313 -507.1185

[[2]]
[1] 1.799255


NOTE: Log Print Time:  2022-03-08 06:01:25 
NOTE: Elapsed Time in seconds: 15.0172712802887 

[[1]]
          [,1]      [,2]     [,3]      [,4]
[1,] 0.6390308 -94.08234 446.6313 -507.1185

[[2]]
[1] 1.799255


NOTE: Log Print Time:  2022-03-08 06:01:47 
NOTE: Elapsed Time in seconds: 21.5778510570526 

[[1]]
          [,1]      [,2]     [,3]      [,4]
[1,] 0.6390308 -94.08234 446.6313 -507.1185

[[2]]
[1] 1.799255


NOTE: Log Print Time:  2022-03-08 06:02:01 
NOTE: Elapsed Time in seconds: 14.4732966423035 

[[1]]
          [,1]      [,2]     [,3]      [,4]
[1,] 0.6390308 -94.08234 446.6313 -507.1185

[[2]]
[1] 1.799255


NOTE: Log Print Time:  2022-03-08 06:02:16 
NOTE: Elapsed Time in seconds: 14.6366329193115 

[[1]]
          [,1]      [,2]     [,3]      [,4]
[1,] 0.6390308 -94.08234 446.6313 -507.1185

[[2]]
[1] 1.799255


NOTE: Log Print Time:  2022-03-08 06:02:31 
NOTE: Elapsed Time in seconds: 14.8732595443726 

[[1]]
          [,1]      [,2]     [,3]      [,4]
[1,] 0.6390308 -94.08234 446.6313 -507.1185

[[2]]
[1] 1.799255


NOTE: Log Print Time:  2022-03-08 06:02:45 
NOTE: Elapsed Time in seconds: 13.860004901886 

[[1]]
          [,1]      [,2]     [,3]      [,4]
[1,] 0.6390308 -94.08234 446.6313 -507.1185

[[2]]
[1] 1.799255


NOTE: Log Print Time:  2022-03-08 06:02:59 
NOTE: Elapsed Time in seconds: 14.2429673671722 

[[1]]
          [,1]      [,2]     [,3]      [,4]
[1,] 0.6390308 -94.08234 446.6313 -507.1185

[[2]]
[1] 1.799255


NOTE: Log Print Time:  2022-03-08 06:03:14 
NOTE: Elapsed Time in seconds: 15.3411028385162 

[[1]]
          [,1]      [,2]     [,3]      [,4]
[1,] 0.6390308 -94.08234 446.6313 -507.1185

[[2]]
[1] 1.799255


NOTE: Log Print Time:  2022-03-08 06:03:29 
NOTE: Elapsed Time in seconds: 14.9529805183411 

[[1]]
          [,1]      [,2]     [,3]      [,4]
[1,] 0.6390308 -94.08234 446.6313 -507.1185

[[2]]
[1] 1.799255


NOTE: Log Print Time:  2022-03-08 06:03:45 
NOTE: Elapsed Time in seconds: 15.6241884231567 

[[1]]
          [,1]      [,2]     [,3]      [,4]
[1,] 0.6390308 -94.08234 446.6313 -507.1185

[[2]]
[1] 1.799255


NOTE: Log Print Time:  2022-03-08 06:04:00 
NOTE: Elapsed Time in seconds: 15.3054304122925 

[[1]]
          [,1]      [,2]     [,3]      [,4]
[1,] 0.6390308 -94.08234 446.6313 -507.1185

[[2]]
[1] 1.799255


NOTE: Log Print Time:  2022-03-08 06:04:15 
NOTE: Elapsed Time in seconds: 14.9758715629578 

[[1]]
          [,1]      [,2]     [,3]      [,4]
[1,] 0.6390308 -94.08234 446.6313 -507.1185

[[2]]
[1] 1.799255


NOTE: Log Print Time:  2022-03-08 06:04:29 
NOTE: Elapsed Time in seconds: 13.9936752319336 

[[1]]
          [,1]      [,2]     [,3]      [,4]
[1,] 0.6390308 -94.08234 446.6313 -507.1185

[[2]]
[1] 1.799255


NOTE: Log Print Time:  2022-03-08 06:04:44 
NOTE: Elapsed Time in seconds: 14.3690586090088 

[[1]]
          [,1]      [,2]     [,3]      [,4]
[1,] 0.6390308 -94.08234 446.6313 -507.1185

[[2]]
[1] 1.799255


NOTE: Log Print Time:  2022-03-08 06:04:59 
NOTE: Elapsed Time in seconds: 15.1541817188263 

[[1]]
          [,1]      [,2]     [,3]      [,4]
[1,] 0.6390308 -94.08234 446.6313 -507.1185

[[2]]
[1] 1.799255


NOTE: Log Print Time:  2022-03-08 06:05:14 
NOTE: Elapsed Time in seconds: 15.7481269836426 

[[1]]
          [,1]      [,2]     [,3]      [,4]
[1,] 0.6390308 -94.08234 446.6313 -507.1185

[[2]]
[1] 1.799255


NOTE: Log Print Time:  2022-03-08 06:05:29 
NOTE: Elapsed Time in seconds: 14.832747220993 

[[1]]
          [,1]      [,2]     [,3]      [,4]
[1,] 0.6390308 -94.08234 446.6313 -507.1185

[[2]]
[1] 1.799255


NOTE: Log Print Time:  2022-03-08 06:05:44 
NOTE: Elapsed Time in seconds: 14.4427893161774 

[[1]]
          [,1]      [,2]     [,3]      [,4]
[1,] 0.6390308 -94.08234 446.6313 -507.1185

[[2]]
[1] 1.799255


NOTE: Log Print Time:  2022-03-08 06:05:59 
NOTE: Elapsed Time in seconds: 15.2714691162109 

[[1]]
          [,1]      [,2]     [,3]      [,4]
[1,] 0.6390308 -94.08234 446.6313 -507.1185

[[2]]
[1] 1.799255


NOTE: Log Print Time:  2022-03-08 06:06:13 
NOTE: Elapsed Time in seconds: 13.998587846756 

[[1]]
          [,1]      [,2]     [,3]      [,4]
[1,] 0.6390308 -94.08234 446.6313 -507.1185

[[2]]
[1] 1.799255


NOTE: Log Print Time:  2022-03-08 06:06:28 
NOTE: Elapsed Time in seconds: 14.9472095966339 

[[1]]
          [,1]      [,2]     [,3]      [,4]
[1,] 0.6390308 -94.08234 446.6313 -507.1185

[[2]]
[1] 1.799255


NOTE: Log Print Time:  2022-03-08 06:06:42 
NOTE: Elapsed Time in seconds: 14.2442412376404 

[[1]]
          [,1]      [,2]     [,3]      [,4]
[1,] 0.6390308 -94.08234 446.6313 -507.1185

[[2]]
[1] 1.799255


NOTE: Log Print Time:  2022-03-08 06:06:57 
NOTE: Elapsed Time in seconds: 14.3981828689575 

[[1]]
          [,1]      [,2]     [,3]      [,4]
[1,] 0.6390308 -94.08234 446.6313 -507.1185

[[2]]
[1] 1.799255


NOTE: Log Print Time:  2022-03-08 06:07:11 
NOTE: Elapsed Time in seconds: 14.3086278438568 

[[1]]
          [,1]      [,2]     [,3]      [,4]
[1,] 0.6390308 -94.08234 446.6313 -507.1185

[[2]]
[1] 1.799255


NOTE: Log Print Time:  2022-03-08 06:07:26 
NOTE: Elapsed Time in seconds: 15.1991415023804 

[[1]]
          [,1]      [,2]     [,3]      [,4]
[1,] 0.6390308 -94.08234 446.6313 -507.1185

[[2]]
[1] 1.799255


NOTE: Log Print Time:  2022-03-08 06:07:40 
NOTE: Elapsed Time in seconds: 14.4419414997101 

[[1]]
          [,1]      [,2]     [,3]      [,4]
[1,] 0.6390308 -94.08234 446.6313 -507.1185

[[2]]
[1] 1.799255


NOTE: Log Print Time:  2022-03-08 06:07:55 
NOTE: Elapsed Time in seconds: 14.2920591831207 

[[1]]
          [,1]      [,2]     [,3]      [,4]
[1,] 0.6390308 -94.08234 446.6313 -507.1185

[[2]]
[1] 1.799255


NOTE: Log Print Time:  2022-03-08 06:08:10 
NOTE: Elapsed Time in seconds: 15.0590078830719 

[[1]]
          [,1]      [,2]     [,3]      [,4]
[1,] 0.6390308 -94.08234 446.6313 -507.1185

[[2]]
[1] 1.799255


NOTE: Log Print Time:  2022-03-08 06:08:24 
NOTE: Elapsed Time in seconds: 14.1088771820068 

[[1]]
          [,1]      [,2]     [,3]      [,4]
[1,] 0.6390308 -94.08234 446.6313 -507.1185

[[2]]
[1] 1.799255


NOTE: Log Print Time:  2022-03-08 06:08:45 
NOTE: Elapsed Time in seconds: 21.0575954914093 

[[1]]
          [,1]      [,2]     [,3]      [,4]
[1,] 0.6390308 -94.08234 446.6313 -507.1185

[[2]]
[1] 1.799255


NOTE: Log Print Time:  2022-03-08 06:09:00 
NOTE: Elapsed Time in seconds: 15.2240414619446 

[[1]]
          [,1]      [,2]     [,3]      [,4]
[1,] 0.6390308 -94.08234 446.6313 -507.1185

[[2]]
[1] 1.799255


NOTE: Log Print Time:  2022-03-08 06:09:15 
NOTE: Elapsed Time in seconds: 14.3676223754883 

[[1]]
          [,1]      [,2]     [,3]      [,4]
[1,] 0.6390308 -94.08234 446.6313 -507.1185

[[2]]
[1] 1.799255


NOTE: Log Print Time:  2022-03-08 06:09:30 
NOTE: Elapsed Time in seconds: 15.2909846305847 

[[1]]
          [,1]      [,2]     [,3]      [,4]
[1,] 0.6390308 -94.08234 446.6313 -507.1185

[[2]]
[1] 1.799255


NOTE: Log Print Time:  2022-03-08 06:09:44 
NOTE: Elapsed Time in seconds: 14.2406251430511 

[[1]]
          [,1]      [,2]     [,3]      [,4]
[1,] 0.6390308 -94.08234 446.6313 -507.1185

[[2]]
[1] 1.799255


NOTE: Log Print Time:  2022-03-08 06:09:59 
NOTE: Elapsed Time in seconds: 15.0291831493378 

[[1]]
          [,1]      [,2]     [,3]      [,4]
[1,] 0.6390308 -94.08234 446.6313 -507.1185

[[2]]
[1] 1.799255


NOTE: Log Print Time:  2022-03-08 06:10:13 
NOTE: Elapsed Time in seconds: 13.9373109340668 

[[1]]
          [,1]      [,2]     [,3]      [,4]
[1,] 0.6390308 -94.08234 446.6313 -507.1185

[[2]]
[1] 1.799255


NOTE: Log Print Time:  2022-03-08 06:10:29 
NOTE: Elapsed Time in seconds: 15.8627455234528 

[[1]]
          [,1]      [,2]     [,3]      [,4]
[1,] 0.6390308 -94.08234 446.6313 -507.1185

[[2]]
[1] 1.799255


NOTE: Log Print Time:  2022-03-08 06:10:44 
NOTE: Elapsed Time in seconds: 15.0003159046173 

[[1]]
          [,1]      [,2]     [,3]      [,4]
[1,] 0.6390308 -94.08234 446.6313 -507.1185

[[2]]
[1] 1.799255


NOTE: Log Print Time:  2022-03-08 06:10:59 
NOTE: Elapsed Time in seconds: 15.1467463970184 

[[1]]
          [,1]      [,2]     [,3]      [,4]
[1,] 0.6390308 -94.08234 446.6313 -507.1185

[[2]]
[1] 1.799255


NOTE: Log Print Time:  2022-03-08 06:11:13 
NOTE: Elapsed Time in seconds: 14.2936730384827 

[[1]]
          [,1]      [,2]     [,3]      [,4]
[1,] 0.6390308 -94.08234 446.6313 -507.1185

[[2]]
[1] 1.799255


NOTE: Log Print Time:  2022-03-08 06:11:28 
NOTE: Elapsed Time in seconds: 14.507643699646 

[[1]]
          [,1]      [,2]     [,3]      [,4]
[1,] 0.6390308 -94.08234 446.6313 -507.1185

[[2]]
[1] 1.799255


NOTE: Log Print Time:  2022-03-08 06:11:49 
NOTE: Elapsed Time in seconds: 21.3272135257721 

[[1]]
          [,1]      [,2]     [,3]      [,4]
[1,] 0.6390308 -94.08234 446.6313 -507.1185

[[2]]
[1] 1.799255


NOTE: Log Print Time:  2022-03-08 06:12:04 
NOTE: Elapsed Time in seconds: 15.1182522773743 

[[1]]
          [,1]      [,2]     [,3]      [,4]
[1,] 0.6390308 -94.08234 446.6313 -507.1185

[[2]]
[1] 1.799255


NOTE: Log Print Time:  2022-03-08 06:12:18 
NOTE: Elapsed Time in seconds: 14.1085171699524 

[[1]]
          [,1]      [,2]     [,3]      [,4]
[1,] 0.6390308 -94.08234 446.6313 -507.1185

[[2]]
[1] 1.799255


NOTE: Log Print Time:  2022-03-08 06:12:34 
NOTE: Elapsed Time in seconds: 15.1097693443298 

[[1]]
          [,1]      [,2]     [,3]      [,4]
[1,] 0.6390308 -94.08234 446.6313 -507.1185

[[2]]
[1] 1.799255


NOTE: Log Print Time:  2022-03-08 06:12:49 
NOTE: Elapsed Time in seconds: 15.5489482879639 

[[1]]
          [,1]      [,2]     [,3]      [,4]
[1,] 0.6390308 -94.08234 446.6313 -507.1185

[[2]]
[1] 1.799255


NOTE: Log Print Time:  2022-03-08 06:13:03 
NOTE: Elapsed Time in seconds: 14.3619565963745 

[[1]]
          [,1]      [,2]     [,3]      [,4]
[1,] 0.6390308 -94.08234 446.6313 -507.1185

[[2]]
[1] 1.799255


NOTE: Log Print Time:  2022-03-08 06:13:19 
NOTE: Elapsed Time in seconds: 15.1753711700439 

[[1]]
          [,1]      [,2]     [,3]      [,4]
[1,] 0.6390308 -94.08234 446.6313 -507.1185

[[2]]
[1] 1.799255


NOTE: Log Print Time:  2022-03-08 06:13:34 
NOTE: Elapsed Time in seconds: 15.1142642498016 

[[1]]
          [,1]      [,2]     [,3]      [,4]
[1,] 0.6390308 -94.08234 446.6313 -507.1185

[[2]]
[1] 1.799255


NOTE: Log Print Time:  2022-03-08 06:13:49 
NOTE: Elapsed Time in seconds: 15.2484986782074 

[[1]]
          [,1]      [,2]     [,3]      [,4]
[1,] 0.6390308 -94.08234 446.6313 -507.1185

[[2]]
[1] 1.799255


NOTE: Log Print Time:  2022-03-08 06:14:03 
NOTE: Elapsed Time in seconds: 14.063282251358 

[[1]]
          [,1]      [,2]     [,3]      [,4]
[1,] 0.6390308 -94.08234 446.6313 -507.1185

[[2]]
[1] 1.799255


NOTE: Log Print Time:  2022-03-08 06:14:19 
NOTE: Elapsed Time in seconds: 15.4240424633026 

[[1]]
          [,1]      [,2]     [,3]      [,4]
[1,] 0.6390308 -94.08234 446.6313 -507.1185

[[2]]
[1] 1.799255


NOTE: Log Print Time:  2022-03-08 06:14:34 
NOTE: Elapsed Time in seconds: 15.8357281684875 

[[1]]
          [,1]      [,2]     [,3]      [,4]
[1,] 0.6390308 -94.08234 446.6313 -507.1185

[[2]]
[1] 1.799255


NOTE: Log Print Time:  2022-03-08 06:14:49 
NOTE: Elapsed Time in seconds: 15.10498046875 

[[1]]
          [,1]      [,2]     [,3]      [,4]
[1,] 0.6390308 -94.08234 446.6313 -507.1185

[[2]]
[1] 1.799255


NOTE: Log Print Time:  2022-03-08 06:15:05 
NOTE: Elapsed Time in seconds: 15.4170234203339 

[[1]]
          [,1]      [,2]     [,3]      [,4]
[1,] 0.6390308 -94.08234 446.6313 -507.1185

[[2]]
[1] 1.799255


NOTE: Log Print Time:  2022-03-08 06:15:20 
NOTE: Elapsed Time in seconds: 15.4024605751038 

[[1]]
          [,1]      [,2]     [,3]      [,4]
[1,] 0.6390308 -94.08234 446.6313 -507.1185

[[2]]
[1] 1.799255


NOTE: Log Print Time:  2022-03-08 06:15:35 
NOTE: Elapsed Time in seconds: 14.8707115650177 

[[1]]
          [,1]      [,2]     [,3]      [,4]
[1,] 0.6390308 -94.08234 446.6313 -507.1185

[[2]]
[1] 1.799255


NOTE: Log Print Time:  2022-03-08 06:15:50 
NOTE: Elapsed Time in seconds: 15.0076086521149 

[[1]]
          [,1]      [,2]     [,3]      [,4]
[1,] 0.6390308 -94.08234 446.6313 -507.1185

[[2]]
[1] 1.799255


NOTE: Log Print Time:  2022-03-08 06:16:13 
NOTE: Elapsed Time in seconds: 22.4239895343781 

[[1]]
          [,1]      [,2]     [,3]      [,4]
[1,] 0.6390308 -94.08234 446.6313 -507.1185

[[2]]
[1] 1.799255


NOTE: Log Print Time:  2022-03-08 06:16:28 
NOTE: Elapsed Time in seconds: 15.2171700000763 

[[1]]
          [,1]      [,2]     [,3]      [,4]
[1,] 0.6390308 -94.08234 446.6313 -507.1185

[[2]]
[1] 1.799255


NOTE: Log Print Time:  2022-03-08 06:16:42 
NOTE: Elapsed Time in seconds: 14.4223344326019 

[[1]]
          [,1]      [,2]     [,3]      [,4]
[1,] 0.6390308 -94.08234 446.6313 -507.1185

[[2]]
[1] 1.799255


NOTE: Log Print Time:  2022-03-08 06:16:57 
NOTE: Elapsed Time in seconds: 15.170343875885 

[[1]]
          [,1]      [,2]     [,3]      [,4]
[1,] 0.6390308 -94.08234 446.6313 -507.1185

[[2]]
[1] 1.799255


NOTE: Log Print Time:  2022-03-08 06:17:13 
NOTE: Elapsed Time in seconds: 15.138703584671 

[[1]]
          [,1]      [,2]     [,3]      [,4]
[1,] 0.6390308 -94.08234 446.6313 -507.1185

[[2]]
[1] 1.799255


NOTE: Log Print Time:  2022-03-08 06:17:28 
NOTE: Elapsed Time in seconds: 15.3452713489532 

[[1]]
          [,1]      [,2]     [,3]      [,4]
[1,] 0.6390308 -94.08234 446.6313 -507.1185

[[2]]
[1] 1.799255


NOTE: Log Print Time:  2022-03-08 06:17:49 
NOTE: Elapsed Time in seconds: 21.0683143138885 

[[1]]
          [,1]      [,2]     [,3]      [,4]
[1,] 0.6390308 -94.08234 446.6313 -507.1185

[[2]]
[1] 1.799255


NOTE: Log Print Time:  2022-03-08 06:18:04 
NOTE: Elapsed Time in seconds: 15.0968115329742 

[[1]]
          [,1]      [,2]     [,3]      [,4]
[1,] 0.6390308 -94.08234 446.6313 -507.1185

[[2]]
[1] 1.799255


NOTE: Log Print Time:  2022-03-08 06:18:18 
NOTE: Elapsed Time in seconds: 14.2680153846741 

[[1]]
          [,1]      [,2]     [,3]      [,4]
[1,] 0.6390308 -94.08234 446.6313 -507.1185

[[2]]
[1] 1.799255


NOTE: Log Print Time:  2022-03-08 06:18:33 
NOTE: Elapsed Time in seconds: 15.0457751750946 

[[1]]
          [,1]      [,2]     [,3]      [,4]
[1,] 0.6390308 -94.08234 446.6313 -507.1185

[[2]]
[1] 1.799255


NOTE: Log Print Time:  2022-03-08 06:18:48 
NOTE: Elapsed Time in seconds: 15.0712535381317 

[[1]]
          [,1]      [,2]     [,3]      [,4]
[1,] 0.6390308 -94.08234 446.6313 -507.1185

[[2]]
[1] 1.799255


NOTE: Log Print Time:  2022-03-08 06:19:04 
NOTE: Elapsed Time in seconds: 15.1599173545837 

[[1]]
          [,1]      [,2]     [,3]      [,4]
[1,] 0.6390308 -94.08234 446.6313 -507.1185

[[2]]
[1] 1.799255


NOTE: Log Print Time:  2022-03-08 06:19:19 
NOTE: Elapsed Time in seconds: 15.5278623104095 

[[1]]
          [,1]      [,2]     [,3]      [,4]
[1,] 0.6390308 -94.08234 446.6313 -507.1185

[[2]]
[1] 1.799255


NOTE: Log Print Time:  2022-03-08 06:19:34 
NOTE: Elapsed Time in seconds: 15.1548564434052 

[[1]]
          [,1]      [,2]     [,3]      [,4]
[1,] 0.6390308 -94.08234 446.6313 -507.1185

[[2]]
[1] 1.799255


NOTE: Log Print Time:  2022-03-08 06:19:49 
NOTE: Elapsed Time in seconds: 15.2195267677307 

[[1]]
          [,1]      [,2]     [,3]      [,4]
[1,] 0.6390308 -94.08234 446.6313 -507.1185

[[2]]
[1] 1.799255


NOTE: Log Print Time:  2022-03-08 06:20:14 
NOTE: Elapsed Time in seconds: 24.6545844078064 

[[1]]
          [,1]      [,2]     [,3]      [,4]
[1,] 0.6390308 -94.08234 446.6313 -507.1185

[[2]]
[1] 1.799255


NOTE: Log Print Time:  2022-03-08 06:20:30 
NOTE: Elapsed Time in seconds: 15.5551931858063 

[[1]]
          [,1]      [,2]     [,3]      [,4]
[1,] 0.6390308 -94.08234 446.6313 -507.1185

[[2]]
[1] 1.799255


NOTE: Log Print Time:  2022-03-08 06:20:46 
NOTE: Elapsed Time in seconds: 15.8359642028809 

[[1]]
          [,1]      [,2]     [,3]      [,4]
[1,] 0.6390308 -94.08234 446.6313 -507.1185

[[2]]
[1] 1.799255


NOTE: Log Print Time:  2022-03-08 06:21:01 
NOTE: Elapsed Time in seconds: 15.1718547344208 

[[1]]
          [,1]      [,2]     [,3]      [,4]
[1,] 0.6390308 -94.08234 446.6313 -507.1185

[[2]]
[1] 1.799255


NOTE: Log Print Time:  2022-03-08 06:21:16 
NOTE: Elapsed Time in seconds: 15.3263802528381 

[[1]]
          [,1]      [,2]     [,3]      [,4]
[1,] 0.6390308 -94.08234 446.6313 -507.1185

[[2]]
[1] 1.799255


NOTE: Log Print Time:  2022-03-08 06:21:31 
NOTE: Elapsed Time in seconds: 15.1673619747162 

[[1]]
          [,1]      [,2]     [,3]      [,4]
[1,] 0.6390308 -94.08234 446.6313 -507.1185

[[2]]
[1] 1.799255


NOTE: Log Print Time:  2022-03-08 06:21:46 
NOTE: Elapsed Time in seconds: 15.1320106983185 

[[1]]
          [,1]      [,2]     [,3]      [,4]
[1,] 0.6390308 -94.08234 446.6313 -507.1185

[[2]]
[1] 1.799255


NOTE: Log Print Time:  2022-03-08 06:22:01 
NOTE: Elapsed Time in seconds: 15.0434587001801 

[[1]]
          [,1]      [,2]     [,3]      [,4]
[1,] 0.6390308 -94.08234 446.6313 -507.1185

[[2]]
[1] 1.799255


NOTE: Log Print Time:  2022-03-08 06:22:17 
NOTE: Elapsed Time in seconds: 15.3572573661804 

[[1]]
          [,1]      [,2]     [,3]      [,4]
[1,] 0.6390308 -94.08234 446.6313 -507.1185

[[2]]
[1] 1.799255


NOTE: Log Print Time:  2022-03-08 06:22:38 
NOTE: Elapsed Time in seconds: 20.8808550834656 

[[1]]
          [,1]      [,2]     [,3]      [,4]
[1,] 0.6390308 -94.08234 446.6313 -507.1185

[[2]]
[1] 1.799255


NOTE: Log Print Time:  2022-03-08 06:22:53 
NOTE: Elapsed Time in seconds: 14.9247312545776 

[[1]]
          [,1]      [,2]     [,3]      [,4]
[1,] 0.6390308 -94.08234 446.6313 -507.1185

[[2]]
[1] 1.799255


NOTE: Log Print Time:  2022-03-08 06:23:08 
NOTE: Elapsed Time in seconds: 15.0685617923737 

[[1]]
          [,1]      [,2]     [,3]      [,4]
[1,] 0.6390308 -94.08234 446.6313 -507.1185

[[2]]
[1] 1.799255


NOTE: Log Print Time:  2022-03-08 06:23:23 
NOTE: Elapsed Time in seconds: 15.0010862350464 

[[1]]
          [,1]      [,2]     [,3]      [,4]
[1,] 0.6390308 -94.08234 446.6313 -507.1185

[[2]]
[1] 1.799255


NOTE: Log Print Time:  2022-03-08 06:23:37 
NOTE: Elapsed Time in seconds: 13.9882612228394 

[[1]]
          [,1]      [,2]     [,3]      [,4]
[1,] 0.6390308 -94.08234 446.6313 -507.1185

[[2]]
[1] 1.799255


NOTE: Log Print Time:  2022-03-08 06:23:52 
NOTE: Elapsed Time in seconds: 15.1391830444336 

[[1]]
          [,1]      [,2]     [,3]      [,4]
[1,] 0.6390308 -94.08234 446.6313 -507.1185

[[2]]
[1] 1.799255


NOTE: Log Print Time:  2022-03-08 06:24:07 
NOTE: Elapsed Time in seconds: 15.335218667984 

[[1]]
          [,1]      [,2]     [,3]      [,4]
[1,] 0.6390308 -94.08234 446.6313 -507.1185

[[2]]
[1] 1.799255


NOTE: Log Print Time:  2022-03-08 06:24:23 
NOTE: Elapsed Time in seconds: 15.5064318180084 

[[1]]
          [,1]      [,2]     [,3]      [,4]
[1,] 0.6390308 -94.08234 446.6313 -507.1185

[[2]]
[1] 1.799255


NOTE: Log Print Time:  2022-03-08 06:24:38 
NOTE: Elapsed Time in seconds: 15.4179263114929 

[[1]]
          [,1]      [,2]     [,3]      [,4]
[1,] 0.6390308 -94.08234 446.6313 -507.1185

[[2]]
[1] 1.799255


NOTE: Log Print Time:  2022-03-08 06:24:53 
NOTE: Elapsed Time in seconds: 15.2593605518341 

[[1]]
          [,1]      [,2]     [,3]      [,4]
[1,] 0.6390308 -94.08234 446.6313 -507.1185

[[2]]
[1] 1.799255


NOTE: Log Print Time:  2022-03-08 06:25:08 
NOTE: Elapsed Time in seconds: 14.2787795066833 

[[1]]
          [,1]      [,2]     [,3]      [,4]
[1,] 0.6390308 -94.08234 446.6313 -507.1185

[[2]]
[1] 1.799255


NOTE: Log Print Time:  2022-03-08 06:25:22 
NOTE: Elapsed Time in seconds: 14.5372924804688 

[[1]]
          [,1]      [,2]     [,3]      [,4]
[1,] 0.6390308 -94.08234 446.6313 -507.1185

[[2]]
[1] 1.799255


NOTE: Log Print Time:  2022-03-08 06:25:38 
NOTE: Elapsed Time in seconds: 15.4604618549347 

[[1]]
          [,1]      [,2]     [,3]      [,4]
[1,] 0.6390308 -94.08234 446.6313 -507.1185

[[2]]
[1] 1.799255


NOTE: Log Print Time:  2022-03-08 06:25:53 
NOTE: Elapsed Time in seconds: 15.1314404010773 

