========================================================================= 
Log Path: /scratch/wanglu57/job_scripts/log/2022-03-06_si-R-emp_ga.log 
Program Path: /scratch/wanglu57/job_scripts/2022-03-06_si-R-emp.R 
Working Directory: /scratch/wanglu57/job_scripts 
User Name: wanglu57 
R Version: 4.0.2 (2020-06-22) 
Machine: cdr1385.int.cedar.computecanada.ca x86_64 
Operating System: Linux 3.10.0-1160.36.2.el7.x86_64 #1 SMP Wed Jul 21 11:57:15 UTC 2021 
[1] "Base Packages: parallel stats graphics grDevices utils datasets methods\n               base \nOther Packages: doRNG_1.8.2 rngtools_1.5.2 here_1.0.1 GA_3.2.2 doParallel_1.0.16\n                iterators_1.0.13 foreach_1.5.1 "
Log Start Time: 2022-03-08 05:13:42 
========================================================================= 

[[1]]
          [,1]      [,2]     [,3]     [,4]
[1,] 0.4834533 -10.72914 64.90252 815.7626

[[2]]
[1] 8.023515


NOTE: Log Print Time:  2022-03-08 05:14:09 
NOTE: Elapsed Time in seconds: 1.16010133425395 

[[1]]
          [,1]      [,2]     [,3]     [,4]
[1,] 0.4834533 -10.72914 64.90252 815.7626

[[2]]
[1] 8.023515


NOTE: Log Print Time:  2022-03-08 05:15:04 
NOTE: Elapsed Time in seconds: 1.36318168242772 

[[1]]
          [,1]      [,2]     [,3]     [,4]
[1,] 0.4834533 -10.72914 64.90252 815.7626

[[2]]
[1] 8.023515


NOTE: Log Print Time:  2022-03-08 05:15:05 
NOTE: Elapsed Time in seconds: 56.5953345298767 

[[1]]
          [,1]      [,2]     [,3]     [,4]
[1,] 0.4834533 -10.72914 64.90252 815.7626

[[2]]
[1] 8.023515


NOTE: Log Print Time:  2022-03-08 05:16:03 
NOTE: Elapsed Time in seconds: 58.0023500919342 

[[1]]
          [,1]      [,2]     [,3]     [,4]
[1,] 0.4834533 -10.72914 64.90252 815.7626

[[2]]
[1] 8.023515


NOTE: Log Print Time:  2022-03-08 05:16:11 
NOTE: Elapsed Time in seconds: 1.12365602652232 

[[1]]
          [,1]      [,2]     [,3]     [,4]
[1,] 0.4834533 -10.72914 64.90252 815.7626

[[2]]
[1] 8.023515


NOTE: Log Print Time:  2022-03-08 05:17:01 
NOTE: Elapsed Time in seconds: 57.8485376834869 

[[1]]
          [,1]      [,2]     [,3]     [,4]
[1,] 0.4834533 -10.72914 64.90252 815.7626

[[2]]
[1] 8.023515


NOTE: Log Print Time:  2022-03-08 05:17:19 
NOTE: Elapsed Time in seconds: 1.13029995361964 

[[1]]
          [,1]      [,2]     [,3]     [,4]
[1,] 0.4834533 -10.72914 64.90252 815.7626

[[2]]
[1] 8.023515


NOTE: Log Print Time:  2022-03-08 05:17:59 
NOTE: Elapsed Time in seconds: 57.2412738800049 

[[1]]
          [,1]      [,2]     [,3]     [,4]
[1,] 0.4834533 -10.72914 64.90252 815.7626

[[2]]
[1] 8.023515


NOTE: Log Print Time:  2022-03-08 05:18:26 
NOTE: Elapsed Time in seconds: 1.12330907583237 

[[1]]
          [,1]      [,2]     [,3]     [,4]
[1,] 0.4834533 -10.72914 64.90252 815.7626

[[2]]
[1] 8.023515


NOTE: Log Print Time:  2022-03-08 05:19:04 
NOTE: Elapsed Time in seconds: 1.09087403217951 

[[1]]
          [,1]      [,2]     [,3]     [,4]
[1,] 0.4834533 -10.72914 64.90252 815.7626

[[2]]
[1] 8.023515


NOTE: Log Print Time:  2022-03-08 05:19:34 
NOTE: Elapsed Time in seconds: 1.12367784976959 

[[1]]
          [,1]      [,2]     [,3]     [,4]
[1,] 0.4834533 -10.72914 64.90252 815.7626

[[2]]
[1] 8.023515


NOTE: Log Print Time:  2022-03-08 05:20:02 
NOTE: Elapsed Time in seconds: 57.9065833091736 

[[1]]
          [,1]      [,2]     [,3]     [,4]
[1,] 0.4834533 -10.72914 64.90252 815.7626

[[2]]
[1] 8.023515


NOTE: Log Print Time:  2022-03-08 05:20:51 
NOTE: Elapsed Time in seconds: 1.29295664628347 

[[1]]
          [,1]      [,2]     [,3]     [,4]
[1,] 0.4834533 -10.72914 64.90252 815.7626

[[2]]
[1] 8.023515


NOTE: Log Print Time:  2022-03-08 05:21:00 
NOTE: Elapsed Time in seconds: 58.4106149673462 

[[1]]
          [,1]      [,2]     [,3]     [,4]
[1,] 0.4834533 -10.72914 64.90252 815.7626

[[2]]
[1] 8.023515


NOTE: Log Print Time:  2022-03-08 05:21:57 
NOTE: Elapsed Time in seconds: 56.6462562084198 

[[1]]
          [,1]      [,2]     [,3]     [,4]
[1,] 0.4834533 -10.72914 64.90252 815.7626

[[2]]
[1] 8.023515


NOTE: Log Print Time:  2022-03-08 05:21:59 
NOTE: Elapsed Time in seconds: 1.12930115858714 

[[1]]
          [,1]      [,2]     [,3]     [,4]
[1,] 0.4834533 -10.72914 64.90252 815.7626

[[2]]
[1] 8.023515


NOTE: Log Print Time:  2022-03-08 05:22:55 
NOTE: Elapsed Time in seconds: 57.9155254364014 

[[1]]
          [,1]      [,2]     [,3]     [,4]
[1,] 0.4834533 -10.72914 64.90252 815.7626

[[2]]
[1] 8.023515


NOTE: Log Print Time:  2022-03-08 05:23:07 
NOTE: Elapsed Time in seconds: 1.1366375207901 

[[1]]
          [,1]      [,2]     [,3]     [,4]
[1,] 0.4834533 -10.72914 64.90252 815.7626

[[2]]
[1] 8.023515


NOTE: Log Print Time:  2022-03-08 05:23:53 
NOTE: Elapsed Time in seconds: 57.8070659637451 

[[1]]
          [,1]      [,2]     [,3]     [,4]
[1,] 0.4834533 -10.72914 64.90252 815.7626

[[2]]
[1] 8.023515


NOTE: Log Print Time:  2022-03-08 05:24:15 
NOTE: Elapsed Time in seconds: 1.12581023772558 

[[1]]
          [,1]      [,2]     [,3]     [,4]
[1,] 0.4834533 -10.72914 64.90252 815.7626

[[2]]
[1] 8.023515


NOTE: Log Print Time:  2022-03-08 05:24:51 
NOTE: Elapsed Time in seconds: 58.5765678882599 

[[1]]
          [,1]      [,2]     [,3]     [,4]
[1,] 0.4834533 -10.72914 64.90252 815.7626

[[2]]
[1] 8.023515


NOTE: Log Print Time:  2022-03-08 05:25:23 
NOTE: Elapsed Time in seconds: 1.13082460959752 

[[1]]
          [,1]      [,2]     [,3]     [,4]
[1,] 0.4834533 -10.72914 64.90252 815.7626

[[2]]
[1] 8.023515


NOTE: Log Print Time:  2022-03-08 05:25:49 
NOTE: Elapsed Time in seconds: 57.9202783107758 

[[1]]
          [,1]      [,2]     [,3]     [,4]
[1,] 0.4834533 -10.72914 64.90252 815.7626

[[2]]
[1] 8.023515


NOTE: Log Print Time:  2022-03-08 05:26:31 
NOTE: Elapsed Time in seconds: 1.13667934735616 

[[1]]
          [,1]      [,2]     [,3]     [,4]
[1,] 0.4834533 -10.72914 64.90252 815.7626

[[2]]
[1] 8.023515


NOTE: Log Print Time:  2022-03-08 05:26:49 
NOTE: Elapsed Time in seconds: 59.4215393066406 

[[1]]
          [,1]      [,2]     [,3]     [,4]
[1,] 0.4834533 -10.72914 64.90252 815.7626

[[2]]
[1] 8.023515


NOTE: Log Print Time:  2022-03-08 05:27:39 
NOTE: Elapsed Time in seconds: 1.12705876032511 

[[1]]
          [,1]      [,2]     [,3]     [,4]
[1,] 0.4834533 -10.72914 64.90252 815.7626

[[2]]
[1] 8.023515


NOTE: Log Print Time:  2022-03-08 05:27:48 
NOTE: Elapsed Time in seconds: 59.0454890727997 

[[1]]
          [,1]      [,2]     [,3]     [,4]
[1,] 0.4834533 -10.72914 64.90252 815.7626

[[2]]
[1] 8.023515


NOTE: Log Print Time:  2022-03-08 05:28:46 
NOTE: Elapsed Time in seconds: 58.2538998126984 

[[1]]
          [,1]      [,2]     [,3]     [,4]
[1,] 0.4834533 -10.72914 64.90252 815.7626

[[2]]
[1] 8.023515


NOTE: Log Print Time:  2022-03-08 05:28:46 
NOTE: Elapsed Time in seconds: 1.12350682417552 

[[1]]
          [,1]      [,2]     [,3]     [,4]
[1,] 0.4834533 -10.72914 64.90252 815.7626

[[2]]
[1] 8.023515


NOTE: Log Print Time:  2022-03-08 05:29:46 
NOTE: Elapsed Time in seconds: 59.8199362754822 

[[1]]
          [,1]      [,2]     [,3]     [,4]
[1,] 0.4834533 -10.72914 64.90252 815.7626

[[2]]
[1] 8.023515


NOTE: Log Print Time:  2022-03-08 05:29:54 
NOTE: Elapsed Time in seconds: 1.134965411822 

[[1]]
          [,1]      [,2]     [,3]     [,4]
[1,] 0.4834533 -10.72914 64.90252 815.7626

[[2]]
[1] 8.023515


NOTE: Log Print Time:  2022-03-08 05:30:43 
NOTE: Elapsed Time in seconds: 56.9189276695251 

[[1]]
          [,1]      [,2]     [,3]     [,4]
[1,] 0.4834533 -10.72914 64.90252 815.7626

[[2]]
[1] 8.023515


NOTE: Log Print Time:  2022-03-08 05:31:02 
NOTE: Elapsed Time in seconds: 1.13878739277522 

[[1]]
          [,1]      [,2]     [,3]     [,4]
[1,] 0.4834533 -10.72914 64.90252 815.7626

[[2]]
[1] 8.023515


NOTE: Log Print Time:  2022-03-08 05:31:44 
NOTE: Elapsed Time in seconds: 1.01596667766571 

[[1]]
          [,1]      [,2]     [,3]     [,4]
[1,] 0.4834533 -10.72914 64.90252 815.7626

[[2]]
[1] 8.023515


NOTE: Log Print Time:  2022-03-08 05:32:11 
NOTE: Elapsed Time in seconds: 1.14400449196498 

[[1]]
          [,1]      [,2]     [,3]     [,4]
[1,] 0.4834533 -10.72914 64.90252 815.7626

[[2]]
[1] 8.023515


NOTE: Log Print Time:  2022-03-08 05:32:49 
NOTE: Elapsed Time in seconds: 1.09140073458354 

[[1]]
          [,1]      [,2]     [,3]     [,4]
[1,] 0.4834533 -10.72914 64.90252 815.7626

[[2]]
[1] 8.023515


NOTE: Log Print Time:  2022-03-08 05:33:20 
NOTE: Elapsed Time in seconds: 1.1471830924352 

[[1]]
          [,1]      [,2]     [,3]     [,4]
[1,] 0.4834533 -10.72914 64.90252 815.7626

[[2]]
[1] 8.023515


NOTE: Log Print Time:  2022-03-08 05:33:50 
NOTE: Elapsed Time in seconds: 1.00794044335683 

[[1]]
          [,1]      [,2]     [,3]     [,4]
[1,] 0.4834533 -10.72914 64.90252 815.7626

[[2]]
[1] 8.023515


NOTE: Log Print Time:  2022-03-08 05:34:28 
NOTE: Elapsed Time in seconds: 1.12658028205236 

[[1]]
          [,1]      [,2]     [,3]     [,4]
[1,] 0.4834533 -10.72914 64.90252 815.7626

[[2]]
[1] 8.023515


NOTE: Log Print Time:  2022-03-08 05:34:47 
NOTE: Elapsed Time in seconds: 57.0787274837494 

[[1]]
          [,1]      [,2]     [,3]     [,4]
[1,] 0.4834533 -10.72914 64.90252 815.7626

[[2]]
[1] 8.023515


NOTE: Log Print Time:  2022-03-08 05:35:37 
NOTE: Elapsed Time in seconds: 1.15707654953003 

[[1]]
          [,1]      [,2]     [,3]     [,4]
[1,] 0.4834533 -10.72914 64.90252 815.7626

[[2]]
[1] 8.023515


NOTE: Log Print Time:  2022-03-08 05:35:45 
NOTE: Elapsed Time in seconds: 58.2119047641754 

[[1]]
          [,1]      [,2]     [,3]     [,4]
[1,] 0.4834533 -10.72914 64.90252 815.7626

[[2]]
[1] 8.023515


NOTE: Log Print Time:  2022-03-08 05:36:42 
NOTE: Elapsed Time in seconds: 57.4312782287598 

[[1]]
          [,1]      [,2]     [,3]     [,4]
[1,] 0.4834533 -10.72914 64.90252 815.7626

[[2]]
[1] 8.023515


NOTE: Log Print Time:  2022-03-08 05:36:56 
NOTE: Elapsed Time in seconds: 1.31133646170298 

[[1]]
          [,1]      [,2]     [,3]     [,4]
[1,] 0.4834533 -10.72914 64.90252 815.7626

[[2]]
[1] 8.023515


NOTE: Log Print Time:  2022-03-08 05:37:45 
NOTE: Elapsed Time in seconds: 1.0531253973643 

[[1]]
          [,1]      [,2]     [,3]     [,4]
[1,] 0.4834533 -10.72914 64.90252 815.7626

[[2]]
[1] 8.023515


NOTE: Log Print Time:  2022-03-08 05:38:04 
NOTE: Elapsed Time in seconds: 1.14709533850352 

[[1]]
          [,1]      [,2]     [,3]     [,4]
[1,] 0.4834533 -10.72914 64.90252 815.7626

[[2]]
[1] 8.023515


NOTE: Log Print Time:  2022-03-08 05:38:42 
NOTE: Elapsed Time in seconds: 56.7257399559021 

[[1]]
          [,1]      [,2]     [,3]     [,4]
[1,] 0.4834533 -10.72914 64.90252 815.7626

[[2]]
[1] 8.023515


NOTE: Log Print Time:  2022-03-08 05:39:12 
NOTE: Elapsed Time in seconds: 1.12912652889887 

[[1]]
          [,1]      [,2]     [,3]     [,4]
[1,] 0.4834533 -10.72914 64.90252 815.7626

[[2]]
[1] 8.023515


NOTE: Log Print Time:  2022-03-08 05:39:42 
NOTE: Elapsed Time in seconds: 59.4669480323792 

[[1]]
          [,1]      [,2]     [,3]     [,4]
[1,] 0.4834533 -10.72914 64.90252 815.7626

[[2]]
[1] 8.023515


NOTE: Log Print Time:  2022-03-08 05:40:20 
NOTE: Elapsed Time in seconds: 1.13126904964447 

[[1]]
          [,1]      [,2]     [,3]     [,4]
[1,] 0.4834533 -10.72914 64.90252 815.7626

[[2]]
[1] 8.023515


NOTE: Log Print Time:  2022-03-08 05:40:37 
NOTE: Elapsed Time in seconds: 55.6053013801575 

[[1]]
          [,1]      [,2]     [,3]     [,4]
[1,] 0.4834533 -10.72914 64.90252 815.7626

[[2]]
[1] 8.023515


NOTE: Log Print Time:  2022-03-08 05:41:28 
NOTE: Elapsed Time in seconds: 1.13019622166951 

[[1]]
          [,1]      [,2]     [,3]     [,4]
[1,] 0.4834533 -10.72914 64.90252 815.7626

[[2]]
[1] 8.023515


NOTE: Log Print Time:  2022-03-08 05:41:34 
NOTE: Elapsed Time in seconds: 56.5627281665802 

[[1]]
          [,1]      [,2]     [,3]     [,4]
[1,] 0.4834533 -10.72914 64.90252 815.7626

[[2]]
[1] 8.023515


NOTE: Log Print Time:  2022-03-08 05:42:32 
NOTE: Elapsed Time in seconds: 58.6872556209564 

[[1]]
          [,1]      [,2]     [,3]     [,4]
[1,] 0.4834533 -10.72914 64.90252 815.7626

[[2]]
[1] 8.023515


NOTE: Log Print Time:  2022-03-08 05:42:45 
NOTE: Elapsed Time in seconds: 1.28567008574804 

[[1]]
          [,1]      [,2]     [,3]     [,4]
[1,] 0.4834533 -10.72914 64.90252 815.7626

[[2]]
[1] 8.023515


NOTE: Log Print Time:  2022-03-08 05:43:29 
NOTE: Elapsed Time in seconds: 56.8634054660797 

[[1]]
          [,1]      [,2]     [,3]     [,4]
[1,] 0.4834533 -10.72914 64.90252 815.7626

[[2]]
[1] 8.023515


NOTE: Log Print Time:  2022-03-08 05:43:53 
NOTE: Elapsed Time in seconds: 1.13778070211411 

[[1]]
          [,1]      [,2]     [,3]     [,4]
[1,] 0.4834533 -10.72914 64.90252 815.7626

[[2]]
[1] 8.023515


NOTE: Log Print Time:  2022-03-08 05:44:28 
NOTE: Elapsed Time in seconds: 58.376392364502 

[[1]]
          [,1]      [,2]     [,3]     [,4]
[1,] 0.4834533 -10.72914 64.90252 815.7626

[[2]]
[1] 8.023515


NOTE: Log Print Time:  2022-03-08 05:45:02 
NOTE: Elapsed Time in seconds: 1.14051612218221 

[[1]]
          [,1]      [,2]     [,3]     [,4]
[1,] 0.4834533 -10.72914 64.90252 815.7626

[[2]]
[1] 8.023515


NOTE: Log Print Time:  2022-03-08 05:45:25 
NOTE: Elapsed Time in seconds: 57.1474242210388 

[[1]]
          [,1]      [,2]     [,3]     [,4]
[1,] 0.4834533 -10.72914 64.90252 815.7626

[[2]]
[1] 8.023515


NOTE: Log Print Time:  2022-03-08 05:46:10 
NOTE: Elapsed Time in seconds: 1.13636778195699 

[[1]]
          [,1]      [,2]     [,3]     [,4]
[1,] 0.4834533 -10.72914 64.90252 815.7626

[[2]]
[1] 8.023515


NOTE: Log Print Time:  2022-03-08 05:46:23 
NOTE: Elapsed Time in seconds: 57.83953166008 

[[1]]
          [,1]      [,2]     [,3]     [,4]
[1,] 0.4834533 -10.72914 64.90252 815.7626

[[2]]
[1] 8.023515


NOTE: Log Print Time:  2022-03-08 05:47:17 
NOTE: Elapsed Time in seconds: 1.12527647018433 

[[1]]
          [,1]      [,2]     [,3]     [,4]
[1,] 0.4834533 -10.72914 64.90252 815.7626

[[2]]
[1] 8.023515


NOTE: Log Print Time:  2022-03-08 05:47:22 
NOTE: Elapsed Time in seconds: 58.99849152565 

[[1]]
          [,1]      [,2]     [,3]     [,4]
[1,] 0.4834533 -10.72914 64.90252 815.7626

[[2]]
[1] 8.023515


NOTE: Log Print Time:  2022-03-08 05:48:20 
NOTE: Elapsed Time in seconds: 58.5860526561737 

[[1]]
          [,1]      [,2]     [,3]     [,4]
[1,] 0.4834533 -10.72914 64.90252 815.7626

[[2]]
[1] 8.023515


NOTE: Log Print Time:  2022-03-08 05:48:26 
NOTE: Elapsed Time in seconds: 1.14037451346715 

[[1]]
          [,1]      [,2]     [,3]     [,4]
[1,] 0.4834533 -10.72914 64.90252 815.7626

[[2]]
[1] 8.023515


NOTE: Log Print Time:  2022-03-08 05:49:19 
NOTE: Elapsed Time in seconds: 58.6283252239227 

[[1]]
          [,1]      [,2]     [,3]     [,4]
[1,] 0.4834533 -10.72914 64.90252 815.7626

[[2]]
[1] 8.023515


NOTE: Log Print Time:  2022-03-08 05:49:34 
NOTE: Elapsed Time in seconds: 1.13648591438929 

[[1]]
          [,1]      [,2]     [,3]     [,4]
[1,] 0.4834533 -10.72914 64.90252 815.7626

[[2]]
[1] 8.023515


NOTE: Log Print Time:  2022-03-08 05:50:16 
NOTE: Elapsed Time in seconds: 56.7695116996765 

[[1]]
          [,1]      [,2]     [,3]     [,4]
[1,] 0.4834533 -10.72914 64.90252 815.7626

[[2]]
[1] 8.023515


NOTE: Log Print Time:  2022-03-08 05:50:43 
NOTE: Elapsed Time in seconds: 1.14305421113968 

[[1]]
          [,1]      [,2]     [,3]     [,4]
[1,] 0.4834533 -10.72914 64.90252 815.7626

[[2]]
[1] 8.023515


NOTE: Log Print Time:  2022-03-08 05:51:13 
NOTE: Elapsed Time in seconds: 57.1584959030151 

[[1]]
          [,1]      [,2]     [,3]     [,4]
[1,] 0.4834533 -10.72914 64.90252 815.7626

[[2]]
[1] 8.023515


NOTE: Log Print Time:  2022-03-08 05:51:50 
NOTE: Elapsed Time in seconds: 1.12236732244492 

[[1]]
          [,1]      [,2]     [,3]     [,4]
[1,] 0.4834533 -10.72914 64.90252 815.7626

[[2]]
[1] 8.023515


NOTE: Log Print Time:  2022-03-08 05:52:09 
NOTE: Elapsed Time in seconds: 56.4999732971191 

[[1]]
          [,1]      [,2]     [,3]     [,4]
[1,] 0.4834533 -10.72914 64.90252 815.7626

[[2]]
[1] 8.023515


NOTE: Log Print Time:  2022-03-08 05:52:58 
NOTE: Elapsed Time in seconds: 1.13348633448283 

[[1]]
          [,1]      [,2]     [,3]     [,4]
[1,] 0.4834533 -10.72914 64.90252 815.7626

[[2]]
[1] 8.023515


NOTE: Log Print Time:  2022-03-08 05:53:09 
NOTE: Elapsed Time in seconds: 59.2361450195312 

[[1]]
          [,1]      [,2]     [,3]     [,4]
[1,] 0.4834533 -10.72914 64.90252 815.7626

[[2]]
[1] 8.023515


NOTE: Log Print Time:  2022-03-08 05:54:06 
NOTE: Elapsed Time in seconds: 1.13856888612111 

[[1]]
          [,1]      [,2]     [,3]     [,4]
[1,] 0.4834533 -10.72914 64.90252 815.7626

[[2]]
[1] 8.023515


NOTE: Log Print Time:  2022-03-08 05:54:07 
NOTE: Elapsed Time in seconds: 58.1609852313995 

[[1]]
          [,1]      [,2]     [,3]     [,4]
[1,] 0.4834533 -10.72914 64.90252 815.7626

[[2]]
[1] 8.023515


NOTE: Log Print Time:  2022-03-08 05:55:05 
NOTE: Elapsed Time in seconds: 57.9907014369965 

[[1]]
          [,1]      [,2]     [,3]     [,4]
[1,] 0.4834533 -10.72914 64.90252 815.7626

[[2]]
[1] 8.023515


NOTE: Log Print Time:  2022-03-08 05:55:14 
NOTE: Elapsed Time in seconds: 1.13511242469152 

[[1]]
          [,1]      [,2]     [,3]     [,4]
[1,] 0.4834533 -10.72914 64.90252 815.7626

[[2]]
[1] 8.023515


NOTE: Log Print Time:  2022-03-08 05:56:04 
NOTE: Elapsed Time in seconds: 58.7869596481323 

[[1]]
          [,1]      [,2]     [,3]     [,4]
[1,] 0.4834533 -10.72914 64.90252 815.7626

[[2]]
[1] 8.023515


NOTE: Log Print Time:  2022-03-08 05:56:22 
NOTE: Elapsed Time in seconds: 1.13237954775492 

[[1]]
          [,1]      [,2]     [,3]     [,4]
[1,] 0.4834533 -10.72914 64.90252 815.7626

[[2]]
[1] 8.023515


NOTE: Log Print Time:  2022-03-08 05:57:04 
NOTE: Elapsed Time in seconds: 1.00180524587631 

[[1]]
          [,1]      [,2]     [,3]     [,4]
[1,] 0.4834533 -10.72914 64.90252 815.7626

[[2]]
[1] 8.023515


NOTE: Log Print Time:  2022-03-08 05:57:30 
NOTE: Elapsed Time in seconds: 1.12464208205541 

[[1]]
          [,1]      [,2]     [,3]     [,4]
[1,] 0.4834533 -10.72914 64.90252 815.7626

[[2]]
[1] 8.023515


NOTE: Log Print Time:  2022-03-08 05:58:02 
NOTE: Elapsed Time in seconds: 58.5350155830383 

[[1]]
          [,1]      [,2]     [,3]     [,4]
[1,] 0.4834533 -10.72914 64.90252 815.7626

[[2]]
[1] 8.023515


NOTE: Log Print Time:  2022-03-08 05:58:37 
NOTE: Elapsed Time in seconds: 1.11772124767303 

[[1]]
          [,1]      [,2]     [,3]     [,4]
[1,] 0.4834533 -10.72914 64.90252 815.7626

[[2]]
[1] 8.023515


NOTE: Log Print Time:  2022-03-08 05:59:00 
NOTE: Elapsed Time in seconds: 57.696117401123 

[[1]]
          [,1]      [,2]     [,3]     [,4]
[1,] 0.4834533 -10.72914 64.90252 815.7626

[[2]]
[1] 8.023515


NOTE: Log Print Time:  2022-03-08 05:59:45 
NOTE: Elapsed Time in seconds: 1.13202050924301 

[[1]]
          [,1]      [,2]     [,3]     [,4]
[1,] 0.4834533 -10.72914 64.90252 815.7626

[[2]]
[1] 8.023515


NOTE: Log Print Time:  2022-03-08 05:59:58 
NOTE: Elapsed Time in seconds: 58.5899710655212 

[[1]]
          [,1]      [,2]     [,3]     [,4]
[1,] 0.4834533 -10.72914 64.90252 815.7626

[[2]]
[1] 8.023515


NOTE: Log Print Time:  2022-03-08 06:00:54 
NOTE: Elapsed Time in seconds: 1.15454452435176 

[[1]]
          [,1]      [,2]     [,3]     [,4]
[1,] 0.4834533 -10.72914 64.90252 815.7626

[[2]]
[1] 8.023515


NOTE: Log Print Time:  2022-03-08 06:00:56 
NOTE: Elapsed Time in seconds: 57.2603495121002 

[[1]]
          [,1]      [,2]     [,3]     [,4]
[1,] 0.4834533 -10.72914 64.90252 815.7626

[[2]]
[1] 8.023515


NOTE: Log Print Time:  2022-03-08 06:01:53 
NOTE: Elapsed Time in seconds: 57.6093099117279 

[[1]]
          [,1]      [,2]     [,3]     [,4]
[1,] 0.4834533 -10.72914 64.90252 815.7626

[[2]]
[1] 8.023515


NOTE: Log Print Time:  2022-03-08 06:02:02 
NOTE: Elapsed Time in seconds: 1.13301304181417 

[[1]]
          [,1]      [,2]     [,3]     [,4]
[1,] 0.4834533 -10.72914 64.90252 815.7626

[[2]]
[1] 8.023515


NOTE: Log Print Time:  2022-03-08 06:02:51 
NOTE: Elapsed Time in seconds: 57.7895488739014 

[[1]]
          [,1]      [,2]     [,3]     [,4]
[1,] 0.4834533 -10.72914 64.90252 815.7626

[[2]]
[1] 8.023515


NOTE: Log Print Time:  2022-03-08 06:03:10 
NOTE: Elapsed Time in seconds: 1.13645734389623 

[[1]]
          [,1]      [,2]     [,3]     [,4]
[1,] 0.4834533 -10.72914 64.90252 815.7626

[[2]]
[1] 8.023515


NOTE: Log Print Time:  2022-03-08 06:03:51 
NOTE: Elapsed Time in seconds: 59.9934680461884 

[[1]]
          [,1]      [,2]     [,3]     [,4]
[1,] 0.4834533 -10.72914 64.90252 815.7626

[[2]]
[1] 8.023515


NOTE: Log Print Time:  2022-03-08 06:04:18 
NOTE: Elapsed Time in seconds: 1.13286099433899 

[[1]]
          [,1]      [,2]     [,3]     [,4]
[1,] 0.4834533 -10.72914 64.90252 815.7626

[[2]]
[1] 8.023515


NOTE: Log Print Time:  2022-03-08 06:04:49 
NOTE: Elapsed Time in seconds: 57.8039457798004 

[[1]]
          [,1]      [,2]     [,3]     [,4]
[1,] 0.4834533 -10.72914 64.90252 815.7626

[[2]]
[1] 8.023515


NOTE: Log Print Time:  2022-03-08 06:05:27 
NOTE: Elapsed Time in seconds: 1.13940294981003 

[[1]]
          [,1]      [,2]     [,3]     [,4]
[1,] 0.4834533 -10.72914 64.90252 815.7626

[[2]]
[1] 8.023515


NOTE: Log Print Time:  2022-03-08 06:05:47 
NOTE: Elapsed Time in seconds: 58.2451293468475 

[[1]]
          [,1]      [,2]     [,3]     [,4]
[1,] 0.4834533 -10.72914 64.90252 815.7626

[[2]]
[1] 8.023515


NOTE: Log Print Time:  2022-03-08 06:06:35 
NOTE: Elapsed Time in seconds: 1.13800484339396 

[[1]]
          [,1]      [,2]     [,3]     [,4]
[1,] 0.4834533 -10.72914 64.90252 815.7626

[[2]]
[1] 8.023515


NOTE: Log Print Time:  2022-03-08 06:06:45 
NOTE: Elapsed Time in seconds: 58.1256124973297 

[[1]]
          [,1]      [,2]     [,3]     [,4]
[1,] 0.4834533 -10.72914 64.90252 815.7626

[[2]]
[1] 8.023515


NOTE: Log Print Time:  2022-03-08 06:07:43 
NOTE: Elapsed Time in seconds: 1.1310106197993 

[[1]]
          [,1]      [,2]     [,3]     [,4]
[1,] 0.4834533 -10.72914 64.90252 815.7626

[[2]]
[1] 8.023515


NOTE: Log Print Time:  2022-03-08 06:07:45 
NOTE: Elapsed Time in seconds: 59.4217445850372 

[[1]]
          [,1]      [,2]     [,3]     [,4]
[1,] 0.4834533 -10.72914 64.90252 815.7626

[[2]]
[1] 8.023515


NOTE: Log Print Time:  2022-03-08 06:08:46 
NOTE: Elapsed Time in seconds: 1.02082804044088 

[[1]]
          [,1]      [,2]     [,3]     [,4]
[1,] 0.4834533 -10.72914 64.90252 815.7626

[[2]]
[1] 8.023515


NOTE: Log Print Time:  2022-03-08 06:08:50 
NOTE: Elapsed Time in seconds: 1.12587778170904 

[[1]]
          [,1]      [,2]     [,3]     [,4]
[1,] 0.4834533 -10.72914 64.90252 815.7626

[[2]]
[1] 8.023515


NOTE: Log Print Time:  2022-03-08 06:09:45 
NOTE: Elapsed Time in seconds: 59.4447550773621 

[[1]]
          [,1]      [,2]     [,3]     [,4]
[1,] 0.4834533 -10.72914 64.90252 815.7626

[[2]]
[1] 8.023515


NOTE: Log Print Time:  2022-03-08 06:09:58 
NOTE: Elapsed Time in seconds: 1.12733474175135 

[[1]]
          [,1]      [,2]     [,3]     [,4]
[1,] 0.4834533 -10.72914 64.90252 815.7626

[[2]]
[1] 8.023515


NOTE: Log Print Time:  2022-03-08 06:10:45 
NOTE: Elapsed Time in seconds: 59.9851603507996 

[[1]]
          [,1]      [,2]     [,3]     [,4]
[1,] 0.4834533 -10.72914 64.90252 815.7626

[[2]]
[1] 8.023515


NOTE: Log Print Time:  2022-03-08 06:11:05 
NOTE: Elapsed Time in seconds: 1.12144753535589 

[[1]]
          [,1]      [,2]     [,3]     [,4]
[1,] 0.4834533 -10.72914 64.90252 815.7626

[[2]]
[1] 8.023515


NOTE: Log Print Time:  2022-03-08 06:11:44 
NOTE: Elapsed Time in seconds: 58.7437169551849 

[[1]]
          [,1]      [,2]     [,3]     [,4]
[1,] 0.4834533 -10.72914 64.90252 815.7626

[[2]]
[1] 8.023515


NOTE: Log Print Time:  2022-03-08 06:12:13 
NOTE: Elapsed Time in seconds: 1.13406426111857 

[[1]]
          [,1]      [,2]     [,3]     [,4]
[1,] 0.4834533 -10.72914 64.90252 815.7626

[[2]]
[1] 8.023515


NOTE: Log Print Time:  2022-03-08 06:12:43 
NOTE: Elapsed Time in seconds: 58.511458158493 

[[1]]
          [,1]      [,2]     [,3]     [,4]
[1,] 0.4834533 -10.72914 64.90252 815.7626

[[2]]
[1] 8.023515


NOTE: Log Print Time:  2022-03-08 06:13:21 
NOTE: Elapsed Time in seconds: 1.13324113686879 

[[1]]
          [,1]      [,2]     [,3]     [,4]
[1,] 0.4834533 -10.72914 64.90252 815.7626

[[2]]
[1] 8.023515


NOTE: Log Print Time:  2022-03-08 06:13:41 
NOTE: Elapsed Time in seconds: 58.2306492328644 

[[1]]
          [,1]      [,2]     [,3]     [,4]
[1,] 0.4834533 -10.72914 64.90252 815.7626

[[2]]
[1] 8.023515


NOTE: Log Print Time:  2022-03-08 06:14:29 
NOTE: Elapsed Time in seconds: 1.12238486607869 

[[1]]
          [,1]      [,2]     [,3]     [,4]
[1,] 0.4834533 -10.72914 64.90252 815.7626

[[2]]
[1] 8.023515


NOTE: Log Print Time:  2022-03-08 06:14:41 
NOTE: Elapsed Time in seconds: 59.9081723690033 

[[1]]
          [,1]      [,2]     [,3]     [,4]
[1,] 0.4834533 -10.72914 64.90252 815.7626

[[2]]
[1] 8.023515


NOTE: Log Print Time:  2022-03-08 06:15:36 
NOTE: Elapsed Time in seconds: 1.12973663806915 

[[1]]
          [,1]      [,2]     [,3]     [,4]
[1,] 0.4834533 -10.72914 64.90252 815.7626

[[2]]
[1] 8.023515


NOTE: Log Print Time:  2022-03-08 06:15:41 
NOTE: Elapsed Time in seconds: 1.00219771067301 

[[1]]
          [,1]      [,2]     [,3]     [,4]
[1,] 0.4834533 -10.72914 64.90252 815.7626

[[2]]
[1] 8.023515


NOTE: Log Print Time:  2022-03-08 06:16:44 
NOTE: Elapsed Time in seconds: 1.12350400686264 

[[1]]
          [,1]      [,2]     [,3]     [,4]
[1,] 0.4834533 -10.72914 64.90252 815.7626

[[2]]
[1] 8.023515


NOTE: Log Print Time:  2022-03-08 06:16:46 
NOTE: Elapsed Time in seconds: 1.08971125682195 

[[1]]
          [,1]      [,2]     [,3]     [,4]
[1,] 0.4834533 -10.72914 64.90252 815.7626

[[2]]
[1] 8.023515


NOTE: Log Print Time:  2022-03-08 06:17:46 
NOTE: Elapsed Time in seconds: 59.54039311409 

[[1]]
          [,1]      [,2]     [,3]     [,4]
[1,] 0.4834533 -10.72914 64.90252 815.7626

[[2]]
[1] 8.023515


NOTE: Log Print Time:  2022-03-08 06:17:52 
NOTE: Elapsed Time in seconds: 1.13675184647242 

[[1]]
          [,1]      [,2]     [,3]     [,4]
[1,] 0.4834533 -10.72914 64.90252 815.7626

[[2]]
[1] 8.023515


NOTE: Log Print Time:  2022-03-08 06:18:45 
NOTE: Elapsed Time in seconds: 58.836856842041 

[[1]]
          [,1]      [,2]     [,3]     [,4]
[1,] 0.4834533 -10.72914 64.90252 815.7626

[[2]]
[1] 8.023515


NOTE: Log Print Time:  2022-03-08 06:19:01 
NOTE: Elapsed Time in seconds: 1.14561487833659 

[[1]]
          [,1]      [,2]     [,3]     [,4]
[1,] 0.4834533 -10.72914 64.90252 815.7626

[[2]]
[1] 8.023515


NOTE: Log Print Time:  2022-03-08 06:19:46 
NOTE: Elapsed Time in seconds: 1.02333437601725 

[[1]]
          [,1]      [,2]     [,3]     [,4]
[1,] 0.4834533 -10.72914 64.90252 815.7626

[[2]]
[1] 8.023515


NOTE: Log Print Time:  2022-03-08 06:20:08 
NOTE: Elapsed Time in seconds: 1.12743004957835 

[[1]]
          [,1]      [,2]     [,3]     [,4]
[1,] 0.4834533 -10.72914 64.90252 815.7626

[[2]]
[1] 8.023515


NOTE: Log Print Time:  2022-03-08 06:20:45 
NOTE: Elapsed Time in seconds: 58.9748380184174 

[[1]]
          [,1]      [,2]     [,3]     [,4]
[1,] 0.4834533 -10.72914 64.90252 815.7626

[[2]]
[1] 8.023515


NOTE: Log Print Time:  2022-03-08 06:21:16 
NOTE: Elapsed Time in seconds: 1.13343110481898 

[[1]]
          [,1]      [,2]     [,3]     [,4]
[1,] 0.4834533 -10.72914 64.90252 815.7626

[[2]]
[1] 8.023515


NOTE: Log Print Time:  2022-03-08 06:21:43 
NOTE: Elapsed Time in seconds: 58.2119553089142 

[[1]]
          [,1]      [,2]     [,3]     [,4]
[1,] 0.4834533 -10.72914 64.90252 815.7626

[[2]]
[1] 8.023515


NOTE: Log Print Time:  2022-03-08 06:22:24 
NOTE: Elapsed Time in seconds: 1.13272593816121 

[[1]]
          [,1]      [,2]     [,3]     [,4]
[1,] 0.4834533 -10.72914 64.90252 815.7626

[[2]]
[1] 8.023515


NOTE: Log Print Time:  2022-03-08 06:22:43 
NOTE: Elapsed Time in seconds: 59.7708320617676 

[[1]]
          [,1]      [,2]     [,3]     [,4]
[1,] 0.4834533 -10.72914 64.90252 815.7626

[[2]]
[1] 8.023515


NOTE: Log Print Time:  2022-03-08 06:23:32 
NOTE: Elapsed Time in seconds: 1.12410110632579 

[[1]]
          [,1]      [,2]     [,3]     [,4]
[1,] 0.4834533 -10.72914 64.90252 815.7626

[[2]]
[1] 8.023515


NOTE: Log Print Time:  2022-03-08 06:23:43 
NOTE: Elapsed Time in seconds: 1.00297807057699 

[[1]]
          [,1]      [,2]     [,3]     [,4]
[1,] 0.4834533 -10.72914 64.90252 815.7626

[[2]]
[1] 8.023515


NOTE: Log Print Time:  2022-03-08 06:24:40 
NOTE: Elapsed Time in seconds: 1.13545739253362 

[[1]]
          [,1]      [,2]     [,3]     [,4]
[1,] 0.4834533 -10.72914 64.90252 815.7626

[[2]]
[1] 8.023515


NOTE: Log Print Time:  2022-03-08 06:24:43 
NOTE: Elapsed Time in seconds: 59.6751048564911 

[[1]]
          [,1]      [,2]     [,3]     [,4]
[1,] 0.4834533 -10.72914 64.90252 815.7626

[[2]]
[1] 8.023515


NOTE: Log Print Time:  2022-03-08 06:25:42 
NOTE: Elapsed Time in seconds: 58.8842031955719 

[[1]]
          [,1]      [,2]     [,3]     [,4]
[1,] 0.4834533 -10.72914 64.90252 815.7626

[[2]]
[1] 8.023515


NOTE: Log Print Time:  2022-03-08 06:25:48 
NOTE: Elapsed Time in seconds: 1.13809576034546 

[[1]]
          [,1]      [,2]     [,3]     [,4]
[1,] 0.4834533 -10.72914 64.90252 815.7626

[[2]]
[1] 8.023515


NOTE: Log Print Time:  2022-03-08 06:26:42 
NOTE: Elapsed Time in seconds: 1.0061647494634 

[[1]]
          [,1]      [,2]     [,3]     [,4]
[1,] 0.4834533 -10.72914 64.90252 815.7626

[[2]]
[1] 8.023515


NOTE: Log Print Time:  2022-03-08 06:26:57 
NOTE: Elapsed Time in seconds: 1.14469425280889 

[[1]]
          [,1]      [,2]     [,3]     [,4]
[1,] 0.4834533 -10.72914 64.90252 815.7626

[[2]]
[1] 8.023515


NOTE: Log Print Time:  2022-03-08 06:27:40 
NOTE: Elapsed Time in seconds: 57.6286165714264 

[[1]]
          [,1]      [,2]     [,3]     [,4]
[1,] 0.4834533 -10.72914 64.90252 815.7626

[[2]]
[1] 8.023515


NOTE: Log Print Time:  2022-03-08 06:28:15 
NOTE: Elapsed Time in seconds: 1.29918768803279 

[[1]]
          [,1]      [,2]     [,3]     [,4]
[1,] 0.4834533 -10.72914 64.90252 815.7626

[[2]]
[1] 8.023515


NOTE: Log Print Time:  2022-03-08 06:28:39 
NOTE: Elapsed Time in seconds: 58.8531577587128 

[[1]]
          [,1]      [,2]     [,3]     [,4]
[1,] 0.4834533 -10.72914 64.90252 815.7626

[[2]]
[1] 8.023515


NOTE: Log Print Time:  2022-03-08 06:29:23 
NOTE: Elapsed Time in seconds: 1.14027080138524 

[[1]]
          [,1]      [,2]     [,3]     [,4]
[1,] 0.4834533 -10.72914 64.90252 815.7626

[[2]]
[1] 8.023515


NOTE: Log Print Time:  2022-03-08 06:29:39 
NOTE: Elapsed Time in seconds: 1.00369284550349 

[[1]]
          [,1]      [,2]     [,3]     [,4]
[1,] 0.4834533 -10.72914 64.90252 815.7626

[[2]]
[1] 8.023515


NOTE: Log Print Time:  2022-03-08 06:30:31 
NOTE: Elapsed Time in seconds: 1.12878423929214 

[[1]]
          [,1]      [,2]     [,3]     [,4]
[1,] 0.4834533 -10.72914 64.90252 815.7626

[[2]]
[1] 8.023515


NOTE: Log Print Time:  2022-03-08 06:30:37 
NOTE: Elapsed Time in seconds: 57.9471166133881 

[[1]]
          [,1]      [,2]     [,3]     [,4]
[1,] 0.4834533 -10.72914 64.90252 815.7626

[[2]]
[1] 8.023515


NOTE: Log Print Time:  2022-03-08 06:31:34 
NOTE: Elapsed Time in seconds: 57.6223876476288 

[[1]]
          [,1]      [,2]     [,3]     [,4]
[1,] 0.4834533 -10.72914 64.90252 815.7626

[[2]]
[1] 8.023515


NOTE: Log Print Time:  2022-03-08 06:31:40 
NOTE: Elapsed Time in seconds: 1.1489780664444 

[[1]]
          [,1]      [,2]     [,3]     [,4]
[1,] 0.4834533 -10.72914 64.90252 815.7626

[[2]]
[1] 8.023515


NOTE: Log Print Time:  2022-03-08 06:32:34 
NOTE: Elapsed Time in seconds: 59.8938302993774 

[[1]]
          [,1]      [,2]     [,3]     [,4]
[1,] 0.4834533 -10.72914 64.90252 815.7626

[[2]]
[1] 8.023515


NOTE: Log Print Time:  2022-03-08 06:32:47 
NOTE: Elapsed Time in seconds: 1.12617200215658 

[[1]]
          [,1]      [,2]     [,3]     [,4]
[1,] 0.4834533 -10.72914 64.90252 815.7626

[[2]]
[1] 8.023515


NOTE: Log Print Time:  2022-03-08 06:33:33 
NOTE: Elapsed Time in seconds: 58.2682237625122 

[[1]]
          [,1]      [,2]     [,3]     [,4]
[1,] 0.4834533 -10.72914 64.90252 815.7626

[[2]]
[1] 8.023515


NOTE: Log Print Time:  2022-03-08 06:33:55 
NOTE: Elapsed Time in seconds: 1.12670586506526 

[[1]]
          [,1]      [,2]     [,3]     [,4]
[1,] 0.4834533 -10.72914 64.90252 815.7626

[[2]]
[1] 8.023515


NOTE: Log Print Time:  2022-03-08 06:34:30 
NOTE: Elapsed Time in seconds: 57.7458829879761 

[[1]]
          [,1]      [,2]     [,3]     [,4]
[1,] 0.4834533 -10.72914 64.90252 815.7626

[[2]]
[1] 8.023515


NOTE: Log Print Time:  2022-03-08 06:35:03 
NOTE: Elapsed Time in seconds: 1.13592255512873 

[[1]]
          [,1]      [,2]     [,3]     [,4]
[1,] 0.4834533 -10.72914 64.90252 815.7626

[[2]]
[1] 8.023515


NOTE: Log Print Time:  2022-03-08 06:35:35 
NOTE: Elapsed Time in seconds: 1.08242030541102 

[[1]]
          [,1]      [,2]     [,3]     [,4]
[1,] 0.4834533 -10.72914 64.90252 815.7626

[[2]]
[1] 8.023515


NOTE: Log Print Time:  2022-03-08 06:36:11 
NOTE: Elapsed Time in seconds: 1.13674531380335 

[[1]]
          [,1]      [,2]     [,3]     [,4]
[1,] 0.4834533 -10.72914 64.90252 815.7626

[[2]]
[1] 8.023515


NOTE: Log Print Time:  2022-03-08 06:36:34 
NOTE: Elapsed Time in seconds: 58.2646443843842 

[[1]]
          [,1]      [,2]     [,3]     [,4]
[1,] 0.4834533 -10.72914 64.90252 815.7626

[[2]]
[1] 8.023515


NOTE: Log Print Time:  2022-03-08 06:37:19 
NOTE: Elapsed Time in seconds: 1.12499777078629 

[[1]]
          [,1]      [,2]     [,3]     [,4]
[1,] 0.4834533 -10.72914 64.90252 815.7626

[[2]]
[1] 8.023515


NOTE: Log Print Time:  2022-03-08 06:37:33 
NOTE: Elapsed Time in seconds: 59.06680727005 

[[1]]
          [,1]      [,2]     [,3]     [,4]
[1,] 0.4834533 -10.72914 64.90252 815.7626

[[2]]
[1] 8.023515


NOTE: Log Print Time:  2022-03-08 06:38:27 
NOTE: Elapsed Time in seconds: 1.12657639582952 

[[1]]
          [,1]      [,2]     [,3]     [,4]
[1,] 0.4834533 -10.72914 64.90252 815.7626

[[2]]
[1] 8.023515


NOTE: Log Print Time:  2022-03-08 06:38:30 
NOTE: Elapsed Time in seconds: 57.6659545898438 

[[1]]
          [,1]      [,2]     [,3]     [,4]
[1,] 0.4834533 -10.72914 64.90252 815.7626

[[2]]
[1] 8.023515


NOTE: Log Print Time:  2022-03-08 06:39:27 
NOTE: Elapsed Time in seconds: 56.9063634872437 

[[1]]
          [,1]      [,2]     [,3]     [,4]
[1,] 0.4834533 -10.72914 64.90252 815.7626

[[2]]
[1] 8.023515


NOTE: Log Print Time:  2022-03-08 06:39:35 
NOTE: Elapsed Time in seconds: 1.13359816471736 

[[1]]
          [,1]      [,2]     [,3]     [,4]
[1,] 0.4834533 -10.72914 64.90252 815.7626

[[2]]
[1] 8.023515


NOTE: Log Print Time:  2022-03-08 06:40:26 
NOTE: Elapsed Time in seconds: 59.2526004314423 

[[1]]
          [,1]      [,2]     [,3]     [,4]
[1,] 0.4834533 -10.72914 64.90252 815.7626

[[2]]
[1] 8.023515


NOTE: Log Print Time:  2022-03-08 06:40:42 
NOTE: Elapsed Time in seconds: 1.12902696927389 

[[1]]
          [,1]      [,2]     [,3]     [,4]
[1,] 0.4834533 -10.72914 64.90252 815.7626

[[2]]
[1] 8.023515


NOTE: Log Print Time:  2022-03-08 06:41:26 
NOTE: Elapsed Time in seconds: 59.247976064682 

[[1]]
          [,1]      [,2]     [,3]     [,4]
[1,] 0.4834533 -10.72914 64.90252 815.7626

[[2]]
[1] 8.023515


NOTE: Log Print Time:  2022-03-08 06:41:50 
NOTE: Elapsed Time in seconds: 1.13083148399989 

[[1]]
          [,1]      [,2]     [,3]     [,4]
[1,] 0.4834533 -10.72914 64.90252 815.7626

[[2]]
[1] 8.023515


NOTE: Log Print Time:  2022-03-08 06:42:23 
NOTE: Elapsed Time in seconds: 57.4446260929108 

[[1]]
          [,1]      [,2]     [,3]     [,4]
[1,] 0.4834533 -10.72914 64.90252 815.7626

[[2]]
[1] 8.023515


NOTE: Log Print Time:  2022-03-08 06:42:58 
NOTE: Elapsed Time in seconds: 1.13958177566528 

[[1]]
          [,1]      [,2]     [,3]     [,4]
[1,] 0.4834533 -10.72914 64.90252 815.7626

[[2]]
[1] 8.023515


NOTE: Log Print Time:  2022-03-08 06:43:22 
NOTE: Elapsed Time in seconds: 58.7824809551239 

[[1]]
          [,1]      [,2]     [,3]     [,4]
[1,] 0.4834533 -10.72914 64.90252 815.7626

[[2]]
[1] 8.023515


NOTE: Log Print Time:  2022-03-08 06:44:06 
NOTE: Elapsed Time in seconds: 1.13022924661636 

[[1]]
          [,1]      [,2]     [,3]     [,4]
[1,] 0.4834533 -10.72914 64.90252 815.7626

[[2]]
[1] 8.023515


NOTE: Log Print Time:  2022-03-08 06:44:19 
NOTE: Elapsed Time in seconds: 56.9911992549896 

[[1]]
          [,1]      [,2]     [,3]     [,4]
[1,] 0.4834533 -10.72914 64.90252 815.7626

[[2]]
[1] 8.023515


NOTE: Log Print Time:  2022-03-08 06:45:14 
NOTE: Elapsed Time in seconds: 1.12646784385045 

[[1]]
          [,1]      [,2]     [,3]     [,4]
[1,] 0.4834533 -10.72914 64.90252 815.7626

[[2]]
[1] 8.023515


NOTE: Log Print Time:  2022-03-08 06:45:17 
NOTE: Elapsed Time in seconds: 58.3151779174805 

[[1]]
          [,1]      [,2]     [,3]     [,4]
[1,] 0.4834533 -10.72914 64.90252 815.7626

[[2]]
[1] 8.023515


NOTE: Log Print Time:  2022-03-08 06:46:14 
NOTE: Elapsed Time in seconds: 57.1029689311981 

[[1]]
          [,1]      [,2]     [,3]     [,4]
[1,] 0.4834533 -10.72914 64.90252 815.7626

[[2]]
[1] 8.023515


NOTE: Log Print Time:  2022-03-08 06:46:22 
NOTE: Elapsed Time in seconds: 1.14256961743037 

[[1]]
          [,1]      [,2]     [,3]     [,4]
[1,] 0.4834533 -10.72914 64.90252 815.7626

[[2]]
[1] 8.023515


NOTE: Log Print Time:  2022-03-08 06:47:13 
NOTE: Elapsed Time in seconds: 58.4157710075378 

[[1]]
          [,1]      [,2]     [,3]     [,4]
[1,] 0.4834533 -10.72914 64.90252 815.7626

[[2]]
[1] 8.023515


NOTE: Log Print Time:  2022-03-08 06:47:30 
NOTE: Elapsed Time in seconds: 1.13159371217092 

[[1]]
          [,1]      [,2]     [,3]     [,4]
[1,] 0.4834533 -10.72914 64.90252 815.7626

[[2]]
[1] 8.023515


NOTE: Log Print Time:  2022-03-08 06:48:12 
NOTE: Elapsed Time in seconds: 59.3707087039948 

[[1]]
          [,1]      [,2]     [,3]     [,4]
[1,] 0.4834533 -10.72914 64.90252 815.7626

[[2]]
[1] 8.023515


NOTE: Log Print Time:  2022-03-08 06:48:38 
NOTE: Elapsed Time in seconds: 1.13191618919373 

[[1]]
          [,1]      [,2]     [,3]     [,4]
[1,] 0.4834533 -10.72914 64.90252 815.7626

[[2]]
[1] 8.023515


NOTE: Log Print Time:  2022-03-08 06:49:09 
NOTE: Elapsed Time in seconds: 56.9248290061951 

[[1]]
          [,1]      [,2]     [,3]     [,4]
[1,] 0.4834533 -10.72914 64.90252 815.7626

[[2]]
[1] 8.023515


NOTE: Log Print Time:  2022-03-08 06:49:56 
NOTE: Elapsed Time in seconds: 1.29979955355326 

[[1]]
          [,1]      [,2]     [,3]     [,4]
[1,] 0.4834533 -10.72914 64.90252 815.7626

[[2]]
[1] 8.023515


NOTE: Log Print Time:  2022-03-08 06:50:06 
NOTE: Elapsed Time in seconds: 57.4940645694733 

[[1]]
          [,1]      [,2]     [,3]     [,4]
[1,] 0.4834533 -10.72914 64.90252 815.7626

[[2]]
[1] 8.023515


NOTE: Log Print Time:  2022-03-08 06:51:04 
NOTE: Elapsed Time in seconds: 1.13291734457016 

[[1]]
          [,1]      [,2]     [,3]     [,4]
[1,] 0.4834533 -10.72914 64.90252 815.7626

[[2]]
[1] 8.023515


NOTE: Log Print Time:  2022-03-08 06:51:04 
NOTE: Elapsed Time in seconds: 57.8171472549438 

[[1]]
          [,1]      [,2]     [,3]     [,4]
[1,] 0.4834533 -10.72914 64.90252 815.7626

[[2]]
[1] 8.023515


NOTE: Log Print Time:  2022-03-08 06:52:13 
NOTE: Elapsed Time in seconds: 1.1448571840922 

[[1]]
          [,1]      [,2]     [,3]     [,4]
[1,] 0.4834533 -10.72914 64.90252 815.7626

[[2]]
[1] 8.023515


NOTE: Log Print Time:  2022-03-08 06:53:21 
NOTE: Elapsed Time in seconds: 1.12878670692444 

[[1]]
          [,1]      [,2]     [,3]     [,4]
[1,] 0.4834533 -10.72914 64.90252 815.7626

[[2]]
[1] 8.023515


NOTE: Log Print Time:  2022-03-08 06:54:28 
NOTE: Elapsed Time in seconds: 1.12226127783457 

[[1]]
          [,1]      [,2]     [,3]     [,4]
[1,] 0.4834533 -10.72914 64.90252 815.7626

[[2]]
[1] 8.023515


NOTE: Log Print Time:  2022-03-08 06:55:36 
NOTE: Elapsed Time in seconds: 1.13178512255351 

[[1]]
          [,1]      [,2]     [,3]     [,4]
[1,] 0.4834533 -10.72914 64.90252 815.7626

[[2]]
[1] 8.023515


NOTE: Log Print Time:  2022-03-08 06:56:44 
NOTE: Elapsed Time in seconds: 1.13926793336868 

[[1]]
          [,1]      [,2]     [,3]     [,4]
[1,] 0.4834533 -10.72914 64.90252 815.7626

[[2]]
[1] 8.023515


NOTE: Log Print Time:  2022-03-08 06:57:52 
NOTE: Elapsed Time in seconds: 1.13408391078313 

[[1]]
          [,1]      [,2]     [,3]     [,4]
[1,] 0.4834533 -10.72914 64.90252 815.7626

[[2]]
[1] 8.023515


NOTE: Log Print Time:  2022-03-08 06:59:01 
NOTE: Elapsed Time in seconds: 1.13751356204351 

[[1]]
          [,1]      [,2]     [,3]     [,4]
[1,] 0.4834533 -10.72914 64.90252 815.7626

[[2]]
[1] 8.023515


NOTE: Log Print Time:  2022-03-08 07:00:08 
NOTE: Elapsed Time in seconds: 1.12669931650162 

[[1]]
          [,1]      [,2]     [,3]     [,4]
[1,] 0.4834533 -10.72914 64.90252 815.7626

[[2]]
[1] 8.023515


NOTE: Log Print Time:  2022-03-08 07:01:16 
NOTE: Elapsed Time in seconds: 1.13699581623077 

[[1]]
          [,1]      [,2]     [,3]     [,4]
[1,] 0.4834533 -10.72914 64.90252 815.7626

[[2]]
[1] 8.023515


NOTE: Log Print Time:  2022-03-08 07:02:24 
NOTE: Elapsed Time in seconds: 1.12637916008631 

[[1]]
          [,1]      [,2]     [,3]     [,4]
[1,] 0.4834533 -10.72914 64.90252 815.7626

[[2]]
[1] 8.023515


NOTE: Log Print Time:  2022-03-08 07:03:32 
NOTE: Elapsed Time in seconds: 1.13464456399282 

[[1]]
          [,1]      [,2]     [,3]     [,4]
[1,] 0.4834533 -10.72914 64.90252 815.7626

[[2]]
[1] 8.023515


NOTE: Log Print Time:  2022-03-08 07:04:41 
NOTE: Elapsed Time in seconds: 1.1462163845698 

[[1]]
          [,1]      [,2]     [,3]     [,4]
[1,] 0.4834533 -10.72914 64.90252 815.7626

[[2]]
[1] 8.023515


NOTE: Log Print Time:  2022-03-08 07:05:48 
NOTE: Elapsed Time in seconds: 1.11756714979808 

[[1]]
          [,1]      [,2]     [,3]     [,4]
[1,] 0.4834533 -10.72914 64.90252 815.7626

[[2]]
[1] 8.023515


NOTE: Log Print Time:  2022-03-08 07:06:55 
NOTE: Elapsed Time in seconds: 1.12201028664907 

[[1]]
          [,1]      [,2]     [,3]     [,4]
[1,] 0.4834533 -10.72914 64.90252 815.7626

[[2]]
[1] 8.023515


NOTE: Log Print Time:  2022-03-08 07:08:03 
NOTE: Elapsed Time in seconds: 1.13078911701838 

