========================================================================= 
Log Path: /scratch/wanglu57/job_scripts/log/2022-02-22_ga-si-G-log_ga.log 
Program Path: /scratch/wanglu57/job_scripts/2022-02-22_ga-si-G-log.R 
Working Directory: /scratch/wanglu57/job_scripts 
User Name: wanglu57 
R Version: 4.0.2 (2020-06-22) 
Machine: cdr2323.int.cedar.computecanada.ca x86_64 
Operating System: Linux 3.10.0-1160.36.2.el7.x86_64 #1 SMP Wed Jul 21 11:57:15 UTC 2021 
[1] "Base Packages: parallel stats graphics grDevices utils datasets methods\n               base \nOther Packages: doRNG_1.8.2 rngtools_1.5.2 here_1.0.1 GA_3.2.2 doParallel_1.0.16\n                iterators_1.0.13 foreach_1.5.1 "
Log Start Time: 2022-02-24 11:10:53 
========================================================================= 

[[1]]
        [,1]      [,2]    [,3]     [,4]
[1,] 3.05588 -4.583292 429.245 567.1735

[[2]]
[1] 6.095584


NOTE: Log Print Time:  2022-02-24 11:17:00 
NOTE: Elapsed Time in seconds: 6.11506710449855 

[[1]]
        [,1]      [,2]    [,3]     [,4]
[1,] 3.05588 -4.583292 429.245 567.1735

[[2]]
[1] 6.095584


NOTE: Log Print Time:  2022-02-24 11:18:08 
NOTE: Elapsed Time in seconds: 1.14041150808334 

[[1]]
        [,1]      [,2]    [,3]     [,4]
[1,] 3.05588 -4.583292 429.245 567.1735

[[2]]
[1] 6.095584


NOTE: Log Print Time:  2022-02-24 11:27:26 
NOTE: Elapsed Time in seconds: 9.30263339678446 

[[1]]
        [,1]      [,2]    [,3]     [,4]
[1,] 3.05588 -4.583292 429.245 567.1735

[[2]]
[1] 6.095584


NOTE: Log Print Time:  2022-02-24 11:35:43 
NOTE: Elapsed Time in seconds: 8.28117832740148 

[[1]]
         [,1]     [,2]     [,3]    [,4]
[1,] 3.157329 11.31003 69.34284 115.526

[[2]]
[1] 6.312935


NOTE: Log Print Time:  2022-02-24 11:43:11 
NOTE: Elapsed Time in seconds: 7.47055712938309 

[[1]]
         [,1]     [,2]     [,3]    [,4]
[1,] 3.157329 11.31003 69.34284 115.526

[[2]]
[1] 6.312935


NOTE: Log Print Time:  2022-02-24 11:49:20 
NOTE: Elapsed Time in seconds: 6.14412663380305 

[[1]]
         [,1]     [,2]     [,3]     [,4]
[1,] 3.195035 15.28429 129.3025 565.9133

[[2]]
[1] 6.341548


NOTE: Log Print Time:  2022-02-24 11:59:45 
NOTE: Elapsed Time in seconds: 10.4139941414197 

[[1]]
         [,1]     [,2]      [,3]     [,4]
[1,] 3.309313 54.20763 -368.8223 374.4615

[[2]]
[1] 6.602271


NOTE: Log Print Time:  2022-02-24 12:10:19 
NOTE: Elapsed Time in seconds: 10.5678392132123 

[[1]]
         [,1]     [,2]      [,3]     [,4]
[1,] 3.267634 35.13597 -245.2746 569.7323

[[2]]
[1] 6.722812


NOTE: Log Print Time:  2022-02-24 12:17:46 
NOTE: Elapsed Time in seconds: 7.44402117729187 

[[1]]
         [,1]     [,2]      [,3]     [,4]
[1,] 3.267634 35.13597 -245.2746 569.7323

[[2]]
[1] 6.722812


NOTE: Log Print Time:  2022-02-24 12:25:00 
NOTE: Elapsed Time in seconds: 7.23795537948608 

[[1]]
         [,1]     [,2]      [,3]     [,4]
[1,] 3.267634 35.13597 -245.2746 569.7323

[[2]]
[1] 6.722812


NOTE: Log Print Time:  2022-02-24 12:36:54 
NOTE: Elapsed Time in seconds: 11.900878405571 

[[1]]
         [,1]     [,2]      [,3]     [,4]
[1,] 3.267634 35.13597 -245.2746 569.7323

[[2]]
[1] 6.722812


NOTE: Log Print Time:  2022-02-24 12:46:35 
NOTE: Elapsed Time in seconds: 9.67953865130742 

[[1]]
         [,1]     [,2]     [,3]     [,4]
[1,] 3.199855 19.28211 1.815312 52.10088

[[2]]
[1] 6.754546


NOTE: Log Print Time:  2022-02-24 12:57:36 
NOTE: Elapsed Time in seconds: 11.0249673446019 

