========================================================================= 
Log Path: /scratch/wanglu57/job_scripts/log/2022-03-05_si-I-log-emp_ga.log 
Program Path: /scratch/wanglu57/job_scripts/2022-03-05_si-I-log-emp.R 
Working Directory: /scratch/wanglu57/job_scripts 
User Name: wanglu57 
R Version: 4.0.2 (2020-06-22) 
Machine: cdr2413.int.cedar.computecanada.ca x86_64 
Operating System: Linux 3.10.0-1160.36.2.el7.x86_64 #1 SMP Wed Jul 21 11:57:15 UTC 2021 
[1] "Base Packages: parallel stats graphics grDevices utils datasets methods\n               base \nOther Packages: doRNG_1.8.2 rngtools_1.5.2 here_1.0.1 GA_3.2.2 doParallel_1.0.16\n                iterators_1.0.13 foreach_1.5.1 "
Log Start Time: 2022-03-06 11:49:13 
========================================================================= 

[[1]]
           [,1]      [,2]    [,3]     [,4]
[1,] -0.3990724 -1.815569 845.101 -1016.89

[[2]]
[1] 1.791858


NOTE: Log Print Time:  2022-03-06 11:50:27 
NOTE: Elapsed Time in seconds: 1.23720936377843 

[[1]]
          [,1]     [,2]     [,3]      [,4]
[1,] 0.5361344 -49.0045 764.8581 -941.4494

[[2]]
[1] 1.793441


NOTE: Log Print Time:  2022-03-06 11:51:30 
NOTE: Elapsed Time in seconds: 1.05895268917084 

[[1]]
           [,1]     [,2]     [,3]      [,4]
[1,] -0.4360357 30.58706 805.3727 -1014.954

[[2]]
[1] 1.795032


NOTE: Log Print Time:  2022-03-06 11:52:33 
NOTE: Elapsed Time in seconds: 1.04082203706106 

[[1]]
            [,1]    [,2]    [,3]      [,4]
[1,] 0.003243974 33.5117 5.51752 -81.58999

[[2]]
[1] 2.597938


NOTE: Log Print Time:  2022-03-06 11:53:35 
NOTE: Elapsed Time in seconds: 1.03817343314489 

[[1]]
            [,1]    [,2]    [,3]      [,4]
[1,] 0.003243974 33.5117 5.51752 -81.58999

[[2]]
[1] 2.597938


NOTE: Log Print Time:  2022-03-06 11:54:37 
NOTE: Elapsed Time in seconds: 1.02845895290375 

[[1]]
            [,1]    [,2]    [,3]      [,4]
[1,] 0.003243974 33.5117 5.51752 -81.58999

[[2]]
[1] 2.597938


NOTE: Log Print Time:  2022-03-06 11:55:46 
NOTE: Elapsed Time in seconds: 1.15176996390025 

[[1]]
            [,1]    [,2]    [,3]      [,4]
[1,] 0.003243974 33.5117 5.51752 -81.58999

[[2]]
[1] 2.597938


NOTE: Log Print Time:  2022-03-06 11:56:48 
NOTE: Elapsed Time in seconds: 1.03460011482239 

[[1]]
            [,1]    [,2]    [,3]      [,4]
[1,] 0.003243974 33.5117 5.51752 -81.58999

[[2]]
[1] 2.597938


NOTE: Log Print Time:  2022-03-06 11:57:51 
NOTE: Elapsed Time in seconds: 1.05286575555801 

[[1]]
            [,1]    [,2]    [,3]      [,4]
[1,] 0.003243974 33.5117 5.51752 -81.58999

[[2]]
[1] 2.597938


NOTE: Log Print Time:  2022-03-06 11:58:53 
NOTE: Elapsed Time in seconds: 1.03112969795863 

[[1]]
            [,1]    [,2]    [,3]      [,4]
[1,] 0.003243974 33.5117 5.51752 -81.58999

[[2]]
[1] 2.597938


NOTE: Log Print Time:  2022-03-06 11:59:56 
NOTE: Elapsed Time in seconds: 1.04661773443222 

[[1]]
            [,1]    [,2]    [,3]      [,4]
[1,] 0.003243974 33.5117 5.51752 -81.58999

[[2]]
[1] 2.597938


NOTE: Log Print Time:  2022-03-06 12:00:59 
NOTE: Elapsed Time in seconds: 1.04708884557088 

[[1]]
            [,1]    [,2]    [,3]      [,4]
[1,] 0.003243974 33.5117 5.51752 -81.58999

[[2]]
[1] 2.597938


NOTE: Log Print Time:  2022-03-06 12:02:01 
NOTE: Elapsed Time in seconds: 1.03440577586492 

[[1]]
            [,1]    [,2]    [,3]      [,4]
[1,] 0.003243974 33.5117 5.51752 -81.58999

[[2]]
[1] 2.597938


NOTE: Log Print Time:  2022-03-06 12:03:03 
NOTE: Elapsed Time in seconds: 1.04112167755763 

[[1]]
            [,1]    [,2]    [,3]      [,4]
[1,] 0.003243974 33.5117 5.51752 -81.58999

[[2]]
[1] 2.597938


NOTE: Log Print Time:  2022-03-06 12:04:07 
NOTE: Elapsed Time in seconds: 1.06176931460698 

[[1]]
            [,1]    [,2]    [,3]      [,4]
[1,] 0.003243974 33.5117 5.51752 -81.58999

[[2]]
[1] 2.597938


NOTE: Log Print Time:  2022-03-06 12:05:10 
NOTE: Elapsed Time in seconds: 1.04275021950404 

[[1]]
            [,1]    [,2]    [,3]      [,4]
[1,] 0.003243974 33.5117 5.51752 -81.58999

[[2]]
[1] 2.597938


NOTE: Log Print Time:  2022-03-06 12:06:12 
NOTE: Elapsed Time in seconds: 1.03633746703466 

[[1]]
            [,1]    [,2]    [,3]      [,4]
[1,] 0.003243974 33.5117 5.51752 -81.58999

[[2]]
[1] 2.597938


NOTE: Log Print Time:  2022-03-06 12:07:14 
NOTE: Elapsed Time in seconds: 1.04159633715947 

[[1]]
            [,1]    [,2]    [,3]      [,4]
[1,] 0.003243974 33.5117 5.51752 -81.58999

[[2]]
[1] 2.597938


NOTE: Log Print Time:  2022-03-06 12:08:16 
NOTE: Elapsed Time in seconds: 1.02212852239609 

[[1]]
            [,1]    [,2]    [,3]      [,4]
[1,] 0.003243974 33.5117 5.51752 -81.58999

[[2]]
[1] 2.597938


NOTE: Log Print Time:  2022-03-06 12:09:20 
NOTE: Elapsed Time in seconds: 1.07958005666733 

[[1]]
            [,1]    [,2]    [,3]      [,4]
[1,] 0.003243974 33.5117 5.51752 -81.58999

[[2]]
[1] 2.597938


NOTE: Log Print Time:  2022-03-06 12:10:24 
NOTE: Elapsed Time in seconds: 1.05368775129318 

[[1]]
            [,1]    [,2]    [,3]      [,4]
[1,] 0.003243974 33.5117 5.51752 -81.58999

[[2]]
[1] 2.597938


NOTE: Log Print Time:  2022-03-06 12:11:26 
NOTE: Elapsed Time in seconds: 1.04041955073675 

[[1]]
            [,1]    [,2]    [,3]      [,4]
[1,] 0.003243974 33.5117 5.51752 -81.58999

[[2]]
[1] 2.597938


NOTE: Log Print Time:  2022-03-06 12:12:28 
NOTE: Elapsed Time in seconds: 1.0337637424469 

[[1]]
            [,1]    [,2]    [,3]      [,4]
[1,] 0.003243974 33.5117 5.51752 -81.58999

[[2]]
[1] 2.597938


NOTE: Log Print Time:  2022-03-06 12:13:30 
NOTE: Elapsed Time in seconds: 1.03091201782227 

[[1]]
            [,1]    [,2]    [,3]      [,4]
[1,] 0.003243974 33.5117 5.51752 -81.58999

[[2]]
[1] 2.597938


NOTE: Log Print Time:  2022-03-06 12:14:33 
NOTE: Elapsed Time in seconds: 1.04732813835144 

[[1]]
            [,1]    [,2]    [,3]      [,4]
[1,] 0.003243974 33.5117 5.51752 -81.58999

[[2]]
[1] 2.597938


NOTE: Log Print Time:  2022-03-06 12:15:35 
NOTE: Elapsed Time in seconds: 1.04376342693965 

[[1]]
            [,1]    [,2]     [,3]      [,4]
[1,] -0.08999518 35.0473 6.338235 -82.73559

[[2]]
[1] 2.616548


NOTE: Log Print Time:  2022-03-06 12:16:38 
NOTE: Elapsed Time in seconds: 1.04940685033798 

[[1]]
            [,1]    [,2]     [,3]      [,4]
[1,] -0.08999518 35.0473 6.338235 -82.73559

[[2]]
[1] 2.616548


NOTE: Log Print Time:  2022-03-06 12:17:47 
NOTE: Elapsed Time in seconds: 1.13866769472758 

[[1]]
            [,1]    [,2]     [,3]      [,4]
[1,] -0.08999518 35.0473 6.338235 -82.73559

[[2]]
[1] 2.616548


NOTE: Log Print Time:  2022-03-06 12:18:48 
NOTE: Elapsed Time in seconds: 1.02144244511922 

[[1]]
            [,1]    [,2]     [,3]      [,4]
[1,] -0.08999518 35.0473 6.338235 -82.73559

[[2]]
[1] 2.616548


NOTE: Log Print Time:  2022-03-06 12:19:50 
NOTE: Elapsed Time in seconds: 1.03038081328074 

[[1]]
            [,1]    [,2]     [,3]      [,4]
[1,] -0.08999518 35.0473 6.338235 -82.73559

[[2]]
[1] 2.616548


NOTE: Log Print Time:  2022-03-06 12:20:52 
NOTE: Elapsed Time in seconds: 1.04505578279495 

[[1]]
            [,1]    [,2]     [,3]      [,4]
[1,] -0.08999518 35.0473 6.338235 -82.73559

[[2]]
[1] 2.616548


NOTE: Log Print Time:  2022-03-06 12:21:54 
NOTE: Elapsed Time in seconds: 1.03160435358683 

[[1]]
            [,1]    [,2]     [,3]      [,4]
[1,] -0.08999518 35.0473 6.338235 -82.73559

[[2]]
[1] 2.616548


NOTE: Log Print Time:  2022-03-06 12:22:56 
NOTE: Elapsed Time in seconds: 1.03207419713338 

[[1]]
            [,1]     [,2]    [,3]      [,4]
[1,] 0.003243974 47.36292 5.51752 -81.58999

[[2]]
[1] 2.930137


NOTE: Log Print Time:  2022-03-06 12:23:59 
NOTE: Elapsed Time in seconds: 1.04587159951528 

[[1]]
            [,1]     [,2]    [,3]      [,4]
[1,] 0.003243974 47.36292 5.51752 -81.58999

[[2]]
[1] 2.930137


NOTE: Log Print Time:  2022-03-06 12:25:01 
NOTE: Elapsed Time in seconds: 1.03633151451747 

[[1]]
            [,1]     [,2]    [,3]      [,4]
[1,] 0.003243974 47.36292 5.51752 -81.58999

[[2]]
[1] 2.930137


NOTE: Log Print Time:  2022-03-06 12:26:03 
NOTE: Elapsed Time in seconds: 1.02512907187144 

[[1]]
            [,1]     [,2]    [,3]      [,4]
[1,] 0.003243974 47.36292 5.51752 -81.58999

[[2]]
[1] 2.930137


NOTE: Log Print Time:  2022-03-06 12:27:05 
NOTE: Elapsed Time in seconds: 1.03498575290044 

[[1]]
            [,1]     [,2]     [,3]     [,4]
[1,] -0.05118942 17.02089 30.47577 -87.5496

[[2]]
[1] 3.070982


NOTE: Log Print Time:  2022-03-06 12:28:06 
NOTE: Elapsed Time in seconds: 1.02661594947179 

[[1]]
            [,1]     [,2]     [,3]     [,4]
[1,] -0.05118942 17.02089 30.47577 -87.5496

[[2]]
[1] 3.070982


NOTE: Log Print Time:  2022-03-06 12:29:09 
NOTE: Elapsed Time in seconds: 1.03808405001958 

[[1]]
            [,1]     [,2]     [,3]     [,4]
[1,] -0.05118942 17.02089 30.47577 -87.5496

[[2]]
[1] 3.070982


NOTE: Log Print Time:  2022-03-06 12:30:11 
NOTE: Elapsed Time in seconds: 1.03941097656886 

[[1]]
            [,1]     [,2]     [,3]     [,4]
[1,] -0.05118942 17.02089 30.47577 -87.5496

[[2]]
[1] 3.070982


NOTE: Log Print Time:  2022-03-06 12:31:13 
NOTE: Elapsed Time in seconds: 1.02783003250758 

[[1]]
           [,1]      [,2]     [,3]      [,4]
[1,] -0.1047898 -8.979564 42.41121 -93.26954

[[2]]
[1] 3.886024


NOTE: Log Print Time:  2022-03-06 12:32:14 
NOTE: Elapsed Time in seconds: 1.02800855239232 

[[1]]
           [,1]      [,2]     [,3]      [,4]
[1,] -0.1047898 -8.979564 42.41121 -93.26954

[[2]]
[1] 3.886024


NOTE: Log Print Time:  2022-03-06 12:33:17 
NOTE: Elapsed Time in seconds: 1.04883304834366 

[[1]]
           [,1]      [,2]     [,3]      [,4]
[1,] -0.1047898 -8.979564 42.41121 -93.26954

[[2]]
[1] 3.886024


NOTE: Log Print Time:  2022-03-06 12:34:19 
NOTE: Elapsed Time in seconds: 1.02872500816981 

[[1]]
           [,1]      [,2]     [,3]      [,4]
[1,] -0.1047898 -8.979564 42.41121 -93.26954

[[2]]
[1] 3.886024


NOTE: Log Print Time:  2022-03-06 12:35:21 
NOTE: Elapsed Time in seconds: 1.0334197084109 

[[1]]
           [,1]      [,2]     [,3]      [,4]
[1,] -0.1047898 -8.979564 42.41121 -93.26954

[[2]]
[1] 3.886024


NOTE: Log Print Time:  2022-03-06 12:36:30 
NOTE: Elapsed Time in seconds: 1.15176986853282 

[[1]]
           [,1]      [,2]     [,3]      [,4]
[1,] -0.1047898 -8.979564 42.41121 -93.26954

[[2]]
[1] 3.886024


NOTE: Log Print Time:  2022-03-06 12:37:33 
NOTE: Elapsed Time in seconds: 1.05296052296956 

[[1]]
           [,1]      [,2]     [,3]      [,4]
[1,] -0.1047898 -8.979564 42.41121 -93.26954

[[2]]
[1] 3.886024


NOTE: Log Print Time:  2022-03-06 12:38:35 
NOTE: Elapsed Time in seconds: 1.03062236309052 

[[1]]
           [,1]      [,2]     [,3]      [,4]
[1,] -0.1047898 -8.979564 42.41121 -93.26954

[[2]]
[1] 3.886024


NOTE: Log Print Time:  2022-03-06 12:39:38 
NOTE: Elapsed Time in seconds: 1.04323906501134 

[[1]]
           [,1]      [,2]     [,3]      [,4]
[1,] -0.1047898 -8.979564 42.41121 -93.26954

[[2]]
[1] 3.886024


NOTE: Log Print Time:  2022-03-06 12:40:39 
NOTE: Elapsed Time in seconds: 1.02758666674296 

[[1]]
           [,1]      [,2]     [,3]      [,4]
[1,] -0.1047898 -8.979564 42.41121 -93.26954

[[2]]
[1] 3.886024


NOTE: Log Print Time:  2022-03-06 12:41:41 
NOTE: Elapsed Time in seconds: 1.02516326109568 

[[1]]
           [,1]      [,2]     [,3]      [,4]
[1,] -0.1047898 -8.979564 42.41121 -93.26954

[[2]]
[1] 3.886024


NOTE: Log Print Time:  2022-03-06 12:42:42 
NOTE: Elapsed Time in seconds: 1.02521313826243 

[[1]]
           [,1]      [,2]     [,3]      [,4]
[1,] -0.1047898 -8.979564 42.41121 -93.26954

[[2]]
[1] 3.886024


NOTE: Log Print Time:  2022-03-06 12:43:45 
NOTE: Elapsed Time in seconds: 1.04728816350301 

[[1]]
           [,1]      [,2]     [,3]      [,4]
[1,] -0.1047898 -8.979564 42.41121 -93.26954

[[2]]
[1] 3.886024


NOTE: Log Print Time:  2022-03-06 12:44:47 
NOTE: Elapsed Time in seconds: 1.02364487250646 

[[1]]
          [,1]      [,2]     [,3]      [,4]
[1,] 0.1341193 -8.979564 42.41121 -93.26954

[[2]]
[1] 3.987344


NOTE: Log Print Time:  2022-03-06 12:45:48 
NOTE: Elapsed Time in seconds: 1.02792270580928 

[[1]]
          [,1]      [,2]     [,3]      [,4]
[1,] 0.1341193 -8.979564 42.41121 -93.26954

[[2]]
[1] 3.987344


NOTE: Log Print Time:  2022-03-06 12:46:49 
NOTE: Elapsed Time in seconds: 1.0181814789772 

[[1]]
          [,1]      [,2]     [,3]      [,4]
[1,] 0.1341193 -8.979564 42.41121 -93.26954

[[2]]
[1] 3.987344


NOTE: Log Print Time:  2022-03-06 12:47:51 
NOTE: Elapsed Time in seconds: 1.0281826933225 

[[1]]
          [,1]      [,2]     [,3]      [,4]
[1,] 0.1341193 -8.979564 42.41121 -93.26954

[[2]]
[1] 3.987344


NOTE: Log Print Time:  2022-03-06 12:48:54 
NOTE: Elapsed Time in seconds: 1.04482045571009 

[[1]]
          [,1]      [,2]     [,3]      [,4]
[1,] 0.1341193 -8.979564 42.41121 -93.26954

[[2]]
[1] 3.987344


NOTE: Log Print Time:  2022-03-06 12:49:55 
NOTE: Elapsed Time in seconds: 1.02464823325475 

[[1]]
          [,1]      [,2]     [,3]      [,4]
[1,] 0.1341193 -8.979564 42.41121 -93.26954

[[2]]
[1] 3.987344


NOTE: Log Print Time:  2022-03-06 12:50:57 
NOTE: Elapsed Time in seconds: 1.03336106538773 

[[1]]
          [,1]      [,2]     [,3]      [,4]
[1,] 0.1341193 -8.979564 42.41121 -93.26954

[[2]]
[1] 3.987344


NOTE: Log Print Time:  2022-03-06 12:51:59 
NOTE: Elapsed Time in seconds: 1.02678510745366 

[[1]]
          [,1]      [,2]     [,3]      [,4]
[1,] 0.1341193 -8.979564 42.41121 -93.26954

[[2]]
[1] 3.987344


NOTE: Log Print Time:  2022-03-06 12:53:01 
NOTE: Elapsed Time in seconds: 1.02793222268422 

[[1]]
          [,1]      [,2]     [,3]      [,4]
[1,] 0.1341193 -8.979564 42.41121 -93.26954

[[2]]
[1] 3.987344


NOTE: Log Print Time:  2022-03-06 12:54:02 
NOTE: Elapsed Time in seconds: 1.0271012822787 

[[1]]
          [,1]      [,2]     [,3]      [,4]
[1,] 0.1341193 -8.979564 42.41121 -93.26954

[[2]]
[1] 3.987344


NOTE: Log Print Time:  2022-03-06 12:55:04 
NOTE: Elapsed Time in seconds: 1.03212436040243 

[[1]]
          [,1]      [,2]     [,3]      [,4]
[1,] 0.1341193 -8.979564 42.41121 -93.26954

[[2]]
[1] 3.987344


NOTE: Log Print Time:  2022-03-06 12:56:06 
NOTE: Elapsed Time in seconds: 1.02595958709717 

[[1]]
            [,1]      [,2]     [,3]      [,4]
[1,] -0.01281483 -12.56981 49.89356 -95.47436

[[2]]
[1] 4.099432


NOTE: Log Print Time:  2022-03-06 12:57:17 
NOTE: Elapsed Time in seconds: 1.1839225212733 

[[1]]
            [,1]      [,2]     [,3]      [,4]
[1,] -0.01281483 -12.56981 49.89356 -95.47436

[[2]]
[1] 4.099432


NOTE: Log Print Time:  2022-03-06 12:58:19 
NOTE: Elapsed Time in seconds: 1.0367875734965 

[[1]]
            [,1]      [,2]     [,3]      [,4]
[1,] -0.01281483 -12.56981 49.89356 -95.47436

[[2]]
[1] 4.099432


NOTE: Log Print Time:  2022-03-06 12:59:21 
NOTE: Elapsed Time in seconds: 1.02675708929698 

[[1]]
            [,1]      [,2]     [,3]      [,4]
[1,] -0.01281483 -12.56981 49.89356 -95.47436

[[2]]
[1] 4.099432


NOTE: Log Print Time:  2022-03-06 13:00:22 
NOTE: Elapsed Time in seconds: 1.03100429375966 

[[1]]
            [,1]      [,2]     [,3]      [,4]
[1,] -0.01281483 -12.56981 49.89356 -95.47436

[[2]]
[1] 4.099432


NOTE: Log Print Time:  2022-03-06 13:01:23 
NOTE: Elapsed Time in seconds: 1.01488358974457 

[[1]]
            [,1]      [,2]     [,3]      [,4]
[1,] -0.01281483 -12.56981 49.89356 -95.47436

[[2]]
[1] 4.099432


NOTE: Log Print Time:  2022-03-06 13:02:25 
NOTE: Elapsed Time in seconds: 1.02061365842819 

[[1]]
            [,1]      [,2]     [,3]      [,4]
[1,] -0.01281483 -12.56981 49.89356 -95.47436

[[2]]
[1] 4.099432


NOTE: Log Print Time:  2022-03-06 13:03:26 
NOTE: Elapsed Time in seconds: 1.02542143265406 

[[1]]
           [,1]      [,2]    [,3]      [,4]
[1,] 0.00426695 -12.22742 48.0336 -96.81269

[[2]]
[1] 4.219336


NOTE: Log Print Time:  2022-03-06 13:04:28 
NOTE: Elapsed Time in seconds: 1.02983510096868 

[[1]]
           [,1]      [,2]    [,3]      [,4]
[1,] 0.00426695 -12.22742 48.0336 -96.81269

[[2]]
[1] 4.219336


NOTE: Log Print Time:  2022-03-06 13:05:30 
NOTE: Elapsed Time in seconds: 1.03154015143712 

[[1]]
           [,1]      [,2]    [,3]      [,4]
[1,] 0.00426695 -12.22742 48.0336 -96.81269

[[2]]
[1] 4.219336


NOTE: Log Print Time:  2022-03-06 13:06:31 
NOTE: Elapsed Time in seconds: 1.02616220315297 

[[1]]
           [,1]      [,2]    [,3]      [,4]
[1,] 0.00426695 -12.22742 48.0336 -96.81269

[[2]]
[1] 4.219336


NOTE: Log Print Time:  2022-03-06 13:07:38 
NOTE: Elapsed Time in seconds: 1.10818797747294 

[[1]]
           [,1]      [,2]    [,3]      [,4]
[1,] 0.00426695 -12.22742 48.0336 -96.81269

[[2]]
[1] 4.219336


NOTE: Log Print Time:  2022-03-06 13:08:39 
NOTE: Elapsed Time in seconds: 1.01702183485031 

[[1]]
           [,1]      [,2]     [,3]      [,4]
[1,] -0.1676758 -12.66275 47.49042 -93.46424

[[2]]
[1] 4.297233


NOTE: Log Print Time:  2022-03-06 13:09:41 
NOTE: Elapsed Time in seconds: 1.03044490814209 

[[1]]
           [,1]      [,2]     [,3]      [,4]
[1,] -0.1676758 -12.66275 47.49042 -93.46424

[[2]]
[1] 4.297233


NOTE: Log Print Time:  2022-03-06 13:10:43 
NOTE: Elapsed Time in seconds: 1.04423218170802 

[[1]]
           [,1]      [,2]     [,3]      [,4]
[1,] -0.1676758 -12.66275 47.49042 -93.46424

[[2]]
[1] 4.297233


NOTE: Log Print Time:  2022-03-06 13:11:45 
NOTE: Elapsed Time in seconds: 1.02626933654149 

[[1]]
           [,1]      [,2]     [,3]      [,4]
[1,] -0.1676758 -12.66275 47.49042 -93.46424

[[2]]
[1] 4.297233


NOTE: Log Print Time:  2022-03-06 13:12:46 
NOTE: Elapsed Time in seconds: 1.02572591702143 

[[1]]
           [,1]      [,2]     [,3]      [,4]
[1,] -0.1676758 -12.66275 47.49042 -93.46424

[[2]]
[1] 4.297233


NOTE: Log Print Time:  2022-03-06 13:13:49 
NOTE: Elapsed Time in seconds: 1.03973670800527 

[[1]]
           [,1]      [,2]     [,3]      [,4]
[1,] -0.1676758 -12.66275 47.49042 -93.46424

[[2]]
[1] 4.297233


NOTE: Log Print Time:  2022-03-06 13:14:51 
NOTE: Elapsed Time in seconds: 1.0349108060201 

[[1]]
           [,1]      [,2]     [,3]      [,4]
[1,] -0.1676758 -12.66275 47.49042 -93.46424

[[2]]
[1] 4.297233


NOTE: Log Print Time:  2022-03-06 13:15:53 
NOTE: Elapsed Time in seconds: 1.03313983281453 

[[1]]
          [,1]      [,2]     [,3]      [,4]
[1,] 0.0508458 -12.58024 47.34811 -93.73324

[[2]]
[1] 4.333596


NOTE: Log Print Time:  2022-03-06 13:16:55 
NOTE: Elapsed Time in seconds: 1.03233248392741 

[[1]]
          [,1]      [,2]     [,3]      [,4]
[1,] 0.0508458 -12.58024 47.34811 -93.73324

[[2]]
[1] 4.333596


NOTE: Log Print Time:  2022-03-06 13:17:56 
NOTE: Elapsed Time in seconds: 1.02266087929408 

[[1]]
          [,1]      [,2]     [,3]      [,4]
[1,] 0.0508458 -12.58024 47.34811 -93.73324

[[2]]
[1] 4.333596


NOTE: Log Print Time:  2022-03-06 13:18:58 
NOTE: Elapsed Time in seconds: 1.03699052333832 

[[1]]
          [,1]      [,2]     [,3]      [,4]
[1,] 0.2064185 -12.66275 47.49042 -93.46424

[[2]]
[1] 4.378869


NOTE: Log Print Time:  2022-03-06 13:20:01 
NOTE: Elapsed Time in seconds: 1.04181297620138 

[[1]]
          [,1]      [,2]     [,3]      [,4]
[1,] 0.2064185 -12.66275 47.49042 -93.46424

[[2]]
[1] 4.378869


NOTE: Log Print Time:  2022-03-06 13:21:03 
NOTE: Elapsed Time in seconds: 1.03179307778676 

[[1]]
          [,1]      [,2]     [,3]      [,4]
[1,] 0.2064185 -12.66275 47.49042 -93.46424

[[2]]
[1] 4.378869


NOTE: Log Print Time:  2022-03-06 13:22:05 
NOTE: Elapsed Time in seconds: 1.04134652217229 

[[1]]
          [,1]      [,2]     [,3]      [,4]
[1,] 0.2064185 -12.66275 47.49042 -93.46424

[[2]]
[1] 4.378869


NOTE: Log Print Time:  2022-03-06 13:23:12 
NOTE: Elapsed Time in seconds: 1.11280430952708 

[[1]]
          [,1]      [,2]     [,3]      [,4]
[1,] 0.2064185 -12.66275 47.49042 -93.46424

[[2]]
[1] 4.378869


NOTE: Log Print Time:  2022-03-06 13:24:14 
NOTE: Elapsed Time in seconds: 1.02502650817235 

[[1]]
          [,1]      [,2]     [,3]      [,4]
[1,] 0.2064185 -12.66275 47.49042 -93.46424

[[2]]
[1] 4.378869


NOTE: Log Print Time:  2022-03-06 13:25:15 
NOTE: Elapsed Time in seconds: 1.0236492117246 

[[1]]
          [,1]      [,2]     [,3]      [,4]
[1,] 0.2064185 -12.66275 47.49042 -93.46424

[[2]]
[1] 4.378869


NOTE: Log Print Time:  2022-03-06 13:26:17 
NOTE: Elapsed Time in seconds: 1.03055026531219 

[[1]]
          [,1]      [,2]     [,3]      [,4]
[1,] 0.2064185 -12.66275 47.49042 -93.46424

[[2]]
[1] 4.378869


NOTE: Log Print Time:  2022-03-06 13:27:27 
NOTE: Elapsed Time in seconds: 1.1740807334582 

[[1]]
          [,1]      [,2]     [,3]      [,4]
[1,] 0.2064185 -12.66275 47.49042 -93.46424

[[2]]
[1] 4.378869


NOTE: Log Print Time:  2022-03-06 13:28:29 
NOTE: Elapsed Time in seconds: 1.02397926648458 

[[1]]
          [,1]      [,2]     [,3]      [,4]
[1,] 0.2064185 -12.66275 47.49042 -93.46424

[[2]]
[1] 4.378869


NOTE: Log Print Time:  2022-03-06 13:29:31 
NOTE: Elapsed Time in seconds: 1.02946687142054 

[[1]]
          [,1]      [,2]     [,3]      [,4]
[1,] 0.2064185 -12.66275 47.49042 -93.46424

[[2]]
[1] 4.378869


NOTE: Log Print Time:  2022-03-06 13:30:33 
NOTE: Elapsed Time in seconds: 1.0403596719106 

[[1]]
          [,1]      [,2]     [,3]      [,4]
[1,] 0.2064185 -12.66275 47.49042 -93.46424

[[2]]
[1] 4.378869


NOTE: Log Print Time:  2022-03-06 13:31:34 
NOTE: Elapsed Time in seconds: 1.02341809272766 

[[1]]
          [,1]      [,2]     [,3]      [,4]
[1,] 0.2064185 -12.66275 47.49042 -93.46424

[[2]]
[1] 4.378869


NOTE: Log Print Time:  2022-03-06 13:32:36 
NOTE: Elapsed Time in seconds: 1.02511566480001 

[[1]]
          [,1]      [,2]     [,3]      [,4]
[1,] 0.2064185 -12.66275 47.49042 -93.46424

[[2]]
[1] 4.378869


NOTE: Log Print Time:  2022-03-06 13:33:37 
NOTE: Elapsed Time in seconds: 1.02596165339152 

[[1]]
          [,1]      [,2]     [,3]      [,4]
[1,] 0.2064185 -12.66275 47.49042 -93.46424

[[2]]
[1] 4.378869


NOTE: Log Print Time:  2022-03-06 13:34:38 
NOTE: Elapsed Time in seconds: 1.01508811712265 

[[1]]
          [,1]      [,2]     [,3]      [,4]
[1,] 0.2064185 -12.66275 47.49042 -93.46424

[[2]]
[1] 4.378869


NOTE: Log Print Time:  2022-03-06 13:35:40 
NOTE: Elapsed Time in seconds: 1.03420741955439 

[[1]]
          [,1]      [,2]     [,3]      [,4]
[1,] 0.2064185 -12.66275 47.49042 -93.46424

[[2]]
[1] 4.378869


NOTE: Log Print Time:  2022-03-06 13:36:42 
NOTE: Elapsed Time in seconds: 1.03431365887324 

[[1]]
          [,1]      [,2]     [,3]      [,4]
[1,] 0.2064185 -12.66275 47.49042 -93.46424

[[2]]
[1] 4.378869


NOTE: Log Print Time:  2022-03-06 13:37:44 
NOTE: Elapsed Time in seconds: 1.02239120006561 

[[1]]
          [,1]      [,2]     [,3]      [,4]
[1,] 0.2064185 -12.66275 47.49042 -93.46424

[[2]]
[1] 4.378869


NOTE: Log Print Time:  2022-03-06 13:38:45 
NOTE: Elapsed Time in seconds: 1.02263368765513 

[[1]]
          [,1]      [,2]     [,3]      [,4]
[1,] 0.2064185 -12.66275 47.49042 -93.46424

[[2]]
[1] 4.378869


NOTE: Log Print Time:  2022-03-06 13:39:47 
NOTE: Elapsed Time in seconds: 1.02932232618332 

[[1]]
          [,1]      [,2]     [,3]      [,4]
[1,] 0.2064185 -12.66275 47.49042 -93.46424

[[2]]
[1] 4.378869


NOTE: Log Print Time:  2022-03-06 13:40:48 
NOTE: Elapsed Time in seconds: 1.02682341734568 

[[1]]
          [,1]      [,2]     [,3]      [,4]
[1,] 0.2064185 -12.66275 47.49042 -93.46424

[[2]]
[1] 4.378869


NOTE: Log Print Time:  2022-03-06 13:41:50 
NOTE: Elapsed Time in seconds: 1.02663066784541 

[[1]]
          [,1]      [,2]     [,3]      [,4]
[1,] 0.2064185 -12.66275 47.49042 -93.46424

[[2]]
[1] 4.378869


NOTE: Log Print Time:  2022-03-06 13:42:52 
NOTE: Elapsed Time in seconds: 1.03630353609721 

[[1]]
          [,1]      [,2]     [,3]      [,4]
[1,] 0.2064185 -12.66275 47.49042 -93.46424

[[2]]
[1] 4.378869


NOTE: Log Print Time:  2022-03-06 13:43:54 
NOTE: Elapsed Time in seconds: 1.03353511095047 

[[1]]
          [,1]      [,2]     [,3]      [,4]
[1,] 0.2064185 -12.66275 47.49042 -93.46424

[[2]]
[1] 4.378869


NOTE: Log Print Time:  2022-03-06 13:45:06 
NOTE: Elapsed Time in seconds: 1.18882611195246 

[[1]]
          [,1]      [,2]     [,3]      [,4]
[1,] 0.2064185 -12.66275 47.49042 -93.46424

[[2]]
[1] 4.378869


NOTE: Log Print Time:  2022-03-06 13:46:07 
NOTE: Elapsed Time in seconds: 1.02976051568985 

[[1]]
          [,1]      [,2]     [,3]      [,4]
[1,] 0.2064185 -12.66275 47.49042 -93.46424

[[2]]
[1] 4.378869


NOTE: Log Print Time:  2022-03-06 13:47:09 
NOTE: Elapsed Time in seconds: 1.02896729707718 

[[1]]
          [,1]      [,2]     [,3]      [,4]
[1,] 0.2064185 -12.66275 47.49042 -93.46424

[[2]]
[1] 4.378869


NOTE: Log Print Time:  2022-03-06 13:48:10 
NOTE: Elapsed Time in seconds: 1.0179730852445 

[[1]]
          [,1]      [,2]     [,3]      [,4]
[1,] 0.2064185 -12.66275 47.49042 -93.46424

[[2]]
[1] 4.378869


NOTE: Log Print Time:  2022-03-06 13:49:12 
NOTE: Elapsed Time in seconds: 1.02166421413422 

[[1]]
          [,1]      [,2]     [,3]      [,4]
[1,] 0.2064185 -12.66275 47.49042 -93.46424

[[2]]
[1] 4.378869


NOTE: Log Print Time:  2022-03-06 13:50:13 
NOTE: Elapsed Time in seconds: 1.02509399255117 

[[1]]
          [,1]      [,2]     [,3]      [,4]
[1,] 0.2064185 -12.66275 47.49042 -93.46424

[[2]]
[1] 4.378869


NOTE: Log Print Time:  2022-03-06 13:51:16 
NOTE: Elapsed Time in seconds: 1.04364085992177 

[[1]]
          [,1]      [,2]     [,3]      [,4]
[1,] 0.2064185 -12.66275 47.49042 -93.46424

[[2]]
[1] 4.378869


NOTE: Log Print Time:  2022-03-06 13:52:17 
NOTE: Elapsed Time in seconds: 1.01809494892756 

[[1]]
          [,1]      [,2]     [,3]      [,4]
[1,] 0.2064185 -12.66275 47.49042 -93.46424

[[2]]
[1] 4.378869


NOTE: Log Print Time:  2022-03-06 13:53:18 
NOTE: Elapsed Time in seconds: 1.02557402451833 

[[1]]
           [,1]      [,2]     [,3]      [,4]
[1,] 0.03995525 -12.02167 47.42335 -91.94504

[[2]]
[1] 4.382246


NOTE: Log Print Time:  2022-03-06 13:54:21 
NOTE: Elapsed Time in seconds: 1.04296487569809 

[[1]]
          [,1]      [,2]     [,3]      [,4]
[1,] 0.0452979 -12.10796 47.43218 -92.30457

[[2]]
[1] 4.386812


NOTE: Log Print Time:  2022-03-06 13:55:23 
NOTE: Elapsed Time in seconds: 1.02933759291967 

[[1]]
           [,1]      [,2]     [,3]      [,4]
[1,] -0.3098838 -11.61673 47.41491 -91.81872

[[2]]
[1] 4.401687


NOTE: Log Print Time:  2022-03-06 13:56:25 
NOTE: Elapsed Time in seconds: 1.04628135363261 

[[1]]
           [,1]      [,2]     [,3]      [,4]
[1,] -0.3098838 -11.61673 47.41491 -91.81872

[[2]]
[1] 4.401687


NOTE: Log Print Time:  2022-03-06 13:57:27 
NOTE: Elapsed Time in seconds: 1.02269126176834 

[[1]]
           [,1]      [,2]     [,3]      [,4]
[1,] -0.2034318 -11.89452 47.43584 -91.17859

[[2]]
[1] 4.427329


NOTE: Log Print Time:  2022-03-06 13:58:29 
NOTE: Elapsed Time in seconds: 1.03779426018397 

[[1]]
            [,1]      [,2]     [,3]      [,4]
[1,] -0.02889313 -12.44313 47.40349 -90.27286

[[2]]
[1] 4.46675


NOTE: Log Print Time:  2022-03-06 13:59:39 
NOTE: Elapsed Time in seconds: 1.16327264308929 

[[1]]
            [,1]      [,2]     [,3]      [,4]
[1,] -0.02889313 -12.44313 47.40349 -90.27286

[[2]]
[1] 4.46675


NOTE: Log Print Time:  2022-03-06 14:00:43 
NOTE: Elapsed Time in seconds: 1.06713400284449 

[[1]]
            [,1]      [,2]     [,3]      [,4]
[1,] -0.02889313 -12.44313 47.40349 -90.27286

[[2]]
[1] 4.46675


NOTE: Log Print Time:  2022-03-06 14:01:45 
NOTE: Elapsed Time in seconds: 1.04288194179535 

[[1]]
            [,1]      [,2]     [,3]      [,4]
[1,] -0.02889313 -12.44313 47.40349 -90.27286

[[2]]
[1] 4.46675


NOTE: Log Print Time:  2022-03-06 14:02:47 
NOTE: Elapsed Time in seconds: 1.02254337072372 

[[1]]
            [,1]      [,2]     [,3]      [,4]
[1,] -0.02889313 -12.44313 47.40349 -90.27286

[[2]]
[1] 4.46675


NOTE: Log Print Time:  2022-03-06 14:03:48 
NOTE: Elapsed Time in seconds: 1.02722526788712 

[[1]]
            [,1]      [,2]     [,3]      [,4]
[1,] -0.02889313 -12.44313 47.40349 -90.27286

[[2]]
[1] 4.46675


NOTE: Log Print Time:  2022-03-06 14:04:50 
NOTE: Elapsed Time in seconds: 1.02230530579885 

[[1]]
            [,1]      [,2]     [,3]      [,4]
[1,] -0.02889313 -12.44313 47.40349 -90.27286

[[2]]
[1] 4.46675


NOTE: Log Print Time:  2022-03-06 14:05:53 
NOTE: Elapsed Time in seconds: 1.05685298840205 

[[1]]
            [,1]      [,2]     [,3]      [,4]
[1,] -0.02889313 -12.44313 47.40349 -90.27286

[[2]]
[1] 4.46675


NOTE: Log Print Time:  2022-03-06 14:06:55 
NOTE: Elapsed Time in seconds: 1.02635085980097 

[[1]]
            [,1]      [,2]     [,3]      [,4]
[1,] -0.02889313 -12.44313 47.40349 -90.27286

[[2]]
[1] 4.46675


NOTE: Log Print Time:  2022-03-06 14:08:03 
NOTE: Elapsed Time in seconds: 1.13674029509226 

[[1]]
            [,1]      [,2]     [,3]      [,4]
[1,] -0.02889313 -12.44313 47.40349 -90.27286

[[2]]
[1] 4.46675


NOTE: Log Print Time:  2022-03-06 14:09:06 
NOTE: Elapsed Time in seconds: 1.04800984859467 

[[1]]
            [,1]      [,2]     [,3]      [,4]
[1,] -0.02889313 -12.44313 47.40349 -90.27286

[[2]]
[1] 4.46675


NOTE: Log Print Time:  2022-03-06 14:10:16 
NOTE: Elapsed Time in seconds: 1.16996584335963 

[[1]]
            [,1]      [,2]     [,3]      [,4]
[1,] -0.02889313 -12.44313 47.40349 -90.27286

[[2]]
[1] 4.46675


NOTE: Log Print Time:  2022-03-06 14:11:30 
NOTE: Elapsed Time in seconds: 1.23401778141658 

[[1]]
            [,1]      [,2]     [,3]      [,4]
[1,] -0.02889313 -12.44313 47.40349 -90.27286

[[2]]
[1] 4.46675


NOTE: Log Print Time:  2022-03-06 14:12:31 
NOTE: Elapsed Time in seconds: 1.01614460150401 

[[1]]
            [,1]     [,2]     [,3]      [,4]
[1,] -0.05838453 -12.4042 47.40537 -90.33438

[[2]]
[1] 4.468186


NOTE: Log Print Time:  2022-03-06 14:13:33 
NOTE: Elapsed Time in seconds: 1.0327267130216 

[[1]]
            [,1]     [,2]     [,3]      [,4]
[1,] -0.05838453 -12.4042 47.40537 -90.33438

[[2]]
[1] 4.468186


NOTE: Log Print Time:  2022-03-06 14:14:35 
NOTE: Elapsed Time in seconds: 1.02841542561849 

[[1]]
            [,1]     [,2]     [,3]      [,4]
[1,] -0.05838453 -12.4042 47.40537 -90.33438

[[2]]
[1] 4.468186


NOTE: Log Print Time:  2022-03-06 14:15:37 
NOTE: Elapsed Time in seconds: 1.03829719225566 

[[1]]
            [,1]     [,2]     [,3]      [,4]
[1,] -0.05838453 -12.4042 47.40537 -90.33438

[[2]]
[1] 4.468186


NOTE: Log Print Time:  2022-03-06 14:16:39 
NOTE: Elapsed Time in seconds: 1.03433294693629 

[[1]]
            [,1]     [,2]     [,3]      [,4]
[1,] -0.05838453 -12.4042 47.40537 -90.33438

[[2]]
[1] 4.468186


NOTE: Log Print Time:  2022-03-06 14:17:40 
NOTE: Elapsed Time in seconds: 1.02048014005025 

[[1]]
            [,1]      [,2]    [,3]      [,4]
[1,] -0.05837535 -12.81065 47.4134 -90.97203

[[2]]
[1] 4.47072


NOTE: Log Print Time:  2022-03-06 14:18:42 
NOTE: Elapsed Time in seconds: 1.02968341112137 

[[1]]
            [,1]      [,2]    [,3]      [,4]
[1,] -0.05837535 -12.81065 47.4134 -90.97203

[[2]]
[1] 4.47072


NOTE: Log Print Time:  2022-03-06 14:19:44 
NOTE: Elapsed Time in seconds: 1.04050144751867 

[[1]]
            [,1]      [,2]    [,3]      [,4]
[1,] -0.05837535 -12.81065 47.4134 -90.97203

[[2]]
[1] 4.47072


NOTE: Log Print Time:  2022-03-06 14:20:47 
NOTE: Elapsed Time in seconds: 1.03709332942963 

[[1]]
            [,1]      [,2]    [,3]      [,4]
[1,] -0.05837535 -12.81065 47.4134 -90.97203

[[2]]
[1] 4.47072


NOTE: Log Print Time:  2022-03-06 14:21:48 
NOTE: Elapsed Time in seconds: 1.0185461362203 

[[1]]
            [,1]      [,2]    [,3]      [,4]
[1,] -0.05837535 -12.81065 47.4134 -90.97203

[[2]]
[1] 4.47072


NOTE: Log Print Time:  2022-03-06 14:22:49 
NOTE: Elapsed Time in seconds: 1.02335847218831 

[[1]]
          [,1]      [,2]     [,3]      [,4]
[1,] 0.5474552 -14.09167 47.37313 -91.82824

[[2]]
[1] 4.484246


NOTE: Log Print Time:  2022-03-06 14:23:51 
NOTE: Elapsed Time in seconds: 1.02813045978546 

[[1]]
          [,1]      [,2]     [,3]      [,4]
[1,] 0.5474552 -14.09167 47.37313 -91.82824

[[2]]
[1] 4.484246


NOTE: Log Print Time:  2022-03-06 14:24:53 
NOTE: Elapsed Time in seconds: 1.03850485086441 

[[1]]
          [,1]      [,2]     [,3]      [,4]
[1,] 0.5474552 -14.09167 47.37313 -91.82824

[[2]]
[1] 4.484246


NOTE: Log Print Time:  2022-03-06 14:25:53 
NOTE: Elapsed Time in seconds: 59.6857817173004 

[[1]]
          [,1]      [,2]     [,3]      [,4]
[1,] 0.5474552 -14.09167 47.37313 -91.82824

[[2]]
[1] 4.484246


NOTE: Log Print Time:  2022-03-06 14:26:55 
NOTE: Elapsed Time in seconds: 1.03173439105352 

[[1]]
          [,1]      [,2]     [,3]      [,4]
[1,] 0.5474552 -14.09167 47.37313 -91.82824

[[2]]
[1] 4.484246


NOTE: Log Print Time:  2022-03-06 14:27:57 
NOTE: Elapsed Time in seconds: 1.03316519657771 

[[1]]
          [,1]      [,2]     [,3]      [,4]
[1,] 0.5474552 -14.09167 47.37313 -91.82824

[[2]]
[1] 4.484246


NOTE: Log Print Time:  2022-03-06 14:28:59 
NOTE: Elapsed Time in seconds: 1.04506327708562 

[[1]]
            [,1]     [,2]     [,3]      [,4]
[1,] -0.03365157 -13.4684 47.39094 -85.25636

[[2]]
[1] 4.530604


NOTE: Log Print Time:  2022-03-06 14:30:01 
NOTE: Elapsed Time in seconds: 1.02419183651606 

[[1]]
            [,1]      [,2]     [,3]      [,4]
[1,] -0.01236914 -13.41235 47.39539 -88.09602

[[2]]
[1] 4.57423


NOTE: Log Print Time:  2022-03-06 14:31:03 
NOTE: Elapsed Time in seconds: 1.03579526344935 

[[1]]
            [,1]     [,2]     [,3]      [,4]
[1,] -0.04405761 -14.4352 47.40623 -87.51307

[[2]]
[1] 4.575975


NOTE: Log Print Time:  2022-03-06 14:32:05 
NOTE: Elapsed Time in seconds: 1.03049769004186 

[[1]]
            [,1]     [,2]     [,3]      [,4]
[1,] -0.04405761 -14.4352 47.40623 -87.51307

[[2]]
[1] 4.575975


NOTE: Log Print Time:  2022-03-06 14:33:07 
NOTE: Elapsed Time in seconds: 1.02771680355072 

[[1]]
            [,1]      [,2]     [,3]      [,4]
[1,] -0.03512233 -13.98925 47.41885 -87.74092

[[2]]
[1] 4.583609


NOTE: Log Print Time:  2022-03-06 14:34:09 
NOTE: Elapsed Time in seconds: 1.0355214715004 

[[1]]
            [,1]      [,2]     [,3]      [,4]
[1,] -0.03512233 -13.98925 47.41885 -87.74092

[[2]]
[1] 4.583609


NOTE: Log Print Time:  2022-03-06 14:35:10 
NOTE: Elapsed Time in seconds: 1.027816371123 

[[1]]
            [,1]      [,2]     [,3]      [,4]
[1,] -0.03512233 -13.98925 47.41885 -87.74092

[[2]]
[1] 4.583609


NOTE: Log Print Time:  2022-03-06 14:36:12 
NOTE: Elapsed Time in seconds: 1.03103530804316 

[[1]]
            [,1]      [,2]     [,3]      [,4]
[1,] -0.03512233 -13.98925 47.41885 -87.74092

[[2]]
[1] 4.583609


NOTE: Log Print Time:  2022-03-06 14:37:14 
NOTE: Elapsed Time in seconds: 1.03006855249405 

[[1]]
            [,1]      [,2]     [,3]      [,4]
[1,] -0.03823788 -13.92505 47.40301 -87.75345

[[2]]
[1] 4.584026


NOTE: Log Print Time:  2022-03-06 14:38:16 
NOTE: Elapsed Time in seconds: 1.03770956595739 

[[1]]
            [,1]      [,2]     [,3]      [,4]
[1,] -0.03823788 -13.92505 47.40301 -87.75345

[[2]]
[1] 4.584026


NOTE: Log Print Time:  2022-03-06 14:39:18 
NOTE: Elapsed Time in seconds: 1.02007681528727 

[[1]]
            [,1]      [,2]     [,3]      [,4]
[1,] -0.04961002 -13.43582 47.38657 -87.36566

[[2]]
[1] 4.58582


NOTE: Log Print Time:  2022-03-06 14:40:19 
NOTE: Elapsed Time in seconds: 1.02707869211833 

[[1]]
            [,1]      [,2]     [,3]      [,4]
[1,] -0.04961002 -13.43582 47.38657 -87.36566

[[2]]
[1] 4.58582


NOTE: Log Print Time:  2022-03-06 14:41:21 
NOTE: Elapsed Time in seconds: 1.03076839447021 

[[1]]
            [,1]      [,2]     [,3]     [,4]
[1,] -0.02576463 -13.76073 47.56456 -87.7564

[[2]]
[1] 4.586552


NOTE: Log Print Time:  2022-03-06 14:42:24 
NOTE: Elapsed Time in seconds: 1.05154705444972 

[[1]]
            [,1]      [,2]     [,3]     [,4]
[1,] -0.02576463 -13.76073 47.56456 -87.7564

[[2]]
[1] 4.586552


NOTE: Log Print Time:  2022-03-06 14:43:25 
NOTE: Elapsed Time in seconds: 1.02173382838567 

[[1]]
           [,1]      [,2]     [,3]      [,4]
[1,] -0.0360642 -13.73119 47.40587 -87.72833

[[2]]
[1] 4.588576


NOTE: Log Print Time:  2022-03-06 14:44:36 
NOTE: Elapsed Time in seconds: 1.17414046525955 

[[1]]
            [,1]      [,2]    [,3]      [,4]
[1,] -0.03030598 -13.69183 47.4631 -87.46459

[[2]]
[1] 4.592417


NOTE: Log Print Time:  2022-03-06 14:45:38 
NOTE: Elapsed Time in seconds: 1.0343625942866 

[[1]]
            [,1]      [,2]    [,3]      [,4]
[1,] -0.03030598 -13.69183 47.4631 -87.46459

[[2]]
[1] 4.592417


NOTE: Log Print Time:  2022-03-06 14:46:40 
NOTE: Elapsed Time in seconds: 1.02752251625061 

[[1]]
            [,1]      [,2]    [,3]      [,4]
[1,] -0.03030598 -13.69183 47.4631 -87.46459

[[2]]
[1] 4.592417


NOTE: Log Print Time:  2022-03-06 14:47:48 
NOTE: Elapsed Time in seconds: 1.14557650486628 

[[1]]
            [,1]      [,2]    [,3]      [,4]
[1,] -0.03030598 -13.69183 47.4631 -87.46459

[[2]]
[1] 4.592417


NOTE: Log Print Time:  2022-03-06 14:48:59 
NOTE: Elapsed Time in seconds: 1.17043257951736 

[[1]]
            [,1]      [,2]    [,3]      [,4]
[1,] -0.03030598 -13.69183 47.4631 -87.46459

[[2]]
[1] 4.592417


NOTE: Log Print Time:  2022-03-06 14:49:59 
NOTE: Elapsed Time in seconds: 1.00068200826645 

[[1]]
            [,1]      [,2]    [,3]      [,4]
[1,] -0.03030598 -13.69183 47.4631 -87.46459

[[2]]
[1] 4.592417


NOTE: Log Print Time:  2022-03-06 14:51:00 
NOTE: Elapsed Time in seconds: 1.03212943474452 

[[1]]
            [,1]      [,2]    [,3]      [,4]
[1,] -0.03030598 -13.69183 47.4631 -87.46459

[[2]]
[1] 4.592417


NOTE: Log Print Time:  2022-03-06 14:52:02 
NOTE: Elapsed Time in seconds: 1.02701124747594 

[[1]]
            [,1]      [,2]    [,3]      [,4]
[1,] -0.03030598 -13.69183 47.4631 -87.46459

[[2]]
[1] 4.592417


NOTE: Log Print Time:  2022-03-06 14:53:04 
NOTE: Elapsed Time in seconds: 1.03741570313772 

[[1]]
            [,1]      [,2]    [,3]      [,4]
[1,] -0.03030598 -13.69183 47.4631 -87.46459

[[2]]
[1] 4.592417


NOTE: Log Print Time:  2022-03-06 14:54:06 
NOTE: Elapsed Time in seconds: 1.02250957489014 

[[1]]
            [,1]      [,2]    [,3]      [,4]
[1,] -0.03030598 -13.69183 47.4631 -87.46459

[[2]]
[1] 4.592417


NOTE: Log Print Time:  2022-03-06 14:55:07 
NOTE: Elapsed Time in seconds: 1.02179426352183 

[[1]]
            [,1]      [,2]    [,3]      [,4]
[1,] -0.03030598 -13.69183 47.4631 -87.46459

[[2]]
[1] 4.592417


NOTE: Log Print Time:  2022-03-06 14:56:09 
NOTE: Elapsed Time in seconds: 1.02898631493251 

[[1]]
            [,1]      [,2]    [,3]      [,4]
[1,] -0.03030598 -13.69183 47.4631 -87.46459

[[2]]
[1] 4.592417


NOTE: Log Print Time:  2022-03-06 14:57:11 
NOTE: Elapsed Time in seconds: 1.03406048615774 

[[1]]
            [,1]      [,2]    [,3]      [,4]
[1,] -0.03030598 -13.69183 47.4631 -87.46459

[[2]]
[1] 4.592417


NOTE: Log Print Time:  2022-03-06 14:58:22 
NOTE: Elapsed Time in seconds: 1.18515645662944 

[[1]]
            [,1]      [,2]     [,3]      [,4]
[1,] -0.03121551 -13.59941 47.24165 -87.53492

[[2]]
[1] 4.59347


NOTE: Log Print Time:  2022-03-06 14:59:24 
NOTE: Elapsed Time in seconds: 1.02864972352982 

[[1]]
            [,1]      [,2]     [,3]      [,4]
[1,] -0.03121551 -13.59941 47.24165 -87.53492

[[2]]
[1] 4.59347


NOTE: Log Print Time:  2022-03-06 15:00:26 
NOTE: Elapsed Time in seconds: 1.03445177475611 

[[1]]
            [,1]      [,2]     [,3]      [,4]
[1,] -0.02544952 -13.77615 47.44341 -87.50638

[[2]]
[1] 4.594272


NOTE: Log Print Time:  2022-03-06 15:01:27 
NOTE: Elapsed Time in seconds: 1.03007884422938 

[[1]]
            [,1]      [,2]     [,3]      [,4]
[1,] -0.02544952 -13.77615 47.44341 -87.50638

[[2]]
[1] 4.594272


NOTE: Log Print Time:  2022-03-06 15:02:29 
NOTE: Elapsed Time in seconds: 1.03134497404099 

[[1]]
         [,1]      [,2]     [,3]     [,4]
[1,] 0.131144 -14.25534 47.44507 -87.7476

[[2]]
[1] 4.597482


NOTE: Log Print Time:  2022-03-06 15:03:32 
NOTE: Elapsed Time in seconds: 1.04471602837245 

[[1]]
         [,1]      [,2]     [,3]     [,4]
[1,] 0.131144 -14.25534 47.44507 -87.7476

[[2]]
[1] 4.597482


NOTE: Log Print Time:  2022-03-06 15:04:32 
NOTE: Elapsed Time in seconds: 59.7720685005188 

[[1]]
         [,1]      [,2]     [,3]     [,4]
[1,] 0.131144 -14.25534 47.44507 -87.7476

[[2]]
[1] 4.597482


NOTE: Log Print Time:  2022-03-06 15:05:33 
NOTE: Elapsed Time in seconds: 1.01473195155462 

[[1]]
         [,1]      [,2]     [,3]     [,4]
[1,] 0.131144 -14.25534 47.44507 -87.7476

[[2]]
[1] 4.597482


NOTE: Log Print Time:  2022-03-06 15:06:34 
NOTE: Elapsed Time in seconds: 1.02289168039958 

[[1]]
         [,1]      [,2]     [,3]     [,4]
[1,] 0.131144 -14.25534 47.44507 -87.7476

[[2]]
[1] 4.597482


NOTE: Log Print Time:  2022-03-06 15:07:36 
NOTE: Elapsed Time in seconds: 1.02452122370402 

[[1]]
         [,1]      [,2]     [,3]     [,4]
[1,] 0.131144 -14.25534 47.44507 -87.7476

[[2]]
[1] 4.597482


NOTE: Log Print Time:  2022-03-06 15:08:38 
NOTE: Elapsed Time in seconds: 1.04249222278595 

[[1]]
         [,1]      [,2]     [,3]     [,4]
[1,] 0.131144 -14.25534 47.44507 -87.7476

[[2]]
[1] 4.597482


NOTE: Log Print Time:  2022-03-06 15:09:39 
NOTE: Elapsed Time in seconds: 1.01753842035929 

[[1]]
           [,1]      [,2]     [,3]      [,4]
[1,] 0.07469653 -14.12452 47.44385 -87.58795

[[2]]
[1] 4.598345


NOTE: Log Print Time:  2022-03-06 15:10:41 
NOTE: Elapsed Time in seconds: 1.03088939189911 

[[1]]
           [,1]      [,2]     [,3]      [,4]
[1,] 0.07469653 -14.12452 47.44385 -87.58795

[[2]]
[1] 4.598345


NOTE: Log Print Time:  2022-03-06 15:11:43 
NOTE: Elapsed Time in seconds: 1.03706732988358 

[[1]]
           [,1]      [,2]     [,3]      [,4]
[1,] 0.07469653 -14.12452 47.44385 -87.58795

[[2]]
[1] 4.598345


NOTE: Log Print Time:  2022-03-06 15:12:45 
NOTE: Elapsed Time in seconds: 1.02604422966639 

[[1]]
           [,1]      [,2]     [,3]      [,4]
[1,] 0.07469653 -14.12452 47.44385 -87.58795

[[2]]
[1] 4.598345


NOTE: Log Print Time:  2022-03-06 15:13:47 
NOTE: Elapsed Time in seconds: 1.03994845151901 

[[1]]
          [,1]      [,2]     [,3]      [,4]
[1,] 0.1451891 -14.14095 47.44605 -87.67798

[[2]]
[1] 4.599271


NOTE: Log Print Time:  2022-03-06 15:14:49 
NOTE: Elapsed Time in seconds: 1.03188318411509 

[[1]]
          [,1]      [,2]     [,3]      [,4]
[1,] 0.1451891 -14.14095 47.44605 -87.67798

[[2]]
[1] 4.599271


NOTE: Log Print Time:  2022-03-06 15:15:51 
NOTE: Elapsed Time in seconds: 1.0275709827741 

[[1]]
          [,1]      [,2]     [,3]      [,4]
[1,] 0.1451891 -14.14095 47.44605 -87.67798

[[2]]
[1] 4.599271


NOTE: Log Print Time:  2022-03-06 15:16:53 
NOTE: Elapsed Time in seconds: 1.03695528109868 

[[1]]
          [,1]      [,2]     [,3]      [,4]
[1,] 0.1451891 -14.14095 47.44605 -87.67798

[[2]]
[1] 4.599271


NOTE: Log Print Time:  2022-03-06 15:18:01 
NOTE: Elapsed Time in seconds: 1.13963802655538 

[[1]]
          [,1]      [,2]     [,3]      [,4]
[1,] 0.1451891 -14.14095 47.44605 -87.67798

[[2]]
[1] 4.599271


NOTE: Log Print Time:  2022-03-06 15:19:04 
NOTE: Elapsed Time in seconds: 1.03751924037933 

[[1]]
          [,1]      [,2]     [,3]      [,4]
[1,] 0.1451891 -14.14095 47.44605 -87.67798

[[2]]
[1] 4.599271


NOTE: Log Print Time:  2022-03-06 15:20:05 
NOTE: Elapsed Time in seconds: 1.0162406484286 

[[1]]
          [,1]      [,2]     [,3]      [,4]
[1,] 0.1451891 -14.14095 47.44605 -87.67798

[[2]]
[1] 4.599271


NOTE: Log Print Time:  2022-03-06 15:21:06 
NOTE: Elapsed Time in seconds: 1.03114231824875 

[[1]]
          [,1]      [,2]     [,3]      [,4]
[1,] 0.1451891 -14.14095 47.44605 -87.67798

[[2]]
[1] 4.599271


NOTE: Log Print Time:  2022-03-06 15:22:08 
NOTE: Elapsed Time in seconds: 1.0226366798083 

[[1]]
          [,1]      [,2]     [,3]      [,4]
[1,] 0.1451891 -14.14095 47.44605 -87.67798

[[2]]
[1] 4.599271


NOTE: Log Print Time:  2022-03-06 15:23:10 
NOTE: Elapsed Time in seconds: 1.03265699942907 

[[1]]
          [,1]      [,2]     [,3]      [,4]
[1,] 0.1451891 -14.14095 47.44605 -87.67798

[[2]]
[1] 4.599271


NOTE: Log Print Time:  2022-03-06 15:24:11 
NOTE: Elapsed Time in seconds: 1.01278871297836 

[[1]]
          [,1]      [,2]     [,3]      [,4]
[1,] 0.1451891 -14.14095 47.44605 -87.67798

[[2]]
[1] 4.599271


NOTE: Log Print Time:  2022-03-06 15:25:12 
NOTE: Elapsed Time in seconds: 1.02699845631917 

[[1]]
          [,1]      [,2]     [,3]      [,4]
[1,] 0.1451891 -14.14095 47.44605 -87.67798

[[2]]
[1] 4.599271


NOTE: Log Print Time:  2022-03-06 15:26:14 
NOTE: Elapsed Time in seconds: 1.03772449493408 

[[1]]
          [,1]      [,2]     [,3]      [,4]
[1,] 0.1451891 -14.14095 47.44605 -87.67798

[[2]]
[1] 4.599271


NOTE: Log Print Time:  2022-03-06 15:27:16 
NOTE: Elapsed Time in seconds: 1.02571152448654 

[[1]]
          [,1]      [,2]     [,3]      [,4]
[1,] 0.1451891 -14.14095 47.44605 -87.67798

[[2]]
[1] 4.599271


NOTE: Log Print Time:  2022-03-06 15:28:18 
NOTE: Elapsed Time in seconds: 1.03194483121236 

[[1]]
          [,1]      [,2]     [,3]      [,4]
[1,] 0.1451891 -14.14095 47.44605 -87.67798

[[2]]
[1] 4.599271


NOTE: Log Print Time:  2022-03-06 15:29:19 
NOTE: Elapsed Time in seconds: 1.02142822345098 

[[1]]
          [,1]      [,2]     [,3]      [,4]
[1,] 0.1451891 -14.14095 47.44605 -87.67798

[[2]]
[1] 4.599271


NOTE: Log Print Time:  2022-03-06 15:30:19 
NOTE: Elapsed Time in seconds: 1.00108249584834 

[[1]]
          [,1]      [,2]     [,3]      [,4]
[1,] 0.1451891 -14.14095 47.44605 -87.67798

[[2]]
[1] 4.599271


NOTE: Log Print Time:  2022-03-06 15:31:21 
NOTE: Elapsed Time in seconds: 1.02903565168381 

[[1]]
          [,1]      [,2]     [,3]      [,4]
[1,] 0.1451891 -14.14095 47.44605 -87.67798

[[2]]
[1] 4.599271


NOTE: Log Print Time:  2022-03-06 15:32:20 
NOTE: Elapsed Time in seconds: 59.4654583930969 

[[1]]
          [,1]      [,2]     [,3]      [,4]
[1,] 0.1451891 -14.14095 47.44605 -87.67798

[[2]]
[1] 4.599271


NOTE: Log Print Time:  2022-03-06 15:33:21 
NOTE: Elapsed Time in seconds: 1.01390958229701 

[[1]]
          [,1]      [,2]     [,3]      [,4]
[1,] 0.1388248 -14.16681 47.44528 -87.66747

[[2]]
[1] 4.599767


NOTE: Log Print Time:  2022-03-06 15:34:24 
NOTE: Elapsed Time in seconds: 1.04472016493479 

[[1]]
          [,1]      [,2]     [,3]      [,4]
[1,] 0.1388248 -14.16681 47.44528 -87.66747

[[2]]
[1] 4.599767


NOTE: Log Print Time:  2022-03-06 15:35:26 
NOTE: Elapsed Time in seconds: 1.03753125270208 

[[1]]
          [,1]      [,2]     [,3]      [,4]
[1,] 0.1388248 -14.16681 47.44528 -87.66747

[[2]]
[1] 4.599767


NOTE: Log Print Time:  2022-03-06 15:36:27 
NOTE: Elapsed Time in seconds: 1.0212581038475 

[[1]]
          [,1]      [,2]     [,3]      [,4]
[1,] 0.1388248 -14.16681 47.44528 -87.66747

[[2]]
[1] 4.599767


NOTE: Log Print Time:  2022-03-06 15:37:28 
NOTE: Elapsed Time in seconds: 1.00465207497279 

[[1]]
          [,1]      [,2]    [,3]      [,4]
[1,] 0.4186045 -14.82593 47.4499 -87.66085

[[2]]
[1] 4.613214


NOTE: Log Print Time:  2022-03-06 15:38:30 
NOTE: Elapsed Time in seconds: 1.0355316956838 

[[1]]
          [,1]      [,2]    [,3]      [,4]
[1,] 0.4186045 -14.82593 47.4499 -87.66085

[[2]]
[1] 4.613214


NOTE: Log Print Time:  2022-03-06 15:39:30 
NOTE: Elapsed Time in seconds: 1.00805903275808 

[[1]]
          [,1]      [,2]    [,3]      [,4]
[1,] 0.4186045 -14.82593 47.4499 -87.66085

[[2]]
[1] 4.613214


NOTE: Log Print Time:  2022-03-06 15:40:32 
NOTE: Elapsed Time in seconds: 1.03310324748357 

[[1]]
          [,1]      [,2]    [,3]      [,4]
[1,] 0.4186045 -14.82593 47.4499 -87.66085

[[2]]
[1] 4.613214


NOTE: Log Print Time:  2022-03-06 15:41:35 
NOTE: Elapsed Time in seconds: 1.03692519664764 

[[1]]
          [,1]      [,2]    [,3]      [,4]
[1,] 0.4186045 -14.82593 47.4499 -87.66085

[[2]]
[1] 4.613214


NOTE: Log Print Time:  2022-03-06 15:42:36 
NOTE: Elapsed Time in seconds: 1.01849644184113 

[[1]]
          [,1]      [,2]    [,3]      [,4]
[1,] 0.4186045 -14.82593 47.4499 -87.66085

[[2]]
[1] 4.613214


NOTE: Log Print Time:  2022-03-06 15:43:38 
NOTE: Elapsed Time in seconds: 1.04325102567673 

[[1]]
          [,1]      [,2]    [,3]      [,4]
[1,] 0.4186045 -14.82593 47.4499 -87.66085

[[2]]
[1] 4.613214


NOTE: Log Print Time:  2022-03-06 15:44:40 
NOTE: Elapsed Time in seconds: 1.03222831090291 

[[1]]
          [,1]      [,2]    [,3]      [,4]
[1,] 0.4186045 -14.82593 47.4499 -87.66085

[[2]]
[1] 4.613214


NOTE: Log Print Time:  2022-03-06 15:45:42 
NOTE: Elapsed Time in seconds: 1.02254261573156 

[[1]]
          [,1]      [,2]    [,3]      [,4]
[1,] 0.4186045 -14.82593 47.4499 -87.66085

[[2]]
[1] 4.613214


NOTE: Log Print Time:  2022-03-06 15:46:43 
NOTE: Elapsed Time in seconds: 1.02101217110952 

