time	parameter_1	parameter_2	parameter_3	parameter_4	parameter_5	parameter_6	parameter_7	parameter_8	parameter_9	objective_function	worker
2022-06-22 18:42:55	-3.69235853222199	-307.596290716901	271.602988708764	-169.073183322325	-58.8432805612683	169.306052150205	-63.9614516403526	-78.6594600882381	-35.1880537811667	-0.00439203415759626	-1
2022-06-22 18:42:55	-5.05425469460897	-335.272365016863	295.539516024292	420.799097279087	61.6104040760547	236.605457961559	177.921943832189	-6.62217712961137	-56.1108293943107	-0.00439204162155048	-1
2022-06-22 18:42:55	-9.01242278609425	195.541628403589	-248.83002974093	302.137500606477	-94.3393200170249	95.1134795323014	-196.885673096403	-50.111131882295	19.7683731559664	-1.67089923898456	-1
2022-06-22 18:42:55	-4.95537010882981	-427.206618944183	-60.9190724790096	221.776152960956	-86.7223910056055	205.454054521397	-279.783518519253	-10.7108219526708	22.3631421569735	-0.00439204087594456	-1
2022-06-22 18:45:09	-8.69587255082838	215.70414643183	-86.7332040688857	188.468843924596	-42.3293280113957	190.482298785103	49.9827911002535	-40.7725577038864	60.7312483395697	-4.44088419510445e-41	0
2022-06-22 18:45:44	-8.83523548780485	321.213822191829	-315.265958705276	349.452271523492	-87.7294813454824	398.128661710807	-232.195598953102	-56.7256121482683	47.2075806857852	-1.701725899569	0
2022-06-22 18:46:19	-8.6309240472161	281.657419924203	56.6649521182589	187.422602110328	-74.1513867646534	135.227789561586	0.454999250679975	-36.783467650764	14.0305067965357	0	0
2022-06-22 18:46:52	-8.31198941739707	195.541628403589	-143.635648249563	240.741142924179	-56.6691757021251	17.0982059414661	51.6471871568983	-50.111131882295	84.8972213758923	-1.52301193087369	0
2022-06-22 18:47:25	-9.24250830631134	143.725116370122	-365.993054053377	302.137500606477	-94.3393200170249	382.191926691717	-37.8358647762477	-61.3823981027162	19.7683731559664	-1.66038912602734	0
2022-06-22 18:47:57	-8.06980675406798	-61.8472041697277	-336.346209967598	232.2659200408	-94.3393200170249	48.8080039677328	-141.222322534434	-86.8154724001748	-48.6468024200583	-0.0217126304621254	0
2022-06-22 18:48:38	-9.01242278609425	195.983816494561	-361.438842080355	302.137500606477	-94.3393200170249	95.1134795323014	-196.885673096403	-46.5073911251015	60.1945395325301	-1.7959756335451	0
2022-06-22 18:49:10	-6.16690475900699	270.068995341186	-361.438842080355	302.137500606477	-94.3393200170249	177.158619373446	1.25519815114575	-62.9959072799928	40.8333402432449	-1.6619461952752	0
2022-06-22 18:49:47	-9.01242278609425	356.775566007633	-382.140431713971	302.137500606477	-94.3393200170249	-49.3613222955554	40.9391852070535	-60.680476088993	22.9237086883178	-1.73235615720067	0
2022-06-22 18:50:20	-9.60850792959499	195.983816494561	-202.43732652233	302.137500606477	-93.500255446042	43.5063797741541	-32.1244538284155	-46.5073911251015	75.0475837292857	-1.73561512078654	0
2022-06-22 18:50:59	-3.94678883108996	-73.3777663920249	-436.857689665731	340.806941285669	-86.1762968437634	95.1134795323014	-283.356465022204	-94.541905775048	98.3409988861053	-0.00439204551757453	0
2022-06-22 18:51:20	-9.02155478982407	-54.8254393915045	-302.20398759394	302.137500606477	-54.6802274406383	2.51759431737108	-196.885673096403	-84.824092094841	60.1945395325301	-0.00439204508625862	0
2022-06-22 18:51:40	-8.87571222379639	234.603354279521	-361.438842080355	345.293135236224	-33.7035810791553	-120.819303293474	-286.552349638328	-93.5213870197084	60.1945395325301	-1.73603153554376	0
2022-06-22 18:52:14	-9.65438136435542	276.983922311515	-361.438842080355	419.923011842298	-94.3393200170249	95.1134795323014	-196.885673096403	-42.6774229401197	99.3296480317299	-1.67315571031816	0
2022-06-22 18:52:45	-7.81776125470317	182.405165253151	-424.494402174425	140.651925244488	-60.0327885201412	95.1134795323014	-409.251164974121	-57.4241679670456	97.566668105843	-1.7226515094566	0
2022-06-22 18:53:16	-6.40619284041925	195.983816494561	-397.64232626524	302.137500606477	-78.4011599818104	63.0372640551725	-196.885673096403	-19.0748247763118	68.4677290564784	-1.79172731411973	0
2022-06-22 18:53:47	-8.73695012412314	118.938010153135	-302.077506503851	294.845580373096	-51.4321929998467	95.1134795323014	-246.0780727949	-46.5073911251015	60.1945395325301	-1.66336077632585	0
2022-06-22 18:54:18	-9.01242278609425	-1.2202281224103	-386.103195078447	302.137500606477	-57.7327431295756	95.1134795323014	-196.885673096403	-46.5073911251015	86.3311395841068	-0.420242502368672	0
2022-06-22 18:54:46	-9.01242278609425	355.911796631529	-188.665892138202	302.137500606477	-57.3156474374368	-97.2687930293557	-196.885673096403	-46.5073911251015	60.1945395325301	-1.38090914492791	0
2022-06-22 18:55:44	-9.95740249113042	-168.910623454578	-401.439907672893	481.547786580476	-94.3393200170249	95.1134795323014	-265.634102337965	-46.5073911251015	-1.83753729206833	-0.00439204375906756	0
2022-06-22 18:56:05	-6.86813866802292	195.983816494561	-361.438842080355	408.847889581377	-97.4086258939775	343.560682765667	-406.59272531878	-95.6038788668559	58.445289300389	-1.79363297034206	0
2022-06-22 18:56:38	-9.01242278609425	-43.5455438188433	-153.35302024794	302.137500606477	-75.8455817211318	379.635427783389	-196.885673096403	-46.5073911251015	60.1945395325301	-0.00439204162155048	0
2022-06-22 18:57:00	-9.01242278609425	195.983816494561	-361.438842080355	302.137500606477	-55.2757220365816	95.1134795323014	-52.1514468845651	-46.5073911251015	91.4137397077879	-1.79541926578253	0
2022-06-22 18:57:35	-7.01030872683389	195.983816494561	-317.783245485439	302.137500606477	-95.6324680683865	164.203224255073	-196.885673096403	-97.9715852607277	57.0494366356039	-1.76340047858276	0
2022-06-22 18:58:08	-9.38245709744666	258.412050394703	-361.438842080355	302.137500606477	-94.3393200170249	95.1134795323014	-196.885673096403	-46.5073911251015	5.57020886220072	-1.68075102639567	0
2022-06-22 18:58:40	-8.93449612627084	-61.3919251897184	-361.438842080355	302.137500606477	-78.7869585242101	-78.1571894410739	-196.885673096403	-46.5073911251015	94.910701717197	-0.00439204250047901	0
2022-06-22 18:59:01	-8.74321226987539	195.983816494561	-361.438842080355	413.734352665004	-89.7619695459579	154.058013336039	-383.356536660302	-46.5073911251015	60.1945395325301	-1.79531176757197	0
2022-06-22 18:59:36	-7.49137393063009	-3.84211798145046	-361.438842080355	302.137500606477	-46.0130202900169	95.1134795323014	-196.885673096403	25.8812223398391	68.6709101516726	-0.273742422238478	0
2022-06-22 19:00:06	-9.81273798576612	195.983816494561	-365.071621465391	447.563377414419	-77.5988815033045	88.4382796795741	-71.0761888185857	-64.2960869634306	60.1945395325301	-1.79629905397464	0
2022-06-22 19:00:39	-7.29728704399661	195.983816494561	-365.071621465391	447.563377414419	-29.3952916978467	43.1754610665139	270.667552855134	-55.0023658185813	60.1945395325301	-1.79493751210102	0
