========================================================================= 
Log Path: /project/6004331/wanglu57/Project_Plasmodium/log/ga_log.log 
Program Path: /project/6004331/wanglu57/Project_Plasmodium/job_scripts/2022-01-27_ga-si-I-log.R 
Working Directory: /project/6004331/wanglu57/Project_Plasmodium/job_scripts 
User Name: wanglu57 
R Version: 4.0.2 (2020-06-22) 
Machine: cdr993.int.cedar.computecanada.ca x86_64 
Operating System: Linux 3.10.0-1160.36.2.el7.x86_64 #1 SMP Wed Jul 21 11:57:15 UTC 2021 
[1] "Base Packages: parallel stats graphics grDevices utils datasets methods\n               base \nOther Packages: doRNG_1.8.2 rngtools_1.5.2 here_1.0.1 GA_3.2.2 doParallel_1.0.16\n                iterators_1.0.13 foreach_1.5.1 "
Log Start Time: 2022-01-29 19:06:42 
========================================================================= 

[[1]]
          [,1]     [,2]      [,3]      [,4]
[1,] -3.716669 79.90864 -74.92148 -42.84956

[[2]]
[1] 2.108694


NOTE: Log Print Time:  2022-01-29 19:07:14 
NOTE: Elapsed Time in seconds: 31.608565568924 

[[1]]
          [,1]     [,2]     [,3]      [,4]
[1,] -1.971199 23.87056 1.523926 -110.9664

[[2]]
[1] 2.687476


NOTE: Log Print Time:  2022-01-29 19:07:43 
NOTE: Elapsed Time in seconds: 29.090194940567 

[[1]]
         [,1]     [,2]      [,3]     [,4]
[1,] 1.120172 19.85764 -19.25705 6.693782

[[2]]
[1] 5.586289


NOTE: Log Print Time:  2022-01-29 19:08:09 
NOTE: Elapsed Time in seconds: 26.799408197403 

[[1]]
          [,1]      [,2]     [,3]      [,4]
[1,] -1.002217 -4.468689 23.68791 -45.09441

[[2]]
[1] 7.192228


NOTE: Log Print Time:  2022-01-29 19:08:42 
NOTE: Elapsed Time in seconds: 32.139627456665 

[[1]]
          [,1]      [,2]     [,3]      [,4]
[1,] -1.002217 -4.468689 23.68791 -45.09441

[[2]]
[1] 7.192228


NOTE: Log Print Time:  2022-01-29 19:09:12 
NOTE: Elapsed Time in seconds: 30.5138185024261 

[[1]]
          [,1]      [,2]     [,3]      [,4]
[1,] -1.002217 -4.468689 23.68791 -45.09441

[[2]]
[1] 7.192228


NOTE: Log Print Time:  2022-01-29 19:09:41 
NOTE: Elapsed Time in seconds: 28.4674451351166 

[[1]]
          [,1]      [,2]     [,3]      [,4]
[1,] -1.002217 -4.468689 23.68791 -45.09441

[[2]]
[1] 7.192228


NOTE: Log Print Time:  2022-01-29 19:10:28 
NOTE: Elapsed Time in seconds: 47.868152141571 

[[1]]
          [,1]      [,2]     [,3]      [,4]
[1,] -1.002217 -4.468689 23.68791 -45.09441

[[2]]
[1] 7.192228


NOTE: Log Print Time:  2022-01-29 19:10:54 
NOTE: Elapsed Time in seconds: 25.8288629055023 

[[1]]
          [,1]      [,2]     [,3]      [,4]
[1,] -1.002217 -4.468689 23.68791 -45.09441

[[2]]
[1] 7.192228


NOTE: Log Print Time:  2022-01-29 19:11:22 
NOTE: Elapsed Time in seconds: 27.3504018783569 

[[1]]
          [,1]      [,2]     [,3]      [,4]
[1,] -1.002217 -4.468689 23.68791 -45.09441

[[2]]
[1] 7.192228


NOTE: Log Print Time:  2022-01-29 19:12:14 
NOTE: Elapsed Time in seconds: 52.5369865894318 

[[1]]
          [,1]      [,2]     [,3]      [,4]
[1,] -1.002217 -4.468689 23.68791 -45.09441

[[2]]
[1] 7.192228


NOTE: Log Print Time:  2022-01-29 19:12:54 
NOTE: Elapsed Time in seconds: 40.0433058738708 

[[1]]
          [,1]     [,2]     [,3]      [,4]
[1,] 0.1974057 4.488074 5.597399 -30.39897

[[2]]
[1] 7.562095


NOTE: Log Print Time:  2022-01-29 19:13:23 
NOTE: Elapsed Time in seconds: 28.4488687515259 

[[1]]
          [,1]     [,2]     [,3]      [,4]
[1,] 0.1974057 4.488074 5.597399 -30.39897

[[2]]
[1] 7.562095


NOTE: Log Print Time:  2022-01-29 19:13:49 
NOTE: Elapsed Time in seconds: 26.3875682353973 

[[1]]
          [,1]     [,2]     [,3]      [,4]
[1,] 0.1974057 4.488074 5.597399 -30.39897

[[2]]
[1] 7.562095


NOTE: Log Print Time:  2022-01-29 19:15:00 
NOTE: Elapsed Time in seconds: 1.17960623900096 

[[1]]
          [,1]     [,2]     [,3]      [,4]
[1,] 0.1974057 4.488074 5.597399 -30.39897

[[2]]
[1] 7.562095


NOTE: Log Print Time:  2022-01-29 19:15:23 
NOTE: Elapsed Time in seconds: 23.197345495224 

[[1]]
          [,1]     [,2]     [,3]      [,4]
[1,] 0.1974057 4.488074 5.597399 -30.39897

[[2]]
[1] 7.562095


NOTE: Log Print Time:  2022-01-29 19:15:50 
NOTE: Elapsed Time in seconds: 26.5297937393188 

[[1]]
          [,1]     [,2]     [,3]      [,4]
[1,] 0.1974057 4.488074 5.597399 -30.39897

[[2]]
[1] 7.562095


NOTE: Log Print Time:  2022-01-29 19:16:15 
NOTE: Elapsed Time in seconds: 25.7966203689575 

[[1]]
          [,1]     [,2]     [,3]      [,4]
[1,] 0.1974057 4.488074 5.597399 -30.39897

[[2]]
[1] 7.562095


NOTE: Log Print Time:  2022-01-29 19:16:53 
NOTE: Elapsed Time in seconds: 37.3801319599152 

[[1]]
          [,1]     [,2]     [,3]      [,4]
[1,] 0.1974057 4.488074 5.597399 -30.39897

[[2]]
[1] 7.562095


NOTE: Log Print Time:  2022-01-29 19:17:16 
NOTE: Elapsed Time in seconds: 23.7630648612976 

[[1]]
          [,1]     [,2]     [,3]      [,4]
[1,] 0.1974057 4.488074 5.597399 -30.39897

[[2]]
[1] 7.562095


NOTE: Log Print Time:  2022-01-29 19:17:38 
NOTE: Elapsed Time in seconds: 21.6641023159027 

[[1]]
          [,1]      [,2]     [,3]      [,4]
[1,] 0.3893673 -4.131791 18.94269 -45.89065

[[2]]
[1] 7.619522


NOTE: Log Print Time:  2022-01-29 19:18:03 
NOTE: Elapsed Time in seconds: 24.4690847396851 

[[1]]
          [,1]      [,2]     [,3]      [,4]
[1,] 0.3893673 -4.131791 18.94269 -45.89065

[[2]]
[1] 7.619522


NOTE: Log Print Time:  2022-01-29 19:18:28 
NOTE: Elapsed Time in seconds: 25.844071149826 

[[1]]
          [,1]      [,2]     [,3]      [,4]
[1,] 0.3893673 -4.131791 18.94269 -45.89065

[[2]]
[1] 7.619522


NOTE: Log Print Time:  2022-01-29 19:19:02 
NOTE: Elapsed Time in seconds: 34.0154755115509 

[[1]]
           [,1]      [,2]     [,3]     [,4]
[1,] -0.2379285 0.0952551 14.05008 -37.6132

[[2]]
[1] 7.665352


NOTE: Log Print Time:  2022-01-29 19:19:31 
NOTE: Elapsed Time in seconds: 28.924623966217 

[[1]]
         [,1]      [,2]     [,3]     [,4]
[1,] 1.028786 -4.077934 15.82708 -39.5335

[[2]]
[1] 7.666429


NOTE: Log Print Time:  2022-01-29 19:19:58 
NOTE: Elapsed Time in seconds: 26.3754281997681 

[[1]]
         [,1]      [,2]     [,3]     [,4]
[1,] 1.028786 -4.077934 15.82708 -39.5335

[[2]]
[1] 7.666429


NOTE: Log Print Time:  2022-01-29 19:20:19 
NOTE: Elapsed Time in seconds: 20.7971127033234 

[[1]]
          [,1]      [,2]     [,3]      [,4]
[1,] 0.6883478 -4.020549 16.45339 -41.03686

[[2]]
[1] 7.725786


NOTE: Log Print Time:  2022-01-29 19:20:45 
NOTE: Elapsed Time in seconds: 26.5737729072571 

[[1]]
          [,1]      [,2]     [,3]      [,4]
[1,] 0.6883478 -4.020549 16.45339 -41.03686

[[2]]
[1] 7.725786


NOTE: Log Print Time:  2022-01-29 19:21:16 
NOTE: Elapsed Time in seconds: 30.5930283069611 

[[1]]
          [,1]      [,2]     [,3]      [,4]
[1,] 0.6883478 -4.020549 16.45339 -41.03686

[[2]]
[1] 7.725786


NOTE: Log Print Time:  2022-01-29 19:21:36 
NOTE: Elapsed Time in seconds: 20.1936252117157 

[[1]]
          [,1]      [,2]     [,3]      [,4]
[1,] 0.6883478 -4.020549 16.45339 -41.03686

[[2]]
[1] 7.725786


NOTE: Log Print Time:  2022-01-29 19:21:59 
NOTE: Elapsed Time in seconds: 23.3043565750122 

[[1]]
          [,1]      [,2]     [,3]      [,4]
[1,] 0.6883478 -4.020549 16.45339 -41.03686

[[2]]
[1] 7.725786


NOTE: Log Print Time:  2022-01-29 19:22:25 
NOTE: Elapsed Time in seconds: 26.0890688896179 

[[1]]
          [,1]      [,2]     [,3]      [,4]
[1,] 0.6883478 -4.020549 16.45339 -41.03686

[[2]]
[1] 7.725786


NOTE: Log Print Time:  2022-01-29 19:22:51 
NOTE: Elapsed Time in seconds: 25.6213049888611 

[[1]]
          [,1]      [,2]     [,3]      [,4]
[1,] 0.6883478 -4.020549 16.45339 -41.03686

[[2]]
[1] 7.725786


NOTE: Log Print Time:  2022-01-29 19:23:11 
NOTE: Elapsed Time in seconds: 20.2115354537964 

[[1]]
          [,1]      [,2]     [,3]      [,4]
[1,] 0.6883478 -4.020549 16.45339 -41.03686

[[2]]
[1] 7.725786


NOTE: Log Print Time:  2022-01-29 19:23:31 
NOTE: Elapsed Time in seconds: 20.1416966915131 

[[1]]
          [,1]      [,2]     [,3]      [,4]
[1,] 0.6883478 -4.020549 16.45339 -41.03686

[[2]]
[1] 7.725786


NOTE: Log Print Time:  2022-01-29 19:24:08 
NOTE: Elapsed Time in seconds: 37.0930068492889 

[[1]]
          [,1]      [,2]     [,3]      [,4]
[1,] 0.2890881 -3.291917 15.95851 -39.19015

[[2]]
[1] 7.735242


NOTE: Log Print Time:  2022-01-29 19:24:34 
NOTE: Elapsed Time in seconds: 25.7945833206177 

[[1]]
          [,1]      [,2]     [,3]      [,4]
[1,] 0.2890881 -3.291917 15.95851 -39.19015

[[2]]
[1] 7.735242


NOTE: Log Print Time:  2022-01-29 19:24:54 
NOTE: Elapsed Time in seconds: 20.2813308238983 

[[1]]
          [,1]      [,2]     [,3]      [,4]
[1,] 0.2890881 -3.291917 15.95851 -39.19015

[[2]]
[1] 7.735242


NOTE: Log Print Time:  2022-01-29 19:25:23 
NOTE: Elapsed Time in seconds: 28.0908343791962 

[[1]]
          [,1]      [,2]     [,3]      [,4]
[1,] 0.2890881 -3.291917 15.95851 -39.19015

[[2]]
[1] 7.735242


NOTE: Log Print Time:  2022-01-29 19:25:44 
NOTE: Elapsed Time in seconds: 21.529967546463 

[[1]]
          [,1]      [,2]     [,3]      [,4]
[1,] 0.2890881 -3.291917 15.95851 -39.19015

[[2]]
[1] 7.735242


NOTE: Log Print Time:  2022-01-29 19:26:09 
NOTE: Elapsed Time in seconds: 24.4503834247589 

[[1]]
          [,1]      [,2]     [,3]      [,4]
[1,] 0.2890881 -3.291917 15.95851 -39.19015

[[2]]
[1] 7.735242


NOTE: Log Print Time:  2022-01-29 19:28:03 
NOTE: Elapsed Time in seconds: 1.91543735265732 

[[1]]
          [,1]      [,2]     [,3]      [,4]
[1,] 0.2890881 -3.291917 15.95851 -39.19015

[[2]]
[1] 7.735242


NOTE: Log Print Time:  2022-01-29 19:28:26 
NOTE: Elapsed Time in seconds: 22.991662979126 

[[1]]
          [,1]      [,2]     [,3]      [,4]
[1,] 0.2890881 -3.291917 15.95851 -39.19015

[[2]]
[1] 7.735242


NOTE: Log Print Time:  2022-01-29 19:28:57 
NOTE: Elapsed Time in seconds: 30.1588399410248 

[[1]]
          [,1]      [,2]     [,3]      [,4]
[1,] 0.2890881 -3.291917 15.95851 -39.19015

[[2]]
[1] 7.735242


NOTE: Log Print Time:  2022-01-29 19:29:22 
NOTE: Elapsed Time in seconds: 25.0499362945557 

[[1]]
          [,1]      [,2]     [,3]      [,4]
[1,] 0.2890881 -3.291917 15.95851 -39.19015

[[2]]
[1] 7.735242


NOTE: Log Print Time:  2022-01-29 19:29:49 
NOTE: Elapsed Time in seconds: 27.2467629909515 

[[1]]
          [,1]      [,2]     [,3]      [,4]
[1,] 0.2890881 -3.291917 15.95851 -39.19015

[[2]]
[1] 7.735242


NOTE: Log Print Time:  2022-01-29 19:30:17 
NOTE: Elapsed Time in seconds: 28.140207529068 

[[1]]
          [,1]      [,2]     [,3]      [,4]
[1,] 0.2890881 -3.291917 15.95851 -39.19015

[[2]]
[1] 7.735242


NOTE: Log Print Time:  2022-01-29 19:30:54 
NOTE: Elapsed Time in seconds: 36.6058940887451 

[[1]]
          [,1]      [,2]     [,3]      [,4]
[1,] 0.2890881 -3.291917 15.95851 -39.19015

[[2]]
[1] 7.735242


NOTE: Log Print Time:  2022-01-29 19:31:17 
NOTE: Elapsed Time in seconds: 22.9521532058716 

[[1]]
          [,1]      [,2]     [,3]      [,4]
[1,] 0.2890881 -3.291917 15.95851 -39.19015

[[2]]
[1] 7.735242


NOTE: Log Print Time:  2022-01-29 19:31:37 
NOTE: Elapsed Time in seconds: 20.1053476333618 

[[1]]
          [,1]      [,2]     [,3]      [,4]
[1,] 0.2890881 -3.291917 15.95851 -39.19015

[[2]]
[1] 7.735242


NOTE: Log Print Time:  2022-01-29 19:32:02 
NOTE: Elapsed Time in seconds: 25.6338717937469 

[[1]]
          [,1]      [,2]     [,3]      [,4]
[1,] 0.2890881 -3.291917 15.95851 -39.19015

[[2]]
[1] 7.735242


NOTE: Log Print Time:  2022-01-29 19:32:29 
NOTE: Elapsed Time in seconds: 26.1600406169891 

[[1]]
          [,1]      [,2]     [,3]      [,4]
[1,] 0.2890881 -3.291917 15.95851 -39.19015

[[2]]
[1] 7.735242


NOTE: Log Print Time:  2022-01-29 19:32:54 
NOTE: Elapsed Time in seconds: 25.923627614975 

[[1]]
          [,1]      [,2]     [,3]      [,4]
[1,] 0.4501182 -3.113263 15.60508 -39.44989

[[2]]
[1] 7.740308


NOTE: Log Print Time:  2022-01-29 19:33:21 
NOTE: Elapsed Time in seconds: 26.9816422462463 

[[1]]
          [,1]      [,2]     [,3]      [,4]
[1,] 0.4501182 -3.113263 15.60508 -39.44989

[[2]]
[1] 7.740308


NOTE: Log Print Time:  2022-01-29 19:33:48 
NOTE: Elapsed Time in seconds: 26.2081613540649 

[[1]]
          [,1]      [,2]     [,3]      [,4]
[1,] 0.4119732 -3.176104 15.69152 -39.28529

[[2]]
[1] 7.742129


NOTE: Log Print Time:  2022-01-29 19:34:13 
NOTE: Elapsed Time in seconds: 25.56400847435 

[[1]]
          [,1]      [,2]     [,3]      [,4]
[1,] 0.4119732 -3.176104 15.69152 -39.28529

[[2]]
[1] 7.742129


NOTE: Log Print Time:  2022-01-29 19:34:45 
NOTE: Elapsed Time in seconds: 31.5954027175903 

[[1]]
          [,1]      [,2]     [,3]      [,4]
[1,] 0.4119732 -3.176104 15.69152 -39.28529

[[2]]
[1] 7.742129


NOTE: Log Print Time:  2022-01-29 19:35:21 
NOTE: Elapsed Time in seconds: 35.7886674404144 

[[1]]
          [,1]      [,2]     [,3]      [,4]
[1,] 0.4119732 -3.176104 15.69152 -39.28529

[[2]]
[1] 7.742129


NOTE: Log Print Time:  2022-01-29 19:35:43 
NOTE: Elapsed Time in seconds: 22.2141175270081 

[[1]]
          [,1]      [,2]     [,3]      [,4]
[1,] 0.4119732 -3.176104 15.69152 -39.28529

[[2]]
[1] 7.742129


NOTE: Log Print Time:  2022-01-29 19:36:08 
NOTE: Elapsed Time in seconds: 25.6534118652344 

[[1]]
          [,1]      [,2]     [,3]      [,4]
[1,] 0.4119732 -3.176104 15.69152 -39.28529

[[2]]
[1] 7.742129


NOTE: Log Print Time:  2022-01-29 19:36:34 
NOTE: Elapsed Time in seconds: 25.4395227432251 

[[1]]
          [,1]      [,2]     [,3]      [,4]
[1,] 0.4119732 -3.176104 15.69152 -39.28529

[[2]]
[1] 7.742129


NOTE: Log Print Time:  2022-01-29 19:36:57 
NOTE: Elapsed Time in seconds: 22.8629488945007 

[[1]]
          [,1]      [,2]     [,3]      [,4]
[1,] 0.4119732 -3.176104 15.69152 -39.28529

[[2]]
[1] 7.742129


NOTE: Log Print Time:  2022-01-29 19:37:22 
NOTE: Elapsed Time in seconds: 25.4404413700104 

[[1]]
          [,1]      [,2]     [,3]      [,4]
[1,] 0.4119732 -3.176104 15.69152 -39.28529

[[2]]
[1] 7.742129


NOTE: Log Print Time:  2022-01-29 19:37:43 
NOTE: Elapsed Time in seconds: 21.1276135444641 

[[1]]
          [,1]      [,2]     [,3]      [,4]
[1,] 0.4119732 -3.176104 15.69152 -39.28529

[[2]]
[1] 7.742129


NOTE: Log Print Time:  2022-01-29 19:38:05 
NOTE: Elapsed Time in seconds: 21.5952470302582 

[[1]]
         [,1]      [,2]     [,3]      [,4]
[1,] 0.477813 -3.183676 15.60882 -39.06588

[[2]]
[1] 7.742392


NOTE: Log Print Time:  2022-01-29 19:38:31 
NOTE: Elapsed Time in seconds: 26.1480526924133 

[[1]]
         [,1]      [,2]     [,3]      [,4]
[1,] 0.477813 -3.183676 15.60882 -39.06588

[[2]]
[1] 7.742392


NOTE: Log Print Time:  2022-01-29 19:38:52 
NOTE: Elapsed Time in seconds: 20.8156881332397 

[[1]]
         [,1]      [,2]     [,3]      [,4]
[1,] 0.477813 -3.183676 15.60882 -39.06588

[[2]]
[1] 7.742392


NOTE: Log Print Time:  2022-01-29 19:39:13 
NOTE: Elapsed Time in seconds: 20.7765898704529 

[[1]]
          [,1]      [,2]     [,3]      [,4]
[1,] 0.4558664 -3.162292 15.60246 -38.99101

[[2]]
[1] 7.743668


NOTE: Log Print Time:  2022-01-29 19:39:40 
NOTE: Elapsed Time in seconds: 26.983562707901 

[[1]]
          [,1]      [,2]     [,3]      [,4]
[1,] 0.4558664 -3.162292 15.60246 -38.99101

[[2]]
[1] 7.743668


NOTE: Log Print Time:  2022-01-29 19:40:06 
NOTE: Elapsed Time in seconds: 26.3928558826447 

[[1]]
          [,1]      [,2]     [,3]      [,4]
[1,] 0.4119871 -3.171611 15.61535 -38.71548

[[2]]
[1] 7.746968


NOTE: Log Print Time:  2022-01-29 19:40:30 
NOTE: Elapsed Time in seconds: 24.4312789440155 

[[1]]
          [,1]      [,2]     [,3]      [,4]
[1,] 0.4119871 -3.171611 15.61535 -38.71548

[[2]]
[1] 7.746968


NOTE: Log Print Time:  2022-01-29 19:40:50 
NOTE: Elapsed Time in seconds: 19.7330636978149 

[[1]]
          [,1]      [,2]     [,3]      [,4]
[1,] 0.4119871 -3.171611 15.61535 -38.71548

[[2]]
[1] 7.746968


NOTE: Log Print Time:  2022-01-29 19:41:15 
NOTE: Elapsed Time in seconds: 24.6491727828979 

[[1]]
          [,1]      [,2]     [,3]      [,4]
[1,] 0.4119871 -3.171611 15.61535 -38.71548

[[2]]
[1] 7.746968


NOTE: Log Print Time:  2022-01-29 19:41:53 
NOTE: Elapsed Time in seconds: 37.9616794586182 

[[1]]
          [,1]      [,2]     [,3]      [,4]
[1,] 0.4119871 -3.171611 15.61535 -38.71548

[[2]]
[1] 7.746968


NOTE: Log Print Time:  2022-01-29 19:42:24 
NOTE: Elapsed Time in seconds: 31.6424987316132 

[[1]]
          [,1]      [,2]     [,3]      [,4]
[1,] 0.4119871 -3.171611 15.61535 -38.71548

[[2]]
[1] 7.746968


NOTE: Log Print Time:  2022-01-29 19:42:51 
NOTE: Elapsed Time in seconds: 26.5105633735657 

[[1]]
          [,1]      [,2]     [,3]      [,4]
[1,] 0.4119871 -3.171611 15.61535 -38.71548

[[2]]
[1] 7.746968


NOTE: Log Print Time:  2022-01-29 19:43:12 
NOTE: Elapsed Time in seconds: 21.2804470062256 

[[1]]
          [,1]      [,2]     [,3]      [,4]
[1,] 0.4119871 -3.171611 15.61535 -38.71548

[[2]]
[1] 7.746968


NOTE: Log Print Time:  2022-01-29 19:43:35 
NOTE: Elapsed Time in seconds: 22.8192930221558 

[[1]]
          [,1]      [,2]     [,3]      [,4]
[1,] 0.4119871 -3.171611 15.61535 -38.71548

[[2]]
[1] 7.746968


NOTE: Log Print Time:  2022-01-29 19:44:00 
NOTE: Elapsed Time in seconds: 25.0398330688477 

[[1]]
          [,1]      [,2]     [,3]      [,4]
[1,] 0.4119871 -3.171611 15.61535 -38.71548

[[2]]
[1] 7.746968


NOTE: Log Print Time:  2022-01-29 19:44:27 
NOTE: Elapsed Time in seconds: 27.2095482349396 

[[1]]
          [,1]      [,2]     [,3]      [,4]
[1,] 0.4119871 -3.171611 15.61535 -38.71548

[[2]]
[1] 7.746968


NOTE: Log Print Time:  2022-01-29 19:44:53 
NOTE: Elapsed Time in seconds: 25.3532266616821 

[[1]]
          [,1]      [,2]     [,3]      [,4]
[1,] 0.4119871 -3.171611 15.61535 -38.71548

[[2]]
[1] 7.746968


NOTE: Log Print Time:  2022-01-29 19:45:20 
NOTE: Elapsed Time in seconds: 27.7478933334351 

[[1]]
          [,1]      [,2]     [,3]      [,4]
[1,] 0.4119871 -3.171611 15.61535 -38.71548

[[2]]
[1] 7.746968


NOTE: Log Print Time:  2022-01-29 19:45:40 
NOTE: Elapsed Time in seconds: 19.9924955368042 

[[1]]
          [,1]      [,2]     [,3]      [,4]
[1,] 0.4119871 -3.171611 15.61535 -38.71548

[[2]]
[1] 7.746968


NOTE: Log Print Time:  2022-01-29 19:46:07 
NOTE: Elapsed Time in seconds: 26.8014709949493 

[[1]]
          [,1]      [,2]     [,3]      [,4]
[1,] 0.4119871 -3.171611 15.61535 -38.71548

[[2]]
[1] 7.746968


NOTE: Log Print Time:  2022-01-29 19:46:34 
NOTE: Elapsed Time in seconds: 26.9657428264618 

[[1]]
          [,1]      [,2]     [,3]      [,4]
[1,] 0.3877201 -3.140555 15.61455 -38.80852

[[2]]
[1] 7.747134


NOTE: Log Print Time:  2022-01-29 19:46:58 
NOTE: Elapsed Time in seconds: 23.8927805423737 

[[1]]
         [,1]      [,2]     [,3]      [,4]
[1,] 0.432153 -3.025799 15.32944 -39.01389

[[2]]
[1] 7.747765


NOTE: Log Print Time:  2022-01-29 19:47:24 
NOTE: Elapsed Time in seconds: 25.8060052394867 

[[1]]
         [,1]      [,2]     [,3]      [,4]
[1,] 0.432153 -3.025799 15.32944 -39.01389

[[2]]
[1] 7.747765


NOTE: Log Print Time:  2022-01-29 19:47:46 
NOTE: Elapsed Time in seconds: 21.8013257980347 

[[1]]
         [,1]      [,2]     [,3]      [,4]
[1,] 0.432153 -3.025799 15.32944 -39.01389

[[2]]
[1] 7.747765


NOTE: Log Print Time:  2022-01-29 19:48:11 
NOTE: Elapsed Time in seconds: 25.3906178474426 

[[1]]
         [,1]      [,2]     [,3]      [,4]
[1,] 0.432153 -3.025799 15.32944 -39.01389

[[2]]
[1] 7.747765


NOTE: Log Print Time:  2022-01-29 19:48:33 
NOTE: Elapsed Time in seconds: 21.5966272354126 

[[1]]
          [,1]      [,2]     [,3]      [,4]
[1,] 0.4038327 -3.121719 15.39463 -38.85107

[[2]]
[1] 7.749184


NOTE: Log Print Time:  2022-01-29 19:48:53 
NOTE: Elapsed Time in seconds: 19.9663486480713 

[[1]]
          [,1]      [,2]     [,3]      [,4]
[1,] 0.4038327 -3.121719 15.39463 -38.85107

[[2]]
[1] 7.749184


NOTE: Log Print Time:  2022-01-29 19:49:14 
NOTE: Elapsed Time in seconds: 21.2977085113525 

[[1]]
          [,1]      [,2]     [,3]      [,4]
[1,] 0.4038327 -3.121719 15.39463 -38.85107

[[2]]
[1] 7.749184


NOTE: Log Print Time:  2022-01-29 19:49:58 
NOTE: Elapsed Time in seconds: 44.3500649929047 

[[1]]
          [,1]      [,2]     [,3]      [,4]
[1,] 0.4038327 -3.121719 15.39463 -38.85107

[[2]]
[1] 7.749184


NOTE: Log Print Time:  2022-01-29 19:50:25 
NOTE: Elapsed Time in seconds: 26.6243498325348 

[[1]]
          [,1]      [,2]     [,3]      [,4]
[1,] 0.4038327 -3.121719 15.39463 -38.85107

[[2]]
[1] 7.749184


NOTE: Log Print Time:  2022-01-29 19:50:48 
NOTE: Elapsed Time in seconds: 22.9245338439941 

[[1]]
          [,1]      [,2]     [,3]      [,4]
[1,] 0.4038327 -3.121719 15.39463 -38.85107

[[2]]
[1] 7.749184


NOTE: Log Print Time:  2022-01-29 19:51:14 
NOTE: Elapsed Time in seconds: 25.7831664085388 

[[1]]
          [,1]      [,2]     [,3]      [,4]
[1,] 0.4038327 -3.121719 15.39463 -38.85107

[[2]]
[1] 7.749184


NOTE: Log Print Time:  2022-01-29 19:51:37 
NOTE: Elapsed Time in seconds: 23.4095079898834 

[[1]]
          [,1]      [,2]     [,3]      [,4]
[1,] 0.4038327 -3.121719 15.39463 -38.85107

[[2]]
[1] 7.749184


NOTE: Log Print Time:  2022-01-29 19:52:02 
NOTE: Elapsed Time in seconds: 25.073326587677 

[[1]]
          [,1]      [,2]     [,3]      [,4]
[1,] 0.4038327 -3.121719 15.39463 -38.85107

[[2]]
[1] 7.749184


NOTE: Log Print Time:  2022-01-29 19:52:22 
NOTE: Elapsed Time in seconds: 20.1052894592285 

[[1]]
          [,1]      [,2]     [,3]      [,4]
[1,] 0.4038327 -3.121719 15.39463 -38.85107

[[2]]
[1] 7.749184


NOTE: Log Print Time:  2022-01-29 19:52:48 
NOTE: Elapsed Time in seconds: 25.7907202243805 

[[1]]
          [,1]      [,2]     [,3]      [,4]
[1,] 0.4038327 -3.121719 15.39463 -38.85107

[[2]]
[1] 7.749184


NOTE: Log Print Time:  2022-01-29 19:53:12 
NOTE: Elapsed Time in seconds: 24.4450387954712 

[[1]]
          [,1]      [,2]     [,3]      [,4]
[1,] 0.4038327 -3.121719 15.39463 -38.85107

[[2]]
[1] 7.749184


NOTE: Log Print Time:  2022-01-29 19:53:39 
NOTE: Elapsed Time in seconds: 26.3800983428955 

[[1]]
          [,1]      [,2]     [,3]      [,4]
[1,] 0.4038327 -3.121719 15.39463 -38.85107

[[2]]
[1] 7.749184


NOTE: Log Print Time:  2022-01-29 19:54:02 
NOTE: Elapsed Time in seconds: 22.7343134880066 

[[1]]
          [,1]      [,2]     [,3]      [,4]
[1,] 0.4038327 -3.121719 15.39463 -38.85107

[[2]]
[1] 7.749184


NOTE: Log Print Time:  2022-01-29 19:54:26 
NOTE: Elapsed Time in seconds: 24.4295439720154 

[[1]]
          [,1]      [,2]     [,3]      [,4]
[1,] 0.4038327 -3.121719 15.39463 -38.85107

[[2]]
[1] 7.749184


NOTE: Log Print Time:  2022-01-29 19:54:51 
NOTE: Elapsed Time in seconds: 24.6429347991943 

[[1]]
          [,1]      [,2]     [,3]      [,4]
[1,] 0.4038327 -3.121719 15.39463 -38.85107

[[2]]
[1] 7.749184


NOTE: Log Print Time:  2022-01-29 19:55:49 
NOTE: Elapsed Time in seconds: 58.4703388214111 

[[1]]
          [,1]      [,2]     [,3]      [,4]
[1,] 0.4038327 -3.121719 15.39463 -38.85107

[[2]]
[1] 7.749184


NOTE: Log Print Time:  2022-01-29 19:56:15 
NOTE: Elapsed Time in seconds: 25.9564719200134 

[[1]]
          [,1]      [,2]     [,3]     [,4]
[1,] 0.4219701 -3.116158 15.43047 -38.8542

[[2]]
[1] 7.75007


NOTE: Log Print Time:  2022-01-29 19:56:37 
NOTE: Elapsed Time in seconds: 22.0509705543518 

[[1]]
          [,1]      [,2]     [,3]     [,4]
[1,] 0.4219701 -3.116158 15.43047 -38.8542

[[2]]
[1] 7.75007


NOTE: Log Print Time:  2022-01-29 19:56:59 
NOTE: Elapsed Time in seconds: 22.2046492099762 

[[1]]
          [,1]      [,2]     [,3]     [,4]
[1,] 0.4219701 -3.116158 15.43047 -38.8542

[[2]]
[1] 7.75007


NOTE: Log Print Time:  2022-01-29 19:58:11 
NOTE: Elapsed Time in seconds: 1.19526898066203 

[[1]]
          [,1]      [,2]     [,3]     [,4]
[1,] 0.4219701 -3.116158 15.43047 -38.8542

[[2]]
[1] 7.75007


NOTE: Log Print Time:  2022-01-29 19:58:46 
NOTE: Elapsed Time in seconds: 34.9883856773376 

[[1]]
          [,1]      [,2]     [,3]     [,4]
[1,] 0.4219701 -3.116158 15.43047 -38.8542

[[2]]
[1] 7.75007


NOTE: Log Print Time:  2022-01-29 19:59:13 
NOTE: Elapsed Time in seconds: 26.6512477397919 

[[1]]
          [,1]      [,2]     [,3]     [,4]
[1,] 0.4219701 -3.116158 15.43047 -38.8542

[[2]]
[1] 7.75007


NOTE: Log Print Time:  2022-01-29 19:59:35 
NOTE: Elapsed Time in seconds: 21.8689262866974 

[[1]]
         [,1]      [,2]     [,3]      [,4]
[1,] 1.463741 -5.533009 15.42129 -39.03727

[[2]]
[1] 7.775125


NOTE: Log Print Time:  2022-01-29 19:59:54 
NOTE: Elapsed Time in seconds: 19.9433822631836 

[[1]]
         [,1]      [,2]     [,3]      [,4]
[1,] 1.463741 -5.533009 15.42129 -39.03727

[[2]]
[1] 7.775125


NOTE: Log Print Time:  2022-01-29 20:00:20 
NOTE: Elapsed Time in seconds: 25.5424792766571 

[[1]]
         [,1]      [,2]     [,3]      [,4]
[1,] 1.463741 -5.533009 15.42129 -39.03727

[[2]]
[1] 7.775125


NOTE: Log Print Time:  2022-01-29 20:00:40 
NOTE: Elapsed Time in seconds: 20.0376441478729 

[[1]]
         [,1]      [,2]     [,3]      [,4]
[1,] 1.463741 -5.533009 15.42129 -39.03727

[[2]]
[1] 7.775125


NOTE: Log Print Time:  2022-01-29 20:01:00 
NOTE: Elapsed Time in seconds: 19.8531150817871 

[[1]]
         [,1]      [,2]     [,3]      [,4]
[1,] 1.463741 -5.533009 15.42129 -39.03727

[[2]]
[1] 7.775125


NOTE: Log Print Time:  2022-01-29 20:01:25 
NOTE: Elapsed Time in seconds: 25.5556592941284 

[[1]]
         [,1]      [,2]     [,3]      [,4]
[1,] 1.463741 -5.533009 15.42129 -39.03727

[[2]]
[1] 7.775125


NOTE: Log Print Time:  2022-01-29 20:01:51 
NOTE: Elapsed Time in seconds: 25.4364738464355 

[[1]]
         [,1]      [,2]     [,3]      [,4]
[1,] 1.463741 -5.533009 15.42129 -39.03727

[[2]]
[1] 7.775125


NOTE: Log Print Time:  2022-01-29 20:02:32 
NOTE: Elapsed Time in seconds: 41.1787824630737 

[[1]]
         [,1]      [,2]     [,3]     [,4]
[1,] 1.284157 -5.347443 15.42525 -39.0279

[[2]]
[1] 7.785762


NOTE: Log Print Time:  2022-01-29 20:02:58 
NOTE: Elapsed Time in seconds: 25.6674706935883 

[[1]]
         [,1]      [,2]     [,3]     [,4]
[1,] 1.284157 -5.347443 15.42525 -39.0279

[[2]]
[1] 7.785762


NOTE: Log Print Time:  2022-01-29 20:03:20 
NOTE: Elapsed Time in seconds: 22.4077310562134 

[[1]]
         [,1]      [,2]     [,3]     [,4]
[1,] 1.284157 -5.347443 15.42525 -39.0279

[[2]]
[1] 7.785762


NOTE: Log Print Time:  2022-01-29 20:03:46 
NOTE: Elapsed Time in seconds: 26.0678355693817 

[[1]]
         [,1]      [,2]     [,3]     [,4]
[1,] 1.284157 -5.347443 15.42525 -39.0279

[[2]]
[1] 7.785762


NOTE: Log Print Time:  2022-01-29 20:04:13 
NOTE: Elapsed Time in seconds: 26.7795517444611 

[[1]]
         [,1]      [,2]     [,3]     [,4]
[1,] 1.284157 -5.347443 15.42525 -39.0279

[[2]]
[1] 7.785762


NOTE: Log Print Time:  2022-01-29 20:04:38 
NOTE: Elapsed Time in seconds: 25.4226341247559 

[[1]]
         [,1]      [,2]     [,3]     [,4]
[1,] 1.284157 -5.347443 15.42525 -39.0279

[[2]]
[1] 7.785762


NOTE: Log Print Time:  2022-01-29 20:05:05 
NOTE: Elapsed Time in seconds: 26.929936170578 

[[1]]
         [,1]      [,2]     [,3]     [,4]
[1,] 1.284157 -5.347443 15.42525 -39.0279

[[2]]
[1] 7.785762


NOTE: Log Print Time:  2022-01-29 20:05:26 
NOTE: Elapsed Time in seconds: 20.3440628051758 

[[1]]
         [,1]      [,2]     [,3]     [,4]
[1,] 1.284157 -5.347443 15.42525 -39.0279

[[2]]
[1] 7.785762


NOTE: Log Print Time:  2022-01-29 20:05:52 
NOTE: Elapsed Time in seconds: 25.8431994915009 

[[1]]
         [,1]      [,2]     [,3]     [,4]
[1,] 1.284157 -5.347443 15.42525 -39.0279

[[2]]
[1] 7.785762


NOTE: Log Print Time:  2022-01-29 20:06:12 
NOTE: Elapsed Time in seconds: 20.0819132328033 

[[1]]
         [,1]      [,2]     [,3]     [,4]
[1,] 1.284157 -5.347443 15.42525 -39.0279

[[2]]
[1] 7.785762


NOTE: Log Print Time:  2022-01-29 20:06:37 
NOTE: Elapsed Time in seconds: 24.9284899234772 

[[1]]
         [,1]      [,2]     [,3]     [,4]
[1,] 1.284157 -5.347443 15.42525 -39.0279

[[2]]
[1] 7.785762


NOTE: Log Print Time:  2022-01-29 20:06:58 
NOTE: Elapsed Time in seconds: 21.1429233551025 

[[1]]
         [,1]      [,2]     [,3]     [,4]
[1,] 1.284157 -5.347443 15.42525 -39.0279

[[2]]
[1] 7.785762


NOTE: Log Print Time:  2022-01-29 20:07:20 
NOTE: Elapsed Time in seconds: 22.7551774978638 

[[1]]
         [,1]      [,2]     [,3]     [,4]
[1,] 1.284157 -5.347443 15.42525 -39.0279

[[2]]
[1] 7.785762


NOTE: Log Print Time:  2022-01-29 20:07:42 
NOTE: Elapsed Time in seconds: 21.2030920982361 

[[1]]
         [,1]      [,2]     [,3]     [,4]
[1,] 1.284157 -5.347443 15.42525 -39.0279

[[2]]
[1] 7.785762


NOTE: Log Print Time:  2022-01-29 20:08:04 
NOTE: Elapsed Time in seconds: 22.8514215946198 

[[1]]
         [,1]      [,2]     [,3]     [,4]
[1,] 1.284157 -5.347443 15.42525 -39.0279

[[2]]
[1] 7.785762


NOTE: Log Print Time:  2022-01-29 20:08:29 
NOTE: Elapsed Time in seconds: 24.0562558174133 

[[1]]
         [,1]      [,2]     [,3]     [,4]
[1,] 1.284157 -5.347443 15.42525 -39.0279

[[2]]
[1] 7.785762


NOTE: Log Print Time:  2022-01-29 20:08:51 
NOTE: Elapsed Time in seconds: 22.5131113529205 

[[1]]
         [,1]      [,2]     [,3]     [,4]
[1,] 1.284157 -5.347443 15.42525 -39.0279

[[2]]
[1] 7.785762


NOTE: Log Print Time:  2022-01-29 20:09:14 
NOTE: Elapsed Time in seconds: 22.6290378570557 

[[1]]
         [,1]    [,2]     [,3]      [,4]
[1,] 1.274133 -5.3616 15.42647 -38.99845

[[2]]
[1] 7.785851


NOTE: Log Print Time:  2022-01-29 20:09:40 
NOTE: Elapsed Time in seconds: 25.887618303299 

[[1]]
         [,1]    [,2]     [,3]      [,4]
[1,] 1.274133 -5.3616 15.42647 -38.99845

[[2]]
[1] 7.785851


NOTE: Log Print Time:  2022-01-29 20:10:04 
NOTE: Elapsed Time in seconds: 23.934339761734 

[[1]]
         [,1]    [,2]     [,3]      [,4]
[1,] 1.274133 -5.3616 15.42647 -38.99845

[[2]]
[1] 7.785851


NOTE: Log Print Time:  2022-01-29 20:10:24 
NOTE: Elapsed Time in seconds: 20.1717019081116 

[[1]]
         [,1]    [,2]     [,3]      [,4]
[1,] 1.274133 -5.3616 15.42647 -38.99845

[[2]]
[1] 7.785851


NOTE: Log Print Time:  2022-01-29 20:10:45 
NOTE: Elapsed Time in seconds: 21.0973174571991 

[[1]]
         [,1]    [,2]     [,3]      [,4]
[1,] 1.274133 -5.3616 15.42647 -38.99845

[[2]]
[1] 7.785851


NOTE: Log Print Time:  2022-01-29 20:11:05 
NOTE: Elapsed Time in seconds: 20.5447769165039 

[[1]]
         [,1]     [,2]     [,3]      [,4]
[1,] 1.347868 -5.45879 15.43509 -39.03651

[[2]]
[1] 7.786161


NOTE: Log Print Time:  2022-01-29 20:11:33 
NOTE: Elapsed Time in seconds: 27.2350010871887 

[[1]]
         [,1]     [,2]     [,3]      [,4]
[1,] 1.347868 -5.45879 15.43509 -39.03651

[[2]]
[1] 7.786161


NOTE: Log Print Time:  2022-01-29 20:11:54 
NOTE: Elapsed Time in seconds: 20.9830923080444 

[[1]]
         [,1]     [,2]     [,3]      [,4]
[1,] 1.347868 -5.45879 15.43509 -39.03651

[[2]]
[1] 7.786161


NOTE: Log Print Time:  2022-01-29 20:12:37 
NOTE: Elapsed Time in seconds: 43.8121793270111 

[[1]]
         [,1]      [,2]     [,3]      [,4]
[1,] 1.303448 -5.248523 15.25287 -39.02629

[[2]]
[1] 7.789041


NOTE: Log Print Time:  2022-01-29 20:13:04 
NOTE: Elapsed Time in seconds: 27.0251002311707 

[[1]]
         [,1]      [,2]     [,3]      [,4]
[1,] 1.303448 -5.248523 15.25287 -39.02629

[[2]]
[1] 7.789041


NOTE: Log Print Time:  2022-01-29 20:13:47 
NOTE: Elapsed Time in seconds: 42.4001452922821 

[[1]]
         [,1]      [,2]     [,3]      [,4]
[1,] 1.303448 -5.248523 15.25287 -39.02629

[[2]]
[1] 7.789041


NOTE: Log Print Time:  2022-01-29 20:14:07 
NOTE: Elapsed Time in seconds: 20.1195516586304 

[[1]]
         [,1]      [,2]     [,3]      [,4]
[1,] 1.303448 -5.248523 15.25287 -39.02629

[[2]]
[1] 7.789041


NOTE: Log Print Time:  2022-01-29 20:14:28 
NOTE: Elapsed Time in seconds: 20.9683477878571 

[[1]]
         [,1]      [,2]     [,3]      [,4]
[1,] 1.303448 -5.248523 15.25287 -39.02629

[[2]]
[1] 7.789041


NOTE: Log Print Time:  2022-01-29 20:14:49 
NOTE: Elapsed Time in seconds: 20.9240734577179 

[[1]]
         [,1]      [,2]     [,3]      [,4]
[1,] 1.303448 -5.248523 15.25287 -39.02629

[[2]]
[1] 7.789041


NOTE: Log Print Time:  2022-01-29 20:15:10 
NOTE: Elapsed Time in seconds: 21.6307880878448 

[[1]]
         [,1]      [,2]     [,3]      [,4]
[1,] 1.303448 -5.248523 15.25287 -39.02629

[[2]]
[1] 7.789041


NOTE: Log Print Time:  2022-01-29 20:15:31 
NOTE: Elapsed Time in seconds: 20.9784109592438 

[[1]]
         [,1]      [,2]     [,3]      [,4]
[1,] 1.303448 -5.248523 15.25287 -39.02629

[[2]]
[1] 7.789041


NOTE: Log Print Time:  2022-01-29 20:15:53 
NOTE: Elapsed Time in seconds: 21.8757433891296 

[[1]]
         [,1]      [,2]     [,3]      [,4]
[1,] 1.294243 -5.276904 15.27396 -38.90014

[[2]]
[1] 7.789388


NOTE: Log Print Time:  2022-01-29 20:16:15 
NOTE: Elapsed Time in seconds: 21.5372343063354 

[[1]]
         [,1]      [,2]     [,3]      [,4]
[1,] 1.294243 -5.276904 15.27396 -38.90014

[[2]]
[1] 7.789388


NOTE: Log Print Time:  2022-01-29 20:16:41 
NOTE: Elapsed Time in seconds: 26.6452412605286 

[[1]]
         [,1]      [,2]     [,3]      [,4]
[1,] 1.294243 -5.276904 15.27396 -38.90014

[[2]]
[1] 7.789388


NOTE: Log Print Time:  2022-01-29 20:17:03 
NOTE: Elapsed Time in seconds: 21.4208824634552 

[[1]]
         [,1]      [,2]     [,3]      [,4]
[1,] 1.294243 -5.276904 15.27396 -38.90014

[[2]]
[1] 7.789388


NOTE: Log Print Time:  2022-01-29 20:17:52 
NOTE: Elapsed Time in seconds: 48.7310066223145 

[[1]]
         [,1]      [,2]     [,3]      [,4]
[1,] 1.294243 -5.276904 15.27396 -38.90014

[[2]]
[1] 7.789388


NOTE: Log Print Time:  2022-01-29 20:18:15 
NOTE: Elapsed Time in seconds: 23.1447863578796 

[[1]]
         [,1]      [,2]     [,3]      [,4]
[1,] 1.294243 -5.276904 15.27396 -38.90014

[[2]]
[1] 7.789388


NOTE: Log Print Time:  2022-01-29 20:18:36 
NOTE: Elapsed Time in seconds: 21.0255613327026 

[[1]]
         [,1]      [,2]     [,3]      [,4]
[1,] 1.294243 -5.276904 15.27396 -38.90014

[[2]]
[1] 7.789388


NOTE: Log Print Time:  2022-01-29 20:18:58 
NOTE: Elapsed Time in seconds: 22.133008480072 

[[1]]
         [,1]      [,2]     [,3]      [,4]
[1,] 1.294243 -5.276904 15.27396 -38.90014

[[2]]
[1] 7.789388


NOTE: Log Print Time:  2022-01-29 20:19:18 
NOTE: Elapsed Time in seconds: 20.0962727069855 

[[1]]
         [,1]      [,2]     [,3]      [,4]
[1,] 1.294243 -5.276904 15.27396 -38.90014

[[2]]
[1] 7.789388


NOTE: Log Print Time:  2022-01-29 20:20:05 
NOTE: Elapsed Time in seconds: 46.670147895813 

[[1]]
        [,1]      [,2]     [,3]      [,4]
[1,] 1.44812 -5.597801 15.32834 -39.01778

[[2]]
[1] 7.790082


NOTE: Log Print Time:  2022-01-29 20:20:54 
NOTE: Elapsed Time in seconds: 49.2636933326721 

[[1]]
        [,1]      [,2]     [,3]      [,4]
[1,] 1.44812 -5.597801 15.32834 -39.01778

[[2]]
[1] 7.790082


NOTE: Log Print Time:  2022-01-29 20:21:15 
NOTE: Elapsed Time in seconds: 21.490859746933 

[[1]]
         [,1]      [,2]     [,3]      [,4]
[1,] 1.427445 -5.619455 15.31919 -39.01361

[[2]]
[1] 7.792309


NOTE: Log Print Time:  2022-01-29 20:21:37 
NOTE: Elapsed Time in seconds: 21.63955950737 

[[1]]
         [,1]      [,2]     [,3]      [,4]
[1,] 1.436777 -5.726695 15.34231 -39.01399

[[2]]
[1] 7.79281


NOTE: Log Print Time:  2022-01-29 20:21:58 
NOTE: Elapsed Time in seconds: 20.7023782730103 

[[1]]
         [,1]      [,2]     [,3]      [,4]
[1,] 1.436777 -5.726695 15.34231 -39.01399

[[2]]
[1] 7.79281


NOTE: Log Print Time:  2022-01-29 20:22:19 
NOTE: Elapsed Time in seconds: 20.923698425293 

[[1]]
         [,1]      [,2]     [,3]      [,4]
[1,] 1.436777 -5.726695 15.34231 -39.01399

[[2]]
[1] 7.79281


NOTE: Log Print Time:  2022-01-29 20:23:23 
NOTE: Elapsed Time in seconds: 1.06419070164363 

[[1]]
         [,1]      [,2]     [,3]      [,4]
[1,] 1.436777 -5.726695 15.34231 -39.01399

[[2]]
[1] 7.79281


NOTE: Log Print Time:  2022-01-29 20:23:50 
NOTE: Elapsed Time in seconds: 27.3732154369354 

[[1]]
         [,1]      [,2]     [,3]      [,4]
[1,] 1.436777 -5.726695 15.34231 -39.01399

[[2]]
[1] 7.79281


NOTE: Log Print Time:  2022-01-29 20:24:11 
NOTE: Elapsed Time in seconds: 21.0067853927612 

[[1]]
         [,1]      [,2]     [,3]      [,4]
[1,] 1.436777 -5.726695 15.34231 -39.01399

[[2]]
[1] 7.79281


NOTE: Log Print Time:  2022-01-29 20:24:31 
NOTE: Elapsed Time in seconds: 20.0434908866882 

[[1]]
         [,1]      [,2]     [,3]      [,4]
[1,] 1.436777 -5.726695 15.34231 -39.01399

[[2]]
[1] 7.79281


NOTE: Log Print Time:  2022-01-29 20:25:23 
NOTE: Elapsed Time in seconds: 52.059561252594 

[[1]]
         [,1]      [,2]     [,3]      [,4]
[1,] 1.436777 -5.726695 15.34231 -39.01399

[[2]]
[1] 7.79281


NOTE: Log Print Time:  2022-01-29 20:25:44 
NOTE: Elapsed Time in seconds: 21.0191888809204 

[[1]]
         [,1]      [,2]     [,3]      [,4]
[1,] 1.436777 -5.726695 15.34231 -39.01399

[[2]]
[1] 7.79281


NOTE: Log Print Time:  2022-01-29 20:26:04 
NOTE: Elapsed Time in seconds: 20.4286754131317 

[[1]]
         [,1]      [,2]     [,3]      [,4]
[1,] 1.436777 -5.726695 15.34231 -39.01399

[[2]]
[1] 7.79281


NOTE: Log Print Time:  2022-01-29 20:26:26 
NOTE: Elapsed Time in seconds: 21.585529088974 

[[1]]
         [,1]      [,2]     [,3]      [,4]
[1,] 1.436777 -5.726695 15.34231 -39.01399

[[2]]
[1] 7.79281


NOTE: Log Print Time:  2022-01-29 20:27:24 
NOTE: Elapsed Time in seconds: 57.7080264091492 

[[1]]
         [,1]      [,2]     [,3]      [,4]
[1,] 1.436777 -5.726695 15.34231 -39.01399

[[2]]
[1] 7.79281


NOTE: Log Print Time:  2022-01-29 20:27:45 
NOTE: Elapsed Time in seconds: 21.1497662067413 

[[1]]
         [,1]      [,2]     [,3]      [,4]
[1,] 1.436777 -5.726695 15.34231 -39.01399

[[2]]
[1] 7.79281


NOTE: Log Print Time:  2022-01-29 20:28:06 
NOTE: Elapsed Time in seconds: 20.9928057193756 

[[1]]
         [,1]      [,2]     [,3]      [,4]
[1,] 1.436777 -5.726695 15.34231 -39.01399

[[2]]
[1] 7.79281


NOTE: Log Print Time:  2022-01-29 20:28:26 
NOTE: Elapsed Time in seconds: 20.2163245677948 

[[1]]
         [,1]      [,2]     [,3]      [,4]
[1,] 1.436777 -5.726695 15.34231 -39.01399

[[2]]
[1] 7.79281


NOTE: Log Print Time:  2022-01-29 20:28:46 
NOTE: Elapsed Time in seconds: 20.0793015956879 

[[1]]
         [,1]      [,2]     [,3]      [,4]
[1,] 1.436777 -5.726695 15.34231 -39.01399

[[2]]
[1] 7.79281


NOTE: Log Print Time:  2022-01-29 20:29:17 
NOTE: Elapsed Time in seconds: 30.4107666015625 

[[1]]
         [,1]      [,2]     [,3]      [,4]
[1,] 1.436777 -5.726695 15.34231 -39.01399

[[2]]
[1] 7.79281


NOTE: Log Print Time:  2022-01-29 20:29:37 
NOTE: Elapsed Time in seconds: 20.3616914749146 

[[1]]
         [,1]      [,2]     [,3]      [,4]
[1,] 1.436777 -5.726695 15.34231 -39.01399

[[2]]
[1] 7.79281


NOTE: Log Print Time:  2022-01-29 20:29:57 
NOTE: Elapsed Time in seconds: 20.0899057388306 

[[1]]
         [,1]      [,2]     [,3]      [,4]
[1,] 1.436777 -5.726695 15.34231 -39.01399

[[2]]
[1] 7.79281


NOTE: Log Print Time:  2022-01-29 20:30:19 
NOTE: Elapsed Time in seconds: 21.5049993991852 

[[1]]
         [,1]      [,2]     [,3]      [,4]
[1,] 1.436777 -5.726695 15.34231 -39.01399

[[2]]
[1] 7.79281


NOTE: Log Print Time:  2022-01-29 20:30:54 
NOTE: Elapsed Time in seconds: 35.4903361797333 

[[1]]
         [,1]      [,2]     [,3]      [,4]
[1,] 1.436777 -5.726695 15.34231 -39.01399

[[2]]
[1] 7.79281


NOTE: Log Print Time:  2022-01-29 20:31:16 
NOTE: Elapsed Time in seconds: 21.5366406440735 

[[1]]
         [,1]      [,2]     [,3]      [,4]
[1,] 1.436777 -5.726695 15.34231 -39.01399

[[2]]
[1] 7.79281


NOTE: Log Print Time:  2022-01-29 20:31:36 
NOTE: Elapsed Time in seconds: 20.2798228263855 

[[1]]
         [,1]      [,2]     [,3]      [,4]
[1,] 1.695513 -6.245307 15.32861 -39.04228

[[2]]
[1] 7.797222


NOTE: Log Print Time:  2022-01-29 20:32:01 
NOTE: Elapsed Time in seconds: 25.2057030200958 

[[1]]
         [,1]      [,2]     [,3]      [,4]
[1,] 1.695513 -6.245307 15.32861 -39.04228

[[2]]
[1] 7.797222


NOTE: Log Print Time:  2022-01-29 20:32:23 
NOTE: Elapsed Time in seconds: 21.4925930500031 

[[1]]
         [,1]      [,2]     [,3]      [,4]
[1,] 1.695513 -6.245307 15.32861 -39.04228

[[2]]
[1] 7.797222


NOTE: Log Print Time:  2022-01-29 20:32:44 
NOTE: Elapsed Time in seconds: 21.2473089694977 

[[1]]
         [,1]      [,2]     [,3]      [,4]
[1,] 1.695513 -6.245307 15.32861 -39.04228

[[2]]
[1] 7.797222


NOTE: Log Print Time:  2022-01-29 20:33:05 
NOTE: Elapsed Time in seconds: 20.9037582874298 

[[1]]
         [,1]      [,2]     [,3]      [,4]
[1,] 1.695513 -6.245307 15.32861 -39.04228

[[2]]
[1] 7.797222


NOTE: Log Print Time:  2022-01-29 20:33:25 
NOTE: Elapsed Time in seconds: 20.165595293045 

[[1]]
         [,1]      [,2]     [,3]      [,4]
[1,] 1.695513 -6.245307 15.32861 -39.04228

[[2]]
[1] 7.797222


NOTE: Log Print Time:  2022-01-29 20:33:46 
NOTE: Elapsed Time in seconds: 21.207062959671 

[[1]]
         [,1]      [,2]     [,3]      [,4]
[1,] 1.695513 -6.245307 15.32861 -39.04228

[[2]]
[1] 7.797222


NOTE: Log Print Time:  2022-01-29 20:34:07 
NOTE: Elapsed Time in seconds: 21.2224314212799 

[[1]]
         [,1]      [,2]     [,3]      [,4]
[1,] 1.695513 -6.245307 15.32861 -39.04228

[[2]]
[1] 7.797222


NOTE: Log Print Time:  2022-01-29 20:34:28 
NOTE: Elapsed Time in seconds: 20.6435658931732 

[[1]]
         [,1]      [,2]     [,3]      [,4]
[1,] 1.695513 -6.245307 15.32861 -39.04228

[[2]]
[1] 7.797222


NOTE: Log Print Time:  2022-01-29 20:34:49 
NOTE: Elapsed Time in seconds: 21.5100502967834 

[[1]]
         [,1]      [,2]     [,3]      [,4]
[1,] 1.695513 -6.245307 15.32861 -39.04228

[[2]]
[1] 7.797222


NOTE: Log Print Time:  2022-01-29 20:35:17 
NOTE: Elapsed Time in seconds: 27.1317389011383 

[[1]]
         [,1]      [,2]     [,3]      [,4]
[1,] 1.695513 -6.245307 15.32861 -39.04228

[[2]]
[1] 7.797222


NOTE: Log Print Time:  2022-01-29 20:35:37 
NOTE: Elapsed Time in seconds: 20.8228566646576 

[[1]]
         [,1]      [,2]     [,3]      [,4]
[1,] 1.695513 -6.245307 15.32861 -39.04228

[[2]]
[1] 7.797222


NOTE: Log Print Time:  2022-01-29 20:35:57 
NOTE: Elapsed Time in seconds: 19.8957488536835 

[[1]]
         [,1]      [,2]     [,3]      [,4]
[1,] 1.695513 -6.245307 15.32861 -39.04228

[[2]]
[1] 7.797222


NOTE: Log Print Time:  2022-01-29 20:36:19 
NOTE: Elapsed Time in seconds: 21.4411609172821 

[[1]]
         [,1]      [,2]     [,3]      [,4]
[1,] 1.695513 -6.245307 15.32861 -39.04228

[[2]]
[1] 7.797222


NOTE: Log Print Time:  2022-01-29 20:36:42 
NOTE: Elapsed Time in seconds: 23.0235741138458 

