
Lmod is automatically replacing "intel/2020.1.217" with "gcc/9.3.0".


Due to MODULEPATH changes, the following have been reloaded:
  1) openmpi/4.0.3


R version 4.0.2 (2020-06-22) -- "Taking Off Again"
Copyright (C) 2020 The R Foundation for Statistical Computing
Platform: x86_64-pc-linux-gnu (64-bit)

R is free software and comes with ABSOLUTELY NO WARRANTY.
You are welcome to redistribute it under certain conditions.
Type 'license()' or 'licence()' for distribution details.

  Natural language support but running in an English locale

R is a collaborative project with many contributors.
Type 'contributors()' for more information and
'citation()' on how to cite R or R packages in publications.

Type 'demo()' for some demos, 'help()' for on-line help, or
'help.start()' for an HTML browser interface to help.
Type 'q()' to quit R.

> # R script to submit parallelized genetic algorithm optimzied runs.
> 
> # load libraries
> library(doParallel)
Loading required package: foreach
Loading required package: iterators
Loading required package: parallel
> library(GA)
Package 'GA' version 3.2.2
Type 'citation("GA")' for citing this R package in publications.

Attaching package: ‘GA’

The following object is masked from ‘package:utils’:

    de

> library(here)
here() starts at /scratch/wanglu57/job_scripts
> library(doRNG)
Loading required package: rngtools
> 
> source(here::here("ga_verbose.R"), local = T)
> source(here::here("chabaudi_si_clean.R"), local = T)
> # load function
> #-----------------------------#
> # load in parameters
> #-----------------------------#
> parameters_tsukushi <- c(R1 = 8.89*10^6, # slightly higher
+                          lambda = 3.7*10^5,
+                          mu = 0.025, 
+                          p = 8*10^-6, # doubled form original
+                          alpha = 1, 
+                          alphag = 2, 
+                          beta = 5.721, 
+                          mum = 48, 
+                          mug = 4, 
+                          I0 = 43.85965, 
+                          Ig0 = 0, 
+                          a = 150, 
+                          b = 100, 
+                          sp = 1,
+                          psin = 16.69234,
+                          psiw = 0.8431785,
+                          phin = 0.03520591, 
+                          phiw = 550.842,
+                          iota = 2.18*(10^6),
+                          rho = 0.2627156)
> 
> time_range <- seq(0, 20, by = 1e-3)
> 
> I_range <- seq(0, log10(10^7), log10(10^7)/5000)
> 
> #-----------------------------#
> # Begin parallelized code
> #----------------------------#
> 
> 
> # Create an array from the NODESLIST environnement variable
> nodeslist = unlist(strsplit(Sys.getenv("NODESLIST"), split=" "))
> 
> # Create the cluster with the nodes name. One process per count of node name.
> # nodeslist = node1 node1 node2 node2, means we are starting 2 processes on node1, likewise on node2.
> cl = makeCluster(nodeslist, type = "PSOCK") 
> registerDoParallel(cl)
> clusterExport(cl,c("ga_verbose", "time_range", "parameters_tsukushi", "I_range", "chabaudi_si_clean")) 
> clusterCall(cl, library, package = "mclust", character.only = TRUE)
[[1]]
[1] "mclust"    "stats"     "graphics"  "grDevices" "utils"     "datasets" 
[7] "methods"   "base"     

[[2]]
[1] "mclust"    "stats"     "graphics"  "grDevices" "utils"     "datasets" 
[7] "methods"   "base"     

[[3]]
[1] "mclust"    "stats"     "graphics"  "grDevices" "utils"     "datasets" 
[7] "methods"   "base"     

[[4]]
[1] "mclust"    "stats"     "graphics"  "grDevices" "utils"     "datasets" 
[7] "methods"   "base"     

[[5]]
[1] "mclust"    "stats"     "graphics"  "grDevices" "utils"     "datasets" 
[7] "methods"   "base"     

[[6]]
[1] "mclust"    "stats"     "graphics"  "grDevices" "utils"     "datasets" 
[7] "methods"   "base"     

[[7]]
[1] "mclust"    "stats"     "graphics"  "grDevices" "utils"     "datasets" 
[7] "methods"   "base"     

[[8]]
[1] "mclust"    "stats"     "graphics"  "grDevices" "utils"     "datasets" 
[7] "methods"   "base"     

[[9]]
[1] "mclust"    "stats"     "graphics"  "grDevices" "utils"     "datasets" 
[7] "methods"   "base"     

[[10]]
[1] "mclust"    "stats"     "graphics"  "grDevices" "utils"     "datasets" 
[7] "methods"   "base"     

[[11]]
[1] "mclust"    "stats"     "graphics"  "grDevices" "utils"     "datasets" 
[7] "methods"   "base"     

[[12]]
[1] "mclust"    "stats"     "graphics"  "grDevices" "utils"     "datasets" 
[7] "methods"   "base"     

[[13]]
[1] "mclust"    "stats"     "graphics"  "grDevices" "utils"     "datasets" 
[7] "methods"   "base"     

[[14]]
[1] "mclust"    "stats"     "graphics"  "grDevices" "utils"     "datasets" 
[7] "methods"   "base"     

[[15]]
[1] "mclust"    "stats"     "graphics"  "grDevices" "utils"     "datasets" 
[7] "methods"   "base"     

[[16]]
[1] "mclust"    "stats"     "graphics"  "grDevices" "utils"     "datasets" 
[7] "methods"   "base"     

[[17]]
[1] "mclust"    "stats"     "graphics"  "grDevices" "utils"     "datasets" 
[7] "methods"   "base"     

[[18]]
[1] "mclust"    "stats"     "graphics"  "grDevices" "utils"     "datasets" 
[7] "methods"   "base"     

[[19]]
[1] "mclust"    "stats"     "graphics"  "grDevices" "utils"     "datasets" 
[7] "methods"   "base"     

[[20]]
[1] "mclust"    "stats"     "graphics"  "grDevices" "utils"     "datasets" 
[7] "methods"   "base"     

[[21]]
[1] "mclust"    "stats"     "graphics"  "grDevices" "utils"     "datasets" 
[7] "methods"   "base"     

[[22]]
[1] "mclust"    "stats"     "graphics"  "grDevices" "utils"     "datasets" 
[7] "methods"   "base"     

[[23]]
[1] "mclust"    "stats"     "graphics"  "grDevices" "utils"     "datasets" 
[7] "methods"   "base"     

[[24]]
[1] "mclust"    "stats"     "graphics"  "grDevices" "utils"     "datasets" 
[7] "methods"   "base"     

[[25]]
[1] "mclust"    "stats"     "graphics"  "grDevices" "utils"     "datasets" 
[7] "methods"   "base"     

[[26]]
[1] "mclust"    "stats"     "graphics"  "grDevices" "utils"     "datasets" 
[7] "methods"   "base"     

[[27]]
[1] "mclust"    "stats"     "graphics"  "grDevices" "utils"     "datasets" 
[7] "methods"   "base"     

[[28]]
[1] "mclust"    "stats"     "graphics"  "grDevices" "utils"     "datasets" 
[7] "methods"   "base"     

[[29]]
[1] "mclust"    "stats"     "graphics"  "grDevices" "utils"     "datasets" 
[7] "methods"   "base"     

[[30]]
[1] "mclust"    "stats"     "graphics"  "grDevices" "utils"     "datasets" 
[7] "methods"   "base"     

[[31]]
[1] "mclust"    "stats"     "graphics"  "grDevices" "utils"     "datasets" 
[7] "methods"   "base"     

[[32]]
[1] "mclust"    "stats"     "graphics"  "grDevices" "utils"     "datasets" 
[7] "methods"   "base"     

[[33]]
[1] "mclust"    "stats"     "graphics"  "grDevices" "utils"     "datasets" 
[7] "methods"   "base"     

[[34]]
[1] "mclust"    "stats"     "graphics"  "grDevices" "utils"     "datasets" 
[7] "methods"   "base"     

[[35]]
[1] "mclust"    "stats"     "graphics"  "grDevices" "utils"     "datasets" 
[7] "methods"   "base"     

[[36]]
[1] "mclust"    "stats"     "graphics"  "grDevices" "utils"     "datasets" 
[7] "methods"   "base"     

[[37]]
[1] "mclust"    "stats"     "graphics"  "grDevices" "utils"     "datasets" 
[7] "methods"   "base"     

[[38]]
[1] "mclust"    "stats"     "graphics"  "grDevices" "utils"     "datasets" 
[7] "methods"   "base"     

[[39]]
[1] "mclust"    "stats"     "graphics"  "grDevices" "utils"     "datasets" 
[7] "methods"   "base"     

[[40]]
[1] "mclust"    "stats"     "graphics"  "grDevices" "utils"     "datasets" 
[7] "methods"   "base"     

[[41]]
[1] "mclust"    "stats"     "graphics"  "grDevices" "utils"     "datasets" 
[7] "methods"   "base"     

[[42]]
[1] "mclust"    "stats"     "graphics"  "grDevices" "utils"     "datasets" 
[7] "methods"   "base"     

[[43]]
[1] "mclust"    "stats"     "graphics"  "grDevices" "utils"     "datasets" 
[7] "methods"   "base"     

[[44]]
[1] "mclust"    "stats"     "graphics"  "grDevices" "utils"     "datasets" 
[7] "methods"   "base"     

[[45]]
[1] "mclust"    "stats"     "graphics"  "grDevices" "utils"     "datasets" 
[7] "methods"   "base"     

[[46]]
[1] "mclust"    "stats"     "graphics"  "grDevices" "utils"     "datasets" 
[7] "methods"   "base"     

[[47]]
[1] "mclust"    "stats"     "graphics"  "grDevices" "utils"     "datasets" 
[7] "methods"   "base"     

[[48]]
[1] "mclust"    "stats"     "graphics"  "grDevices" "utils"     "datasets" 
[7] "methods"   "base"     

> ga_res <- ga_verbose(type = "real-valued", 
+                      function(x)
+                        chabaudi_si_clean(
+                          parameters_cr = c(x[1], x[2], x[3], x[4]), 
+                          parameters = parameters_tsukushi, 
+                          time_range = time_range, 
+                          cue = "I", 
+                          cue_range = I_range, 
+                          log_cue = "log10",
+                          immunity = "tsukushi",
+                          solver = "vode"),
+                      lower = c(-1, -100, -1000, -5000), # range determined that would alter shape of spline
+                      upper = c(1, 100, 1000, 5000),  
+                      popSize = 50, 
+                      maxiter = 5000, # change to 10 for testing purpose 
+                      pmutation = 0.3,
+                      keepBest = TRUE,
+                      run = 100,
+                      parallel = cl,
+                      seed = 137,
+                      monitor = TRUE,
+                      id = "2022-03-06_si-I-log-emp")
0.01071728 -73.25561 616.876 -712.8095[[1]]
           [,1]      [,2]    [,3]      [,4]
[1,] 0.01071728 -73.25561 616.876 -712.8095

[[2]]
[1] 1.794617

GA | iter = 1 | Mean = 0.1361728 | Best = 1.7946167
0.01071728 -73.25561 616.876 -712.8095[[1]]
           [,1]      [,2]    [,3]      [,4]
[1,] 0.01071728 -73.25561 616.876 -712.8095

[[2]]
[1] 1.794617

GA | iter = 2 | Mean = 0.2393568 | Best = 1.7946167
0.01071728 -73.25561 616.876 -712.8095[[1]]
           [,1]      [,2]    [,3]      [,4]
[1,] 0.01071728 -73.25561 616.876 -712.8095

[[2]]
[1] 1.794617

GA | iter = 3 | Mean = 0.193541 | Best = 1.794617
0.01071728 -73.25561 616.876 -712.8095[[1]]
           [,1]      [,2]    [,3]      [,4]
[1,] 0.01071728 -73.25561 616.876 -712.8095

[[2]]
[1] 1.794617

GA | iter = 4 | Mean = 0.2220791 | Best = 1.7946167
0.01071728 -73.25561 616.876 -712.8095[[1]]
           [,1]      [,2]    [,3]      [,4]
[1,] 0.01071728 -73.25561 616.876 -712.8095

[[2]]
[1] 1.794617

GA | iter = 5 | Mean = 0.3911671 | Best = 1.7946167
0.2049471 -44.64855 479.4628 -567.3568[[1]]
          [,1]      [,2]     [,3]      [,4]
[1,] 0.2049471 -44.64855 479.4628 -567.3568

[[2]]
[1] 1.797514

GA | iter = 6 | Mean = 0.4948149 | Best = 1.7975141
0.2049471 -44.64855 479.4628 -567.3568[[1]]
          [,1]      [,2]     [,3]      [,4]
[1,] 0.2049471 -44.64855 479.4628 -567.3568

[[2]]
[1] 1.797514

GA | iter = 7 | Mean = 0.7071293 | Best = 1.7975141
0.477994 -30.85975 449.4309 -540.1799[[1]]
         [,1]      [,2]     [,3]      [,4]
[1,] 0.477994 -30.85975 449.4309 -540.1799

[[2]]
[1] 1.798021

GA | iter = 8 | Mean = 1.312120 | Best = 1.798021
0.5631087 -1.005604 394.551 -484.8469[[1]]
          [,1]      [,2]    [,3]      [,4]
[1,] 0.5631087 -1.005604 394.551 -484.8469

[[2]]
[1] 1.79825

GA | iter = 9 | Mean = 1.616248 | Best = 1.798250
0.17909 -25.93484 434.7768 -526.5255[[1]]
        [,1]      [,2]     [,3]      [,4]
[1,] 0.17909 -25.93484 434.7768 -526.5255

[[2]]
[1] 1.79827

GA | iter = 10 | Mean = 1.615107 | Best = 1.798270
0.17909 -25.93484 434.7768 -526.5255[[1]]
        [,1]      [,2]     [,3]      [,4]
[1,] 0.17909 -25.93484 434.7768 -526.5255

[[2]]
[1] 1.79827

GA | iter = 11 | Mean = 1.474932 | Best = 1.798270
0.17909 -25.93484 434.7768 -526.5255[[1]]
        [,1]      [,2]     [,3]      [,4]
[1,] 0.17909 -25.93484 434.7768 -526.5255

[[2]]
[1] 1.79827

GA | iter = 12 | Mean = 1.479656 | Best = 1.798270
0.1611769 -12.88765 405.4362 -496.3701[[1]]
          [,1]      [,2]     [,3]      [,4]
[1,] 0.1611769 -12.88765 405.4362 -496.3701

[[2]]
[1] 1.798666

GA | iter = 13 | Mean = 1.554038 | Best = 1.798666
0.1611769 -12.88765 405.4362 -496.3701[[1]]
          [,1]      [,2]     [,3]      [,4]
[1,] 0.1611769 -12.88765 405.4362 -496.3701

[[2]]
[1] 1.798666

GA | iter = 14 | Mean = 1.653918 | Best = 1.798666
0.1611769 -12.88765 405.4362 -496.3701[[1]]
          [,1]      [,2]     [,3]      [,4]
[1,] 0.1611769 -12.88765 405.4362 -496.3701

[[2]]
[1] 1.798666

GA | iter = 15 | Mean = 1.353394 | Best = 1.798666
0.1611769 -12.88765 405.4362 -496.3701[[1]]
          [,1]      [,2]     [,3]      [,4]
[1,] 0.1611769 -12.88765 405.4362 -496.3701

[[2]]
[1] 1.798666

GA | iter = 16 | Mean = 1.537514 | Best = 1.798666
0.1611769 -12.88765 405.4362 -496.3701[[1]]
          [,1]      [,2]     [,3]      [,4]
[1,] 0.1611769 -12.88765 405.4362 -496.3701

[[2]]
[1] 1.798666

GA | iter = 17 | Mean = 1.470213 | Best = 1.798666
0.1611769 -12.88765 405.4362 -496.3701[[1]]
          [,1]      [,2]     [,3]      [,4]
[1,] 0.1611769 -12.88765 405.4362 -496.3701

[[2]]
[1] 1.798666

GA | iter = 18 | Mean = 1.609217 | Best = 1.798666
0.1611769 -12.88765 405.4362 -496.3701[[1]]
          [,1]      [,2]     [,3]      [,4]
[1,] 0.1611769 -12.88765 405.4362 -496.3701

[[2]]
[1] 1.798666

GA | iter = 19 | Mean = 1.583411 | Best = 1.798666
0.1611769 -12.88765 405.4362 -496.3701[[1]]
          [,1]      [,2]     [,3]      [,4]
[1,] 0.1611769 -12.88765 405.4362 -496.3701

[[2]]
[1] 1.798666

GA | iter = 20 | Mean = 1.513198 | Best = 1.798666
0.1611769 -12.88765 405.4362 -496.3701[[1]]
          [,1]      [,2]     [,3]      [,4]
[1,] 0.1611769 -12.88765 405.4362 -496.3701

[[2]]
[1] 1.798666

GA | iter = 21 | Mean = 1.515774 | Best = 1.798666
0.1611769 -12.88765 405.4362 -496.3701[[1]]
          [,1]      [,2]     [,3]      [,4]
[1,] 0.1611769 -12.88765 405.4362 -496.3701

[[2]]
[1] 1.798666

GA | iter = 22 | Mean = 1.544676 | Best = 1.798666
0.1611769 -12.88765 405.4362 -496.3701[[1]]
          [,1]      [,2]     [,3]      [,4]
[1,] 0.1611769 -12.88765 405.4362 -496.3701

[[2]]
[1] 1.798666

GA | iter = 23 | Mean = 1.420566 | Best = 1.798666
0.1611769 -12.88765 405.4362 -496.3701[[1]]
          [,1]      [,2]     [,3]      [,4]
[1,] 0.1611769 -12.88765 405.4362 -496.3701

[[2]]
[1] 1.798666

GA | iter = 24 | Mean = 1.689601 | Best = 1.798666
0.1611769 -12.88765 405.4362 -496.3701[[1]]
          [,1]      [,2]     [,3]      [,4]
[1,] 0.1611769 -12.88765 405.4362 -496.3701

[[2]]
[1] 1.798666

GA | iter = 25 | Mean = 1.392711 | Best = 1.798666
0.1611769 -12.88765 405.4362 -496.3701[[1]]
          [,1]      [,2]     [,3]      [,4]
[1,] 0.1611769 -12.88765 405.4362 -496.3701

[[2]]
[1] 1.798666

GA | iter = 26 | Mean = 1.609600 | Best = 1.798666
0.1611769 -12.88765 405.4362 -496.3701[[1]]
          [,1]      [,2]     [,3]      [,4]
[1,] 0.1611769 -12.88765 405.4362 -496.3701

[[2]]
[1] 1.798666

GA | iter = 27 | Mean = 1.709244 | Best = 1.798666
0.1611769 -12.88765 405.4362 -496.3701[[1]]
          [,1]      [,2]     [,3]      [,4]
[1,] 0.1611769 -12.88765 405.4362 -496.3701

[[2]]
[1] 1.798666

GA | iter = 28 | Mean = 1.652985 | Best = 1.798666
0.1611769 -12.88765 405.4362 -496.3701[[1]]
          [,1]      [,2]     [,3]      [,4]
[1,] 0.1611769 -12.88765 405.4362 -496.3701

[[2]]
[1] 1.798666

GA | iter = 29 | Mean = 1.557721 | Best = 1.798666
0.1611769 -12.88765 405.4362 -496.3701[[1]]
          [,1]      [,2]     [,3]      [,4]
[1,] 0.1611769 -12.88765 405.4362 -496.3701

[[2]]
[1] 1.798666

GA | iter = 30 | Mean = 1.558639 | Best = 1.798666
0.2298156 -48.09103 428.2718 -505.1829[[1]]
          [,1]      [,2]     [,3]      [,4]
[1,] 0.2298156 -48.09103 428.2718 -505.1829

[[2]]
[1] 1.798779

GA | iter = 31 | Mean = 1.593230 | Best = 1.798779
0.2001843 -51.74907 426.5107 -502.7282[[1]]
          [,1]      [,2]     [,3]      [,4]
[1,] 0.2001843 -51.74907 426.5107 -502.7282

[[2]]
[1] 1.798911

GA | iter = 32 | Mean = 1.541674 | Best = 1.798911
0.2001843 -51.74907 426.5107 -502.7282[[1]]
          [,1]      [,2]     [,3]      [,4]
[1,] 0.2001843 -51.74907 426.5107 -502.7282

[[2]]
[1] 1.798911

GA | iter = 33 | Mean = 1.663737 | Best = 1.798911
0.2001843 -51.74907 426.5107 -502.7282[[1]]
          [,1]      [,2]     [,3]      [,4]
[1,] 0.2001843 -51.74907 426.5107 -502.7282

[[2]]
[1] 1.798911

GA | iter = 34 | Mean = 1.600086 | Best = 1.798911
0.2001843 -51.74907 426.5107 -502.7282[[1]]
          [,1]      [,2]     [,3]      [,4]
[1,] 0.2001843 -51.74907 426.5107 -502.7282

[[2]]
[1] 1.798911

GA | iter = 35 | Mean = 1.516132 | Best = 1.798911
0.8518568 -53.72514 425.3297 -501.8905[[1]]
          [,1]      [,2]     [,3]      [,4]
[1,] 0.8518568 -53.72514 425.3297 -501.8905

[[2]]
[1] 1.79895

GA | iter = 36 | Mean = 1.477791 | Best = 1.798950
0.8518568 -53.72514 425.3297 -501.8905[[1]]
          [,1]      [,2]     [,3]      [,4]
[1,] 0.8518568 -53.72514 425.3297 -501.8905

[[2]]
[1] 1.79895

GA | iter = 37 | Mean = 1.524524 | Best = 1.798950
0.8518568 -53.72514 425.3297 -501.8905[[1]]
          [,1]      [,2]     [,3]      [,4]
[1,] 0.8518568 -53.72514 425.3297 -501.8905

[[2]]
[1] 1.79895

GA | iter = 38 | Mean = 1.572948 | Best = 1.798950
0.8518568 -53.72514 425.3297 -501.8905[[1]]
          [,1]      [,2]     [,3]      [,4]
[1,] 0.8518568 -53.72514 425.3297 -501.8905

[[2]]
[1] 1.79895

GA | iter = 39 | Mean = 1.650394 | Best = 1.798950
0.8518568 -53.72514 425.3297 -501.8905[[1]]
          [,1]      [,2]     [,3]      [,4]
[1,] 0.8518568 -53.72514 425.3297 -501.8905

[[2]]
[1] 1.79895

GA | iter = 40 | Mean = 1.693016 | Best = 1.798950
0.8518568 -53.72514 425.3297 -501.8905[[1]]
          [,1]      [,2]     [,3]      [,4]
[1,] 0.8518568 -53.72514 425.3297 -501.8905

[[2]]
[1] 1.79895

GA | iter = 41 | Mean = 1.746688 | Best = 1.798950
0.8518568 -53.72514 425.3297 -501.8905[[1]]
          [,1]      [,2]     [,3]      [,4]
[1,] 0.8518568 -53.72514 425.3297 -501.8905

[[2]]
[1] 1.79895

GA | iter = 42 | Mean = 1.679005 | Best = 1.798950
0.8518568 -53.72514 425.3297 -501.8905[[1]]
          [,1]      [,2]     [,3]      [,4]
[1,] 0.8518568 -53.72514 425.3297 -501.8905

[[2]]
[1] 1.79895

GA | iter = 43 | Mean = 1.513902 | Best = 1.798950
0.8518568 -53.72514 425.3297 -501.8905[[1]]
          [,1]      [,2]     [,3]      [,4]
[1,] 0.8518568 -53.72514 425.3297 -501.8905

[[2]]
[1] 1.79895

GA | iter = 44 | Mean = 1.520662 | Best = 1.798950
0.8518568 -53.72514 425.3297 -501.8905[[1]]
          [,1]      [,2]     [,3]      [,4]
[1,] 0.8518568 -53.72514 425.3297 -501.8905

[[2]]
[1] 1.79895

GA | iter = 45 | Mean = 1.577625 | Best = 1.798950
0.8518568 -53.72514 425.3297 -501.8905[[1]]
          [,1]      [,2]     [,3]      [,4]
[1,] 0.8518568 -53.72514 425.3297 -501.8905

[[2]]
[1] 1.79895

GA | iter = 46 | Mean = 1.668431 | Best = 1.798950
0.8518568 -53.72514 425.3297 -501.8905[[1]]
          [,1]      [,2]     [,3]      [,4]
[1,] 0.8518568 -53.72514 425.3297 -501.8905

[[2]]
[1] 1.79895

GA | iter = 47 | Mean = 1.598947 | Best = 1.798950
0.8518568 -53.72514 425.3297 -501.8905[[1]]
          [,1]      [,2]     [,3]      [,4]
[1,] 0.8518568 -53.72514 425.3297 -501.8905

[[2]]
[1] 1.79895

GA | iter = 48 | Mean = 1.558819 | Best = 1.798950
0.8518568 -53.72514 425.3297 -501.8905[[1]]
          [,1]      [,2]     [,3]      [,4]
[1,] 0.8518568 -53.72514 425.3297 -501.8905

[[2]]
[1] 1.79895

GA | iter = 49 | Mean = 1.696624 | Best = 1.798950
0.8518568 -53.72514 425.3297 -501.8905[[1]]
          [,1]      [,2]     [,3]      [,4]
[1,] 0.8518568 -53.72514 425.3297 -501.8905

[[2]]
[1] 1.79895

GA | iter = 50 | Mean = 1.624743 | Best = 1.798950
0.8518568 -53.72514 425.3297 -501.8905[[1]]
          [,1]      [,2]     [,3]      [,4]
[1,] 0.8518568 -53.72514 425.3297 -501.8905

[[2]]
[1] 1.79895

GA | iter = 51 | Mean = 1.571525 | Best = 1.798950
0.8518568 -53.72514 425.3297 -501.8905[[1]]
          [,1]      [,2]     [,3]      [,4]
[1,] 0.8518568 -53.72514 425.3297 -501.8905

[[2]]
[1] 1.79895

GA | iter = 52 | Mean = 1.471212 | Best = 1.798950
0.8518568 -53.72514 425.3297 -501.8905[[1]]
          [,1]      [,2]     [,3]      [,4]
[1,] 0.8518568 -53.72514 425.3297 -501.8905

[[2]]
[1] 1.79895

GA | iter = 53 | Mean = 1.659402 | Best = 1.798950
0.8518568 -53.72514 425.3297 -501.8905[[1]]
          [,1]      [,2]     [,3]      [,4]
[1,] 0.8518568 -53.72514 425.3297 -501.8905

[[2]]
[1] 1.79895

GA | iter = 54 | Mean = 1.578662 | Best = 1.798950
0.8518568 -53.72514 425.3297 -501.8905[[1]]
          [,1]      [,2]     [,3]      [,4]
[1,] 0.8518568 -53.72514 425.3297 -501.8905

[[2]]
[1] 1.79895

GA | iter = 55 | Mean = 1.512576 | Best = 1.798950
0.8518568 -53.72514 425.3297 -501.8905[[1]]
          [,1]      [,2]     [,3]      [,4]
[1,] 0.8518568 -53.72514 425.3297 -501.8905

[[2]]
[1] 1.79895

GA | iter = 56 | Mean = 1.579748 | Best = 1.798950
0.8518568 -53.72514 425.3297 -501.8905[[1]]
          [,1]      [,2]     [,3]      [,4]
[1,] 0.8518568 -53.72514 425.3297 -501.8905

[[2]]
[1] 1.79895

GA | iter = 57 | Mean = 1.536306 | Best = 1.798950
0.8518568 -53.72514 425.3297 -501.8905[[1]]
          [,1]      [,2]     [,3]      [,4]
[1,] 0.8518568 -53.72514 425.3297 -501.8905

[[2]]
[1] 1.79895

GA | iter = 58 | Mean = 1.51024 | Best = 1.79895
0.8518568 -53.72514 425.3297 -501.8905[[1]]
          [,1]      [,2]     [,3]      [,4]
[1,] 0.8518568 -53.72514 425.3297 -501.8905

[[2]]
[1] 1.79895

GA | iter = 59 | Mean = 1.662981 | Best = 1.798950
0.8518568 -53.72514 425.3297 -501.8905[[1]]
          [,1]      [,2]     [,3]      [,4]
[1,] 0.8518568 -53.72514 425.3297 -501.8905

[[2]]
[1] 1.79895

GA | iter = 60 | Mean = 1.449472 | Best = 1.798950
0.8518568 -53.72514 425.3297 -501.8905[[1]]
          [,1]      [,2]     [,3]      [,4]
[1,] 0.8518568 -53.72514 425.3297 -501.8905

[[2]]
[1] 1.79895

GA | iter = 61 | Mean = 1.531231 | Best = 1.798950
0.8518568 -53.72514 425.3297 -501.8905[[1]]
          [,1]      [,2]     [,3]      [,4]
[1,] 0.8518568 -53.72514 425.3297 -501.8905

[[2]]
[1] 1.79895

GA | iter = 62 | Mean = 1.592069 | Best = 1.798950
0.8518568 -53.72514 425.3297 -501.8905[[1]]
          [,1]      [,2]     [,3]      [,4]
[1,] 0.8518568 -53.72514 425.3297 -501.8905

[[2]]
[1] 1.79895

GA | iter = 63 | Mean = 1.48350 | Best = 1.79895
0.8518568 -53.72514 425.3297 -501.8905[[1]]
          [,1]      [,2]     [,3]      [,4]
[1,] 0.8518568 -53.72514 425.3297 -501.8905

[[2]]
[1] 1.79895

GA | iter = 64 | Mean = 1.537564 | Best = 1.798950
0.8518568 -53.72514 425.3297 -501.8905[[1]]
          [,1]      [,2]     [,3]      [,4]
[1,] 0.8518568 -53.72514 425.3297 -501.8905

[[2]]
[1] 1.79895

GA | iter = 65 | Mean = 1.444189 | Best = 1.798950
0.8518568 -53.72514 425.3297 -501.8905[[1]]
          [,1]      [,2]     [,3]      [,4]
[1,] 0.8518568 -53.72514 425.3297 -501.8905

[[2]]
[1] 1.79895

GA | iter = 66 | Mean = 1.535778 | Best = 1.798950
0.8518568 -53.72514 425.3297 -501.8905[[1]]
          [,1]      [,2]     [,3]      [,4]
[1,] 0.8518568 -53.72514 425.3297 -501.8905

[[2]]
[1] 1.79895

GA | iter = 67 | Mean = 1.593562 | Best = 1.798950
0.8098426 -53.72514 425.3297 -501.8905[[1]]
          [,1]      [,2]     [,3]      [,4]
[1,] 0.8098426 -53.72514 425.3297 -501.8905

[[2]]
[1] 1.79895

GA | iter = 68 | Mean = 1.466557 | Best = 1.798950
0.8098426 -53.72514 425.3297 -501.8905[[1]]
          [,1]      [,2]     [,3]      [,4]
[1,] 0.8098426 -53.72514 425.3297 -501.8905

[[2]]
[1] 1.79895

GA | iter = 69 | Mean = 1.396177 | Best = 1.798950
0.8098426 -53.72514 425.3297 -501.8905[[1]]
          [,1]      [,2]     [,3]      [,4]
[1,] 0.8098426 -53.72514 425.3297 -501.8905

[[2]]
[1] 1.79895

GA | iter = 70 | Mean = 1.625557 | Best = 1.798950
0.8098426 -53.72514 425.3297 -501.8905[[1]]
          [,1]      [,2]     [,3]      [,4]
[1,] 0.8098426 -53.72514 425.3297 -501.8905

[[2]]
[1] 1.79895

GA | iter = 71 | Mean = 1.471598 | Best = 1.798950
0.8098426 -53.72514 425.3297 -501.8905[[1]]
          [,1]      [,2]     [,3]      [,4]
[1,] 0.8098426 -53.72514 425.3297 -501.8905

[[2]]
[1] 1.79895

GA | iter = 72 | Mean = 1.476347 | Best = 1.798950
0.8098426 -53.72514 425.3297 -501.8905[[1]]
          [,1]      [,2]     [,3]      [,4]
[1,] 0.8098426 -53.72514 425.3297 -501.8905

[[2]]
[1] 1.79895

GA | iter = 73 | Mean = 1.548337 | Best = 1.798950
0.8098426 -53.72514 425.3297 -501.8905[[1]]
          [,1]      [,2]     [,3]      [,4]
[1,] 0.8098426 -53.72514 425.3297 -501.8905

[[2]]
[1] 1.79895

GA | iter = 74 | Mean = 1.564435 | Best = 1.798950
0.8098426 -53.72514 425.3297 -501.8905[[1]]
          [,1]      [,2]     [,3]      [,4]
[1,] 0.8098426 -53.72514 425.3297 -501.8905

[[2]]
[1] 1.79895

GA | iter = 75 | Mean = 1.497254 | Best = 1.798950
0.8098426 -53.72514 425.3297 -501.8905[[1]]
          [,1]      [,2]     [,3]      [,4]
[1,] 0.8098426 -53.72514 425.3297 -501.8905

[[2]]
[1] 1.79895

GA | iter = 76 | Mean = 1.561489 | Best = 1.798950
0.8098426 -53.72514 425.3297 -501.8905[[1]]
          [,1]      [,2]     [,3]      [,4]
[1,] 0.8098426 -53.72514 425.3297 -501.8905

[[2]]
[1] 1.79895

GA | iter = 77 | Mean = 1.601067 | Best = 1.798950
0.8415275 -53.72514 425.3297 -501.8905[[1]]
          [,1]      [,2]     [,3]      [,4]
[1,] 0.8415275 -53.72514 425.3297 -501.8905

[[2]]
[1] 1.798951

GA | iter = 78 | Mean = 1.606795 | Best = 1.798951
0.8415275 -53.72514 425.3297 -501.8905[[1]]
          [,1]      [,2]     [,3]      [,4]
[1,] 0.8415275 -53.72514 425.3297 -501.8905

[[2]]
[1] 1.798951

GA | iter = 79 | Mean = 1.710272 | Best = 1.798951
0.8415275 -53.72514 425.3297 -501.8905[[1]]
          [,1]      [,2]     [,3]      [,4]
[1,] 0.8415275 -53.72514 425.3297 -501.8905

[[2]]
[1] 1.798951

GA | iter = 80 | Mean = 1.687907 | Best = 1.798951
0.8415275 -53.72514 425.3297 -501.8905[[1]]
          [,1]      [,2]     [,3]      [,4]
[1,] 0.8415275 -53.72514 425.3297 -501.8905

[[2]]
[1] 1.798951

GA | iter = 81 | Mean = 1.586142 | Best = 1.798951
0.8415275 -53.72514 425.3297 -501.8905[[1]]
          [,1]      [,2]     [,3]      [,4]
[1,] 0.8415275 -53.72514 425.3297 -501.8905

[[2]]
[1] 1.798951

GA | iter = 82 | Mean = 1.629767 | Best = 1.798951
0.8415275 -53.72514 425.3297 -501.8905[[1]]
          [,1]      [,2]     [,3]      [,4]
[1,] 0.8415275 -53.72514 425.3297 -501.8905

[[2]]
[1] 1.798951

GA | iter = 83 | Mean = 1.643626 | Best = 1.798951
0.8415275 -53.72514 425.3297 -501.8905[[1]]
          [,1]      [,2]     [,3]      [,4]
[1,] 0.8415275 -53.72514 425.3297 -501.8905

[[2]]
[1] 1.798951

GA | iter = 84 | Mean = 1.629295 | Best = 1.798951
0.8415275 -53.72514 425.3297 -501.8905[[1]]
          [,1]      [,2]     [,3]      [,4]
[1,] 0.8415275 -53.72514 425.3297 -501.8905

[[2]]
[1] 1.798951

GA | iter = 85 | Mean = 1.590881 | Best = 1.798951
0.8415275 -53.72514 425.3297 -501.8905[[1]]
          [,1]      [,2]     [,3]      [,4]
[1,] 0.8415275 -53.72514 425.3297 -501.8905

[[2]]
[1] 1.798951

GA | iter = 86 | Mean = 1.626103 | Best = 1.798951
0.8415275 -53.72514 425.3297 -501.8905[[1]]
          [,1]      [,2]     [,3]      [,4]
[1,] 0.8415275 -53.72514 425.3297 -501.8905

[[2]]
[1] 1.798951

GA | iter = 87 | Mean = 1.652038 | Best = 1.798951
0.8415275 -53.72514 425.3297 -501.8905[[1]]
          [,1]      [,2]     [,3]      [,4]
[1,] 0.8415275 -53.72514 425.3297 -501.8905

[[2]]
[1] 1.798951

GA | iter = 88 | Mean = 1.256273 | Best = 1.798951
0.8415275 -53.72514 425.3297 -501.8905[[1]]
          [,1]      [,2]     [,3]      [,4]
[1,] 0.8415275 -53.72514 425.3297 -501.8905

[[2]]
[1] 1.798951

GA | iter = 89 | Mean = 1.544864 | Best = 1.798951
0.8415275 -53.72514 425.3297 -501.8905[[1]]
          [,1]      [,2]     [,3]      [,4]
[1,] 0.8415275 -53.72514 425.3297 -501.8905

[[2]]
[1] 1.798951

GA | iter = 90 | Mean = 1.584712 | Best = 1.798951
-0.1585282 -83.03952 447.4634 -511.5818[[1]]
           [,1]      [,2]     [,3]      [,4]
[1,] -0.1585282 -83.03952 447.4634 -511.5818

[[2]]
[1] 1.799044

GA | iter = 91 | Mean = 1.494561 | Best = 1.799044
-0.1585282 -83.03952 447.4634 -511.5818[[1]]
           [,1]      [,2]     [,3]      [,4]
[1,] -0.1585282 -83.03952 447.4634 -511.5818

[[2]]
[1] 1.799044

GA | iter = 92 | Mean = 1.611309 | Best = 1.799044
-0.1585282 -83.03952 447.4634 -511.5818[[1]]
           [,1]      [,2]     [,3]      [,4]
[1,] -0.1585282 -83.03952 447.4634 -511.5818

[[2]]
[1] 1.799044

GA | iter = 93 | Mean = 1.521893 | Best = 1.799044
-0.1585282 -83.03952 447.4634 -511.5818[[1]]
           [,1]      [,2]     [,3]      [,4]
[1,] -0.1585282 -83.03952 447.4634 -511.5818

[[2]]
[1] 1.799044

GA | iter = 94 | Mean = 1.529921 | Best = 1.799044
-0.1585282 -83.03952 447.4634 -511.5818[[1]]
           [,1]      [,2]     [,3]      [,4]
[1,] -0.1585282 -83.03952 447.4634 -511.5818

[[2]]
[1] 1.799044

GA | iter = 95 | Mean = 1.561295 | Best = 1.799044
0.2250742 -95.33799 446.6313 -507.1185[[1]]
          [,1]      [,2]     [,3]      [,4]
[1,] 0.2250742 -95.33799 446.6313 -507.1185

[[2]]
[1] 1.799197

GA | iter = 96 | Mean = 1.630552 | Best = 1.799197
0.2250742 -95.33799 446.6313 -507.1185[[1]]
          [,1]      [,2]     [,3]      [,4]
[1,] 0.2250742 -95.33799 446.6313 -507.1185

[[2]]
[1] 1.799197

GA | iter = 97 | Mean = 1.646840 | Best = 1.799197
0.2250742 -95.33799 446.6313 -507.1185[[1]]
          [,1]      [,2]     [,3]      [,4]
[1,] 0.2250742 -95.33799 446.6313 -507.1185

[[2]]
[1] 1.799197

GA | iter = 98 | Mean = 1.491919 | Best = 1.799197
0.2250742 -95.33799 446.6313 -507.1185[[1]]
          [,1]      [,2]     [,3]      [,4]
[1,] 0.2250742 -95.33799 446.6313 -507.1185

[[2]]
[1] 1.799197

GA | iter = 99 | Mean = 1.665999 | Best = 1.799197
0.2250742 -95.33799 446.6313 -507.1185[[1]]
          [,1]      [,2]     [,3]      [,4]
[1,] 0.2250742 -95.33799 446.6313 -507.1185

[[2]]
[1] 1.799197

GA | iter = 100 | Mean = 1.568002 | Best = 1.799197
0.2250742 -95.33799 446.6313 -507.1185[[1]]
          [,1]      [,2]     [,3]      [,4]
[1,] 0.2250742 -95.33799 446.6313 -507.1185

[[2]]
[1] 1.799197

GA | iter = 101 | Mean = 1.555273 | Best = 1.799197
0.2250742 -95.33799 446.6313 -507.1185[[1]]
          [,1]      [,2]     [,3]      [,4]
[1,] 0.2250742 -95.33799 446.6313 -507.1185

[[2]]
[1] 1.799197

GA | iter = 102 | Mean = 1.566603 | Best = 1.799197
0.2250742 -95.33799 446.6313 -507.1185[[1]]
          [,1]      [,2]     [,3]      [,4]
[1,] 0.2250742 -95.33799 446.6313 -507.1185

[[2]]
[1] 1.799197

GA | iter = 103 | Mean = 1.534009 | Best = 1.799197
0.2250742 -95.33799 446.6313 -507.1185[[1]]
          [,1]      [,2]     [,3]      [,4]
[1,] 0.2250742 -95.33799 446.6313 -507.1185

[[2]]
[1] 1.799197

GA | iter = 104 | Mean = 1.580432 | Best = 1.799197
0.2250742 -95.33799 446.6313 -507.1185[[1]]
          [,1]      [,2]     [,3]      [,4]
[1,] 0.2250742 -95.33799 446.6313 -507.1185

[[2]]
[1] 1.799197

GA | iter = 105 | Mean = 1.498110 | Best = 1.799197
0.2250742 -95.33799 446.6313 -507.1185[[1]]
          [,1]      [,2]     [,3]      [,4]
[1,] 0.2250742 -95.33799 446.6313 -507.1185

[[2]]
[1] 1.799197

GA | iter = 106 | Mean = 1.656867 | Best = 1.799197
0.2250742 -95.33799 446.6313 -507.1185[[1]]
          [,1]      [,2]     [,3]      [,4]
[1,] 0.2250742 -95.33799 446.6313 -507.1185

[[2]]
[1] 1.799197

GA | iter = 107 | Mean = 1.514805 | Best = 1.799197
0.2250742 -95.33799 446.6313 -507.1185[[1]]
          [,1]      [,2]     [,3]      [,4]
[1,] 0.2250742 -95.33799 446.6313 -507.1185

[[2]]
[1] 1.799197

GA | iter = 108 | Mean = 1.494543 | Best = 1.799197
0.2250742 -95.33799 446.6313 -507.1185[[1]]
          [,1]      [,2]     [,3]      [,4]
[1,] 0.2250742 -95.33799 446.6313 -507.1185

[[2]]
[1] 1.799197

GA | iter = 109 | Mean = 1.482134 | Best = 1.799197
0.2250742 -95.33799 446.6313 -507.1185[[1]]
          [,1]      [,2]     [,3]      [,4]
[1,] 0.2250742 -95.33799 446.6313 -507.1185

[[2]]
[1] 1.799197

GA | iter = 110 | Mean = 1.528778 | Best = 1.799197
0.2250742 -95.33799 446.6313 -507.1185[[1]]
          [,1]      [,2]     [,3]      [,4]
[1,] 0.2250742 -95.33799 446.6313 -507.1185

[[2]]
[1] 1.799197

GA | iter = 111 | Mean = 1.512236 | Best = 1.799197
0.2250742 -95.33799 446.6313 -507.1185[[1]]
          [,1]      [,2]     [,3]      [,4]
[1,] 0.2250742 -95.33799 446.6313 -507.1185

[[2]]
[1] 1.799197

GA | iter = 112 | Mean = 1.649259 | Best = 1.799197
0.2250742 -95.33799 446.6313 -507.1185[[1]]
          [,1]      [,2]     [,3]      [,4]
[1,] 0.2250742 -95.33799 446.6313 -507.1185

[[2]]
[1] 1.799197

GA | iter = 113 | Mean = 1.381555 | Best = 1.799197
0.2250742 -95.33799 446.6313 -507.1185[[1]]
          [,1]      [,2]     [,3]      [,4]
[1,] 0.2250742 -95.33799 446.6313 -507.1185

[[2]]
[1] 1.799197

GA | iter = 114 | Mean = 1.653089 | Best = 1.799197
0.2250742 -95.33799 446.6313 -507.1185[[1]]
          [,1]      [,2]     [,3]      [,4]
[1,] 0.2250742 -95.33799 446.6313 -507.1185

[[2]]
[1] 1.799197

GA | iter = 115 | Mean = 1.501235 | Best = 1.799197
0.2250742 -95.33799 446.6313 -507.1185[[1]]
          [,1]      [,2]     [,3]      [,4]
[1,] 0.2250742 -95.33799 446.6313 -507.1185

[[2]]
[1] 1.799197

GA | iter = 116 | Mean = 1.505913 | Best = 1.799197
0.2250742 -95.33799 446.6313 -507.1185[[1]]
          [,1]      [,2]     [,3]      [,4]
[1,] 0.2250742 -95.33799 446.6313 -507.1185

[[2]]
[1] 1.799197

GA | iter = 117 | Mean = 1.590072 | Best = 1.799197
0.2250742 -95.33799 446.6313 -507.1185[[1]]
          [,1]      [,2]     [,3]      [,4]
[1,] 0.2250742 -95.33799 446.6313 -507.1185

[[2]]
[1] 1.799197

GA | iter = 118 | Mean = 1.541182 | Best = 1.799197
0.2250742 -95.33799 446.6313 -507.1185[[1]]
          [,1]      [,2]     [,3]      [,4]
[1,] 0.2250742 -95.33799 446.6313 -507.1185

[[2]]
[1] 1.799197

GA | iter = 119 | Mean = 1.424301 | Best = 1.799197
0.2250742 -95.33799 446.6313 -507.1185[[1]]
          [,1]      [,2]     [,3]      [,4]
[1,] 0.2250742 -95.33799 446.6313 -507.1185

[[2]]
[1] 1.799197

GA | iter = 120 | Mean = 1.672096 | Best = 1.799197
0.2250742 -95.33799 446.6313 -507.1185[[1]]
          [,1]      [,2]     [,3]      [,4]
[1,] 0.2250742 -95.33799 446.6313 -507.1185

[[2]]
[1] 1.799197

GA | iter = 121 | Mean = 1.536494 | Best = 1.799197
0.2250742 -95.33799 446.6313 -507.1185[[1]]
          [,1]      [,2]     [,3]      [,4]
[1,] 0.2250742 -95.33799 446.6313 -507.1185

[[2]]
[1] 1.799197

GA | iter = 122 | Mean = 1.638963 | Best = 1.799197
0.2250742 -95.33799 446.6313 -507.1185[[1]]
          [,1]      [,2]     [,3]      [,4]
[1,] 0.2250742 -95.33799 446.6313 -507.1185

[[2]]
[1] 1.799197

GA | iter = 123 | Mean = 1.497670 | Best = 1.799197
0.2250742 -95.33799 446.6313 -507.1185[[1]]
          [,1]      [,2]     [,3]      [,4]
[1,] 0.2250742 -95.33799 446.6313 -507.1185

[[2]]
[1] 1.799197

GA | iter = 124 | Mean = 1.483052 | Best = 1.799197
0.2250742 -95.33799 446.6313 -507.1185[[1]]
          [,1]      [,2]     [,3]      [,4]
[1,] 0.2250742 -95.33799 446.6313 -507.1185

[[2]]
[1] 1.799197

GA | iter = 125 | Mean = 1.607392 | Best = 1.799197
0.2250742 -95.33799 446.6313 -507.1185[[1]]
          [,1]      [,2]     [,3]      [,4]
[1,] 0.2250742 -95.33799 446.6313 -507.1185

[[2]]
[1] 1.799197

GA | iter = 126 | Mean = 1.536625 | Best = 1.799197
0.2250742 -95.33799 446.6313 -507.1185[[1]]
          [,1]      [,2]     [,3]      [,4]
[1,] 0.2250742 -95.33799 446.6313 -507.1185

[[2]]
[1] 1.799197

GA | iter = 127 | Mean = 1.727067 | Best = 1.799197
0.2250742 -95.33799 446.6313 -507.1185[[1]]
          [,1]      [,2]     [,3]      [,4]
[1,] 0.2250742 -95.33799 446.6313 -507.1185

[[2]]
[1] 1.799197

GA | iter = 128 | Mean = 1.597146 | Best = 1.799197
0.2250742 -95.33799 446.6313 -507.1185[[1]]
          [,1]      [,2]     [,3]      [,4]
[1,] 0.2250742 -95.33799 446.6313 -507.1185

[[2]]
[1] 1.799197

GA | iter = 129 | Mean = 1.527805 | Best = 1.799197
0.2250742 -95.33799 446.6313 -507.1185[[1]]
          [,1]      [,2]     [,3]      [,4]
[1,] 0.2250742 -95.33799 446.6313 -507.1185

[[2]]
[1] 1.799197

GA | iter = 130 | Mean = 1.530492 | Best = 1.799197
0.2250742 -95.33799 446.6313 -507.1185[[1]]
          [,1]      [,2]     [,3]      [,4]
[1,] 0.2250742 -95.33799 446.6313 -507.1185

[[2]]
[1] 1.799197

GA | iter = 131 | Mean = 1.625910 | Best = 1.799197
0.2250742 -95.33799 446.6313 -507.1185[[1]]
          [,1]      [,2]     [,3]      [,4]
[1,] 0.2250742 -95.33799 446.6313 -507.1185

[[2]]
[1] 1.799197

GA | iter = 132 | Mean = 1.665497 | Best = 1.799197
0.2250742 -95.33799 446.6313 -507.1185[[1]]
          [,1]      [,2]     [,3]      [,4]
[1,] 0.2250742 -95.33799 446.6313 -507.1185

[[2]]
[1] 1.799197

GA | iter = 133 | Mean = 1.529776 | Best = 1.799197
0.2250742 -95.33799 446.6313 -507.1185[[1]]
          [,1]      [,2]     [,3]      [,4]
[1,] 0.2250742 -95.33799 446.6313 -507.1185

[[2]]
[1] 1.799197

GA | iter = 134 | Mean = 1.590979 | Best = 1.799197
0.2250742 -95.33799 446.6313 -507.1185[[1]]
          [,1]      [,2]     [,3]      [,4]
[1,] 0.2250742 -95.33799 446.6313 -507.1185

[[2]]
[1] 1.799197

GA | iter = 135 | Mean = 1.509835 | Best = 1.799197
0.2250742 -95.33799 446.6313 -507.1185[[1]]
          [,1]      [,2]     [,3]      [,4]
[1,] 0.2250742 -95.33799 446.6313 -507.1185

[[2]]
[1] 1.799197

GA | iter = 136 | Mean = 1.722352 | Best = 1.799197
0.2250742 -95.33799 446.6313 -507.1185[[1]]
          [,1]      [,2]     [,3]      [,4]
[1,] 0.2250742 -95.33799 446.6313 -507.1185

[[2]]
[1] 1.799197

GA | iter = 137 | Mean = 1.474892 | Best = 1.799197
0.2250742 -95.33799 446.6313 -507.1185[[1]]
          [,1]      [,2]     [,3]      [,4]
[1,] 0.2250742 -95.33799 446.6313 -507.1185

[[2]]
[1] 1.799197

GA | iter = 138 | Mean = 1.390392 | Best = 1.799197
0.3411206 -95.33799 446.6313 -507.1185[[1]]
          [,1]      [,2]     [,3]      [,4]
[1,] 0.3411206 -95.33799 446.6313 -507.1185

[[2]]
[1] 1.799222

GA | iter = 139 | Mean = 1.512576 | Best = 1.799222
0.3411206 -95.33799 446.6313 -507.1185[[1]]
          [,1]      [,2]     [,3]      [,4]
[1,] 0.3411206 -95.33799 446.6313 -507.1185

[[2]]
[1] 1.799222

GA | iter = 140 | Mean = 1.542985 | Best = 1.799222
0.2250742 -93.45828 446.6313 -507.1185[[1]]
          [,1]      [,2]     [,3]      [,4]
[1,] 0.2250742 -93.45828 446.6313 -507.1185

[[2]]
[1] 1.799232

GA | iter = 141 | Mean = 1.577337 | Best = 1.799232
0.2250742 -93.45828 446.6313 -507.1185[[1]]
          [,1]      [,2]     [,3]      [,4]
[1,] 0.2250742 -93.45828 446.6313 -507.1185

[[2]]
[1] 1.799232

GA | iter = 142 | Mean = 1.566675 | Best = 1.799232
0.2250742 -93.45828 446.6313 -507.1185[[1]]
          [,1]      [,2]     [,3]      [,4]
[1,] 0.2250742 -93.45828 446.6313 -507.1185

[[2]]
[1] 1.799232

GA | iter = 143 | Mean = 1.569891 | Best = 1.799232
0.2250742 -93.45828 446.6313 -507.1185[[1]]
          [,1]      [,2]     [,3]      [,4]
[1,] 0.2250742 -93.45828 446.6313 -507.1185

[[2]]
[1] 1.799232

GA | iter = 144 | Mean = 1.588134 | Best = 1.799232
0.2250742 -93.45828 446.6313 -507.1185[[1]]
          [,1]      [,2]     [,3]      [,4]
[1,] 0.2250742 -93.45828 446.6313 -507.1185

[[2]]
[1] 1.799232

GA | iter = 145 | Mean = 1.454590 | Best = 1.799232
0.2250742 -93.45828 446.6313 -507.1185[[1]]
          [,1]      [,2]     [,3]      [,4]
[1,] 0.2250742 -93.45828 446.6313 -507.1185

[[2]]
[1] 1.799232

GA | iter = 146 | Mean = 1.509823 | Best = 1.799232
0.2250742 -93.45828 446.6313 -507.1185[[1]]
          [,1]      [,2]     [,3]      [,4]
[1,] 0.2250742 -93.45828 446.6313 -507.1185

[[2]]
[1] 1.799232

GA | iter = 147 | Mean = 1.627495 | Best = 1.799232
0.2250742 -93.45828 446.6313 -507.1185[[1]]
          [,1]      [,2]     [,3]      [,4]
[1,] 0.2250742 -93.45828 446.6313 -507.1185

[[2]]
[1] 1.799232

GA | iter = 148 | Mean = 1.628166 | Best = 1.799232
0.2250742 -93.45828 446.6313 -507.1185[[1]]
          [,1]      [,2]     [,3]      [,4]
[1,] 0.2250742 -93.45828 446.6313 -507.1185

[[2]]
[1] 1.799232

GA | iter = 149 | Mean = 1.547813 | Best = 1.799232
0.2250742 -93.45828 446.6313 -507.1185[[1]]
          [,1]      [,2]     [,3]      [,4]
[1,] 0.2250742 -93.45828 446.6313 -507.1185

[[2]]
[1] 1.799232

GA | iter = 150 | Mean = 1.380485 | Best = 1.799232
0.2250742 -93.45828 446.6313 -507.1185[[1]]
          [,1]      [,2]     [,3]      [,4]
[1,] 0.2250742 -93.45828 446.6313 -507.1185

[[2]]
[1] 1.799232

GA | iter = 151 | Mean = 1.671389 | Best = 1.799232
0.2250742 -93.45828 446.6313 -507.1185[[1]]
          [,1]      [,2]     [,3]      [,4]
[1,] 0.2250742 -93.45828 446.6313 -507.1185

[[2]]
[1] 1.799232

GA | iter = 152 | Mean = 1.671842 | Best = 1.799232
0.2250742 -93.45828 446.6313 -507.1185[[1]]
          [,1]      [,2]     [,3]      [,4]
[1,] 0.2250742 -93.45828 446.6313 -507.1185

[[2]]
[1] 1.799232

GA | iter = 153 | Mean = 1.690077 | Best = 1.799232
0.2250742 -93.45828 446.6313 -507.1185[[1]]
          [,1]      [,2]     [,3]      [,4]
[1,] 0.2250742 -93.45828 446.6313 -507.1185

[[2]]
[1] 1.799232

GA | iter = 154 | Mean = 1.629891 | Best = 1.799232
0.2250742 -93.45828 446.6313 -507.1185[[1]]
          [,1]      [,2]     [,3]      [,4]
[1,] 0.2250742 -93.45828 446.6313 -507.1185

[[2]]
[1] 1.799232

GA | iter = 155 | Mean = 1.544400 | Best = 1.799232
0.2250742 -93.45828 446.6313 -507.1185[[1]]
          [,1]      [,2]     [,3]      [,4]
[1,] 0.2250742 -93.45828 446.6313 -507.1185

[[2]]
[1] 1.799232

GA | iter = 156 | Mean = 1.547472 | Best = 1.799232
0.2250742 -93.45828 446.6313 -507.1185[[1]]
          [,1]      [,2]     [,3]      [,4]
[1,] 0.2250742 -93.45828 446.6313 -507.1185

[[2]]
[1] 1.799232

GA | iter = 157 | Mean = 1.604579 | Best = 1.799232
0.2250742 -93.45828 446.6313 -507.1185[[1]]
          [,1]      [,2]     [,3]      [,4]
[1,] 0.2250742 -93.45828 446.6313 -507.1185

[[2]]
[1] 1.799232

GA | iter = 158 | Mean = 1.507984 | Best = 1.799232
0.2250742 -93.45828 446.6313 -507.1185[[1]]
          [,1]      [,2]     [,3]      [,4]
[1,] 0.2250742 -93.45828 446.6313 -507.1185

[[2]]
[1] 1.799232

GA | iter = 159 | Mean = 1.552941 | Best = 1.799232
0.2250742 -93.45828 446.6313 -507.1185[[1]]
          [,1]      [,2]     [,3]      [,4]
[1,] 0.2250742 -93.45828 446.6313 -507.1185

[[2]]
[1] 1.799232

GA | iter = 160 | Mean = 1.516888 | Best = 1.799232
0.2250742 -93.45828 446.6313 -507.1185[[1]]
          [,1]      [,2]     [,3]      [,4]
[1,] 0.2250742 -93.45828 446.6313 -507.1185

[[2]]
[1] 1.799232

GA | iter = 161 | Mean = 1.639286 | Best = 1.799232
0.2250742 -93.45828 446.6313 -507.1185[[1]]
          [,1]      [,2]     [,3]      [,4]
[1,] 0.2250742 -93.45828 446.6313 -507.1185

[[2]]
[1] 1.799232

GA | iter = 162 | Mean = 1.378669 | Best = 1.799232
0.2250742 -93.45828 446.6313 -507.1185[[1]]
          [,1]      [,2]     [,3]      [,4]
[1,] 0.2250742 -93.45828 446.6313 -507.1185

[[2]]
[1] 1.799232

GA | iter = 163 | Mean = 1.607295 | Best = 1.799232
0.3409163 -94.08234 446.6313 -507.1185[[1]]
          [,1]      [,2]     [,3]      [,4]
[1,] 0.3409163 -94.08234 446.6313 -507.1185

[[2]]
[1] 1.79924

GA | iter = 164 | Mean = 1.540519 | Best = 1.799240
0.3409163 -94.08234 446.6313 -507.1185[[1]]
          [,1]      [,2]     [,3]      [,4]
[1,] 0.3409163 -94.08234 446.6313 -507.1185

[[2]]
[1] 1.79924

GA | iter = 165 | Mean = 1.576162 | Best = 1.799240
0.3409163 -94.08234 446.6313 -507.1185[[1]]
          [,1]      [,2]     [,3]      [,4]
[1,] 0.3409163 -94.08234 446.6313 -507.1185

[[2]]
[1] 1.79924

GA | iter = 166 | Mean = 1.62275 | Best = 1.79924
0.3409163 -94.08234 446.6313 -507.1185[[1]]
          [,1]      [,2]     [,3]      [,4]
[1,] 0.3409163 -94.08234 446.6313 -507.1185

[[2]]
[1] 1.79924

GA | iter = 167 | Mean = 1.570282 | Best = 1.799240
0.3409163 -94.08234 446.6313 -507.1185[[1]]
          [,1]      [,2]     [,3]      [,4]
[1,] 0.3409163 -94.08234 446.6313 -507.1185

[[2]]
[1] 1.79924

GA | iter = 168 | Mean = 1.627598 | Best = 1.799240
0.3409163 -94.08234 446.6313 -507.1185[[1]]
          [,1]      [,2]     [,3]      [,4]
[1,] 0.3409163 -94.08234 446.6313 -507.1185

[[2]]
[1] 1.79924

GA | iter = 169 | Mean = 1.687434 | Best = 1.799240
0.3409163 -94.08234 446.6313 -507.1185[[1]]
          [,1]      [,2]     [,3]      [,4]
[1,] 0.3409163 -94.08234 446.6313 -507.1185

[[2]]
[1] 1.79924

GA | iter = 170 | Mean = 1.515276 | Best = 1.799240
0.3409163 -94.08234 446.6313 -507.1185[[1]]
          [,1]      [,2]     [,3]      [,4]
[1,] 0.3409163 -94.08234 446.6313 -507.1185

[[2]]
[1] 1.79924

GA | iter = 171 | Mean = 1.599501 | Best = 1.799240
0.3409163 -94.08234 446.6313 -507.1185[[1]]
          [,1]      [,2]     [,3]      [,4]
[1,] 0.3409163 -94.08234 446.6313 -507.1185

[[2]]
[1] 1.79924

GA | iter = 172 | Mean = 1.434683 | Best = 1.799240
0.3409163 -94.08234 446.6313 -507.1185[[1]]
          [,1]      [,2]     [,3]      [,4]
[1,] 0.3409163 -94.08234 446.6313 -507.1185

[[2]]
[1] 1.79924

GA | iter = 173 | Mean = 1.529764 | Best = 1.799240
0.3409163 -94.08234 446.6313 -507.1185[[1]]
          [,1]      [,2]     [,3]      [,4]
[1,] 0.3409163 -94.08234 446.6313 -507.1185

[[2]]
[1] 1.79924

GA | iter = 174 | Mean = 1.519745 | Best = 1.799240
0.3409163 -94.08234 446.6313 -507.1185[[1]]
          [,1]      [,2]     [,3]      [,4]
[1,] 0.3409163 -94.08234 446.6313 -507.1185

[[2]]
[1] 1.79924

GA | iter = 175 | Mean = 1.48945 | Best = 1.79924
0.3409163 -94.08234 446.6313 -507.1185[[1]]
          [,1]      [,2]     [,3]      [,4]
[1,] 0.3409163 -94.08234 446.6313 -507.1185

[[2]]
[1] 1.79924

GA | iter = 176 | Mean = 1.475521 | Best = 1.799240
0.8058716 -94.08234 446.6313 -507.1185[[1]]
          [,1]      [,2]     [,3]      [,4]
[1,] 0.8058716 -94.08234 446.6313 -507.1185

[[2]]
[1] 1.79925

GA | iter = 177 | Mean = 1.61733 | Best = 1.79925
0.8058716 -94.08234 446.6313 -507.1185[[1]]
          [,1]      [,2]     [,3]      [,4]
[1,] 0.8058716 -94.08234 446.6313 -507.1185

[[2]]
[1] 1.79925

GA | iter = 178 | Mean = 1.388834 | Best = 1.799250
0.8058716 -94.08234 446.6313 -507.1185[[1]]
          [,1]      [,2]     [,3]      [,4]
[1,] 0.8058716 -94.08234 446.6313 -507.1185

[[2]]
[1] 1.79925

GA | iter = 179 | Mean = 1.671426 | Best = 1.799250
0.6390308 -94.08234 446.6313 -507.1185[[1]]
          [,1]      [,2]     [,3]      [,4]
[1,] 0.6390308 -94.08234 446.6313 -507.1185

[[2]]
[1] 1.799255

GA | iter = 180 | Mean = 1.535295 | Best = 1.799255
0.6390308 -94.08234 446.6313 -507.1185[[1]]
          [,1]      [,2]     [,3]      [,4]
[1,] 0.6390308 -94.08234 446.6313 -507.1185

[[2]]
[1] 1.799255

GA | iter = 181 | Mean = 1.520423 | Best = 1.799255
0.6390308 -94.08234 446.6313 -507.1185[[1]]
          [,1]      [,2]     [,3]      [,4]
[1,] 0.6390308 -94.08234 446.6313 -507.1185

[[2]]
[1] 1.799255

GA | iter = 182 | Mean = 1.487546 | Best = 1.799255
0.6390308 -94.08234 446.6313 -507.1185[[1]]
          [,1]      [,2]     [,3]      [,4]
[1,] 0.6390308 -94.08234 446.6313 -507.1185

[[2]]
[1] 1.799255

GA | iter = 183 | Mean = 1.494236 | Best = 1.799255
0.6390308 -94.08234 446.6313 -507.1185[[1]]
          [,1]      [,2]     [,3]      [,4]
[1,] 0.6390308 -94.08234 446.6313 -507.1185

[[2]]
[1] 1.799255

GA | iter = 184 | Mean = 1.528435 | Best = 1.799255
0.6390308 -94.08234 446.6313 -507.1185[[1]]
          [,1]      [,2]     [,3]      [,4]
[1,] 0.6390308 -94.08234 446.6313 -507.1185

[[2]]
[1] 1.799255

GA | iter = 185 | Mean = 1.563514 | Best = 1.799255
0.6390308 -94.08234 446.6313 -507.1185[[1]]
          [,1]      [,2]     [,3]      [,4]
[1,] 0.6390308 -94.08234 446.6313 -507.1185

[[2]]
[1] 1.799255

GA | iter = 186 | Mean = 1.677357 | Best = 1.799255
0.6390308 -94.08234 446.6313 -507.1185[[1]]
          [,1]      [,2]     [,3]      [,4]
[1,] 0.6390308 -94.08234 446.6313 -507.1185

[[2]]
[1] 1.799255

GA | iter = 187 | Mean = 1.587098 | Best = 1.799255
0.6390308 -94.08234 446.6313 -507.1185[[1]]
          [,1]      [,2]     [,3]      [,4]
[1,] 0.6390308 -94.08234 446.6313 -507.1185

[[2]]
[1] 1.799255

GA | iter = 188 | Mean = 1.603647 | Best = 1.799255
0.6390308 -94.08234 446.6313 -507.1185[[1]]
          [,1]      [,2]     [,3]      [,4]
[1,] 0.6390308 -94.08234 446.6313 -507.1185

[[2]]
[1] 1.799255

GA | iter = 189 | Mean = 1.595211 | Best = 1.799255
0.6390308 -94.08234 446.6313 -507.1185[[1]]
          [,1]      [,2]     [,3]      [,4]
[1,] 0.6390308 -94.08234 446.6313 -507.1185

[[2]]
[1] 1.799255

GA | iter = 190 | Mean = 1.640869 | Best = 1.799255
0.6390308 -94.08234 446.6313 -507.1185[[1]]
          [,1]      [,2]     [,3]      [,4]
[1,] 0.6390308 -94.08234 446.6313 -507.1185

[[2]]
[1] 1.799255

GA | iter = 191 | Mean = 1.481604 | Best = 1.799255
0.6390308 -94.08234 446.6313 -507.1185[[1]]
          [,1]      [,2]     [,3]      [,4]
[1,] 0.6390308 -94.08234 446.6313 -507.1185

[[2]]
[1] 1.799255

GA | iter = 192 | Mean = 1.616498 | Best = 1.799255
0.6390308 -94.08234 446.6313 -507.1185[[1]]
          [,1]      [,2]     [,3]      [,4]
[1,] 0.6390308 -94.08234 446.6313 -507.1185

[[2]]
[1] 1.799255

GA | iter = 193 | Mean = 1.503864 | Best = 1.799255
0.6390308 -94.08234 446.6313 -507.1185[[1]]
          [,1]      [,2]     [,3]      [,4]
[1,] 0.6390308 -94.08234 446.6313 -507.1185

[[2]]
[1] 1.799255

GA | iter = 194 | Mean = 1.427795 | Best = 1.799255
0.6390308 -94.08234 446.6313 -507.1185[[1]]
          [,1]      [,2]     [,3]      [,4]
[1,] 0.6390308 -94.08234 446.6313 -507.1185

[[2]]
[1] 1.799255

GA | iter = 195 | Mean = 1.685203 | Best = 1.799255
0.6390308 -94.08234 446.6313 -507.1185[[1]]
          [,1]      [,2]     [,3]      [,4]
[1,] 0.6390308 -94.08234 446.6313 -507.1185

[[2]]
[1] 1.799255

GA | iter = 196 | Mean = 1.561510 | Best = 1.799255
0.6390308 -94.08234 446.6313 -507.1185[[1]]
          [,1]      [,2]     [,3]      [,4]
[1,] 0.6390308 -94.08234 446.6313 -507.1185

[[2]]
[1] 1.799255

GA | iter = 197 | Mean = 1.689736 | Best = 1.799255
0.6390308 -94.08234 446.6313 -507.1185[[1]]
          [,1]      [,2]     [,3]      [,4]
[1,] 0.6390308 -94.08234 446.6313 -507.1185

[[2]]
[1] 1.799255

GA | iter = 198 | Mean = 1.582721 | Best = 1.799255
0.6390308 -94.08234 446.6313 -507.1185[[1]]
          [,1]      [,2]     [,3]      [,4]
[1,] 0.6390308 -94.08234 446.6313 -507.1185

[[2]]
[1] 1.799255

GA | iter = 199 | Mean = 1.522147 | Best = 1.799255
0.6390308 -94.08234 446.6313 -507.1185[[1]]
          [,1]      [,2]     [,3]      [,4]
[1,] 0.6390308 -94.08234 446.6313 -507.1185

[[2]]
[1] 1.799255

GA | iter = 200 | Mean = 1.601707 | Best = 1.799255
0.6390308 -94.08234 446.6313 -507.1185[[1]]
          [,1]      [,2]     [,3]      [,4]
[1,] 0.6390308 -94.08234 446.6313 -507.1185

[[2]]
[1] 1.799255

GA | iter = 201 | Mean = 1.582272 | Best = 1.799255
0.6390308 -94.08234 446.6313 -507.1185[[1]]
          [,1]      [,2]     [,3]      [,4]
[1,] 0.6390308 -94.08234 446.6313 -507.1185

[[2]]
[1] 1.799255

GA | iter = 202 | Mean = 1.625908 | Best = 1.799255
0.6390308 -94.08234 446.6313 -507.1185[[1]]
          [,1]      [,2]     [,3]      [,4]
[1,] 0.6390308 -94.08234 446.6313 -507.1185

[[2]]
[1] 1.799255

GA | iter = 203 | Mean = 1.679217 | Best = 1.799255
0.6390308 -94.08234 446.6313 -507.1185[[1]]
          [,1]      [,2]     [,3]      [,4]
[1,] 0.6390308 -94.08234 446.6313 -507.1185

[[2]]
[1] 1.799255

GA | iter = 204 | Mean = 1.588338 | Best = 1.799255
0.6390308 -94.08234 446.6313 -507.1185[[1]]
          [,1]      [,2]     [,3]      [,4]
[1,] 0.6390308 -94.08234 446.6313 -507.1185

[[2]]
[1] 1.799255

GA | iter = 205 | Mean = 1.538288 | Best = 1.799255
0.6390308 -94.08234 446.6313 -507.1185[[1]]
          [,1]      [,2]     [,3]      [,4]
[1,] 0.6390308 -94.08234 446.6313 -507.1185

[[2]]
[1] 1.799255

GA | iter = 206 | Mean = 1.594317 | Best = 1.799255
0.6390308 -94.08234 446.6313 -507.1185[[1]]
          [,1]      [,2]     [,3]      [,4]
[1,] 0.6390308 -94.08234 446.6313 -507.1185

[[2]]
[1] 1.799255

GA | iter = 207 | Mean = 1.497614 | Best = 1.799255
0.6390308 -94.08234 446.6313 -507.1185[[1]]
          [,1]      [,2]     [,3]      [,4]
[1,] 0.6390308 -94.08234 446.6313 -507.1185

[[2]]
[1] 1.799255

GA | iter = 208 | Mean = 1.587780 | Best = 1.799255
0.6390308 -94.08234 446.6313 -507.1185[[1]]
          [,1]      [,2]     [,3]      [,4]
[1,] 0.6390308 -94.08234 446.6313 -507.1185

[[2]]
[1] 1.799255

GA | iter = 209 | Mean = 1.695227 | Best = 1.799255
0.6390308 -94.08234 446.6313 -507.1185[[1]]
          [,1]      [,2]     [,3]      [,4]
[1,] 0.6390308 -94.08234 446.6313 -507.1185

[[2]]
[1] 1.799255

GA | iter = 210 | Mean = 1.455443 | Best = 1.799255
0.6390308 -94.08234 446.6313 -507.1185[[1]]
          [,1]      [,2]     [,3]      [,4]
[1,] 0.6390308 -94.08234 446.6313 -507.1185

[[2]]
[1] 1.799255

GA | iter = 211 | Mean = 1.708732 | Best = 1.799255
0.6390308 -94.08234 446.6313 -507.1185[[1]]
          [,1]      [,2]     [,3]      [,4]
[1,] 0.6390308 -94.08234 446.6313 -507.1185

[[2]]
[1] 1.799255

GA | iter = 212 | Mean = 1.579341 | Best = 1.799255
0.6390308 -94.08234 446.6313 -507.1185[[1]]
          [,1]      [,2]     [,3]      [,4]
[1,] 0.6390308 -94.08234 446.6313 -507.1185

[[2]]
[1] 1.799255

GA | iter = 213 | Mean = 1.635476 | Best = 1.799255
0.6390308 -94.08234 446.6313 -507.1185[[1]]
          [,1]      [,2]     [,3]      [,4]
[1,] 0.6390308 -94.08234 446.6313 -507.1185

[[2]]
[1] 1.799255

GA | iter = 214 | Mean = 1.504172 | Best = 1.799255
0.6390308 -94.08234 446.6313 -507.1185[[1]]
          [,1]      [,2]     [,3]      [,4]
[1,] 0.6390308 -94.08234 446.6313 -507.1185

[[2]]
[1] 1.799255

GA | iter = 215 | Mean = 1.713499 | Best = 1.799255
0.6390308 -94.08234 446.6313 -507.1185[[1]]
          [,1]      [,2]     [,3]      [,4]
[1,] 0.6390308 -94.08234 446.6313 -507.1185

[[2]]
[1] 1.799255

GA | iter = 216 | Mean = 1.531974 | Best = 1.799255
0.6390308 -94.08234 446.6313 -507.1185[[1]]
          [,1]      [,2]     [,3]      [,4]
[1,] 0.6390308 -94.08234 446.6313 -507.1185

[[2]]
[1] 1.799255

GA | iter = 217 | Mean = 1.710799 | Best = 1.799255
0.6390308 -94.08234 446.6313 -507.1185[[1]]
          [,1]      [,2]     [,3]      [,4]
[1,] 0.6390308 -94.08234 446.6313 -507.1185

[[2]]
[1] 1.799255

GA | iter = 218 | Mean = 1.566556 | Best = 1.799255
0.6390308 -94.08234 446.6313 -507.1185[[1]]
          [,1]      [,2]     [,3]      [,4]
[1,] 0.6390308 -94.08234 446.6313 -507.1185

[[2]]
[1] 1.799255

GA | iter = 219 | Mean = 1.518383 | Best = 1.799255
0.6390308 -94.08234 446.6313 -507.1185[[1]]
          [,1]      [,2]     [,3]      [,4]
[1,] 0.6390308 -94.08234 446.6313 -507.1185

[[2]]
[1] 1.799255

GA | iter = 220 | Mean = 1.692056 | Best = 1.799255
0.6390308 -94.08234 446.6313 -507.1185[[1]]
          [,1]      [,2]     [,3]      [,4]
[1,] 0.6390308 -94.08234 446.6313 -507.1185

[[2]]
[1] 1.799255

GA | iter = 221 | Mean = 1.482974 | Best = 1.799255
0.6390308 -94.08234 446.6313 -507.1185[[1]]
          [,1]      [,2]     [,3]      [,4]
[1,] 0.6390308 -94.08234 446.6313 -507.1185

[[2]]
[1] 1.799255

GA | iter = 222 | Mean = 1.550552 | Best = 1.799255
0.6390308 -94.08234 446.6313 -507.1185[[1]]
          [,1]      [,2]     [,3]      [,4]
[1,] 0.6390308 -94.08234 446.6313 -507.1185

[[2]]
[1] 1.799255

GA | iter = 223 | Mean = 1.586081 | Best = 1.799255
0.6390308 -94.08234 446.6313 -507.1185[[1]]
          [,1]      [,2]     [,3]      [,4]
[1,] 0.6390308 -94.08234 446.6313 -507.1185

[[2]]
[1] 1.799255

GA | iter = 224 | Mean = 1.623653 | Best = 1.799255
0.6390308 -94.08234 446.6313 -507.1185[[1]]
          [,1]      [,2]     [,3]      [,4]
[1,] 0.6390308 -94.08234 446.6313 -507.1185

[[2]]
[1] 1.799255

GA | iter = 225 | Mean = 1.619387 | Best = 1.799255
0.6390308 -94.08234 446.6313 -507.1185[[1]]
          [,1]      [,2]     [,3]      [,4]
[1,] 0.6390308 -94.08234 446.6313 -507.1185

[[2]]
[1] 1.799255

GA | iter = 226 | Mean = 1.529569 | Best = 1.799255
0.6390308 -94.08234 446.6313 -507.1185[[1]]
          [,1]      [,2]     [,3]      [,4]
[1,] 0.6390308 -94.08234 446.6313 -507.1185

[[2]]
[1] 1.799255

GA | iter = 227 | Mean = 1.565815 | Best = 1.799255
0.6390308 -94.08234 446.6313 -507.1185[[1]]
          [,1]      [,2]     [,3]      [,4]
[1,] 0.6390308 -94.08234 446.6313 -507.1185

[[2]]
[1] 1.799255

GA | iter = 228 | Mean = 1.494399 | Best = 1.799255
0.6390308 -94.08234 446.6313 -507.1185[[1]]
          [,1]      [,2]     [,3]      [,4]
[1,] 0.6390308 -94.08234 446.6313 -507.1185

[[2]]
[1] 1.799255

GA | iter = 229 | Mean = 1.555957 | Best = 1.799255
0.6390308 -94.08234 446.6313 -507.1185[[1]]
          [,1]      [,2]     [,3]      [,4]
[1,] 0.6390308 -94.08234 446.6313 -507.1185

[[2]]
[1] 1.799255

GA | iter = 230 | Mean = 1.532466 | Best = 1.799255
0.6390308 -94.08234 446.6313 -507.1185[[1]]
          [,1]      [,2]     [,3]      [,4]
[1,] 0.6390308 -94.08234 446.6313 -507.1185

[[2]]
[1] 1.799255

GA | iter = 231 | Mean = 1.741064 | Best = 1.799255
0.6390308 -94.08234 446.6313 -507.1185[[1]]
          [,1]      [,2]     [,3]      [,4]
[1,] 0.6390308 -94.08234 446.6313 -507.1185

[[2]]
[1] 1.799255

GA | iter = 232 | Mean = 1.598029 | Best = 1.799255
0.6390308 -94.08234 446.6313 -507.1185[[1]]
          [,1]      [,2]     [,3]      [,4]
[1,] 0.6390308 -94.08234 446.6313 -507.1185

[[2]]
[1] 1.799255

GA | iter = 233 | Mean = 1.493841 | Best = 1.799255
0.6390308 -94.08234 446.6313 -507.1185[[1]]
          [,1]      [,2]     [,3]      [,4]
[1,] 0.6390308 -94.08234 446.6313 -507.1185

[[2]]
[1] 1.799255

GA | iter = 234 | Mean = 1.618633 | Best = 1.799255
0.6390308 -94.08234 446.6313 -507.1185[[1]]
          [,1]      [,2]     [,3]      [,4]
[1,] 0.6390308 -94.08234 446.6313 -507.1185

[[2]]
[1] 1.799255

GA | iter = 235 | Mean = 1.643964 | Best = 1.799255
0.6390308 -94.08234 446.6313 -507.1185[[1]]
          [,1]      [,2]     [,3]      [,4]
[1,] 0.6390308 -94.08234 446.6313 -507.1185

[[2]]
[1] 1.799255

GA | iter = 236 | Mean = 1.593860 | Best = 1.799255
0.6390308 -94.08234 446.6313 -507.1185[[1]]
          [,1]      [,2]     [,3]      [,4]
[1,] 0.6390308 -94.08234 446.6313 -507.1185

[[2]]
[1] 1.799255

GA | iter = 237 | Mean = 1.572992 | Best = 1.799255
0.6390308 -94.08234 446.6313 -507.1185[[1]]
          [,1]      [,2]     [,3]      [,4]
[1,] 0.6390308 -94.08234 446.6313 -507.1185

[[2]]
[1] 1.799255

GA | iter = 238 | Mean = 1.675097 | Best = 1.799255
0.6390308 -94.08234 446.6313 -507.1185[[1]]
          [,1]      [,2]     [,3]      [,4]
[1,] 0.6390308 -94.08234 446.6313 -507.1185

[[2]]
[1] 1.799255

GA | iter = 239 | Mean = 1.692351 | Best = 1.799255
0.6390308 -94.08234 446.6313 -507.1185[[1]]
          [,1]      [,2]     [,3]      [,4]
[1,] 0.6390308 -94.08234 446.6313 -507.1185

[[2]]
[1] 1.799255

GA | iter = 240 | Mean = 1.553738 | Best = 1.799255
0.6390308 -94.08234 446.6313 -507.1185[[1]]
          [,1]      [,2]     [,3]      [,4]
[1,] 0.6390308 -94.08234 446.6313 -507.1185

[[2]]
[1] 1.799255

GA | iter = 241 | Mean = 1.499645 | Best = 1.799255
0.6390308 -94.08234 446.6313 -507.1185[[1]]
          [,1]      [,2]     [,3]      [,4]
[1,] 0.6390308 -94.08234 446.6313 -507.1185

[[2]]
[1] 1.799255

GA | iter = 242 | Mean = 1.655915 | Best = 1.799255
0.6390308 -94.08234 446.6313 -507.1185[[1]]
          [,1]      [,2]     [,3]      [,4]
[1,] 0.6390308 -94.08234 446.6313 -507.1185

[[2]]
[1] 1.799255

GA | iter = 243 | Mean = 1.567124 | Best = 1.799255
0.6390308 -94.08234 446.6313 -507.1185[[1]]
          [,1]      [,2]     [,3]      [,4]
[1,] 0.6390308 -94.08234 446.6313 -507.1185

[[2]]
[1] 1.799255

GA | iter = 244 | Mean = 1.628918 | Best = 1.799255
0.6390308 -94.08234 446.6313 -507.1185[[1]]
          [,1]      [,2]     [,3]      [,4]
[1,] 0.6390308 -94.08234 446.6313 -507.1185

[[2]]
[1] 1.799255

GA | iter = 245 | Mean = 1.468865 | Best = 1.799255
0.6390308 -94.08234 446.6313 -507.1185[[1]]
          [,1]      [,2]     [,3]      [,4]
[1,] 0.6390308 -94.08234 446.6313 -507.1185

[[2]]
[1] 1.799255

GA | iter = 246 | Mean = 1.529686 | Best = 1.799255
0.6390308 -94.08234 446.6313 -507.1185[[1]]
          [,1]      [,2]     [,3]      [,4]
[1,] 0.6390308 -94.08234 446.6313 -507.1185

[[2]]
[1] 1.799255

GA | iter = 247 | Mean = 1.486091 | Best = 1.799255
0.6390308 -94.08234 446.6313 -507.1185[[1]]
          [,1]      [,2]     [,3]      [,4]
[1,] 0.6390308 -94.08234 446.6313 -507.1185

[[2]]
[1] 1.799255

GA | iter = 248 | Mean = 1.604010 | Best = 1.799255
0.6390308 -94.08234 446.6313 -507.1185[[1]]
          [,1]      [,2]     [,3]      [,4]
[1,] 0.6390308 -94.08234 446.6313 -507.1185

[[2]]
[1] 1.799255

GA | iter = 249 | Mean = 1.453428 | Best = 1.799255
0.6390308 -94.08234 446.6313 -507.1185[[1]]
          [,1]      [,2]     [,3]      [,4]
[1,] 0.6390308 -94.08234 446.6313 -507.1185

[[2]]
[1] 1.799255

GA | iter = 250 | Mean = 1.557731 | Best = 1.799255
0.6390308 -94.08234 446.6313 -507.1185[[1]]
          [,1]      [,2]     [,3]      [,4]
[1,] 0.6390308 -94.08234 446.6313 -507.1185

[[2]]
[1] 1.799255

GA | iter = 251 | Mean = 1.629615 | Best = 1.799255
0.6390308 -94.08234 446.6313 -507.1185[[1]]
          [,1]      [,2]     [,3]      [,4]
[1,] 0.6390308 -94.08234 446.6313 -507.1185

[[2]]
[1] 1.799255

GA | iter = 252 | Mean = 1.502930 | Best = 1.799255
0.6390308 -94.08234 446.6313 -507.1185[[1]]
          [,1]      [,2]     [,3]      [,4]
[1,] 0.6390308 -94.08234 446.6313 -507.1185

[[2]]
[1] 1.799255

GA | iter = 253 | Mean = 1.613004 | Best = 1.799255
0.6390308 -94.08234 446.6313 -507.1185[[1]]
          [,1]      [,2]     [,3]      [,4]
[1,] 0.6390308 -94.08234 446.6313 -507.1185

[[2]]
[1] 1.799255

GA | iter = 254 | Mean = 1.573582 | Best = 1.799255
0.6390308 -94.08234 446.6313 -507.1185[[1]]
          [,1]      [,2]     [,3]      [,4]
[1,] 0.6390308 -94.08234 446.6313 -507.1185

[[2]]
[1] 1.799255

GA | iter = 255 | Mean = 1.528654 | Best = 1.799255
0.6390308 -94.08234 446.6313 -507.1185[[1]]
          [,1]      [,2]     [,3]      [,4]
[1,] 0.6390308 -94.08234 446.6313 -507.1185

[[2]]
[1] 1.799255

GA | iter = 256 | Mean = 1.537880 | Best = 1.799255
0.6390308 -94.08234 446.6313 -507.1185[[1]]
          [,1]      [,2]     [,3]      [,4]
[1,] 0.6390308 -94.08234 446.6313 -507.1185

[[2]]
[1] 1.799255

GA | iter = 257 | Mean = 1.634917 | Best = 1.799255
0.6390308 -94.08234 446.6313 -507.1185[[1]]
          [,1]      [,2]     [,3]      [,4]
[1,] 0.6390308 -94.08234 446.6313 -507.1185

[[2]]
[1] 1.799255

GA | iter = 258 | Mean = 1.387759 | Best = 1.799255
0.6390308 -94.08234 446.6313 -507.1185[[1]]
          [,1]      [,2]     [,3]      [,4]
[1,] 0.6390308 -94.08234 446.6313 -507.1185

[[2]]
[1] 1.799255

GA | iter = 259 | Mean = 1.488068 | Best = 1.799255
0.6390308 -94.08234 446.6313 -507.1185[[1]]
          [,1]      [,2]     [,3]      [,4]
[1,] 0.6390308 -94.08234 446.6313 -507.1185

[[2]]
[1] 1.799255

GA | iter = 260 | Mean = 1.568303 | Best = 1.799255
0.6390308 -94.08234 446.6313 -507.1185[[1]]
          [,1]      [,2]     [,3]      [,4]
[1,] 0.6390308 -94.08234 446.6313 -507.1185

[[2]]
[1] 1.799255

GA | iter = 261 | Mean = 1.619974 | Best = 1.799255
0.6390308 -94.08234 446.6313 -507.1185[[1]]
          [,1]      [,2]     [,3]      [,4]
[1,] 0.6390308 -94.08234 446.6313 -507.1185

[[2]]
[1] 1.799255

GA | iter = 262 | Mean = 1.643079 | Best = 1.799255
0.6390308 -94.08234 446.6313 -507.1185[[1]]
          [,1]      [,2]     [,3]      [,4]
[1,] 0.6390308 -94.08234 446.6313 -507.1185

[[2]]
[1] 1.799255

GA | iter = 263 | Mean = 1.634537 | Best = 1.799255
0.6390308 -94.08234 446.6313 -507.1185[[1]]
          [,1]      [,2]     [,3]      [,4]
[1,] 0.6390308 -94.08234 446.6313 -507.1185

[[2]]
[1] 1.799255

GA | iter = 264 | Mean = 1.664025 | Best = 1.799255
0.6390308 -94.08234 446.6313 -507.1185[[1]]
          [,1]      [,2]     [,3]      [,4]
[1,] 0.6390308 -94.08234 446.6313 -507.1185

[[2]]
[1] 1.799255

GA | iter = 265 | Mean = 1.613231 | Best = 1.799255
0.6390308 -94.08234 446.6313 -507.1185[[1]]
          [,1]      [,2]     [,3]      [,4]
[1,] 0.6390308 -94.08234 446.6313 -507.1185

[[2]]
[1] 1.799255

GA | iter = 266 | Mean = 1.503936 | Best = 1.799255
0.6390308 -94.08234 446.6313 -507.1185[[1]]
          [,1]      [,2]     [,3]      [,4]
[1,] 0.6390308 -94.08234 446.6313 -507.1185

[[2]]
[1] 1.799255

GA | iter = 267 | Mean = 1.558153 | Best = 1.799255
0.6390308 -94.08234 446.6313 -507.1185[[1]]
          [,1]      [,2]     [,3]      [,4]
[1,] 0.6390308 -94.08234 446.6313 -507.1185

[[2]]
[1] 1.799255

GA | iter = 268 | Mean = 1.722663 | Best = 1.799255
0.6390308 -94.08234 446.6313 -507.1185[[1]]
          [,1]      [,2]     [,3]      [,4]
[1,] 0.6390308 -94.08234 446.6313 -507.1185

[[2]]
[1] 1.799255

GA | iter = 269 | Mean = 1.567747 | Best = 1.799255
0.6390308 -94.08234 446.6313 -507.1185[[1]]
          [,1]      [,2]     [,3]      [,4]
[1,] 0.6390308 -94.08234 446.6313 -507.1185

[[2]]
[1] 1.799255

GA | iter = 270 | Mean = 1.606225 | Best = 1.799255
0.6390308 -94.08234 446.6313 -507.1185[[1]]
          [,1]      [,2]     [,3]      [,4]
[1,] 0.6390308 -94.08234 446.6313 -507.1185

[[2]]
[1] 1.799255

GA | iter = 271 | Mean = 1.538000 | Best = 1.799255
0.6390308 -94.08234 446.6313 -507.1185[[1]]
          [,1]      [,2]     [,3]      [,4]
[1,] 0.6390308 -94.08234 446.6313 -507.1185

[[2]]
[1] 1.799255

GA | iter = 272 | Mean = 1.738889 | Best = 1.799255
0.6390308 -94.08234 446.6313 -507.1185[[1]]
          [,1]      [,2]     [,3]      [,4]
[1,] 0.6390308 -94.08234 446.6313 -507.1185

[[2]]
[1] 1.799255

GA | iter = 273 | Mean = 1.670492 | Best = 1.799255
0.6390308 -94.08234 446.6313 -507.1185[[1]]
          [,1]      [,2]     [,3]      [,4]
[1,] 0.6390308 -94.08234 446.6313 -507.1185

[[2]]
[1] 1.799255

GA | iter = 274 | Mean = 1.506879 | Best = 1.799255
0.6390308 -94.08234 446.6313 -507.1185[[1]]
          [,1]      [,2]     [,3]      [,4]
[1,] 0.6390308 -94.08234 446.6313 -507.1185

[[2]]
[1] 1.799255

GA | iter = 275 | Mean = 1.631745 | Best = 1.799255
0.6390308 -94.08234 446.6313 -507.1185[[1]]
          [,1]      [,2]     [,3]      [,4]
[1,] 0.6390308 -94.08234 446.6313 -507.1185

[[2]]
[1] 1.799255

GA | iter = 276 | Mean = 1.444850 | Best = 1.799255
0.6390308 -94.08234 446.6313 -507.1185[[1]]
          [,1]      [,2]     [,3]      [,4]
[1,] 0.6390308 -94.08234 446.6313 -507.1185

[[2]]
[1] 1.799255

GA | iter = 277 | Mean = 1.391856 | Best = 1.799255
0.6390308 -94.08234 446.6313 -507.1185[[1]]
          [,1]      [,2]     [,3]      [,4]
[1,] 0.6390308 -94.08234 446.6313 -507.1185

[[2]]
[1] 1.799255

GA | iter = 278 | Mean = 1.593781 | Best = 1.799255
0.6390308 -94.08234 446.6313 -507.1185[[1]]
          [,1]      [,2]     [,3]      [,4]
[1,] 0.6390308 -94.08234 446.6313 -507.1185

[[2]]
[1] 1.799255

GA | iter = 279 | Mean = 1.640458 | Best = 1.799255

> stopCluster(cl)
> 
> print(list(ga_res@bestSol, ga_res@fitnessValue))
[[1]]
[[1]][[1]]
           [,1]      [,2]    [,3]      [,4]
[1,] 0.01071728 -73.25561 616.876 -712.8095

[[1]][[2]]
           [,1]      [,2]    [,3]      [,4]
[1,] 0.01071728 -73.25561 616.876 -712.8095

[[1]][[3]]
           [,1]      [,2]    [,3]      [,4]
[1,] 0.01071728 -73.25561 616.876 -712.8095

[[1]][[4]]
           [,1]      [,2]    [,3]      [,4]
[1,] 0.01071728 -73.25561 616.876 -712.8095

[[1]][[5]]
           [,1]      [,2]    [,3]      [,4]
[1,] 0.01071728 -73.25561 616.876 -712.8095

[[1]][[6]]
          [,1]      [,2]     [,3]      [,4]
[1,] 0.2049471 -44.64855 479.4628 -567.3568

[[1]][[7]]
          [,1]      [,2]     [,3]      [,4]
[1,] 0.2049471 -44.64855 479.4628 -567.3568

[[1]][[8]]
         [,1]      [,2]     [,3]      [,4]
[1,] 0.477994 -30.85975 449.4309 -540.1799

[[1]][[9]]
          [,1]      [,2]    [,3]      [,4]
[1,] 0.5631087 -1.005604 394.551 -484.8469

[[1]][[10]]
        [,1]      [,2]     [,3]      [,4]
[1,] 0.17909 -25.93484 434.7768 -526.5255

[[1]][[11]]
        [,1]      [,2]     [,3]      [,4]
[1,] 0.17909 -25.93484 434.7768 -526.5255

[[1]][[12]]
        [,1]      [,2]     [,3]      [,4]
[1,] 0.17909 -25.93484 434.7768 -526.5255

[[1]][[13]]
          [,1]      [,2]     [,3]      [,4]
[1,] 0.1611769 -12.88765 405.4362 -496.3701

[[1]][[14]]
          [,1]      [,2]     [,3]      [,4]
[1,] 0.1611769 -12.88765 405.4362 -496.3701

[[1]][[15]]
          [,1]      [,2]     [,3]      [,4]
[1,] 0.1611769 -12.88765 405.4362 -496.3701

[[1]][[16]]
          [,1]      [,2]     [,3]      [,4]
[1,] 0.1611769 -12.88765 405.4362 -496.3701

[[1]][[17]]
          [,1]      [,2]     [,3]      [,4]
[1,] 0.1611769 -12.88765 405.4362 -496.3701

[[1]][[18]]
          [,1]      [,2]     [,3]      [,4]
[1,] 0.1611769 -12.88765 405.4362 -496.3701

[[1]][[19]]
          [,1]      [,2]     [,3]      [,4]
[1,] 0.1611769 -12.88765 405.4362 -496.3701

[[1]][[20]]
          [,1]      [,2]     [,3]      [,4]
[1,] 0.1611769 -12.88765 405.4362 -496.3701

[[1]][[21]]
          [,1]      [,2]     [,3]      [,4]
[1,] 0.1611769 -12.88765 405.4362 -496.3701

[[1]][[22]]
          [,1]      [,2]     [,3]      [,4]
[1,] 0.1611769 -12.88765 405.4362 -496.3701

[[1]][[23]]
          [,1]      [,2]     [,3]      [,4]
[1,] 0.1611769 -12.88765 405.4362 -496.3701

[[1]][[24]]
          [,1]      [,2]     [,3]      [,4]
[1,] 0.1611769 -12.88765 405.4362 -496.3701

[[1]][[25]]
          [,1]      [,2]     [,3]      [,4]
[1,] 0.1611769 -12.88765 405.4362 -496.3701

[[1]][[26]]
          [,1]      [,2]     [,3]      [,4]
[1,] 0.1611769 -12.88765 405.4362 -496.3701

[[1]][[27]]
          [,1]      [,2]     [,3]      [,4]
[1,] 0.1611769 -12.88765 405.4362 -496.3701

[[1]][[28]]
          [,1]      [,2]     [,3]      [,4]
[1,] 0.1611769 -12.88765 405.4362 -496.3701

[[1]][[29]]
          [,1]      [,2]     [,3]      [,4]
[1,] 0.1611769 -12.88765 405.4362 -496.3701

[[1]][[30]]
          [,1]      [,2]     [,3]      [,4]
[1,] 0.1611769 -12.88765 405.4362 -496.3701

[[1]][[31]]
          [,1]      [,2]     [,3]      [,4]
[1,] 0.2298156 -48.09103 428.2718 -505.1829

[[1]][[32]]
          [,1]      [,2]     [,3]      [,4]
[1,] 0.2001843 -51.74907 426.5107 -502.7282

[[1]][[33]]
          [,1]      [,2]     [,3]      [,4]
[1,] 0.2001843 -51.74907 426.5107 -502.7282

[[1]][[34]]
          [,1]      [,2]     [,3]      [,4]
[1,] 0.2001843 -51.74907 426.5107 -502.7282

[[1]][[35]]
          [,1]      [,2]     [,3]      [,4]
[1,] 0.2001843 -51.74907 426.5107 -502.7282

[[1]][[36]]
          [,1]      [,2]     [,3]      [,4]
[1,] 0.8518568 -53.72514 425.3297 -501.8905

[[1]][[37]]
          [,1]      [,2]     [,3]      [,4]
[1,] 0.8518568 -53.72514 425.3297 -501.8905

[[1]][[38]]
          [,1]      [,2]     [,3]      [,4]
[1,] 0.8518568 -53.72514 425.3297 -501.8905

[[1]][[39]]
          [,1]      [,2]     [,3]      [,4]
[1,] 0.8518568 -53.72514 425.3297 -501.8905

[[1]][[40]]
          [,1]      [,2]     [,3]      [,4]
[1,] 0.8518568 -53.72514 425.3297 -501.8905

[[1]][[41]]
          [,1]      [,2]     [,3]      [,4]
[1,] 0.8518568 -53.72514 425.3297 -501.8905

[[1]][[42]]
          [,1]      [,2]     [,3]      [,4]
[1,] 0.8518568 -53.72514 425.3297 -501.8905

[[1]][[43]]
          [,1]      [,2]     [,3]      [,4]
[1,] 0.8518568 -53.72514 425.3297 -501.8905

[[1]][[44]]
          [,1]      [,2]     [,3]      [,4]
[1,] 0.8518568 -53.72514 425.3297 -501.8905

[[1]][[45]]
          [,1]      [,2]     [,3]      [,4]
[1,] 0.8518568 -53.72514 425.3297 -501.8905

[[1]][[46]]
          [,1]      [,2]     [,3]      [,4]
[1,] 0.8518568 -53.72514 425.3297 -501.8905

[[1]][[47]]
          [,1]      [,2]     [,3]      [,4]
[1,] 0.8518568 -53.72514 425.3297 -501.8905

[[1]][[48]]
          [,1]      [,2]     [,3]      [,4]
[1,] 0.8518568 -53.72514 425.3297 -501.8905

[[1]][[49]]
          [,1]      [,2]     [,3]      [,4]
[1,] 0.8518568 -53.72514 425.3297 -501.8905

[[1]][[50]]
          [,1]      [,2]     [,3]      [,4]
[1,] 0.8518568 -53.72514 425.3297 -501.8905

[[1]][[51]]
          [,1]      [,2]     [,3]      [,4]
[1,] 0.8518568 -53.72514 425.3297 -501.8905

[[1]][[52]]
          [,1]      [,2]     [,3]      [,4]
[1,] 0.8518568 -53.72514 425.3297 -501.8905

[[1]][[53]]
          [,1]      [,2]     [,3]      [,4]
[1,] 0.8518568 -53.72514 425.3297 -501.8905

[[1]][[54]]
          [,1]      [,2]     [,3]      [,4]
[1,] 0.8518568 -53.72514 425.3297 -501.8905

[[1]][[55]]
          [,1]      [,2]     [,3]      [,4]
[1,] 0.8518568 -53.72514 425.3297 -501.8905

[[1]][[56]]
          [,1]      [,2]     [,3]      [,4]
[1,] 0.8518568 -53.72514 425.3297 -501.8905

[[1]][[57]]
          [,1]      [,2]     [,3]      [,4]
[1,] 0.8518568 -53.72514 425.3297 -501.8905

[[1]][[58]]
          [,1]      [,2]     [,3]      [,4]
[1,] 0.8518568 -53.72514 425.3297 -501.8905

[[1]][[59]]
          [,1]      [,2]     [,3]      [,4]
[1,] 0.8518568 -53.72514 425.3297 -501.8905

[[1]][[60]]
          [,1]      [,2]     [,3]      [,4]
[1,] 0.8518568 -53.72514 425.3297 -501.8905

[[1]][[61]]
          [,1]      [,2]     [,3]      [,4]
[1,] 0.8518568 -53.72514 425.3297 -501.8905

[[1]][[62]]
          [,1]      [,2]     [,3]      [,4]
[1,] 0.8518568 -53.72514 425.3297 -501.8905

[[1]][[63]]
          [,1]      [,2]     [,3]      [,4]
[1,] 0.8518568 -53.72514 425.3297 -501.8905

[[1]][[64]]
          [,1]      [,2]     [,3]      [,4]
[1,] 0.8518568 -53.72514 425.3297 -501.8905

[[1]][[65]]
          [,1]      [,2]     [,3]      [,4]
[1,] 0.8518568 -53.72514 425.3297 -501.8905

[[1]][[66]]
          [,1]      [,2]     [,3]      [,4]
[1,] 0.8518568 -53.72514 425.3297 -501.8905

[[1]][[67]]
          [,1]      [,2]     [,3]      [,4]
[1,] 0.8518568 -53.72514 425.3297 -501.8905

[[1]][[68]]
          [,1]      [,2]     [,3]      [,4]
[1,] 0.8098426 -53.72514 425.3297 -501.8905

[[1]][[69]]
          [,1]      [,2]     [,3]      [,4]
[1,] 0.8098426 -53.72514 425.3297 -501.8905

[[1]][[70]]
          [,1]      [,2]     [,3]      [,4]
[1,] 0.8098426 -53.72514 425.3297 -501.8905

[[1]][[71]]
          [,1]      [,2]     [,3]      [,4]
[1,] 0.8098426 -53.72514 425.3297 -501.8905

[[1]][[72]]
          [,1]      [,2]     [,3]      [,4]
[1,] 0.8098426 -53.72514 425.3297 -501.8905

[[1]][[73]]
          [,1]      [,2]     [,3]      [,4]
[1,] 0.8098426 -53.72514 425.3297 -501.8905

[[1]][[74]]
          [,1]      [,2]     [,3]      [,4]
[1,] 0.8098426 -53.72514 425.3297 -501.8905

[[1]][[75]]
          [,1]      [,2]     [,3]      [,4]
[1,] 0.8098426 -53.72514 425.3297 -501.8905

[[1]][[76]]
          [,1]      [,2]     [,3]      [,4]
[1,] 0.8098426 -53.72514 425.3297 -501.8905

[[1]][[77]]
          [,1]      [,2]     [,3]      [,4]
[1,] 0.8098426 -53.72514 425.3297 -501.8905

[[1]][[78]]
          [,1]      [,2]     [,3]      [,4]
[1,] 0.8415275 -53.72514 425.3297 -501.8905

[[1]][[79]]
          [,1]      [,2]     [,3]      [,4]
[1,] 0.8415275 -53.72514 425.3297 -501.8905

[[1]][[80]]
          [,1]      [,2]     [,3]      [,4]
[1,] 0.8415275 -53.72514 425.3297 -501.8905

[[1]][[81]]
          [,1]      [,2]     [,3]      [,4]
[1,] 0.8415275 -53.72514 425.3297 -501.8905

[[1]][[82]]
          [,1]      [,2]     [,3]      [,4]
[1,] 0.8415275 -53.72514 425.3297 -501.8905

[[1]][[83]]
          [,1]      [,2]     [,3]      [,4]
[1,] 0.8415275 -53.72514 425.3297 -501.8905

[[1]][[84]]
          [,1]      [,2]     [,3]      [,4]
[1,] 0.8415275 -53.72514 425.3297 -501.8905

[[1]][[85]]
          [,1]      [,2]     [,3]      [,4]
[1,] 0.8415275 -53.72514 425.3297 -501.8905

[[1]][[86]]
          [,1]      [,2]     [,3]      [,4]
[1,] 0.8415275 -53.72514 425.3297 -501.8905

[[1]][[87]]
          [,1]      [,2]     [,3]      [,4]
[1,] 0.8415275 -53.72514 425.3297 -501.8905

[[1]][[88]]
          [,1]      [,2]     [,3]      [,4]
[1,] 0.8415275 -53.72514 425.3297 -501.8905

[[1]][[89]]
          [,1]      [,2]     [,3]      [,4]
[1,] 0.8415275 -53.72514 425.3297 -501.8905

[[1]][[90]]
          [,1]      [,2]     [,3]      [,4]
[1,] 0.8415275 -53.72514 425.3297 -501.8905

[[1]][[91]]
           [,1]      [,2]     [,3]      [,4]
[1,] -0.1585282 -83.03952 447.4634 -511.5818

[[1]][[92]]
           [,1]      [,2]     [,3]      [,4]
[1,] -0.1585282 -83.03952 447.4634 -511.5818

[[1]][[93]]
           [,1]      [,2]     [,3]      [,4]
[1,] -0.1585282 -83.03952 447.4634 -511.5818

[[1]][[94]]
           [,1]      [,2]     [,3]      [,4]
[1,] -0.1585282 -83.03952 447.4634 -511.5818

[[1]][[95]]
           [,1]      [,2]     [,3]      [,4]
[1,] -0.1585282 -83.03952 447.4634 -511.5818

[[1]][[96]]
          [,1]      [,2]     [,3]      [,4]
[1,] 0.2250742 -95.33799 446.6313 -507.1185

[[1]][[97]]
          [,1]      [,2]     [,3]      [,4]
[1,] 0.2250742 -95.33799 446.6313 -507.1185

[[1]][[98]]
          [,1]      [,2]     [,3]      [,4]
[1,] 0.2250742 -95.33799 446.6313 -507.1185

[[1]][[99]]
          [,1]      [,2]     [,3]      [,4]
[1,] 0.2250742 -95.33799 446.6313 -507.1185

[[1]][[100]]
          [,1]      [,2]     [,3]      [,4]
[1,] 0.2250742 -95.33799 446.6313 -507.1185

[[1]][[101]]
          [,1]      [,2]     [,3]      [,4]
[1,] 0.2250742 -95.33799 446.6313 -507.1185

[[1]][[102]]
          [,1]      [,2]     [,3]      [,4]
[1,] 0.2250742 -95.33799 446.6313 -507.1185

[[1]][[103]]
          [,1]      [,2]     [,3]      [,4]
[1,] 0.2250742 -95.33799 446.6313 -507.1185

[[1]][[104]]
          [,1]      [,2]     [,3]      [,4]
[1,] 0.2250742 -95.33799 446.6313 -507.1185

[[1]][[105]]
          [,1]      [,2]     [,3]      [,4]
[1,] 0.2250742 -95.33799 446.6313 -507.1185

[[1]][[106]]
          [,1]      [,2]     [,3]      [,4]
[1,] 0.2250742 -95.33799 446.6313 -507.1185

[[1]][[107]]
          [,1]      [,2]     [,3]      [,4]
[1,] 0.2250742 -95.33799 446.6313 -507.1185

[[1]][[108]]
          [,1]      [,2]     [,3]      [,4]
[1,] 0.2250742 -95.33799 446.6313 -507.1185

[[1]][[109]]
          [,1]      [,2]     [,3]      [,4]
[1,] 0.2250742 -95.33799 446.6313 -507.1185

[[1]][[110]]
          [,1]      [,2]     [,3]      [,4]
[1,] 0.2250742 -95.33799 446.6313 -507.1185

[[1]][[111]]
          [,1]      [,2]     [,3]      [,4]
[1,] 0.2250742 -95.33799 446.6313 -507.1185

[[1]][[112]]
          [,1]      [,2]     [,3]      [,4]
[1,] 0.2250742 -95.33799 446.6313 -507.1185

[[1]][[113]]
          [,1]      [,2]     [,3]      [,4]
[1,] 0.2250742 -95.33799 446.6313 -507.1185

[[1]][[114]]
          [,1]      [,2]     [,3]      [,4]
[1,] 0.2250742 -95.33799 446.6313 -507.1185

[[1]][[115]]
          [,1]      [,2]     [,3]      [,4]
[1,] 0.2250742 -95.33799 446.6313 -507.1185

[[1]][[116]]
          [,1]      [,2]     [,3]      [,4]
[1,] 0.2250742 -95.33799 446.6313 -507.1185

[[1]][[117]]
          [,1]      [,2]     [,3]      [,4]
[1,] 0.2250742 -95.33799 446.6313 -507.1185

[[1]][[118]]
          [,1]      [,2]     [,3]      [,4]
[1,] 0.2250742 -95.33799 446.6313 -507.1185

[[1]][[119]]
          [,1]      [,2]     [,3]      [,4]
[1,] 0.2250742 -95.33799 446.6313 -507.1185

[[1]][[120]]
          [,1]      [,2]     [,3]      [,4]
[1,] 0.2250742 -95.33799 446.6313 -507.1185

[[1]][[121]]
          [,1]      [,2]     [,3]      [,4]
[1,] 0.2250742 -95.33799 446.6313 -507.1185

[[1]][[122]]
          [,1]      [,2]     [,3]      [,4]
[1,] 0.2250742 -95.33799 446.6313 -507.1185

[[1]][[123]]
          [,1]      [,2]     [,3]      [,4]
[1,] 0.2250742 -95.33799 446.6313 -507.1185

[[1]][[124]]
          [,1]      [,2]     [,3]      [,4]
[1,] 0.2250742 -95.33799 446.6313 -507.1185

[[1]][[125]]
          [,1]      [,2]     [,3]      [,4]
[1,] 0.2250742 -95.33799 446.6313 -507.1185

[[1]][[126]]
          [,1]      [,2]     [,3]      [,4]
[1,] 0.2250742 -95.33799 446.6313 -507.1185

[[1]][[127]]
          [,1]      [,2]     [,3]      [,4]
[1,] 0.2250742 -95.33799 446.6313 -507.1185

[[1]][[128]]
          [,1]      [,2]     [,3]      [,4]
[1,] 0.2250742 -95.33799 446.6313 -507.1185

[[1]][[129]]
          [,1]      [,2]     [,3]      [,4]
[1,] 0.2250742 -95.33799 446.6313 -507.1185

[[1]][[130]]
          [,1]      [,2]     [,3]      [,4]
[1,] 0.2250742 -95.33799 446.6313 -507.1185

[[1]][[131]]
          [,1]      [,2]     [,3]      [,4]
[1,] 0.2250742 -95.33799 446.6313 -507.1185

[[1]][[132]]
          [,1]      [,2]     [,3]      [,4]
[1,] 0.2250742 -95.33799 446.6313 -507.1185

[[1]][[133]]
          [,1]      [,2]     [,3]      [,4]
[1,] 0.2250742 -95.33799 446.6313 -507.1185

[[1]][[134]]
          [,1]      [,2]     [,3]      [,4]
[1,] 0.2250742 -95.33799 446.6313 -507.1185

[[1]][[135]]
          [,1]      [,2]     [,3]      [,4]
[1,] 0.2250742 -95.33799 446.6313 -507.1185

[[1]][[136]]
          [,1]      [,2]     [,3]      [,4]
[1,] 0.2250742 -95.33799 446.6313 -507.1185

[[1]][[137]]
          [,1]      [,2]     [,3]      [,4]
[1,] 0.2250742 -95.33799 446.6313 -507.1185

[[1]][[138]]
          [,1]      [,2]     [,3]      [,4]
[1,] 0.2250742 -95.33799 446.6313 -507.1185

[[1]][[139]]
          [,1]      [,2]     [,3]      [,4]
[1,] 0.3411206 -95.33799 446.6313 -507.1185

[[1]][[140]]
          [,1]      [,2]     [,3]      [,4]
[1,] 0.3411206 -95.33799 446.6313 -507.1185

[[1]][[141]]
          [,1]      [,2]     [,3]      [,4]
[1,] 0.2250742 -93.45828 446.6313 -507.1185

[[1]][[142]]
          [,1]      [,2]     [,3]      [,4]
[1,] 0.2250742 -93.45828 446.6313 -507.1185

[[1]][[143]]
          [,1]      [,2]     [,3]      [,4]
[1,] 0.2250742 -93.45828 446.6313 -507.1185

[[1]][[144]]
          [,1]      [,2]     [,3]      [,4]
[1,] 0.2250742 -93.45828 446.6313 -507.1185

[[1]][[145]]
          [,1]      [,2]     [,3]      [,4]
[1,] 0.2250742 -93.45828 446.6313 -507.1185

[[1]][[146]]
          [,1]      [,2]     [,3]      [,4]
[1,] 0.2250742 -93.45828 446.6313 -507.1185

[[1]][[147]]
          [,1]      [,2]     [,3]      [,4]
[1,] 0.2250742 -93.45828 446.6313 -507.1185

[[1]][[148]]
          [,1]      [,2]     [,3]      [,4]
[1,] 0.2250742 -93.45828 446.6313 -507.1185

[[1]][[149]]
          [,1]      [,2]     [,3]      [,4]
[1,] 0.2250742 -93.45828 446.6313 -507.1185

[[1]][[150]]
          [,1]      [,2]     [,3]      [,4]
[1,] 0.2250742 -93.45828 446.6313 -507.1185

[[1]][[151]]
          [,1]      [,2]     [,3]      [,4]
[1,] 0.2250742 -93.45828 446.6313 -507.1185

[[1]][[152]]
          [,1]      [,2]     [,3]      [,4]
[1,] 0.2250742 -93.45828 446.6313 -507.1185

[[1]][[153]]
          [,1]      [,2]     [,3]      [,4]
[1,] 0.2250742 -93.45828 446.6313 -507.1185

[[1]][[154]]
          [,1]      [,2]     [,3]      [,4]
[1,] 0.2250742 -93.45828 446.6313 -507.1185

[[1]][[155]]
          [,1]      [,2]     [,3]      [,4]
[1,] 0.2250742 -93.45828 446.6313 -507.1185

[[1]][[156]]
          [,1]      [,2]     [,3]      [,4]
[1,] 0.2250742 -93.45828 446.6313 -507.1185

[[1]][[157]]
          [,1]      [,2]     [,3]      [,4]
[1,] 0.2250742 -93.45828 446.6313 -507.1185

[[1]][[158]]
          [,1]      [,2]     [,3]      [,4]
[1,] 0.2250742 -93.45828 446.6313 -507.1185

[[1]][[159]]
          [,1]      [,2]     [,3]      [,4]
[1,] 0.2250742 -93.45828 446.6313 -507.1185

[[1]][[160]]
          [,1]      [,2]     [,3]      [,4]
[1,] 0.2250742 -93.45828 446.6313 -507.1185

[[1]][[161]]
          [,1]      [,2]     [,3]      [,4]
[1,] 0.2250742 -93.45828 446.6313 -507.1185

[[1]][[162]]
          [,1]      [,2]     [,3]      [,4]
[1,] 0.2250742 -93.45828 446.6313 -507.1185

[[1]][[163]]
          [,1]      [,2]     [,3]      [,4]
[1,] 0.2250742 -93.45828 446.6313 -507.1185

[[1]][[164]]
          [,1]      [,2]     [,3]      [,4]
[1,] 0.3409163 -94.08234 446.6313 -507.1185

[[1]][[165]]
          [,1]      [,2]     [,3]      [,4]
[1,] 0.3409163 -94.08234 446.6313 -507.1185

[[1]][[166]]
          [,1]      [,2]     [,3]      [,4]
[1,] 0.3409163 -94.08234 446.6313 -507.1185

[[1]][[167]]
          [,1]      [,2]     [,3]      [,4]
[1,] 0.3409163 -94.08234 446.6313 -507.1185

[[1]][[168]]
          [,1]      [,2]     [,3]      [,4]
[1,] 0.3409163 -94.08234 446.6313 -507.1185

[[1]][[169]]
          [,1]      [,2]     [,3]      [,4]
[1,] 0.3409163 -94.08234 446.6313 -507.1185

[[1]][[170]]
          [,1]      [,2]     [,3]      [,4]
[1,] 0.3409163 -94.08234 446.6313 -507.1185

[[1]][[171]]
          [,1]      [,2]     [,3]      [,4]
[1,] 0.3409163 -94.08234 446.6313 -507.1185

[[1]][[172]]
          [,1]      [,2]     [,3]      [,4]
[1,] 0.3409163 -94.08234 446.6313 -507.1185

[[1]][[173]]
          [,1]      [,2]     [,3]      [,4]
[1,] 0.3409163 -94.08234 446.6313 -507.1185

[[1]][[174]]
          [,1]      [,2]     [,3]      [,4]
[1,] 0.3409163 -94.08234 446.6313 -507.1185

[[1]][[175]]
          [,1]      [,2]     [,3]      [,4]
[1,] 0.3409163 -94.08234 446.6313 -507.1185

[[1]][[176]]
          [,1]      [,2]     [,3]      [,4]
[1,] 0.3409163 -94.08234 446.6313 -507.1185

[[1]][[177]]
          [,1]      [,2]     [,3]      [,4]
[1,] 0.8058716 -94.08234 446.6313 -507.1185

[[1]][[178]]
          [,1]      [,2]     [,3]      [,4]
[1,] 0.8058716 -94.08234 446.6313 -507.1185

[[1]][[179]]
          [,1]      [,2]     [,3]      [,4]
[1,] 0.8058716 -94.08234 446.6313 -507.1185

[[1]][[180]]
          [,1]      [,2]     [,3]      [,4]
[1,] 0.6390308 -94.08234 446.6313 -507.1185

[[1]][[181]]
          [,1]      [,2]     [,3]      [,4]
[1,] 0.6390308 -94.08234 446.6313 -507.1185

[[1]][[182]]
          [,1]      [,2]     [,3]      [,4]
[1,] 0.6390308 -94.08234 446.6313 -507.1185

[[1]][[183]]
          [,1]      [,2]     [,3]      [,4]
[1,] 0.6390308 -94.08234 446.6313 -507.1185

[[1]][[184]]
          [,1]      [,2]     [,3]      [,4]
[1,] 0.6390308 -94.08234 446.6313 -507.1185

[[1]][[185]]
          [,1]      [,2]     [,3]      [,4]
[1,] 0.6390308 -94.08234 446.6313 -507.1185

[[1]][[186]]
          [,1]      [,2]     [,3]      [,4]
[1,] 0.6390308 -94.08234 446.6313 -507.1185

[[1]][[187]]
          [,1]      [,2]     [,3]      [,4]
[1,] 0.6390308 -94.08234 446.6313 -507.1185

[[1]][[188]]
          [,1]      [,2]     [,3]      [,4]
[1,] 0.6390308 -94.08234 446.6313 -507.1185

[[1]][[189]]
          [,1]      [,2]     [,3]      [,4]
[1,] 0.6390308 -94.08234 446.6313 -507.1185

[[1]][[190]]
          [,1]      [,2]     [,3]      [,4]
[1,] 0.6390308 -94.08234 446.6313 -507.1185

[[1]][[191]]
          [,1]      [,2]     [,3]      [,4]
[1,] 0.6390308 -94.08234 446.6313 -507.1185

[[1]][[192]]
          [,1]      [,2]     [,3]      [,4]
[1,] 0.6390308 -94.08234 446.6313 -507.1185

[[1]][[193]]
          [,1]      [,2]     [,3]      [,4]
[1,] 0.6390308 -94.08234 446.6313 -507.1185

[[1]][[194]]
          [,1]      [,2]     [,3]      [,4]
[1,] 0.6390308 -94.08234 446.6313 -507.1185

[[1]][[195]]
          [,1]      [,2]     [,3]      [,4]
[1,] 0.6390308 -94.08234 446.6313 -507.1185

[[1]][[196]]
          [,1]      [,2]     [,3]      [,4]
[1,] 0.6390308 -94.08234 446.6313 -507.1185

[[1]][[197]]
          [,1]      [,2]     [,3]      [,4]
[1,] 0.6390308 -94.08234 446.6313 -507.1185

[[1]][[198]]
          [,1]      [,2]     [,3]      [,4]
[1,] 0.6390308 -94.08234 446.6313 -507.1185

[[1]][[199]]
          [,1]      [,2]     [,3]      [,4]
[1,] 0.6390308 -94.08234 446.6313 -507.1185

[[1]][[200]]
          [,1]      [,2]     [,3]      [,4]
[1,] 0.6390308 -94.08234 446.6313 -507.1185

[[1]][[201]]
          [,1]      [,2]     [,3]      [,4]
[1,] 0.6390308 -94.08234 446.6313 -507.1185

[[1]][[202]]
          [,1]      [,2]     [,3]      [,4]
[1,] 0.6390308 -94.08234 446.6313 -507.1185

[[1]][[203]]
          [,1]      [,2]     [,3]      [,4]
[1,] 0.6390308 -94.08234 446.6313 -507.1185

[[1]][[204]]
          [,1]      [,2]     [,3]      [,4]
[1,] 0.6390308 -94.08234 446.6313 -507.1185

[[1]][[205]]
          [,1]      [,2]     [,3]      [,4]
[1,] 0.6390308 -94.08234 446.6313 -507.1185

[[1]][[206]]
          [,1]      [,2]     [,3]      [,4]
[1,] 0.6390308 -94.08234 446.6313 -507.1185

[[1]][[207]]
          [,1]      [,2]     [,3]      [,4]
[1,] 0.6390308 -94.08234 446.6313 -507.1185

[[1]][[208]]
          [,1]      [,2]     [,3]      [,4]
[1,] 0.6390308 -94.08234 446.6313 -507.1185

[[1]][[209]]
          [,1]      [,2]     [,3]      [,4]
[1,] 0.6390308 -94.08234 446.6313 -507.1185

[[1]][[210]]
          [,1]      [,2]     [,3]      [,4]
[1,] 0.6390308 -94.08234 446.6313 -507.1185

[[1]][[211]]
          [,1]      [,2]     [,3]      [,4]
[1,] 0.6390308 -94.08234 446.6313 -507.1185

[[1]][[212]]
          [,1]      [,2]     [,3]      [,4]
[1,] 0.6390308 -94.08234 446.6313 -507.1185

[[1]][[213]]
          [,1]      [,2]     [,3]      [,4]
[1,] 0.6390308 -94.08234 446.6313 -507.1185

[[1]][[214]]
          [,1]      [,2]     [,3]      [,4]
[1,] 0.6390308 -94.08234 446.6313 -507.1185

[[1]][[215]]
          [,1]      [,2]     [,3]      [,4]
[1,] 0.6390308 -94.08234 446.6313 -507.1185

[[1]][[216]]
          [,1]      [,2]     [,3]      [,4]
[1,] 0.6390308 -94.08234 446.6313 -507.1185

[[1]][[217]]
          [,1]      [,2]     [,3]      [,4]
[1,] 0.6390308 -94.08234 446.6313 -507.1185

[[1]][[218]]
          [,1]      [,2]     [,3]      [,4]
[1,] 0.6390308 -94.08234 446.6313 -507.1185

[[1]][[219]]
          [,1]      [,2]     [,3]      [,4]
[1,] 0.6390308 -94.08234 446.6313 -507.1185

[[1]][[220]]
          [,1]      [,2]     [,3]      [,4]
[1,] 0.6390308 -94.08234 446.6313 -507.1185

[[1]][[221]]
          [,1]      [,2]     [,3]      [,4]
[1,] 0.6390308 -94.08234 446.6313 -507.1185

[[1]][[222]]
          [,1]      [,2]     [,3]      [,4]
[1,] 0.6390308 -94.08234 446.6313 -507.1185

[[1]][[223]]
          [,1]      [,2]     [,3]      [,4]
[1,] 0.6390308 -94.08234 446.6313 -507.1185

[[1]][[224]]
          [,1]      [,2]     [,3]      [,4]
[1,] 0.6390308 -94.08234 446.6313 -507.1185

[[1]][[225]]
          [,1]      [,2]     [,3]      [,4]
[1,] 0.6390308 -94.08234 446.6313 -507.1185

[[1]][[226]]
          [,1]      [,2]     [,3]      [,4]
[1,] 0.6390308 -94.08234 446.6313 -507.1185

[[1]][[227]]
          [,1]      [,2]     [,3]      [,4]
[1,] 0.6390308 -94.08234 446.6313 -507.1185

[[1]][[228]]
          [,1]      [,2]     [,3]      [,4]
[1,] 0.6390308 -94.08234 446.6313 -507.1185

[[1]][[229]]
          [,1]      [,2]     [,3]      [,4]
[1,] 0.6390308 -94.08234 446.6313 -507.1185

[[1]][[230]]
          [,1]      [,2]     [,3]      [,4]
[1,] 0.6390308 -94.08234 446.6313 -507.1185

[[1]][[231]]
          [,1]      [,2]     [,3]      [,4]
[1,] 0.6390308 -94.08234 446.6313 -507.1185

[[1]][[232]]
          [,1]      [,2]     [,3]      [,4]
[1,] 0.6390308 -94.08234 446.6313 -507.1185

[[1]][[233]]
          [,1]      [,2]     [,3]      [,4]
[1,] 0.6390308 -94.08234 446.6313 -507.1185

[[1]][[234]]
          [,1]      [,2]     [,3]      [,4]
[1,] 0.6390308 -94.08234 446.6313 -507.1185

[[1]][[235]]
          [,1]      [,2]     [,3]      [,4]
[1,] 0.6390308 -94.08234 446.6313 -507.1185

[[1]][[236]]
          [,1]      [,2]     [,3]      [,4]
[1,] 0.6390308 -94.08234 446.6313 -507.1185

[[1]][[237]]
          [,1]      [,2]     [,3]      [,4]
[1,] 0.6390308 -94.08234 446.6313 -507.1185

[[1]][[238]]
          [,1]      [,2]     [,3]      [,4]
[1,] 0.6390308 -94.08234 446.6313 -507.1185

[[1]][[239]]
          [,1]      [,2]     [,3]      [,4]
[1,] 0.6390308 -94.08234 446.6313 -507.1185

[[1]][[240]]
          [,1]      [,2]     [,3]      [,4]
[1,] 0.6390308 -94.08234 446.6313 -507.1185

[[1]][[241]]
          [,1]      [,2]     [,3]      [,4]
[1,] 0.6390308 -94.08234 446.6313 -507.1185

[[1]][[242]]
          [,1]      [,2]     [,3]      [,4]
[1,] 0.6390308 -94.08234 446.6313 -507.1185

[[1]][[243]]
          [,1]      [,2]     [,3]      [,4]
[1,] 0.6390308 -94.08234 446.6313 -507.1185

[[1]][[244]]
          [,1]      [,2]     [,3]      [,4]
[1,] 0.6390308 -94.08234 446.6313 -507.1185

[[1]][[245]]
          [,1]      [,2]     [,3]      [,4]
[1,] 0.6390308 -94.08234 446.6313 -507.1185

[[1]][[246]]
          [,1]      [,2]     [,3]      [,4]
[1,] 0.6390308 -94.08234 446.6313 -507.1185

[[1]][[247]]
          [,1]      [,2]     [,3]      [,4]
[1,] 0.6390308 -94.08234 446.6313 -507.1185

[[1]][[248]]
          [,1]      [,2]     [,3]      [,4]
[1,] 0.6390308 -94.08234 446.6313 -507.1185

[[1]][[249]]
          [,1]      [,2]     [,3]      [,4]
[1,] 0.6390308 -94.08234 446.6313 -507.1185

[[1]][[250]]
          [,1]      [,2]     [,3]      [,4]
[1,] 0.6390308 -94.08234 446.6313 -507.1185

[[1]][[251]]
          [,1]      [,2]     [,3]      [,4]
[1,] 0.6390308 -94.08234 446.6313 -507.1185

[[1]][[252]]
          [,1]      [,2]     [,3]      [,4]
[1,] 0.6390308 -94.08234 446.6313 -507.1185

[[1]][[253]]
          [,1]      [,2]     [,3]      [,4]
[1,] 0.6390308 -94.08234 446.6313 -507.1185

[[1]][[254]]
          [,1]      [,2]     [,3]      [,4]
[1,] 0.6390308 -94.08234 446.6313 -507.1185

[[1]][[255]]
          [,1]      [,2]     [,3]      [,4]
[1,] 0.6390308 -94.08234 446.6313 -507.1185

[[1]][[256]]
          [,1]      [,2]     [,3]      [,4]
[1,] 0.6390308 -94.08234 446.6313 -507.1185

[[1]][[257]]
          [,1]      [,2]     [,3]      [,4]
[1,] 0.6390308 -94.08234 446.6313 -507.1185

[[1]][[258]]
          [,1]      [,2]     [,3]      [,4]
[1,] 0.6390308 -94.08234 446.6313 -507.1185

[[1]][[259]]
          [,1]      [,2]     [,3]      [,4]
[1,] 0.6390308 -94.08234 446.6313 -507.1185

[[1]][[260]]
          [,1]      [,2]     [,3]      [,4]
[1,] 0.6390308 -94.08234 446.6313 -507.1185

[[1]][[261]]
          [,1]      [,2]     [,3]      [,4]
[1,] 0.6390308 -94.08234 446.6313 -507.1185

[[1]][[262]]
          [,1]      [,2]     [,3]      [,4]
[1,] 0.6390308 -94.08234 446.6313 -507.1185

[[1]][[263]]
          [,1]      [,2]     [,3]      [,4]
[1,] 0.6390308 -94.08234 446.6313 -507.1185

[[1]][[264]]
          [,1]      [,2]     [,3]      [,4]
[1,] 0.6390308 -94.08234 446.6313 -507.1185

[[1]][[265]]
          [,1]      [,2]     [,3]      [,4]
[1,] 0.6390308 -94.08234 446.6313 -507.1185

[[1]][[266]]
          [,1]      [,2]     [,3]      [,4]
[1,] 0.6390308 -94.08234 446.6313 -507.1185

[[1]][[267]]
          [,1]      [,2]     [,3]      [,4]
[1,] 0.6390308 -94.08234 446.6313 -507.1185

[[1]][[268]]
          [,1]      [,2]     [,3]      [,4]
[1,] 0.6390308 -94.08234 446.6313 -507.1185

[[1]][[269]]
          [,1]      [,2]     [,3]      [,4]
[1,] 0.6390308 -94.08234 446.6313 -507.1185

[[1]][[270]]
          [,1]      [,2]     [,3]      [,4]
[1,] 0.6390308 -94.08234 446.6313 -507.1185

[[1]][[271]]
          [,1]      [,2]     [,3]      [,4]
[1,] 0.6390308 -94.08234 446.6313 -507.1185

[[1]][[272]]
          [,1]      [,2]     [,3]      [,4]
[1,] 0.6390308 -94.08234 446.6313 -507.1185

[[1]][[273]]
          [,1]      [,2]     [,3]      [,4]
[1,] 0.6390308 -94.08234 446.6313 -507.1185

[[1]][[274]]
          [,1]      [,2]     [,3]      [,4]
[1,] 0.6390308 -94.08234 446.6313 -507.1185

[[1]][[275]]
          [,1]      [,2]     [,3]      [,4]
[1,] 0.6390308 -94.08234 446.6313 -507.1185

[[1]][[276]]
          [,1]      [,2]     [,3]      [,4]
[1,] 0.6390308 -94.08234 446.6313 -507.1185

[[1]][[277]]
          [,1]      [,2]     [,3]      [,4]
[1,] 0.6390308 -94.08234 446.6313 -507.1185

[[1]][[278]]
          [,1]      [,2]     [,3]      [,4]
[1,] 0.6390308 -94.08234 446.6313 -507.1185

[[1]][[279]]
          [,1]      [,2]     [,3]      [,4]
[1,] 0.6390308 -94.08234 446.6313 -507.1185


[[2]]
[1] 1.799255

> 
> 
> 
