
Lmod is automatically replacing "intel/2020.1.217" with "gcc/9.3.0".


Due to MODULEPATH changes, the following have been reloaded:
  1) openmpi/4.0.3


R version 4.0.2 (2020-06-22) -- "Taking Off Again"
Copyright (C) 2020 The R Foundation for Statistical Computing
Platform: x86_64-pc-linux-gnu (64-bit)

R is free software and comes with ABSOLUTELY NO WARRANTY.
You are welcome to redistribute it under certain conditions.
Type 'license()' or 'licence()' for distribution details.

  Natural language support but running in an English locale

R is a collaborative project with many contributors.
Type 'contributors()' for more information and
'citation()' on how to cite R or R packages in publications.

Type 'demo()' for some demos, 'help()' for on-line help, or
'help.start()' for an HTML browser interface to help.
Type 'q()' to quit R.

> # R script to submit parallelized genetic algorithm optimzied runs.
> 
> # load libraries
> library(doParallel)
Loading required package: foreach
Loading required package: iterators
Loading required package: parallel
> library(GA)
Package 'GA' version 3.2.2
Type 'citation("GA")' for citing this R package in publications.

Attaching package: ‘GA’

The following object is masked from ‘package:utils’:

    de

> library(here)
here() starts at /scratch/wanglu57/job_scripts
> library(doRNG)
Loading required package: rngtools
> 
> source(here::here("ga_verbose.R"), local = T)
> source(here::here("chabaudi_si_clean.R"), local = T)
> # load function
> #-----------------------------#
> # load in parameters
> #-----------------------------#
> parameters_tsukushi <- c(R1 = 8.89*10^6, # slightly higher
+                          lambda = 3.7*10^5,
+                          mu = 0.025, 
+                          p = 8*10^-6, # doubled form original
+                          alpha = 1, 
+                          alphag = 2, 
+                          beta = 5.721, 
+                          mum = 48, 
+                          mug = 4, 
+                          I0 = 43.85965, 
+                          Ig0 = 0, 
+                          a = 150, 
+                          b = 100, 
+                          sp = 1,
+                          psin = 16.69234,
+                          psiw = 0.8431785,
+                          phin = 0.03520591, 
+                          phiw = 550.842,
+                          iota = 2.18*(10^6),
+                          rho = 0.2627156)
> 
> time_range <- seq(0, 20, by = 1e-3)
> 
> R_range <- seq(log10(10^6), log10(10^8), (log10(10^8)-log10(10^6))/5000)
> 
> #-----------------------------#
> # Begin parallelized code
> #----------------------------#
> 
> 
> # Create an array from the NODESLIST environnement variable
> nodeslist = unlist(strsplit(Sys.getenv("NODESLIST"), split=" "))
> 
> # Create the cluster with the nodes name. One process per count of node name.
> # nodeslist = node1 node1 node2 node2, means we are starting 2 processes on node1, likewise on node2.
> cl = makeCluster(nodeslist, type = "PSOCK") 
> registerDoParallel(cl)
> clusterExport(cl,c("ga_verbose", "time_range", "parameters_tsukushi", "R_range", "chabaudi_si_clean")) 
> clusterCall(cl, library, package = "mclust", character.only = TRUE)
[[1]]
[1] "mclust"    "stats"     "graphics"  "grDevices" "utils"     "datasets" 
[7] "methods"   "base"     

[[2]]
[1] "mclust"    "stats"     "graphics"  "grDevices" "utils"     "datasets" 
[7] "methods"   "base"     

[[3]]
[1] "mclust"    "stats"     "graphics"  "grDevices" "utils"     "datasets" 
[7] "methods"   "base"     

[[4]]
[1] "mclust"    "stats"     "graphics"  "grDevices" "utils"     "datasets" 
[7] "methods"   "base"     

[[5]]
[1] "mclust"    "stats"     "graphics"  "grDevices" "utils"     "datasets" 
[7] "methods"   "base"     

[[6]]
[1] "mclust"    "stats"     "graphics"  "grDevices" "utils"     "datasets" 
[7] "methods"   "base"     

[[7]]
[1] "mclust"    "stats"     "graphics"  "grDevices" "utils"     "datasets" 
[7] "methods"   "base"     

[[8]]
[1] "mclust"    "stats"     "graphics"  "grDevices" "utils"     "datasets" 
[7] "methods"   "base"     

[[9]]
[1] "mclust"    "stats"     "graphics"  "grDevices" "utils"     "datasets" 
[7] "methods"   "base"     

[[10]]
[1] "mclust"    "stats"     "graphics"  "grDevices" "utils"     "datasets" 
[7] "methods"   "base"     

[[11]]
[1] "mclust"    "stats"     "graphics"  "grDevices" "utils"     "datasets" 
[7] "methods"   "base"     

[[12]]
[1] "mclust"    "stats"     "graphics"  "grDevices" "utils"     "datasets" 
[7] "methods"   "base"     

[[13]]
[1] "mclust"    "stats"     "graphics"  "grDevices" "utils"     "datasets" 
[7] "methods"   "base"     

[[14]]
[1] "mclust"    "stats"     "graphics"  "grDevices" "utils"     "datasets" 
[7] "methods"   "base"     

[[15]]
[1] "mclust"    "stats"     "graphics"  "grDevices" "utils"     "datasets" 
[7] "methods"   "base"     

[[16]]
[1] "mclust"    "stats"     "graphics"  "grDevices" "utils"     "datasets" 
[7] "methods"   "base"     

[[17]]
[1] "mclust"    "stats"     "graphics"  "grDevices" "utils"     "datasets" 
[7] "methods"   "base"     

[[18]]
[1] "mclust"    "stats"     "graphics"  "grDevices" "utils"     "datasets" 
[7] "methods"   "base"     

[[19]]
[1] "mclust"    "stats"     "graphics"  "grDevices" "utils"     "datasets" 
[7] "methods"   "base"     

[[20]]
[1] "mclust"    "stats"     "graphics"  "grDevices" "utils"     "datasets" 
[7] "methods"   "base"     

[[21]]
[1] "mclust"    "stats"     "graphics"  "grDevices" "utils"     "datasets" 
[7] "methods"   "base"     

[[22]]
[1] "mclust"    "stats"     "graphics"  "grDevices" "utils"     "datasets" 
[7] "methods"   "base"     

[[23]]
[1] "mclust"    "stats"     "graphics"  "grDevices" "utils"     "datasets" 
[7] "methods"   "base"     

[[24]]
[1] "mclust"    "stats"     "graphics"  "grDevices" "utils"     "datasets" 
[7] "methods"   "base"     

[[25]]
[1] "mclust"    "stats"     "graphics"  "grDevices" "utils"     "datasets" 
[7] "methods"   "base"     

[[26]]
[1] "mclust"    "stats"     "graphics"  "grDevices" "utils"     "datasets" 
[7] "methods"   "base"     

[[27]]
[1] "mclust"    "stats"     "graphics"  "grDevices" "utils"     "datasets" 
[7] "methods"   "base"     

[[28]]
[1] "mclust"    "stats"     "graphics"  "grDevices" "utils"     "datasets" 
[7] "methods"   "base"     

[[29]]
[1] "mclust"    "stats"     "graphics"  "grDevices" "utils"     "datasets" 
[7] "methods"   "base"     

[[30]]
[1] "mclust"    "stats"     "graphics"  "grDevices" "utils"     "datasets" 
[7] "methods"   "base"     

[[31]]
[1] "mclust"    "stats"     "graphics"  "grDevices" "utils"     "datasets" 
[7] "methods"   "base"     

[[32]]
[1] "mclust"    "stats"     "graphics"  "grDevices" "utils"     "datasets" 
[7] "methods"   "base"     

[[33]]
[1] "mclust"    "stats"     "graphics"  "grDevices" "utils"     "datasets" 
[7] "methods"   "base"     

[[34]]
[1] "mclust"    "stats"     "graphics"  "grDevices" "utils"     "datasets" 
[7] "methods"   "base"     

[[35]]
[1] "mclust"    "stats"     "graphics"  "grDevices" "utils"     "datasets" 
[7] "methods"   "base"     

[[36]]
[1] "mclust"    "stats"     "graphics"  "grDevices" "utils"     "datasets" 
[7] "methods"   "base"     

[[37]]
[1] "mclust"    "stats"     "graphics"  "grDevices" "utils"     "datasets" 
[7] "methods"   "base"     

[[38]]
[1] "mclust"    "stats"     "graphics"  "grDevices" "utils"     "datasets" 
[7] "methods"   "base"     

[[39]]
[1] "mclust"    "stats"     "graphics"  "grDevices" "utils"     "datasets" 
[7] "methods"   "base"     

[[40]]
[1] "mclust"    "stats"     "graphics"  "grDevices" "utils"     "datasets" 
[7] "methods"   "base"     

[[41]]
[1] "mclust"    "stats"     "graphics"  "grDevices" "utils"     "datasets" 
[7] "methods"   "base"     

[[42]]
[1] "mclust"    "stats"     "graphics"  "grDevices" "utils"     "datasets" 
[7] "methods"   "base"     

[[43]]
[1] "mclust"    "stats"     "graphics"  "grDevices" "utils"     "datasets" 
[7] "methods"   "base"     

[[44]]
[1] "mclust"    "stats"     "graphics"  "grDevices" "utils"     "datasets" 
[7] "methods"   "base"     

[[45]]
[1] "mclust"    "stats"     "graphics"  "grDevices" "utils"     "datasets" 
[7] "methods"   "base"     

[[46]]
[1] "mclust"    "stats"     "graphics"  "grDevices" "utils"     "datasets" 
[7] "methods"   "base"     

[[47]]
[1] "mclust"    "stats"     "graphics"  "grDevices" "utils"     "datasets" 
[7] "methods"   "base"     

[[48]]
[1] "mclust"    "stats"     "graphics"  "grDevices" "utils"     "datasets" 
[7] "methods"   "base"     

> ga_res <- ga_verbose(type = "real-valued", 
+                      function(x)
+                        chabaudi_si_clean(
+                          parameters_cr = c(x[1], x[2], x[3], x[4]), 
+                          parameters = parameters_tsukushi, 
+                          time_range = time_range, 
+                          cue = "R", 
+                          cue_range = R_range, 
+                          log_cue = "log10",
+                          immunity = "tsukushi",
+                          solver = "vode"),
+                      lower = c(-1, -100, -1000, -5000), # range determined that would alter shape of spline
+                      upper = c(1, 100, 1000, 5000),  
+                      popSize = 250, 
+                      maxiter = 1000, # change to 10 for testing purpose 
+                      pmutation = 0.3,
+                      keepBest = TRUE,
+                      run = 50,
+                      parallel = cl,
+                      seed = 137,
+ suggestions = c(0.2502309, 23.90878, -65.34474, 125.7192),
+                      monitor = TRUE,
+                      id = "2022-03-06_si-R-log-emp")
0.2502309 23.90878 -65.34474 125.7192[[1]]
          [,1]     [,2]      [,3]     [,4]
[1,] 0.2502309 23.90878 -65.34474 125.7192

[[2]]
[1] 8.036564

GA | iter = 1 | Mean = 0.1637163 | Best = 8.0365636
0.2502309 23.90878 -65.34474 125.7192[[1]]
          [,1]     [,2]      [,3]     [,4]
[1,] 0.2502309 23.90878 -65.34474 125.7192

[[2]]
[1] 8.036564

GA | iter = 2 | Mean = 0.2608124 | Best = 8.0365636
0.2502309 23.90878 -65.34474 125.7192[[1]]
          [,1]     [,2]      [,3]     [,4]
[1,] 0.2502309 23.90878 -65.34474 125.7192

[[2]]
[1] 8.036564

GA | iter = 3 | Mean = 0.2594212 | Best = 8.0365636
0.2502309 23.90878 -65.34474 125.7192[[1]]
          [,1]     [,2]      [,3]     [,4]
[1,] 0.2502309 23.90878 -65.34474 125.7192

[[2]]
[1] 8.036564

GA | iter = 4 | Mean = 0.3727712 | Best = 8.0365636
0.2502309 23.90878 -65.34474 125.7192[[1]]
          [,1]     [,2]      [,3]     [,4]
[1,] 0.2502309 23.90878 -65.34474 125.7192

[[2]]
[1] 8.036564

GA | iter = 5 | Mean = 0.3001356 | Best = 8.0365636
0.2502309 23.90878 -65.34474 125.7192[[1]]
          [,1]     [,2]      [,3]     [,4]
[1,] 0.2502309 23.90878 -65.34474 125.7192

[[2]]
[1] 8.036564

GA | iter = 6 | Mean = 0.3794992 | Best = 8.0365636
0.2502309 23.90878 -65.34474 125.7192[[1]]
          [,1]     [,2]      [,3]     [,4]
[1,] 0.2502309 23.90878 -65.34474 125.7192

[[2]]
[1] 8.036564

GA | iter = 7 | Mean = 0.3250413 | Best = 8.0365636
0.2502309 23.90878 -65.34474 125.7192[[1]]
          [,1]     [,2]      [,3]     [,4]
[1,] 0.2502309 23.90878 -65.34474 125.7192

[[2]]
[1] 8.036564

GA | iter = 8 | Mean = 0.3580699 | Best = 8.0365636
0.2502309 23.90878 -65.34474 125.7192[[1]]
          [,1]     [,2]      [,3]     [,4]
[1,] 0.2502309 23.90878 -65.34474 125.7192

[[2]]
[1] 8.036564

GA | iter = 9 | Mean = 0.3464499 | Best = 8.0365636
0.2502309 23.90878 -65.34474 125.7192[[1]]
          [,1]     [,2]      [,3]     [,4]
[1,] 0.2502309 23.90878 -65.34474 125.7192

[[2]]
[1] 8.036564

GA | iter = 10 | Mean = 0.4184867 | Best = 8.0365636
0.2502309 23.90878 -65.34474 125.7192[[1]]
          [,1]     [,2]      [,3]     [,4]
[1,] 0.2502309 23.90878 -65.34474 125.7192

[[2]]
[1] 8.036564

GA | iter = 11 | Mean = 0.4425355 | Best = 8.0365636
0.2502309 23.90878 -65.34474 125.7192[[1]]
          [,1]     [,2]      [,3]     [,4]
[1,] 0.2502309 23.90878 -65.34474 125.7192

[[2]]
[1] 8.036564

GA | iter = 12 | Mean = 0.4918022 | Best = 8.0365636
0.2502309 23.90878 -65.34474 125.7192[[1]]
          [,1]     [,2]      [,3]     [,4]
[1,] 0.2502309 23.90878 -65.34474 125.7192

[[2]]
[1] 8.036564

GA | iter = 13 | Mean = 0.5529761 | Best = 8.0365636
0.2502309 23.90878 -65.34474 125.7192[[1]]
          [,1]     [,2]      [,3]     [,4]
[1,] 0.2502309 23.90878 -65.34474 125.7192

[[2]]
[1] 8.036564

GA | iter = 14 | Mean = 0.5458096 | Best = 8.0365636
0.2502309 23.90878 -65.34474 125.7192[[1]]
          [,1]     [,2]      [,3]     [,4]
[1,] 0.2502309 23.90878 -65.34474 125.7192

[[2]]
[1] 8.036564

GA | iter = 15 | Mean = 0.583681 | Best = 8.036564
0.2502309 23.90878 -65.34474 125.7192[[1]]
          [,1]     [,2]      [,3]     [,4]
[1,] 0.2502309 23.90878 -65.34474 125.7192

[[2]]
[1] 8.036564

GA | iter = 16 | Mean = 0.5914476 | Best = 8.0365636
0.2502309 23.90878 -65.34474 125.7192[[1]]
          [,1]     [,2]      [,3]     [,4]
[1,] 0.2502309 23.90878 -65.34474 125.7192

[[2]]
[1] 8.036564

GA | iter = 17 | Mean = 0.6241333 | Best = 8.0365636
0.2502309 23.90878 -65.34474 125.7192[[1]]
          [,1]     [,2]      [,3]     [,4]
[1,] 0.2502309 23.90878 -65.34474 125.7192

[[2]]
[1] 8.036564

GA | iter = 18 | Mean = 0.6600592 | Best = 8.0365636
0.2502309 23.90878 -65.34474 125.7192[[1]]
          [,1]     [,2]      [,3]     [,4]
[1,] 0.2502309 23.90878 -65.34474 125.7192

[[2]]
[1] 8.036564

GA | iter = 19 | Mean = 0.7105246 | Best = 8.0365636
0.2502309 23.90878 -65.34474 125.7192[[1]]
          [,1]     [,2]      [,3]     [,4]
[1,] 0.2502309 23.90878 -65.34474 125.7192

[[2]]
[1] 8.036564

GA | iter = 20 | Mean = 0.7034829 | Best = 8.0365636
0.2502309 23.90878 -65.34474 125.7192[[1]]
          [,1]     [,2]      [,3]     [,4]
[1,] 0.2502309 23.90878 -65.34474 125.7192

[[2]]
[1] 8.036564

GA | iter = 21 | Mean = 0.7033676 | Best = 8.0365636
0.2502309 23.90878 -65.34474 125.7192[[1]]
          [,1]     [,2]      [,3]     [,4]
[1,] 0.2502309 23.90878 -65.34474 125.7192

[[2]]
[1] 8.036564

GA | iter = 22 | Mean = 0.7111239 | Best = 8.0365636
0.2502309 23.90878 -65.34474 125.7192[[1]]
          [,1]     [,2]      [,3]     [,4]
[1,] 0.2502309 23.90878 -65.34474 125.7192

[[2]]
[1] 8.036564

GA | iter = 23 | Mean = 0.7019701 | Best = 8.0365636
0.2502309 23.90878 -65.34474 125.7192[[1]]
          [,1]     [,2]      [,3]     [,4]
[1,] 0.2502309 23.90878 -65.34474 125.7192

[[2]]
[1] 8.036564

GA | iter = 24 | Mean = 0.8251502 | Best = 8.0365636
0.2502309 23.90878 -65.34474 125.7192[[1]]
          [,1]     [,2]      [,3]     [,4]
[1,] 0.2502309 23.90878 -65.34474 125.7192

[[2]]
[1] 8.036564

GA | iter = 25 | Mean = 0.7327088 | Best = 8.0365636
0.2502309 23.90878 -65.34474 125.7192[[1]]
          [,1]     [,2]      [,3]     [,4]
[1,] 0.2502309 23.90878 -65.34474 125.7192

[[2]]
[1] 8.036564

GA | iter = 26 | Mean = 0.7098011 | Best = 8.0365636
0.2502309 23.90878 -65.34474 125.7192[[1]]
          [,1]     [,2]      [,3]     [,4]
[1,] 0.2502309 23.90878 -65.34474 125.7192

[[2]]
[1] 8.036564

GA | iter = 27 | Mean = 0.6360438 | Best = 8.0365636
0.2502309 23.90878 -65.34474 125.7192[[1]]
          [,1]     [,2]      [,3]     [,4]
[1,] 0.2502309 23.90878 -65.34474 125.7192

[[2]]
[1] 8.036564

GA | iter = 28 | Mean = 0.6119657 | Best = 8.0365636
0.2502309 23.90878 -65.34474 125.7192[[1]]
          [,1]     [,2]      [,3]     [,4]
[1,] 0.2502309 23.90878 -65.34474 125.7192

[[2]]
[1] 8.036564

GA | iter = 29 | Mean = 0.7117047 | Best = 8.0365636
0.2502309 23.90878 -65.34474 125.7192[[1]]
          [,1]     [,2]      [,3]     [,4]
[1,] 0.2502309 23.90878 -65.34474 125.7192

[[2]]
[1] 8.036564

GA | iter = 30 | Mean = 0.7450175 | Best = 8.0365636
0.2502309 23.90878 -65.34474 125.7192[[1]]
          [,1]     [,2]      [,3]     [,4]
[1,] 0.2502309 23.90878 -65.34474 125.7192

[[2]]
[1] 8.036564

GA | iter = 31 | Mean = 0.7211311 | Best = 8.0365636
0.2502309 23.90878 -65.34474 125.7192[[1]]
          [,1]     [,2]      [,3]     [,4]
[1,] 0.2502309 23.90878 -65.34474 125.7192

[[2]]
[1] 8.036564

GA | iter = 32 | Mean = 0.7065108 | Best = 8.0365636
0.2502309 23.90878 -65.34474 125.7192[[1]]
          [,1]     [,2]      [,3]     [,4]
[1,] 0.2502309 23.90878 -65.34474 125.7192

[[2]]
[1] 8.036564

GA | iter = 33 | Mean = 0.6509247 | Best = 8.0365636
0.2502309 23.90878 -65.34474 125.7192[[1]]
          [,1]     [,2]      [,3]     [,4]
[1,] 0.2502309 23.90878 -65.34474 125.7192

[[2]]
[1] 8.036564

GA | iter = 34 | Mean = 0.8482637 | Best = 8.0365636
0.2502309 23.90878 -65.34474 125.7192[[1]]
          [,1]     [,2]      [,3]     [,4]
[1,] 0.2502309 23.90878 -65.34474 125.7192

[[2]]
[1] 8.036564

GA | iter = 35 | Mean = 0.9883782 | Best = 8.0365636
0.2502309 23.90878 -65.34474 125.7192[[1]]
          [,1]     [,2]      [,3]     [,4]
[1,] 0.2502309 23.90878 -65.34474 125.7192

[[2]]
[1] 8.036564

GA | iter = 36 | Mean = 1.060242 | Best = 8.036564
0.2502309 23.90878 -65.34474 125.7192[[1]]
          [,1]     [,2]      [,3]     [,4]
[1,] 0.2502309 23.90878 -65.34474 125.7192

[[2]]
[1] 8.036564

GA | iter = 37 | Mean = 0.8271102 | Best = 8.0365636
0.2502309 23.90878 -65.34474 125.7192[[1]]
          [,1]     [,2]      [,3]     [,4]
[1,] 0.2502309 23.90878 -65.34474 125.7192

[[2]]
[1] 8.036564

GA | iter = 38 | Mean = 0.9979287 | Best = 8.0365636
0.2502309 23.90878 -65.34474 125.7192[[1]]
          [,1]     [,2]      [,3]     [,4]
[1,] 0.2502309 23.90878 -65.34474 125.7192

[[2]]
[1] 8.036564

GA | iter = 39 | Mean = 0.835684 | Best = 8.036564
0.2502309 23.90878 -65.34474 125.7192[[1]]
          [,1]     [,2]      [,3]     [,4]
[1,] 0.2502309 23.90878 -65.34474 125.7192

[[2]]
[1] 8.036564

GA | iter = 40 | Mean = 0.8529736 | Best = 8.0365636
0.2502309 23.90878 -65.34474 125.7192[[1]]
          [,1]     [,2]      [,3]     [,4]
[1,] 0.2502309 23.90878 -65.34474 125.7192

[[2]]
[1] 8.036564

GA | iter = 41 | Mean = 0.9786723 | Best = 8.0365636
0.2572372 23.86577 -64.79643 124.005[[1]]
          [,1]     [,2]      [,3]    [,4]
[1,] 0.2572372 23.86577 -64.79643 124.005

[[2]]
[1] 8.036877

GA | iter = 42 | Mean = 0.8745706 | Best = 8.0368772
0.2572372 23.86577 -64.79643 124.005[[1]]
          [,1]     [,2]      [,3]    [,4]
[1,] 0.2572372 23.86577 -64.79643 124.005

[[2]]
[1] 8.036877

GA | iter = 43 | Mean = 0.9334496 | Best = 8.0368772
0.2572372 23.86577 -64.79643 124.005[[1]]
          [,1]     [,2]      [,3]    [,4]
[1,] 0.2572372 23.86577 -64.79643 124.005

[[2]]
[1] 8.036877

GA | iter = 44 | Mean = 0.7547528 | Best = 8.0368772
0.2572372 23.86577 -64.79643 124.005[[1]]
          [,1]     [,2]      [,3]    [,4]
[1,] 0.2572372 23.86577 -64.79643 124.005

[[2]]
[1] 8.036877

GA | iter = 45 | Mean = 0.7757918 | Best = 8.0368772
0.2572372 23.86577 -64.79643 124.005[[1]]
          [,1]     [,2]      [,3]    [,4]
[1,] 0.2572372 23.86577 -64.79643 124.005

[[2]]
[1] 8.036877

GA | iter = 46 | Mean = 0.9245967 | Best = 8.0368772
0.2572372 23.86577 -64.79643 124.005[[1]]
          [,1]     [,2]      [,3]    [,4]
[1,] 0.2572372 23.86577 -64.79643 124.005

[[2]]
[1] 8.036877

GA | iter = 47 | Mean = 1.077468 | Best = 8.036877
0.2572372 23.86577 -64.79643 124.005[[1]]
          [,1]     [,2]      [,3]    [,4]
[1,] 0.2572372 23.86577 -64.79643 124.005

[[2]]
[1] 8.036877

GA | iter = 48 | Mean = 1.062195 | Best = 8.036877
0.2572372 23.86577 -64.79643 124.005[[1]]
          [,1]     [,2]      [,3]    [,4]
[1,] 0.2572372 23.86577 -64.79643 124.005

[[2]]
[1] 8.036877

GA | iter = 49 | Mean = 1.009369 | Best = 8.036877
0.2572372 23.86577 -64.79643 124.005[[1]]
          [,1]     [,2]      [,3]    [,4]
[1,] 0.2572372 23.86577 -64.79643 124.005

[[2]]
[1] 8.036877

GA | iter = 50 | Mean = 1.234810 | Best = 8.036877
0.2544547 23.89547 -65.18233 125.2001[[1]]
          [,1]     [,2]      [,3]     [,4]
[1,] 0.2544547 23.89547 -65.18233 125.2001

[[2]]
[1] 8.03693

GA | iter = 51 | Mean = 1.470309 | Best = 8.036930
0.2544547 23.89547 -65.18233 125.2001[[1]]
          [,1]     [,2]      [,3]     [,4]
[1,] 0.2544547 23.89547 -65.18233 125.2001

[[2]]
[1] 8.03693

GA | iter = 52 | Mean = 1.426043 | Best = 8.036930
0.2544547 23.89547 -65.18233 125.2001[[1]]
          [,1]     [,2]      [,3]     [,4]
[1,] 0.2544547 23.89547 -65.18233 125.2001

[[2]]
[1] 8.03693

GA | iter = 53 | Mean = 1.466513 | Best = 8.036930
0.2544547 23.89547 -65.18233 125.2001[[1]]
          [,1]     [,2]      [,3]     [,4]
[1,] 0.2544547 23.89547 -65.18233 125.2001

[[2]]
[1] 8.03693

GA | iter = 54 | Mean = 1.522185 | Best = 8.036930
0.2544547 23.89547 -65.18233 125.2001[[1]]
          [,1]     [,2]      [,3]     [,4]
[1,] 0.2544547 23.89547 -65.18233 125.2001

[[2]]
[1] 8.03693

GA | iter = 55 | Mean = 1.857898 | Best = 8.036930
0.802515 23.44616 -66.58422 126.3072[[1]]
         [,1]     [,2]      [,3]     [,4]
[1,] 0.802515 23.44616 -66.58422 126.3072

[[2]]
[1] 8.037438

GA | iter = 56 | Mean = 1.759160 | Best = 8.037438
0.802515 23.44616 -66.58422 126.3072[[1]]
         [,1]     [,2]      [,3]     [,4]
[1,] 0.802515 23.44616 -66.58422 126.3072

[[2]]
[1] 8.037438

GA | iter = 57 | Mean = 1.856836 | Best = 8.037438
0.802515 23.44616 -66.58422 126.3072[[1]]
         [,1]     [,2]      [,3]     [,4]
[1,] 0.802515 23.44616 -66.58422 126.3072

[[2]]
[1] 8.037438

GA | iter = 58 | Mean = 1.944441 | Best = 8.037438
0.802515 23.44616 -66.58422 126.3072[[1]]
         [,1]     [,2]      [,3]     [,4]
[1,] 0.802515 23.44616 -66.58422 126.3072

[[2]]
[1] 8.037438

GA | iter = 59 | Mean = 1.744834 | Best = 8.037438
0.802515 23.44616 -66.58422 126.3072[[1]]
         [,1]     [,2]      [,3]     [,4]
[1,] 0.802515 23.44616 -66.58422 126.3072

[[2]]
[1] 8.037438

GA | iter = 60 | Mean = 1.818537 | Best = 8.037438
0.802515 23.44616 -66.58422 126.3072[[1]]
         [,1]     [,2]      [,3]     [,4]
[1,] 0.802515 23.44616 -66.58422 126.3072

[[2]]
[1] 8.037438

GA | iter = 61 | Mean = 2.254000 | Best = 8.037438
0.802515 23.44616 -66.58422 126.3072[[1]]
         [,1]     [,2]      [,3]     [,4]
[1,] 0.802515 23.44616 -66.58422 126.3072

[[2]]
[1] 8.037438

GA | iter = 62 | Mean = 2.553912 | Best = 8.037438
0.802515 23.44616 -66.58422 126.3072[[1]]
         [,1]     [,2]      [,3]     [,4]
[1,] 0.802515 23.44616 -66.58422 126.3072

[[2]]
[1] 8.037438

GA | iter = 63 | Mean = 2.518681 | Best = 8.037438
0.802515 23.44616 -66.58422 126.3072[[1]]
         [,1]     [,2]      [,3]     [,4]
[1,] 0.802515 23.44616 -66.58422 126.3072

[[2]]
[1] 8.037438

GA | iter = 64 | Mean = 3.446606 | Best = 8.037438
0.802515 23.44616 -66.58422 126.3072[[1]]
         [,1]     [,2]      [,3]     [,4]
[1,] 0.802515 23.44616 -66.58422 126.3072

[[2]]
[1] 8.037438

GA | iter = 65 | Mean = 4.389880 | Best = 8.037438
0.802515 23.44616 -66.58422 126.3072[[1]]
         [,1]     [,2]      [,3]     [,4]
[1,] 0.802515 23.44616 -66.58422 126.3072

[[2]]
[1] 8.037438

GA | iter = 66 | Mean = 5.343993 | Best = 8.037438
0.802515 23.44616 -66.58422 126.3072[[1]]
         [,1]     [,2]      [,3]     [,4]
[1,] 0.802515 23.44616 -66.58422 126.3072

[[2]]
[1] 8.037438

GA | iter = 67 | Mean = 5.625189 | Best = 8.037438
0.802515 23.44616 -66.58422 126.3072[[1]]
         [,1]     [,2]      [,3]     [,4]
[1,] 0.802515 23.44616 -66.58422 126.3072

[[2]]
[1] 8.037438

GA | iter = 68 | Mean = 5.770201 | Best = 8.037438
0.802515 23.44616 -66.58422 126.3072[[1]]
         [,1]     [,2]      [,3]     [,4]
[1,] 0.802515 23.44616 -66.58422 126.3072

[[2]]
[1] 8.037438

GA | iter = 69 | Mean = 5.986879 | Best = 8.037438
0.802515 23.44616 -66.58422 126.3072[[1]]
         [,1]     [,2]      [,3]     [,4]
[1,] 0.802515 23.44616 -66.58422 126.3072

[[2]]
[1] 8.037438

GA | iter = 70 | Mean = 5.940560 | Best = 8.037438
0.802515 23.44616 -66.58422 126.3072[[1]]
         [,1]     [,2]      [,3]     [,4]
[1,] 0.802515 23.44616 -66.58422 126.3072

[[2]]
[1] 8.037438

GA | iter = 71 | Mean = 5.665869 | Best = 8.037438
0.802515 23.44616 -66.58422 126.3072[[1]]
         [,1]     [,2]      [,3]     [,4]
[1,] 0.802515 23.44616 -66.58422 126.3072

[[2]]
[1] 8.037438

GA | iter = 72 | Mean = 6.188336 | Best = 8.037438
0.802515 23.44616 -66.58422 126.3072[[1]]
         [,1]     [,2]      [,3]     [,4]
[1,] 0.802515 23.44616 -66.58422 126.3072

[[2]]
[1] 8.037438

GA | iter = 73 | Mean = 5.783858 | Best = 8.037438
0.802515 23.44616 -66.58422 126.3072[[1]]
         [,1]     [,2]      [,3]     [,4]
[1,] 0.802515 23.44616 -66.58422 126.3072

[[2]]
[1] 8.037438

GA | iter = 74 | Mean = 5.931123 | Best = 8.037438
0.802515 23.44616 -66.58422 126.3072[[1]]
         [,1]     [,2]      [,3]     [,4]
[1,] 0.802515 23.44616 -66.58422 126.3072

[[2]]
[1] 8.037438

GA | iter = 75 | Mean = 5.959691 | Best = 8.037438
0.802515 23.44616 -66.58422 126.3072[[1]]
         [,1]     [,2]      [,3]     [,4]
[1,] 0.802515 23.44616 -66.58422 126.3072

[[2]]
[1] 8.037438

GA | iter = 76 | Mean = 5.842190 | Best = 8.037438
0.802515 23.44616 -66.58422 126.3072[[1]]
         [,1]     [,2]      [,3]     [,4]
[1,] 0.802515 23.44616 -66.58422 126.3072

[[2]]
[1] 8.037438

GA | iter = 77 | Mean = 5.733312 | Best = 8.037438
0.802515 23.44616 -66.58422 126.3072[[1]]
         [,1]     [,2]      [,3]     [,4]
[1,] 0.802515 23.44616 -66.58422 126.3072

[[2]]
[1] 8.037438

GA | iter = 78 | Mean = 6.123490 | Best = 8.037438
0.802515 23.44616 -66.58422 126.3072[[1]]
         [,1]     [,2]      [,3]     [,4]
[1,] 0.802515 23.44616 -66.58422 126.3072

[[2]]
[1] 8.037438

GA | iter = 79 | Mean = 5.850533 | Best = 8.037438
0.802515 23.44616 -66.58422 126.3072[[1]]
         [,1]     [,2]      [,3]     [,4]
[1,] 0.802515 23.44616 -66.58422 126.3072

[[2]]
[1] 8.037438

GA | iter = 80 | Mean = 6.135525 | Best = 8.037438
0.802515 23.44616 -66.58422 126.3072[[1]]
         [,1]     [,2]      [,3]     [,4]
[1,] 0.802515 23.44616 -66.58422 126.3072

[[2]]
[1] 8.037438

GA | iter = 81 | Mean = 5.723685 | Best = 8.037438
0.802515 23.44616 -66.58422 126.3072[[1]]
         [,1]     [,2]      [,3]     [,4]
[1,] 0.802515 23.44616 -66.58422 126.3072

[[2]]
[1] 8.037438

GA | iter = 82 | Mean = 5.964200 | Best = 8.037438
0.802515 23.44616 -66.58422 126.3072[[1]]
         [,1]     [,2]      [,3]     [,4]
[1,] 0.802515 23.44616 -66.58422 126.3072

[[2]]
[1] 8.037438

GA | iter = 83 | Mean = 6.114220 | Best = 8.037438
0.802515 23.44616 -66.58422 126.3072[[1]]
         [,1]     [,2]      [,3]     [,4]
[1,] 0.802515 23.44616 -66.58422 126.3072

[[2]]
[1] 8.037438

GA | iter = 84 | Mean = 5.967401 | Best = 8.037438
0.802515 23.44616 -66.58422 126.3072[[1]]
         [,1]     [,2]      [,3]     [,4]
[1,] 0.802515 23.44616 -66.58422 126.3072

[[2]]
[1] 8.037438

GA | iter = 85 | Mean = 5.882760 | Best = 8.037438
0.4133338 23.93299 -65.81105 125.6339[[1]]
          [,1]     [,2]      [,3]     [,4]
[1,] 0.4133338 23.93299 -65.81105 125.6339

[[2]]
[1] 8.037498

GA | iter = 86 | Mean = 5.777600 | Best = 8.037498
0.4133338 23.93299 -65.81105 125.6339[[1]]
          [,1]     [,2]      [,3]     [,4]
[1,] 0.4133338 23.93299 -65.81105 125.6339

[[2]]
[1] 8.037498

GA | iter = 87 | Mean = 5.882353 | Best = 8.037498
0.4133338 23.93299 -65.81105 125.6339[[1]]
          [,1]     [,2]      [,3]     [,4]
[1,] 0.4133338 23.93299 -65.81105 125.6339

[[2]]
[1] 8.037498

GA | iter = 88 | Mean = 6.121045 | Best = 8.037498
0.4133338 23.93299 -65.81105 125.6339[[1]]
          [,1]     [,2]      [,3]     [,4]
[1,] 0.4133338 23.93299 -65.81105 125.6339

[[2]]
[1] 8.037498

GA | iter = 89 | Mean = 5.777984 | Best = 8.037498
0.4133338 23.93299 -65.81105 125.6339[[1]]
          [,1]     [,2]      [,3]     [,4]
[1,] 0.4133338 23.93299 -65.81105 125.6339

[[2]]
[1] 8.037498

GA | iter = 90 | Mean = 5.563711 | Best = 8.037498
0.4133338 23.93299 -65.81105 125.6339[[1]]
          [,1]     [,2]      [,3]     [,4]
[1,] 0.4133338 23.93299 -65.81105 125.6339

[[2]]
[1] 8.037498

GA | iter = 91 | Mean = 5.665071 | Best = 8.037498
0.4133338 23.93299 -65.81105 125.6339[[1]]
          [,1]     [,2]      [,3]     [,4]
[1,] 0.4133338 23.93299 -65.81105 125.6339

[[2]]
[1] 8.037498

GA | iter = 92 | Mean = 5.943544 | Best = 8.037498
0.4133338 23.93299 -65.81105 125.6339[[1]]
          [,1]     [,2]      [,3]     [,4]
[1,] 0.4133338 23.93299 -65.81105 125.6339

[[2]]
[1] 8.037498

GA | iter = 93 | Mean = 5.731480 | Best = 8.037498
0.4133338 23.93299 -65.81105 125.6339[[1]]
          [,1]     [,2]      [,3]     [,4]
[1,] 0.4133338 23.93299 -65.81105 125.6339

[[2]]
[1] 8.037498

GA | iter = 94 | Mean = 5.914989 | Best = 8.037498
0.4133338 23.93299 -65.81105 125.6339[[1]]
          [,1]     [,2]      [,3]     [,4]
[1,] 0.4133338 23.93299 -65.81105 125.6339

[[2]]
[1] 8.037498

GA | iter = 95 | Mean = 5.769751 | Best = 8.037498
0.4133338 23.93299 -65.81105 125.6339[[1]]
          [,1]     [,2]      [,3]     [,4]
[1,] 0.4133338 23.93299 -65.81105 125.6339

[[2]]
[1] 8.037498

GA | iter = 96 | Mean = 5.512800 | Best = 8.037498
0.4133338 23.93299 -65.81105 125.6339[[1]]
          [,1]     [,2]      [,3]     [,4]
[1,] 0.4133338 23.93299 -65.81105 125.6339

[[2]]
[1] 8.037498

GA | iter = 97 | Mean = 5.483107 | Best = 8.037498
0.4133338 23.93299 -65.81105 125.6339[[1]]
          [,1]     [,2]      [,3]     [,4]
[1,] 0.4133338 23.93299 -65.81105 125.6339

[[2]]
[1] 8.037498

GA | iter = 98 | Mean = 5.710063 | Best = 8.037498
0.4133338 23.93299 -65.81105 125.6339[[1]]
          [,1]     [,2]      [,3]     [,4]
[1,] 0.4133338 23.93299 -65.81105 125.6339

[[2]]
[1] 8.037498

GA | iter = 99 | Mean = 6.092601 | Best = 8.037498
0.4133338 23.93299 -65.81105 125.6339[[1]]
          [,1]     [,2]      [,3]     [,4]
[1,] 0.4133338 23.93299 -65.81105 125.6339

[[2]]
[1] 8.037498

GA | iter = 100 | Mean = 5.967166 | Best = 8.037498
0.4133338 23.93299 -65.81105 125.6339[[1]]
          [,1]     [,2]      [,3]     [,4]
[1,] 0.4133338 23.93299 -65.81105 125.6339

[[2]]
[1] 8.037498

GA | iter = 101 | Mean = 5.753354 | Best = 8.037498
0.4133338 23.93299 -65.81105 125.6339[[1]]
          [,1]     [,2]      [,3]     [,4]
[1,] 0.4133338 23.93299 -65.81105 125.6339

[[2]]
[1] 8.037498

GA | iter = 102 | Mean = 5.389408 | Best = 8.037498
0.4133338 23.93299 -65.81105 125.6339[[1]]
          [,1]     [,2]      [,3]     [,4]
[1,] 0.4133338 23.93299 -65.81105 125.6339

[[2]]
[1] 8.037498

GA | iter = 103 | Mean = 5.458725 | Best = 8.037498
0.4133338 23.93299 -65.81105 125.6339[[1]]
          [,1]     [,2]      [,3]     [,4]
[1,] 0.4133338 23.93299 -65.81105 125.6339

[[2]]
[1] 8.037498

GA | iter = 104 | Mean = 5.588339 | Best = 8.037498
0.4133338 23.93299 -65.81105 125.6339[[1]]
          [,1]     [,2]      [,3]     [,4]
[1,] 0.4133338 23.93299 -65.81105 125.6339

[[2]]
[1] 8.037498

GA | iter = 105 | Mean = 5.657744 | Best = 8.037498
0.4133338 23.93299 -65.81105 125.6339[[1]]
          [,1]     [,2]      [,3]     [,4]
[1,] 0.4133338 23.93299 -65.81105 125.6339

[[2]]
[1] 8.037498

GA | iter = 106 | Mean = 6.067929 | Best = 8.037498
0.4133338 23.93299 -65.81105 125.6339[[1]]
          [,1]     [,2]      [,3]     [,4]
[1,] 0.4133338 23.93299 -65.81105 125.6339

[[2]]
[1] 8.037498

GA | iter = 107 | Mean = 5.697731 | Best = 8.037498
0.4133338 23.93299 -65.81105 125.6339[[1]]
          [,1]     [,2]      [,3]     [,4]
[1,] 0.4133338 23.93299 -65.81105 125.6339

[[2]]
[1] 8.037498

GA | iter = 108 | Mean = 5.615395 | Best = 8.037498
0.4133338 23.93299 -65.81105 125.6339[[1]]
          [,1]     [,2]      [,3]     [,4]
[1,] 0.4133338 23.93299 -65.81105 125.6339

[[2]]
[1] 8.037498

GA | iter = 109 | Mean = 5.426087 | Best = 8.037498
0.4133338 23.93299 -65.81105 125.6339[[1]]
          [,1]     [,2]      [,3]     [,4]
[1,] 0.4133338 23.93299 -65.81105 125.6339

[[2]]
[1] 8.037498

GA | iter = 110 | Mean = 5.885616 | Best = 8.037498
0.4133338 23.93299 -65.81105 125.6339[[1]]
          [,1]     [,2]      [,3]     [,4]
[1,] 0.4133338 23.93299 -65.81105 125.6339

[[2]]
[1] 8.037498

GA | iter = 111 | Mean = 6.041383 | Best = 8.037498
0.4133338 23.93299 -65.81105 125.6339[[1]]
          [,1]     [,2]      [,3]     [,4]
[1,] 0.4133338 23.93299 -65.81105 125.6339

[[2]]
[1] 8.037498

GA | iter = 112 | Mean = 5.765226 | Best = 8.037498
0.4133338 23.93299 -65.81105 125.6339[[1]]
          [,1]     [,2]      [,3]     [,4]
[1,] 0.4133338 23.93299 -65.81105 125.6339

[[2]]
[1] 8.037498

GA | iter = 113 | Mean = 5.899081 | Best = 8.037498
0.4133338 23.93299 -65.81105 125.6339[[1]]
          [,1]     [,2]      [,3]     [,4]
[1,] 0.4133338 23.93299 -65.81105 125.6339

[[2]]
[1] 8.037498

GA | iter = 114 | Mean = 6.046705 | Best = 8.037498
0.4133338 23.93299 -65.81105 125.6339[[1]]
          [,1]     [,2]      [,3]     [,4]
[1,] 0.4133338 23.93299 -65.81105 125.6339

[[2]]
[1] 8.037498

GA | iter = 115 | Mean = 6.141162 | Best = 8.037498
0.4133338 23.93299 -65.81105 125.6339[[1]]
          [,1]     [,2]      [,3]     [,4]
[1,] 0.4133338 23.93299 -65.81105 125.6339

[[2]]
[1] 8.037498

GA | iter = 116 | Mean = 5.895099 | Best = 8.037498
0.4133338 23.93299 -65.81105 125.6339[[1]]
          [,1]     [,2]      [,3]     [,4]
[1,] 0.4133338 23.93299 -65.81105 125.6339

[[2]]
[1] 8.037498

GA | iter = 117 | Mean = 5.613509 | Best = 8.037498
0.4133338 23.93299 -65.81105 125.6339[[1]]
          [,1]     [,2]      [,3]     [,4]
[1,] 0.4133338 23.93299 -65.81105 125.6339

[[2]]
[1] 8.037498

GA | iter = 118 | Mean = 6.029395 | Best = 8.037498
0.4133338 23.93299 -65.81105 125.6339[[1]]
          [,1]     [,2]      [,3]     [,4]
[1,] 0.4133338 23.93299 -65.81105 125.6339

[[2]]
[1] 8.037498

GA | iter = 119 | Mean = 5.699398 | Best = 8.037498
0.4133338 23.93299 -65.81105 125.6339[[1]]
          [,1]     [,2]      [,3]     [,4]
[1,] 0.4133338 23.93299 -65.81105 125.6339

[[2]]
[1] 8.037498

GA | iter = 120 | Mean = 6.015961 | Best = 8.037498
0.4133338 23.93299 -65.81105 125.6339[[1]]
          [,1]     [,2]      [,3]     [,4]
[1,] 0.4133338 23.93299 -65.81105 125.6339

[[2]]
[1] 8.037498

GA | iter = 121 | Mean = 5.991526 | Best = 8.037498
0.4133338 23.93299 -65.81105 125.6339[[1]]
          [,1]     [,2]      [,3]     [,4]
[1,] 0.4133338 23.93299 -65.81105 125.6339

[[2]]
[1] 8.037498

GA | iter = 122 | Mean = 5.898257 | Best = 8.037498
0.4133338 23.93299 -65.81105 125.6339[[1]]
          [,1]     [,2]      [,3]     [,4]
[1,] 0.4133338 23.93299 -65.81105 125.6339

[[2]]
[1] 8.037498

GA | iter = 123 | Mean = 5.866515 | Best = 8.037498
0.4133338 23.93299 -65.81105 125.6339[[1]]
          [,1]     [,2]      [,3]     [,4]
[1,] 0.4133338 23.93299 -65.81105 125.6339

[[2]]
[1] 8.037498

GA | iter = 124 | Mean = 6.243497 | Best = 8.037498
0.4133338 23.93299 -65.81105 125.6339[[1]]
          [,1]     [,2]      [,3]     [,4]
[1,] 0.4133338 23.93299 -65.81105 125.6339

[[2]]
[1] 8.037498

GA | iter = 125 | Mean = 5.707125 | Best = 8.037498
0.4133338 23.93299 -65.81105 125.6339[[1]]
          [,1]     [,2]      [,3]     [,4]
[1,] 0.4133338 23.93299 -65.81105 125.6339

[[2]]
[1] 8.037498

GA | iter = 126 | Mean = 6.161356 | Best = 8.037498
0.4133338 23.93299 -65.81105 125.6339[[1]]
          [,1]     [,2]      [,3]     [,4]
[1,] 0.4133338 23.93299 -65.81105 125.6339

[[2]]
[1] 8.037498

GA | iter = 127 | Mean = 6.074753 | Best = 8.037498
0.4133338 23.93299 -65.81105 125.6339[[1]]
          [,1]     [,2]      [,3]     [,4]
[1,] 0.4133338 23.93299 -65.81105 125.6339

[[2]]
[1] 8.037498

GA | iter = 128 | Mean = 5.635057 | Best = 8.037498
0.4133338 23.93299 -65.81105 125.6339[[1]]
          [,1]     [,2]      [,3]     [,4]
[1,] 0.4133338 23.93299 -65.81105 125.6339

[[2]]
[1] 8.037498

GA | iter = 129 | Mean = 5.949979 | Best = 8.037498
0.4133338 23.93299 -65.81105 125.6339[[1]]
          [,1]     [,2]      [,3]     [,4]
[1,] 0.4133338 23.93299 -65.81105 125.6339

[[2]]
[1] 8.037498

GA | iter = 130 | Mean = 5.911983 | Best = 8.037498
0.4133338 23.93299 -65.81105 125.6339[[1]]
          [,1]     [,2]      [,3]     [,4]
[1,] 0.4133338 23.93299 -65.81105 125.6339

[[2]]
[1] 8.037498

GA | iter = 131 | Mean = 5.805359 | Best = 8.037498
0.4133338 23.93299 -65.81105 125.6339[[1]]
          [,1]     [,2]      [,3]     [,4]
[1,] 0.4133338 23.93299 -65.81105 125.6339

[[2]]
[1] 8.037498

GA | iter = 132 | Mean = 5.804206 | Best = 8.037498
0.4133338 23.93299 -65.81105 125.6339[[1]]
          [,1]     [,2]      [,3]     [,4]
[1,] 0.4133338 23.93299 -65.81105 125.6339

[[2]]
[1] 8.037498

GA | iter = 133 | Mean = 5.825674 | Best = 8.037498
0.4133338 23.93299 -65.81105 125.6339[[1]]
          [,1]     [,2]      [,3]     [,4]
[1,] 0.4133338 23.93299 -65.81105 125.6339

[[2]]
[1] 8.037498

GA | iter = 134 | Mean = 6.035859 | Best = 8.037498
0.4133338 23.93299 -65.81105 125.6339[[1]]
          [,1]     [,2]      [,3]     [,4]
[1,] 0.4133338 23.93299 -65.81105 125.6339

[[2]]
[1] 8.037498

GA | iter = 135 | Mean = 5.827485 | Best = 8.037498

> stopCluster(cl)
> 
> print(list(ga_res@bestSol, ga_res@fitnessValue))
[[1]]
[[1]][[1]]
          [,1]     [,2]      [,3]     [,4]
[1,] 0.2502309 23.90878 -65.34474 125.7192

[[1]][[2]]
          [,1]     [,2]      [,3]     [,4]
[1,] 0.2502309 23.90878 -65.34474 125.7192

[[1]][[3]]
          [,1]     [,2]      [,3]     [,4]
[1,] 0.2502309 23.90878 -65.34474 125.7192

[[1]][[4]]
          [,1]     [,2]      [,3]     [,4]
[1,] 0.2502309 23.90878 -65.34474 125.7192

[[1]][[5]]
          [,1]     [,2]      [,3]     [,4]
[1,] 0.2502309 23.90878 -65.34474 125.7192

[[1]][[6]]
          [,1]     [,2]      [,3]     [,4]
[1,] 0.2502309 23.90878 -65.34474 125.7192

[[1]][[7]]
          [,1]     [,2]      [,3]     [,4]
[1,] 0.2502309 23.90878 -65.34474 125.7192

[[1]][[8]]
          [,1]     [,2]      [,3]     [,4]
[1,] 0.2502309 23.90878 -65.34474 125.7192

[[1]][[9]]
          [,1]     [,2]      [,3]     [,4]
[1,] 0.2502309 23.90878 -65.34474 125.7192

[[1]][[10]]
          [,1]     [,2]      [,3]     [,4]
[1,] 0.2502309 23.90878 -65.34474 125.7192

[[1]][[11]]
          [,1]     [,2]      [,3]     [,4]
[1,] 0.2502309 23.90878 -65.34474 125.7192

[[1]][[12]]
          [,1]     [,2]      [,3]     [,4]
[1,] 0.2502309 23.90878 -65.34474 125.7192

[[1]][[13]]
          [,1]     [,2]      [,3]     [,4]
[1,] 0.2502309 23.90878 -65.34474 125.7192

[[1]][[14]]
          [,1]     [,2]      [,3]     [,4]
[1,] 0.2502309 23.90878 -65.34474 125.7192

[[1]][[15]]
          [,1]     [,2]      [,3]     [,4]
[1,] 0.2502309 23.90878 -65.34474 125.7192

[[1]][[16]]
          [,1]     [,2]      [,3]     [,4]
[1,] 0.2502309 23.90878 -65.34474 125.7192

[[1]][[17]]
          [,1]     [,2]      [,3]     [,4]
[1,] 0.2502309 23.90878 -65.34474 125.7192

[[1]][[18]]
          [,1]     [,2]      [,3]     [,4]
[1,] 0.2502309 23.90878 -65.34474 125.7192

[[1]][[19]]
          [,1]     [,2]      [,3]     [,4]
[1,] 0.2502309 23.90878 -65.34474 125.7192

[[1]][[20]]
          [,1]     [,2]      [,3]     [,4]
[1,] 0.2502309 23.90878 -65.34474 125.7192

[[1]][[21]]
          [,1]     [,2]      [,3]     [,4]
[1,] 0.2502309 23.90878 -65.34474 125.7192

[[1]][[22]]
          [,1]     [,2]      [,3]     [,4]
[1,] 0.2502309 23.90878 -65.34474 125.7192

[[1]][[23]]
          [,1]     [,2]      [,3]     [,4]
[1,] 0.2502309 23.90878 -65.34474 125.7192

[[1]][[24]]
          [,1]     [,2]      [,3]     [,4]
[1,] 0.2502309 23.90878 -65.34474 125.7192

[[1]][[25]]
          [,1]     [,2]      [,3]     [,4]
[1,] 0.2502309 23.90878 -65.34474 125.7192

[[1]][[26]]
          [,1]     [,2]      [,3]     [,4]
[1,] 0.2502309 23.90878 -65.34474 125.7192

[[1]][[27]]
          [,1]     [,2]      [,3]     [,4]
[1,] 0.2502309 23.90878 -65.34474 125.7192

[[1]][[28]]
          [,1]     [,2]      [,3]     [,4]
[1,] 0.2502309 23.90878 -65.34474 125.7192

[[1]][[29]]
          [,1]     [,2]      [,3]     [,4]
[1,] 0.2502309 23.90878 -65.34474 125.7192

[[1]][[30]]
          [,1]     [,2]      [,3]     [,4]
[1,] 0.2502309 23.90878 -65.34474 125.7192

[[1]][[31]]
          [,1]     [,2]      [,3]     [,4]
[1,] 0.2502309 23.90878 -65.34474 125.7192

[[1]][[32]]
          [,1]     [,2]      [,3]     [,4]
[1,] 0.2502309 23.90878 -65.34474 125.7192

[[1]][[33]]
          [,1]     [,2]      [,3]     [,4]
[1,] 0.2502309 23.90878 -65.34474 125.7192

[[1]][[34]]
          [,1]     [,2]      [,3]     [,4]
[1,] 0.2502309 23.90878 -65.34474 125.7192

[[1]][[35]]
          [,1]     [,2]      [,3]     [,4]
[1,] 0.2502309 23.90878 -65.34474 125.7192

[[1]][[36]]
          [,1]     [,2]      [,3]     [,4]
[1,] 0.2502309 23.90878 -65.34474 125.7192

[[1]][[37]]
          [,1]     [,2]      [,3]     [,4]
[1,] 0.2502309 23.90878 -65.34474 125.7192

[[1]][[38]]
          [,1]     [,2]      [,3]     [,4]
[1,] 0.2502309 23.90878 -65.34474 125.7192

[[1]][[39]]
          [,1]     [,2]      [,3]     [,4]
[1,] 0.2502309 23.90878 -65.34474 125.7192

[[1]][[40]]
          [,1]     [,2]      [,3]     [,4]
[1,] 0.2502309 23.90878 -65.34474 125.7192

[[1]][[41]]
          [,1]     [,2]      [,3]     [,4]
[1,] 0.2502309 23.90878 -65.34474 125.7192

[[1]][[42]]
          [,1]     [,2]      [,3]    [,4]
[1,] 0.2572372 23.86577 -64.79643 124.005

[[1]][[43]]
          [,1]     [,2]      [,3]    [,4]
[1,] 0.2572372 23.86577 -64.79643 124.005

[[1]][[44]]
          [,1]     [,2]      [,3]    [,4]
[1,] 0.2572372 23.86577 -64.79643 124.005

[[1]][[45]]
          [,1]     [,2]      [,3]    [,4]
[1,] 0.2572372 23.86577 -64.79643 124.005

[[1]][[46]]
          [,1]     [,2]      [,3]    [,4]
[1,] 0.2572372 23.86577 -64.79643 124.005

[[1]][[47]]
          [,1]     [,2]      [,3]    [,4]
[1,] 0.2572372 23.86577 -64.79643 124.005

[[1]][[48]]
          [,1]     [,2]      [,3]    [,4]
[1,] 0.2572372 23.86577 -64.79643 124.005

[[1]][[49]]
          [,1]     [,2]      [,3]    [,4]
[1,] 0.2572372 23.86577 -64.79643 124.005

[[1]][[50]]
          [,1]     [,2]      [,3]    [,4]
[1,] 0.2572372 23.86577 -64.79643 124.005

[[1]][[51]]
          [,1]     [,2]      [,3]     [,4]
[1,] 0.2544547 23.89547 -65.18233 125.2001

[[1]][[52]]
          [,1]     [,2]      [,3]     [,4]
[1,] 0.2544547 23.89547 -65.18233 125.2001

[[1]][[53]]
          [,1]     [,2]      [,3]     [,4]
[1,] 0.2544547 23.89547 -65.18233 125.2001

[[1]][[54]]
          [,1]     [,2]      [,3]     [,4]
[1,] 0.2544547 23.89547 -65.18233 125.2001

[[1]][[55]]
          [,1]     [,2]      [,3]     [,4]
[1,] 0.2544547 23.89547 -65.18233 125.2001

[[1]][[56]]
         [,1]     [,2]      [,3]     [,4]
[1,] 0.802515 23.44616 -66.58422 126.3072

[[1]][[57]]
         [,1]     [,2]      [,3]     [,4]
[1,] 0.802515 23.44616 -66.58422 126.3072

[[1]][[58]]
         [,1]     [,2]      [,3]     [,4]
[1,] 0.802515 23.44616 -66.58422 126.3072

[[1]][[59]]
         [,1]     [,2]      [,3]     [,4]
[1,] 0.802515 23.44616 -66.58422 126.3072

[[1]][[60]]
         [,1]     [,2]      [,3]     [,4]
[1,] 0.802515 23.44616 -66.58422 126.3072

[[1]][[61]]
         [,1]     [,2]      [,3]     [,4]
[1,] 0.802515 23.44616 -66.58422 126.3072

[[1]][[62]]
         [,1]     [,2]      [,3]     [,4]
[1,] 0.802515 23.44616 -66.58422 126.3072

[[1]][[63]]
         [,1]     [,2]      [,3]     [,4]
[1,] 0.802515 23.44616 -66.58422 126.3072

[[1]][[64]]
         [,1]     [,2]      [,3]     [,4]
[1,] 0.802515 23.44616 -66.58422 126.3072

[[1]][[65]]
         [,1]     [,2]      [,3]     [,4]
[1,] 0.802515 23.44616 -66.58422 126.3072

[[1]][[66]]
         [,1]     [,2]      [,3]     [,4]
[1,] 0.802515 23.44616 -66.58422 126.3072

[[1]][[67]]
         [,1]     [,2]      [,3]     [,4]
[1,] 0.802515 23.44616 -66.58422 126.3072

[[1]][[68]]
         [,1]     [,2]      [,3]     [,4]
[1,] 0.802515 23.44616 -66.58422 126.3072

[[1]][[69]]
         [,1]     [,2]      [,3]     [,4]
[1,] 0.802515 23.44616 -66.58422 126.3072

[[1]][[70]]
         [,1]     [,2]      [,3]     [,4]
[1,] 0.802515 23.44616 -66.58422 126.3072

[[1]][[71]]
         [,1]     [,2]      [,3]     [,4]
[1,] 0.802515 23.44616 -66.58422 126.3072

[[1]][[72]]
         [,1]     [,2]      [,3]     [,4]
[1,] 0.802515 23.44616 -66.58422 126.3072

[[1]][[73]]
         [,1]     [,2]      [,3]     [,4]
[1,] 0.802515 23.44616 -66.58422 126.3072

[[1]][[74]]
         [,1]     [,2]      [,3]     [,4]
[1,] 0.802515 23.44616 -66.58422 126.3072

[[1]][[75]]
         [,1]     [,2]      [,3]     [,4]
[1,] 0.802515 23.44616 -66.58422 126.3072

[[1]][[76]]
         [,1]     [,2]      [,3]     [,4]
[1,] 0.802515 23.44616 -66.58422 126.3072

[[1]][[77]]
         [,1]     [,2]      [,3]     [,4]
[1,] 0.802515 23.44616 -66.58422 126.3072

[[1]][[78]]
         [,1]     [,2]      [,3]     [,4]
[1,] 0.802515 23.44616 -66.58422 126.3072

[[1]][[79]]
         [,1]     [,2]      [,3]     [,4]
[1,] 0.802515 23.44616 -66.58422 126.3072

[[1]][[80]]
         [,1]     [,2]      [,3]     [,4]
[1,] 0.802515 23.44616 -66.58422 126.3072

[[1]][[81]]
         [,1]     [,2]      [,3]     [,4]
[1,] 0.802515 23.44616 -66.58422 126.3072

[[1]][[82]]
         [,1]     [,2]      [,3]     [,4]
[1,] 0.802515 23.44616 -66.58422 126.3072

[[1]][[83]]
         [,1]     [,2]      [,3]     [,4]
[1,] 0.802515 23.44616 -66.58422 126.3072

[[1]][[84]]
         [,1]     [,2]      [,3]     [,4]
[1,] 0.802515 23.44616 -66.58422 126.3072

[[1]][[85]]
         [,1]     [,2]      [,3]     [,4]
[1,] 0.802515 23.44616 -66.58422 126.3072

[[1]][[86]]
          [,1]     [,2]      [,3]     [,4]
[1,] 0.4133338 23.93299 -65.81105 125.6339

[[1]][[87]]
          [,1]     [,2]      [,3]     [,4]
[1,] 0.4133338 23.93299 -65.81105 125.6339

[[1]][[88]]
          [,1]     [,2]      [,3]     [,4]
[1,] 0.4133338 23.93299 -65.81105 125.6339

[[1]][[89]]
          [,1]     [,2]      [,3]     [,4]
[1,] 0.4133338 23.93299 -65.81105 125.6339

[[1]][[90]]
          [,1]     [,2]      [,3]     [,4]
[1,] 0.4133338 23.93299 -65.81105 125.6339

[[1]][[91]]
          [,1]     [,2]      [,3]     [,4]
[1,] 0.4133338 23.93299 -65.81105 125.6339

[[1]][[92]]
          [,1]     [,2]      [,3]     [,4]
[1,] 0.4133338 23.93299 -65.81105 125.6339

[[1]][[93]]
          [,1]     [,2]      [,3]     [,4]
[1,] 0.4133338 23.93299 -65.81105 125.6339

[[1]][[94]]
          [,1]     [,2]      [,3]     [,4]
[1,] 0.4133338 23.93299 -65.81105 125.6339

[[1]][[95]]
          [,1]     [,2]      [,3]     [,4]
[1,] 0.4133338 23.93299 -65.81105 125.6339

[[1]][[96]]
          [,1]     [,2]      [,3]     [,4]
[1,] 0.4133338 23.93299 -65.81105 125.6339

[[1]][[97]]
          [,1]     [,2]      [,3]     [,4]
[1,] 0.4133338 23.93299 -65.81105 125.6339

[[1]][[98]]
          [,1]     [,2]      [,3]     [,4]
[1,] 0.4133338 23.93299 -65.81105 125.6339

[[1]][[99]]
          [,1]     [,2]      [,3]     [,4]
[1,] 0.4133338 23.93299 -65.81105 125.6339

[[1]][[100]]
          [,1]     [,2]      [,3]     [,4]
[1,] 0.4133338 23.93299 -65.81105 125.6339

[[1]][[101]]
          [,1]     [,2]      [,3]     [,4]
[1,] 0.4133338 23.93299 -65.81105 125.6339

[[1]][[102]]
          [,1]     [,2]      [,3]     [,4]
[1,] 0.4133338 23.93299 -65.81105 125.6339

[[1]][[103]]
          [,1]     [,2]      [,3]     [,4]
[1,] 0.4133338 23.93299 -65.81105 125.6339

[[1]][[104]]
          [,1]     [,2]      [,3]     [,4]
[1,] 0.4133338 23.93299 -65.81105 125.6339

[[1]][[105]]
          [,1]     [,2]      [,3]     [,4]
[1,] 0.4133338 23.93299 -65.81105 125.6339

[[1]][[106]]
          [,1]     [,2]      [,3]     [,4]
[1,] 0.4133338 23.93299 -65.81105 125.6339

[[1]][[107]]
          [,1]     [,2]      [,3]     [,4]
[1,] 0.4133338 23.93299 -65.81105 125.6339

[[1]][[108]]
          [,1]     [,2]      [,3]     [,4]
[1,] 0.4133338 23.93299 -65.81105 125.6339

[[1]][[109]]
          [,1]     [,2]      [,3]     [,4]
[1,] 0.4133338 23.93299 -65.81105 125.6339

[[1]][[110]]
          [,1]     [,2]      [,3]     [,4]
[1,] 0.4133338 23.93299 -65.81105 125.6339

[[1]][[111]]
          [,1]     [,2]      [,3]     [,4]
[1,] 0.4133338 23.93299 -65.81105 125.6339

[[1]][[112]]
          [,1]     [,2]      [,3]     [,4]
[1,] 0.4133338 23.93299 -65.81105 125.6339

[[1]][[113]]
          [,1]     [,2]      [,3]     [,4]
[1,] 0.4133338 23.93299 -65.81105 125.6339

[[1]][[114]]
          [,1]     [,2]      [,3]     [,4]
[1,] 0.4133338 23.93299 -65.81105 125.6339

[[1]][[115]]
          [,1]     [,2]      [,3]     [,4]
[1,] 0.4133338 23.93299 -65.81105 125.6339

[[1]][[116]]
          [,1]     [,2]      [,3]     [,4]
[1,] 0.4133338 23.93299 -65.81105 125.6339

[[1]][[117]]
          [,1]     [,2]      [,3]     [,4]
[1,] 0.4133338 23.93299 -65.81105 125.6339

[[1]][[118]]
          [,1]     [,2]      [,3]     [,4]
[1,] 0.4133338 23.93299 -65.81105 125.6339

[[1]][[119]]
          [,1]     [,2]      [,3]     [,4]
[1,] 0.4133338 23.93299 -65.81105 125.6339

[[1]][[120]]
          [,1]     [,2]      [,3]     [,4]
[1,] 0.4133338 23.93299 -65.81105 125.6339

[[1]][[121]]
          [,1]     [,2]      [,3]     [,4]
[1,] 0.4133338 23.93299 -65.81105 125.6339

[[1]][[122]]
          [,1]     [,2]      [,3]     [,4]
[1,] 0.4133338 23.93299 -65.81105 125.6339

[[1]][[123]]
          [,1]     [,2]      [,3]     [,4]
[1,] 0.4133338 23.93299 -65.81105 125.6339

[[1]][[124]]
          [,1]     [,2]      [,3]     [,4]
[1,] 0.4133338 23.93299 -65.81105 125.6339

[[1]][[125]]
          [,1]     [,2]      [,3]     [,4]
[1,] 0.4133338 23.93299 -65.81105 125.6339

[[1]][[126]]
          [,1]     [,2]      [,3]     [,4]
[1,] 0.4133338 23.93299 -65.81105 125.6339

[[1]][[127]]
          [,1]     [,2]      [,3]     [,4]
[1,] 0.4133338 23.93299 -65.81105 125.6339

[[1]][[128]]
          [,1]     [,2]      [,3]     [,4]
[1,] 0.4133338 23.93299 -65.81105 125.6339

[[1]][[129]]
          [,1]     [,2]      [,3]     [,4]
[1,] 0.4133338 23.93299 -65.81105 125.6339

[[1]][[130]]
          [,1]     [,2]      [,3]     [,4]
[1,] 0.4133338 23.93299 -65.81105 125.6339

[[1]][[131]]
          [,1]     [,2]      [,3]     [,4]
[1,] 0.4133338 23.93299 -65.81105 125.6339

[[1]][[132]]
          [,1]     [,2]      [,3]     [,4]
[1,] 0.4133338 23.93299 -65.81105 125.6339

[[1]][[133]]
          [,1]     [,2]      [,3]     [,4]
[1,] 0.4133338 23.93299 -65.81105 125.6339

[[1]][[134]]
          [,1]     [,2]      [,3]     [,4]
[1,] 0.4133338 23.93299 -65.81105 125.6339

[[1]][[135]]
          [,1]     [,2]      [,3]     [,4]
[1,] 0.4133338 23.93299 -65.81105 125.6339


[[2]]
[1] 8.037498

> 
> 
> 
