
Lmod is automatically replacing "intel/2020.1.217" with "gcc/9.3.0".


Due to MODULEPATH changes, the following have been reloaded:
  1) openmpi/4.0.3


R version 4.0.2 (2020-06-22) -- "Taking Off Again"
Copyright (C) 2020 The R Foundation for Statistical Computing
Platform: x86_64-pc-linux-gnu (64-bit)

R is free software and comes with ABSOLUTELY NO WARRANTY.
You are welcome to redistribute it under certain conditions.
Type 'license()' or 'licence()' for distribution details.

  Natural language support but running in an English locale

R is a collaborative project with many contributors.
Type 'contributors()' for more information and
'citation()' on how to cite R or R packages in publications.

Type 'demo()' for some demos, 'help()' for on-line help, or
'help.start()' for an HTML browser interface to help.
Type 'q()' to quit R.

> # R script to submit parallelized genetic algorithm optimzied runs.
> 
> # load libraries
> library(doParallel)
Loading required package: foreach
Loading required package: iterators
Loading required package: parallel
> library(GA)
Package 'GA' version 3.2.2
Type 'citation("GA")' for citing this R package in publications.

Attaching package: ‘GA’

The following object is masked from ‘package:utils’:

    de

> library(here)
here() starts at /scratch/wanglu57/job_scripts
> library(doRNG)
Loading required package: rngtools
> 
> source(here::here("ga_verbose.R"), local = T)
> source(here::here("chabaudi_si_clean.R"), local = T)
> # load function
> #-----------------------------#
> # load in parameters
> #-----------------------------#
> parameters_tsukushi <- c(R1 = 8.89*10^6, # slightly higher
+                          lambda = 3.7*10^5,
+                          mu = 0.025, 
+                          p = 8*10^-6, # doubled form original
+                          alpha = 1, 
+                          alphag = 2, 
+                          beta = 5.721, 
+                          mum = 48, 
+                          mug = 4, 
+                          I0 = 43.85965, 
+                          Ig0 = 0, 
+                          a = 150, 
+                          b = 100, 
+                          sp = 1,
+                          psin = 16.69234,
+                          psiw = 0.8431785,
+                          phin = 0.03520591, 
+                          phiw = 550.842,
+                          iota = 2.18*(10^6),
+                          rho = 0.2627156)
> 
> time_range <- seq(0, 20, by = 1e-3)
> 
> I_range <- seq(0, log10(10^7), log10(10^7)/5000)
> 
> #-----------------------------#
> # Begin parallelized code
> #----------------------------#
> 
> 
> # Create an array from the NODESLIST environnement variable
> nodeslist = unlist(strsplit(Sys.getenv("NODESLIST"), split=" "))
> 
> # Create the cluster with the nodes name. One process per count of node name.
> # nodeslist = node1 node1 node2 node2, means we are starting 2 processes on node1, likewise on node2.
> cl = makeCluster(nodeslist, type = "PSOCK") 
> registerDoParallel(cl)
> clusterExport(cl,c("ga_verbose", "time_range", "parameters_tsukushi", "I_range", "chabaudi_si_clean")) 
> clusterCall(cl, library, package = "mclust", character.only = TRUE)
[[1]]
[1] "mclust"    "stats"     "graphics"  "grDevices" "utils"     "datasets" 
[7] "methods"   "base"     

[[2]]
[1] "mclust"    "stats"     "graphics"  "grDevices" "utils"     "datasets" 
[7] "methods"   "base"     

[[3]]
[1] "mclust"    "stats"     "graphics"  "grDevices" "utils"     "datasets" 
[7] "methods"   "base"     

[[4]]
[1] "mclust"    "stats"     "graphics"  "grDevices" "utils"     "datasets" 
[7] "methods"   "base"     

[[5]]
[1] "mclust"    "stats"     "graphics"  "grDevices" "utils"     "datasets" 
[7] "methods"   "base"     

[[6]]
[1] "mclust"    "stats"     "graphics"  "grDevices" "utils"     "datasets" 
[7] "methods"   "base"     

[[7]]
[1] "mclust"    "stats"     "graphics"  "grDevices" "utils"     "datasets" 
[7] "methods"   "base"     

[[8]]
[1] "mclust"    "stats"     "graphics"  "grDevices" "utils"     "datasets" 
[7] "methods"   "base"     

[[9]]
[1] "mclust"    "stats"     "graphics"  "grDevices" "utils"     "datasets" 
[7] "methods"   "base"     

[[10]]
[1] "mclust"    "stats"     "graphics"  "grDevices" "utils"     "datasets" 
[7] "methods"   "base"     

[[11]]
[1] "mclust"    "stats"     "graphics"  "grDevices" "utils"     "datasets" 
[7] "methods"   "base"     

[[12]]
[1] "mclust"    "stats"     "graphics"  "grDevices" "utils"     "datasets" 
[7] "methods"   "base"     

[[13]]
[1] "mclust"    "stats"     "graphics"  "grDevices" "utils"     "datasets" 
[7] "methods"   "base"     

[[14]]
[1] "mclust"    "stats"     "graphics"  "grDevices" "utils"     "datasets" 
[7] "methods"   "base"     

[[15]]
[1] "mclust"    "stats"     "graphics"  "grDevices" "utils"     "datasets" 
[7] "methods"   "base"     

[[16]]
[1] "mclust"    "stats"     "graphics"  "grDevices" "utils"     "datasets" 
[7] "methods"   "base"     

[[17]]
[1] "mclust"    "stats"     "graphics"  "grDevices" "utils"     "datasets" 
[7] "methods"   "base"     

[[18]]
[1] "mclust"    "stats"     "graphics"  "grDevices" "utils"     "datasets" 
[7] "methods"   "base"     

[[19]]
[1] "mclust"    "stats"     "graphics"  "grDevices" "utils"     "datasets" 
[7] "methods"   "base"     

[[20]]
[1] "mclust"    "stats"     "graphics"  "grDevices" "utils"     "datasets" 
[7] "methods"   "base"     

[[21]]
[1] "mclust"    "stats"     "graphics"  "grDevices" "utils"     "datasets" 
[7] "methods"   "base"     

[[22]]
[1] "mclust"    "stats"     "graphics"  "grDevices" "utils"     "datasets" 
[7] "methods"   "base"     

[[23]]
[1] "mclust"    "stats"     "graphics"  "grDevices" "utils"     "datasets" 
[7] "methods"   "base"     

[[24]]
[1] "mclust"    "stats"     "graphics"  "grDevices" "utils"     "datasets" 
[7] "methods"   "base"     

[[25]]
[1] "mclust"    "stats"     "graphics"  "grDevices" "utils"     "datasets" 
[7] "methods"   "base"     

[[26]]
[1] "mclust"    "stats"     "graphics"  "grDevices" "utils"     "datasets" 
[7] "methods"   "base"     

[[27]]
[1] "mclust"    "stats"     "graphics"  "grDevices" "utils"     "datasets" 
[7] "methods"   "base"     

[[28]]
[1] "mclust"    "stats"     "graphics"  "grDevices" "utils"     "datasets" 
[7] "methods"   "base"     

[[29]]
[1] "mclust"    "stats"     "graphics"  "grDevices" "utils"     "datasets" 
[7] "methods"   "base"     

[[30]]
[1] "mclust"    "stats"     "graphics"  "grDevices" "utils"     "datasets" 
[7] "methods"   "base"     

[[31]]
[1] "mclust"    "stats"     "graphics"  "grDevices" "utils"     "datasets" 
[7] "methods"   "base"     

[[32]]
[1] "mclust"    "stats"     "graphics"  "grDevices" "utils"     "datasets" 
[7] "methods"   "base"     

[[33]]
[1] "mclust"    "stats"     "graphics"  "grDevices" "utils"     "datasets" 
[7] "methods"   "base"     

[[34]]
[1] "mclust"    "stats"     "graphics"  "grDevices" "utils"     "datasets" 
[7] "methods"   "base"     

[[35]]
[1] "mclust"    "stats"     "graphics"  "grDevices" "utils"     "datasets" 
[7] "methods"   "base"     

[[36]]
[1] "mclust"    "stats"     "graphics"  "grDevices" "utils"     "datasets" 
[7] "methods"   "base"     

[[37]]
[1] "mclust"    "stats"     "graphics"  "grDevices" "utils"     "datasets" 
[7] "methods"   "base"     

[[38]]
[1] "mclust"    "stats"     "graphics"  "grDevices" "utils"     "datasets" 
[7] "methods"   "base"     

[[39]]
[1] "mclust"    "stats"     "graphics"  "grDevices" "utils"     "datasets" 
[7] "methods"   "base"     

[[40]]
[1] "mclust"    "stats"     "graphics"  "grDevices" "utils"     "datasets" 
[7] "methods"   "base"     

[[41]]
[1] "mclust"    "stats"     "graphics"  "grDevices" "utils"     "datasets" 
[7] "methods"   "base"     

[[42]]
[1] "mclust"    "stats"     "graphics"  "grDevices" "utils"     "datasets" 
[7] "methods"   "base"     

[[43]]
[1] "mclust"    "stats"     "graphics"  "grDevices" "utils"     "datasets" 
[7] "methods"   "base"     

[[44]]
[1] "mclust"    "stats"     "graphics"  "grDevices" "utils"     "datasets" 
[7] "methods"   "base"     

[[45]]
[1] "mclust"    "stats"     "graphics"  "grDevices" "utils"     "datasets" 
[7] "methods"   "base"     

[[46]]
[1] "mclust"    "stats"     "graphics"  "grDevices" "utils"     "datasets" 
[7] "methods"   "base"     

[[47]]
[1] "mclust"    "stats"     "graphics"  "grDevices" "utils"     "datasets" 
[7] "methods"   "base"     

[[48]]
[1] "mclust"    "stats"     "graphics"  "grDevices" "utils"     "datasets" 
[7] "methods"   "base"     

> ga_res <- ga_verbose(type = "real-valued", 
+                      function(x)
+                        chabaudi_si_clean(
+                          parameters_cr = c(x[1], x[2], x[3], x[4]), 
+                          parameters = parameters_tsukushi, 
+                          time_range = time_range, 
+                          cue = "I", 
+                          cue_range = I_range, 
+                          log_cue = "log10",
+                          immunity = "tsukushi",
+                          solver = "vode"),
+                      lower = c(-1, -100, -1000, -5000), # range determined that would alter shape of spline
+                      upper = c(1, 100, 1000, 5000),  
+                      popSize = 250, 
+                      maxiter = 1000, # change to 10 for testing purpose 
+                      pmutation = 0.3,
+                      keepBest = TRUE,
+                      run = 50,
+                      parallel = cl,
+                      seed = 137,
+                      monitor = TRUE,
+                      id = "2022-03-05_si-I-log-emp")
-0.3990724 -1.815569 845.101 -1016.89[[1]]
           [,1]      [,2]    [,3]     [,4]
[1,] -0.3990724 -1.815569 845.101 -1016.89

[[2]]
[1] 1.791858

GA | iter = 1 | Mean = 0.1040387 | Best = 1.7918576
0.5361344 -49.0045 764.8581 -941.4494[[1]]
          [,1]     [,2]     [,3]      [,4]
[1,] 0.5361344 -49.0045 764.8581 -941.4494

[[2]]
[1] 1.793441

GA | iter = 2 | Mean = 0.2196381 | Best = 1.7934406
-0.4360357 30.58706 805.3727 -1014.954[[1]]
           [,1]     [,2]     [,3]      [,4]
[1,] -0.4360357 30.58706 805.3727 -1014.954

[[2]]
[1] 1.795032

GA | iter = 3 | Mean = 0.3450965 | Best = 1.7950324
0.003243974 33.5117 5.51752 -81.58999[[1]]
            [,1]    [,2]    [,3]      [,4]
[1,] 0.003243974 33.5117 5.51752 -81.58999

[[2]]
[1] 2.597938

GA | iter = 4 | Mean = 0.6232099 | Best = 2.5979379
0.003243974 33.5117 5.51752 -81.58999[[1]]
            [,1]    [,2]    [,3]      [,4]
[1,] 0.003243974 33.5117 5.51752 -81.58999

[[2]]
[1] 2.597938

GA | iter = 5 | Mean = 0.8363926 | Best = 2.5979379
0.003243974 33.5117 5.51752 -81.58999[[1]]
            [,1]    [,2]    [,3]      [,4]
[1,] 0.003243974 33.5117 5.51752 -81.58999

[[2]]
[1] 2.597938

GA | iter = 6 | Mean = 1.071237 | Best = 2.597938
0.003243974 33.5117 5.51752 -81.58999[[1]]
            [,1]    [,2]    [,3]      [,4]
[1,] 0.003243974 33.5117 5.51752 -81.58999

[[2]]
[1] 2.597938

GA | iter = 7 | Mean = 1.260435 | Best = 2.597938
0.003243974 33.5117 5.51752 -81.58999[[1]]
            [,1]    [,2]    [,3]      [,4]
[1,] 0.003243974 33.5117 5.51752 -81.58999

[[2]]
[1] 2.597938

GA | iter = 8 | Mean = 1.440142 | Best = 2.597938
0.003243974 33.5117 5.51752 -81.58999[[1]]
            [,1]    [,2]    [,3]      [,4]
[1,] 0.003243974 33.5117 5.51752 -81.58999

[[2]]
[1] 2.597938

GA | iter = 9 | Mean = 1.442077 | Best = 2.597938
0.003243974 33.5117 5.51752 -81.58999[[1]]
            [,1]    [,2]    [,3]      [,4]
[1,] 0.003243974 33.5117 5.51752 -81.58999

[[2]]
[1] 2.597938

GA | iter = 10 | Mean = 1.466757 | Best = 2.597938
0.003243974 33.5117 5.51752 -81.58999[[1]]
            [,1]    [,2]    [,3]      [,4]
[1,] 0.003243974 33.5117 5.51752 -81.58999

[[2]]
[1] 2.597938

GA | iter = 11 | Mean = 1.481655 | Best = 2.597938
0.003243974 33.5117 5.51752 -81.58999[[1]]
            [,1]    [,2]    [,3]      [,4]
[1,] 0.003243974 33.5117 5.51752 -81.58999

[[2]]
[1] 2.597938

GA | iter = 12 | Mean = 1.529410 | Best = 2.597938
0.003243974 33.5117 5.51752 -81.58999[[1]]
            [,1]    [,2]    [,3]      [,4]
[1,] 0.003243974 33.5117 5.51752 -81.58999

[[2]]
[1] 2.597938

GA | iter = 13 | Mean = 1.490424 | Best = 2.597938
0.003243974 33.5117 5.51752 -81.58999[[1]]
            [,1]    [,2]    [,3]      [,4]
[1,] 0.003243974 33.5117 5.51752 -81.58999

[[2]]
[1] 2.597938

GA | iter = 14 | Mean = 1.503011 | Best = 2.597938
0.003243974 33.5117 5.51752 -81.58999[[1]]
            [,1]    [,2]    [,3]      [,4]
[1,] 0.003243974 33.5117 5.51752 -81.58999

[[2]]
[1] 2.597938

GA | iter = 15 | Mean = 1.533835 | Best = 2.597938
0.003243974 33.5117 5.51752 -81.58999[[1]]
            [,1]    [,2]    [,3]      [,4]
[1,] 0.003243974 33.5117 5.51752 -81.58999

[[2]]
[1] 2.597938

GA | iter = 16 | Mean = 1.516331 | Best = 2.597938
0.003243974 33.5117 5.51752 -81.58999[[1]]
            [,1]    [,2]    [,3]      [,4]
[1,] 0.003243974 33.5117 5.51752 -81.58999

[[2]]
[1] 2.597938

GA | iter = 17 | Mean = 1.547913 | Best = 2.597938
0.003243974 33.5117 5.51752 -81.58999[[1]]
            [,1]    [,2]    [,3]      [,4]
[1,] 0.003243974 33.5117 5.51752 -81.58999

[[2]]
[1] 2.597938

GA | iter = 18 | Mean = 1.475214 | Best = 2.597938
0.003243974 33.5117 5.51752 -81.58999[[1]]
            [,1]    [,2]    [,3]      [,4]
[1,] 0.003243974 33.5117 5.51752 -81.58999

[[2]]
[1] 2.597938

GA | iter = 19 | Mean = 1.507847 | Best = 2.597938
0.003243974 33.5117 5.51752 -81.58999[[1]]
            [,1]    [,2]    [,3]      [,4]
[1,] 0.003243974 33.5117 5.51752 -81.58999

[[2]]
[1] 2.597938

GA | iter = 20 | Mean = 1.550249 | Best = 2.597938
0.003243974 33.5117 5.51752 -81.58999[[1]]
            [,1]    [,2]    [,3]      [,4]
[1,] 0.003243974 33.5117 5.51752 -81.58999

[[2]]
[1] 2.597938

GA | iter = 21 | Mean = 1.548293 | Best = 2.597938
0.003243974 33.5117 5.51752 -81.58999[[1]]
            [,1]    [,2]    [,3]      [,4]
[1,] 0.003243974 33.5117 5.51752 -81.58999

[[2]]
[1] 2.597938

GA | iter = 22 | Mean = 1.502378 | Best = 2.597938
0.003243974 33.5117 5.51752 -81.58999[[1]]
            [,1]    [,2]    [,3]      [,4]
[1,] 0.003243974 33.5117 5.51752 -81.58999

[[2]]
[1] 2.597938

GA | iter = 23 | Mean = 1.484723 | Best = 2.597938
0.003243974 33.5117 5.51752 -81.58999[[1]]
            [,1]    [,2]    [,3]      [,4]
[1,] 0.003243974 33.5117 5.51752 -81.58999

[[2]]
[1] 2.597938

GA | iter = 24 | Mean = 1.530198 | Best = 2.597938
0.003243974 33.5117 5.51752 -81.58999[[1]]
            [,1]    [,2]    [,3]      [,4]
[1,] 0.003243974 33.5117 5.51752 -81.58999

[[2]]
[1] 2.597938

GA | iter = 25 | Mean = 1.480459 | Best = 2.597938
-0.08999518 35.0473 6.338235 -82.73559[[1]]
            [,1]    [,2]     [,3]      [,4]
[1,] -0.08999518 35.0473 6.338235 -82.73559

[[2]]
[1] 2.616548

GA | iter = 26 | Mean = 1.567568 | Best = 2.616548
-0.08999518 35.0473 6.338235 -82.73559[[1]]
            [,1]    [,2]     [,3]      [,4]
[1,] -0.08999518 35.0473 6.338235 -82.73559

[[2]]
[1] 2.616548

GA | iter = 27 | Mean = 1.522605 | Best = 2.616548
-0.08999518 35.0473 6.338235 -82.73559[[1]]
            [,1]    [,2]     [,3]      [,4]
[1,] -0.08999518 35.0473 6.338235 -82.73559

[[2]]
[1] 2.616548

GA | iter = 28 | Mean = 1.463199 | Best = 2.616548
-0.08999518 35.0473 6.338235 -82.73559[[1]]
            [,1]    [,2]     [,3]      [,4]
[1,] -0.08999518 35.0473 6.338235 -82.73559

[[2]]
[1] 2.616548

GA | iter = 29 | Mean = 1.511238 | Best = 2.616548
-0.08999518 35.0473 6.338235 -82.73559[[1]]
            [,1]    [,2]     [,3]      [,4]
[1,] -0.08999518 35.0473 6.338235 -82.73559

[[2]]
[1] 2.616548

GA | iter = 30 | Mean = 1.524545 | Best = 2.616548
-0.08999518 35.0473 6.338235 -82.73559[[1]]
            [,1]    [,2]     [,3]      [,4]
[1,] -0.08999518 35.0473 6.338235 -82.73559

[[2]]
[1] 2.616548

GA | iter = 31 | Mean = 1.565462 | Best = 2.616548
-0.08999518 35.0473 6.338235 -82.73559[[1]]
            [,1]    [,2]     [,3]      [,4]
[1,] -0.08999518 35.0473 6.338235 -82.73559

[[2]]
[1] 2.616548

GA | iter = 32 | Mean = 1.492280 | Best = 2.616548
0.003243974 47.36292 5.51752 -81.58999[[1]]
            [,1]     [,2]    [,3]      [,4]
[1,] 0.003243974 47.36292 5.51752 -81.58999

[[2]]
[1] 2.930137

GA | iter = 33 | Mean = 1.531486 | Best = 2.930137
0.003243974 47.36292 5.51752 -81.58999[[1]]
            [,1]     [,2]    [,3]      [,4]
[1,] 0.003243974 47.36292 5.51752 -81.58999

[[2]]
[1] 2.930137

GA | iter = 34 | Mean = 1.556107 | Best = 2.930137
0.003243974 47.36292 5.51752 -81.58999[[1]]
            [,1]     [,2]    [,3]      [,4]
[1,] 0.003243974 47.36292 5.51752 -81.58999

[[2]]
[1] 2.930137

GA | iter = 35 | Mean = 1.539185 | Best = 2.930137
0.003243974 47.36292 5.51752 -81.58999[[1]]
            [,1]     [,2]    [,3]      [,4]
[1,] 0.003243974 47.36292 5.51752 -81.58999

[[2]]
[1] 2.930137

GA | iter = 36 | Mean = 1.447080 | Best = 2.930137
-0.05118942 17.02089 30.47577 -87.5496[[1]]
            [,1]     [,2]     [,3]     [,4]
[1,] -0.05118942 17.02089 30.47577 -87.5496

[[2]]
[1] 3.070982

GA | iter = 37 | Mean = 1.428809 | Best = 3.070982
-0.05118942 17.02089 30.47577 -87.5496[[1]]
            [,1]     [,2]     [,3]     [,4]
[1,] -0.05118942 17.02089 30.47577 -87.5496

[[2]]
[1] 3.070982

GA | iter = 38 | Mean = 1.450581 | Best = 3.070982
-0.05118942 17.02089 30.47577 -87.5496[[1]]
            [,1]     [,2]     [,3]     [,4]
[1,] -0.05118942 17.02089 30.47577 -87.5496

[[2]]
[1] 3.070982

GA | iter = 39 | Mean = 1.494802 | Best = 3.070982
-0.05118942 17.02089 30.47577 -87.5496[[1]]
            [,1]     [,2]     [,3]     [,4]
[1,] -0.05118942 17.02089 30.47577 -87.5496

[[2]]
[1] 3.070982

GA | iter = 40 | Mean = 1.562360 | Best = 3.070982
-0.1047898 -8.979564 42.41121 -93.26954[[1]]
           [,1]      [,2]     [,3]      [,4]
[1,] -0.1047898 -8.979564 42.41121 -93.26954

[[2]]
[1] 3.886024

GA | iter = 41 | Mean = 1.606700 | Best = 3.886024
-0.1047898 -8.979564 42.41121 -93.26954[[1]]
           [,1]      [,2]     [,3]      [,4]
[1,] -0.1047898 -8.979564 42.41121 -93.26954

[[2]]
[1] 3.886024

GA | iter = 42 | Mean = 1.549864 | Best = 3.886024
-0.1047898 -8.979564 42.41121 -93.26954[[1]]
           [,1]      [,2]     [,3]      [,4]
[1,] -0.1047898 -8.979564 42.41121 -93.26954

[[2]]
[1] 3.886024

GA | iter = 43 | Mean = 1.504496 | Best = 3.886024
-0.1047898 -8.979564 42.41121 -93.26954[[1]]
           [,1]      [,2]     [,3]      [,4]
[1,] -0.1047898 -8.979564 42.41121 -93.26954

[[2]]
[1] 3.886024

GA | iter = 44 | Mean = 1.411592 | Best = 3.886024
-0.1047898 -8.979564 42.41121 -93.26954[[1]]
           [,1]      [,2]     [,3]      [,4]
[1,] -0.1047898 -8.979564 42.41121 -93.26954

[[2]]
[1] 3.886024

GA | iter = 45 | Mean = 1.522305 | Best = 3.886024
-0.1047898 -8.979564 42.41121 -93.26954[[1]]
           [,1]      [,2]     [,3]      [,4]
[1,] -0.1047898 -8.979564 42.41121 -93.26954

[[2]]
[1] 3.886024

GA | iter = 46 | Mean = 1.394918 | Best = 3.886024
-0.1047898 -8.979564 42.41121 -93.26954[[1]]
           [,1]      [,2]     [,3]      [,4]
[1,] -0.1047898 -8.979564 42.41121 -93.26954

[[2]]
[1] 3.886024

GA | iter = 47 | Mean = 1.334862 | Best = 3.886024
-0.1047898 -8.979564 42.41121 -93.26954[[1]]
           [,1]      [,2]     [,3]      [,4]
[1,] -0.1047898 -8.979564 42.41121 -93.26954

[[2]]
[1] 3.886024

GA | iter = 48 | Mean = 1.405014 | Best = 3.886024
-0.1047898 -8.979564 42.41121 -93.26954[[1]]
           [,1]      [,2]     [,3]      [,4]
[1,] -0.1047898 -8.979564 42.41121 -93.26954

[[2]]
[1] 3.886024

GA | iter = 49 | Mean = 1.458371 | Best = 3.886024
-0.1047898 -8.979564 42.41121 -93.26954[[1]]
           [,1]      [,2]     [,3]      [,4]
[1,] -0.1047898 -8.979564 42.41121 -93.26954

[[2]]
[1] 3.886024

GA | iter = 50 | Mean = 1.588507 | Best = 3.886024
-0.1047898 -8.979564 42.41121 -93.26954[[1]]
           [,1]      [,2]     [,3]      [,4]
[1,] -0.1047898 -8.979564 42.41121 -93.26954

[[2]]
[1] 3.886024

GA | iter = 51 | Mean = 1.560342 | Best = 3.886024
-0.1047898 -8.979564 42.41121 -93.26954[[1]]
           [,1]      [,2]     [,3]      [,4]
[1,] -0.1047898 -8.979564 42.41121 -93.26954

[[2]]
[1] 3.886024

GA | iter = 52 | Mean = 1.482222 | Best = 3.886024
-0.1047898 -8.979564 42.41121 -93.26954[[1]]
           [,1]      [,2]     [,3]      [,4]
[1,] -0.1047898 -8.979564 42.41121 -93.26954

[[2]]
[1] 3.886024

GA | iter = 53 | Mean = 1.676687 | Best = 3.886024
0.1341193 -8.979564 42.41121 -93.26954[[1]]
          [,1]      [,2]     [,3]      [,4]
[1,] 0.1341193 -8.979564 42.41121 -93.26954

[[2]]
[1] 3.987344

GA | iter = 54 | Mean = 1.720714 | Best = 3.987344
0.1341193 -8.979564 42.41121 -93.26954[[1]]
          [,1]      [,2]     [,3]      [,4]
[1,] 0.1341193 -8.979564 42.41121 -93.26954

[[2]]
[1] 3.987344

GA | iter = 55 | Mean = 1.923231 | Best = 3.987344
0.1341193 -8.979564 42.41121 -93.26954[[1]]
          [,1]      [,2]     [,3]      [,4]
[1,] 0.1341193 -8.979564 42.41121 -93.26954

[[2]]
[1] 3.987344

GA | iter = 56 | Mean = 1.757101 | Best = 3.987344
0.1341193 -8.979564 42.41121 -93.26954[[1]]
          [,1]      [,2]     [,3]      [,4]
[1,] 0.1341193 -8.979564 42.41121 -93.26954

[[2]]
[1] 3.987344

GA | iter = 57 | Mean = 1.931782 | Best = 3.987344
0.1341193 -8.979564 42.41121 -93.26954[[1]]
          [,1]      [,2]     [,3]      [,4]
[1,] 0.1341193 -8.979564 42.41121 -93.26954

[[2]]
[1] 3.987344

GA | iter = 58 | Mean = 2.116729 | Best = 3.987344
0.1341193 -8.979564 42.41121 -93.26954[[1]]
          [,1]      [,2]     [,3]      [,4]
[1,] 0.1341193 -8.979564 42.41121 -93.26954

[[2]]
[1] 3.987344

GA | iter = 59 | Mean = 2.040175 | Best = 3.987344
0.1341193 -8.979564 42.41121 -93.26954[[1]]
          [,1]      [,2]     [,3]      [,4]
[1,] 0.1341193 -8.979564 42.41121 -93.26954

[[2]]
[1] 3.987344

GA | iter = 60 | Mean = 2.343972 | Best = 3.987344
0.1341193 -8.979564 42.41121 -93.26954[[1]]
          [,1]      [,2]     [,3]      [,4]
[1,] 0.1341193 -8.979564 42.41121 -93.26954

[[2]]
[1] 3.987344

GA | iter = 61 | Mean = 2.483325 | Best = 3.987344
0.1341193 -8.979564 42.41121 -93.26954[[1]]
          [,1]      [,2]     [,3]      [,4]
[1,] 0.1341193 -8.979564 42.41121 -93.26954

[[2]]
[1] 3.987344

GA | iter = 62 | Mean = 2.502428 | Best = 3.987344
0.1341193 -8.979564 42.41121 -93.26954[[1]]
          [,1]      [,2]     [,3]      [,4]
[1,] 0.1341193 -8.979564 42.41121 -93.26954

[[2]]
[1] 3.987344

GA | iter = 63 | Mean = 2.466532 | Best = 3.987344
0.1341193 -8.979564 42.41121 -93.26954[[1]]
          [,1]      [,2]     [,3]      [,4]
[1,] 0.1341193 -8.979564 42.41121 -93.26954

[[2]]
[1] 3.987344

GA | iter = 64 | Mean = 2.422549 | Best = 3.987344
-0.01281483 -12.56981 49.89356 -95.47436[[1]]
            [,1]      [,2]     [,3]      [,4]
[1,] -0.01281483 -12.56981 49.89356 -95.47436

[[2]]
[1] 4.099432

GA | iter = 65 | Mean = 2.532255 | Best = 4.099432
-0.01281483 -12.56981 49.89356 -95.47436[[1]]
            [,1]      [,2]     [,3]      [,4]
[1,] -0.01281483 -12.56981 49.89356 -95.47436

[[2]]
[1] 4.099432

GA | iter = 66 | Mean = 2.427285 | Best = 4.099432
-0.01281483 -12.56981 49.89356 -95.47436[[1]]
            [,1]      [,2]     [,3]      [,4]
[1,] -0.01281483 -12.56981 49.89356 -95.47436

[[2]]
[1] 4.099432

GA | iter = 67 | Mean = 2.445579 | Best = 4.099432
-0.01281483 -12.56981 49.89356 -95.47436[[1]]
            [,1]      [,2]     [,3]      [,4]
[1,] -0.01281483 -12.56981 49.89356 -95.47436

[[2]]
[1] 4.099432

GA | iter = 68 | Mean = 2.514327 | Best = 4.099432
-0.01281483 -12.56981 49.89356 -95.47436[[1]]
            [,1]      [,2]     [,3]      [,4]
[1,] -0.01281483 -12.56981 49.89356 -95.47436

[[2]]
[1] 4.099432

GA | iter = 69 | Mean = 2.569951 | Best = 4.099432
-0.01281483 -12.56981 49.89356 -95.47436[[1]]
            [,1]      [,2]     [,3]      [,4]
[1,] -0.01281483 -12.56981 49.89356 -95.47436

[[2]]
[1] 4.099432

GA | iter = 70 | Mean = 2.538459 | Best = 4.099432
-0.01281483 -12.56981 49.89356 -95.47436[[1]]
            [,1]      [,2]     [,3]      [,4]
[1,] -0.01281483 -12.56981 49.89356 -95.47436

[[2]]
[1] 4.099432

GA | iter = 71 | Mean = 2.494582 | Best = 4.099432
0.00426695 -12.22742 48.0336 -96.81269[[1]]
           [,1]      [,2]    [,3]      [,4]
[1,] 0.00426695 -12.22742 48.0336 -96.81269

[[2]]
[1] 4.219336

GA | iter = 72 | Mean = 2.713483 | Best = 4.219336
0.00426695 -12.22742 48.0336 -96.81269[[1]]
           [,1]      [,2]    [,3]      [,4]
[1,] 0.00426695 -12.22742 48.0336 -96.81269

[[2]]
[1] 4.219336

GA | iter = 73 | Mean = 2.571080 | Best = 4.219336
0.00426695 -12.22742 48.0336 -96.81269[[1]]
           [,1]      [,2]    [,3]      [,4]
[1,] 0.00426695 -12.22742 48.0336 -96.81269

[[2]]
[1] 4.219336

GA | iter = 74 | Mean = 2.642421 | Best = 4.219336
0.00426695 -12.22742 48.0336 -96.81269[[1]]
           [,1]      [,2]    [,3]      [,4]
[1,] 0.00426695 -12.22742 48.0336 -96.81269

[[2]]
[1] 4.219336

GA | iter = 75 | Mean = 2.721844 | Best = 4.219336
0.00426695 -12.22742 48.0336 -96.81269[[1]]
           [,1]      [,2]    [,3]      [,4]
[1,] 0.00426695 -12.22742 48.0336 -96.81269

[[2]]
[1] 4.219336

GA | iter = 76 | Mean = 2.669968 | Best = 4.219336
-0.1676758 -12.66275 47.49042 -93.46424[[1]]
           [,1]      [,2]     [,3]      [,4]
[1,] -0.1676758 -12.66275 47.49042 -93.46424

[[2]]
[1] 4.297233

GA | iter = 77 | Mean = 2.685690 | Best = 4.297233
-0.1676758 -12.66275 47.49042 -93.46424[[1]]
           [,1]      [,2]     [,3]      [,4]
[1,] -0.1676758 -12.66275 47.49042 -93.46424

[[2]]
[1] 4.297233

GA | iter = 78 | Mean = 2.840647 | Best = 4.297233
-0.1676758 -12.66275 47.49042 -93.46424[[1]]
           [,1]      [,2]     [,3]      [,4]
[1,] -0.1676758 -12.66275 47.49042 -93.46424

[[2]]
[1] 4.297233

GA | iter = 79 | Mean = 2.677611 | Best = 4.297233
-0.1676758 -12.66275 47.49042 -93.46424[[1]]
           [,1]      [,2]     [,3]      [,4]
[1,] -0.1676758 -12.66275 47.49042 -93.46424

[[2]]
[1] 4.297233

GA | iter = 80 | Mean = 2.878905 | Best = 4.297233
-0.1676758 -12.66275 47.49042 -93.46424[[1]]
           [,1]      [,2]     [,3]      [,4]
[1,] -0.1676758 -12.66275 47.49042 -93.46424

[[2]]
[1] 4.297233

GA | iter = 81 | Mean = 2.780802 | Best = 4.297233
-0.1676758 -12.66275 47.49042 -93.46424[[1]]
           [,1]      [,2]     [,3]      [,4]
[1,] -0.1676758 -12.66275 47.49042 -93.46424

[[2]]
[1] 4.297233

GA | iter = 82 | Mean = 2.893208 | Best = 4.297233
-0.1676758 -12.66275 47.49042 -93.46424[[1]]
           [,1]      [,2]     [,3]      [,4]
[1,] -0.1676758 -12.66275 47.49042 -93.46424

[[2]]
[1] 4.297233

GA | iter = 83 | Mean = 3.041132 | Best = 4.297233
0.0508458 -12.58024 47.34811 -93.73324[[1]]
          [,1]      [,2]     [,3]      [,4]
[1,] 0.0508458 -12.58024 47.34811 -93.73324

[[2]]
[1] 4.333596

GA | iter = 84 | Mean = 2.953925 | Best = 4.333596
0.0508458 -12.58024 47.34811 -93.73324[[1]]
          [,1]      [,2]     [,3]      [,4]
[1,] 0.0508458 -12.58024 47.34811 -93.73324

[[2]]
[1] 4.333596

GA | iter = 85 | Mean = 2.984358 | Best = 4.333596
0.0508458 -12.58024 47.34811 -93.73324[[1]]
          [,1]      [,2]     [,3]      [,4]
[1,] 0.0508458 -12.58024 47.34811 -93.73324

[[2]]
[1] 4.333596

GA | iter = 86 | Mean = 3.040690 | Best = 4.333596
0.2064185 -12.66275 47.49042 -93.46424[[1]]
          [,1]      [,2]     [,3]      [,4]
[1,] 0.2064185 -12.66275 47.49042 -93.46424

[[2]]
[1] 4.378869

GA | iter = 87 | Mean = 3.030549 | Best = 4.378869
0.2064185 -12.66275 47.49042 -93.46424[[1]]
          [,1]      [,2]     [,3]      [,4]
[1,] 0.2064185 -12.66275 47.49042 -93.46424

[[2]]
[1] 4.378869

GA | iter = 88 | Mean = 3.126612 | Best = 4.378869
0.2064185 -12.66275 47.49042 -93.46424[[1]]
          [,1]      [,2]     [,3]      [,4]
[1,] 0.2064185 -12.66275 47.49042 -93.46424

[[2]]
[1] 4.378869

GA | iter = 89 | Mean = 3.092038 | Best = 4.378869
0.2064185 -12.66275 47.49042 -93.46424[[1]]
          [,1]      [,2]     [,3]      [,4]
[1,] 0.2064185 -12.66275 47.49042 -93.46424

[[2]]
[1] 4.378869

GA | iter = 90 | Mean = 3.058123 | Best = 4.378869
0.2064185 -12.66275 47.49042 -93.46424[[1]]
          [,1]      [,2]     [,3]      [,4]
[1,] 0.2064185 -12.66275 47.49042 -93.46424

[[2]]
[1] 4.378869

GA | iter = 91 | Mean = 2.932512 | Best = 4.378869
0.2064185 -12.66275 47.49042 -93.46424[[1]]
          [,1]      [,2]     [,3]      [,4]
[1,] 0.2064185 -12.66275 47.49042 -93.46424

[[2]]
[1] 4.378869

GA | iter = 92 | Mean = 3.132411 | Best = 4.378869
0.2064185 -12.66275 47.49042 -93.46424[[1]]
          [,1]      [,2]     [,3]      [,4]
[1,] 0.2064185 -12.66275 47.49042 -93.46424

[[2]]
[1] 4.378869

GA | iter = 93 | Mean = 3.152370 | Best = 4.378869
0.2064185 -12.66275 47.49042 -93.46424[[1]]
          [,1]      [,2]     [,3]      [,4]
[1,] 0.2064185 -12.66275 47.49042 -93.46424

[[2]]
[1] 4.378869

GA | iter = 94 | Mean = 3.265321 | Best = 4.378869
0.2064185 -12.66275 47.49042 -93.46424[[1]]
          [,1]      [,2]     [,3]      [,4]
[1,] 0.2064185 -12.66275 47.49042 -93.46424

[[2]]
[1] 4.378869

GA | iter = 95 | Mean = 3.229527 | Best = 4.378869
0.2064185 -12.66275 47.49042 -93.46424[[1]]
          [,1]      [,2]     [,3]      [,4]
[1,] 0.2064185 -12.66275 47.49042 -93.46424

[[2]]
[1] 4.378869

GA | iter = 96 | Mean = 3.057367 | Best = 4.378869
0.2064185 -12.66275 47.49042 -93.46424[[1]]
          [,1]      [,2]     [,3]      [,4]
[1,] 0.2064185 -12.66275 47.49042 -93.46424

[[2]]
[1] 4.378869

GA | iter = 97 | Mean = 2.986727 | Best = 4.378869
0.2064185 -12.66275 47.49042 -93.46424[[1]]
          [,1]      [,2]     [,3]      [,4]
[1,] 0.2064185 -12.66275 47.49042 -93.46424

[[2]]
[1] 4.378869

GA | iter = 98 | Mean = 3.137437 | Best = 4.378869
0.2064185 -12.66275 47.49042 -93.46424[[1]]
          [,1]      [,2]     [,3]      [,4]
[1,] 0.2064185 -12.66275 47.49042 -93.46424

[[2]]
[1] 4.378869

GA | iter = 99 | Mean = 3.268200 | Best = 4.378869
0.2064185 -12.66275 47.49042 -93.46424[[1]]
          [,1]      [,2]     [,3]      [,4]
[1,] 0.2064185 -12.66275 47.49042 -93.46424

[[2]]
[1] 4.378869

GA | iter = 100 | Mean = 3.345660 | Best = 4.378869
0.2064185 -12.66275 47.49042 -93.46424[[1]]
          [,1]      [,2]     [,3]      [,4]
[1,] 0.2064185 -12.66275 47.49042 -93.46424

[[2]]
[1] 4.378869

GA | iter = 101 | Mean = 3.187450 | Best = 4.378869
0.2064185 -12.66275 47.49042 -93.46424[[1]]
          [,1]      [,2]     [,3]      [,4]
[1,] 0.2064185 -12.66275 47.49042 -93.46424

[[2]]
[1] 4.378869

GA | iter = 102 | Mean = 3.139807 | Best = 4.378869
0.2064185 -12.66275 47.49042 -93.46424[[1]]
          [,1]      [,2]     [,3]      [,4]
[1,] 0.2064185 -12.66275 47.49042 -93.46424

[[2]]
[1] 4.378869

GA | iter = 103 | Mean = 3.131617 | Best = 4.378869
0.2064185 -12.66275 47.49042 -93.46424[[1]]
          [,1]      [,2]     [,3]      [,4]
[1,] 0.2064185 -12.66275 47.49042 -93.46424

[[2]]
[1] 4.378869

GA | iter = 104 | Mean = 3.164778 | Best = 4.378869
0.2064185 -12.66275 47.49042 -93.46424[[1]]
          [,1]      [,2]     [,3]      [,4]
[1,] 0.2064185 -12.66275 47.49042 -93.46424

[[2]]
[1] 4.378869

GA | iter = 105 | Mean = 3.156963 | Best = 4.378869
0.2064185 -12.66275 47.49042 -93.46424[[1]]
          [,1]      [,2]     [,3]      [,4]
[1,] 0.2064185 -12.66275 47.49042 -93.46424

[[2]]
[1] 4.378869

GA | iter = 106 | Mean = 3.326488 | Best = 4.378869
0.2064185 -12.66275 47.49042 -93.46424[[1]]
          [,1]      [,2]     [,3]      [,4]
[1,] 0.2064185 -12.66275 47.49042 -93.46424

[[2]]
[1] 4.378869

GA | iter = 107 | Mean = 3.155888 | Best = 4.378869
0.2064185 -12.66275 47.49042 -93.46424[[1]]
          [,1]      [,2]     [,3]      [,4]
[1,] 0.2064185 -12.66275 47.49042 -93.46424

[[2]]
[1] 4.378869

GA | iter = 108 | Mean = 3.115724 | Best = 4.378869
0.2064185 -12.66275 47.49042 -93.46424[[1]]
          [,1]      [,2]     [,3]      [,4]
[1,] 0.2064185 -12.66275 47.49042 -93.46424

[[2]]
[1] 4.378869

GA | iter = 109 | Mean = 3.142309 | Best = 4.378869
0.2064185 -12.66275 47.49042 -93.46424[[1]]
          [,1]      [,2]     [,3]      [,4]
[1,] 0.2064185 -12.66275 47.49042 -93.46424

[[2]]
[1] 4.378869

GA | iter = 110 | Mean = 3.270958 | Best = 4.378869
0.2064185 -12.66275 47.49042 -93.46424[[1]]
          [,1]      [,2]     [,3]      [,4]
[1,] 0.2064185 -12.66275 47.49042 -93.46424

[[2]]
[1] 4.378869

GA | iter = 111 | Mean = 3.368169 | Best = 4.378869
0.2064185 -12.66275 47.49042 -93.46424[[1]]
          [,1]      [,2]     [,3]      [,4]
[1,] 0.2064185 -12.66275 47.49042 -93.46424

[[2]]
[1] 4.378869

GA | iter = 112 | Mean = 3.306177 | Best = 4.378869
0.2064185 -12.66275 47.49042 -93.46424[[1]]
          [,1]      [,2]     [,3]      [,4]
[1,] 0.2064185 -12.66275 47.49042 -93.46424

[[2]]
[1] 4.378869

GA | iter = 113 | Mean = 3.284196 | Best = 4.378869
0.2064185 -12.66275 47.49042 -93.46424[[1]]
          [,1]      [,2]     [,3]      [,4]
[1,] 0.2064185 -12.66275 47.49042 -93.46424

[[2]]
[1] 4.378869

GA | iter = 114 | Mean = 3.372800 | Best = 4.378869
0.2064185 -12.66275 47.49042 -93.46424[[1]]
          [,1]      [,2]     [,3]      [,4]
[1,] 0.2064185 -12.66275 47.49042 -93.46424

[[2]]
[1] 4.378869

GA | iter = 115 | Mean = 3.390133 | Best = 4.378869
0.2064185 -12.66275 47.49042 -93.46424[[1]]
          [,1]      [,2]     [,3]      [,4]
[1,] 0.2064185 -12.66275 47.49042 -93.46424

[[2]]
[1] 4.378869

GA | iter = 116 | Mean = 3.223120 | Best = 4.378869
0.2064185 -12.66275 47.49042 -93.46424[[1]]
          [,1]      [,2]     [,3]      [,4]
[1,] 0.2064185 -12.66275 47.49042 -93.46424

[[2]]
[1] 4.378869

GA | iter = 117 | Mean = 3.164259 | Best = 4.378869
0.2064185 -12.66275 47.49042 -93.46424[[1]]
          [,1]      [,2]     [,3]      [,4]
[1,] 0.2064185 -12.66275 47.49042 -93.46424

[[2]]
[1] 4.378869

GA | iter = 118 | Mean = 3.397033 | Best = 4.378869
0.2064185 -12.66275 47.49042 -93.46424[[1]]
          [,1]      [,2]     [,3]      [,4]
[1,] 0.2064185 -12.66275 47.49042 -93.46424

[[2]]
[1] 4.378869

GA | iter = 119 | Mean = 3.258185 | Best = 4.378869
0.03995525 -12.02167 47.42335 -91.94504[[1]]
           [,1]      [,2]     [,3]      [,4]
[1,] 0.03995525 -12.02167 47.42335 -91.94504

[[2]]
[1] 4.382246

GA | iter = 120 | Mean = 3.370748 | Best = 4.382246
0.0452979 -12.10796 47.43218 -92.30457[[1]]
          [,1]      [,2]     [,3]      [,4]
[1,] 0.0452979 -12.10796 47.43218 -92.30457

[[2]]
[1] 4.386812

GA | iter = 121 | Mean = 3.360813 | Best = 4.386812
-0.3098838 -11.61673 47.41491 -91.81872[[1]]
           [,1]      [,2]     [,3]      [,4]
[1,] -0.3098838 -11.61673 47.41491 -91.81872

[[2]]
[1] 4.401687

GA | iter = 122 | Mean = 3.298129 | Best = 4.401687
-0.3098838 -11.61673 47.41491 -91.81872[[1]]
           [,1]      [,2]     [,3]      [,4]
[1,] -0.3098838 -11.61673 47.41491 -91.81872

[[2]]
[1] 4.401687

GA | iter = 123 | Mean = 3.283035 | Best = 4.401687
-0.2034318 -11.89452 47.43584 -91.17859[[1]]
           [,1]      [,2]     [,3]      [,4]
[1,] -0.2034318 -11.89452 47.43584 -91.17859

[[2]]
[1] 4.427329

GA | iter = 124 | Mean = 3.427013 | Best = 4.427329
-0.02889313 -12.44313 47.40349 -90.27286[[1]]
            [,1]      [,2]     [,3]      [,4]
[1,] -0.02889313 -12.44313 47.40349 -90.27286

[[2]]
[1] 4.46675

GA | iter = 125 | Mean = 3.223843 | Best = 4.466750
-0.02889313 -12.44313 47.40349 -90.27286[[1]]
            [,1]      [,2]     [,3]      [,4]
[1,] -0.02889313 -12.44313 47.40349 -90.27286

[[2]]
[1] 4.46675

GA | iter = 126 | Mean = 3.411917 | Best = 4.466750
-0.02889313 -12.44313 47.40349 -90.27286[[1]]
            [,1]      [,2]     [,3]      [,4]
[1,] -0.02889313 -12.44313 47.40349 -90.27286

[[2]]
[1] 4.46675

GA | iter = 127 | Mean = 3.466315 | Best = 4.466750
-0.02889313 -12.44313 47.40349 -90.27286[[1]]
            [,1]      [,2]     [,3]      [,4]
[1,] -0.02889313 -12.44313 47.40349 -90.27286

[[2]]
[1] 4.46675

GA | iter = 128 | Mean = 3.232253 | Best = 4.466750
-0.02889313 -12.44313 47.40349 -90.27286[[1]]
            [,1]      [,2]     [,3]      [,4]
[1,] -0.02889313 -12.44313 47.40349 -90.27286

[[2]]
[1] 4.46675

GA | iter = 129 | Mean = 3.256408 | Best = 4.466750
-0.02889313 -12.44313 47.40349 -90.27286[[1]]
            [,1]      [,2]     [,3]      [,4]
[1,] -0.02889313 -12.44313 47.40349 -90.27286

[[2]]
[1] 4.46675

GA | iter = 130 | Mean = 3.332076 | Best = 4.466750
-0.02889313 -12.44313 47.40349 -90.27286[[1]]
            [,1]      [,2]     [,3]      [,4]
[1,] -0.02889313 -12.44313 47.40349 -90.27286

[[2]]
[1] 4.46675

GA | iter = 131 | Mean = 3.294742 | Best = 4.466750
-0.02889313 -12.44313 47.40349 -90.27286[[1]]
            [,1]      [,2]     [,3]      [,4]
[1,] -0.02889313 -12.44313 47.40349 -90.27286

[[2]]
[1] 4.46675

GA | iter = 132 | Mean = 3.410542 | Best = 4.466750
-0.02889313 -12.44313 47.40349 -90.27286[[1]]
            [,1]      [,2]     [,3]      [,4]
[1,] -0.02889313 -12.44313 47.40349 -90.27286

[[2]]
[1] 4.46675

GA | iter = 133 | Mean = 3.291633 | Best = 4.466750
-0.02889313 -12.44313 47.40349 -90.27286[[1]]
            [,1]      [,2]     [,3]      [,4]
[1,] -0.02889313 -12.44313 47.40349 -90.27286

[[2]]
[1] 4.46675

GA | iter = 134 | Mean = 3.221916 | Best = 4.466750
-0.02889313 -12.44313 47.40349 -90.27286[[1]]
            [,1]      [,2]     [,3]      [,4]
[1,] -0.02889313 -12.44313 47.40349 -90.27286

[[2]]
[1] 4.46675

GA | iter = 135 | Mean = 3.199217 | Best = 4.466750
-0.02889313 -12.44313 47.40349 -90.27286[[1]]
            [,1]      [,2]     [,3]      [,4]
[1,] -0.02889313 -12.44313 47.40349 -90.27286

[[2]]
[1] 4.46675

GA | iter = 136 | Mean = 3.289573 | Best = 4.466750
-0.02889313 -12.44313 47.40349 -90.27286[[1]]
            [,1]      [,2]     [,3]      [,4]
[1,] -0.02889313 -12.44313 47.40349 -90.27286

[[2]]
[1] 4.46675

GA | iter = 137 | Mean = 3.209944 | Best = 4.466750
-0.05838453 -12.4042 47.40537 -90.33438[[1]]
            [,1]     [,2]     [,3]      [,4]
[1,] -0.05838453 -12.4042 47.40537 -90.33438

[[2]]
[1] 4.468186

GA | iter = 138 | Mean = 3.360088 | Best = 4.468186
-0.05838453 -12.4042 47.40537 -90.33438[[1]]
            [,1]     [,2]     [,3]      [,4]
[1,] -0.05838453 -12.4042 47.40537 -90.33438

[[2]]
[1] 4.468186

GA | iter = 139 | Mean = 3.542412 | Best = 4.468186
-0.05838453 -12.4042 47.40537 -90.33438[[1]]
            [,1]     [,2]     [,3]      [,4]
[1,] -0.05838453 -12.4042 47.40537 -90.33438

[[2]]
[1] 4.468186

GA | iter = 140 | Mean = 3.502982 | Best = 4.468186
-0.05838453 -12.4042 47.40537 -90.33438[[1]]
            [,1]     [,2]     [,3]      [,4]
[1,] -0.05838453 -12.4042 47.40537 -90.33438

[[2]]
[1] 4.468186

GA | iter = 141 | Mean = 3.464691 | Best = 4.468186
-0.05838453 -12.4042 47.40537 -90.33438[[1]]
            [,1]     [,2]     [,3]      [,4]
[1,] -0.05838453 -12.4042 47.40537 -90.33438

[[2]]
[1] 4.468186

GA | iter = 142 | Mean = 3.532054 | Best = 4.468186
-0.05837535 -12.81065 47.4134 -90.97203[[1]]
            [,1]      [,2]    [,3]      [,4]
[1,] -0.05837535 -12.81065 47.4134 -90.97203

[[2]]
[1] 4.47072

GA | iter = 143 | Mean = 3.217593 | Best = 4.470720
-0.05837535 -12.81065 47.4134 -90.97203[[1]]
            [,1]      [,2]    [,3]      [,4]
[1,] -0.05837535 -12.81065 47.4134 -90.97203

[[2]]
[1] 4.47072

GA | iter = 144 | Mean = 3.488589 | Best = 4.470720
-0.05837535 -12.81065 47.4134 -90.97203[[1]]
            [,1]      [,2]    [,3]      [,4]
[1,] -0.05837535 -12.81065 47.4134 -90.97203

[[2]]
[1] 4.47072

GA | iter = 145 | Mean = 3.273401 | Best = 4.470720
-0.05837535 -12.81065 47.4134 -90.97203[[1]]
            [,1]      [,2]    [,3]      [,4]
[1,] -0.05837535 -12.81065 47.4134 -90.97203

[[2]]
[1] 4.47072

GA | iter = 146 | Mean = 3.146148 | Best = 4.470720
-0.05837535 -12.81065 47.4134 -90.97203[[1]]
            [,1]      [,2]    [,3]      [,4]
[1,] -0.05837535 -12.81065 47.4134 -90.97203

[[2]]
[1] 4.47072

GA | iter = 147 | Mean = 3.212363 | Best = 4.470720
0.5474552 -14.09167 47.37313 -91.82824[[1]]
          [,1]      [,2]     [,3]      [,4]
[1,] 0.5474552 -14.09167 47.37313 -91.82824

[[2]]
[1] 4.484246

GA | iter = 148 | Mean = 3.439102 | Best = 4.484246
0.5474552 -14.09167 47.37313 -91.82824[[1]]
          [,1]      [,2]     [,3]      [,4]
[1,] 0.5474552 -14.09167 47.37313 -91.82824

[[2]]
[1] 4.484246

GA | iter = 149 | Mean = 3.419771 | Best = 4.484246
0.5474552 -14.09167 47.37313 -91.82824[[1]]
          [,1]      [,2]     [,3]      [,4]
[1,] 0.5474552 -14.09167 47.37313 -91.82824

[[2]]
[1] 4.484246

GA | iter = 150 | Mean = 3.418890 | Best = 4.484246
0.5474552 -14.09167 47.37313 -91.82824[[1]]
          [,1]      [,2]     [,3]      [,4]
[1,] 0.5474552 -14.09167 47.37313 -91.82824

[[2]]
[1] 4.484246

GA | iter = 151 | Mean = 3.332095 | Best = 4.484246
0.5474552 -14.09167 47.37313 -91.82824[[1]]
          [,1]      [,2]     [,3]      [,4]
[1,] 0.5474552 -14.09167 47.37313 -91.82824

[[2]]
[1] 4.484246

GA | iter = 152 | Mean = 3.473791 | Best = 4.484246
0.5474552 -14.09167 47.37313 -91.82824[[1]]
          [,1]      [,2]     [,3]      [,4]
[1,] 0.5474552 -14.09167 47.37313 -91.82824

[[2]]
[1] 4.484246

GA | iter = 153 | Mean = 3.290923 | Best = 4.484246
-0.03365157 -13.4684 47.39094 -85.25636[[1]]
            [,1]     [,2]     [,3]      [,4]
[1,] -0.03365157 -13.4684 47.39094 -85.25636

[[2]]
[1] 4.530604

GA | iter = 154 | Mean = 3.542591 | Best = 4.530604
-0.01236914 -13.41235 47.39539 -88.09602[[1]]
            [,1]      [,2]     [,3]      [,4]
[1,] -0.01236914 -13.41235 47.39539 -88.09602

[[2]]
[1] 4.57423

GA | iter = 155 | Mean = 3.223516 | Best = 4.574230
-0.04405761 -14.4352 47.40623 -87.51307[[1]]
            [,1]     [,2]     [,3]      [,4]
[1,] -0.04405761 -14.4352 47.40623 -87.51307

[[2]]
[1] 4.575975

GA | iter = 156 | Mean = 3.384355 | Best = 4.575975
-0.04405761 -14.4352 47.40623 -87.51307[[1]]
            [,1]     [,2]     [,3]      [,4]
[1,] -0.04405761 -14.4352 47.40623 -87.51307

[[2]]
[1] 4.575975

GA | iter = 157 | Mean = 3.411892 | Best = 4.575975
-0.03512233 -13.98925 47.41885 -87.74092[[1]]
            [,1]      [,2]     [,3]      [,4]
[1,] -0.03512233 -13.98925 47.41885 -87.74092

[[2]]
[1] 4.583609

GA | iter = 158 | Mean = 3.273851 | Best = 4.583609
-0.03512233 -13.98925 47.41885 -87.74092[[1]]
            [,1]      [,2]     [,3]      [,4]
[1,] -0.03512233 -13.98925 47.41885 -87.74092

[[2]]
[1] 4.583609

GA | iter = 159 | Mean = 3.432534 | Best = 4.583609
-0.03512233 -13.98925 47.41885 -87.74092[[1]]
            [,1]      [,2]     [,3]      [,4]
[1,] -0.03512233 -13.98925 47.41885 -87.74092

[[2]]
[1] 4.583609

GA | iter = 160 | Mean = 3.454237 | Best = 4.583609
-0.03512233 -13.98925 47.41885 -87.74092[[1]]
            [,1]      [,2]     [,3]      [,4]
[1,] -0.03512233 -13.98925 47.41885 -87.74092

[[2]]
[1] 4.583609

GA | iter = 161 | Mean = 3.506436 | Best = 4.583609
-0.03823788 -13.92505 47.40301 -87.75345[[1]]
            [,1]      [,2]     [,3]      [,4]
[1,] -0.03823788 -13.92505 47.40301 -87.75345

[[2]]
[1] 4.584026

GA | iter = 162 | Mean = 3.482748 | Best = 4.584026
-0.03823788 -13.92505 47.40301 -87.75345[[1]]
            [,1]      [,2]     [,3]      [,4]
[1,] -0.03823788 -13.92505 47.40301 -87.75345

[[2]]
[1] 4.584026

GA | iter = 163 | Mean = 3.456099 | Best = 4.584026
-0.04961002 -13.43582 47.38657 -87.36566[[1]]
            [,1]      [,2]     [,3]      [,4]
[1,] -0.04961002 -13.43582 47.38657 -87.36566

[[2]]
[1] 4.58582

GA | iter = 164 | Mean = 3.454645 | Best = 4.585820
-0.04961002 -13.43582 47.38657 -87.36566[[1]]
            [,1]      [,2]     [,3]      [,4]
[1,] -0.04961002 -13.43582 47.38657 -87.36566

[[2]]
[1] 4.58582

GA | iter = 165 | Mean = 3.441452 | Best = 4.585820
-0.02576463 -13.76073 47.56456 -87.7564[[1]]
            [,1]      [,2]     [,3]     [,4]
[1,] -0.02576463 -13.76073 47.56456 -87.7564

[[2]]
[1] 4.586552

GA | iter = 166 | Mean = 3.534323 | Best = 4.586552
-0.02576463 -13.76073 47.56456 -87.7564[[1]]
            [,1]      [,2]     [,3]     [,4]
[1,] -0.02576463 -13.76073 47.56456 -87.7564

[[2]]
[1] 4.586552

GA | iter = 167 | Mean = 3.464864 | Best = 4.586552
-0.0360642 -13.73119 47.40587 -87.72833[[1]]
           [,1]      [,2]     [,3]      [,4]
[1,] -0.0360642 -13.73119 47.40587 -87.72833

[[2]]
[1] 4.588576

GA | iter = 168 | Mean = 3.624571 | Best = 4.588576
-0.03030598 -13.69183 47.4631 -87.46459[[1]]
            [,1]      [,2]    [,3]      [,4]
[1,] -0.03030598 -13.69183 47.4631 -87.46459

[[2]]
[1] 4.592417

GA | iter = 169 | Mean = 3.526187 | Best = 4.592417
-0.03030598 -13.69183 47.4631 -87.46459[[1]]
            [,1]      [,2]    [,3]      [,4]
[1,] -0.03030598 -13.69183 47.4631 -87.46459

[[2]]
[1] 4.592417

GA | iter = 170 | Mean = 3.532589 | Best = 4.592417
-0.03030598 -13.69183 47.4631 -87.46459[[1]]
            [,1]      [,2]    [,3]      [,4]
[1,] -0.03030598 -13.69183 47.4631 -87.46459

[[2]]
[1] 4.592417

GA | iter = 171 | Mean = 3.434032 | Best = 4.592417
-0.03030598 -13.69183 47.4631 -87.46459[[1]]
            [,1]      [,2]    [,3]      [,4]
[1,] -0.03030598 -13.69183 47.4631 -87.46459

[[2]]
[1] 4.592417

GA | iter = 172 | Mean = 3.365197 | Best = 4.592417
-0.03030598 -13.69183 47.4631 -87.46459[[1]]
            [,1]      [,2]    [,3]      [,4]
[1,] -0.03030598 -13.69183 47.4631 -87.46459

[[2]]
[1] 4.592417

GA | iter = 173 | Mean = 3.236826 | Best = 4.592417
-0.03030598 -13.69183 47.4631 -87.46459[[1]]
            [,1]      [,2]    [,3]      [,4]
[1,] -0.03030598 -13.69183 47.4631 -87.46459

[[2]]
[1] 4.592417

GA | iter = 174 | Mean = 3.496727 | Best = 4.592417
-0.03030598 -13.69183 47.4631 -87.46459[[1]]
            [,1]      [,2]    [,3]      [,4]
[1,] -0.03030598 -13.69183 47.4631 -87.46459

[[2]]
[1] 4.592417

GA | iter = 175 | Mean = 3.219682 | Best = 4.592417
-0.03030598 -13.69183 47.4631 -87.46459[[1]]
            [,1]      [,2]    [,3]      [,4]
[1,] -0.03030598 -13.69183 47.4631 -87.46459

[[2]]
[1] 4.592417

GA | iter = 176 | Mean = 3.561950 | Best = 4.592417
-0.03030598 -13.69183 47.4631 -87.46459[[1]]
            [,1]      [,2]    [,3]      [,4]
[1,] -0.03030598 -13.69183 47.4631 -87.46459

[[2]]
[1] 4.592417

GA | iter = 177 | Mean = 3.395915 | Best = 4.592417
-0.03030598 -13.69183 47.4631 -87.46459[[1]]
            [,1]      [,2]    [,3]      [,4]
[1,] -0.03030598 -13.69183 47.4631 -87.46459

[[2]]
[1] 4.592417

GA | iter = 178 | Mean = 3.506983 | Best = 4.592417
-0.03030598 -13.69183 47.4631 -87.46459[[1]]
            [,1]      [,2]    [,3]      [,4]
[1,] -0.03030598 -13.69183 47.4631 -87.46459

[[2]]
[1] 4.592417

GA | iter = 179 | Mean = 3.317277 | Best = 4.592417
-0.03030598 -13.69183 47.4631 -87.46459[[1]]
            [,1]      [,2]    [,3]      [,4]
[1,] -0.03030598 -13.69183 47.4631 -87.46459

[[2]]
[1] 4.592417

GA | iter = 180 | Mean = 3.450064 | Best = 4.592417
-0.03030598 -13.69183 47.4631 -87.46459[[1]]
            [,1]      [,2]    [,3]      [,4]
[1,] -0.03030598 -13.69183 47.4631 -87.46459

[[2]]
[1] 4.592417

GA | iter = 181 | Mean = 3.314395 | Best = 4.592417
-0.03121551 -13.59941 47.24165 -87.53492[[1]]
            [,1]      [,2]     [,3]      [,4]
[1,] -0.03121551 -13.59941 47.24165 -87.53492

[[2]]
[1] 4.59347

GA | iter = 182 | Mean = 3.499161 | Best = 4.593470
-0.03121551 -13.59941 47.24165 -87.53492[[1]]
            [,1]      [,2]     [,3]      [,4]
[1,] -0.03121551 -13.59941 47.24165 -87.53492

[[2]]
[1] 4.59347

GA | iter = 183 | Mean = 3.458372 | Best = 4.593470
-0.02544952 -13.77615 47.44341 -87.50638[[1]]
            [,1]      [,2]     [,3]      [,4]
[1,] -0.02544952 -13.77615 47.44341 -87.50638

[[2]]
[1] 4.594272

GA | iter = 184 | Mean = 3.406534 | Best = 4.594272
-0.02544952 -13.77615 47.44341 -87.50638[[1]]
            [,1]      [,2]     [,3]      [,4]
[1,] -0.02544952 -13.77615 47.44341 -87.50638

[[2]]
[1] 4.594272

GA | iter = 185 | Mean = 3.637963 | Best = 4.594272
0.131144 -14.25534 47.44507 -87.7476[[1]]
         [,1]      [,2]     [,3]     [,4]
[1,] 0.131144 -14.25534 47.44507 -87.7476

[[2]]
[1] 4.597482

GA | iter = 186 | Mean = 3.523080 | Best = 4.597482
0.131144 -14.25534 47.44507 -87.7476[[1]]
         [,1]      [,2]     [,3]     [,4]
[1,] 0.131144 -14.25534 47.44507 -87.7476

[[2]]
[1] 4.597482

GA | iter = 187 | Mean = 3.437555 | Best = 4.597482
0.131144 -14.25534 47.44507 -87.7476[[1]]
         [,1]      [,2]     [,3]     [,4]
[1,] 0.131144 -14.25534 47.44507 -87.7476

[[2]]
[1] 4.597482

GA | iter = 188 | Mean = 3.577460 | Best = 4.597482
0.131144 -14.25534 47.44507 -87.7476[[1]]
         [,1]      [,2]     [,3]     [,4]
[1,] 0.131144 -14.25534 47.44507 -87.7476

[[2]]
[1] 4.597482

GA | iter = 189 | Mean = 3.494523 | Best = 4.597482
0.131144 -14.25534 47.44507 -87.7476[[1]]
         [,1]      [,2]     [,3]     [,4]
[1,] 0.131144 -14.25534 47.44507 -87.7476

[[2]]
[1] 4.597482

GA | iter = 190 | Mean = 3.391047 | Best = 4.597482
0.131144 -14.25534 47.44507 -87.7476[[1]]
         [,1]      [,2]     [,3]     [,4]
[1,] 0.131144 -14.25534 47.44507 -87.7476

[[2]]
[1] 4.597482

GA | iter = 191 | Mean = 3.648967 | Best = 4.597482
0.131144 -14.25534 47.44507 -87.7476[[1]]
         [,1]      [,2]     [,3]     [,4]
[1,] 0.131144 -14.25534 47.44507 -87.7476

[[2]]
[1] 4.597482

GA | iter = 192 | Mean = 3.583042 | Best = 4.597482
0.07469653 -14.12452 47.44385 -87.58795[[1]]
           [,1]      [,2]     [,3]      [,4]
[1,] 0.07469653 -14.12452 47.44385 -87.58795

[[2]]
[1] 4.598345

GA | iter = 193 | Mean = 3.431046 | Best = 4.598345
0.07469653 -14.12452 47.44385 -87.58795[[1]]
           [,1]      [,2]     [,3]      [,4]
[1,] 0.07469653 -14.12452 47.44385 -87.58795

[[2]]
[1] 4.598345

GA | iter = 194 | Mean = 3.491941 | Best = 4.598345
0.07469653 -14.12452 47.44385 -87.58795[[1]]
           [,1]      [,2]     [,3]      [,4]
[1,] 0.07469653 -14.12452 47.44385 -87.58795

[[2]]
[1] 4.598345

GA | iter = 195 | Mean = 3.542545 | Best = 4.598345
0.07469653 -14.12452 47.44385 -87.58795[[1]]
           [,1]      [,2]     [,3]      [,4]
[1,] 0.07469653 -14.12452 47.44385 -87.58795

[[2]]
[1] 4.598345

GA | iter = 196 | Mean = 3.387291 | Best = 4.598345
0.1451891 -14.14095 47.44605 -87.67798[[1]]
          [,1]      [,2]     [,3]      [,4]
[1,] 0.1451891 -14.14095 47.44605 -87.67798

[[2]]
[1] 4.599271

GA | iter = 197 | Mean = 3.430027 | Best = 4.599271
0.1451891 -14.14095 47.44605 -87.67798[[1]]
          [,1]      [,2]     [,3]      [,4]
[1,] 0.1451891 -14.14095 47.44605 -87.67798

[[2]]
[1] 4.599271

GA | iter = 198 | Mean = 3.317092 | Best = 4.599271
0.1451891 -14.14095 47.44605 -87.67798[[1]]
          [,1]      [,2]     [,3]      [,4]
[1,] 0.1451891 -14.14095 47.44605 -87.67798

[[2]]
[1] 4.599271

GA | iter = 199 | Mean = 3.399136 | Best = 4.599271
0.1451891 -14.14095 47.44605 -87.67798[[1]]
          [,1]      [,2]     [,3]      [,4]
[1,] 0.1451891 -14.14095 47.44605 -87.67798

[[2]]
[1] 4.599271

GA | iter = 200 | Mean = 3.454128 | Best = 4.599271
0.1451891 -14.14095 47.44605 -87.67798[[1]]
          [,1]      [,2]     [,3]      [,4]
[1,] 0.1451891 -14.14095 47.44605 -87.67798

[[2]]
[1] 4.599271

GA | iter = 201 | Mean = 3.513475 | Best = 4.599271
0.1451891 -14.14095 47.44605 -87.67798[[1]]
          [,1]      [,2]     [,3]      [,4]
[1,] 0.1451891 -14.14095 47.44605 -87.67798

[[2]]
[1] 4.599271

GA | iter = 202 | Mean = 3.520322 | Best = 4.599271
0.1451891 -14.14095 47.44605 -87.67798[[1]]
          [,1]      [,2]     [,3]      [,4]
[1,] 0.1451891 -14.14095 47.44605 -87.67798

[[2]]
[1] 4.599271

GA | iter = 203 | Mean = 3.445884 | Best = 4.599271
0.1451891 -14.14095 47.44605 -87.67798[[1]]
          [,1]      [,2]     [,3]      [,4]
[1,] 0.1451891 -14.14095 47.44605 -87.67798

[[2]]
[1] 4.599271

GA | iter = 204 | Mean = 3.499908 | Best = 4.599271
0.1451891 -14.14095 47.44605 -87.67798[[1]]
          [,1]      [,2]     [,3]      [,4]
[1,] 0.1451891 -14.14095 47.44605 -87.67798

[[2]]
[1] 4.599271

GA | iter = 205 | Mean = 3.297252 | Best = 4.599271
0.1451891 -14.14095 47.44605 -87.67798[[1]]
          [,1]      [,2]     [,3]      [,4]
[1,] 0.1451891 -14.14095 47.44605 -87.67798

[[2]]
[1] 4.599271

GA | iter = 206 | Mean = 3.624751 | Best = 4.599271
0.1451891 -14.14095 47.44605 -87.67798[[1]]
          [,1]      [,2]     [,3]      [,4]
[1,] 0.1451891 -14.14095 47.44605 -87.67798

[[2]]
[1] 4.599271

GA | iter = 207 | Mean = 3.409670 | Best = 4.599271
0.1451891 -14.14095 47.44605 -87.67798[[1]]
          [,1]      [,2]     [,3]      [,4]
[1,] 0.1451891 -14.14095 47.44605 -87.67798

[[2]]
[1] 4.599271

GA | iter = 208 | Mean = 3.676388 | Best = 4.599271
0.1451891 -14.14095 47.44605 -87.67798[[1]]
          [,1]      [,2]     [,3]      [,4]
[1,] 0.1451891 -14.14095 47.44605 -87.67798

[[2]]
[1] 4.599271

GA | iter = 209 | Mean = 3.360840 | Best = 4.599271
0.1451891 -14.14095 47.44605 -87.67798[[1]]
          [,1]      [,2]     [,3]      [,4]
[1,] 0.1451891 -14.14095 47.44605 -87.67798

[[2]]
[1] 4.599271

GA | iter = 210 | Mean = 3.372410 | Best = 4.599271
0.1451891 -14.14095 47.44605 -87.67798[[1]]
          [,1]      [,2]     [,3]      [,4]
[1,] 0.1451891 -14.14095 47.44605 -87.67798

[[2]]
[1] 4.599271

GA | iter = 211 | Mean = 3.416916 | Best = 4.599271
0.1451891 -14.14095 47.44605 -87.67798[[1]]
          [,1]      [,2]     [,3]      [,4]
[1,] 0.1451891 -14.14095 47.44605 -87.67798

[[2]]
[1] 4.599271

GA | iter = 212 | Mean = 3.597283 | Best = 4.599271
0.1451891 -14.14095 47.44605 -87.67798[[1]]
          [,1]      [,2]     [,3]      [,4]
[1,] 0.1451891 -14.14095 47.44605 -87.67798

[[2]]
[1] 4.599271

GA | iter = 213 | Mean = 3.472575 | Best = 4.599271
0.1451891 -14.14095 47.44605 -87.67798[[1]]
          [,1]      [,2]     [,3]      [,4]
[1,] 0.1451891 -14.14095 47.44605 -87.67798

[[2]]
[1] 4.599271

GA | iter = 214 | Mean = 3.681830 | Best = 4.599271
0.1451891 -14.14095 47.44605 -87.67798[[1]]
          [,1]      [,2]     [,3]      [,4]
[1,] 0.1451891 -14.14095 47.44605 -87.67798

[[2]]
[1] 4.599271

GA | iter = 215 | Mean = 3.410063 | Best = 4.599271
0.1388248 -14.16681 47.44528 -87.66747[[1]]
          [,1]      [,2]     [,3]      [,4]
[1,] 0.1388248 -14.16681 47.44528 -87.66747

[[2]]
[1] 4.599767

GA | iter = 216 | Mean = 3.339862 | Best = 4.599767
0.1388248 -14.16681 47.44528 -87.66747[[1]]
          [,1]      [,2]     [,3]      [,4]
[1,] 0.1388248 -14.16681 47.44528 -87.66747

[[2]]
[1] 4.599767

GA | iter = 217 | Mean = 3.557226 | Best = 4.599767
0.1388248 -14.16681 47.44528 -87.66747[[1]]
          [,1]      [,2]     [,3]      [,4]
[1,] 0.1388248 -14.16681 47.44528 -87.66747

[[2]]
[1] 4.599767

GA | iter = 218 | Mean = 3.419148 | Best = 4.599767
0.1388248 -14.16681 47.44528 -87.66747[[1]]
          [,1]      [,2]     [,3]      [,4]
[1,] 0.1388248 -14.16681 47.44528 -87.66747

[[2]]
[1] 4.599767

GA | iter = 219 | Mean = 3.443631 | Best = 4.599767
0.4186045 -14.82593 47.4499 -87.66085[[1]]
          [,1]      [,2]    [,3]      [,4]
[1,] 0.4186045 -14.82593 47.4499 -87.66085

[[2]]
[1] 4.613214

GA | iter = 220 | Mean = 3.404824 | Best = 4.613214
0.4186045 -14.82593 47.4499 -87.66085[[1]]
          [,1]      [,2]    [,3]      [,4]
[1,] 0.4186045 -14.82593 47.4499 -87.66085

[[2]]
[1] 4.613214

GA | iter = 221 | Mean = 3.585110 | Best = 4.613214
0.4186045 -14.82593 47.4499 -87.66085[[1]]
          [,1]      [,2]    [,3]      [,4]
[1,] 0.4186045 -14.82593 47.4499 -87.66085

[[2]]
[1] 4.613214

GA | iter = 222 | Mean = 3.393152 | Best = 4.613214
0.4186045 -14.82593 47.4499 -87.66085[[1]]
          [,1]      [,2]    [,3]      [,4]
[1,] 0.4186045 -14.82593 47.4499 -87.66085

[[2]]
[1] 4.613214

GA | iter = 223 | Mean = 3.628744 | Best = 4.613214
0.4186045 -14.82593 47.4499 -87.66085[[1]]
          [,1]      [,2]    [,3]      [,4]
[1,] 0.4186045 -14.82593 47.4499 -87.66085

[[2]]
[1] 4.613214

GA | iter = 224 | Mean = 3.470918 | Best = 4.613214
0.4186045 -14.82593 47.4499 -87.66085[[1]]
          [,1]      [,2]    [,3]      [,4]
[1,] 0.4186045 -14.82593 47.4499 -87.66085

[[2]]
[1] 4.613214

GA | iter = 225 | Mean = 3.416260 | Best = 4.613214
0.4186045 -14.82593 47.4499 -87.66085[[1]]
          [,1]      [,2]    [,3]      [,4]
[1,] 0.4186045 -14.82593 47.4499 -87.66085

[[2]]
[1] 4.613214

GA | iter = 226 | Mean = 3.268509 | Best = 4.613214
0.4186045 -14.82593 47.4499 -87.66085[[1]]
          [,1]      [,2]    [,3]      [,4]
[1,] 0.4186045 -14.82593 47.4499 -87.66085

[[2]]
[1] 4.613214

GA | iter = 227 | Mean = 3.592295 | Best = 4.613214
0.4186045 -14.82593 47.4499 -87.66085[[1]]
          [,1]      [,2]    [,3]      [,4]
[1,] 0.4186045 -14.82593 47.4499 -87.66085

[[2]]
[1] 4.613214

GA | iter = 228 | Mean = 3.449980 | Best = 4.613214
slurmstepd: error: *** JOB 28365956 ON cdr2413 CANCELLED AT 2022-03-06T15:47:22 DUE TO TIME LIMIT ***
