
Lmod is automatically replacing "intel/2020.1.217" with "gcc/9.3.0".


Due to MODULEPATH changes, the following have been reloaded:
  1) openmpi/4.0.3


R version 4.0.2 (2020-06-22) -- "Taking Off Again"
Copyright (C) 2020 The R Foundation for Statistical Computing
Platform: x86_64-pc-linux-gnu (64-bit)

R is free software and comes with ABSOLUTELY NO WARRANTY.
You are welcome to redistribute it under certain conditions.
Type 'license()' or 'licence()' for distribution details.

  Natural language support but running in an English locale

R is a collaborative project with many contributors.
Type 'contributors()' for more information and
'citation()' on how to cite R or R packages in publications.

Type 'demo()' for some demos, 'help()' for on-line help, or
'help.start()' for an HTML browser interface to help.
Type 'q()' to quit R.

> 
> # R script to submit parallelized genetic algorithm optimzied runs.
> 
> # load libraries
> library(doParallel)
Loading required package: foreach
Loading required package: iterators
Loading required package: parallel
> library(GA)
Package 'GA' version 3.2.2
Type 'citation("GA")' for citing this R package in publications.

Attaching package: ‘GA’

The following object is masked from ‘package:utils’:

    de

> library(here)
here() starts at /scratch/wanglu57/job_scripts
> library(doRNG)
Loading required package: rngtools
> 
> source(here::here("ga_verbose.R"), local = T)
> source(here::here("chabaudi_si_clean.R"), local = T)
> # load function
> #-----------------------------#
> # load in parameters
> #-----------------------------#
> parameters_tsukushi <- c(R1 = 8.89*10^6, # slightly higher
+                          lambda = 3.7*10^5,
+                          mu = 0.025, 
+                          p = 8*10^-6, # doubled form original
+                          alpha = 1, 
+                          alphag = 2, 
+                          beta = 5.721, 
+                          mum = 48, 
+                          mug = 4, 
+                          I0 = 43.85965, 
+                          Ig0 = 0, 
+                          a = 150, 
+                          b = 100, 
+                          sp = 1,
+                          psin = 16.69234,
+                          psiw = 0.8431785,
+                          phin = 0.03520591, 
+                          phiw = 550.842,
+                          iota = 2.18*(10^6),
+                          rho = 0.2627156)
> 
> time_range <- seq(0, 20, by = 1e-3)
> 
> G_range <- seq(0, 6*(10^4),(6*(10^4))/5000)
> 
> #-----------------------------#
> # Begin parallelized code
> #----------------------------#
> 
> 
> # Create an array from the NODESLIST environnement variable
> nodeslist = unlist(strsplit(Sys.getenv("NODESLIST"), split=" "))
> 
> # Create the cluster with the nodes name. One process per count of node name.
> # nodeslist = node1 node1 node2 node2, means we are starting 2 processes on node1, likewise on node2.
> cl = makeCluster(nodeslist, type = "PSOCK") 
> registerDoParallel(cl)
> clusterExport(cl,c("ga_verbose", "time_range", "parameters_tsukushi", "G_range", "chabaudi_si_clean")) 
> clusterCall(cl, library, package = "mclust", character.only = TRUE)
[[1]]
[1] "mclust"    "stats"     "graphics"  "grDevices" "utils"     "datasets" 
[7] "methods"   "base"     

[[2]]
[1] "mclust"    "stats"     "graphics"  "grDevices" "utils"     "datasets" 
[7] "methods"   "base"     

[[3]]
[1] "mclust"    "stats"     "graphics"  "grDevices" "utils"     "datasets" 
[7] "methods"   "base"     

[[4]]
[1] "mclust"    "stats"     "graphics"  "grDevices" "utils"     "datasets" 
[7] "methods"   "base"     

[[5]]
[1] "mclust"    "stats"     "graphics"  "grDevices" "utils"     "datasets" 
[7] "methods"   "base"     

[[6]]
[1] "mclust"    "stats"     "graphics"  "grDevices" "utils"     "datasets" 
[7] "methods"   "base"     

[[7]]
[1] "mclust"    "stats"     "graphics"  "grDevices" "utils"     "datasets" 
[7] "methods"   "base"     

[[8]]
[1] "mclust"    "stats"     "graphics"  "grDevices" "utils"     "datasets" 
[7] "methods"   "base"     

[[9]]
[1] "mclust"    "stats"     "graphics"  "grDevices" "utils"     "datasets" 
[7] "methods"   "base"     

[[10]]
[1] "mclust"    "stats"     "graphics"  "grDevices" "utils"     "datasets" 
[7] "methods"   "base"     

[[11]]
[1] "mclust"    "stats"     "graphics"  "grDevices" "utils"     "datasets" 
[7] "methods"   "base"     

[[12]]
[1] "mclust"    "stats"     "graphics"  "grDevices" "utils"     "datasets" 
[7] "methods"   "base"     

[[13]]
[1] "mclust"    "stats"     "graphics"  "grDevices" "utils"     "datasets" 
[7] "methods"   "base"     

[[14]]
[1] "mclust"    "stats"     "graphics"  "grDevices" "utils"     "datasets" 
[7] "methods"   "base"     

[[15]]
[1] "mclust"    "stats"     "graphics"  "grDevices" "utils"     "datasets" 
[7] "methods"   "base"     

[[16]]
[1] "mclust"    "stats"     "graphics"  "grDevices" "utils"     "datasets" 
[7] "methods"   "base"     

[[17]]
[1] "mclust"    "stats"     "graphics"  "grDevices" "utils"     "datasets" 
[7] "methods"   "base"     

[[18]]
[1] "mclust"    "stats"     "graphics"  "grDevices" "utils"     "datasets" 
[7] "methods"   "base"     

[[19]]
[1] "mclust"    "stats"     "graphics"  "grDevices" "utils"     "datasets" 
[7] "methods"   "base"     

[[20]]
[1] "mclust"    "stats"     "graphics"  "grDevices" "utils"     "datasets" 
[7] "methods"   "base"     

[[21]]
[1] "mclust"    "stats"     "graphics"  "grDevices" "utils"     "datasets" 
[7] "methods"   "base"     

[[22]]
[1] "mclust"    "stats"     "graphics"  "grDevices" "utils"     "datasets" 
[7] "methods"   "base"     

[[23]]
[1] "mclust"    "stats"     "graphics"  "grDevices" "utils"     "datasets" 
[7] "methods"   "base"     

[[24]]
[1] "mclust"    "stats"     "graphics"  "grDevices" "utils"     "datasets" 
[7] "methods"   "base"     

[[25]]
[1] "mclust"    "stats"     "graphics"  "grDevices" "utils"     "datasets" 
[7] "methods"   "base"     

[[26]]
[1] "mclust"    "stats"     "graphics"  "grDevices" "utils"     "datasets" 
[7] "methods"   "base"     

[[27]]
[1] "mclust"    "stats"     "graphics"  "grDevices" "utils"     "datasets" 
[7] "methods"   "base"     

[[28]]
[1] "mclust"    "stats"     "graphics"  "grDevices" "utils"     "datasets" 
[7] "methods"   "base"     

[[29]]
[1] "mclust"    "stats"     "graphics"  "grDevices" "utils"     "datasets" 
[7] "methods"   "base"     

[[30]]
[1] "mclust"    "stats"     "graphics"  "grDevices" "utils"     "datasets" 
[7] "methods"   "base"     

[[31]]
[1] "mclust"    "stats"     "graphics"  "grDevices" "utils"     "datasets" 
[7] "methods"   "base"     

[[32]]
[1] "mclust"    "stats"     "graphics"  "grDevices" "utils"     "datasets" 
[7] "methods"   "base"     

[[33]]
[1] "mclust"    "stats"     "graphics"  "grDevices" "utils"     "datasets" 
[7] "methods"   "base"     

[[34]]
[1] "mclust"    "stats"     "graphics"  "grDevices" "utils"     "datasets" 
[7] "methods"   "base"     

[[35]]
[1] "mclust"    "stats"     "graphics"  "grDevices" "utils"     "datasets" 
[7] "methods"   "base"     

[[36]]
[1] "mclust"    "stats"     "graphics"  "grDevices" "utils"     "datasets" 
[7] "methods"   "base"     

[[37]]
[1] "mclust"    "stats"     "graphics"  "grDevices" "utils"     "datasets" 
[7] "methods"   "base"     

[[38]]
[1] "mclust"    "stats"     "graphics"  "grDevices" "utils"     "datasets" 
[7] "methods"   "base"     

[[39]]
[1] "mclust"    "stats"     "graphics"  "grDevices" "utils"     "datasets" 
[7] "methods"   "base"     

[[40]]
[1] "mclust"    "stats"     "graphics"  "grDevices" "utils"     "datasets" 
[7] "methods"   "base"     

[[41]]
[1] "mclust"    "stats"     "graphics"  "grDevices" "utils"     "datasets" 
[7] "methods"   "base"     

[[42]]
[1] "mclust"    "stats"     "graphics"  "grDevices" "utils"     "datasets" 
[7] "methods"   "base"     

[[43]]
[1] "mclust"    "stats"     "graphics"  "grDevices" "utils"     "datasets" 
[7] "methods"   "base"     

[[44]]
[1] "mclust"    "stats"     "graphics"  "grDevices" "utils"     "datasets" 
[7] "methods"   "base"     

[[45]]
[1] "mclust"    "stats"     "graphics"  "grDevices" "utils"     "datasets" 
[7] "methods"   "base"     

[[46]]
[1] "mclust"    "stats"     "graphics"  "grDevices" "utils"     "datasets" 
[7] "methods"   "base"     

[[47]]
[1] "mclust"    "stats"     "graphics"  "grDevices" "utils"     "datasets" 
[7] "methods"   "base"     

[[48]]
[1] "mclust"    "stats"     "graphics"  "grDevices" "utils"     "datasets" 
[7] "methods"   "base"     

> ga_res <- ga_verbose(type = "real-valued", 
+                      function(x)
+                        chabaudi_si_clean(
+                          parameters_cr = c(x[1], x[2], x[3], x[4]), 
+                          parameters = parameters_tsukushi, 
+                          time_range = time_range, 
+                          cue = "G", 
+                          cue_range = G_range, 
+                          log_cue = "none",
+                          immunity = "tsukushi",
+                          solver = "vode"),
+                      lower = c(-1, -100, -1000, -5000), # range determined that would alter shape of spline
+                      upper = c(1, 100, 1000, 5000),  
+                      popSize = 250, 
+                      maxiter = 1000, # change to 10 for testing purpose 
+                      pmutation = 0.3,
+                      keepBest = TRUE,
+                      run = 50,
+                      parallel = cl,
+                      seed = 137,
+                      monitor = TRUE,
+                      id = "2022-03-24_si-G-emp")
0.4093276 -56.45883 659.3997 2126.814[[1]]
          [,1]      [,2]     [,3]     [,4]
[1,] 0.4093276 -56.45883 659.3997 2126.814

[[2]]
[1] 6.242055

GA | iter = 1 | Mean = 2.047662 | Best = 6.242055
-0.3159925 8.225646 -60.50623 -801.8476[[1]]
           [,1]     [,2]      [,3]      [,4]
[1,] -0.3159925 8.225646 -60.50623 -801.8476

[[2]]
[1] 6.425448

GA | iter = 2 | Mean = 2.992509 | Best = 6.425448
-0.3614017 9.563258 -57.04109 -605.081[[1]]
           [,1]     [,2]      [,3]     [,4]
[1,] -0.3614017 9.563258 -57.04109 -605.081

[[2]]
[1] 6.844941

GA | iter = 3 | Mean = 3.561548 | Best = 6.844941
-0.3614017 9.563258 -57.04109 -605.081[[1]]
           [,1]     [,2]      [,3]     [,4]
[1,] -0.3614017 9.563258 -57.04109 -605.081

[[2]]
[1] 6.844941

GA | iter = 4 | Mean = 4.041309 | Best = 6.844941
0.1446547 -7.237951 125.6921 -1237.426[[1]]
          [,1]      [,2]     [,3]      [,4]
[1,] 0.1446547 -7.237951 125.6921 -1237.426

[[2]]
[1] 7.115759

GA | iter = 5 | Mean = 4.256807 | Best = 7.115759
0.1446547 -7.237951 125.6921 -1237.426[[1]]
          [,1]      [,2]     [,3]      [,4]
[1,] 0.1446547 -7.237951 125.6921 -1237.426

[[2]]
[1] 7.115759

GA | iter = 6 | Mean = 4.468756 | Best = 7.115759
0.1446547 -7.237951 125.6921 -1237.426[[1]]
          [,1]      [,2]     [,3]      [,4]
[1,] 0.1446547 -7.237951 125.6921 -1237.426

[[2]]
[1] 7.115759

GA | iter = 7 | Mean = 4.626997 | Best = 7.115759
-0.186487 -6.886858 37.24658 217.3688[[1]]
          [,1]      [,2]     [,3]     [,4]
[1,] -0.186487 -6.886858 37.24658 217.3688

[[2]]
[1] 7.484322

GA | iter = 8 | Mean = 4.739726 | Best = 7.484322
-0.1637577 -6.897922 104.6762 -994.5433[[1]]
           [,1]      [,2]     [,3]      [,4]
[1,] -0.1637577 -6.897922 104.6762 -994.5433

[[2]]
[1] 7.897869

GA | iter = 9 | Mean = 4.874375 | Best = 7.897869
-0.1637577 -6.897922 104.6762 -994.5433[[1]]
           [,1]      [,2]     [,3]      [,4]
[1,] -0.1637577 -6.897922 104.6762 -994.5433

[[2]]
[1] 7.897869

GA | iter = 10 | Mean = 4.966666 | Best = 7.897869
-0.1637577 -6.897922 104.6762 -994.5433[[1]]
           [,1]      [,2]     [,3]      [,4]
[1,] -0.1637577 -6.897922 104.6762 -994.5433

[[2]]
[1] 7.897869

GA | iter = 11 | Mean = 5.030261 | Best = 7.897869
-0.1637577 -6.897922 104.6762 -994.5433[[1]]
           [,1]      [,2]     [,3]      [,4]
[1,] -0.1637577 -6.897922 104.6762 -994.5433

[[2]]
[1] 7.897869

GA | iter = 12 | Mean = 5.164589 | Best = 7.897869
-0.04097034 -3.878361 -3.282406 156.2313[[1]]
            [,1]      [,2]      [,3]     [,4]
[1,] -0.04097034 -3.878361 -3.282406 156.2313

[[2]]
[1] 7.903358

GA | iter = 13 | Mean = 5.121183 | Best = 7.903358
-0.04097034 -3.878361 -3.282406 156.2313[[1]]
            [,1]      [,2]      [,3]     [,4]
[1,] -0.04097034 -3.878361 -3.282406 156.2313

[[2]]
[1] 7.903358

GA | iter = 14 | Mean = 4.988334 | Best = 7.903358
-0.04097034 -3.878361 -3.282406 156.2313[[1]]
            [,1]      [,2]      [,3]     [,4]
[1,] -0.04097034 -3.878361 -3.282406 156.2313

[[2]]
[1] 7.903358

GA | iter = 15 | Mean = 5.030404 | Best = 7.903358
-0.04097034 -3.878361 -3.282406 156.2313[[1]]
            [,1]      [,2]      [,3]     [,4]
[1,] -0.04097034 -3.878361 -3.282406 156.2313

[[2]]
[1] 7.903358

GA | iter = 16 | Mean = 5.247438 | Best = 7.903358
-0.09866538 -11.63246 105.9643 -682.7237[[1]]
            [,1]      [,2]     [,3]      [,4]
[1,] -0.09866538 -11.63246 105.9643 -682.7237

[[2]]
[1] 7.950837

GA | iter = 17 | Mean = 5.204058 | Best = 7.950837
0.003626481 -11.27318 85.62883 -413.338[[1]]
            [,1]      [,2]     [,3]     [,4]
[1,] 0.003626481 -11.27318 85.62883 -413.338

[[2]]
[1] 8.084548

GA | iter = 18 | Mean = 5.431550 | Best = 8.084548
0.07345015 -10.96494 87.29172 -459.8415[[1]]
           [,1]      [,2]     [,3]      [,4]
[1,] 0.07345015 -10.96494 87.29172 -459.8415

[[2]]
[1] 8.228244

GA | iter = 19 | Mean = 5.193036 | Best = 8.228244
0.07345015 -10.96494 87.29172 -459.8415[[1]]
           [,1]      [,2]     [,3]      [,4]
[1,] 0.07345015 -10.96494 87.29172 -459.8415

[[2]]
[1] 8.228244

GA | iter = 20 | Mean = 5.342185 | Best = 8.228244
-0.02744211 -7.304352 97.5842 -935.2124[[1]]
            [,1]      [,2]    [,3]      [,4]
[1,] -0.02744211 -7.304352 97.5842 -935.2124

[[2]]
[1] 8.236151

GA | iter = 21 | Mean = 5.286973 | Best = 8.236151
-0.02744211 -7.304352 97.5842 -935.2124[[1]]
            [,1]      [,2]    [,3]      [,4]
[1,] -0.02744211 -7.304352 97.5842 -935.2124

[[2]]
[1] 8.236151

GA | iter = 22 | Mean = 5.260447 | Best = 8.236151
-0.04338897 -5.696295 39.11235 -192.5859[[1]]
            [,1]      [,2]     [,3]      [,4]
[1,] -0.04338897 -5.696295 39.11235 -192.5859

[[2]]
[1] 8.472318

GA | iter = 23 | Mean = 5.357423 | Best = 8.472318
-0.04338897 -5.696295 39.11235 -192.5859[[1]]
            [,1]      [,2]     [,3]      [,4]
[1,] -0.04338897 -5.696295 39.11235 -192.5859

[[2]]
[1] 8.472318

GA | iter = 24 | Mean = 5.446734 | Best = 8.472318
-0.04338897 -5.696295 39.11235 -192.5859[[1]]
            [,1]      [,2]     [,3]      [,4]
[1,] -0.04338897 -5.696295 39.11235 -192.5859

[[2]]
[1] 8.472318

GA | iter = 25 | Mean = 5.442441 | Best = 8.472318
-0.04338897 -5.696295 39.11235 -192.5859[[1]]
            [,1]      [,2]     [,3]      [,4]
[1,] -0.04338897 -5.696295 39.11235 -192.5859

[[2]]
[1] 8.472318

GA | iter = 26 | Mean = 5.663161 | Best = 8.472318
-0.04338897 -5.696295 39.11235 -192.5859[[1]]
            [,1]      [,2]     [,3]      [,4]
[1,] -0.04338897 -5.696295 39.11235 -192.5859

[[2]]
[1] 8.472318

GA | iter = 27 | Mean = 5.503487 | Best = 8.472318
-0.04338897 -5.696295 39.11235 -192.5859[[1]]
            [,1]      [,2]     [,3]      [,4]
[1,] -0.04338897 -5.696295 39.11235 -192.5859

[[2]]
[1] 8.472318

GA | iter = 28 | Mean = 5.682707 | Best = 8.472318
0.07002791 -10.89045 88.25363 -502.1045[[1]]
           [,1]      [,2]     [,3]      [,4]
[1,] 0.07002791 -10.89045 88.25363 -502.1045

[[2]]
[1] 8.516699

GA | iter = 29 | Mean = 5.709054 | Best = 8.516699
0.07002791 -10.89045 88.25363 -502.1045[[1]]
           [,1]      [,2]     [,3]      [,4]
[1,] 0.07002791 -10.89045 88.25363 -502.1045

[[2]]
[1] 8.516699

GA | iter = 30 | Mean = 5.578051 | Best = 8.516699
0.07002791 -10.89045 88.25363 -502.1045[[1]]
           [,1]      [,2]     [,3]      [,4]
[1,] 0.07002791 -10.89045 88.25363 -502.1045

[[2]]
[1] 8.516699

GA | iter = 31 | Mean = 5.501228 | Best = 8.516699
0.07002791 -10.89045 88.25363 -502.1045[[1]]
           [,1]      [,2]     [,3]      [,4]
[1,] 0.07002791 -10.89045 88.25363 -502.1045

[[2]]
[1] 8.516699

GA | iter = 32 | Mean = 5.489551 | Best = 8.516699
0.03171544 -8.743713 77.66497 -497.5489[[1]]
           [,1]      [,2]     [,3]      [,4]
[1,] 0.03171544 -8.743713 77.66497 -497.5489

[[2]]
[1] 8.519584

GA | iter = 33 | Mean = 5.459366 | Best = 8.519584
0.02975412 -9.123519 80.38664 -508.2736[[1]]
           [,1]      [,2]     [,3]      [,4]
[1,] 0.02975412 -9.123519 80.38664 -508.2736

[[2]]
[1] 8.550017

GA | iter = 34 | Mean = 5.550799 | Best = 8.550017
0.05765195 -9.898314 77.53723 -448.4405[[1]]
           [,1]      [,2]     [,3]      [,4]
[1,] 0.05765195 -9.898314 77.53723 -448.4405

[[2]]
[1] 8.578323

GA | iter = 35 | Mean = 5.496743 | Best = 8.578323
0.05765195 -9.898314 77.53723 -448.4405[[1]]
           [,1]      [,2]     [,3]      [,4]
[1,] 0.05765195 -9.898314 77.53723 -448.4405

[[2]]
[1] 8.578323

GA | iter = 36 | Mean = 5.467548 | Best = 8.578323
0.05765195 -9.898314 77.53723 -448.4405[[1]]
           [,1]      [,2]     [,3]      [,4]
[1,] 0.05765195 -9.898314 77.53723 -448.4405

[[2]]
[1] 8.578323

GA | iter = 37 | Mean = 5.382564 | Best = 8.578323
0.05765195 -9.898314 77.53723 -448.4405[[1]]
           [,1]      [,2]     [,3]      [,4]
[1,] 0.05765195 -9.898314 77.53723 -448.4405

[[2]]
[1] 8.578323

GA | iter = 38 | Mean = 5.303827 | Best = 8.578323
0.05765195 -9.898314 77.53723 -448.4405[[1]]
           [,1]      [,2]     [,3]      [,4]
[1,] 0.05765195 -9.898314 77.53723 -448.4405

[[2]]
[1] 8.578323

GA | iter = 39 | Mean = 5.166281 | Best = 8.578323
0.05765195 -9.898314 77.53723 -448.4405[[1]]
           [,1]      [,2]     [,3]      [,4]
[1,] 0.05765195 -9.898314 77.53723 -448.4405

[[2]]
[1] 8.578323

GA | iter = 40 | Mean = 5.392526 | Best = 8.578323
0.05765195 -9.898314 77.53723 -448.4405[[1]]
           [,1]      [,2]     [,3]      [,4]
[1,] 0.05765195 -9.898314 77.53723 -448.4405

[[2]]
[1] 8.578323

GA | iter = 41 | Mean = 5.489499 | Best = 8.578323
0.05765195 -9.898314 77.53723 -448.4405[[1]]
           [,1]      [,2]     [,3]      [,4]
[1,] 0.05765195 -9.898314 77.53723 -448.4405

[[2]]
[1] 8.578323

GA | iter = 42 | Mean = 5.397287 | Best = 8.578323
0.02633873 -9.322164 77.35716 -471.704[[1]]
           [,1]      [,2]     [,3]     [,4]
[1,] 0.02633873 -9.322164 77.35716 -471.704

[[2]]
[1] 8.582859

GA | iter = 43 | Mean = 5.469749 | Best = 8.582859
0.02633873 -9.322164 77.35716 -471.704[[1]]
           [,1]      [,2]     [,3]     [,4]
[1,] 0.02633873 -9.322164 77.35716 -471.704

[[2]]
[1] 8.582859

GA | iter = 44 | Mean = 5.446679 | Best = 8.582859
0.02633873 -9.322164 77.35716 -471.704[[1]]
           [,1]      [,2]     [,3]     [,4]
[1,] 0.02633873 -9.322164 77.35716 -471.704

[[2]]
[1] 8.582859

GA | iter = 45 | Mean = 5.597853 | Best = 8.582859
0.02633873 -9.322164 77.35716 -471.704[[1]]
           [,1]      [,2]     [,3]     [,4]
[1,] 0.02633873 -9.322164 77.35716 -471.704

[[2]]
[1] 8.582859

GA | iter = 46 | Mean = 5.613372 | Best = 8.582859
0.02633873 -9.322164 77.35716 -471.704[[1]]
           [,1]      [,2]     [,3]     [,4]
[1,] 0.02633873 -9.322164 77.35716 -471.704

[[2]]
[1] 8.582859

GA | iter = 47 | Mean = 5.631149 | Best = 8.582859
0.02633873 -9.322164 77.35716 -471.704[[1]]
           [,1]      [,2]     [,3]     [,4]
[1,] 0.02633873 -9.322164 77.35716 -471.704

[[2]]
[1] 8.582859

GA | iter = 48 | Mean = 5.496989 | Best = 8.582859
0.02633873 -9.322164 77.35716 -471.704[[1]]
           [,1]      [,2]     [,3]     [,4]
[1,] 0.02633873 -9.322164 77.35716 -471.704

[[2]]
[1] 8.582859

GA | iter = 49 | Mean = 5.628676 | Best = 8.582859
0.02633873 -9.322164 77.35716 -471.704[[1]]
           [,1]      [,2]     [,3]     [,4]
[1,] 0.02633873 -9.322164 77.35716 -471.704

[[2]]
[1] 8.582859

GA | iter = 50 | Mean = 5.831228 | Best = 8.582859
0.02633873 -9.322164 77.35716 -471.704[[1]]
           [,1]      [,2]     [,3]     [,4]
[1,] 0.02633873 -9.322164 77.35716 -471.704

[[2]]
[1] 8.582859

GA | iter = 51 | Mean = 5.572927 | Best = 8.582859
0.04732479 -9.714653 77.41415 -449.4379[[1]]
           [,1]      [,2]     [,3]      [,4]
[1,] 0.04732479 -9.714653 77.41415 -449.4379

[[2]]
[1] 8.586185

GA | iter = 52 | Mean = 5.712107 | Best = 8.586185
0.04732479 -9.714653 77.41415 -449.4379[[1]]
           [,1]      [,2]     [,3]      [,4]
[1,] 0.04732479 -9.714653 77.41415 -449.4379

[[2]]
[1] 8.586185

GA | iter = 53 | Mean = 5.734414 | Best = 8.586185
0.04732479 -9.714653 77.41415 -449.4379[[1]]
           [,1]      [,2]     [,3]      [,4]
[1,] 0.04732479 -9.714653 77.41415 -449.4379

[[2]]
[1] 8.586185

GA | iter = 54 | Mean = 5.613706 | Best = 8.586185
0.04732479 -9.714653 77.41415 -449.4379[[1]]
           [,1]      [,2]     [,3]      [,4]
[1,] 0.04732479 -9.714653 77.41415 -449.4379

[[2]]
[1] 8.586185

GA | iter = 55 | Mean = 5.891210 | Best = 8.586185
0.04732479 -9.714653 77.41415 -449.4379[[1]]
           [,1]      [,2]     [,3]      [,4]
[1,] 0.04732479 -9.714653 77.41415 -449.4379

[[2]]
[1] 8.586185

GA | iter = 56 | Mean = 5.525245 | Best = 8.586185
0.04732479 -9.714653 77.41415 -449.4379[[1]]
           [,1]      [,2]     [,3]      [,4]
[1,] 0.04732479 -9.714653 77.41415 -449.4379

[[2]]
[1] 8.586185

GA | iter = 57 | Mean = 5.527950 | Best = 8.586185
0.04732479 -9.714653 77.41415 -449.4379[[1]]
           [,1]      [,2]     [,3]      [,4]
[1,] 0.04732479 -9.714653 77.41415 -449.4379

[[2]]
[1] 8.586185

GA | iter = 58 | Mean = 5.409065 | Best = 8.586185
0.04732479 -9.714653 77.41415 -449.4379[[1]]
           [,1]      [,2]     [,3]      [,4]
[1,] 0.04732479 -9.714653 77.41415 -449.4379

[[2]]
[1] 8.586185

GA | iter = 59 | Mean = 5.375100 | Best = 8.586185
0.04732479 -9.714653 77.41415 -449.4379[[1]]
           [,1]      [,2]     [,3]      [,4]
[1,] 0.04732479 -9.714653 77.41415 -449.4379

[[2]]
[1] 8.586185

GA | iter = 60 | Mean = 5.535844 | Best = 8.586185
0.04732479 -9.714653 77.41415 -449.4379[[1]]
           [,1]      [,2]     [,3]      [,4]
[1,] 0.04732479 -9.714653 77.41415 -449.4379

[[2]]
[1] 8.586185

GA | iter = 61 | Mean = 5.835851 | Best = 8.586185
0.04495823 -9.517538 77.39857 -458.1276[[1]]
           [,1]      [,2]     [,3]      [,4]
[1,] 0.04495823 -9.517538 77.39857 -458.1276

[[2]]
[1] 8.586416

GA | iter = 62 | Mean = 5.652433 | Best = 8.586416
0.03106563 -9.437885 77.50003 -465.0909[[1]]
           [,1]      [,2]     [,3]      [,4]
[1,] 0.03106563 -9.437885 77.50003 -465.0909

[[2]]
[1] 8.586417

GA | iter = 63 | Mean = 5.412083 | Best = 8.586417
0.03106563 -9.437885 77.50003 -465.0909[[1]]
           [,1]      [,2]     [,3]      [,4]
[1,] 0.03106563 -9.437885 77.50003 -465.0909

[[2]]
[1] 8.586417

GA | iter = 64 | Mean = 5.741204 | Best = 8.586417
0.03372289 -9.523079 77.45153 -462.2702[[1]]
           [,1]      [,2]     [,3]      [,4]
[1,] 0.03372289 -9.523079 77.45153 -462.2702

[[2]]
[1] 8.586924

GA | iter = 65 | Mean = 5.653815 | Best = 8.586924
0.03372289 -9.523079 77.45153 -462.2702[[1]]
           [,1]      [,2]     [,3]      [,4]
[1,] 0.03372289 -9.523079 77.45153 -462.2702

[[2]]
[1] 8.586924

GA | iter = 66 | Mean = 5.442337 | Best = 8.586924
0.03372289 -9.523079 77.45153 -462.2702[[1]]
           [,1]      [,2]     [,3]      [,4]
[1,] 0.03372289 -9.523079 77.45153 -462.2702

[[2]]
[1] 8.586924

GA | iter = 67 | Mean = 5.506293 | Best = 8.586924
0.03372289 -9.523079 77.45153 -462.2702[[1]]
           [,1]      [,2]     [,3]      [,4]
[1,] 0.03372289 -9.523079 77.45153 -462.2702

[[2]]
[1] 8.586924

GA | iter = 68 | Mean = 5.312053 | Best = 8.586924
0.03372289 -9.523079 77.45153 -462.2702[[1]]
           [,1]      [,2]     [,3]      [,4]
[1,] 0.03372289 -9.523079 77.45153 -462.2702

[[2]]
[1] 8.586924

GA | iter = 69 | Mean = 5.680614 | Best = 8.586924
0.03372289 -9.523079 77.45153 -462.2702[[1]]
           [,1]      [,2]     [,3]      [,4]
[1,] 0.03372289 -9.523079 77.45153 -462.2702

[[2]]
[1] 8.586924

GA | iter = 70 | Mean = 5.564368 | Best = 8.586924
0.03372289 -9.523079 77.45153 -462.2702[[1]]
           [,1]      [,2]     [,3]      [,4]
[1,] 0.03372289 -9.523079 77.45153 -462.2702

[[2]]
[1] 8.586924

GA | iter = 71 | Mean = 5.587923 | Best = 8.586924
0.036914 -9.58335 77.27315 -456.5775[[1]]
         [,1]     [,2]     [,3]      [,4]
[1,] 0.036914 -9.58335 77.27315 -456.5775

[[2]]
[1] 8.58729

GA | iter = 72 | Mean = 5.554313 | Best = 8.587290
0.036914 -9.58335 77.27315 -456.5775[[1]]
         [,1]     [,2]     [,3]      [,4]
[1,] 0.036914 -9.58335 77.27315 -456.5775

[[2]]
[1] 8.58729

GA | iter = 73 | Mean = 5.659022 | Best = 8.587290
0.036914 -9.58335 77.27315 -456.5775[[1]]
         [,1]     [,2]     [,3]      [,4]
[1,] 0.036914 -9.58335 77.27315 -456.5775

[[2]]
[1] 8.58729

GA | iter = 74 | Mean = 5.574681 | Best = 8.587290
0.036914 -9.58335 77.27315 -456.5775[[1]]
         [,1]     [,2]     [,3]      [,4]
[1,] 0.036914 -9.58335 77.27315 -456.5775

[[2]]
[1] 8.58729

GA | iter = 75 | Mean = 5.39841 | Best = 8.58729
0.036914 -9.58335 77.27315 -456.5775[[1]]
         [,1]     [,2]     [,3]      [,4]
[1,] 0.036914 -9.58335 77.27315 -456.5775

[[2]]
[1] 8.58729

GA | iter = 76 | Mean = 5.588088 | Best = 8.587290
0.040145 -9.562518 77.86972 -462.7982[[1]]
         [,1]      [,2]     [,3]      [,4]
[1,] 0.040145 -9.562518 77.86972 -462.7982

[[2]]
[1] 8.5876

GA | iter = 77 | Mean = 5.656148 | Best = 8.587600
0.040145 -9.562518 77.86972 -462.7982[[1]]
         [,1]      [,2]     [,3]      [,4]
[1,] 0.040145 -9.562518 77.86972 -462.7982

[[2]]
[1] 8.5876

GA | iter = 78 | Mean = 5.614444 | Best = 8.587600
0.040145 -9.562518 77.86972 -462.7982[[1]]
         [,1]      [,2]     [,3]      [,4]
[1,] 0.040145 -9.562518 77.86972 -462.7982

[[2]]
[1] 8.5876

GA | iter = 79 | Mean = 5.464515 | Best = 8.587600
0.040145 -9.562518 77.86972 -462.7982[[1]]
         [,1]      [,2]     [,3]      [,4]
[1,] 0.040145 -9.562518 77.86972 -462.7982

[[2]]
[1] 8.5876

GA | iter = 80 | Mean = 5.737234 | Best = 8.587600
0.040145 -9.562518 77.86972 -462.7982[[1]]
         [,1]      [,2]     [,3]      [,4]
[1,] 0.040145 -9.562518 77.86972 -462.7982

[[2]]
[1] 8.5876

GA | iter = 81 | Mean = 5.820994 | Best = 8.587600
0.040145 -9.562518 77.86972 -462.7982[[1]]
         [,1]      [,2]     [,3]      [,4]
[1,] 0.040145 -9.562518 77.86972 -462.7982

[[2]]
[1] 8.5876

GA | iter = 82 | Mean = 5.667713 | Best = 8.587600
0.040145 -9.562518 77.86972 -462.7982[[1]]
         [,1]      [,2]     [,3]      [,4]
[1,] 0.040145 -9.562518 77.86972 -462.7982

[[2]]
[1] 8.5876

GA | iter = 83 | Mean = 5.559157 | Best = 8.587600
0.040145 -9.562518 77.86972 -462.7982[[1]]
         [,1]      [,2]     [,3]      [,4]
[1,] 0.040145 -9.562518 77.86972 -462.7982

[[2]]
[1] 8.5876

GA | iter = 84 | Mean = 5.641768 | Best = 8.587600
0.040145 -9.562518 77.86972 -462.7982[[1]]
         [,1]      [,2]     [,3]      [,4]
[1,] 0.040145 -9.562518 77.86972 -462.7982

[[2]]
[1] 8.5876

GA | iter = 85 | Mean = 5.45212 | Best = 8.58760
0.040145 -9.562518 77.86972 -462.7982[[1]]
         [,1]      [,2]     [,3]      [,4]
[1,] 0.040145 -9.562518 77.86972 -462.7982

[[2]]
[1] 8.5876

GA | iter = 86 | Mean = 5.450138 | Best = 8.587600
0.040145 -9.562518 77.86972 -462.7982[[1]]
         [,1]      [,2]     [,3]      [,4]
[1,] 0.040145 -9.562518 77.86972 -462.7982

[[2]]
[1] 8.5876

GA | iter = 87 | Mean = 5.484895 | Best = 8.587600
0.040145 -9.562518 77.86972 -462.7982[[1]]
         [,1]      [,2]     [,3]      [,4]
[1,] 0.040145 -9.562518 77.86972 -462.7982

[[2]]
[1] 8.5876

GA | iter = 88 | Mean = 5.586098 | Best = 8.587600
0.040145 -9.562518 77.86972 -462.7982[[1]]
         [,1]      [,2]     [,3]      [,4]
[1,] 0.040145 -9.562518 77.86972 -462.7982

[[2]]
[1] 8.5876

GA | iter = 89 | Mean = 5.597605 | Best = 8.587600
0.03981964 -9.570453 77.58262 -458.5007[[1]]
           [,1]      [,2]     [,3]      [,4]
[1,] 0.03981964 -9.570453 77.58262 -458.5007

[[2]]
[1] 8.587795

GA | iter = 90 | Mean = 5.710677 | Best = 8.587795
0.03981964 -9.570453 77.58262 -458.5007[[1]]
           [,1]      [,2]     [,3]      [,4]
[1,] 0.03981964 -9.570453 77.58262 -458.5007

[[2]]
[1] 8.587795

GA | iter = 91 | Mean = 5.547970 | Best = 8.587795
0.04173097 -9.568125 76.86421 -450.7797[[1]]
           [,1]      [,2]     [,3]      [,4]
[1,] 0.04173097 -9.568125 76.86421 -450.7797

[[2]]
[1] 8.587948

GA | iter = 92 | Mean = 5.703787 | Best = 8.587948
0.04173097 -9.568125 76.86421 -450.7797[[1]]
           [,1]      [,2]     [,3]      [,4]
[1,] 0.04173097 -9.568125 76.86421 -450.7797

[[2]]
[1] 8.587948

GA | iter = 93 | Mean = 5.592320 | Best = 8.587948
0.04174608 -9.573287 76.90565 -451.7446[[1]]
           [,1]      [,2]     [,3]      [,4]
[1,] 0.04174608 -9.573287 76.90565 -451.7446

[[2]]
[1] 8.587985

GA | iter = 94 | Mean = 5.714309 | Best = 8.587985
0.04174608 -9.573287 76.90565 -451.7446[[1]]
           [,1]      [,2]     [,3]      [,4]
[1,] 0.04174608 -9.573287 76.90565 -451.7446

[[2]]
[1] 8.587985

GA | iter = 95 | Mean = 5.635898 | Best = 8.587985
0.04174608 -9.573287 76.90565 -451.7446[[1]]
           [,1]      [,2]     [,3]      [,4]
[1,] 0.04174608 -9.573287 76.90565 -451.7446

[[2]]
[1] 8.587985

GA | iter = 96 | Mean = 5.628656 | Best = 8.587985
0.04174608 -9.573287 76.90565 -451.7446[[1]]
           [,1]      [,2]     [,3]      [,4]
[1,] 0.04174608 -9.573287 76.90565 -451.7446

[[2]]
[1] 8.587985

GA | iter = 97 | Mean = 5.572102 | Best = 8.587985
0.04174608 -9.573287 76.90565 -451.7446[[1]]
           [,1]      [,2]     [,3]      [,4]
[1,] 0.04174608 -9.573287 76.90565 -451.7446

[[2]]
[1] 8.587985

GA | iter = 98 | Mean = 5.643732 | Best = 8.587985
0.04174608 -9.573287 76.90565 -451.7446[[1]]
           [,1]      [,2]     [,3]      [,4]
[1,] 0.04174608 -9.573287 76.90565 -451.7446

[[2]]
[1] 8.587985

GA | iter = 99 | Mean = 5.685238 | Best = 8.587985
0.04174608 -9.573287 76.90565 -451.7446[[1]]
           [,1]      [,2]     [,3]      [,4]
[1,] 0.04174608 -9.573287 76.90565 -451.7446

[[2]]
[1] 8.587985

GA | iter = 100 | Mean = 5.858467 | Best = 8.587985
0.04174608 -9.573287 76.90565 -451.7446[[1]]
           [,1]      [,2]     [,3]      [,4]
[1,] 0.04174608 -9.573287 76.90565 -451.7446

[[2]]
[1] 8.587985

GA | iter = 101 | Mean = 5.811867 | Best = 8.587985
0.04174608 -9.573287 76.90565 -451.7446[[1]]
           [,1]      [,2]     [,3]      [,4]
[1,] 0.04174608 -9.573287 76.90565 -451.7446

[[2]]
[1] 8.587985

GA | iter = 102 | Mean = 5.445039 | Best = 8.587985
0.04174608 -9.573287 76.90565 -451.7446[[1]]
           [,1]      [,2]     [,3]      [,4]
[1,] 0.04174608 -9.573287 76.90565 -451.7446

[[2]]
[1] 8.587985

GA | iter = 103 | Mean = 5.671332 | Best = 8.587985
0.04174608 -9.573287 76.90565 -451.7446[[1]]
           [,1]      [,2]     [,3]      [,4]
[1,] 0.04174608 -9.573287 76.90565 -451.7446

[[2]]
[1] 8.587985

GA | iter = 104 | Mean = 5.438688 | Best = 8.587985
0.04174608 -9.573287 76.90565 -451.7446[[1]]
           [,1]      [,2]     [,3]      [,4]
[1,] 0.04174608 -9.573287 76.90565 -451.7446

[[2]]
[1] 8.587985

GA | iter = 105 | Mean = 5.786225 | Best = 8.587985
0.04174608 -9.573287 76.90565 -451.7446[[1]]
           [,1]      [,2]     [,3]      [,4]
[1,] 0.04174608 -9.573287 76.90565 -451.7446

[[2]]
[1] 8.587985

GA | iter = 106 | Mean = 5.785500 | Best = 8.587985
0.04174608 -9.573287 76.90565 -451.7446[[1]]
           [,1]      [,2]     [,3]      [,4]
[1,] 0.04174608 -9.573287 76.90565 -451.7446

[[2]]
[1] 8.587985

GA | iter = 107 | Mean = 5.637443 | Best = 8.587985
0.04174608 -9.573287 76.90565 -451.7446[[1]]
           [,1]      [,2]     [,3]      [,4]
[1,] 0.04174608 -9.573287 76.90565 -451.7446

[[2]]
[1] 8.587985

GA | iter = 108 | Mean = 5.812258 | Best = 8.587985
0.04174608 -9.573287 76.90565 -451.7446[[1]]
           [,1]      [,2]     [,3]      [,4]
[1,] 0.04174608 -9.573287 76.90565 -451.7446

[[2]]
[1] 8.587985

GA | iter = 109 | Mean = 5.908733 | Best = 8.587985
0.04174608 -9.573287 76.90565 -451.7446[[1]]
           [,1]      [,2]     [,3]      [,4]
[1,] 0.04174608 -9.573287 76.90565 -451.7446

[[2]]
[1] 8.587985

GA | iter = 110 | Mean = 5.840315 | Best = 8.587985
0.04174608 -9.573287 76.90565 -451.7446[[1]]
           [,1]      [,2]     [,3]      [,4]
[1,] 0.04174608 -9.573287 76.90565 -451.7446

[[2]]
[1] 8.587985

GA | iter = 111 | Mean = 5.613408 | Best = 8.587985
0.04174608 -9.573287 76.90565 -451.7446[[1]]
           [,1]      [,2]     [,3]      [,4]
[1,] 0.04174608 -9.573287 76.90565 -451.7446

[[2]]
[1] 8.587985

GA | iter = 112 | Mean = 5.746382 | Best = 8.587985
0.04174103 -9.573676 77.1497 -453.9771[[1]]
           [,1]      [,2]    [,3]      [,4]
[1,] 0.04174103 -9.573676 77.1497 -453.9771

[[2]]
[1] 8.587986

GA | iter = 113 | Mean = 5.816065 | Best = 8.587986
0.04174103 -9.573676 77.1497 -453.9771[[1]]
           [,1]      [,2]    [,3]      [,4]
[1,] 0.04174103 -9.573676 77.1497 -453.9771

[[2]]
[1] 8.587986

GA | iter = 114 | Mean = 5.802407 | Best = 8.587986
0.04174103 -9.573676 77.1497 -453.9771[[1]]
           [,1]      [,2]    [,3]      [,4]
[1,] 0.04174103 -9.573676 77.1497 -453.9771

[[2]]
[1] 8.587986

GA | iter = 115 | Mean = 5.735899 | Best = 8.587986
0.04174103 -9.573676 77.1497 -453.9771[[1]]
           [,1]      [,2]    [,3]      [,4]
[1,] 0.04174103 -9.573676 77.1497 -453.9771

[[2]]
[1] 8.587986

GA | iter = 116 | Mean = 5.769574 | Best = 8.587986
0.04174103 -9.573676 77.1497 -453.9771[[1]]
           [,1]      [,2]    [,3]      [,4]
[1,] 0.04174103 -9.573676 77.1497 -453.9771

[[2]]
[1] 8.587986

GA | iter = 117 | Mean = 5.538292 | Best = 8.587986
0.04174103 -9.573676 77.1497 -453.9771[[1]]
           [,1]      [,2]    [,3]      [,4]
[1,] 0.04174103 -9.573676 77.1497 -453.9771

[[2]]
[1] 8.587986

GA | iter = 118 | Mean = 5.564736 | Best = 8.587986
0.04174103 -9.573676 77.1497 -453.9771[[1]]
           [,1]      [,2]    [,3]      [,4]
[1,] 0.04174103 -9.573676 77.1497 -453.9771

[[2]]
[1] 8.587986

GA | iter = 119 | Mean = 5.547209 | Best = 8.587986
0.04174103 -9.573676 77.1497 -453.9771[[1]]
           [,1]      [,2]    [,3]      [,4]
[1,] 0.04174103 -9.573676 77.1497 -453.9771

[[2]]
[1] 8.587986

GA | iter = 120 | Mean = 5.736601 | Best = 8.587986
0.04174103 -9.573676 77.1497 -453.9771[[1]]
           [,1]      [,2]    [,3]      [,4]
[1,] 0.04174103 -9.573676 77.1497 -453.9771

[[2]]
[1] 8.587986

GA | iter = 121 | Mean = 6.016529 | Best = 8.587986
0.04174103 -9.573676 77.1497 -453.9771[[1]]
           [,1]      [,2]    [,3]      [,4]
[1,] 0.04174103 -9.573676 77.1497 -453.9771

[[2]]
[1] 8.587986

GA | iter = 122 | Mean = 5.652432 | Best = 8.587986
0.04174103 -9.573676 77.1497 -453.9771[[1]]
           [,1]      [,2]    [,3]      [,4]
[1,] 0.04174103 -9.573676 77.1497 -453.9771

[[2]]
[1] 8.587986

GA | iter = 123 | Mean = 5.682626 | Best = 8.587986
0.04174103 -9.573676 77.1497 -453.9771[[1]]
           [,1]      [,2]    [,3]      [,4]
[1,] 0.04174103 -9.573676 77.1497 -453.9771

[[2]]
[1] 8.587986

GA | iter = 124 | Mean = 5.624568 | Best = 8.587986
0.04168235 -9.574779 77.18093 -454.4272[[1]]
           [,1]      [,2]     [,3]      [,4]
[1,] 0.04168235 -9.574779 77.18093 -454.4272

[[2]]
[1] 8.587988

GA | iter = 125 | Mean = 5.669910 | Best = 8.587988
0.04168235 -9.574779 77.18093 -454.4272[[1]]
           [,1]      [,2]     [,3]      [,4]
[1,] 0.04168235 -9.574779 77.18093 -454.4272

[[2]]
[1] 8.587988

GA | iter = 126 | Mean = 5.708551 | Best = 8.587988
0.04168235 -9.574779 77.18093 -454.4272[[1]]
           [,1]      [,2]     [,3]      [,4]
[1,] 0.04168235 -9.574779 77.18093 -454.4272

[[2]]
[1] 8.587988

GA | iter = 127 | Mean = 5.580592 | Best = 8.587988
0.04168235 -9.574779 77.18093 -454.4272[[1]]
           [,1]      [,2]     [,3]      [,4]
[1,] 0.04168235 -9.574779 77.18093 -454.4272

[[2]]
[1] 8.587988

GA | iter = 128 | Mean = 5.690522 | Best = 8.587988
0.04168235 -9.574779 77.18093 -454.4272[[1]]
           [,1]      [,2]     [,3]      [,4]
[1,] 0.04168235 -9.574779 77.18093 -454.4272

[[2]]
[1] 8.587988

GA | iter = 129 | Mean = 5.936616 | Best = 8.587988
0.04168235 -9.574779 77.18093 -454.4272[[1]]
           [,1]      [,2]     [,3]      [,4]
[1,] 0.04168235 -9.574779 77.18093 -454.4272

[[2]]
[1] 8.587988

GA | iter = 130 | Mean = 5.734076 | Best = 8.587988
0.04168235 -9.574779 77.18093 -454.4272[[1]]
           [,1]      [,2]     [,3]      [,4]
[1,] 0.04168235 -9.574779 77.18093 -454.4272

[[2]]
[1] 8.587988

GA | iter = 131 | Mean = 5.709856 | Best = 8.587988
0.04168235 -9.574779 77.18093 -454.4272[[1]]
           [,1]      [,2]     [,3]      [,4]
[1,] 0.04168235 -9.574779 77.18093 -454.4272

[[2]]
[1] 8.587988

GA | iter = 132 | Mean = 5.770575 | Best = 8.587988
0.04174475 -9.573626 77.02421 -453.2373[[1]]
           [,1]      [,2]     [,3]      [,4]
[1,] 0.04174475 -9.573626 77.02421 -453.2373

[[2]]
[1] 8.587993

GA | iter = 133 | Mean = 5.623694 | Best = 8.587993
0.04174475 -9.573626 77.02421 -453.2373[[1]]
           [,1]      [,2]     [,3]      [,4]
[1,] 0.04174475 -9.573626 77.02421 -453.2373

[[2]]
[1] 8.587993

GA | iter = 134 | Mean = 5.801543 | Best = 8.587993
0.04174475 -9.573626 77.02421 -453.2373[[1]]
           [,1]      [,2]     [,3]      [,4]
[1,] 0.04174475 -9.573626 77.02421 -453.2373

[[2]]
[1] 8.587993

GA | iter = 135 | Mean = 5.811884 | Best = 8.587993
0.0418033 -9.573979 77.11076 -454.0054[[1]]
          [,1]      [,2]     [,3]      [,4]
[1,] 0.0418033 -9.573979 77.11076 -454.0054

[[2]]
[1] 8.587997

GA | iter = 136 | Mean = 5.638006 | Best = 8.587997
0.0418033 -9.573979 77.11076 -454.0054[[1]]
          [,1]      [,2]     [,3]      [,4]
[1,] 0.0418033 -9.573979 77.11076 -454.0054

[[2]]
[1] 8.587997

GA | iter = 137 | Mean = 5.629322 | Best = 8.587997
0.0418033 -9.573979 77.11076 -454.0054[[1]]
          [,1]      [,2]     [,3]      [,4]
[1,] 0.0418033 -9.573979 77.11076 -454.0054

[[2]]
[1] 8.587997

GA | iter = 138 | Mean = 5.856681 | Best = 8.587997
0.0418033 -9.573979 77.11076 -454.0054[[1]]
          [,1]      [,2]     [,3]      [,4]
[1,] 0.0418033 -9.573979 77.11076 -454.0054

[[2]]
[1] 8.587997

GA | iter = 139 | Mean = 6.027299 | Best = 8.587997
0.0418033 -9.573979 77.11076 -454.0054[[1]]
          [,1]      [,2]     [,3]      [,4]
[1,] 0.0418033 -9.573979 77.11076 -454.0054

[[2]]
[1] 8.587997

GA | iter = 140 | Mean = 5.948706 | Best = 8.587997
0.0418033 -9.573979 77.11076 -454.0054[[1]]
          [,1]      [,2]     [,3]      [,4]
[1,] 0.0418033 -9.573979 77.11076 -454.0054

[[2]]
[1] 8.587997

GA | iter = 141 | Mean = 5.894860 | Best = 8.587997
0.0418033 -9.573979 77.11076 -454.0054[[1]]
          [,1]      [,2]     [,3]      [,4]
[1,] 0.0418033 -9.573979 77.11076 -454.0054

[[2]]
[1] 8.587997

GA | iter = 142 | Mean = 5.812749 | Best = 8.587997
0.0418033 -9.573979 77.11076 -454.0054[[1]]
          [,1]      [,2]     [,3]      [,4]
[1,] 0.0418033 -9.573979 77.11076 -454.0054

[[2]]
[1] 8.587997

GA | iter = 143 | Mean = 5.858542 | Best = 8.587997
0.0418033 -9.573979 77.11076 -454.0054[[1]]
          [,1]      [,2]     [,3]      [,4]
[1,] 0.0418033 -9.573979 77.11076 -454.0054

[[2]]
[1] 8.587997

GA | iter = 144 | Mean = 5.623021 | Best = 8.587997
0.0418033 -9.573979 77.11076 -454.0054[[1]]
          [,1]      [,2]     [,3]      [,4]
[1,] 0.0418033 -9.573979 77.11076 -454.0054

[[2]]
[1] 8.587997

GA | iter = 145 | Mean = 5.698927 | Best = 8.587997
0.0418033 -9.573979 77.11076 -454.0054[[1]]
          [,1]      [,2]     [,3]      [,4]
[1,] 0.0418033 -9.573979 77.11076 -454.0054

[[2]]
[1] 8.587997

GA | iter = 146 | Mean = 5.466197 | Best = 8.587997
0.0418033 -9.573979 77.11076 -454.0054[[1]]
          [,1]      [,2]     [,3]      [,4]
[1,] 0.0418033 -9.573979 77.11076 -454.0054

[[2]]
[1] 8.587997

GA | iter = 147 | Mean = 5.473339 | Best = 8.587997
0.0418033 -9.573979 77.11076 -454.0054[[1]]
          [,1]      [,2]     [,3]      [,4]
[1,] 0.0418033 -9.573979 77.11076 -454.0054

[[2]]
[1] 8.587997

GA | iter = 148 | Mean = 5.780022 | Best = 8.587997
0.0418033 -9.573979 77.11076 -454.0054[[1]]
          [,1]      [,2]     [,3]      [,4]
[1,] 0.0418033 -9.573979 77.11076 -454.0054

[[2]]
[1] 8.587997

GA | iter = 149 | Mean = 5.606800 | Best = 8.587997
0.0418033 -9.573979 77.11076 -454.0054[[1]]
          [,1]      [,2]     [,3]      [,4]
[1,] 0.0418033 -9.573979 77.11076 -454.0054

[[2]]
[1] 8.587997

GA | iter = 150 | Mean = 5.768023 | Best = 8.587997
0.04173118 -9.573981 77.10928 -453.7843[[1]]
           [,1]      [,2]     [,3]      [,4]
[1,] 0.04173118 -9.573981 77.10928 -453.7843

[[2]]
[1] 8.588

GA | iter = 151 | Mean = 5.772578 | Best = 8.588000
0.04173118 -9.573981 77.10928 -453.7843[[1]]
           [,1]      [,2]     [,3]      [,4]
[1,] 0.04173118 -9.573981 77.10928 -453.7843

[[2]]
[1] 8.588

GA | iter = 152 | Mean = 5.898076 | Best = 8.588000
0.04173118 -9.573981 77.10928 -453.7843[[1]]
           [,1]      [,2]     [,3]      [,4]
[1,] 0.04173118 -9.573981 77.10928 -453.7843

[[2]]
[1] 8.588

GA | iter = 153 | Mean = 5.68353 | Best = 8.58800
0.04173118 -9.573981 77.10928 -453.7843[[1]]
           [,1]      [,2]     [,3]      [,4]
[1,] 0.04173118 -9.573981 77.10928 -453.7843

[[2]]
[1] 8.588

GA | iter = 154 | Mean = 5.629425 | Best = 8.588000
0.04173118 -9.573981 77.10928 -453.7843[[1]]
           [,1]      [,2]     [,3]      [,4]
[1,] 0.04173118 -9.573981 77.10928 -453.7843

[[2]]
[1] 8.588

GA | iter = 155 | Mean = 5.617721 | Best = 8.588000
0.04173118 -9.573981 77.10928 -453.7843[[1]]
           [,1]      [,2]     [,3]      [,4]
[1,] 0.04173118 -9.573981 77.10928 -453.7843

[[2]]
[1] 8.588

GA | iter = 156 | Mean = 5.751394 | Best = 8.588000
0.04173118 -9.573981 77.10928 -453.7843[[1]]
           [,1]      [,2]     [,3]      [,4]
[1,] 0.04173118 -9.573981 77.10928 -453.7843

[[2]]
[1] 8.588

GA | iter = 157 | Mean = 5.56036 | Best = 8.58800
0.04173118 -9.573981 77.10928 -453.7843[[1]]
           [,1]      [,2]     [,3]      [,4]
[1,] 0.04173118 -9.573981 77.10928 -453.7843

[[2]]
[1] 8.588

GA | iter = 158 | Mean = 5.698985 | Best = 8.588000
0.04173118 -9.573981 77.10928 -453.7843[[1]]
           [,1]      [,2]     [,3]      [,4]
[1,] 0.04173118 -9.573981 77.10928 -453.7843

[[2]]
[1] 8.588

GA | iter = 159 | Mean = 5.55119 | Best = 8.58800
0.04173118 -9.573981 77.10928 -453.7843[[1]]
           [,1]      [,2]     [,3]      [,4]
[1,] 0.04173118 -9.573981 77.10928 -453.7843

[[2]]
[1] 8.588

GA | iter = 160 | Mean = 5.702191 | Best = 8.588000
0.04173118 -9.573981 77.10928 -453.7843[[1]]
           [,1]      [,2]     [,3]      [,4]
[1,] 0.04173118 -9.573981 77.10928 -453.7843

[[2]]
[1] 8.588

GA | iter = 161 | Mean = 5.721469 | Best = 8.588000
0.04173118 -9.573981 77.10928 -453.7843[[1]]
           [,1]      [,2]     [,3]      [,4]
[1,] 0.04173118 -9.573981 77.10928 -453.7843

[[2]]
[1] 8.588

GA | iter = 162 | Mean = 5.609941 | Best = 8.588000
0.04173118 -9.573981 77.10928 -453.7843[[1]]
           [,1]      [,2]     [,3]      [,4]
[1,] 0.04173118 -9.573981 77.10928 -453.7843

[[2]]
[1] 8.588

GA | iter = 163 | Mean = 5.887618 | Best = 8.588000
0.04173118 -9.573981 77.10928 -453.7843[[1]]
           [,1]      [,2]     [,3]      [,4]
[1,] 0.04173118 -9.573981 77.10928 -453.7843

[[2]]
[1] 8.588

GA | iter = 164 | Mean = 5.537496 | Best = 8.588000
0.04173118 -9.573981 77.10928 -453.7843[[1]]
           [,1]      [,2]     [,3]      [,4]
[1,] 0.04173118 -9.573981 77.10928 -453.7843

[[2]]
[1] 8.588

GA | iter = 165 | Mean = 5.641832 | Best = 8.588000
0.04173118 -9.573981 77.10928 -453.7843[[1]]
           [,1]      [,2]     [,3]      [,4]
[1,] 0.04173118 -9.573981 77.10928 -453.7843

[[2]]
[1] 8.588

GA | iter = 166 | Mean = 5.695005 | Best = 8.588000
0.04178745 -9.574043 77.10953 -453.8318[[1]]
           [,1]      [,2]     [,3]      [,4]
[1,] 0.04178745 -9.574043 77.10953 -453.8318

[[2]]
[1] 8.588

GA | iter = 167 | Mean = 5.6682 | Best = 8.5880
0.04178745 -9.574043 77.10953 -453.8318[[1]]
           [,1]      [,2]     [,3]      [,4]
[1,] 0.04178745 -9.574043 77.10953 -453.8318

[[2]]
[1] 8.588

GA | iter = 168 | Mean = 5.676635 | Best = 8.588000
0.04178745 -9.574043 77.10953 -453.8318[[1]]
           [,1]      [,2]     [,3]      [,4]
[1,] 0.04178745 -9.574043 77.10953 -453.8318

[[2]]
[1] 8.588

GA | iter = 169 | Mean = 5.591869 | Best = 8.588000
0.04178745 -9.574043 77.10953 -453.8318[[1]]
           [,1]      [,2]     [,3]      [,4]
[1,] 0.04178745 -9.574043 77.10953 -453.8318

[[2]]
[1] 8.588

GA | iter = 170 | Mean = 5.642395 | Best = 8.588000
0.04178745 -9.574043 77.10953 -453.8318[[1]]
           [,1]      [,2]     [,3]      [,4]
[1,] 0.04178745 -9.574043 77.10953 -453.8318

[[2]]
[1] 8.588

GA | iter = 171 | Mean = 5.513499 | Best = 8.588000
0.04171072 -9.574057 77.1119 -453.8631[[1]]
           [,1]      [,2]    [,3]      [,4]
[1,] 0.04171072 -9.574057 77.1119 -453.8631

[[2]]
[1] 8.588

GA | iter = 172 | Mean = 5.672653 | Best = 8.588000
0.04171072 -9.574057 77.1119 -453.8631[[1]]
           [,1]      [,2]    [,3]      [,4]
[1,] 0.04171072 -9.574057 77.1119 -453.8631

[[2]]
[1] 8.588

GA | iter = 173 | Mean = 5.610632 | Best = 8.588000
0.04171072 -9.574057 77.1119 -453.8631[[1]]
           [,1]      [,2]    [,3]      [,4]
[1,] 0.04171072 -9.574057 77.1119 -453.8631

[[2]]
[1] 8.588

GA | iter = 174 | Mean = 5.761983 | Best = 8.588000
0.04171072 -9.574057 77.1119 -453.8631[[1]]
           [,1]      [,2]    [,3]      [,4]
[1,] 0.04171072 -9.574057 77.1119 -453.8631

[[2]]
[1] 8.588

GA | iter = 175 | Mean = 5.828198 | Best = 8.588000
0.04171072 -9.574057 77.1119 -453.8631[[1]]
           [,1]      [,2]    [,3]      [,4]
[1,] 0.04171072 -9.574057 77.1119 -453.8631

[[2]]
[1] 8.588

GA | iter = 176 | Mean = 5.679325 | Best = 8.588000
0.04171072 -9.574057 77.1119 -453.8631[[1]]
           [,1]      [,2]    [,3]      [,4]
[1,] 0.04171072 -9.574057 77.1119 -453.8631

[[2]]
[1] 8.588

GA | iter = 177 | Mean = 5.637096 | Best = 8.588000
0.04171072 -9.574057 77.1119 -453.8631[[1]]
           [,1]      [,2]    [,3]      [,4]
[1,] 0.04171072 -9.574057 77.1119 -453.8631

[[2]]
[1] 8.588

GA | iter = 178 | Mean = 5.643493 | Best = 8.588000
0.04171072 -9.574057 77.1119 -453.8631[[1]]
           [,1]      [,2]    [,3]      [,4]
[1,] 0.04171072 -9.574057 77.1119 -453.8631

[[2]]
[1] 8.588

GA | iter = 179 | Mean = 5.678053 | Best = 8.588000
0.04171072 -9.574057 77.1119 -453.8631[[1]]
           [,1]      [,2]    [,3]      [,4]
[1,] 0.04171072 -9.574057 77.1119 -453.8631

[[2]]
[1] 8.588

GA | iter = 180 | Mean = 5.79835 | Best = 8.58800
0.04171072 -9.574057 77.1119 -453.8631[[1]]
           [,1]      [,2]    [,3]      [,4]
[1,] 0.04171072 -9.574057 77.1119 -453.8631

[[2]]
[1] 8.588

GA | iter = 181 | Mean = 5.661381 | Best = 8.588000
0.04171072 -9.574057 77.1119 -453.8631[[1]]
           [,1]      [,2]    [,3]      [,4]
[1,] 0.04171072 -9.574057 77.1119 -453.8631

[[2]]
[1] 8.588

GA | iter = 182 | Mean = 5.616034 | Best = 8.588000
0.04171072 -9.574057 77.1119 -453.8631[[1]]
           [,1]      [,2]    [,3]      [,4]
[1,] 0.04171072 -9.574057 77.1119 -453.8631

[[2]]
[1] 8.588

GA | iter = 183 | Mean = 5.689498 | Best = 8.588000
0.04182426 -9.566313 77.06364 -453.496[[1]]
           [,1]      [,2]     [,3]     [,4]
[1,] 0.04182426 -9.566313 77.06364 -453.496

[[2]]
[1] 8.588025

GA | iter = 184 | Mean = 5.704776 | Best = 8.588025
0.04182426 -9.566313 77.06364 -453.496[[1]]
           [,1]      [,2]     [,3]     [,4]
[1,] 0.04182426 -9.566313 77.06364 -453.496

[[2]]
[1] 8.588025

GA | iter = 185 | Mean = 5.365164 | Best = 8.588025
0.04182426 -9.566313 77.06364 -453.496[[1]]
           [,1]      [,2]     [,3]     [,4]
[1,] 0.04182426 -9.566313 77.06364 -453.496

[[2]]
[1] 8.588025

GA | iter = 186 | Mean = 5.586926 | Best = 8.588025
0.04182426 -9.566313 77.06364 -453.496[[1]]
           [,1]      [,2]     [,3]     [,4]
[1,] 0.04182426 -9.566313 77.06364 -453.496

[[2]]
[1] 8.588025

GA | iter = 187 | Mean = 5.764887 | Best = 8.588025
0.04182426 -9.566313 77.06364 -453.496[[1]]
           [,1]      [,2]     [,3]     [,4]
[1,] 0.04182426 -9.566313 77.06364 -453.496

[[2]]
[1] 8.588025

GA | iter = 188 | Mean = 5.739878 | Best = 8.588025
0.04182426 -9.566313 77.06364 -453.496[[1]]
           [,1]      [,2]     [,3]     [,4]
[1,] 0.04182426 -9.566313 77.06364 -453.496

[[2]]
[1] 8.588025

GA | iter = 189 | Mean = 5.774803 | Best = 8.588025
0.04182426 -9.566313 77.06364 -453.496[[1]]
           [,1]      [,2]     [,3]     [,4]
[1,] 0.04182426 -9.566313 77.06364 -453.496

[[2]]
[1] 8.588025

GA | iter = 190 | Mean = 5.752871 | Best = 8.588025
0.04182426 -9.566313 77.06364 -453.496[[1]]
           [,1]      [,2]     [,3]     [,4]
[1,] 0.04182426 -9.566313 77.06364 -453.496

[[2]]
[1] 8.588025

GA | iter = 191 | Mean = 5.707651 | Best = 8.588025
0.04182426 -9.566313 77.06364 -453.496[[1]]
           [,1]      [,2]     [,3]     [,4]
[1,] 0.04182426 -9.566313 77.06364 -453.496

[[2]]
[1] 8.588025

GA | iter = 192 | Mean = 5.765752 | Best = 8.588025
0.04182426 -9.566313 77.06364 -453.496[[1]]
           [,1]      [,2]     [,3]     [,4]
[1,] 0.04182426 -9.566313 77.06364 -453.496

[[2]]
[1] 8.588025

GA | iter = 193 | Mean = 5.746791 | Best = 8.588025
0.04182426 -9.566313 77.06364 -453.496[[1]]
           [,1]      [,2]     [,3]     [,4]
[1,] 0.04182426 -9.566313 77.06364 -453.496

[[2]]
[1] 8.588025

GA | iter = 194 | Mean = 5.784136 | Best = 8.588025
0.04182426 -9.566313 77.06364 -453.496[[1]]
           [,1]      [,2]     [,3]     [,4]
[1,] 0.04182426 -9.566313 77.06364 -453.496

[[2]]
[1] 8.588025

GA | iter = 195 | Mean = 5.929230 | Best = 8.588025
0.04182426 -9.566313 77.06364 -453.496[[1]]
           [,1]      [,2]     [,3]     [,4]
[1,] 0.04182426 -9.566313 77.06364 -453.496

[[2]]
[1] 8.588025

GA | iter = 196 | Mean = 5.762873 | Best = 8.588025
0.04182426 -9.566313 77.06364 -453.496[[1]]
           [,1]      [,2]     [,3]     [,4]
[1,] 0.04182426 -9.566313 77.06364 -453.496

[[2]]
[1] 8.588025

GA | iter = 197 | Mean = 5.810976 | Best = 8.588025
0.04182426 -9.566313 77.06364 -453.496[[1]]
           [,1]      [,2]     [,3]     [,4]
[1,] 0.04182426 -9.566313 77.06364 -453.496

[[2]]
[1] 8.588025

GA | iter = 198 | Mean = 5.829970 | Best = 8.588025
0.04182426 -9.566313 77.06364 -453.496[[1]]
           [,1]      [,2]     [,3]     [,4]
[1,] 0.04182426 -9.566313 77.06364 -453.496

[[2]]
[1] 8.588025

GA | iter = 199 | Mean = 5.570719 | Best = 8.588025
0.04182426 -9.566313 77.06364 -453.496[[1]]
           [,1]      [,2]     [,3]     [,4]
[1,] 0.04182426 -9.566313 77.06364 -453.496

[[2]]
[1] 8.588025

GA | iter = 200 | Mean = 5.544268 | Best = 8.588025
0.04182426 -9.566313 77.06364 -453.496[[1]]
           [,1]      [,2]     [,3]     [,4]
[1,] 0.04182426 -9.566313 77.06364 -453.496

[[2]]
[1] 8.588025

GA | iter = 201 | Mean = 5.568503 | Best = 8.588025
0.04182426 -9.566313 77.06364 -453.496[[1]]
           [,1]      [,2]     [,3]     [,4]
[1,] 0.04182426 -9.566313 77.06364 -453.496

[[2]]
[1] 8.588025

GA | iter = 202 | Mean = 5.731903 | Best = 8.588025
0.04182426 -9.566313 77.06364 -453.496[[1]]
           [,1]      [,2]     [,3]     [,4]
[1,] 0.04182426 -9.566313 77.06364 -453.496

[[2]]
[1] 8.588025

GA | iter = 203 | Mean = 5.720245 | Best = 8.588025
0.04182426 -9.566313 77.06364 -453.496[[1]]
           [,1]      [,2]     [,3]     [,4]
[1,] 0.04182426 -9.566313 77.06364 -453.496

[[2]]
[1] 8.588025

GA | iter = 204 | Mean = 5.842635 | Best = 8.588025
0.04182426 -9.566313 77.06364 -453.496[[1]]
           [,1]      [,2]     [,3]     [,4]
[1,] 0.04182426 -9.566313 77.06364 -453.496

[[2]]
[1] 8.588025

GA | iter = 205 | Mean = 5.551326 | Best = 8.588025
0.04182426 -9.566313 77.06364 -453.496[[1]]
           [,1]      [,2]     [,3]     [,4]
[1,] 0.04182426 -9.566313 77.06364 -453.496

[[2]]
[1] 8.588025

GA | iter = 206 | Mean = 5.717445 | Best = 8.588025
0.04182426 -9.566313 77.06364 -453.496[[1]]
           [,1]      [,2]     [,3]     [,4]
[1,] 0.04182426 -9.566313 77.06364 -453.496

[[2]]
[1] 8.588025

GA | iter = 207 | Mean = 5.532207 | Best = 8.588025
0.04182426 -9.566313 77.06364 -453.496[[1]]
           [,1]      [,2]     [,3]     [,4]
[1,] 0.04182426 -9.566313 77.06364 -453.496

[[2]]
[1] 8.588025

GA | iter = 208 | Mean = 5.598726 | Best = 8.588025
0.04182426 -9.566313 77.06364 -453.496[[1]]
           [,1]      [,2]     [,3]     [,4]
[1,] 0.04182426 -9.566313 77.06364 -453.496

[[2]]
[1] 8.588025

GA | iter = 209 | Mean = 5.449393 | Best = 8.588025
0.04182426 -9.566313 77.06364 -453.496[[1]]
           [,1]      [,2]     [,3]     [,4]
[1,] 0.04182426 -9.566313 77.06364 -453.496

[[2]]
[1] 8.588025

GA | iter = 210 | Mean = 5.435256 | Best = 8.588025
0.04182426 -9.566313 77.06364 -453.496[[1]]
           [,1]      [,2]     [,3]     [,4]
[1,] 0.04182426 -9.566313 77.06364 -453.496

[[2]]
[1] 8.588025

GA | iter = 211 | Mean = 5.324896 | Best = 8.588025
0.04182426 -9.566313 77.06364 -453.496[[1]]
           [,1]      [,2]     [,3]     [,4]
[1,] 0.04182426 -9.566313 77.06364 -453.496

[[2]]
[1] 8.588025

GA | iter = 212 | Mean = 5.546801 | Best = 8.588025
0.04182426 -9.566313 77.06364 -453.496[[1]]
           [,1]      [,2]     [,3]     [,4]
[1,] 0.04182426 -9.566313 77.06364 -453.496

[[2]]
[1] 8.588025

GA | iter = 213 | Mean = 5.630399 | Best = 8.588025
0.04182426 -9.566313 77.06364 -453.496[[1]]
           [,1]      [,2]     [,3]     [,4]
[1,] 0.04182426 -9.566313 77.06364 -453.496

[[2]]
[1] 8.588025

GA | iter = 214 | Mean = 5.727176 | Best = 8.588025
0.04182426 -9.566313 77.06364 -453.496[[1]]
           [,1]      [,2]     [,3]     [,4]
[1,] 0.04182426 -9.566313 77.06364 -453.496

[[2]]
[1] 8.588025

GA | iter = 215 | Mean = 5.599075 | Best = 8.588025
0.04182426 -9.566313 77.06364 -453.496[[1]]
           [,1]      [,2]     [,3]     [,4]
[1,] 0.04182426 -9.566313 77.06364 -453.496

[[2]]
[1] 8.588025

GA | iter = 216 | Mean = 5.628470 | Best = 8.588025
0.04182426 -9.566313 77.06364 -453.496[[1]]
           [,1]      [,2]     [,3]     [,4]
[1,] 0.04182426 -9.566313 77.06364 -453.496

[[2]]
[1] 8.588025

GA | iter = 217 | Mean = 5.537975 | Best = 8.588025
0.04182426 -9.566313 77.06364 -453.496[[1]]
           [,1]      [,2]     [,3]     [,4]
[1,] 0.04182426 -9.566313 77.06364 -453.496

[[2]]
[1] 8.588025

GA | iter = 218 | Mean = 5.561282 | Best = 8.588025
0.04182426 -9.566313 77.06364 -453.496[[1]]
           [,1]      [,2]     [,3]     [,4]
[1,] 0.04182426 -9.566313 77.06364 -453.496

[[2]]
[1] 8.588025

GA | iter = 219 | Mean = 5.607056 | Best = 8.588025
0.04182426 -9.566313 77.06364 -453.496[[1]]
           [,1]      [,2]     [,3]     [,4]
[1,] 0.04182426 -9.566313 77.06364 -453.496

[[2]]
[1] 8.588025

GA | iter = 220 | Mean = 5.604970 | Best = 8.588025
0.04182426 -9.566313 77.06364 -453.496[[1]]
           [,1]      [,2]     [,3]     [,4]
[1,] 0.04182426 -9.566313 77.06364 -453.496

[[2]]
[1] 8.588025

GA | iter = 221 | Mean = 5.653998 | Best = 8.588025
0.04182426 -9.566313 77.06364 -453.496[[1]]
           [,1]      [,2]     [,3]     [,4]
[1,] 0.04182426 -9.566313 77.06364 -453.496

[[2]]
[1] 8.588025

GA | iter = 222 | Mean = 5.586772 | Best = 8.588025
0.04182426 -9.566313 77.06364 -453.496[[1]]
           [,1]      [,2]     [,3]     [,4]
[1,] 0.04182426 -9.566313 77.06364 -453.496

[[2]]
[1] 8.588025

GA | iter = 223 | Mean = 5.514143 | Best = 8.588025
0.04182426 -9.566313 77.06364 -453.496[[1]]
           [,1]      [,2]     [,3]     [,4]
[1,] 0.04182426 -9.566313 77.06364 -453.496

[[2]]
[1] 8.588025

GA | iter = 224 | Mean = 5.812129 | Best = 8.588025
0.04182426 -9.566313 77.06364 -453.496[[1]]
           [,1]      [,2]     [,3]     [,4]
[1,] 0.04182426 -9.566313 77.06364 -453.496

[[2]]
[1] 8.588025

GA | iter = 225 | Mean = 5.666106 | Best = 8.588025
0.04182426 -9.566313 77.06364 -453.496[[1]]
           [,1]      [,2]     [,3]     [,4]
[1,] 0.04182426 -9.566313 77.06364 -453.496

[[2]]
[1] 8.588025

GA | iter = 226 | Mean = 5.665677 | Best = 8.588025
0.04182426 -9.566313 77.06364 -453.496[[1]]
           [,1]      [,2]     [,3]     [,4]
[1,] 0.04182426 -9.566313 77.06364 -453.496

[[2]]
[1] 8.588025

GA | iter = 227 | Mean = 5.763252 | Best = 8.588025
0.04182426 -9.566313 77.06364 -453.496[[1]]
           [,1]      [,2]     [,3]     [,4]
[1,] 0.04182426 -9.566313 77.06364 -453.496

[[2]]
[1] 8.588025

GA | iter = 228 | Mean = 5.891096 | Best = 8.588025
0.04182426 -9.566313 77.06364 -453.496[[1]]
           [,1]      [,2]     [,3]     [,4]
[1,] 0.04182426 -9.566313 77.06364 -453.496

[[2]]
[1] 8.588025

GA | iter = 229 | Mean = 5.887385 | Best = 8.588025
0.04182426 -9.566313 77.06364 -453.496[[1]]
           [,1]      [,2]     [,3]     [,4]
[1,] 0.04182426 -9.566313 77.06364 -453.496

[[2]]
[1] 8.588025

GA | iter = 230 | Mean = 5.923521 | Best = 8.588025
slurmstepd: error: *** JOB 29352709 ON cdr2456 CANCELLED AT 2022-03-24T22:05:56 DUE TO TIME LIMIT ***
