
Lmod is automatically replacing "intel/2020.1.217" with "gcc/9.3.0".


Due to MODULEPATH changes, the following have been reloaded:
  1) openmpi/4.0.3


R version 4.0.2 (2020-06-22) -- "Taking Off Again"
Copyright (C) 2020 The R Foundation for Statistical Computing
Platform: x86_64-pc-linux-gnu (64-bit)

R is free software and comes with ABSOLUTELY NO WARRANTY.
You are welcome to redistribute it under certain conditions.
Type 'license()' or 'licence()' for distribution details.

  Natural language support but running in an English locale

R is a collaborative project with many contributors.
Type 'contributors()' for more information and
'citation()' on how to cite R or R packages in publications.

Type 'demo()' for some demos, 'help()' for on-line help, or
'help.start()' for an HTML browser interface to help.
Type 'q()' to quit R.

> # R script to submit parallelized genetic algorithm optimzied runs.
> 
> # load libraries
> library(doParallel)
Loading required package: foreach
Loading required package: iterators
Loading required package: parallel
> library(GA)
Package 'GA' version 3.2.2
Type 'citation("GA")' for citing this R package in publications.

Attaching package: ‘GA’

The following object is masked from ‘package:utils’:

    de

> library(here)
here() starts at /scratch/wanglu57/job_scripts
> library(doRNG)
Loading required package: rngtools
> 
> source(here::here("ga_verbose.R"), local = T)
> source(here::here("chabaudi_si_clean.R"), local = T)
> # load function
> #-----------------------------#
> # load in parameters
> #-----------------------------#
> parameters_tsukushi <- c(R1 = 8.89*10^6, # slightly higher
+                          lambda = 3.7*10^5,
+                          mu = 0.025, 
+                          p = 8*10^-6, # doubled form original
+                          alpha = 1, 
+                          alphag = 2, 
+                          beta = 5.721, 
+                          mum = 48, 
+                          mug = 4, 
+                          I0 = 43.85965, 
+                          Ig0 = 0, 
+                          a = 150, 
+                          b = 100, 
+                          sp = 1,
+                          psin = 16.69234,
+                          psiw = 0.8431785,
+                          phin = 0.03520591, 
+                          phiw = 550.842,
+                          iota = 2.18*(10^6),
+                          rho = 0.2627156)
> 
> time_range <- seq(0, 20, by = 1e-3)
> 
> I_range <- seq(0, log10(10^8), by = log10(10^8)/5000)
> 
> #-----------------------------#
> # Begin parallelized code
> #----------------------------#
> 
> 
> # Create an array from the NODESLIST environnement variable
> nodeslist = unlist(strsplit(Sys.getenv("NODESLIST"), split=" "))
> 
> # Create the cluster with the nodes name. One process per count of node name.
> # nodeslist = node1 node1 node2 node2, means we are starting 2 processes on node1, likewise on node2.
> cl = makeCluster(nodeslist, type = "PSOCK") 
> registerDoParallel(cl)
> clusterExport(cl,c("ga_verbose", "time_range", "parameters_tsukushi", "I_range", "chabaudi_si_clean")) 
> clusterCall(cl, library, package = "mclust", character.only = TRUE)
[[1]]
[1] "mclust"    "stats"     "graphics"  "grDevices" "utils"     "datasets" 
[7] "methods"   "base"     

[[2]]
[1] "mclust"    "stats"     "graphics"  "grDevices" "utils"     "datasets" 
[7] "methods"   "base"     

[[3]]
[1] "mclust"    "stats"     "graphics"  "grDevices" "utils"     "datasets" 
[7] "methods"   "base"     

[[4]]
[1] "mclust"    "stats"     "graphics"  "grDevices" "utils"     "datasets" 
[7] "methods"   "base"     

[[5]]
[1] "mclust"    "stats"     "graphics"  "grDevices" "utils"     "datasets" 
[7] "methods"   "base"     

[[6]]
[1] "mclust"    "stats"     "graphics"  "grDevices" "utils"     "datasets" 
[7] "methods"   "base"     

[[7]]
[1] "mclust"    "stats"     "graphics"  "grDevices" "utils"     "datasets" 
[7] "methods"   "base"     

[[8]]
[1] "mclust"    "stats"     "graphics"  "grDevices" "utils"     "datasets" 
[7] "methods"   "base"     

[[9]]
[1] "mclust"    "stats"     "graphics"  "grDevices" "utils"     "datasets" 
[7] "methods"   "base"     

[[10]]
[1] "mclust"    "stats"     "graphics"  "grDevices" "utils"     "datasets" 
[7] "methods"   "base"     

[[11]]
[1] "mclust"    "stats"     "graphics"  "grDevices" "utils"     "datasets" 
[7] "methods"   "base"     

[[12]]
[1] "mclust"    "stats"     "graphics"  "grDevices" "utils"     "datasets" 
[7] "methods"   "base"     

[[13]]
[1] "mclust"    "stats"     "graphics"  "grDevices" "utils"     "datasets" 
[7] "methods"   "base"     

[[14]]
[1] "mclust"    "stats"     "graphics"  "grDevices" "utils"     "datasets" 
[7] "methods"   "base"     

[[15]]
[1] "mclust"    "stats"     "graphics"  "grDevices" "utils"     "datasets" 
[7] "methods"   "base"     

[[16]]
[1] "mclust"    "stats"     "graphics"  "grDevices" "utils"     "datasets" 
[7] "methods"   "base"     

[[17]]
[1] "mclust"    "stats"     "graphics"  "grDevices" "utils"     "datasets" 
[7] "methods"   "base"     

[[18]]
[1] "mclust"    "stats"     "graphics"  "grDevices" "utils"     "datasets" 
[7] "methods"   "base"     

[[19]]
[1] "mclust"    "stats"     "graphics"  "grDevices" "utils"     "datasets" 
[7] "methods"   "base"     

[[20]]
[1] "mclust"    "stats"     "graphics"  "grDevices" "utils"     "datasets" 
[7] "methods"   "base"     

[[21]]
[1] "mclust"    "stats"     "graphics"  "grDevices" "utils"     "datasets" 
[7] "methods"   "base"     

[[22]]
[1] "mclust"    "stats"     "graphics"  "grDevices" "utils"     "datasets" 
[7] "methods"   "base"     

[[23]]
[1] "mclust"    "stats"     "graphics"  "grDevices" "utils"     "datasets" 
[7] "methods"   "base"     

[[24]]
[1] "mclust"    "stats"     "graphics"  "grDevices" "utils"     "datasets" 
[7] "methods"   "base"     

[[25]]
[1] "mclust"    "stats"     "graphics"  "grDevices" "utils"     "datasets" 
[7] "methods"   "base"     

[[26]]
[1] "mclust"    "stats"     "graphics"  "grDevices" "utils"     "datasets" 
[7] "methods"   "base"     

[[27]]
[1] "mclust"    "stats"     "graphics"  "grDevices" "utils"     "datasets" 
[7] "methods"   "base"     

[[28]]
[1] "mclust"    "stats"     "graphics"  "grDevices" "utils"     "datasets" 
[7] "methods"   "base"     

[[29]]
[1] "mclust"    "stats"     "graphics"  "grDevices" "utils"     "datasets" 
[7] "methods"   "base"     

[[30]]
[1] "mclust"    "stats"     "graphics"  "grDevices" "utils"     "datasets" 
[7] "methods"   "base"     

[[31]]
[1] "mclust"    "stats"     "graphics"  "grDevices" "utils"     "datasets" 
[7] "methods"   "base"     

[[32]]
[1] "mclust"    "stats"     "graphics"  "grDevices" "utils"     "datasets" 
[7] "methods"   "base"     

[[33]]
[1] "mclust"    "stats"     "graphics"  "grDevices" "utils"     "datasets" 
[7] "methods"   "base"     

[[34]]
[1] "mclust"    "stats"     "graphics"  "grDevices" "utils"     "datasets" 
[7] "methods"   "base"     

[[35]]
[1] "mclust"    "stats"     "graphics"  "grDevices" "utils"     "datasets" 
[7] "methods"   "base"     

[[36]]
[1] "mclust"    "stats"     "graphics"  "grDevices" "utils"     "datasets" 
[7] "methods"   "base"     

[[37]]
[1] "mclust"    "stats"     "graphics"  "grDevices" "utils"     "datasets" 
[7] "methods"   "base"     

[[38]]
[1] "mclust"    "stats"     "graphics"  "grDevices" "utils"     "datasets" 
[7] "methods"   "base"     

[[39]]
[1] "mclust"    "stats"     "graphics"  "grDevices" "utils"     "datasets" 
[7] "methods"   "base"     

[[40]]
[1] "mclust"    "stats"     "graphics"  "grDevices" "utils"     "datasets" 
[7] "methods"   "base"     

[[41]]
[1] "mclust"    "stats"     "graphics"  "grDevices" "utils"     "datasets" 
[7] "methods"   "base"     

[[42]]
[1] "mclust"    "stats"     "graphics"  "grDevices" "utils"     "datasets" 
[7] "methods"   "base"     

[[43]]
[1] "mclust"    "stats"     "graphics"  "grDevices" "utils"     "datasets" 
[7] "methods"   "base"     

[[44]]
[1] "mclust"    "stats"     "graphics"  "grDevices" "utils"     "datasets" 
[7] "methods"   "base"     

[[45]]
[1] "mclust"    "stats"     "graphics"  "grDevices" "utils"     "datasets" 
[7] "methods"   "base"     

[[46]]
[1] "mclust"    "stats"     "graphics"  "grDevices" "utils"     "datasets" 
[7] "methods"   "base"     

[[47]]
[1] "mclust"    "stats"     "graphics"  "grDevices" "utils"     "datasets" 
[7] "methods"   "base"     

[[48]]
[1] "mclust"    "stats"     "graphics"  "grDevices" "utils"     "datasets" 
[7] "methods"   "base"     

> ga_res <- ga_verbose(type = "real-valued", 
+                      function(x)
+                        chabaudi_si_clean(
+                          parameters_cr = c(x[1], x[2], x[3], x[4]), 
+                          parameters = parameters_tsukushi, 
+                          time_range = time_range, 
+                          cue = "I", 
+                          cue_range = I_range, 
+                          log_cue = "log10",
+                          immunity = "tsukushi",
+                          solver = "vode"),
+                      lower = c(-5, -100, -500, -1000), # range determined that would alter shape of spline
+                      upper = c(5,100,500, 1000),  
+                      popSize = 100, 
+                      maxiter = 1000, # change to 10 for testing purpose 
+                      pmutation = 0.3,
+                      keepBest = TRUE,
+                      run =50,
+                      parallel = cl,
+                      seed = 137,
+                      monitor = TRUE,
+                      id = "2022-02-25_ga-si-I-log")
0.4934927 25.4108 225.8662 -841.2573[[1]]
          [,1]    [,2]     [,3]      [,4]
[1,] 0.4934927 25.4108 225.8662 -841.2573

[[2]]
[1] 2.429723

GA | iter = 1 | Mean = 0.2622817 | Best = 2.4297230
0.7171095 -22.73344 94.54261 -248.4835[[1]]
          [,1]      [,2]     [,3]      [,4]
[1,] 0.7171095 -22.73344 94.54261 -248.4835

[[2]]
[1] 3.055239

GA | iter = 2 | Mean = 0.389869 | Best = 3.055239
1.698896 11.92244 -10.05013 -2.622198[[1]]
         [,1]     [,2]      [,3]      [,4]
[1,] 1.698896 11.92244 -10.05013 -2.622198

[[2]]
[1] 5.112213

GA | iter = 3 | Mean = 0.6551215 | Best = 5.1122131
1.698896 11.92244 -10.05013 -2.622198[[1]]
         [,1]     [,2]      [,3]      [,4]
[1,] 1.698896 11.92244 -10.05013 -2.622198

[[2]]
[1] 5.112213

GA | iter = 4 | Mean = 0.7678942 | Best = 5.1122131
1.698896 11.92244 -10.05013 -2.622198[[1]]
         [,1]     [,2]      [,3]      [,4]
[1,] 1.698896 11.92244 -10.05013 -2.622198

[[2]]
[1] 5.112213

GA | iter = 5 | Mean = 1.068586 | Best = 5.112213
1.698896 11.92244 -10.05013 -2.622198[[1]]
         [,1]     [,2]      [,3]      [,4]
[1,] 1.698896 11.92244 -10.05013 -2.622198

[[2]]
[1] 5.112213

GA | iter = 6 | Mean = 1.166286 | Best = 5.112213
1.698896 11.92244 -10.05013 -2.622198[[1]]
         [,1]     [,2]      [,3]      [,4]
[1,] 1.698896 11.92244 -10.05013 -2.622198

[[2]]
[1] 5.112213

GA | iter = 7 | Mean = 1.394061 | Best = 5.112213
1.698896 11.92244 -10.05013 -2.622198[[1]]
         [,1]     [,2]      [,3]      [,4]
[1,] 1.698896 11.92244 -10.05013 -2.622198

[[2]]
[1] 5.112213

GA | iter = 8 | Mean = 1.411670 | Best = 5.112213
1.698896 11.92244 -10.05013 -2.622198[[1]]
         [,1]     [,2]      [,3]      [,4]
[1,] 1.698896 11.92244 -10.05013 -2.622198

[[2]]
[1] 5.112213

GA | iter = 9 | Mean = 1.287780 | Best = 5.112213
1.698896 11.92244 -10.05013 -2.622198[[1]]
         [,1]     [,2]      [,3]      [,4]
[1,] 1.698896 11.92244 -10.05013 -2.622198

[[2]]
[1] 5.112213

GA | iter = 10 | Mean = 1.352367 | Best = 5.112213
1.698896 11.92244 -10.05013 -2.622198[[1]]
         [,1]     [,2]      [,3]      [,4]
[1,] 1.698896 11.92244 -10.05013 -2.622198

[[2]]
[1] 5.112213

GA | iter = 11 | Mean = 1.551903 | Best = 5.112213
1.698896 11.92244 -10.05013 -2.622198[[1]]
         [,1]     [,2]      [,3]      [,4]
[1,] 1.698896 11.92244 -10.05013 -2.622198

[[2]]
[1] 5.112213

GA | iter = 12 | Mean = 1.812636 | Best = 5.112213
1.698896 11.92244 -10.05013 -2.622198[[1]]
         [,1]     [,2]      [,3]      [,4]
[1,] 1.698896 11.92244 -10.05013 -2.622198

[[2]]
[1] 5.112213

GA | iter = 13 | Mean = 1.723475 | Best = 5.112213
1.698896 11.92244 -10.05013 -2.622198[[1]]
         [,1]     [,2]      [,3]      [,4]
[1,] 1.698896 11.92244 -10.05013 -2.622198

[[2]]
[1] 5.112213

GA | iter = 14 | Mean = 1.884753 | Best = 5.112213
1.698896 11.92244 -10.05013 -2.622198[[1]]
         [,1]     [,2]      [,3]      [,4]
[1,] 1.698896 11.92244 -10.05013 -2.622198

[[2]]
[1] 5.112213

GA | iter = 15 | Mean = 1.774034 | Best = 5.112213
1.029452 23.80579 -10.93948 -29.69997[[1]]
         [,1]     [,2]      [,3]      [,4]
[1,] 1.029452 23.80579 -10.93948 -29.69997

[[2]]
[1] 5.431684

GA | iter = 16 | Mean = 2.169165 | Best = 5.431684
1.029452 23.80579 -10.93948 -29.69997[[1]]
         [,1]     [,2]      [,3]      [,4]
[1,] 1.029452 23.80579 -10.93948 -29.69997

[[2]]
[1] 5.431684

GA | iter = 17 | Mean = 2.303009 | Best = 5.431684
1.029452 23.80579 -10.93948 -29.69997[[1]]
         [,1]     [,2]      [,3]      [,4]
[1,] 1.029452 23.80579 -10.93948 -29.69997

[[2]]
[1] 5.431684

GA | iter = 18 | Mean = 2.380076 | Best = 5.431684
1.029452 23.80579 -10.93948 -29.69997[[1]]
         [,1]     [,2]      [,3]      [,4]
[1,] 1.029452 23.80579 -10.93948 -29.69997

[[2]]
[1] 5.431684

GA | iter = 19 | Mean = 2.729901 | Best = 5.431684
1.029452 23.80579 -10.93948 -29.69997[[1]]
         [,1]     [,2]      [,3]      [,4]
[1,] 1.029452 23.80579 -10.93948 -29.69997

[[2]]
[1] 5.431684

GA | iter = 20 | Mean = 3.046358 | Best = 5.431684
-1.310297 12.07959 -5.757519 -16.19474[[1]]
          [,1]     [,2]      [,3]      [,4]
[1,] -1.310297 12.07959 -5.757519 -16.19474

[[2]]
[1] 6.48162

GA | iter = 21 | Mean = 3.010838 | Best = 6.481620
-0.1472725 13.65332 -7.598497 -18.23637[[1]]
           [,1]     [,2]      [,3]      [,4]
[1,] -0.1472725 13.65332 -7.598497 -18.23637

[[2]]
[1] 6.925807

GA | iter = 22 | Mean = 3.027010 | Best = 6.925807
-0.1472725 13.65332 -7.598497 -18.23637[[1]]
           [,1]     [,2]      [,3]      [,4]
[1,] -0.1472725 13.65332 -7.598497 -18.23637

[[2]]
[1] 6.925807

GA | iter = 23 | Mean = 3.021886 | Best = 6.925807
0.344623 8.911793 -2.377649 -20.02167[[1]]
         [,1]     [,2]      [,3]      [,4]
[1,] 0.344623 8.911793 -2.377649 -20.02167

[[2]]
[1] 7.551296

GA | iter = 24 | Mean = 3.361894 | Best = 7.551296
0.344623 8.911793 -2.377649 -20.02167[[1]]
         [,1]     [,2]      [,3]      [,4]
[1,] 0.344623 8.911793 -2.377649 -20.02167

[[2]]
[1] 7.551296

GA | iter = 25 | Mean = 3.550064 | Best = 7.551296
0.344623 8.911793 -2.377649 -20.02167[[1]]
         [,1]     [,2]      [,3]      [,4]
[1,] 0.344623 8.911793 -2.377649 -20.02167

[[2]]
[1] 7.551296

GA | iter = 26 | Mean = 3.954555 | Best = 7.551296
0.344623 8.911793 -2.377649 -20.02167[[1]]
         [,1]     [,2]      [,3]      [,4]
[1,] 0.344623 8.911793 -2.377649 -20.02167

[[2]]
[1] 7.551296

GA | iter = 27 | Mean = 4.386701 | Best = 7.551296
0.344623 8.911793 -2.377649 -20.02167[[1]]
         [,1]     [,2]      [,3]      [,4]
[1,] 0.344623 8.911793 -2.377649 -20.02167

[[2]]
[1] 7.551296

GA | iter = 28 | Mean = 4.358527 | Best = 7.551296
0.344623 8.911793 -2.377649 -20.02167[[1]]
         [,1]     [,2]      [,3]      [,4]
[1,] 0.344623 8.911793 -2.377649 -20.02167

[[2]]
[1] 7.551296

GA | iter = 29 | Mean = 4.840509 | Best = 7.551296
0.344623 8.911793 -2.377649 -20.02167[[1]]
         [,1]     [,2]      [,3]      [,4]
[1,] 0.344623 8.911793 -2.377649 -20.02167

[[2]]
[1] 7.551296

GA | iter = 30 | Mean = 4.912868 | Best = 7.551296
0.344623 8.911793 -2.377649 -20.02167[[1]]
         [,1]     [,2]      [,3]      [,4]
[1,] 0.344623 8.911793 -2.377649 -20.02167

[[2]]
[1] 7.551296

GA | iter = 31 | Mean = 5.115375 | Best = 7.551296
0.344623 8.911793 -2.377649 -20.02167[[1]]
         [,1]     [,2]      [,3]      [,4]
[1,] 0.344623 8.911793 -2.377649 -20.02167

[[2]]
[1] 7.551296

GA | iter = 32 | Mean = 4.799586 | Best = 7.551296
0.344623 8.911793 -2.377649 -20.02167[[1]]
         [,1]     [,2]      [,3]      [,4]
[1,] 0.344623 8.911793 -2.377649 -20.02167

[[2]]
[1] 7.551296

GA | iter = 33 | Mean = 5.579527 | Best = 7.551296
0.344623 8.911793 -2.377649 -20.02167[[1]]
         [,1]     [,2]      [,3]      [,4]
[1,] 0.344623 8.911793 -2.377649 -20.02167

[[2]]
[1] 7.551296

GA | iter = 34 | Mean = 4.922368 | Best = 7.551296
0.344623 8.911793 -2.377649 -20.02167[[1]]
         [,1]     [,2]      [,3]      [,4]
[1,] 0.344623 8.911793 -2.377649 -20.02167

[[2]]
[1] 7.551296

GA | iter = 35 | Mean = 5.051467 | Best = 7.551296
0.344623 8.911793 -2.377649 -20.02167[[1]]
         [,1]     [,2]      [,3]      [,4]
[1,] 0.344623 8.911793 -2.377649 -20.02167

[[2]]
[1] 7.551296

GA | iter = 36 | Mean = 4.668126 | Best = 7.551296
0.344623 8.911793 -2.377649 -20.02167[[1]]
         [,1]     [,2]      [,3]      [,4]
[1,] 0.344623 8.911793 -2.377649 -20.02167

[[2]]
[1] 7.551296

GA | iter = 37 | Mean = 5.083008 | Best = 7.551296
0.344623 8.911793 -2.377649 -20.02167[[1]]
         [,1]     [,2]      [,3]      [,4]
[1,] 0.344623 8.911793 -2.377649 -20.02167

[[2]]
[1] 7.551296

GA | iter = 38 | Mean = 5.178227 | Best = 7.551296
0.344623 8.911793 -2.377649 -20.02167[[1]]
         [,1]     [,2]      [,3]      [,4]
[1,] 0.344623 8.911793 -2.377649 -20.02167

[[2]]
[1] 7.551296

GA | iter = 39 | Mean = 5.444769 | Best = 7.551296
0.344623 8.911793 -2.377649 -20.02167[[1]]
         [,1]     [,2]      [,3]      [,4]
[1,] 0.344623 8.911793 -2.377649 -20.02167

[[2]]
[1] 7.551296

GA | iter = 40 | Mean = 5.642243 | Best = 7.551296
0.344623 8.911793 -2.377649 -20.02167[[1]]
         [,1]     [,2]      [,3]      [,4]
[1,] 0.344623 8.911793 -2.377649 -20.02167

[[2]]
[1] 7.551296

GA | iter = 41 | Mean = 5.124542 | Best = 7.551296
0.344623 8.911793 -2.377649 -20.02167[[1]]
         [,1]     [,2]      [,3]      [,4]
[1,] 0.344623 8.911793 -2.377649 -20.02167

[[2]]
[1] 7.551296

GA | iter = 42 | Mean = 4.962988 | Best = 7.551296
0.344623 8.911793 -2.377649 -20.02167[[1]]
         [,1]     [,2]      [,3]      [,4]
[1,] 0.344623 8.911793 -2.377649 -20.02167

[[2]]
[1] 7.551296

GA | iter = 43 | Mean = 4.508513 | Best = 7.551296
0.344623 8.911793 -2.377649 -20.02167[[1]]
         [,1]     [,2]      [,3]      [,4]
[1,] 0.344623 8.911793 -2.377649 -20.02167

[[2]]
[1] 7.551296

GA | iter = 44 | Mean = 5.280441 | Best = 7.551296
0.344623 8.911793 -2.377649 -20.02167[[1]]
         [,1]     [,2]      [,3]      [,4]
[1,] 0.344623 8.911793 -2.377649 -20.02167

[[2]]
[1] 7.551296

GA | iter = 45 | Mean = 5.325016 | Best = 7.551296
0.344623 8.911793 -2.377649 -20.02167[[1]]
         [,1]     [,2]      [,3]      [,4]
[1,] 0.344623 8.911793 -2.377649 -20.02167

[[2]]
[1] 7.551296

GA | iter = 46 | Mean = 4.952857 | Best = 7.551296
0.344623 8.911793 -2.377649 -20.02167[[1]]
         [,1]     [,2]      [,3]      [,4]
[1,] 0.344623 8.911793 -2.377649 -20.02167

[[2]]
[1] 7.551296

GA | iter = 47 | Mean = 5.549606 | Best = 7.551296
0.344623 8.911793 -2.377649 -20.02167[[1]]
         [,1]     [,2]      [,3]      [,4]
[1,] 0.344623 8.911793 -2.377649 -20.02167

[[2]]
[1] 7.551296

GA | iter = 48 | Mean = 5.387737 | Best = 7.551296
0.344623 8.911793 -2.377649 -20.02167[[1]]
         [,1]     [,2]      [,3]      [,4]
[1,] 0.344623 8.911793 -2.377649 -20.02167

[[2]]
[1] 7.551296

GA | iter = 49 | Mean = 5.662190 | Best = 7.551296
-0.3409485 10.47161 -2.497269 -16.21447[[1]]
           [,1]     [,2]      [,3]      [,4]
[1,] -0.3409485 10.47161 -2.497269 -16.21447

[[2]]
[1] 7.575084

GA | iter = 50 | Mean = 5.875278 | Best = 7.575084
-0.261657 9.915224 -2.208549 -17.47317[[1]]
          [,1]     [,2]      [,3]      [,4]
[1,] -0.261657 9.915224 -2.208549 -17.47317

[[2]]
[1] 7.610686

GA | iter = 51 | Mean = 5.636805 | Best = 7.610686
-0.261657 9.915224 -2.208549 -17.47317[[1]]
          [,1]     [,2]      [,3]      [,4]
[1,] -0.261657 9.915224 -2.208549 -17.47317

[[2]]
[1] 7.610686

GA | iter = 52 | Mean = 5.587632 | Best = 7.610686
-0.261657 9.915224 -2.208549 -17.47317[[1]]
          [,1]     [,2]      [,3]      [,4]
[1,] -0.261657 9.915224 -2.208549 -17.47317

[[2]]
[1] 7.610686

GA | iter = 53 | Mean = 5.521455 | Best = 7.610686
-0.2924853 9.854383 -2.480508 -15.85571[[1]]
           [,1]     [,2]      [,3]      [,4]
[1,] -0.2924853 9.854383 -2.480508 -15.85571

[[2]]
[1] 7.648543

GA | iter = 54 | Mean = 5.633521 | Best = 7.648543
-0.2924853 9.854383 -2.480508 -15.85571[[1]]
           [,1]     [,2]      [,3]      [,4]
[1,] -0.2924853 9.854383 -2.480508 -15.85571

[[2]]
[1] 7.648543

GA | iter = 55 | Mean = 5.835405 | Best = 7.648543
-0.2924853 9.854383 -2.480508 -15.85571[[1]]
           [,1]     [,2]      [,3]      [,4]
[1,] -0.2924853 9.854383 -2.480508 -15.85571

[[2]]
[1] 7.648543

GA | iter = 56 | Mean = 5.278955 | Best = 7.648543
-0.2924853 9.854383 -2.480508 -15.85571[[1]]
           [,1]     [,2]      [,3]      [,4]
[1,] -0.2924853 9.854383 -2.480508 -15.85571

[[2]]
[1] 7.648543

GA | iter = 57 | Mean = 5.681818 | Best = 7.648543
-0.04815144 8.760273 -2.26765 -17.80119[[1]]
            [,1]     [,2]     [,3]      [,4]
[1,] -0.04815144 8.760273 -2.26765 -17.80119

[[2]]
[1] 7.651696

GA | iter = 58 | Mean = 5.024578 | Best = 7.651696
-0.2312721 9.614678 -2.401224 -16.35112[[1]]
           [,1]     [,2]      [,3]      [,4]
[1,] -0.2312721 9.614678 -2.401224 -16.35112

[[2]]
[1] 7.657806

GA | iter = 59 | Mean = 5.456540 | Best = 7.657806
-0.2312721 9.614678 -2.401224 -16.35112[[1]]
           [,1]     [,2]      [,3]      [,4]
[1,] -0.2312721 9.614678 -2.401224 -16.35112

[[2]]
[1] 7.657806

GA | iter = 60 | Mean = 5.651738 | Best = 7.657806
-0.2312721 9.614678 -2.401224 -16.35112[[1]]
           [,1]     [,2]      [,3]      [,4]
[1,] -0.2312721 9.614678 -2.401224 -16.35112

[[2]]
[1] 7.657806

GA | iter = 61 | Mean = 6.004662 | Best = 7.657806
-0.1287717 9.01602 -1.827178 -16.58403[[1]]
           [,1]    [,2]      [,3]      [,4]
[1,] -0.1287717 9.01602 -1.827178 -16.58403

[[2]]
[1] 7.663183

GA | iter = 62 | Mean = 6.053344 | Best = 7.663183
-0.1287717 9.01602 -1.827178 -16.58403[[1]]
           [,1]    [,2]      [,3]      [,4]
[1,] -0.1287717 9.01602 -1.827178 -16.58403

[[2]]
[1] 7.663183

GA | iter = 63 | Mean = 5.642527 | Best = 7.663183
-0.1287717 9.01602 -1.827178 -16.58403[[1]]
           [,1]    [,2]      [,3]      [,4]
[1,] -0.1287717 9.01602 -1.827178 -16.58403

[[2]]
[1] 7.663183

GA | iter = 64 | Mean = 6.109866 | Best = 7.663183
-0.1204649 9.021867 -2.20247 -16.73778[[1]]
           [,1]     [,2]     [,3]      [,4]
[1,] -0.1204649 9.021867 -2.20247 -16.73778

[[2]]
[1] 7.683701

GA | iter = 65 | Mean = 5.613543 | Best = 7.683701
-0.1204649 9.021867 -2.20247 -16.73778[[1]]
           [,1]     [,2]     [,3]      [,4]
[1,] -0.1204649 9.021867 -2.20247 -16.73778

[[2]]
[1] 7.683701

GA | iter = 66 | Mean = 5.563649 | Best = 7.683701
-0.1204649 9.021867 -2.20247 -16.73778[[1]]
           [,1]     [,2]     [,3]      [,4]
[1,] -0.1204649 9.021867 -2.20247 -16.73778

[[2]]
[1] 7.683701

GA | iter = 67 | Mean = 5.236038 | Best = 7.683701
-0.1204649 9.021867 -2.20247 -16.73778[[1]]
           [,1]     [,2]     [,3]      [,4]
[1,] -0.1204649 9.021867 -2.20247 -16.73778

[[2]]
[1] 7.683701

GA | iter = 68 | Mean = 6.105309 | Best = 7.683701
-0.137779 9.088156 -2.303836 -16.53882[[1]]
          [,1]     [,2]      [,3]      [,4]
[1,] -0.137779 9.088156 -2.303836 -16.53882

[[2]]
[1] 7.686178

GA | iter = 69 | Mean = 5.003468 | Best = 7.686178
-0.137779 9.088156 -2.303836 -16.53882[[1]]
          [,1]     [,2]      [,3]      [,4]
[1,] -0.137779 9.088156 -2.303836 -16.53882

[[2]]
[1] 7.686178

GA | iter = 70 | Mean = 5.381152 | Best = 7.686178
-0.137779 9.088156 -2.303836 -16.53882[[1]]
          [,1]     [,2]      [,3]      [,4]
[1,] -0.137779 9.088156 -2.303836 -16.53882

[[2]]
[1] 7.686178

GA | iter = 71 | Mean = 5.544247 | Best = 7.686178
-0.137779 9.088156 -2.303836 -16.53882[[1]]
          [,1]     [,2]      [,3]      [,4]
[1,] -0.137779 9.088156 -2.303836 -16.53882

[[2]]
[1] 7.686178

GA | iter = 72 | Mean = 5.415277 | Best = 7.686178
-0.137779 9.088156 -2.303836 -16.53882[[1]]
          [,1]     [,2]      [,3]      [,4]
[1,] -0.137779 9.088156 -2.303836 -16.53882

[[2]]
[1] 7.686178

GA | iter = 73 | Mean = 5.266620 | Best = 7.686178
-0.137779 9.088156 -2.303836 -16.53882[[1]]
          [,1]     [,2]      [,3]      [,4]
[1,] -0.137779 9.088156 -2.303836 -16.53882

[[2]]
[1] 7.686178

GA | iter = 74 | Mean = 5.287917 | Best = 7.686178
-0.2860921 9.029481 -2.212532 -16.67262[[1]]
           [,1]     [,2]      [,3]      [,4]
[1,] -0.2860921 9.029481 -2.212532 -16.67262

[[2]]
[1] 7.689249

GA | iter = 75 | Mean = 5.655674 | Best = 7.689249
-0.2860921 9.029481 -2.212532 -16.67262[[1]]
           [,1]     [,2]      [,3]      [,4]
[1,] -0.2860921 9.029481 -2.212532 -16.67262

[[2]]
[1] 7.689249

GA | iter = 76 | Mean = 5.705974 | Best = 7.689249
-0.2860921 9.029481 -2.212532 -16.67262[[1]]
           [,1]     [,2]      [,3]      [,4]
[1,] -0.2860921 9.029481 -2.212532 -16.67262

[[2]]
[1] 7.689249

GA | iter = 77 | Mean = 5.614621 | Best = 7.689249
-0.2860921 9.029481 -2.212532 -16.67262[[1]]
           [,1]     [,2]      [,3]      [,4]
[1,] -0.2860921 9.029481 -2.212532 -16.67262

[[2]]
[1] 7.689249

GA | iter = 78 | Mean = 6.155706 | Best = 7.689249
-0.2860921 9.029481 -2.212532 -16.67262[[1]]
           [,1]     [,2]      [,3]      [,4]
[1,] -0.2860921 9.029481 -2.212532 -16.67262

[[2]]
[1] 7.689249

GA | iter = 79 | Mean = 5.537055 | Best = 7.689249
-0.2860921 9.029481 -2.212532 -16.67262[[1]]
           [,1]     [,2]      [,3]      [,4]
[1,] -0.2860921 9.029481 -2.212532 -16.67262

[[2]]
[1] 7.689249

GA | iter = 80 | Mean = 5.538553 | Best = 7.689249
-0.01149536 8.52966 -2.254636 -17.04282[[1]]
            [,1]    [,2]      [,3]      [,4]
[1,] -0.01149536 8.52966 -2.254636 -17.04282

[[2]]
[1] 7.694021

GA | iter = 81 | Mean = 5.316663 | Best = 7.694021
-0.01149536 8.52966 -2.254636 -17.04282[[1]]
            [,1]    [,2]      [,3]      [,4]
[1,] -0.01149536 8.52966 -2.254636 -17.04282

[[2]]
[1] 7.694021

GA | iter = 82 | Mean = 5.736912 | Best = 7.694021
-0.01149536 8.52966 -2.254636 -17.04282[[1]]
            [,1]    [,2]      [,3]      [,4]
[1,] -0.01149536 8.52966 -2.254636 -17.04282

[[2]]
[1] 7.694021

GA | iter = 83 | Mean = 5.299151 | Best = 7.694021
-0.01149536 8.52966 -2.254636 -17.04282[[1]]
            [,1]    [,2]      [,3]      [,4]
[1,] -0.01149536 8.52966 -2.254636 -17.04282

[[2]]
[1] 7.694021

GA | iter = 84 | Mean = 5.958161 | Best = 7.694021
-0.01149536 8.52966 -2.254636 -17.04282[[1]]
            [,1]    [,2]      [,3]      [,4]
[1,] -0.01149536 8.52966 -2.254636 -17.04282

[[2]]
[1] 7.694021

GA | iter = 85 | Mean = 5.539395 | Best = 7.694021
0.600755 6.944372 -2.260117 -16.77929[[1]]
         [,1]     [,2]      [,3]      [,4]
[1,] 0.600755 6.944372 -2.260117 -16.77929

[[2]]
[1] 7.753045

GA | iter = 86 | Mean = 5.344340 | Best = 7.753045
0.600755 6.944372 -2.260117 -16.77929[[1]]
         [,1]     [,2]      [,3]      [,4]
[1,] 0.600755 6.944372 -2.260117 -16.77929

[[2]]
[1] 7.753045

GA | iter = 87 | Mean = 6.133958 | Best = 7.753045
0.600755 6.944372 -2.260117 -16.77929[[1]]
         [,1]     [,2]      [,3]      [,4]
[1,] 0.600755 6.944372 -2.260117 -16.77929

[[2]]
[1] 7.753045

GA | iter = 88 | Mean = 5.711895 | Best = 7.753045
0.600755 6.944372 -2.260117 -16.77929[[1]]
         [,1]     [,2]      [,3]      [,4]
[1,] 0.600755 6.944372 -2.260117 -16.77929

[[2]]
[1] 7.753045

GA | iter = 89 | Mean = 5.576816 | Best = 7.753045
0.600755 6.944372 -2.260117 -16.77929[[1]]
         [,1]     [,2]      [,3]      [,4]
[1,] 0.600755 6.944372 -2.260117 -16.77929

[[2]]
[1] 7.753045

GA | iter = 90 | Mean = 5.410969 | Best = 7.753045
2.898096 -0.7150831 -2.22852 -17.16313[[1]]
         [,1]       [,2]     [,3]      [,4]
[1,] 2.898096 -0.7150831 -2.22852 -17.16313

[[2]]
[1] 7.771598

GA | iter = 91 | Mean = 5.328824 | Best = 7.771598
2.898096 -0.7150831 -2.22852 -17.16313[[1]]
         [,1]       [,2]     [,3]      [,4]
[1,] 2.898096 -0.7150831 -2.22852 -17.16313

[[2]]
[1] 7.771598

GA | iter = 92 | Mean = 6.166097 | Best = 7.771598
2.898096 -0.7150831 -2.22852 -17.16313[[1]]
         [,1]       [,2]     [,3]      [,4]
[1,] 2.898096 -0.7150831 -2.22852 -17.16313

[[2]]
[1] 7.771598

GA | iter = 93 | Mean = 5.173409 | Best = 7.771598
2.898096 -0.7150831 -2.22852 -17.16313[[1]]
         [,1]       [,2]     [,3]      [,4]
[1,] 2.898096 -0.7150831 -2.22852 -17.16313

[[2]]
[1] 7.771598

GA | iter = 94 | Mean = 4.967564 | Best = 7.771598
2.898096 -0.7150831 -2.22852 -17.16313[[1]]
         [,1]       [,2]     [,3]      [,4]
[1,] 2.898096 -0.7150831 -2.22852 -17.16313

[[2]]
[1] 7.771598

GA | iter = 95 | Mean = 5.669568 | Best = 7.771598
2.18937 1.779658 -2.234932 -17.06673[[1]]
        [,1]     [,2]      [,3]      [,4]
[1,] 2.18937 1.779658 -2.234932 -17.06673

[[2]]
[1] 7.848626

GA | iter = 96 | Mean = 5.661899 | Best = 7.848626
2.18937 1.779658 -2.234932 -17.06673[[1]]
        [,1]     [,2]      [,3]      [,4]
[1,] 2.18937 1.779658 -2.234932 -17.06673

[[2]]
[1] 7.848626

GA | iter = 97 | Mean = 5.313535 | Best = 7.848626
2.18937 1.779658 -2.234932 -17.06673[[1]]
        [,1]     [,2]      [,3]      [,4]
[1,] 2.18937 1.779658 -2.234932 -17.06673

[[2]]
[1] 7.848626

GA | iter = 98 | Mean = 5.528486 | Best = 7.848626
2.18937 1.779658 -2.234932 -17.06673[[1]]
        [,1]     [,2]      [,3]      [,4]
[1,] 2.18937 1.779658 -2.234932 -17.06673

[[2]]
[1] 7.848626

GA | iter = 99 | Mean = 5.931283 | Best = 7.848626
2.18937 1.779658 -2.234932 -17.06673[[1]]
        [,1]     [,2]      [,3]      [,4]
[1,] 2.18937 1.779658 -2.234932 -17.06673

[[2]]
[1] 7.848626

GA | iter = 100 | Mean = 5.591472 | Best = 7.848626
2.18937 1.779658 -2.234932 -17.06673[[1]]
        [,1]     [,2]      [,3]      [,4]
[1,] 2.18937 1.779658 -2.234932 -17.06673

[[2]]
[1] 7.848626

GA | iter = 101 | Mean = 5.858737 | Best = 7.848626
2.18937 1.779658 -2.234932 -17.06673[[1]]
        [,1]     [,2]      [,3]      [,4]
[1,] 2.18937 1.779658 -2.234932 -17.06673

[[2]]
[1] 7.848626

GA | iter = 102 | Mean = 6.197537 | Best = 7.848626
2.18937 1.779658 -2.234932 -17.06673[[1]]
        [,1]     [,2]      [,3]      [,4]
[1,] 2.18937 1.779658 -2.234932 -17.06673

[[2]]
[1] 7.848626

GA | iter = 103 | Mean = 5.924790 | Best = 7.848626
2.18937 1.779658 -2.234932 -17.06673[[1]]
        [,1]     [,2]      [,3]      [,4]
[1,] 2.18937 1.779658 -2.234932 -17.06673

[[2]]
[1] 7.848626

GA | iter = 104 | Mean = 5.434289 | Best = 7.848626
2.18937 1.779658 -2.234932 -17.06673[[1]]
        [,1]     [,2]      [,3]      [,4]
[1,] 2.18937 1.779658 -2.234932 -17.06673

[[2]]
[1] 7.848626

GA | iter = 105 | Mean = 5.169241 | Best = 7.848626
2.18937 1.779658 -2.234932 -17.06673[[1]]
        [,1]     [,2]      [,3]      [,4]
[1,] 2.18937 1.779658 -2.234932 -17.06673

[[2]]
[1] 7.848626

GA | iter = 106 | Mean = 5.604013 | Best = 7.848626
2.035864 2.707048 -2.235672 -16.66365[[1]]
         [,1]     [,2]      [,3]      [,4]
[1,] 2.035864 2.707048 -2.235672 -16.66365

[[2]]
[1] 7.87564

GA | iter = 107 | Mean = 5.749985 | Best = 7.875640
2.035864 2.707048 -2.235672 -16.66365[[1]]
         [,1]     [,2]      [,3]      [,4]
[1,] 2.035864 2.707048 -2.235672 -16.66365

[[2]]
[1] 7.87564

GA | iter = 108 | Mean = 5.744273 | Best = 7.875640
2.035864 2.707048 -2.235672 -16.66365[[1]]
         [,1]     [,2]      [,3]      [,4]
[1,] 2.035864 2.707048 -2.235672 -16.66365

[[2]]
[1] 7.87564

GA | iter = 109 | Mean = 5.688766 | Best = 7.875640
2.035864 2.707048 -2.235672 -16.66365[[1]]
         [,1]     [,2]      [,3]      [,4]
[1,] 2.035864 2.707048 -2.235672 -16.66365

[[2]]
[1] 7.87564

GA | iter = 110 | Mean = 5.345936 | Best = 7.875640
2.035864 2.707048 -2.235672 -16.66365[[1]]
         [,1]     [,2]      [,3]      [,4]
[1,] 2.035864 2.707048 -2.235672 -16.66365

[[2]]
[1] 7.87564

GA | iter = 111 | Mean = 5.470108 | Best = 7.875640
2.035864 2.707048 -2.235672 -16.66365[[1]]
         [,1]     [,2]      [,3]      [,4]
[1,] 2.035864 2.707048 -2.235672 -16.66365

[[2]]
[1] 7.87564

GA | iter = 112 | Mean = 6.157703 | Best = 7.875640
2.035864 2.707048 -2.235672 -16.66365[[1]]
         [,1]     [,2]      [,3]      [,4]
[1,] 2.035864 2.707048 -2.235672 -16.66365

[[2]]
[1] 7.87564

GA | iter = 113 | Mean = 5.165756 | Best = 7.875640
2.035864 2.707048 -2.235672 -16.66365[[1]]
         [,1]     [,2]      [,3]      [,4]
[1,] 2.035864 2.707048 -2.235672 -16.66365

[[2]]
[1] 7.87564

GA | iter = 114 | Mean = 5.368095 | Best = 7.875640
2.035864 2.707048 -2.235672 -16.66365[[1]]
         [,1]     [,2]      [,3]      [,4]
[1,] 2.035864 2.707048 -2.235672 -16.66365

[[2]]
[1] 7.87564

GA | iter = 115 | Mean = 5.375354 | Best = 7.875640
2.035864 2.707048 -2.235672 -16.66365[[1]]
         [,1]     [,2]      [,3]      [,4]
[1,] 2.035864 2.707048 -2.235672 -16.66365

[[2]]
[1] 7.87564

GA | iter = 116 | Mean = 5.464716 | Best = 7.875640
2.035864 2.707048 -2.235672 -16.66365[[1]]
         [,1]     [,2]      [,3]      [,4]
[1,] 2.035864 2.707048 -2.235672 -16.66365

[[2]]
[1] 7.87564

GA | iter = 117 | Mean = 5.643505 | Best = 7.875640
2.035864 2.707048 -2.235672 -16.66365[[1]]
         [,1]     [,2]      [,3]      [,4]
[1,] 2.035864 2.707048 -2.235672 -16.66365

[[2]]
[1] 7.87564

GA | iter = 118 | Mean = 5.121408 | Best = 7.875640
2.035864 2.707048 -2.235672 -16.66365[[1]]
         [,1]     [,2]      [,3]      [,4]
[1,] 2.035864 2.707048 -2.235672 -16.66365

[[2]]
[1] 7.87564

GA | iter = 119 | Mean = 5.730771 | Best = 7.875640
2.035864 2.707048 -2.235672 -16.66365[[1]]
         [,1]     [,2]      [,3]      [,4]
[1,] 2.035864 2.707048 -2.235672 -16.66365

[[2]]
[1] 7.87564

GA | iter = 120 | Mean = 5.657359 | Best = 7.875640
2.035864 2.707048 -2.235672 -16.66365[[1]]
         [,1]     [,2]      [,3]      [,4]
[1,] 2.035864 2.707048 -2.235672 -16.66365

[[2]]
[1] 7.87564

GA | iter = 121 | Mean = 5.621814 | Best = 7.875640
2.035864 2.707048 -2.235672 -16.66365[[1]]
         [,1]     [,2]      [,3]      [,4]
[1,] 2.035864 2.707048 -2.235672 -16.66365

[[2]]
[1] 7.87564

GA | iter = 122 | Mean = 5.352767 | Best = 7.875640
2.035864 2.707048 -2.235672 -16.66365[[1]]
         [,1]     [,2]      [,3]      [,4]
[1,] 2.035864 2.707048 -2.235672 -16.66365

[[2]]
[1] 7.87564

GA | iter = 123 | Mean = 6.125868 | Best = 7.875640
2.035864 2.707048 -2.235672 -16.66365[[1]]
         [,1]     [,2]      [,3]      [,4]
[1,] 2.035864 2.707048 -2.235672 -16.66365

[[2]]
[1] 7.87564

GA | iter = 124 | Mean = 5.691281 | Best = 7.875640
2.035864 2.707048 -2.235672 -16.66365[[1]]
         [,1]     [,2]      [,3]      [,4]
[1,] 2.035864 2.707048 -2.235672 -16.66365

[[2]]
[1] 7.87564

GA | iter = 125 | Mean = 5.525296 | Best = 7.875640
2.035864 2.707048 -2.235672 -16.66365[[1]]
         [,1]     [,2]      [,3]      [,4]
[1,] 2.035864 2.707048 -2.235672 -16.66365

[[2]]
[1] 7.87564

GA | iter = 126 | Mean = 5.404699 | Best = 7.875640
2.035864 2.707048 -2.235672 -16.66365[[1]]
         [,1]     [,2]      [,3]      [,4]
[1,] 2.035864 2.707048 -2.235672 -16.66365

[[2]]
[1] 7.87564

GA | iter = 127 | Mean = 5.698038 | Best = 7.875640
2.035864 2.707048 -2.235672 -16.66365[[1]]
         [,1]     [,2]      [,3]      [,4]
[1,] 2.035864 2.707048 -2.235672 -16.66365

[[2]]
[1] 7.87564

GA | iter = 128 | Mean = 5.758994 | Best = 7.875640
2.035864 2.707048 -2.235672 -16.66365[[1]]
         [,1]     [,2]      [,3]      [,4]
[1,] 2.035864 2.707048 -2.235672 -16.66365

[[2]]
[1] 7.87564

GA | iter = 129 | Mean = 6.45958 | Best = 7.87564
2.035864 2.707048 -2.235672 -16.66365[[1]]
         [,1]     [,2]      [,3]      [,4]
[1,] 2.035864 2.707048 -2.235672 -16.66365

[[2]]
[1] 7.87564

GA | iter = 130 | Mean = 5.736162 | Best = 7.875640
2.035864 2.707048 -2.235672 -16.66365[[1]]
         [,1]     [,2]      [,3]      [,4]
[1,] 2.035864 2.707048 -2.235672 -16.66365

[[2]]
[1] 7.87564

GA | iter = 131 | Mean = 6.041464 | Best = 7.875640
2.035864 2.707048 -2.235672 -16.66365[[1]]
         [,1]     [,2]      [,3]      [,4]
[1,] 2.035864 2.707048 -2.235672 -16.66365

[[2]]
[1] 7.87564

GA | iter = 132 | Mean = 5.920207 | Best = 7.875640
2.035864 2.707048 -2.235672 -16.66365[[1]]
         [,1]     [,2]      [,3]      [,4]
[1,] 2.035864 2.707048 -2.235672 -16.66365

[[2]]
[1] 7.87564

GA | iter = 133 | Mean = 5.870008 | Best = 7.875640
2.035864 2.707048 -2.235672 -16.66365[[1]]
         [,1]     [,2]      [,3]      [,4]
[1,] 2.035864 2.707048 -2.235672 -16.66365

[[2]]
[1] 7.87564

GA | iter = 134 | Mean = 5.386781 | Best = 7.875640
2.035864 2.707048 -2.235672 -16.66365[[1]]
         [,1]     [,2]      [,3]      [,4]
[1,] 2.035864 2.707048 -2.235672 -16.66365

[[2]]
[1] 7.87564

GA | iter = 135 | Mean = 6.228344 | Best = 7.875640
2.035864 2.707048 -2.235672 -16.66365[[1]]
         [,1]     [,2]      [,3]      [,4]
[1,] 2.035864 2.707048 -2.235672 -16.66365

[[2]]
[1] 7.87564

GA | iter = 136 | Mean = 6.307074 | Best = 7.875640
2.025234 2.715599 -2.235738 -16.66546[[1]]
         [,1]     [,2]      [,3]      [,4]
[1,] 2.025234 2.715599 -2.235738 -16.66546

[[2]]
[1] 7.875793

GA | iter = 137 | Mean = 5.256500 | Best = 7.875793
2.025234 2.715599 -2.235738 -16.66546[[1]]
         [,1]     [,2]      [,3]      [,4]
[1,] 2.025234 2.715599 -2.235738 -16.66546

[[2]]
[1] 7.875793

GA | iter = 138 | Mean = 4.680650 | Best = 7.875793
2.025234 2.715599 -2.235738 -16.66546[[1]]
         [,1]     [,2]      [,3]      [,4]
[1,] 2.025234 2.715599 -2.235738 -16.66546

[[2]]
[1] 7.875793

GA | iter = 139 | Mean = 6.259106 | Best = 7.875793
2.025234 2.715599 -2.235738 -16.66546[[1]]
         [,1]     [,2]      [,3]      [,4]
[1,] 2.025234 2.715599 -2.235738 -16.66546

[[2]]
[1] 7.875793

GA | iter = 140 | Mean = 5.190074 | Best = 7.875793
2.025234 2.715599 -2.235738 -16.66546[[1]]
         [,1]     [,2]      [,3]      [,4]
[1,] 2.025234 2.715599 -2.235738 -16.66546

[[2]]
[1] 7.875793

GA | iter = 141 | Mean = 5.858693 | Best = 7.875793
2.025234 2.715599 -2.235738 -16.66546[[1]]
         [,1]     [,2]      [,3]      [,4]
[1,] 2.025234 2.715599 -2.235738 -16.66546

[[2]]
[1] 7.875793

GA | iter = 142 | Mean = 5.694203 | Best = 7.875793
2.023987 2.521059 -2.235745 -16.69547[[1]]
         [,1]     [,2]      [,3]      [,4]
[1,] 2.023987 2.521059 -2.235745 -16.69547

[[2]]
[1] 7.877975

GA | iter = 143 | Mean = 5.437040 | Best = 7.877975
2.023987 2.521059 -2.235745 -16.69547[[1]]
         [,1]     [,2]      [,3]      [,4]
[1,] 2.023987 2.521059 -2.235745 -16.69547

[[2]]
[1] 7.877975

GA | iter = 144 | Mean = 5.407567 | Best = 7.877975
2.023987 2.521059 -2.235745 -16.69547[[1]]
         [,1]     [,2]      [,3]      [,4]
[1,] 2.023987 2.521059 -2.235745 -16.69547

[[2]]
[1] 7.877975

GA | iter = 145 | Mean = 5.725379 | Best = 7.877975
2.022583 2.557668 -2.235725 -16.69016[[1]]
         [,1]     [,2]      [,3]      [,4]
[1,] 2.022583 2.557668 -2.235725 -16.69016

[[2]]
[1] 7.878251

GA | iter = 146 | Mean = 5.343602 | Best = 7.878251
2.022583 2.557668 -2.235725 -16.69016[[1]]
         [,1]     [,2]      [,3]      [,4]
[1,] 2.022583 2.557668 -2.235725 -16.69016

[[2]]
[1] 7.878251

GA | iter = 147 | Mean = 5.484531 | Best = 7.878251
2.022583 2.557668 -2.235725 -16.69016[[1]]
         [,1]     [,2]      [,3]      [,4]
[1,] 2.022583 2.557668 -2.235725 -16.69016

[[2]]
[1] 7.878251

GA | iter = 148 | Mean = 5.113175 | Best = 7.878251
2.022583 2.557668 -2.235725 -16.69016[[1]]
         [,1]     [,2]      [,3]      [,4]
[1,] 2.022583 2.557668 -2.235725 -16.69016

[[2]]
[1] 7.878251

GA | iter = 149 | Mean = 5.869258 | Best = 7.878251
2.022583 2.557668 -2.235725 -16.69016[[1]]
         [,1]     [,2]      [,3]      [,4]
[1,] 2.022583 2.557668 -2.235725 -16.69016

[[2]]
[1] 7.878251

GA | iter = 150 | Mean = 6.232290 | Best = 7.878251
2.022583 2.557668 -2.235725 -16.69016[[1]]
         [,1]     [,2]      [,3]      [,4]
[1,] 2.022583 2.557668 -2.235725 -16.69016

[[2]]
[1] 7.878251

GA | iter = 151 | Mean = 6.012652 | Best = 7.878251
2.022583 2.557668 -2.235725 -16.69016[[1]]
         [,1]     [,2]      [,3]      [,4]
[1,] 2.022583 2.557668 -2.235725 -16.69016

[[2]]
[1] 7.878251

GA | iter = 152 | Mean = 5.994545 | Best = 7.878251
2.022583 2.557668 -2.235725 -16.69016[[1]]
         [,1]     [,2]      [,3]      [,4]
[1,] 2.022583 2.557668 -2.235725 -16.69016

[[2]]
[1] 7.878251

GA | iter = 153 | Mean = 5.788477 | Best = 7.878251
2.022583 2.557668 -2.235725 -16.69016[[1]]
         [,1]     [,2]      [,3]      [,4]
[1,] 2.022583 2.557668 -2.235725 -16.69016

[[2]]
[1] 7.878251

GA | iter = 154 | Mean = 6.147134 | Best = 7.878251
1.962959 2.719229 -2.090327 -16.68186[[1]]
         [,1]     [,2]      [,3]      [,4]
[1,] 1.962959 2.719229 -2.090327 -16.68186

[[2]]
[1] 7.878923

GA | iter = 155 | Mean = 5.740582 | Best = 7.878923
1.962959 2.719229 -2.090327 -16.68186[[1]]
         [,1]     [,2]      [,3]      [,4]
[1,] 1.962959 2.719229 -2.090327 -16.68186

[[2]]
[1] 7.878923

GA | iter = 156 | Mean = 5.803428 | Best = 7.878923
1.968826 2.682405 -2.114594 -16.68323[[1]]
         [,1]     [,2]      [,3]      [,4]
[1,] 1.968826 2.682405 -2.114594 -16.68323

[[2]]
[1] 7.879553

GA | iter = 157 | Mean = 6.206238 | Best = 7.879553
1.968826 2.682405 -2.114594 -16.68323[[1]]
         [,1]     [,2]      [,3]      [,4]
[1,] 1.968826 2.682405 -2.114594 -16.68323

[[2]]
[1] 7.879553

GA | iter = 158 | Mean = 5.663491 | Best = 7.879553
1.968826 2.682405 -2.114594 -16.68323[[1]]
         [,1]     [,2]      [,3]      [,4]
[1,] 1.968826 2.682405 -2.114594 -16.68323

[[2]]
[1] 7.879553

GA | iter = 159 | Mean = 5.791616 | Best = 7.879553
1.968826 2.682405 -2.114594 -16.68323[[1]]
         [,1]     [,2]      [,3]      [,4]
[1,] 1.968826 2.682405 -2.114594 -16.68323

[[2]]
[1] 7.879553

GA | iter = 160 | Mean = 6.311703 | Best = 7.879553
2.095348 2.450848 -2.190395 -16.68564[[1]]
         [,1]     [,2]      [,3]      [,4]
[1,] 2.095348 2.450848 -2.190395 -16.68564

[[2]]
[1] 7.883257

GA | iter = 161 | Mean = 5.699402 | Best = 7.883257
2.095348 2.450848 -2.190395 -16.68564[[1]]
         [,1]     [,2]      [,3]      [,4]
[1,] 2.095348 2.450848 -2.190395 -16.68564

[[2]]
[1] 7.883257

GA | iter = 162 | Mean = 6.067225 | Best = 7.883257
2.095348 2.450848 -2.190395 -16.68564[[1]]
         [,1]     [,2]      [,3]      [,4]
[1,] 2.095348 2.450848 -2.190395 -16.68564

[[2]]
[1] 7.883257

GA | iter = 163 | Mean = 6.237861 | Best = 7.883257
2.095348 2.450848 -2.190395 -16.68564[[1]]
         [,1]     [,2]      [,3]      [,4]
[1,] 2.095348 2.450848 -2.190395 -16.68564

[[2]]
[1] 7.883257

GA | iter = 164 | Mean = 5.477079 | Best = 7.883257
2.095348 2.450848 -2.190395 -16.68564[[1]]
         [,1]     [,2]      [,3]      [,4]
[1,] 2.095348 2.450848 -2.190395 -16.68564

[[2]]
[1] 7.883257

GA | iter = 165 | Mean = 5.608434 | Best = 7.883257
2.095348 2.450848 -2.190395 -16.68564[[1]]
         [,1]     [,2]      [,3]      [,4]
[1,] 2.095348 2.450848 -2.190395 -16.68564

[[2]]
[1] 7.883257

GA | iter = 166 | Mean = 5.702406 | Best = 7.883257
2.095348 2.450848 -2.190395 -16.68564[[1]]
         [,1]     [,2]      [,3]      [,4]
[1,] 2.095348 2.450848 -2.190395 -16.68564

[[2]]
[1] 7.883257

GA | iter = 167 | Mean = 5.606449 | Best = 7.883257
2.095348 2.450848 -2.190395 -16.68564[[1]]
         [,1]     [,2]      [,3]      [,4]
[1,] 2.095348 2.450848 -2.190395 -16.68564

[[2]]
[1] 7.883257

GA | iter = 168 | Mean = 5.653777 | Best = 7.883257
2.095348 2.450848 -2.190395 -16.68564[[1]]
         [,1]     [,2]      [,3]      [,4]
[1,] 2.095348 2.450848 -2.190395 -16.68564

[[2]]
[1] 7.883257

GA | iter = 169 | Mean = 5.949613 | Best = 7.883257
2.095348 2.450848 -2.190395 -16.68564[[1]]
         [,1]     [,2]      [,3]      [,4]
[1,] 2.095348 2.450848 -2.190395 -16.68564

[[2]]
[1] 7.883257

GA | iter = 170 | Mean = 5.383809 | Best = 7.883257
2.095348 2.450848 -2.190395 -16.68564[[1]]
         [,1]     [,2]      [,3]      [,4]
[1,] 2.095348 2.450848 -2.190395 -16.68564

[[2]]
[1] 7.883257

GA | iter = 171 | Mean = 6.088725 | Best = 7.883257
2.095348 2.450848 -2.190395 -16.68564[[1]]
         [,1]     [,2]      [,3]      [,4]
[1,] 2.095348 2.450848 -2.190395 -16.68564

[[2]]
[1] 7.883257

GA | iter = 172 | Mean = 5.844054 | Best = 7.883257
2.095348 2.450848 -2.190395 -16.68564[[1]]
         [,1]     [,2]      [,3]      [,4]
[1,] 2.095348 2.450848 -2.190395 -16.68564

[[2]]
[1] 7.883257

GA | iter = 173 | Mean = 6.168877 | Best = 7.883257
2.095348 2.450848 -2.190395 -16.68564[[1]]
         [,1]     [,2]      [,3]      [,4]
[1,] 2.095348 2.450848 -2.190395 -16.68564

[[2]]
[1] 7.883257

GA | iter = 174 | Mean = 6.273923 | Best = 7.883257
2.095348 2.450848 -2.190395 -16.68564[[1]]
         [,1]     [,2]      [,3]      [,4]
[1,] 2.095348 2.450848 -2.190395 -16.68564

[[2]]
[1] 7.883257

GA | iter = 175 | Mean = 6.137156 | Best = 7.883257
2.095348 2.450848 -2.190395 -16.68564[[1]]
         [,1]     [,2]      [,3]      [,4]
[1,] 2.095348 2.450848 -2.190395 -16.68564

[[2]]
[1] 7.883257

GA | iter = 176 | Mean = 5.898274 | Best = 7.883257
2.095348 2.450848 -2.190395 -16.68564[[1]]
         [,1]     [,2]      [,3]      [,4]
[1,] 2.095348 2.450848 -2.190395 -16.68564

[[2]]
[1] 7.883257

GA | iter = 177 | Mean = 5.793021 | Best = 7.883257
2.095348 2.450848 -2.190395 -16.68564[[1]]
         [,1]     [,2]      [,3]      [,4]
[1,] 2.095348 2.450848 -2.190395 -16.68564

[[2]]
[1] 7.883257

GA | iter = 178 | Mean = 6.417182 | Best = 7.883257
2.095348 2.450848 -2.190395 -16.68564[[1]]
         [,1]     [,2]      [,3]      [,4]
[1,] 2.095348 2.450848 -2.190395 -16.68564

[[2]]
[1] 7.883257

GA | iter = 179 | Mean = 5.653832 | Best = 7.883257
2.083141 2.295939 -2.183705 -16.68638[[1]]
         [,1]     [,2]      [,3]      [,4]
[1,] 2.083141 2.295939 -2.183705 -16.68638

[[2]]
[1] 7.885308

GA | iter = 180 | Mean = 5.439554 | Best = 7.885308
2.083141 2.295939 -2.183705 -16.68638[[1]]
         [,1]     [,2]      [,3]      [,4]
[1,] 2.083141 2.295939 -2.183705 -16.68638

[[2]]
[1] 7.885308

GA | iter = 181 | Mean = 5.727032 | Best = 7.885308
2.083141 2.295939 -2.183705 -16.68638[[1]]
         [,1]     [,2]      [,3]      [,4]
[1,] 2.083141 2.295939 -2.183705 -16.68638

[[2]]
[1] 7.885308

GA | iter = 182 | Mean = 6.154331 | Best = 7.885308
2.079527 2.339747 -2.157918 -16.68716[[1]]
         [,1]     [,2]      [,3]      [,4]
[1,] 2.079527 2.339747 -2.157918 -16.68716

[[2]]
[1] 7.886384

GA | iter = 183 | Mean = 5.763160 | Best = 7.886384
2.079527 2.339747 -2.157918 -16.68716[[1]]
         [,1]     [,2]      [,3]      [,4]
[1,] 2.079527 2.339747 -2.157918 -16.68716

[[2]]
[1] 7.886384

GA | iter = 184 | Mean = 5.330578 | Best = 7.886384
2.079527 2.339747 -2.157918 -16.68716[[1]]
         [,1]     [,2]      [,3]      [,4]
[1,] 2.079527 2.339747 -2.157918 -16.68716

[[2]]
[1] 7.886384

GA | iter = 185 | Mean = 6.217646 | Best = 7.886384
2.079527 2.339747 -2.157918 -16.68716[[1]]
         [,1]     [,2]      [,3]      [,4]
[1,] 2.079527 2.339747 -2.157918 -16.68716

[[2]]
[1] 7.886384

GA | iter = 186 | Mean = 5.366858 | Best = 7.886384
2.079527 2.339747 -2.157918 -16.68716[[1]]
         [,1]     [,2]      [,3]      [,4]
[1,] 2.079527 2.339747 -2.157918 -16.68716

[[2]]
[1] 7.886384

GA | iter = 187 | Mean = 5.640443 | Best = 7.886384
2.079527 2.339747 -2.157918 -16.68716[[1]]
         [,1]     [,2]      [,3]      [,4]
[1,] 2.079527 2.339747 -2.157918 -16.68716

[[2]]
[1] 7.886384

GA | iter = 188 | Mean = 6.366665 | Best = 7.886384
2.079527 2.339747 -2.157918 -16.68716[[1]]
         [,1]     [,2]      [,3]      [,4]
[1,] 2.079527 2.339747 -2.157918 -16.68716

[[2]]
[1] 7.886384

GA | iter = 189 | Mean = 5.815959 | Best = 7.886384
2.079527 2.339747 -2.157918 -16.68716[[1]]
         [,1]     [,2]      [,3]      [,4]
[1,] 2.079527 2.339747 -2.157918 -16.68716

[[2]]
[1] 7.886384

GA | iter = 190 | Mean = 5.795222 | Best = 7.886384
2.079527 2.339747 -2.157918 -16.68716[[1]]
         [,1]     [,2]      [,3]      [,4]
[1,] 2.079527 2.339747 -2.157918 -16.68716

[[2]]
[1] 7.886384

GA | iter = 191 | Mean = 5.897574 | Best = 7.886384
2.085696 2.373493 -2.137837 -16.69096[[1]]
         [,1]     [,2]      [,3]      [,4]
[1,] 2.085696 2.373493 -2.137837 -16.69096

[[2]]
[1] 7.886552

GA | iter = 192 | Mean = 6.219484 | Best = 7.886552
2.085696 2.373493 -2.137837 -16.69096[[1]]
         [,1]     [,2]      [,3]      [,4]
[1,] 2.085696 2.373493 -2.137837 -16.69096

[[2]]
[1] 7.886552

GA | iter = 193 | Mean = 5.681337 | Best = 7.886552
2.085696 2.373493 -2.137837 -16.69096[[1]]
         [,1]     [,2]      [,3]      [,4]
[1,] 2.085696 2.373493 -2.137837 -16.69096

[[2]]
[1] 7.886552

GA | iter = 194 | Mean = 5.708578 | Best = 7.886552
2.121133 2.33447 -2.171084 -16.69344[[1]]
         [,1]    [,2]      [,3]      [,4]
[1,] 2.121133 2.33447 -2.171084 -16.69344

[[2]]
[1] 7.886614

GA | iter = 195 | Mean = 5.749414 | Best = 7.886614
2.08781 2.350094 -2.149835 -16.68821[[1]]
        [,1]     [,2]      [,3]      [,4]
[1,] 2.08781 2.350094 -2.149835 -16.68821

[[2]]
[1] 7.886818

GA | iter = 196 | Mean = 5.988253 | Best = 7.886818
2.08781 2.350094 -2.149835 -16.68821[[1]]
        [,1]     [,2]      [,3]      [,4]
[1,] 2.08781 2.350094 -2.149835 -16.68821

[[2]]
[1] 7.886818

GA | iter = 197 | Mean = 5.643998 | Best = 7.886818
2.116929 2.336974 -2.158272 -16.69158[[1]]
         [,1]     [,2]      [,3]      [,4]
[1,] 2.116929 2.336974 -2.158272 -16.69158

[[2]]
[1] 7.886858

GA | iter = 198 | Mean = 5.559129 | Best = 7.886858
2.116929 2.336974 -2.158272 -16.69158[[1]]
         [,1]     [,2]      [,3]      [,4]
[1,] 2.116929 2.336974 -2.158272 -16.69158

[[2]]
[1] 7.886858

GA | iter = 199 | Mean = 5.757462 | Best = 7.886858
2.116929 2.336974 -2.158272 -16.69158[[1]]
         [,1]     [,2]      [,3]      [,4]
[1,] 2.116929 2.336974 -2.158272 -16.69158

[[2]]
[1] 7.886858

GA | iter = 200 | Mean = 5.552690 | Best = 7.886858
2.116929 2.336974 -2.158272 -16.69158[[1]]
         [,1]     [,2]      [,3]      [,4]
[1,] 2.116929 2.336974 -2.158272 -16.69158

[[2]]
[1] 7.886858

GA | iter = 201 | Mean = 5.091153 | Best = 7.886858
2.116929 2.336974 -2.158272 -16.69158[[1]]
         [,1]     [,2]      [,3]      [,4]
[1,] 2.116929 2.336974 -2.158272 -16.69158

[[2]]
[1] 7.886858

GA | iter = 202 | Mean = 5.438882 | Best = 7.886858
2.116929 2.336974 -2.158272 -16.69158[[1]]
         [,1]     [,2]      [,3]      [,4]
[1,] 2.116929 2.336974 -2.158272 -16.69158

[[2]]
[1] 7.886858

GA | iter = 203 | Mean = 5.559735 | Best = 7.886858
2.116929 2.336974 -2.158272 -16.69158[[1]]
         [,1]     [,2]      [,3]      [,4]
[1,] 2.116929 2.336974 -2.158272 -16.69158

[[2]]
[1] 7.886858

GA | iter = 204 | Mean = 5.993602 | Best = 7.886858
2.116929 2.336974 -2.158272 -16.69158[[1]]
         [,1]     [,2]      [,3]      [,4]
[1,] 2.116929 2.336974 -2.158272 -16.69158

[[2]]
[1] 7.886858

GA | iter = 205 | Mean = 5.782611 | Best = 7.886858
2.116929 2.336974 -2.158272 -16.69158[[1]]
         [,1]     [,2]      [,3]      [,4]
[1,] 2.116929 2.336974 -2.158272 -16.69158

[[2]]
[1] 7.886858

GA | iter = 206 | Mean = 5.707182 | Best = 7.886858
2.102391 2.338226 -2.152043 -16.69183[[1]]
         [,1]     [,2]      [,3]      [,4]
[1,] 2.102391 2.338226 -2.152043 -16.69183

[[2]]
[1] 7.887074

GA | iter = 207 | Mean = 5.312789 | Best = 7.887074
2.102391 2.338226 -2.152043 -16.69183[[1]]
         [,1]     [,2]      [,3]      [,4]
[1,] 2.102391 2.338226 -2.152043 -16.69183

[[2]]
[1] 7.887074

GA | iter = 208 | Mean = 6.248753 | Best = 7.887074
2.102391 2.338226 -2.152043 -16.69183[[1]]
         [,1]     [,2]      [,3]      [,4]
[1,] 2.102391 2.338226 -2.152043 -16.69183

[[2]]
[1] 7.887074

GA | iter = 209 | Mean = 5.542937 | Best = 7.887074
2.102391 2.338226 -2.152043 -16.69183[[1]]
         [,1]     [,2]      [,3]      [,4]
[1,] 2.102391 2.338226 -2.152043 -16.69183

[[2]]
[1] 7.887074

GA | iter = 210 | Mean = 5.548304 | Best = 7.887074
2.102391 2.338226 -2.152043 -16.69183[[1]]
         [,1]     [,2]      [,3]      [,4]
[1,] 2.102391 2.338226 -2.152043 -16.69183

[[2]]
[1] 7.887074

GA | iter = 211 | Mean = 5.813089 | Best = 7.887074
2.102391 2.338226 -2.152043 -16.69183[[1]]
         [,1]     [,2]      [,3]      [,4]
[1,] 2.102391 2.338226 -2.152043 -16.69183

[[2]]
[1] 7.887074

GA | iter = 212 | Mean = 5.983256 | Best = 7.887074
2.167615 2.212394 -2.184821 -16.73389[[1]]
         [,1]     [,2]      [,3]      [,4]
[1,] 2.167615 2.212394 -2.184821 -16.73389

[[2]]
[1] 7.888392

GA | iter = 213 | Mean = 5.366585 | Best = 7.888392
2.167615 2.212394 -2.184821 -16.73389[[1]]
         [,1]     [,2]      [,3]      [,4]
[1,] 2.167615 2.212394 -2.184821 -16.73389

[[2]]
[1] 7.888392

GA | iter = 214 | Mean = 5.277331 | Best = 7.888392
2.118768 2.344174 -2.204426 -16.46297[[1]]
         [,1]     [,2]      [,3]      [,4]
[1,] 2.118768 2.344174 -2.204426 -16.46297

[[2]]
[1] 7.890376

GA | iter = 215 | Mean = 6.211157 | Best = 7.890376
2.118768 2.344174 -2.204426 -16.46297[[1]]
         [,1]     [,2]      [,3]      [,4]
[1,] 2.118768 2.344174 -2.204426 -16.46297

[[2]]
[1] 7.890376

GA | iter = 216 | Mean = 5.607828 | Best = 7.890376
2.129334 2.285776 -2.19959 -16.56209[[1]]
         [,1]     [,2]     [,3]      [,4]
[1,] 2.129334 2.285776 -2.19959 -16.56209

[[2]]
[1] 7.890408

GA | iter = 217 | Mean = 5.553364 | Best = 7.890408
2.129334 2.285776 -2.19959 -16.56209[[1]]
         [,1]     [,2]     [,3]      [,4]
[1,] 2.129334 2.285776 -2.19959 -16.56209

[[2]]
[1] 7.890408

GA | iter = 218 | Mean = 5.654894 | Best = 7.890408
2.129334 2.285776 -2.19959 -16.56209[[1]]
         [,1]     [,2]     [,3]      [,4]
[1,] 2.129334 2.285776 -2.19959 -16.56209

[[2]]
[1] 7.890408

GA | iter = 219 | Mean = 5.748249 | Best = 7.890408
2.129334 2.285776 -2.19959 -16.56209[[1]]
         [,1]     [,2]     [,3]      [,4]
[1,] 2.129334 2.285776 -2.19959 -16.56209

[[2]]
[1] 7.890408

GA | iter = 220 | Mean = 6.109628 | Best = 7.890408
2.129334 2.285776 -2.19959 -16.56209[[1]]
         [,1]     [,2]     [,3]      [,4]
[1,] 2.129334 2.285776 -2.19959 -16.56209

[[2]]
[1] 7.890408

GA | iter = 221 | Mean = 6.079025 | Best = 7.890408
2.088272 2.295078 -2.187199 -16.54728[[1]]
         [,1]     [,2]      [,3]      [,4]
[1,] 2.088272 2.295078 -2.187199 -16.54728

[[2]]
[1] 7.890408

GA | iter = 222 | Mean = 5.671593 | Best = 7.890408
2.099088 2.344182 -2.187698 -16.46559[[1]]
         [,1]     [,2]      [,3]      [,4]
[1,] 2.099088 2.344182 -2.187698 -16.46559

[[2]]
[1] 7.891365

GA | iter = 223 | Mean = 5.917252 | Best = 7.891365
2.099088 2.344182 -2.187698 -16.46559[[1]]
         [,1]     [,2]      [,3]      [,4]
[1,] 2.099088 2.344182 -2.187698 -16.46559

[[2]]
[1] 7.891365

GA | iter = 224 | Mean = 5.810845 | Best = 7.891365
2.099088 2.344182 -2.187698 -16.46559[[1]]
         [,1]     [,2]      [,3]      [,4]
[1,] 2.099088 2.344182 -2.187698 -16.46559

[[2]]
[1] 7.891365

GA | iter = 225 | Mean = 6.086411 | Best = 7.891365
2.099088 2.344182 -2.187698 -16.46559[[1]]
         [,1]     [,2]      [,3]      [,4]
[1,] 2.099088 2.344182 -2.187698 -16.46559

[[2]]
[1] 7.891365

GA | iter = 226 | Mean = 5.478205 | Best = 7.891365
2.099088 2.344182 -2.187698 -16.46559[[1]]
         [,1]     [,2]      [,3]      [,4]
[1,] 2.099088 2.344182 -2.187698 -16.46559

[[2]]
[1] 7.891365

GA | iter = 227 | Mean = 6.190833 | Best = 7.891365
2.099088 2.344182 -2.187698 -16.46559[[1]]
         [,1]     [,2]      [,3]      [,4]
[1,] 2.099088 2.344182 -2.187698 -16.46559

[[2]]
[1] 7.891365

GA | iter = 228 | Mean = 6.140351 | Best = 7.891365
2.099088 2.344182 -2.187698 -16.46559[[1]]
         [,1]     [,2]      [,3]      [,4]
[1,] 2.099088 2.344182 -2.187698 -16.46559

[[2]]
[1] 7.891365

GA | iter = 229 | Mean = 5.191557 | Best = 7.891365
2.099088 2.344182 -2.187698 -16.46559[[1]]
         [,1]     [,2]      [,3]      [,4]
[1,] 2.099088 2.344182 -2.187698 -16.46559

[[2]]
[1] 7.891365

GA | iter = 230 | Mean = 5.117416 | Best = 7.891365
2.122864 2.209615 -2.194662 -16.53019[[1]]
         [,1]     [,2]      [,3]      [,4]
[1,] 2.122864 2.209615 -2.194662 -16.53019

[[2]]
[1] 7.892945

GA | iter = 231 | Mean = 5.301861 | Best = 7.892945
2.122864 2.209615 -2.194662 -16.53019[[1]]
         [,1]     [,2]      [,3]      [,4]
[1,] 2.122864 2.209615 -2.194662 -16.53019

[[2]]
[1] 7.892945

GA | iter = 232 | Mean = 6.005268 | Best = 7.892945
2.122864 2.209615 -2.194662 -16.53019[[1]]
         [,1]     [,2]      [,3]      [,4]
[1,] 2.122864 2.209615 -2.194662 -16.53019

[[2]]
[1] 7.892945

GA | iter = 233 | Mean = 5.927829 | Best = 7.892945
2.122864 2.209615 -2.194662 -16.53019[[1]]
         [,1]     [,2]      [,3]      [,4]
[1,] 2.122864 2.209615 -2.194662 -16.53019

[[2]]
[1] 7.892945

GA | iter = 234 | Mean = 5.312835 | Best = 7.892945
2.122864 2.209615 -2.194662 -16.53019[[1]]
         [,1]     [,2]      [,3]      [,4]
[1,] 2.122864 2.209615 -2.194662 -16.53019

[[2]]
[1] 7.892945

GA | iter = 235 | Mean = 6.355756 | Best = 7.892945
2.122864 2.209615 -2.194662 -16.53019[[1]]
         [,1]     [,2]      [,3]      [,4]
[1,] 2.122864 2.209615 -2.194662 -16.53019

[[2]]
[1] 7.892945

GA | iter = 236 | Mean = 5.152352 | Best = 7.892945
2.122864 2.209615 -2.194662 -16.53019[[1]]
         [,1]     [,2]      [,3]      [,4]
[1,] 2.122864 2.209615 -2.194662 -16.53019

[[2]]
[1] 7.892945

GA | iter = 237 | Mean = 5.450387 | Best = 7.892945
2.122864 2.209615 -2.194662 -16.53019[[1]]
         [,1]     [,2]      [,3]      [,4]
[1,] 2.122864 2.209615 -2.194662 -16.53019

[[2]]
[1] 7.892945

GA | iter = 238 | Mean = 5.472145 | Best = 7.892945
2.277008 1.919471 -2.192082 -16.57129[[1]]
         [,1]     [,2]      [,3]      [,4]
[1,] 2.277008 1.919471 -2.192082 -16.57129

[[2]]
[1] 7.898443

GA | iter = 239 | Mean = 6.021123 | Best = 7.898443
2.277008 1.919471 -2.192082 -16.57129[[1]]
         [,1]     [,2]      [,3]      [,4]
[1,] 2.277008 1.919471 -2.192082 -16.57129

[[2]]
[1] 7.898443

GA | iter = 240 | Mean = 5.732493 | Best = 7.898443
2.277008 1.919471 -2.192082 -16.57129[[1]]
         [,1]     [,2]      [,3]      [,4]
[1,] 2.277008 1.919471 -2.192082 -16.57129

[[2]]
[1] 7.898443

GA | iter = 241 | Mean = 5.705854 | Best = 7.898443
2.277008 1.919471 -2.192082 -16.57129[[1]]
         [,1]     [,2]      [,3]      [,4]
[1,] 2.277008 1.919471 -2.192082 -16.57129

[[2]]
[1] 7.898443

GA | iter = 242 | Mean = 5.532255 | Best = 7.898443
2.277008 1.919471 -2.192082 -16.57129[[1]]
         [,1]     [,2]      [,3]      [,4]
[1,] 2.277008 1.919471 -2.192082 -16.57129

[[2]]
[1] 7.898443

GA | iter = 243 | Mean = 6.074715 | Best = 7.898443
2.215875 1.922029 -2.191724 -16.56998[[1]]
         [,1]     [,2]      [,3]      [,4]
[1,] 2.215875 1.922029 -2.191724 -16.56998

[[2]]
[1] 7.898514

GA | iter = 244 | Mean = 6.548704 | Best = 7.898514
2.215875 1.922029 -2.191724 -16.56998[[1]]
         [,1]     [,2]      [,3]      [,4]
[1,] 2.215875 1.922029 -2.191724 -16.56998

[[2]]
[1] 7.898514

GA | iter = 245 | Mean = 5.589734 | Best = 7.898514
2.215875 1.922029 -2.191724 -16.56998[[1]]
         [,1]     [,2]      [,3]      [,4]
[1,] 2.215875 1.922029 -2.191724 -16.56998

[[2]]
[1] 7.898514

GA | iter = 246 | Mean = 6.059384 | Best = 7.898514
2.215875 1.922029 -2.191724 -16.56998[[1]]
         [,1]     [,2]      [,3]      [,4]
[1,] 2.215875 1.922029 -2.191724 -16.56998

[[2]]
[1] 7.898514

GA | iter = 247 | Mean = 5.851076 | Best = 7.898514
2.249715 1.711495 -2.19393 -16.55779[[1]]
         [,1]     [,2]     [,3]      [,4]
[1,] 2.249715 1.711495 -2.19393 -16.55779

[[2]]
[1] 7.899942

GA | iter = 248 | Mean = 6.082684 | Best = 7.899942
2.235058 1.848817 -2.187073 -16.55096[[1]]
         [,1]     [,2]      [,3]      [,4]
[1,] 2.235058 1.848817 -2.187073 -16.55096

[[2]]
[1] 7.90077

GA | iter = 249 | Mean = 5.661117 | Best = 7.900770
2.256934 1.810453 -2.192772 -16.55809[[1]]
         [,1]     [,2]      [,3]      [,4]
[1,] 2.256934 1.810453 -2.192772 -16.55809

[[2]]
[1] 7.901702

GA | iter = 250 | Mean = 5.713392 | Best = 7.901702
2.322583 1.483179 -2.192446 -16.55676[[1]]
         [,1]     [,2]      [,3]      [,4]
[1,] 2.322583 1.483179 -2.192446 -16.55676

[[2]]
[1] 7.904585

GA | iter = 251 | Mean = 6.238230 | Best = 7.904585
2.322583 1.483179 -2.192446 -16.55676[[1]]
         [,1]     [,2]      [,3]      [,4]
[1,] 2.322583 1.483179 -2.192446 -16.55676

[[2]]
[1] 7.904585

GA | iter = 252 | Mean = 5.982771 | Best = 7.904585
2.322583 1.483179 -2.192446 -16.55676[[1]]
         [,1]     [,2]      [,3]      [,4]
[1,] 2.322583 1.483179 -2.192446 -16.55676

[[2]]
[1] 7.904585

GA | iter = 253 | Mean = 5.243295 | Best = 7.904585
2.322583 1.483179 -2.192446 -16.55676[[1]]
         [,1]     [,2]      [,3]      [,4]
[1,] 2.322583 1.483179 -2.192446 -16.55676

[[2]]
[1] 7.904585

GA | iter = 254 | Mean = 5.753444 | Best = 7.904585
2.322583 1.483179 -2.192446 -16.55676[[1]]
         [,1]     [,2]      [,3]      [,4]
[1,] 2.322583 1.483179 -2.192446 -16.55676

[[2]]
[1] 7.904585

GA | iter = 255 | Mean = 5.542748 | Best = 7.904585
2.322583 1.483179 -2.192446 -16.55676[[1]]
         [,1]     [,2]      [,3]      [,4]
[1,] 2.322583 1.483179 -2.192446 -16.55676

[[2]]
[1] 7.904585

GA | iter = 256 | Mean = 5.330118 | Best = 7.904585
2.336882 1.491818 -2.191762 -16.55676[[1]]
         [,1]     [,2]      [,3]      [,4]
[1,] 2.336882 1.491818 -2.191762 -16.55676

[[2]]
[1] 7.906839

GA | iter = 257 | Mean = 5.575793 | Best = 7.906839
2.336882 1.491818 -2.191762 -16.55676[[1]]
         [,1]     [,2]      [,3]      [,4]
[1,] 2.336882 1.491818 -2.191762 -16.55676

[[2]]
[1] 7.906839

GA | iter = 258 | Mean = 5.014323 | Best = 7.906839
2.336882 1.491818 -2.191762 -16.55676[[1]]
         [,1]     [,2]      [,3]      [,4]
[1,] 2.336882 1.491818 -2.191762 -16.55676

[[2]]
[1] 7.906839

GA | iter = 259 | Mean = 5.248866 | Best = 7.906839
2.336882 1.491818 -2.191762 -16.55676[[1]]
         [,1]     [,2]      [,3]      [,4]
[1,] 2.336882 1.491818 -2.191762 -16.55676

[[2]]
[1] 7.906839

GA | iter = 260 | Mean = 5.389617 | Best = 7.906839
2.336882 1.491818 -2.191762 -16.55676[[1]]
         [,1]     [,2]      [,3]      [,4]
[1,] 2.336882 1.491818 -2.191762 -16.55676

[[2]]
[1] 7.906839

GA | iter = 261 | Mean = 5.946642 | Best = 7.906839
2.336882 1.491818 -2.191762 -16.55676[[1]]
         [,1]     [,2]      [,3]      [,4]
[1,] 2.336882 1.491818 -2.191762 -16.55676

[[2]]
[1] 7.906839

GA | iter = 262 | Mean = 5.948189 | Best = 7.906839
2.336882 1.491818 -2.191762 -16.55676[[1]]
         [,1]     [,2]      [,3]      [,4]
[1,] 2.336882 1.491818 -2.191762 -16.55676

[[2]]
[1] 7.906839

GA | iter = 263 | Mean = 5.633921 | Best = 7.906839
2.336882 1.491818 -2.191762 -16.55676[[1]]
         [,1]     [,2]      [,3]      [,4]
[1,] 2.336882 1.491818 -2.191762 -16.55676

[[2]]
[1] 7.906839

GA | iter = 264 | Mean = 5.630227 | Best = 7.906839
2.387092 1.581204 -2.192133 -16.55774[[1]]
         [,1]     [,2]      [,3]      [,4]
[1,] 2.387092 1.581204 -2.192133 -16.55774

[[2]]
[1] 7.907229

GA | iter = 265 | Mean = 5.428435 | Best = 7.907229
2.35009 1.593426 -2.146062 -16.55708[[1]]
        [,1]     [,2]      [,3]      [,4]
[1,] 2.35009 1.593426 -2.146062 -16.55708

[[2]]
[1] 7.908569

GA | iter = 266 | Mean = 5.499027 | Best = 7.908569
2.358226 1.523577 -2.135161 -16.55697[[1]]
         [,1]     [,2]      [,3]      [,4]
[1,] 2.358226 1.523577 -2.135161 -16.55697

[[2]]
[1] 7.910639

GA | iter = 267 | Mean = 6.202124 | Best = 7.910639
2.358226 1.523577 -2.135161 -16.55697[[1]]
         [,1]     [,2]      [,3]      [,4]
[1,] 2.358226 1.523577 -2.135161 -16.55697

[[2]]
[1] 7.910639

GA | iter = 268 | Mean = 5.698943 | Best = 7.910639
2.358226 1.523577 -2.135161 -16.55697[[1]]
         [,1]     [,2]      [,3]      [,4]
[1,] 2.358226 1.523577 -2.135161 -16.55697

[[2]]
[1] 7.910639

GA | iter = 269 | Mean = 5.853037 | Best = 7.910639
2.358226 1.523577 -2.135161 -16.55697[[1]]
         [,1]     [,2]      [,3]      [,4]
[1,] 2.358226 1.523577 -2.135161 -16.55697

[[2]]
[1] 7.910639

GA | iter = 270 | Mean = 5.571557 | Best = 7.910639
2.358226 1.523577 -2.135161 -16.55697[[1]]
         [,1]     [,2]      [,3]      [,4]
[1,] 2.358226 1.523577 -2.135161 -16.55697

[[2]]
[1] 7.910639

GA | iter = 271 | Mean = 6.106953 | Best = 7.910639
2.358226 1.523577 -2.135161 -16.55697[[1]]
         [,1]     [,2]      [,3]      [,4]
[1,] 2.358226 1.523577 -2.135161 -16.55697

[[2]]
[1] 7.910639

GA | iter = 272 | Mean = 6.684139 | Best = 7.910639
2.358226 1.523577 -2.135161 -16.55697[[1]]
         [,1]     [,2]      [,3]      [,4]
[1,] 2.358226 1.523577 -2.135161 -16.55697

[[2]]
[1] 7.910639

GA | iter = 273 | Mean = 5.802967 | Best = 7.910639
2.264949 1.749041 -2.175199 -15.8929[[1]]
         [,1]     [,2]      [,3]     [,4]
[1,] 2.264949 1.749041 -2.175199 -15.8929

[[2]]
[1] 7.914545

GA | iter = 274 | Mean = 5.688402 | Best = 7.914545
2.288818 1.680235 -2.173218 -16.14981[[1]]
         [,1]     [,2]      [,3]      [,4]
[1,] 2.288818 1.680235 -2.173218 -16.14981

[[2]]
[1] 7.914568

GA | iter = 275 | Mean = 5.833647 | Best = 7.914568
2.288818 1.680235 -2.173218 -16.14981[[1]]
         [,1]     [,2]      [,3]      [,4]
[1,] 2.288818 1.680235 -2.173218 -16.14981

[[2]]
[1] 7.914568

GA | iter = 276 | Mean = 6.003113 | Best = 7.914568
2.288818 1.680235 -2.173218 -16.14981[[1]]
         [,1]     [,2]      [,3]      [,4]
[1,] 2.288818 1.680235 -2.173218 -16.14981

[[2]]
[1] 7.914568

GA | iter = 277 | Mean = 5.636734 | Best = 7.914568
2.312062 1.562301 -2.141153 -16.26708[[1]]
         [,1]     [,2]      [,3]      [,4]
[1,] 2.312062 1.562301 -2.141153 -16.26708

[[2]]
[1] 7.916362

GA | iter = 278 | Mean = 5.341536 | Best = 7.916362
2.312062 1.562301 -2.141153 -16.26708[[1]]
         [,1]     [,2]      [,3]      [,4]
[1,] 2.312062 1.562301 -2.141153 -16.26708

[[2]]
[1] 7.916362

GA | iter = 279 | Mean = 5.672695 | Best = 7.916362
2.312062 1.562301 -2.141153 -16.26708[[1]]
         [,1]     [,2]      [,3]      [,4]
[1,] 2.312062 1.562301 -2.141153 -16.26708

[[2]]
[1] 7.916362

GA | iter = 280 | Mean = 6.102888 | Best = 7.916362
2.298779 1.59759 -2.161824 -16.17552[[1]]
         [,1]    [,2]      [,3]      [,4]
[1,] 2.298779 1.59759 -2.161824 -16.17552

[[2]]
[1] 7.917089

GA | iter = 281 | Mean = 4.999150 | Best = 7.917089
2.298779 1.59759 -2.161824 -16.17552[[1]]
         [,1]    [,2]      [,3]      [,4]
[1,] 2.298779 1.59759 -2.161824 -16.17552

[[2]]
[1] 7.917089

GA | iter = 282 | Mean = 5.306550 | Best = 7.917089
2.298575 1.591982 -2.161469 -16.17921[[1]]
         [,1]     [,2]      [,3]      [,4]
[1,] 2.298575 1.591982 -2.161469 -16.17921

[[2]]
[1] 7.917216

GA | iter = 283 | Mean = 4.961114 | Best = 7.917216
2.298575 1.591982 -2.161469 -16.17921[[1]]
         [,1]     [,2]      [,3]      [,4]
[1,] 2.298575 1.591982 -2.161469 -16.17921

[[2]]
[1] 7.917216

GA | iter = 284 | Mean = 6.029924 | Best = 7.917216
2.256375 1.467448 -2.157548 -15.46776[[1]]
         [,1]     [,2]      [,3]      [,4]
[1,] 2.256375 1.467448 -2.157548 -15.46776

[[2]]
[1] 7.935138

GA | iter = 285 | Mean = 6.107876 | Best = 7.935138
2.256375 1.467448 -2.157548 -15.46776[[1]]
         [,1]     [,2]      [,3]      [,4]
[1,] 2.256375 1.467448 -2.157548 -15.46776

[[2]]
[1] 7.935138

GA | iter = 286 | Mean = 5.787201 | Best = 7.935138
2.256375 1.467448 -2.157548 -15.46776[[1]]
         [,1]     [,2]      [,3]      [,4]
[1,] 2.256375 1.467448 -2.157548 -15.46776

[[2]]
[1] 7.935138

GA | iter = 287 | Mean = 5.652277 | Best = 7.935138
2.256375 1.467448 -2.157548 -15.46776[[1]]
         [,1]     [,2]      [,3]      [,4]
[1,] 2.256375 1.467448 -2.157548 -15.46776

[[2]]
[1] 7.935138

GA | iter = 288 | Mean = 5.357741 | Best = 7.935138
2.256375 1.467448 -2.157548 -15.46776[[1]]
         [,1]     [,2]      [,3]      [,4]
[1,] 2.256375 1.467448 -2.157548 -15.46776

[[2]]
[1] 7.935138

GA | iter = 289 | Mean = 5.811347 | Best = 7.935138
2.256375 1.467448 -2.157548 -15.46776[[1]]
         [,1]     [,2]      [,3]      [,4]
[1,] 2.256375 1.467448 -2.157548 -15.46776

[[2]]
[1] 7.935138

GA | iter = 290 | Mean = 5.286579 | Best = 7.935138
2.256375 1.467448 -2.157548 -15.46776[[1]]
         [,1]     [,2]      [,3]      [,4]
[1,] 2.256375 1.467448 -2.157548 -15.46776

[[2]]
[1] 7.935138

GA | iter = 291 | Mean = 4.973503 | Best = 7.935138
2.256375 1.467448 -2.157548 -15.46776[[1]]
         [,1]     [,2]      [,3]      [,4]
[1,] 2.256375 1.467448 -2.157548 -15.46776

[[2]]
[1] 7.935138

GA | iter = 292 | Mean = 5.624550 | Best = 7.935138
2.256375 1.467448 -2.157548 -15.46776[[1]]
         [,1]     [,2]      [,3]      [,4]
[1,] 2.256375 1.467448 -2.157548 -15.46776

[[2]]
[1] 7.935138

GA | iter = 293 | Mean = 6.099091 | Best = 7.935138
2.256375 1.467448 -2.157548 -15.46776[[1]]
         [,1]     [,2]      [,3]      [,4]
[1,] 2.256375 1.467448 -2.157548 -15.46776

[[2]]
[1] 7.935138

GA | iter = 294 | Mean = 6.214418 | Best = 7.935138
2.256375 1.467448 -2.157548 -15.46776[[1]]
         [,1]     [,2]      [,3]      [,4]
[1,] 2.256375 1.467448 -2.157548 -15.46776

[[2]]
[1] 7.935138

GA | iter = 295 | Mean = 5.792864 | Best = 7.935138
2.256375 1.467448 -2.157548 -15.46776[[1]]
         [,1]     [,2]      [,3]      [,4]
[1,] 2.256375 1.467448 -2.157548 -15.46776

[[2]]
[1] 7.935138

GA | iter = 296 | Mean = 5.819702 | Best = 7.935138
2.256375 1.467448 -2.157548 -15.46776[[1]]
         [,1]     [,2]      [,3]      [,4]
[1,] 2.256375 1.467448 -2.157548 -15.46776

[[2]]
[1] 7.935138

GA | iter = 297 | Mean = 5.424758 | Best = 7.935138
2.256375 1.467448 -2.157548 -15.46776[[1]]
         [,1]     [,2]      [,3]      [,4]
[1,] 2.256375 1.467448 -2.157548 -15.46776

[[2]]
[1] 7.935138

GA | iter = 298 | Mean = 5.739551 | Best = 7.935138
2.256375 1.467448 -2.157548 -15.46776[[1]]
         [,1]     [,2]      [,3]      [,4]
[1,] 2.256375 1.467448 -2.157548 -15.46776

[[2]]
[1] 7.935138

GA | iter = 299 | Mean = 6.535494 | Best = 7.935138
2.256375 1.467448 -2.157548 -15.46776[[1]]
         [,1]     [,2]      [,3]      [,4]
[1,] 2.256375 1.467448 -2.157548 -15.46776

[[2]]
[1] 7.935138

GA | iter = 300 | Mean = 5.571155 | Best = 7.935138
2.256375 1.467448 -2.157548 -15.46776[[1]]
         [,1]     [,2]      [,3]      [,4]
[1,] 2.256375 1.467448 -2.157548 -15.46776

[[2]]
[1] 7.935138

GA | iter = 301 | Mean = 5.931986 | Best = 7.935138
2.256375 1.467448 -2.157548 -15.46776[[1]]
         [,1]     [,2]      [,3]      [,4]
[1,] 2.256375 1.467448 -2.157548 -15.46776

[[2]]
[1] 7.935138

GA | iter = 302 | Mean = 6.013643 | Best = 7.935138
2.256375 1.467448 -2.157548 -15.46776[[1]]
         [,1]     [,2]      [,3]      [,4]
[1,] 2.256375 1.467448 -2.157548 -15.46776

[[2]]
[1] 7.935138

GA | iter = 303 | Mean = 5.625789 | Best = 7.935138
2.256375 1.467448 -2.157548 -15.46776[[1]]
         [,1]     [,2]      [,3]      [,4]
[1,] 2.256375 1.467448 -2.157548 -15.46776

[[2]]
[1] 7.935138

GA | iter = 304 | Mean = 6.203375 | Best = 7.935138
2.256375 1.467448 -2.157548 -15.46776[[1]]
         [,1]     [,2]      [,3]      [,4]
[1,] 2.256375 1.467448 -2.157548 -15.46776

[[2]]
[1] 7.935138

GA | iter = 305 | Mean = 5.931521 | Best = 7.935138
2.256375 1.467448 -2.157548 -15.46776[[1]]
         [,1]     [,2]      [,3]      [,4]
[1,] 2.256375 1.467448 -2.157548 -15.46776

[[2]]
[1] 7.935138

GA | iter = 306 | Mean = 6.499047 | Best = 7.935138
2.256375 1.467448 -2.157548 -15.46776[[1]]
         [,1]     [,2]      [,3]      [,4]
[1,] 2.256375 1.467448 -2.157548 -15.46776

[[2]]
[1] 7.935138

GA | iter = 307 | Mean = 6.047939 | Best = 7.935138
2.256375 1.467448 -2.157548 -15.46776[[1]]
         [,1]     [,2]      [,3]      [,4]
[1,] 2.256375 1.467448 -2.157548 -15.46776

[[2]]
[1] 7.935138

GA | iter = 308 | Mean = 5.782854 | Best = 7.935138
2.256375 1.467448 -2.157548 -15.46776[[1]]
         [,1]     [,2]      [,3]      [,4]
[1,] 2.256375 1.467448 -2.157548 -15.46776

[[2]]
[1] 7.935138

GA | iter = 309 | Mean = 5.693191 | Best = 7.935138
2.256375 1.467448 -2.157548 -15.46776[[1]]
         [,1]     [,2]      [,3]      [,4]
[1,] 2.256375 1.467448 -2.157548 -15.46776

[[2]]
[1] 7.935138

GA | iter = 310 | Mean = 6.254575 | Best = 7.935138
2.256375 1.467448 -2.157548 -15.46776[[1]]
         [,1]     [,2]      [,3]      [,4]
[1,] 2.256375 1.467448 -2.157548 -15.46776

[[2]]
[1] 7.935138

GA | iter = 311 | Mean = 5.983382 | Best = 7.935138
2.557619 0.635894 -2.159549 -15.6343[[1]]
         [,1]     [,2]      [,3]     [,4]
[1,] 2.557619 0.635894 -2.159549 -15.6343

[[2]]
[1] 7.951198

GA | iter = 312 | Mean = 5.883041 | Best = 7.951198
2.557619 0.635894 -2.159549 -15.6343[[1]]
         [,1]     [,2]      [,3]     [,4]
[1,] 2.557619 0.635894 -2.159549 -15.6343

[[2]]
[1] 7.951198

GA | iter = 313 | Mean = 5.946246 | Best = 7.951198
2.557619 0.635894 -2.159549 -15.6343[[1]]
         [,1]     [,2]      [,3]     [,4]
[1,] 2.557619 0.635894 -2.159549 -15.6343

[[2]]
[1] 7.951198

GA | iter = 314 | Mean = 5.416229 | Best = 7.951198
2.557619 0.635894 -2.159549 -15.6343[[1]]
         [,1]     [,2]      [,3]     [,4]
[1,] 2.557619 0.635894 -2.159549 -15.6343

[[2]]
[1] 7.951198

GA | iter = 315 | Mean = 5.578931 | Best = 7.951198
2.557619 0.635894 -2.159549 -15.6343[[1]]
         [,1]     [,2]      [,3]     [,4]
[1,] 2.557619 0.635894 -2.159549 -15.6343

[[2]]
[1] 7.951198

GA | iter = 316 | Mean = 5.701108 | Best = 7.951198
2.557619 0.635894 -2.159549 -15.6343[[1]]
         [,1]     [,2]      [,3]     [,4]
[1,] 2.557619 0.635894 -2.159549 -15.6343

[[2]]
[1] 7.951198

GA | iter = 317 | Mean = 5.633608 | Best = 7.951198
2.557619 0.635894 -2.159549 -15.6343[[1]]
         [,1]     [,2]      [,3]     [,4]
[1,] 2.557619 0.635894 -2.159549 -15.6343

[[2]]
[1] 7.951198

GA | iter = 318 | Mean = 5.066537 | Best = 7.951198
2.557619 0.635894 -2.159549 -15.6343[[1]]
         [,1]     [,2]      [,3]     [,4]
[1,] 2.557619 0.635894 -2.159549 -15.6343

[[2]]
[1] 7.951198

GA | iter = 319 | Mean = 5.176577 | Best = 7.951198
2.557619 0.635894 -2.159549 -15.6343[[1]]
         [,1]     [,2]      [,3]     [,4]
[1,] 2.557619 0.635894 -2.159549 -15.6343

[[2]]
[1] 7.951198

GA | iter = 320 | Mean = 5.797548 | Best = 7.951198
2.557619 0.635894 -2.159549 -15.6343[[1]]
         [,1]     [,2]      [,3]     [,4]
[1,] 2.557619 0.635894 -2.159549 -15.6343

[[2]]
[1] 7.951198

GA | iter = 321 | Mean = 5.585187 | Best = 7.951198
2.557619 0.635894 -2.159549 -15.6343[[1]]
         [,1]     [,2]      [,3]     [,4]
[1,] 2.557619 0.635894 -2.159549 -15.6343

[[2]]
[1] 7.951198

GA | iter = 322 | Mean = 5.423373 | Best = 7.951198
2.557619 0.635894 -2.159549 -15.6343[[1]]
         [,1]     [,2]      [,3]     [,4]
[1,] 2.557619 0.635894 -2.159549 -15.6343

[[2]]
[1] 7.951198

GA | iter = 323 | Mean = 5.101591 | Best = 7.951198
2.557619 0.635894 -2.159549 -15.6343[[1]]
         [,1]     [,2]      [,3]     [,4]
[1,] 2.557619 0.635894 -2.159549 -15.6343

[[2]]
[1] 7.951198

GA | iter = 324 | Mean = 5.805978 | Best = 7.951198
2.557619 0.635894 -2.159549 -15.6343[[1]]
         [,1]     [,2]      [,3]     [,4]
[1,] 2.557619 0.635894 -2.159549 -15.6343

[[2]]
[1] 7.951198

GA | iter = 325 | Mean = 5.239326 | Best = 7.951198
2.557619 0.635894 -2.159549 -15.6343[[1]]
         [,1]     [,2]      [,3]     [,4]
[1,] 2.557619 0.635894 -2.159549 -15.6343

[[2]]
[1] 7.951198

GA | iter = 326 | Mean = 5.035743 | Best = 7.951198
2.557619 0.635894 -2.159549 -15.6343[[1]]
         [,1]     [,2]      [,3]     [,4]
[1,] 2.557619 0.635894 -2.159549 -15.6343

[[2]]
[1] 7.951198

GA | iter = 327 | Mean = 5.543098 | Best = 7.951198
2.557619 0.635894 -2.159549 -15.6343[[1]]
         [,1]     [,2]      [,3]     [,4]
[1,] 2.557619 0.635894 -2.159549 -15.6343

[[2]]
[1] 7.951198

GA | iter = 328 | Mean = 5.628120 | Best = 7.951198
2.557619 0.635894 -2.159549 -15.6343[[1]]
         [,1]     [,2]      [,3]     [,4]
[1,] 2.557619 0.635894 -2.159549 -15.6343

[[2]]
[1] 7.951198

GA | iter = 329 | Mean = 6.268665 | Best = 7.951198
2.557619 0.635894 -2.159549 -15.6343[[1]]
         [,1]     [,2]      [,3]     [,4]
[1,] 2.557619 0.635894 -2.159549 -15.6343

[[2]]
[1] 7.951198

GA | iter = 330 | Mean = 5.369173 | Best = 7.951198
2.557619 0.635894 -2.159549 -15.6343[[1]]
         [,1]     [,2]      [,3]     [,4]
[1,] 2.557619 0.635894 -2.159549 -15.6343

[[2]]
[1] 7.951198

GA | iter = 331 | Mean = 5.847328 | Best = 7.951198
2.557619 0.635894 -2.159549 -15.6343[[1]]
         [,1]     [,2]      [,3]     [,4]
[1,] 2.557619 0.635894 -2.159549 -15.6343

[[2]]
[1] 7.951198

GA | iter = 332 | Mean = 5.978116 | Best = 7.951198
2.557619 0.635894 -2.159549 -15.6343[[1]]
         [,1]     [,2]      [,3]     [,4]
[1,] 2.557619 0.635894 -2.159549 -15.6343

[[2]]
[1] 7.951198

GA | iter = 333 | Mean = 5.728811 | Best = 7.951198
2.557619 0.635894 -2.159549 -15.6343[[1]]
         [,1]     [,2]      [,3]     [,4]
[1,] 2.557619 0.635894 -2.159549 -15.6343

[[2]]
[1] 7.951198

GA | iter = 334 | Mean = 5.533525 | Best = 7.951198
2.557619 0.635894 -2.159549 -15.6343[[1]]
         [,1]     [,2]      [,3]     [,4]
[1,] 2.557619 0.635894 -2.159549 -15.6343

[[2]]
[1] 7.951198

GA | iter = 335 | Mean = 5.828140 | Best = 7.951198
2.557619 0.635894 -2.159549 -15.6343[[1]]
         [,1]     [,2]      [,3]     [,4]
[1,] 2.557619 0.635894 -2.159549 -15.6343

[[2]]
[1] 7.951198

GA | iter = 336 | Mean = 5.537347 | Best = 7.951198
2.557619 0.635894 -2.159549 -15.6343[[1]]
         [,1]     [,2]      [,3]     [,4]
[1,] 2.557619 0.635894 -2.159549 -15.6343

[[2]]
[1] 7.951198

GA | iter = 337 | Mean = 4.918301 | Best = 7.951198
2.532418 0.6415299 -2.159472 -15.63302[[1]]
         [,1]      [,2]      [,3]      [,4]
[1,] 2.532418 0.6415299 -2.159472 -15.63302

[[2]]
[1] 7.951912

GA | iter = 338 | Mean = 5.731429 | Best = 7.951912
2.532418 0.6415299 -2.159472 -15.63302[[1]]
         [,1]      [,2]      [,3]      [,4]
[1,] 2.532418 0.6415299 -2.159472 -15.63302

[[2]]
[1] 7.951912

GA | iter = 339 | Mean = 5.617228 | Best = 7.951912
2.532418 0.6415299 -2.159472 -15.63302[[1]]
         [,1]      [,2]      [,3]      [,4]
[1,] 2.532418 0.6415299 -2.159472 -15.63302

[[2]]
[1] 7.951912

GA | iter = 340 | Mean = 5.847876 | Best = 7.951912
2.532418 0.6415299 -2.159472 -15.63302[[1]]
         [,1]      [,2]      [,3]      [,4]
[1,] 2.532418 0.6415299 -2.159472 -15.63302

[[2]]
[1] 7.951912

GA | iter = 341 | Mean = 5.671086 | Best = 7.951912
2.532418 0.6415299 -2.159472 -15.63302[[1]]
         [,1]      [,2]      [,3]      [,4]
[1,] 2.532418 0.6415299 -2.159472 -15.63302

[[2]]
[1] 7.951912

GA | iter = 342 | Mean = 5.780689 | Best = 7.951912
2.532418 0.6415299 -2.159472 -15.63302[[1]]
         [,1]      [,2]      [,3]      [,4]
[1,] 2.532418 0.6415299 -2.159472 -15.63302

[[2]]
[1] 7.951912

GA | iter = 343 | Mean = 5.851297 | Best = 7.951912
2.532418 0.6415299 -2.159472 -15.63302[[1]]
         [,1]      [,2]      [,3]      [,4]
[1,] 2.532418 0.6415299 -2.159472 -15.63302

[[2]]
[1] 7.951912

GA | iter = 344 | Mean = 5.816059 | Best = 7.951912
2.532418 0.6415299 -2.159472 -15.63302[[1]]
         [,1]      [,2]      [,3]      [,4]
[1,] 2.532418 0.6415299 -2.159472 -15.63302

[[2]]
[1] 7.951912

GA | iter = 345 | Mean = 5.816181 | Best = 7.951912
2.532418 0.6415299 -2.159472 -15.63302[[1]]
         [,1]      [,2]      [,3]      [,4]
[1,] 2.532418 0.6415299 -2.159472 -15.63302

[[2]]
[1] 7.951912

GA | iter = 346 | Mean = 5.532602 | Best = 7.951912
2.532418 0.6415299 -2.159472 -15.63302[[1]]
         [,1]      [,2]      [,3]      [,4]
[1,] 2.532418 0.6415299 -2.159472 -15.63302

[[2]]
[1] 7.951912

GA | iter = 347 | Mean = 6.142533 | Best = 7.951912
2.552241 0.4651932 -2.158242 -15.6288[[1]]
         [,1]      [,2]      [,3]     [,4]
[1,] 2.552241 0.4651932 -2.158242 -15.6288

[[2]]
[1] 7.954291

GA | iter = 348 | Mean = 5.976344 | Best = 7.954291
2.552241 0.4651932 -2.158242 -15.6288[[1]]
         [,1]      [,2]      [,3]     [,4]
[1,] 2.552241 0.4651932 -2.158242 -15.6288

[[2]]
[1] 7.954291

GA | iter = 349 | Mean = 6.132751 | Best = 7.954291
2.552241 0.4651932 -2.158242 -15.6288[[1]]
         [,1]      [,2]      [,3]     [,4]
[1,] 2.552241 0.4651932 -2.158242 -15.6288

[[2]]
[1] 7.954291

GA | iter = 350 | Mean = 5.716259 | Best = 7.954291
2.552241 0.4651932 -2.158242 -15.6288[[1]]
         [,1]      [,2]      [,3]     [,4]
[1,] 2.552241 0.4651932 -2.158242 -15.6288

[[2]]
[1] 7.954291

GA | iter = 351 | Mean = 5.665945 | Best = 7.954291
2.552241 0.4651932 -2.158242 -15.6288[[1]]
         [,1]      [,2]      [,3]     [,4]
[1,] 2.552241 0.4651932 -2.158242 -15.6288

[[2]]
[1] 7.954291

GA | iter = 352 | Mean = 5.109421 | Best = 7.954291
2.342761 0.7771301 -2.156327 -14.1027[[1]]
         [,1]      [,2]      [,3]     [,4]
[1,] 2.342761 0.7771301 -2.156327 -14.1027

[[2]]
[1] 7.969155

GA | iter = 353 | Mean = 5.631112 | Best = 7.969155
2.342761 0.7771301 -2.156327 -14.1027[[1]]
         [,1]      [,2]      [,3]     [,4]
[1,] 2.342761 0.7771301 -2.156327 -14.1027

[[2]]
[1] 7.969155

GA | iter = 354 | Mean = 5.570821 | Best = 7.969155
2.342761 0.7771301 -2.156327 -14.1027[[1]]
         [,1]      [,2]      [,3]     [,4]
[1,] 2.342761 0.7771301 -2.156327 -14.1027

[[2]]
[1] 7.969155

GA | iter = 355 | Mean = 5.627111 | Best = 7.969155
2.346255 0.776224 -2.152084 -14.22735[[1]]
         [,1]     [,2]      [,3]      [,4]
[1,] 2.346255 0.776224 -2.152084 -14.22735

[[2]]
[1] 7.970292

GA | iter = 356 | Mean = 5.393797 | Best = 7.970292
2.350623 0.7470006 -2.149991 -14.61317[[1]]
         [,1]      [,2]      [,3]      [,4]
[1,] 2.350623 0.7470006 -2.149991 -14.61317

[[2]]
[1] 7.971797

GA | iter = 357 | Mean = 5.429966 | Best = 7.971797
2.338941 0.7444961 -2.145533 -14.62591[[1]]
         [,1]      [,2]      [,3]      [,4]
[1,] 2.338941 0.7444961 -2.145533 -14.62591

[[2]]
[1] 7.972124

GA | iter = 358 | Mean = 5.850248 | Best = 7.972124
2.301391 0.7279236 -2.146509 -14.534[[1]]
         [,1]      [,2]      [,3]    [,4]
[1,] 2.301391 0.7279236 -2.146509 -14.534

[[2]]
[1] 7.973853

GA | iter = 359 | Mean = 6.431673 | Best = 7.973853
2.34126 0.7114028 -2.153724 -14.34493[[1]]
        [,1]      [,2]      [,3]      [,4]
[1,] 2.34126 0.7114028 -2.153724 -14.34493

[[2]]
[1] 7.976891

GA | iter = 360 | Mean = 5.871101 | Best = 7.976891
2.34126 0.7114028 -2.153724 -14.34493[[1]]
        [,1]      [,2]      [,3]      [,4]
[1,] 2.34126 0.7114028 -2.153724 -14.34493

[[2]]
[1] 7.976891

GA | iter = 361 | Mean = 6.082403 | Best = 7.976891
2.34126 0.7114028 -2.153724 -14.34493[[1]]
        [,1]      [,2]      [,3]      [,4]
[1,] 2.34126 0.7114028 -2.153724 -14.34493

[[2]]
[1] 7.976891

GA | iter = 362 | Mean = 5.648756 | Best = 7.976891
2.366517 0.5882083 -2.150643 -14.36683[[1]]
         [,1]      [,2]      [,3]      [,4]
[1,] 2.366517 0.5882083 -2.150643 -14.36683

[[2]]
[1] 7.980746

GA | iter = 363 | Mean = 6.118811 | Best = 7.980746
2.366517 0.5882083 -2.150643 -14.36683[[1]]
         [,1]      [,2]      [,3]      [,4]
[1,] 2.366517 0.5882083 -2.150643 -14.36683

[[2]]
[1] 7.980746

GA | iter = 364 | Mean = 5.460670 | Best = 7.980746
2.366517 0.5882083 -2.150643 -14.36683[[1]]
         [,1]      [,2]      [,3]      [,4]
[1,] 2.366517 0.5882083 -2.150643 -14.36683

[[2]]
[1] 7.980746

GA | iter = 365 | Mean = 5.330774 | Best = 7.980746
2.366517 0.5882083 -2.150643 -14.36683[[1]]
         [,1]      [,2]      [,3]      [,4]
[1,] 2.366517 0.5882083 -2.150643 -14.36683

[[2]]
[1] 7.980746

GA | iter = 366 | Mean = 6.086185 | Best = 7.980746
2.366517 0.5882083 -2.150643 -14.36683[[1]]
         [,1]      [,2]      [,3]      [,4]
[1,] 2.366517 0.5882083 -2.150643 -14.36683

[[2]]
[1] 7.980746

GA | iter = 367 | Mean = 5.560580 | Best = 7.980746
2.366517 0.5882083 -2.150643 -14.36683[[1]]
         [,1]      [,2]      [,3]      [,4]
[1,] 2.366517 0.5882083 -2.150643 -14.36683

[[2]]
[1] 7.980746

GA | iter = 368 | Mean = 5.458771 | Best = 7.980746
2.366517 0.5882083 -2.150643 -14.36683[[1]]
         [,1]      [,2]      [,3]      [,4]
[1,] 2.366517 0.5882083 -2.150643 -14.36683

[[2]]
[1] 7.980746

GA | iter = 369 | Mean = 5.923290 | Best = 7.980746
2.366517 0.5882083 -2.150643 -14.36683[[1]]
         [,1]      [,2]      [,3]      [,4]
[1,] 2.366517 0.5882083 -2.150643 -14.36683

[[2]]
[1] 7.980746

GA | iter = 370 | Mean = 5.702883 | Best = 7.980746
2.366517 0.5882083 -2.150643 -14.36683[[1]]
         [,1]      [,2]      [,3]      [,4]
[1,] 2.366517 0.5882083 -2.150643 -14.36683

[[2]]
[1] 7.980746

GA | iter = 371 | Mean = 5.628377 | Best = 7.980746
2.366517 0.5882083 -2.150643 -14.36683[[1]]
         [,1]      [,2]      [,3]      [,4]
[1,] 2.366517 0.5882083 -2.150643 -14.36683

[[2]]
[1] 7.980746

GA | iter = 372 | Mean = 5.527662 | Best = 7.980746
2.366517 0.5882083 -2.150643 -14.36683[[1]]
         [,1]      [,2]      [,3]      [,4]
[1,] 2.366517 0.5882083 -2.150643 -14.36683

[[2]]
[1] 7.980746

GA | iter = 373 | Mean = 6.020213 | Best = 7.980746
2.366517 0.5882083 -2.150643 -14.36683[[1]]
         [,1]      [,2]      [,3]      [,4]
[1,] 2.366517 0.5882083 -2.150643 -14.36683

[[2]]
[1] 7.980746

GA | iter = 374 | Mean = 5.535649 | Best = 7.980746
2.366517 0.5882083 -2.150643 -14.36683[[1]]
         [,1]      [,2]      [,3]      [,4]
[1,] 2.366517 0.5882083 -2.150643 -14.36683

[[2]]
[1] 7.980746

GA | iter = 375 | Mean = 4.910287 | Best = 7.980746
2.366517 0.5882083 -2.150643 -14.36683[[1]]
         [,1]      [,2]      [,3]      [,4]
[1,] 2.366517 0.5882083 -2.150643 -14.36683

[[2]]
[1] 7.980746

GA | iter = 376 | Mean = 5.845088 | Best = 7.980746
2.366517 0.5882083 -2.150643 -14.36683[[1]]
         [,1]      [,2]      [,3]      [,4]
[1,] 2.366517 0.5882083 -2.150643 -14.36683

[[2]]
[1] 7.980746

GA | iter = 377 | Mean = 6.005406 | Best = 7.980746
2.366517 0.5882083 -2.150643 -14.36683[[1]]
         [,1]      [,2]      [,3]      [,4]
[1,] 2.366517 0.5882083 -2.150643 -14.36683

[[2]]
[1] 7.980746

GA | iter = 378 | Mean = 6.128635 | Best = 7.980746
2.366517 0.5882083 -2.150643 -14.36683[[1]]
         [,1]      [,2]      [,3]      [,4]
[1,] 2.366517 0.5882083 -2.150643 -14.36683

[[2]]
[1] 7.980746

GA | iter = 379 | Mean = 5.697189 | Best = 7.980746
2.366517 0.5882083 -2.150643 -14.36683[[1]]
         [,1]      [,2]      [,3]      [,4]
[1,] 2.366517 0.5882083 -2.150643 -14.36683

[[2]]
[1] 7.980746

GA | iter = 380 | Mean = 5.524358 | Best = 7.980746
2.327094 0.6475694 -2.150788 -14.30186[[1]]
         [,1]      [,2]      [,3]      [,4]
[1,] 2.327094 0.6475694 -2.150788 -14.30186

[[2]]
[1] 7.981191

GA | iter = 381 | Mean = 5.797554 | Best = 7.981191
2.327094 0.6475694 -2.150788 -14.30186[[1]]
         [,1]      [,2]      [,3]      [,4]
[1,] 2.327094 0.6475694 -2.150788 -14.30186

[[2]]
[1] 7.981191

GA | iter = 382 | Mean = 5.578909 | Best = 7.981191
2.327094 0.6475694 -2.150788 -14.30186[[1]]
         [,1]      [,2]      [,3]      [,4]
[1,] 2.327094 0.6475694 -2.150788 -14.30186

[[2]]
[1] 7.981191

GA | iter = 383 | Mean = 5.628630 | Best = 7.981191
2.327094 0.6475694 -2.150788 -14.30186[[1]]
         [,1]      [,2]      [,3]      [,4]
[1,] 2.327094 0.6475694 -2.150788 -14.30186

[[2]]
[1] 7.981191

GA | iter = 384 | Mean = 5.789820 | Best = 7.981191
2.327094 0.6475694 -2.150788 -14.30186[[1]]
         [,1]      [,2]      [,3]      [,4]
[1,] 2.327094 0.6475694 -2.150788 -14.30186

[[2]]
[1] 7.981191

GA | iter = 385 | Mean = 6.141857 | Best = 7.981191
2.327094 0.6475694 -2.150788 -14.30186[[1]]
         [,1]      [,2]      [,3]      [,4]
[1,] 2.327094 0.6475694 -2.150788 -14.30186

[[2]]
[1] 7.981191

GA | iter = 386 | Mean = 5.830496 | Best = 7.981191
2.327094 0.6475694 -2.150788 -14.30186[[1]]
         [,1]      [,2]      [,3]      [,4]
[1,] 2.327094 0.6475694 -2.150788 -14.30186

[[2]]
[1] 7.981191

GA | iter = 387 | Mean = 5.111918 | Best = 7.981191
2.327094 0.6475694 -2.150788 -14.30186[[1]]
         [,1]      [,2]      [,3]      [,4]
[1,] 2.327094 0.6475694 -2.150788 -14.30186

[[2]]
[1] 7.981191

GA | iter = 388 | Mean = 6.233325 | Best = 7.981191
2.327094 0.6475694 -2.150788 -14.30186[[1]]
         [,1]      [,2]      [,3]      [,4]
[1,] 2.327094 0.6475694 -2.150788 -14.30186

[[2]]
[1] 7.981191

GA | iter = 389 | Mean = 5.302070 | Best = 7.981191
2.327094 0.6475694 -2.150788 -14.30186[[1]]
         [,1]      [,2]      [,3]      [,4]
[1,] 2.327094 0.6475694 -2.150788 -14.30186

[[2]]
[1] 7.981191

GA | iter = 390 | Mean = 5.778630 | Best = 7.981191
2.472326 0.04404785 -2.150813 -14.40228[[1]]
         [,1]       [,2]      [,3]      [,4]
[1,] 2.472326 0.04404785 -2.150813 -14.40228

[[2]]
[1] 7.985592

GA | iter = 391 | Mean = 5.521329 | Best = 7.985592
2.445645 0.2861359 -2.150667 -14.37129[[1]]
         [,1]      [,2]      [,3]      [,4]
[1,] 2.445645 0.2861359 -2.150667 -14.37129

[[2]]
[1] 7.987833

GA | iter = 392 | Mean = 5.862267 | Best = 7.987833
2.445645 0.2861359 -2.150667 -14.37129[[1]]
         [,1]      [,2]      [,3]      [,4]
[1,] 2.445645 0.2861359 -2.150667 -14.37129

[[2]]
[1] 7.987833

GA | iter = 393 | Mean = 5.738566 | Best = 7.987833
2.445645 0.2861359 -2.150667 -14.37129[[1]]
         [,1]      [,2]      [,3]      [,4]
[1,] 2.445645 0.2861359 -2.150667 -14.37129

[[2]]
[1] 7.987833

GA | iter = 394 | Mean = 5.360275 | Best = 7.987833
2.480864 0.2180557 -2.150763 -14.38248[[1]]
         [,1]      [,2]      [,3]      [,4]
[1,] 2.480864 0.2180557 -2.150763 -14.38248

[[2]]
[1] 7.989173

GA | iter = 395 | Mean = 5.690593 | Best = 7.989173
2.480864 0.2180557 -2.150763 -14.38248[[1]]
         [,1]      [,2]      [,3]      [,4]
[1,] 2.480864 0.2180557 -2.150763 -14.38248

[[2]]
[1] 7.989173

GA | iter = 396 | Mean = 5.781648 | Best = 7.989173
2.480864 0.2180557 -2.150763 -14.38248[[1]]
         [,1]      [,2]      [,3]      [,4]
[1,] 2.480864 0.2180557 -2.150763 -14.38248

[[2]]
[1] 7.989173

GA | iter = 397 | Mean = 5.839918 | Best = 7.989173
2.480864 0.2180557 -2.150763 -14.38248[[1]]
         [,1]      [,2]      [,3]      [,4]
[1,] 2.480864 0.2180557 -2.150763 -14.38248

[[2]]
[1] 7.989173

GA | iter = 398 | Mean = 5.586811 | Best = 7.989173
2.480864 0.2180557 -2.150763 -14.38248[[1]]
         [,1]      [,2]      [,3]      [,4]
[1,] 2.480864 0.2180557 -2.150763 -14.38248

[[2]]
[1] 7.989173

GA | iter = 399 | Mean = 5.459897 | Best = 7.989173
2.480864 0.2180557 -2.150763 -14.38248[[1]]
         [,1]      [,2]      [,3]      [,4]
[1,] 2.480864 0.2180557 -2.150763 -14.38248

[[2]]
[1] 7.989173

GA | iter = 400 | Mean = 6.041258 | Best = 7.989173
2.480864 0.2180557 -2.150763 -14.38248[[1]]
         [,1]      [,2]      [,3]      [,4]
[1,] 2.480864 0.2180557 -2.150763 -14.38248

[[2]]
[1] 7.989173

GA | iter = 401 | Mean = 5.995828 | Best = 7.989173
2.480864 0.2180557 -2.150763 -14.38248[[1]]
         [,1]      [,2]      [,3]      [,4]
[1,] 2.480864 0.2180557 -2.150763 -14.38248

[[2]]
[1] 7.989173

GA | iter = 402 | Mean = 5.744329 | Best = 7.989173
2.480864 0.2180557 -2.150763 -14.38248[[1]]
         [,1]      [,2]      [,3]      [,4]
[1,] 2.480864 0.2180557 -2.150763 -14.38248

[[2]]
[1] 7.989173

GA | iter = 403 | Mean = 5.487550 | Best = 7.989173
2.480864 0.2180557 -2.150763 -14.38248[[1]]
         [,1]      [,2]      [,3]      [,4]
[1,] 2.480864 0.2180557 -2.150763 -14.38248

[[2]]
[1] 7.989173

GA | iter = 404 | Mean = 5.706729 | Best = 7.989173
2.480864 0.2180557 -2.150763 -14.38248[[1]]
         [,1]      [,2]      [,3]      [,4]
[1,] 2.480864 0.2180557 -2.150763 -14.38248

[[2]]
[1] 7.989173

GA | iter = 405 | Mean = 5.607746 | Best = 7.989173
2.480864 0.2180557 -2.150763 -14.38248[[1]]
         [,1]      [,2]      [,3]      [,4]
[1,] 2.480864 0.2180557 -2.150763 -14.38248

[[2]]
[1] 7.989173

GA | iter = 406 | Mean = 5.868937 | Best = 7.989173
2.480864 0.2180557 -2.150763 -14.38248[[1]]
         [,1]      [,2]      [,3]      [,4]
[1,] 2.480864 0.2180557 -2.150763 -14.38248

[[2]]
[1] 7.989173

GA | iter = 407 | Mean = 6.007366 | Best = 7.989173
2.480864 0.2180557 -2.150763 -14.38248[[1]]
         [,1]      [,2]      [,3]      [,4]
[1,] 2.480864 0.2180557 -2.150763 -14.38248

[[2]]
[1] 7.989173

GA | iter = 408 | Mean = 5.455196 | Best = 7.989173
2.480864 0.2180557 -2.150763 -14.38248[[1]]
         [,1]      [,2]      [,3]      [,4]
[1,] 2.480864 0.2180557 -2.150763 -14.38248

[[2]]
[1] 7.989173

GA | iter = 409 | Mean = 5.861913 | Best = 7.989173
2.480864 0.2180557 -2.150763 -14.38248[[1]]
         [,1]      [,2]      [,3]      [,4]
[1,] 2.480864 0.2180557 -2.150763 -14.38248

[[2]]
[1] 7.989173

GA | iter = 410 | Mean = 5.361094 | Best = 7.989173
2.480864 0.2180557 -2.150763 -14.38248[[1]]
         [,1]      [,2]      [,3]      [,4]
[1,] 2.480864 0.2180557 -2.150763 -14.38248

[[2]]
[1] 7.989173

GA | iter = 411 | Mean = 5.871601 | Best = 7.989173
2.480864 0.2180557 -2.150763 -14.38248[[1]]
         [,1]      [,2]      [,3]      [,4]
[1,] 2.480864 0.2180557 -2.150763 -14.38248

[[2]]
[1] 7.989173

GA | iter = 412 | Mean = 5.915560 | Best = 7.989173
2.480864 0.2180557 -2.150763 -14.38248[[1]]
         [,1]      [,2]      [,3]      [,4]
[1,] 2.480864 0.2180557 -2.150763 -14.38248

[[2]]
[1] 7.989173

GA | iter = 413 | Mean = 5.654005 | Best = 7.989173
2.480864 0.2180557 -2.150763 -14.38248[[1]]
         [,1]      [,2]      [,3]      [,4]
[1,] 2.480864 0.2180557 -2.150763 -14.38248

[[2]]
[1] 7.989173

GA | iter = 414 | Mean = 5.703925 | Best = 7.989173
2.480864 0.2180557 -2.150763 -14.38248[[1]]
         [,1]      [,2]      [,3]      [,4]
[1,] 2.480864 0.2180557 -2.150763 -14.38248

[[2]]
[1] 7.989173

GA | iter = 415 | Mean = 5.422178 | Best = 7.989173
2.480864 0.2180557 -2.150763 -14.38248[[1]]
         [,1]      [,2]      [,3]      [,4]
[1,] 2.480864 0.2180557 -2.150763 -14.38248

[[2]]
[1] 7.989173

GA | iter = 416 | Mean = 6.315431 | Best = 7.989173
2.480864 0.2180557 -2.150763 -14.38248[[1]]
         [,1]      [,2]      [,3]      [,4]
[1,] 2.480864 0.2180557 -2.150763 -14.38248

[[2]]
[1] 7.989173

GA | iter = 417 | Mean = 6.454297 | Best = 7.989173
2.480864 0.2180557 -2.150763 -14.38248[[1]]
         [,1]      [,2]      [,3]      [,4]
[1,] 2.480864 0.2180557 -2.150763 -14.38248

[[2]]
[1] 7.989173

GA | iter = 418 | Mean = 5.465878 | Best = 7.989173
2.480864 0.2180557 -2.150763 -14.38248[[1]]
         [,1]      [,2]      [,3]      [,4]
[1,] 2.480864 0.2180557 -2.150763 -14.38248

[[2]]
[1] 7.989173

GA | iter = 419 | Mean = 6.259438 | Best = 7.989173
2.480864 0.2180557 -2.150763 -14.38248[[1]]
         [,1]      [,2]      [,3]      [,4]
[1,] 2.480864 0.2180557 -2.150763 -14.38248

[[2]]
[1] 7.989173

GA | iter = 420 | Mean = 5.876173 | Best = 7.989173
2.480864 0.2180557 -2.150763 -14.38248[[1]]
         [,1]      [,2]      [,3]      [,4]
[1,] 2.480864 0.2180557 -2.150763 -14.38248

[[2]]
[1] 7.989173

GA | iter = 421 | Mean = 6.204355 | Best = 7.989173
2.480864 0.2180557 -2.150763 -14.38248[[1]]
         [,1]      [,2]      [,3]      [,4]
[1,] 2.480864 0.2180557 -2.150763 -14.38248

[[2]]
[1] 7.989173

GA | iter = 422 | Mean = 5.328965 | Best = 7.989173
2.480864 0.2180557 -2.150763 -14.38248[[1]]
         [,1]      [,2]      [,3]      [,4]
[1,] 2.480864 0.2180557 -2.150763 -14.38248

[[2]]
[1] 7.989173

GA | iter = 423 | Mean = 5.994004 | Best = 7.989173
2.480864 0.2180557 -2.150763 -14.38248[[1]]
         [,1]      [,2]      [,3]      [,4]
[1,] 2.480864 0.2180557 -2.150763 -14.38248

[[2]]
[1] 7.989173

GA | iter = 424 | Mean = 5.909189 | Best = 7.989173
2.480864 0.2180557 -2.150763 -14.38248[[1]]
         [,1]      [,2]      [,3]      [,4]
[1,] 2.480864 0.2180557 -2.150763 -14.38248

[[2]]
[1] 7.989173

GA | iter = 425 | Mean = 5.501493 | Best = 7.989173
2.480864 0.2180557 -2.150763 -14.38248[[1]]
         [,1]      [,2]      [,3]      [,4]
[1,] 2.480864 0.2180557 -2.150763 -14.38248

[[2]]
[1] 7.989173

GA | iter = 426 | Mean = 5.840944 | Best = 7.989173
2.480864 0.2180557 -2.150763 -14.38248[[1]]
         [,1]      [,2]      [,3]      [,4]
[1,] 2.480864 0.2180557 -2.150763 -14.38248

[[2]]
[1] 7.989173

GA | iter = 427 | Mean = 5.036558 | Best = 7.989173
2.480864 0.2180557 -2.150763 -14.38248[[1]]
         [,1]      [,2]      [,3]      [,4]
[1,] 2.480864 0.2180557 -2.150763 -14.38248

[[2]]
[1] 7.989173

GA | iter = 428 | Mean = 5.869021 | Best = 7.989173
2.480864 0.2180557 -2.150763 -14.38248[[1]]
         [,1]      [,2]      [,3]      [,4]
[1,] 2.480864 0.2180557 -2.150763 -14.38248

[[2]]
[1] 7.989173

GA | iter = 429 | Mean = 5.643159 | Best = 7.989173
2.480864 0.2180557 -2.150763 -14.38248[[1]]
         [,1]      [,2]      [,3]      [,4]
[1,] 2.480864 0.2180557 -2.150763 -14.38248

[[2]]
[1] 7.989173

GA | iter = 430 | Mean = 6.127389 | Best = 7.989173
2.480864 0.2180557 -2.150763 -14.38248[[1]]
         [,1]      [,2]      [,3]      [,4]
[1,] 2.480864 0.2180557 -2.150763 -14.38248

[[2]]
[1] 7.989173

GA | iter = 431 | Mean = 6.025537 | Best = 7.989173
2.480864 0.2180557 -2.150763 -14.38248[[1]]
         [,1]      [,2]      [,3]      [,4]
[1,] 2.480864 0.2180557 -2.150763 -14.38248

[[2]]
[1] 7.989173

GA | iter = 432 | Mean = 5.942996 | Best = 7.989173
2.480864 0.2180557 -2.150763 -14.38248[[1]]
         [,1]      [,2]      [,3]      [,4]
[1,] 2.480864 0.2180557 -2.150763 -14.38248

[[2]]
[1] 7.989173

GA | iter = 433 | Mean = 5.421910 | Best = 7.989173
2.480864 0.2180557 -2.150763 -14.38248[[1]]
         [,1]      [,2]      [,3]      [,4]
[1,] 2.480864 0.2180557 -2.150763 -14.38248

[[2]]
[1] 7.989173

GA | iter = 434 | Mean = 6.158373 | Best = 7.989173
2.480864 0.2180557 -2.150763 -14.38248[[1]]
         [,1]      [,2]      [,3]      [,4]
[1,] 2.480864 0.2180557 -2.150763 -14.38248

[[2]]
[1] 7.989173

GA | iter = 435 | Mean = 6.159141 | Best = 7.989173
2.480864 0.2180557 -2.150763 -14.38248[[1]]
         [,1]      [,2]      [,3]      [,4]
[1,] 2.480864 0.2180557 -2.150763 -14.38248

[[2]]
[1] 7.989173

GA | iter = 436 | Mean = 5.791449 | Best = 7.989173
2.480864 0.2180557 -2.150763 -14.38248[[1]]
         [,1]      [,2]      [,3]      [,4]
[1,] 2.480864 0.2180557 -2.150763 -14.38248

[[2]]
[1] 7.989173

GA | iter = 437 | Mean = 5.469471 | Best = 7.989173
2.480864 0.2180557 -2.150763 -14.38248[[1]]
         [,1]      [,2]      [,3]      [,4]
[1,] 2.480864 0.2180557 -2.150763 -14.38248

[[2]]
[1] 7.989173

GA | iter = 438 | Mean = 5.771431 | Best = 7.989173
2.480864 0.2180557 -2.150763 -14.38248[[1]]
         [,1]      [,2]      [,3]      [,4]
[1,] 2.480864 0.2180557 -2.150763 -14.38248

[[2]]
[1] 7.989173

GA | iter = 439 | Mean = 5.409553 | Best = 7.989173
2.480864 0.2180557 -2.150763 -14.38248[[1]]
         [,1]      [,2]      [,3]      [,4]
[1,] 2.480864 0.2180557 -2.150763 -14.38248

[[2]]
[1] 7.989173

GA | iter = 440 | Mean = 6.054416 | Best = 7.989173
2.480864 0.2180557 -2.150763 -14.38248[[1]]
         [,1]      [,2]      [,3]      [,4]
[1,] 2.480864 0.2180557 -2.150763 -14.38248

[[2]]
[1] 7.989173

GA | iter = 441 | Mean = 6.029053 | Best = 7.989173
2.480864 0.2180557 -2.150763 -14.38248[[1]]
         [,1]      [,2]      [,3]      [,4]
[1,] 2.480864 0.2180557 -2.150763 -14.38248

[[2]]
[1] 7.989173

GA | iter = 442 | Mean = 5.922718 | Best = 7.989173
2.480864 0.2180557 -2.150763 -14.38248[[1]]
         [,1]      [,2]      [,3]      [,4]
[1,] 2.480864 0.2180557 -2.150763 -14.38248

[[2]]
[1] 7.989173

GA | iter = 443 | Mean = 5.842858 | Best = 7.989173
2.469807 0.2358535 -2.151616 -13.94571[[1]]
         [,1]      [,2]      [,3]      [,4]
[1,] 2.469807 0.2358535 -2.151616 -13.94571

[[2]]
[1] 7.991983

GA | iter = 444 | Mean = 6.216944 | Best = 7.991983
2.469672 0.2287401 -2.152283 -14.14209[[1]]
         [,1]      [,2]      [,3]      [,4]
[1,] 2.469672 0.2287401 -2.152283 -14.14209

[[2]]
[1] 7.992664

GA | iter = 445 | Mean = 5.292486 | Best = 7.992664
slurmstepd: error: *** JOB 27825689 ON cdr2449 CANCELLED AT 2022-02-26T16:15:47 DUE TO TIME LIMIT ***
