
Lmod is automatically replacing "intel/2020.1.217" with "gcc/9.3.0".


Due to MODULEPATH changes, the following have been reloaded:
  1) openmpi/4.0.3


R version 4.0.2 (2020-06-22) -- "Taking Off Again"
Copyright (C) 2020 The R Foundation for Statistical Computing
Platform: x86_64-pc-linux-gnu (64-bit)

R is free software and comes with ABSOLUTELY NO WARRANTY.
You are welcome to redistribute it under certain conditions.
Type 'license()' or 'licence()' for distribution details.

  Natural language support but running in an English locale

R is a collaborative project with many contributors.
Type 'contributors()' for more information and
'citation()' on how to cite R or R packages in publications.

Type 'demo()' for some demos, 'help()' for on-line help, or
'help.start()' for an HTML browser interface to help.
Type 'q()' to quit R.

> # R script to submit parallelized genetic algorithm optimzied runs.
> 
> # load libraries
> library(doParallel)
Loading required package: foreach
Loading required package: iterators
Loading required package: parallel
> library(GA)
Package 'GA' version 3.2.2
Type 'citation("GA")' for citing this R package in publications.

Attaching package: ‘GA’

The following object is masked from ‘package:utils’:

    de

> library(here)
here() starts at /scratch/wanglu57/job_scripts
> library(doRNG)
Loading required package: rngtools
> 
> source(here::here("ga_verbose.R"), local = T)
> source(here::here("chabaudi_si_clean.R"), local = T)
> # load function
> #-----------------------------#
> # load in parameters
> #-----------------------------#
> parameters_tsukushi <- c(R1 = 8.89*10^6, # slightly higher
+                          lambda = 3.7*10^5,
+                          mu = 0.025, 
+                          p = 8*10^-6, # doubled form original
+                          alpha = 1, 
+                          alphag = 2, 
+                          beta = 5.721, 
+                          mum = 48, 
+                          mug = 4, 
+                          I0 = 43.85965, 
+                          Ig0 = 0, 
+                          a = 150, 
+                          b = 100, 
+                          sp = 1,
+                          psin = 16.69234,
+                          psiw = 0.8431785,
+                          phin = 0.03520591, 
+                          phiw = 550.842,
+                          iota = 2.18*(10^6),
+                          rho = 0.2627156)
> 
> time_range <- seq(0, 20, by = 1e-3)
> 
> R_range <- seq(log10(10^6), log10(10^7), (log10(10^7)-log10(10^6))/5000)
> 
> #-----------------------------#
> # Begin parallelized code
> #----------------------------#
> 
> 
> # Create an array from the NODESLIST environnement variable
> nodeslist = unlist(strsplit(Sys.getenv("NODESLIST"), split=" "))
> 
> # Create the cluster with the nodes name. One process per count of node name.
> # nodeslist = node1 node1 node2 node2, means we are starting 2 processes on node1, likewise on node2.
> cl = makeCluster(nodeslist, type = "PSOCK") 
> registerDoParallel(cl)
> clusterExport(cl,c("ga_verbose", "time_range", "parameters_tsukushi", "R_range", "chabaudi_si_clean")) 
> clusterCall(cl, library, package = "mclust", character.only = TRUE)
[[1]]
[1] "mclust"    "stats"     "graphics"  "grDevices" "utils"     "datasets" 
[7] "methods"   "base"     

[[2]]
[1] "mclust"    "stats"     "graphics"  "grDevices" "utils"     "datasets" 
[7] "methods"   "base"     

[[3]]
[1] "mclust"    "stats"     "graphics"  "grDevices" "utils"     "datasets" 
[7] "methods"   "base"     

[[4]]
[1] "mclust"    "stats"     "graphics"  "grDevices" "utils"     "datasets" 
[7] "methods"   "base"     

[[5]]
[1] "mclust"    "stats"     "graphics"  "grDevices" "utils"     "datasets" 
[7] "methods"   "base"     

[[6]]
[1] "mclust"    "stats"     "graphics"  "grDevices" "utils"     "datasets" 
[7] "methods"   "base"     

[[7]]
[1] "mclust"    "stats"     "graphics"  "grDevices" "utils"     "datasets" 
[7] "methods"   "base"     

[[8]]
[1] "mclust"    "stats"     "graphics"  "grDevices" "utils"     "datasets" 
[7] "methods"   "base"     

[[9]]
[1] "mclust"    "stats"     "graphics"  "grDevices" "utils"     "datasets" 
[7] "methods"   "base"     

[[10]]
[1] "mclust"    "stats"     "graphics"  "grDevices" "utils"     "datasets" 
[7] "methods"   "base"     

[[11]]
[1] "mclust"    "stats"     "graphics"  "grDevices" "utils"     "datasets" 
[7] "methods"   "base"     

[[12]]
[1] "mclust"    "stats"     "graphics"  "grDevices" "utils"     "datasets" 
[7] "methods"   "base"     

[[13]]
[1] "mclust"    "stats"     "graphics"  "grDevices" "utils"     "datasets" 
[7] "methods"   "base"     

[[14]]
[1] "mclust"    "stats"     "graphics"  "grDevices" "utils"     "datasets" 
[7] "methods"   "base"     

[[15]]
[1] "mclust"    "stats"     "graphics"  "grDevices" "utils"     "datasets" 
[7] "methods"   "base"     

[[16]]
[1] "mclust"    "stats"     "graphics"  "grDevices" "utils"     "datasets" 
[7] "methods"   "base"     

[[17]]
[1] "mclust"    "stats"     "graphics"  "grDevices" "utils"     "datasets" 
[7] "methods"   "base"     

[[18]]
[1] "mclust"    "stats"     "graphics"  "grDevices" "utils"     "datasets" 
[7] "methods"   "base"     

[[19]]
[1] "mclust"    "stats"     "graphics"  "grDevices" "utils"     "datasets" 
[7] "methods"   "base"     

[[20]]
[1] "mclust"    "stats"     "graphics"  "grDevices" "utils"     "datasets" 
[7] "methods"   "base"     

[[21]]
[1] "mclust"    "stats"     "graphics"  "grDevices" "utils"     "datasets" 
[7] "methods"   "base"     

[[22]]
[1] "mclust"    "stats"     "graphics"  "grDevices" "utils"     "datasets" 
[7] "methods"   "base"     

[[23]]
[1] "mclust"    "stats"     "graphics"  "grDevices" "utils"     "datasets" 
[7] "methods"   "base"     

[[24]]
[1] "mclust"    "stats"     "graphics"  "grDevices" "utils"     "datasets" 
[7] "methods"   "base"     

[[25]]
[1] "mclust"    "stats"     "graphics"  "grDevices" "utils"     "datasets" 
[7] "methods"   "base"     

[[26]]
[1] "mclust"    "stats"     "graphics"  "grDevices" "utils"     "datasets" 
[7] "methods"   "base"     

[[27]]
[1] "mclust"    "stats"     "graphics"  "grDevices" "utils"     "datasets" 
[7] "methods"   "base"     

[[28]]
[1] "mclust"    "stats"     "graphics"  "grDevices" "utils"     "datasets" 
[7] "methods"   "base"     

[[29]]
[1] "mclust"    "stats"     "graphics"  "grDevices" "utils"     "datasets" 
[7] "methods"   "base"     

[[30]]
[1] "mclust"    "stats"     "graphics"  "grDevices" "utils"     "datasets" 
[7] "methods"   "base"     

[[31]]
[1] "mclust"    "stats"     "graphics"  "grDevices" "utils"     "datasets" 
[7] "methods"   "base"     

[[32]]
[1] "mclust"    "stats"     "graphics"  "grDevices" "utils"     "datasets" 
[7] "methods"   "base"     

[[33]]
[1] "mclust"    "stats"     "graphics"  "grDevices" "utils"     "datasets" 
[7] "methods"   "base"     

[[34]]
[1] "mclust"    "stats"     "graphics"  "grDevices" "utils"     "datasets" 
[7] "methods"   "base"     

[[35]]
[1] "mclust"    "stats"     "graphics"  "grDevices" "utils"     "datasets" 
[7] "methods"   "base"     

[[36]]
[1] "mclust"    "stats"     "graphics"  "grDevices" "utils"     "datasets" 
[7] "methods"   "base"     

[[37]]
[1] "mclust"    "stats"     "graphics"  "grDevices" "utils"     "datasets" 
[7] "methods"   "base"     

[[38]]
[1] "mclust"    "stats"     "graphics"  "grDevices" "utils"     "datasets" 
[7] "methods"   "base"     

[[39]]
[1] "mclust"    "stats"     "graphics"  "grDevices" "utils"     "datasets" 
[7] "methods"   "base"     

[[40]]
[1] "mclust"    "stats"     "graphics"  "grDevices" "utils"     "datasets" 
[7] "methods"   "base"     

[[41]]
[1] "mclust"    "stats"     "graphics"  "grDevices" "utils"     "datasets" 
[7] "methods"   "base"     

[[42]]
[1] "mclust"    "stats"     "graphics"  "grDevices" "utils"     "datasets" 
[7] "methods"   "base"     

[[43]]
[1] "mclust"    "stats"     "graphics"  "grDevices" "utils"     "datasets" 
[7] "methods"   "base"     

[[44]]
[1] "mclust"    "stats"     "graphics"  "grDevices" "utils"     "datasets" 
[7] "methods"   "base"     

[[45]]
[1] "mclust"    "stats"     "graphics"  "grDevices" "utils"     "datasets" 
[7] "methods"   "base"     

[[46]]
[1] "mclust"    "stats"     "graphics"  "grDevices" "utils"     "datasets" 
[7] "methods"   "base"     

[[47]]
[1] "mclust"    "stats"     "graphics"  "grDevices" "utils"     "datasets" 
[7] "methods"   "base"     

[[48]]
[1] "mclust"    "stats"     "graphics"  "grDevices" "utils"     "datasets" 
[7] "methods"   "base"     

> ga_res <- ga_verbose(type = "real-valued", 
+                      function(x)
+                        chabaudi_si_clean(
+                          parameters_cr = c(x[1], x[2], x[3], x[4]), 
+                          parameters = parameters_tsukushi, 
+                          time_range = time_range, 
+                          cue = "R", 
+                          cue_range = R_range, 
+                          log_cue = "log10",
+                          immunity = "tsukushi",
+                          solver = "vode"),
+                      lower = c(-1, -100, -1000, -5000), # range determined that would alter shape of spline
+                      upper = c(1, 100, 1000, 5000),  
+                      popSize = 250, 
+                      maxiter = 1000, # change to 10 for testing purpose 
+                      pmutation = 0.3,
+                      keepBest = TRUE,
+                      run = 50,
+                      parallel = cl,
+                      seed = 137,
+                      monitor = TRUE,
+                      id = "2022-03-24_si-R-log-emp")
0.6485773 -95.01005 -79.18945 21.54911[[1]]
          [,1]      [,2]      [,3]     [,4]
[1,] 0.6485773 -95.01005 -79.18945 21.54911

[[2]]
[1] 1.83803

GA | iter = 1 | Mean = 0.07448286 | Best = 1.83803037
0.6485773 -95.01005 -79.18945 21.54911[[1]]
          [,1]      [,2]      [,3]     [,4]
[1,] 0.6485773 -95.01005 -79.18945 21.54911

[[2]]
[1] 1.83803

GA | iter = 2 | Mean = 0.1869032 | Best = 1.8380304
0.6485773 -95.01005 -79.18945 21.54911[[1]]
          [,1]      [,2]      [,3]     [,4]
[1,] 0.6485773 -95.01005 -79.18945 21.54911

[[2]]
[1] 1.83803

GA | iter = 3 | Mean = 0.2854373 | Best = 1.8380304
0.6485773 -95.01005 -79.18945 21.54911[[1]]
          [,1]      [,2]      [,3]     [,4]
[1,] 0.6485773 -95.01005 -79.18945 21.54911

[[2]]
[1] 1.83803

GA | iter = 4 | Mean = 0.4303325 | Best = 1.8380304
-0.7107381 -95.01005 -79.18945 21.54911[[1]]
           [,1]      [,2]      [,3]     [,4]
[1,] -0.7107381 -95.01005 -79.18945 21.54911

[[2]]
[1] 1.903607

GA | iter = 5 | Mean = 0.5579576 | Best = 1.9036066
-0.6757339 -44.30257 -168.8485 33.75745[[1]]
           [,1]      [,2]      [,3]     [,4]
[1,] -0.6757339 -44.30257 -168.8485 33.75745

[[2]]
[1] 1.996908

GA | iter = 6 | Mean = 0.7261696 | Best = 1.9969084
-0.6757339 -44.30257 -168.8485 33.75745[[1]]
           [,1]      [,2]      [,3]     [,4]
[1,] -0.6757339 -44.30257 -168.8485 33.75745

[[2]]
[1] 1.996908

GA | iter = 7 | Mean = 0.9926927 | Best = 1.9969084
-0.6757339 -44.30257 -168.8485 33.75745[[1]]
           [,1]      [,2]      [,3]     [,4]
[1,] -0.6757339 -44.30257 -168.8485 33.75745

[[2]]
[1] 1.996908

GA | iter = 8 | Mean = 1.342640 | Best = 1.996908
-0.6757339 -44.30257 -168.8485 33.75745[[1]]
           [,1]      [,2]      [,3]     [,4]
[1,] -0.6757339 -44.30257 -168.8485 33.75745

[[2]]
[1] 1.996908

GA | iter = 9 | Mean = 1.347695 | Best = 1.996908
-0.6757339 -44.30257 -168.8485 33.75745[[1]]
           [,1]      [,2]      [,3]     [,4]
[1,] -0.6757339 -44.30257 -168.8485 33.75745

[[2]]
[1] 1.996908

GA | iter = 10 | Mean = 1.345005 | Best = 1.996908
-0.6757339 -44.30257 -168.8485 33.75745[[1]]
           [,1]      [,2]      [,3]     [,4]
[1,] -0.6757339 -44.30257 -168.8485 33.75745

[[2]]
[1] 1.996908

GA | iter = 11 | Mean = 1.320119 | Best = 1.996908
-0.6757339 -44.30257 -168.8485 33.75745[[1]]
           [,1]      [,2]      [,3]     [,4]
[1,] -0.6757339 -44.30257 -168.8485 33.75745

[[2]]
[1] 1.996908

GA | iter = 12 | Mean = 1.398818 | Best = 1.996908
-0.6757339 -44.30257 -168.8485 33.75745[[1]]
           [,1]      [,2]      [,3]     [,4]
[1,] -0.6757339 -44.30257 -168.8485 33.75745

[[2]]
[1] 1.996908

GA | iter = 13 | Mean = 1.351233 | Best = 1.996908
0.336625 -56.10785 -391.5724 64.89268[[1]]
         [,1]      [,2]      [,3]     [,4]
[1,] 0.336625 -56.10785 -391.5724 64.89268

[[2]]
[1] 2.006495

GA | iter = 14 | Mean = 1.430856 | Best = 2.006495
0.336625 -56.10785 -391.5724 64.89268[[1]]
         [,1]      [,2]      [,3]     [,4]
[1,] 0.336625 -56.10785 -391.5724 64.89268

[[2]]
[1] 2.006495

GA | iter = 15 | Mean = 1.472404 | Best = 2.006495
0.336625 -56.10785 -391.5724 64.89268[[1]]
         [,1]      [,2]      [,3]     [,4]
[1,] 0.336625 -56.10785 -391.5724 64.89268

[[2]]
[1] 2.006495

GA | iter = 16 | Mean = 1.462576 | Best = 2.006495
0.336625 -56.10785 -391.5724 64.89268[[1]]
         [,1]      [,2]      [,3]     [,4]
[1,] 0.336625 -56.10785 -391.5724 64.89268

[[2]]
[1] 2.006495

GA | iter = 17 | Mean = 1.467108 | Best = 2.006495
-0.3636647 2.832863 -213.3296 35.5232[[1]]
           [,1]     [,2]      [,3]    [,4]
[1,] -0.3636647 2.832863 -213.3296 35.5232

[[2]]
[1] 2.252148

GA | iter = 18 | Mean = 1.445216 | Best = 2.252148
-0.3636647 2.832863 -213.3296 35.5232[[1]]
           [,1]     [,2]      [,3]    [,4]
[1,] -0.3636647 2.832863 -213.3296 35.5232

[[2]]
[1] 2.252148

GA | iter = 19 | Mean = 1.469337 | Best = 2.252148
-0.3636647 2.832863 -213.3296 35.5232[[1]]
           [,1]     [,2]      [,3]    [,4]
[1,] -0.3636647 2.832863 -213.3296 35.5232

[[2]]
[1] 2.252148

GA | iter = 20 | Mean = 1.461981 | Best = 2.252148
0.7621757 -16.34495 -212.0981 35.25759[[1]]
          [,1]      [,2]      [,3]     [,4]
[1,] 0.7621757 -16.34495 -212.0981 35.25759

[[2]]
[1] 2.327985

GA | iter = 21 | Mean = 1.528203 | Best = 2.327985
0.7621757 -16.34495 -212.0981 35.25759[[1]]
          [,1]      [,2]      [,3]     [,4]
[1,] 0.7621757 -16.34495 -212.0981 35.25759

[[2]]
[1] 2.327985

GA | iter = 22 | Mean = 1.454394 | Best = 2.327985
0.7621757 -16.34495 -212.0981 35.25759[[1]]
          [,1]      [,2]      [,3]     [,4]
[1,] 0.7621757 -16.34495 -212.0981 35.25759

[[2]]
[1] 2.327985

GA | iter = 23 | Mean = 1.453605 | Best = 2.327985
0.7621757 -16.34495 -212.0981 35.25759[[1]]
          [,1]      [,2]      [,3]     [,4]
[1,] 0.7621757 -16.34495 -212.0981 35.25759

[[2]]
[1] 2.327985

GA | iter = 24 | Mean = 1.474694 | Best = 2.327985
0.7621757 -16.34495 -212.0981 35.25759[[1]]
          [,1]      [,2]      [,3]     [,4]
[1,] 0.7621757 -16.34495 -212.0981 35.25759

[[2]]
[1] 2.327985

GA | iter = 25 | Mean = 1.450761 | Best = 2.327985
0.7621757 -16.34495 -212.0981 35.25759[[1]]
          [,1]      [,2]      [,3]     [,4]
[1,] 0.7621757 -16.34495 -212.0981 35.25759

[[2]]
[1] 2.327985

GA | iter = 26 | Mean = 1.543897 | Best = 2.327985
0.7621757 -16.34495 -212.0981 35.25759[[1]]
          [,1]      [,2]      [,3]     [,4]
[1,] 0.7621757 -16.34495 -212.0981 35.25759

[[2]]
[1] 2.327985

GA | iter = 27 | Mean = 1.517847 | Best = 2.327985
0.7621757 -16.34495 -212.0981 35.25759[[1]]
          [,1]      [,2]      [,3]     [,4]
[1,] 0.7621757 -16.34495 -212.0981 35.25759

[[2]]
[1] 2.327985

GA | iter = 28 | Mean = 1.495554 | Best = 2.327985
0.7621757 -16.34495 -212.0981 35.25759[[1]]
          [,1]      [,2]      [,3]     [,4]
[1,] 0.7621757 -16.34495 -212.0981 35.25759

[[2]]
[1] 2.327985

GA | iter = 29 | Mean = 1.511090 | Best = 2.327985
0.7621757 -16.34495 -212.0981 35.25759[[1]]
          [,1]      [,2]      [,3]     [,4]
[1,] 0.7621757 -16.34495 -212.0981 35.25759

[[2]]
[1] 2.327985

GA | iter = 30 | Mean = 1.545724 | Best = 2.327985
0.7621757 -16.34495 -212.0981 35.25759[[1]]
          [,1]      [,2]      [,3]     [,4]
[1,] 0.7621757 -16.34495 -212.0981 35.25759

[[2]]
[1] 2.327985

GA | iter = 31 | Mean = 1.468184 | Best = 2.327985
0.7621757 -16.34495 -212.0981 35.25759[[1]]
          [,1]      [,2]      [,3]     [,4]
[1,] 0.7621757 -16.34495 -212.0981 35.25759

[[2]]
[1] 2.327985

GA | iter = 32 | Mean = 1.512288 | Best = 2.327985
0.7621757 -16.34495 -212.0981 35.25759[[1]]
          [,1]      [,2]      [,3]     [,4]
[1,] 0.7621757 -16.34495 -212.0981 35.25759

[[2]]
[1] 2.327985

GA | iter = 33 | Mean = 1.529558 | Best = 2.327985
0.7621757 -16.34495 -212.0981 35.25759[[1]]
          [,1]      [,2]      [,3]     [,4]
[1,] 0.7621757 -16.34495 -212.0981 35.25759

[[2]]
[1] 2.327985

GA | iter = 34 | Mean = 1.535344 | Best = 2.327985
0.7621757 -16.34495 -212.0981 35.25759[[1]]
          [,1]      [,2]      [,3]     [,4]
[1,] 0.7621757 -16.34495 -212.0981 35.25759

[[2]]
[1] 2.327985

GA | iter = 35 | Mean = 1.563375 | Best = 2.327985
0.7621757 -16.34495 -212.0981 35.25759[[1]]
          [,1]      [,2]      [,3]     [,4]
[1,] 0.7621757 -16.34495 -212.0981 35.25759

[[2]]
[1] 2.327985

GA | iter = 36 | Mean = 1.532474 | Best = 2.327985
0.7621757 -16.34495 -212.0981 35.25759[[1]]
          [,1]      [,2]      [,3]     [,4]
[1,] 0.7621757 -16.34495 -212.0981 35.25759

[[2]]
[1] 2.327985

GA | iter = 37 | Mean = 1.434835 | Best = 2.327985
0.7621757 -16.34495 -212.0981 35.25759[[1]]
          [,1]      [,2]      [,3]     [,4]
[1,] 0.7621757 -16.34495 -212.0981 35.25759

[[2]]
[1] 2.327985

GA | iter = 38 | Mean = 1.527999 | Best = 2.327985
0.2692502 2.832863 -213.3296 35.5232[[1]]
          [,1]     [,2]      [,3]    [,4]
[1,] 0.2692502 2.832863 -213.3296 35.5232

[[2]]
[1] 2.373525

GA | iter = 39 | Mean = 1.579197 | Best = 2.373525
0.2692502 2.832863 -213.3296 35.5232[[1]]
          [,1]     [,2]      [,3]    [,4]
[1,] 0.2692502 2.832863 -213.3296 35.5232

[[2]]
[1] 2.373525

GA | iter = 40 | Mean = 1.638212 | Best = 2.373525
0.2692502 2.832863 -213.3296 35.5232[[1]]
          [,1]     [,2]      [,3]    [,4]
[1,] 0.2692502 2.832863 -213.3296 35.5232

[[2]]
[1] 2.373525

GA | iter = 41 | Mean = 1.582269 | Best = 2.373525
0.2692502 2.832863 -213.3296 35.5232[[1]]
          [,1]     [,2]      [,3]    [,4]
[1,] 0.2692502 2.832863 -213.3296 35.5232

[[2]]
[1] 2.373525

GA | iter = 42 | Mean = 1.575515 | Best = 2.373525
0.2692502 2.832863 -213.3296 35.5232[[1]]
          [,1]     [,2]      [,3]    [,4]
[1,] 0.2692502 2.832863 -213.3296 35.5232

[[2]]
[1] 2.373525

GA | iter = 43 | Mean = 1.600425 | Best = 2.373525
-0.6115694 68.57436 -212.0981 35.25759[[1]]
           [,1]     [,2]      [,3]     [,4]
[1,] -0.6115694 68.57436 -212.0981 35.25759

[[2]]
[1] 2.381639

GA | iter = 44 | Mean = 1.638269 | Best = 2.381639
-0.6115694 68.57436 -212.0981 35.25759[[1]]
           [,1]     [,2]      [,3]     [,4]
[1,] -0.6115694 68.57436 -212.0981 35.25759

[[2]]
[1] 2.381639

GA | iter = 45 | Mean = 1.552155 | Best = 2.381639
-0.6115694 68.57436 -212.0981 35.25759[[1]]
           [,1]     [,2]      [,3]     [,4]
[1,] -0.6115694 68.57436 -212.0981 35.25759

[[2]]
[1] 2.381639

GA | iter = 46 | Mean = 1.555844 | Best = 2.381639
-0.6115694 68.57436 -212.0981 35.25759[[1]]
           [,1]     [,2]      [,3]     [,4]
[1,] -0.6115694 68.57436 -212.0981 35.25759

[[2]]
[1] 2.381639

GA | iter = 47 | Mean = 1.589399 | Best = 2.381639
-0.6115694 68.57436 -212.0981 35.25759[[1]]
           [,1]     [,2]      [,3]     [,4]
[1,] -0.6115694 68.57436 -212.0981 35.25759

[[2]]
[1] 2.381639

GA | iter = 48 | Mean = 1.610167 | Best = 2.381639
-0.6115694 68.57436 -212.0981 35.25759[[1]]
           [,1]     [,2]      [,3]     [,4]
[1,] -0.6115694 68.57436 -212.0981 35.25759

[[2]]
[1] 2.381639

GA | iter = 49 | Mean = 1.618515 | Best = 2.381639
-0.5666502 68.57436 -212.0981 35.25759[[1]]
           [,1]     [,2]      [,3]     [,4]
[1,] -0.5666502 68.57436 -212.0981 35.25759

[[2]]
[1] 2.39344

GA | iter = 50 | Mean = 1.683247 | Best = 2.393440
-0.5666502 68.57436 -212.0981 35.25759[[1]]
           [,1]     [,2]      [,3]     [,4]
[1,] -0.5666502 68.57436 -212.0981 35.25759

[[2]]
[1] 2.39344

GA | iter = 51 | Mean = 1.710814 | Best = 2.393440
-0.5666502 68.57436 -212.0981 35.25759[[1]]
           [,1]     [,2]      [,3]     [,4]
[1,] -0.5666502 68.57436 -212.0981 35.25759

[[2]]
[1] 2.39344

GA | iter = 52 | Mean = 1.59638 | Best = 2.39344
-0.5666502 68.57436 -212.0981 35.25759[[1]]
           [,1]     [,2]      [,3]     [,4]
[1,] -0.5666502 68.57436 -212.0981 35.25759

[[2]]
[1] 2.39344

GA | iter = 53 | Mean = 1.750501 | Best = 2.393440
-0.5666502 68.57436 -212.0981 35.25759[[1]]
           [,1]     [,2]      [,3]     [,4]
[1,] -0.5666502 68.57436 -212.0981 35.25759

[[2]]
[1] 2.39344

GA | iter = 54 | Mean = 1.653189 | Best = 2.393440
-0.5666502 68.57436 -212.0981 35.25759[[1]]
           [,1]     [,2]      [,3]     [,4]
[1,] -0.5666502 68.57436 -212.0981 35.25759

[[2]]
[1] 2.39344

GA | iter = 55 | Mean = 1.815376 | Best = 2.393440
-0.5666502 68.57436 -212.0981 35.25759[[1]]
           [,1]     [,2]      [,3]     [,4]
[1,] -0.5666502 68.57436 -212.0981 35.25759

[[2]]
[1] 2.39344

GA | iter = 56 | Mean = 1.573654 | Best = 2.393440
0.01276893 46.22347 -214.1374 35.40038[[1]]
           [,1]     [,2]      [,3]     [,4]
[1,] 0.01276893 46.22347 -214.1374 35.40038

[[2]]
[1] 2.397649

GA | iter = 57 | Mean = 1.771048 | Best = 2.397649
0.01276893 46.22347 -214.1374 35.40038[[1]]
           [,1]     [,2]      [,3]     [,4]
[1,] 0.01276893 46.22347 -214.1374 35.40038

[[2]]
[1] 2.397649

GA | iter = 58 | Mean = 1.735386 | Best = 2.397649
0.01276893 46.22347 -214.1374 35.40038[[1]]
           [,1]     [,2]      [,3]     [,4]
[1,] 0.01276893 46.22347 -214.1374 35.40038

[[2]]
[1] 2.397649

GA | iter = 59 | Mean = 1.663747 | Best = 2.397649
0.01276893 46.22347 -214.1374 35.40038[[1]]
           [,1]     [,2]      [,3]     [,4]
[1,] 0.01276893 46.22347 -214.1374 35.40038

[[2]]
[1] 2.397649

GA | iter = 60 | Mean = 1.780111 | Best = 2.397649
0.01276893 46.22347 -214.1374 35.40038[[1]]
           [,1]     [,2]      [,3]     [,4]
[1,] 0.01276893 46.22347 -214.1374 35.40038

[[2]]
[1] 2.397649

GA | iter = 61 | Mean = 1.843838 | Best = 2.397649
0.01276893 46.22347 -214.1374 35.40038[[1]]
           [,1]     [,2]      [,3]     [,4]
[1,] 0.01276893 46.22347 -214.1374 35.40038

[[2]]
[1] 2.397649

GA | iter = 62 | Mean = 1.861303 | Best = 2.397649
-0.419397 57.53506 -214.0894 35.85032[[1]]
          [,1]     [,2]      [,3]     [,4]
[1,] -0.419397 57.53506 -214.0894 35.85032

[[2]]
[1] 2.398482

GA | iter = 63 | Mean = 1.816420 | Best = 2.398482
-0.419397 57.53506 -214.0894 35.85032[[1]]
          [,1]     [,2]      [,3]     [,4]
[1,] -0.419397 57.53506 -214.0894 35.85032

[[2]]
[1] 2.398482

GA | iter = 64 | Mean = 1.817154 | Best = 2.398482
-0.419397 57.53506 -214.0894 35.85032[[1]]
          [,1]     [,2]      [,3]     [,4]
[1,] -0.419397 57.53506 -214.0894 35.85032

[[2]]
[1] 2.398482

GA | iter = 65 | Mean = 1.894034 | Best = 2.398482
-0.2612036 57.4321 -214.1271 35.52197[[1]]
           [,1]    [,2]      [,3]     [,4]
[1,] -0.2612036 57.4321 -214.1271 35.52197

[[2]]
[1] 2.401539

GA | iter = 66 | Mean = 1.865557 | Best = 2.401539
-0.2612036 57.4321 -214.1271 35.52197[[1]]
           [,1]    [,2]      [,3]     [,4]
[1,] -0.2612036 57.4321 -214.1271 35.52197

[[2]]
[1] 2.401539

GA | iter = 67 | Mean = 1.826811 | Best = 2.401539
-0.2612036 57.4321 -214.1271 35.52197[[1]]
           [,1]    [,2]      [,3]     [,4]
[1,] -0.2612036 57.4321 -214.1271 35.52197

[[2]]
[1] 2.401539

GA | iter = 68 | Mean = 1.981740 | Best = 2.401539
-0.4390514 62.69275 -212.7782 35.50802[[1]]
           [,1]     [,2]      [,3]     [,4]
[1,] -0.4390514 62.69275 -212.7782 35.50802

[[2]]
[1] 2.408474

GA | iter = 69 | Mean = 1.881205 | Best = 2.408474
-0.4390514 62.69275 -212.7782 35.50802[[1]]
           [,1]     [,2]      [,3]     [,4]
[1,] -0.4390514 62.69275 -212.7782 35.50802

[[2]]
[1] 2.408474

GA | iter = 70 | Mean = 1.933220 | Best = 2.408474
-0.4390514 62.69275 -212.7782 35.50802[[1]]
           [,1]     [,2]      [,3]     [,4]
[1,] -0.4390514 62.69275 -212.7782 35.50802

[[2]]
[1] 2.408474

GA | iter = 71 | Mean = 1.873548 | Best = 2.408474
-0.4390514 62.69275 -212.7782 35.50802[[1]]
           [,1]     [,2]      [,3]     [,4]
[1,] -0.4390514 62.69275 -212.7782 35.50802

[[2]]
[1] 2.408474

GA | iter = 72 | Mean = 2.007393 | Best = 2.408474
-0.4390514 62.69275 -212.7782 35.50802[[1]]
           [,1]     [,2]      [,3]     [,4]
[1,] -0.4390514 62.69275 -212.7782 35.50802

[[2]]
[1] 2.408474

GA | iter = 73 | Mean = 1.872617 | Best = 2.408474
-0.4390514 62.69275 -212.7782 35.50802[[1]]
           [,1]     [,2]      [,3]     [,4]
[1,] -0.4390514 62.69275 -212.7782 35.50802

[[2]]
[1] 2.408474

GA | iter = 74 | Mean = 1.951879 | Best = 2.408474
-0.4055258 79.39652 -213.6115 35.47123[[1]]
           [,1]     [,2]      [,3]     [,4]
[1,] -0.4055258 79.39652 -213.6115 35.47123

[[2]]
[1] 2.412506

GA | iter = 75 | Mean = 2.021476 | Best = 2.412506
-0.4055258 79.39652 -213.6115 35.47123[[1]]
           [,1]     [,2]      [,3]     [,4]
[1,] -0.4055258 79.39652 -213.6115 35.47123

[[2]]
[1] 2.412506

GA | iter = 76 | Mean = 1.965963 | Best = 2.412506
-0.4055258 79.39652 -213.6115 35.47123[[1]]
           [,1]     [,2]      [,3]     [,4]
[1,] -0.4055258 79.39652 -213.6115 35.47123

[[2]]
[1] 2.412506

GA | iter = 77 | Mean = 1.901955 | Best = 2.412506
-0.4055258 79.39652 -213.6115 35.47123[[1]]
           [,1]     [,2]      [,3]     [,4]
[1,] -0.4055258 79.39652 -213.6115 35.47123

[[2]]
[1] 2.412506

GA | iter = 78 | Mean = 2.068849 | Best = 2.412506
-0.4055258 79.39652 -213.6115 35.47123[[1]]
           [,1]     [,2]      [,3]     [,4]
[1,] -0.4055258 79.39652 -213.6115 35.47123

[[2]]
[1] 2.412506

GA | iter = 79 | Mean = 2.020246 | Best = 2.412506
-0.4055258 79.39652 -213.6115 35.47123[[1]]
           [,1]     [,2]      [,3]     [,4]
[1,] -0.4055258 79.39652 -213.6115 35.47123

[[2]]
[1] 2.412506

GA | iter = 80 | Mean = 2.055991 | Best = 2.412506
-0.4055258 79.39652 -213.6115 35.47123[[1]]
           [,1]     [,2]      [,3]     [,4]
[1,] -0.4055258 79.39652 -213.6115 35.47123

[[2]]
[1] 2.412506

GA | iter = 81 | Mean = 1.910253 | Best = 2.412506
-0.4055258 79.39652 -213.6115 35.47123[[1]]
           [,1]     [,2]      [,3]     [,4]
[1,] -0.4055258 79.39652 -213.6115 35.47123

[[2]]
[1] 2.412506

GA | iter = 82 | Mean = 1.934809 | Best = 2.412506
-0.4055258 79.39652 -213.6115 35.47123[[1]]
           [,1]     [,2]      [,3]     [,4]
[1,] -0.4055258 79.39652 -213.6115 35.47123

[[2]]
[1] 2.412506

GA | iter = 83 | Mean = 2.079425 | Best = 2.412506
-0.4055258 79.39652 -213.6115 35.47123[[1]]
           [,1]     [,2]      [,3]     [,4]
[1,] -0.4055258 79.39652 -213.6115 35.47123

[[2]]
[1] 2.412506

GA | iter = 84 | Mean = 1.960319 | Best = 2.412506
-0.5058629 81.8861 -212.2818 35.42088[[1]]
           [,1]    [,2]      [,3]     [,4]
[1,] -0.5058629 81.8861 -212.2818 35.42088

[[2]]
[1] 2.41551

GA | iter = 85 | Mean = 2.050569 | Best = 2.415510
-0.5058629 81.8861 -212.2818 35.42088[[1]]
           [,1]    [,2]      [,3]     [,4]
[1,] -0.5058629 81.8861 -212.2818 35.42088

[[2]]
[1] 2.41551

GA | iter = 86 | Mean = 1.997643 | Best = 2.415510
-0.5058629 81.8861 -212.2818 35.42088[[1]]
           [,1]    [,2]      [,3]     [,4]
[1,] -0.5058629 81.8861 -212.2818 35.42088

[[2]]
[1] 2.41551

GA | iter = 87 | Mean = 2.038931 | Best = 2.415510
-0.5058629 81.8861 -212.2818 35.42088[[1]]
           [,1]    [,2]      [,3]     [,4]
[1,] -0.5058629 81.8861 -212.2818 35.42088

[[2]]
[1] 2.41551

GA | iter = 88 | Mean = 2.106609 | Best = 2.415510
-0.5058629 81.8861 -212.2818 35.42088[[1]]
           [,1]    [,2]      [,3]     [,4]
[1,] -0.5058629 81.8861 -212.2818 35.42088

[[2]]
[1] 2.41551

GA | iter = 89 | Mean = 2.004764 | Best = 2.415510
-0.5058629 81.8861 -212.2818 35.42088[[1]]
           [,1]    [,2]      [,3]     [,4]
[1,] -0.5058629 81.8861 -212.2818 35.42088

[[2]]
[1] 2.41551

GA | iter = 90 | Mean = 1.968721 | Best = 2.415510
-0.5058629 81.8861 -212.2818 35.42088[[1]]
           [,1]    [,2]      [,3]     [,4]
[1,] -0.5058629 81.8861 -212.2818 35.42088

[[2]]
[1] 2.41551

GA | iter = 91 | Mean = 1.907774 | Best = 2.415510
-0.5058629 81.8861 -212.2818 35.42088[[1]]
           [,1]    [,2]      [,3]     [,4]
[1,] -0.5058629 81.8861 -212.2818 35.42088

[[2]]
[1] 2.41551

GA | iter = 92 | Mean = 2.00806 | Best = 2.41551
-0.5058629 81.8861 -212.2818 35.42088[[1]]
           [,1]    [,2]      [,3]     [,4]
[1,] -0.5058629 81.8861 -212.2818 35.42088

[[2]]
[1] 2.41551

GA | iter = 93 | Mean = 1.93581 | Best = 2.41551
-0.5058629 81.8861 -212.2818 35.42088[[1]]
           [,1]    [,2]      [,3]     [,4]
[1,] -0.5058629 81.8861 -212.2818 35.42088

[[2]]
[1] 2.41551

GA | iter = 94 | Mean = 2.021606 | Best = 2.415510
-0.5058629 81.8861 -212.2818 35.42088[[1]]
           [,1]    [,2]      [,3]     [,4]
[1,] -0.5058629 81.8861 -212.2818 35.42088

[[2]]
[1] 2.41551

GA | iter = 95 | Mean = 1.978924 | Best = 2.415510
-0.5823741 79.34357 -212.4478 35.48567[[1]]
           [,1]     [,2]      [,3]     [,4]
[1,] -0.5823741 79.34357 -212.4478 35.48567

[[2]]
[1] 2.416073

GA | iter = 96 | Mean = 1.884026 | Best = 2.416073
-0.5823741 79.34357 -212.4478 35.48567[[1]]
           [,1]     [,2]      [,3]     [,4]
[1,] -0.5823741 79.34357 -212.4478 35.48567

[[2]]
[1] 2.416073

GA | iter = 97 | Mean = 1.875416 | Best = 2.416073
-0.5823741 79.34357 -212.4478 35.48567[[1]]
           [,1]     [,2]      [,3]     [,4]
[1,] -0.5823741 79.34357 -212.4478 35.48567

[[2]]
[1] 2.416073

GA | iter = 98 | Mean = 1.986794 | Best = 2.416073
-0.5823741 79.34357 -212.4478 35.48567[[1]]
           [,1]     [,2]      [,3]     [,4]
[1,] -0.5823741 79.34357 -212.4478 35.48567

[[2]]
[1] 2.416073

GA | iter = 99 | Mean = 2.022097 | Best = 2.416073
-0.5402354 81.00093 -212.5026 35.43439[[1]]
           [,1]     [,2]      [,3]     [,4]
[1,] -0.5402354 81.00093 -212.5026 35.43439

[[2]]
[1] 2.416695

GA | iter = 100 | Mean = 2.025986 | Best = 2.416695
-0.5402354 81.00093 -212.5026 35.43439[[1]]
           [,1]     [,2]      [,3]     [,4]
[1,] -0.5402354 81.00093 -212.5026 35.43439

[[2]]
[1] 2.416695

GA | iter = 101 | Mean = 1.939524 | Best = 2.416695
-0.5402354 81.00093 -212.5026 35.43439[[1]]
           [,1]     [,2]      [,3]     [,4]
[1,] -0.5402354 81.00093 -212.5026 35.43439

[[2]]
[1] 2.416695

GA | iter = 102 | Mean = 1.957542 | Best = 2.416695
-0.5402354 81.00093 -212.5026 35.43439[[1]]
           [,1]     [,2]      [,3]     [,4]
[1,] -0.5402354 81.00093 -212.5026 35.43439

[[2]]
[1] 2.416695

GA | iter = 103 | Mean = 1.877477 | Best = 2.416695
-0.5402354 81.00093 -212.5026 35.43439[[1]]
           [,1]     [,2]      [,3]     [,4]
[1,] -0.5402354 81.00093 -212.5026 35.43439

[[2]]
[1] 2.416695

GA | iter = 104 | Mean = 1.942196 | Best = 2.416695
-0.5402354 81.00093 -212.5026 35.43439[[1]]
           [,1]     [,2]      [,3]     [,4]
[1,] -0.5402354 81.00093 -212.5026 35.43439

[[2]]
[1] 2.416695

GA | iter = 105 | Mean = 1.984032 | Best = 2.416695
-0.5402354 81.00093 -212.5026 35.43439[[1]]
           [,1]     [,2]      [,3]     [,4]
[1,] -0.5402354 81.00093 -212.5026 35.43439

[[2]]
[1] 2.416695

GA | iter = 106 | Mean = 2.064681 | Best = 2.416695
-0.5402354 81.00093 -212.5026 35.43439[[1]]
           [,1]     [,2]      [,3]     [,4]
[1,] -0.5402354 81.00093 -212.5026 35.43439

[[2]]
[1] 2.416695

GA | iter = 107 | Mean = 1.965902 | Best = 2.416695
-0.5402354 81.00093 -212.5026 35.43439[[1]]
           [,1]     [,2]      [,3]     [,4]
[1,] -0.5402354 81.00093 -212.5026 35.43439

[[2]]
[1] 2.416695

GA | iter = 108 | Mean = 1.977327 | Best = 2.416695
-0.5402354 81.00093 -212.5026 35.43439[[1]]
           [,1]     [,2]      [,3]     [,4]
[1,] -0.5402354 81.00093 -212.5026 35.43439

[[2]]
[1] 2.416695

GA | iter = 109 | Mean = 1.885084 | Best = 2.416695
-0.5402354 81.00093 -212.5026 35.43439[[1]]
           [,1]     [,2]      [,3]     [,4]
[1,] -0.5402354 81.00093 -212.5026 35.43439

[[2]]
[1] 2.416695

GA | iter = 110 | Mean = 2.013336 | Best = 2.416695
-0.5402354 81.00093 -212.5026 35.43439[[1]]
           [,1]     [,2]      [,3]     [,4]
[1,] -0.5402354 81.00093 -212.5026 35.43439

[[2]]
[1] 2.416695

GA | iter = 111 | Mean = 2.054171 | Best = 2.416695
-0.5402354 81.00093 -212.5026 35.43439[[1]]
           [,1]     [,2]      [,3]     [,4]
[1,] -0.5402354 81.00093 -212.5026 35.43439

[[2]]
[1] 2.416695

GA | iter = 112 | Mean = 2.011830 | Best = 2.416695
-0.5402354 81.00093 -212.5026 35.43439[[1]]
           [,1]     [,2]      [,3]     [,4]
[1,] -0.5402354 81.00093 -212.5026 35.43439

[[2]]
[1] 2.416695

GA | iter = 113 | Mean = 1.995320 | Best = 2.416695
-0.5402354 81.00093 -212.5026 35.43439[[1]]
           [,1]     [,2]      [,3]     [,4]
[1,] -0.5402354 81.00093 -212.5026 35.43439

[[2]]
[1] 2.416695

GA | iter = 114 | Mean = 1.977963 | Best = 2.416695
-0.5402354 81.00093 -212.5026 35.43439[[1]]
           [,1]     [,2]      [,3]     [,4]
[1,] -0.5402354 81.00093 -212.5026 35.43439

[[2]]
[1] 2.416695

GA | iter = 115 | Mean = 2.018500 | Best = 2.416695
-0.5402354 81.00093 -212.5026 35.43439[[1]]
           [,1]     [,2]      [,3]     [,4]
[1,] -0.5402354 81.00093 -212.5026 35.43439

[[2]]
[1] 2.416695

GA | iter = 116 | Mean = 1.992169 | Best = 2.416695
-0.5402354 81.00093 -212.5026 35.43439[[1]]
           [,1]     [,2]      [,3]     [,4]
[1,] -0.5402354 81.00093 -212.5026 35.43439

[[2]]
[1] 2.416695

GA | iter = 117 | Mean = 1.919557 | Best = 2.416695
-0.5402354 81.00093 -212.5026 35.43439[[1]]
           [,1]     [,2]      [,3]     [,4]
[1,] -0.5402354 81.00093 -212.5026 35.43439

[[2]]
[1] 2.416695

GA | iter = 118 | Mean = 2.021891 | Best = 2.416695
-0.5402354 81.00093 -212.5026 35.43439[[1]]
           [,1]     [,2]      [,3]     [,4]
[1,] -0.5402354 81.00093 -212.5026 35.43439

[[2]]
[1] 2.416695

GA | iter = 119 | Mean = 1.980798 | Best = 2.416695
-0.5402354 81.00093 -212.5026 35.43439[[1]]
           [,1]     [,2]      [,3]     [,4]
[1,] -0.5402354 81.00093 -212.5026 35.43439

[[2]]
[1] 2.416695

GA | iter = 120 | Mean = 1.968515 | Best = 2.416695
-0.6181506 81.01885 -211.7478 35.44802[[1]]
           [,1]     [,2]      [,3]     [,4]
[1,] -0.6181506 81.01885 -211.7478 35.44802

[[2]]
[1] 2.41781

GA | iter = 121 | Mean = 1.980269 | Best = 2.417810
-0.6181506 81.01885 -211.7478 35.44802[[1]]
           [,1]     [,2]      [,3]     [,4]
[1,] -0.6181506 81.01885 -211.7478 35.44802

[[2]]
[1] 2.41781

GA | iter = 122 | Mean = 1.995764 | Best = 2.417810
-0.6181506 81.01885 -211.7478 35.44802[[1]]
           [,1]     [,2]      [,3]     [,4]
[1,] -0.6181506 81.01885 -211.7478 35.44802

[[2]]
[1] 2.41781

GA | iter = 123 | Mean = 1.987557 | Best = 2.417810
-0.6181506 81.01885 -211.7478 35.44802[[1]]
           [,1]     [,2]      [,3]     [,4]
[1,] -0.6181506 81.01885 -211.7478 35.44802

[[2]]
[1] 2.41781

GA | iter = 124 | Mean = 2.061646 | Best = 2.417810
-0.6181506 81.01885 -211.7478 35.44802[[1]]
           [,1]     [,2]      [,3]     [,4]
[1,] -0.6181506 81.01885 -211.7478 35.44802

[[2]]
[1] 2.41781

GA | iter = 125 | Mean = 1.965638 | Best = 2.417810
-0.6181506 81.01885 -211.7478 35.44802[[1]]
           [,1]     [,2]      [,3]     [,4]
[1,] -0.6181506 81.01885 -211.7478 35.44802

[[2]]
[1] 2.41781

GA | iter = 126 | Mean = 2.079304 | Best = 2.417810
-0.6181506 81.01885 -211.7478 35.44802[[1]]
           [,1]     [,2]      [,3]     [,4]
[1,] -0.6181506 81.01885 -211.7478 35.44802

[[2]]
[1] 2.41781

GA | iter = 127 | Mean = 2.058364 | Best = 2.417810
-0.6181506 81.01885 -211.7478 35.44802[[1]]
           [,1]     [,2]      [,3]     [,4]
[1,] -0.6181506 81.01885 -211.7478 35.44802

[[2]]
[1] 2.41781

GA | iter = 128 | Mean = 1.920462 | Best = 2.417810
-0.6181506 81.01885 -211.7478 35.44802[[1]]
           [,1]     [,2]      [,3]     [,4]
[1,] -0.6181506 81.01885 -211.7478 35.44802

[[2]]
[1] 2.41781

GA | iter = 129 | Mean = 1.977761 | Best = 2.417810
-0.6181506 81.01885 -211.7478 35.44802[[1]]
           [,1]     [,2]      [,3]     [,4]
[1,] -0.6181506 81.01885 -211.7478 35.44802

[[2]]
[1] 2.41781

GA | iter = 130 | Mean = 2.033754 | Best = 2.417810
-0.6181506 81.01885 -211.7478 35.44802[[1]]
           [,1]     [,2]      [,3]     [,4]
[1,] -0.6181506 81.01885 -211.7478 35.44802

[[2]]
[1] 2.41781

GA | iter = 131 | Mean = 1.977478 | Best = 2.417810
-0.6181506 81.01885 -211.7478 35.44802[[1]]
           [,1]     [,2]      [,3]     [,4]
[1,] -0.6181506 81.01885 -211.7478 35.44802

[[2]]
[1] 2.41781

GA | iter = 132 | Mean = 2.035553 | Best = 2.417810
-0.6181506 81.01885 -211.7478 35.44802[[1]]
           [,1]     [,2]      [,3]     [,4]
[1,] -0.6181506 81.01885 -211.7478 35.44802

[[2]]
[1] 2.41781

GA | iter = 133 | Mean = 1.983936 | Best = 2.417810
-0.6181506 81.01885 -211.7478 35.44802[[1]]
           [,1]     [,2]      [,3]     [,4]
[1,] -0.6181506 81.01885 -211.7478 35.44802

[[2]]
[1] 2.41781

GA | iter = 134 | Mean = 1.97522 | Best = 2.41781
-0.6181506 81.01885 -211.7478 35.44802[[1]]
           [,1]     [,2]      [,3]     [,4]
[1,] -0.6181506 81.01885 -211.7478 35.44802

[[2]]
[1] 2.41781

GA | iter = 135 | Mean = 1.966402 | Best = 2.417810
-0.6181506 81.01885 -211.7478 35.44802[[1]]
           [,1]     [,2]      [,3]     [,4]
[1,] -0.6181506 81.01885 -211.7478 35.44802

[[2]]
[1] 2.41781

GA | iter = 136 | Mean = 2.04080 | Best = 2.41781
-0.8113126 82.33385 -211.4932 35.5179[[1]]
           [,1]     [,2]      [,3]    [,4]
[1,] -0.8113126 82.33385 -211.4932 35.5179

[[2]]
[1] 2.41986

GA | iter = 137 | Mean = 1.92825 | Best = 2.41986
-0.8113126 82.33385 -211.4932 35.5179[[1]]
           [,1]     [,2]      [,3]    [,4]
[1,] -0.8113126 82.33385 -211.4932 35.5179

[[2]]
[1] 2.41986

GA | iter = 138 | Mean = 2.048917 | Best = 2.419860
-0.8113126 82.33385 -211.4932 35.5179[[1]]
           [,1]     [,2]      [,3]    [,4]
[1,] -0.8113126 82.33385 -211.4932 35.5179

[[2]]
[1] 2.41986

GA | iter = 139 | Mean = 2.121259 | Best = 2.419860
-0.8113126 82.33385 -211.4932 35.5179[[1]]
           [,1]     [,2]      [,3]    [,4]
[1,] -0.8113126 82.33385 -211.4932 35.5179

[[2]]
[1] 2.41986

GA | iter = 140 | Mean = 2.056921 | Best = 2.419860
-0.8113126 82.33385 -211.4932 35.5179[[1]]
           [,1]     [,2]      [,3]    [,4]
[1,] -0.8113126 82.33385 -211.4932 35.5179

[[2]]
[1] 2.41986

GA | iter = 141 | Mean = 2.020102 | Best = 2.419860
-0.8113126 82.33385 -211.4932 35.5179[[1]]
           [,1]     [,2]      [,3]    [,4]
[1,] -0.8113126 82.33385 -211.4932 35.5179

[[2]]
[1] 2.41986

GA | iter = 142 | Mean = 2.091655 | Best = 2.419860
-0.8113126 82.33385 -211.4932 35.5179[[1]]
           [,1]     [,2]      [,3]    [,4]
[1,] -0.8113126 82.33385 -211.4932 35.5179

[[2]]
[1] 2.41986

GA | iter = 143 | Mean = 1.954431 | Best = 2.419860
-0.8113126 82.33385 -211.4932 35.5179[[1]]
           [,1]     [,2]      [,3]    [,4]
[1,] -0.8113126 82.33385 -211.4932 35.5179

[[2]]
[1] 2.41986

GA | iter = 144 | Mean = 2.077947 | Best = 2.419860
-0.8113126 82.33385 -211.4932 35.5179[[1]]
           [,1]     [,2]      [,3]    [,4]
[1,] -0.8113126 82.33385 -211.4932 35.5179

[[2]]
[1] 2.41986

GA | iter = 145 | Mean = 1.980515 | Best = 2.419860
-0.8113126 82.33385 -211.4932 35.5179[[1]]
           [,1]     [,2]      [,3]    [,4]
[1,] -0.8113126 82.33385 -211.4932 35.5179

[[2]]
[1] 2.41986

GA | iter = 146 | Mean = 2.005826 | Best = 2.419860
-0.8113126 82.33385 -211.4932 35.5179[[1]]
           [,1]     [,2]      [,3]    [,4]
[1,] -0.8113126 82.33385 -211.4932 35.5179

[[2]]
[1] 2.41986

GA | iter = 147 | Mean = 2.010073 | Best = 2.419860
-0.8594733 91.57138 -211.65 35.48408[[1]]
           [,1]     [,2]    [,3]     [,4]
[1,] -0.8594733 91.57138 -211.65 35.48408

[[2]]
[1] 2.422124

GA | iter = 148 | Mean = 2.039926 | Best = 2.422124
-0.8594733 91.57138 -211.65 35.48408[[1]]
           [,1]     [,2]    [,3]     [,4]
[1,] -0.8594733 91.57138 -211.65 35.48408

[[2]]
[1] 2.422124

GA | iter = 149 | Mean = 2.080881 | Best = 2.422124
-0.8594733 91.57138 -211.65 35.48408[[1]]
           [,1]     [,2]    [,3]     [,4]
[1,] -0.8594733 91.57138 -211.65 35.48408

[[2]]
[1] 2.422124

GA | iter = 150 | Mean = 2.032997 | Best = 2.422124
-0.8594733 91.57138 -211.65 35.48408[[1]]
           [,1]     [,2]    [,3]     [,4]
[1,] -0.8594733 91.57138 -211.65 35.48408

[[2]]
[1] 2.422124

GA | iter = 151 | Mean = 1.947445 | Best = 2.422124
-0.8594733 91.57138 -211.65 35.48408[[1]]
           [,1]     [,2]    [,3]     [,4]
[1,] -0.8594733 91.57138 -211.65 35.48408

[[2]]
[1] 2.422124

GA | iter = 152 | Mean = 1.967651 | Best = 2.422124
-0.8594733 91.57138 -211.65 35.48408[[1]]
           [,1]     [,2]    [,3]     [,4]
[1,] -0.8594733 91.57138 -211.65 35.48408

[[2]]
[1] 2.422124

GA | iter = 153 | Mean = 1.943167 | Best = 2.422124
-0.8594733 91.57138 -211.65 35.48408[[1]]
           [,1]     [,2]    [,3]     [,4]
[1,] -0.8594733 91.57138 -211.65 35.48408

[[2]]
[1] 2.422124

GA | iter = 154 | Mean = 2.042720 | Best = 2.422124
-0.8594733 91.57138 -211.65 35.48408[[1]]
           [,1]     [,2]    [,3]     [,4]
[1,] -0.8594733 91.57138 -211.65 35.48408

[[2]]
[1] 2.422124

GA | iter = 155 | Mean = 1.930592 | Best = 2.422124
-0.8594733 91.57138 -211.65 35.48408[[1]]
           [,1]     [,2]    [,3]     [,4]
[1,] -0.8594733 91.57138 -211.65 35.48408

[[2]]
[1] 2.422124

GA | iter = 156 | Mean = 1.983986 | Best = 2.422124
-0.8594733 91.57138 -211.65 35.48408[[1]]
           [,1]     [,2]    [,3]     [,4]
[1,] -0.8594733 91.57138 -211.65 35.48408

[[2]]
[1] 2.422124

GA | iter = 157 | Mean = 2.109674 | Best = 2.422124
-0.8594733 91.57138 -211.65 35.48408[[1]]
           [,1]     [,2]    [,3]     [,4]
[1,] -0.8594733 91.57138 -211.65 35.48408

[[2]]
[1] 2.422124

GA | iter = 158 | Mean = 1.925915 | Best = 2.422124
-0.8594733 91.57138 -211.65 35.48408[[1]]
           [,1]     [,2]    [,3]     [,4]
[1,] -0.8594733 91.57138 -211.65 35.48408

[[2]]
[1] 2.422124

GA | iter = 159 | Mean = 2.032658 | Best = 2.422124
-0.8594733 91.57138 -211.65 35.48408[[1]]
           [,1]     [,2]    [,3]     [,4]
[1,] -0.8594733 91.57138 -211.65 35.48408

[[2]]
[1] 2.422124

GA | iter = 160 | Mean = 2.030228 | Best = 2.422124
-0.8594733 91.57138 -211.65 35.48408[[1]]
           [,1]     [,2]    [,3]     [,4]
[1,] -0.8594733 91.57138 -211.65 35.48408

[[2]]
[1] 2.422124

GA | iter = 161 | Mean = 2.030770 | Best = 2.422124
-0.8594733 91.57138 -211.65 35.48408[[1]]
           [,1]     [,2]    [,3]     [,4]
[1,] -0.8594733 91.57138 -211.65 35.48408

[[2]]
[1] 2.422124

GA | iter = 162 | Mean = 2.031620 | Best = 2.422124
-0.8594733 91.57138 -211.65 35.48408[[1]]
           [,1]     [,2]    [,3]     [,4]
[1,] -0.8594733 91.57138 -211.65 35.48408

[[2]]
[1] 2.422124

GA | iter = 163 | Mean = 2.007808 | Best = 2.422124
-0.8594733 91.57138 -211.65 35.48408[[1]]
           [,1]     [,2]    [,3]     [,4]
[1,] -0.8594733 91.57138 -211.65 35.48408

[[2]]
[1] 2.422124

GA | iter = 164 | Mean = 2.007669 | Best = 2.422124
-0.8594733 91.57138 -211.65 35.48408[[1]]
           [,1]     [,2]    [,3]     [,4]
[1,] -0.8594733 91.57138 -211.65 35.48408

[[2]]
[1] 2.422124

GA | iter = 165 | Mean = 1.974177 | Best = 2.422124
-0.8594733 91.57138 -211.65 35.48408[[1]]
           [,1]     [,2]    [,3]     [,4]
[1,] -0.8594733 91.57138 -211.65 35.48408

[[2]]
[1] 2.422124

GA | iter = 166 | Mean = 2.032278 | Best = 2.422124
-0.8594733 91.57138 -211.65 35.48408[[1]]
           [,1]     [,2]    [,3]     [,4]
[1,] -0.8594733 91.57138 -211.65 35.48408

[[2]]
[1] 2.422124

GA | iter = 167 | Mean = 1.971551 | Best = 2.422124
-0.8594733 91.57138 -211.65 35.48408[[1]]
           [,1]     [,2]    [,3]     [,4]
[1,] -0.8594733 91.57138 -211.65 35.48408

[[2]]
[1] 2.422124

GA | iter = 168 | Mean = 2.072856 | Best = 2.422124
-0.8798265 80.30925 -210.4859 35.523[[1]]
           [,1]     [,2]      [,3]   [,4]
[1,] -0.8798265 80.30925 -210.4859 35.523

[[2]]
[1] 2.422145

GA | iter = 169 | Mean = 1.996032 | Best = 2.422145
-0.9025477 83.20141 -210.3213 35.52573[[1]]
           [,1]     [,2]      [,3]     [,4]
[1,] -0.9025477 83.20141 -210.3213 35.52573

[[2]]
[1] 2.422914

GA | iter = 170 | Mean = 2.005204 | Best = 2.422914
-0.9025477 83.20141 -210.3213 35.52573[[1]]
           [,1]     [,2]      [,3]     [,4]
[1,] -0.9025477 83.20141 -210.3213 35.52573

[[2]]
[1] 2.422914

GA | iter = 171 | Mean = 1.985237 | Best = 2.422914
-0.9025477 83.20141 -210.3213 35.52573[[1]]
           [,1]     [,2]      [,3]     [,4]
[1,] -0.9025477 83.20141 -210.3213 35.52573

[[2]]
[1] 2.422914

GA | iter = 172 | Mean = 1.974363 | Best = 2.422914
-0.9025477 83.20141 -210.3213 35.52573[[1]]
           [,1]     [,2]      [,3]     [,4]
[1,] -0.9025477 83.20141 -210.3213 35.52573

[[2]]
[1] 2.422914

GA | iter = 173 | Mean = 1.913722 | Best = 2.422914
-0.9025477 83.20141 -210.3213 35.52573[[1]]
           [,1]     [,2]      [,3]     [,4]
[1,] -0.9025477 83.20141 -210.3213 35.52573

[[2]]
[1] 2.422914

GA | iter = 174 | Mean = 2.030876 | Best = 2.422914
-0.9025477 83.20141 -210.3213 35.52573[[1]]
           [,1]     [,2]      [,3]     [,4]
[1,] -0.9025477 83.20141 -210.3213 35.52573

[[2]]
[1] 2.422914

GA | iter = 175 | Mean = 1.902284 | Best = 2.422914
-0.862844 85.39278 -210.6132 35.4962[[1]]
          [,1]     [,2]      [,3]    [,4]
[1,] -0.862844 85.39278 -210.6132 35.4962

[[2]]
[1] 2.423378

GA | iter = 176 | Mean = 2.009285 | Best = 2.423378
-0.862844 85.39278 -210.6132 35.4962[[1]]
          [,1]     [,2]      [,3]    [,4]
[1,] -0.862844 85.39278 -210.6132 35.4962

[[2]]
[1] 2.423378

GA | iter = 177 | Mean = 2.016130 | Best = 2.423378
-0.862844 85.39278 -210.6132 35.4962[[1]]
          [,1]     [,2]      [,3]    [,4]
[1,] -0.862844 85.39278 -210.6132 35.4962

[[2]]
[1] 2.423378

GA | iter = 178 | Mean = 1.966340 | Best = 2.423378
-0.862844 85.39278 -210.6132 35.4962[[1]]
          [,1]     [,2]      [,3]    [,4]
[1,] -0.862844 85.39278 -210.6132 35.4962

[[2]]
[1] 2.423378

GA | iter = 179 | Mean = 1.936826 | Best = 2.423378
-0.862844 85.39278 -210.6132 35.4962[[1]]
          [,1]     [,2]      [,3]    [,4]
[1,] -0.862844 85.39278 -210.6132 35.4962

[[2]]
[1] 2.423378

GA | iter = 180 | Mean = 1.899961 | Best = 2.423378
-0.862844 85.39278 -210.6132 35.4962[[1]]
          [,1]     [,2]      [,3]    [,4]
[1,] -0.862844 85.39278 -210.6132 35.4962

[[2]]
[1] 2.423378

GA | iter = 181 | Mean = 1.907483 | Best = 2.423378
-0.862844 85.39278 -210.6132 35.4962[[1]]
          [,1]     [,2]      [,3]    [,4]
[1,] -0.862844 85.39278 -210.6132 35.4962

[[2]]
[1] 2.423378

GA | iter = 182 | Mean = 1.959620 | Best = 2.423378
-0.862844 85.39278 -210.6132 35.4962[[1]]
          [,1]     [,2]      [,3]    [,4]
[1,] -0.862844 85.39278 -210.6132 35.4962

[[2]]
[1] 2.423378

GA | iter = 183 | Mean = 1.953701 | Best = 2.423378
-0.862844 85.39278 -210.6132 35.4962[[1]]
          [,1]     [,2]      [,3]    [,4]
[1,] -0.862844 85.39278 -210.6132 35.4962

[[2]]
[1] 2.423378

GA | iter = 184 | Mean = 1.938904 | Best = 2.423378
-0.862844 85.39278 -210.6132 35.4962[[1]]
          [,1]     [,2]      [,3]    [,4]
[1,] -0.862844 85.39278 -210.6132 35.4962

[[2]]
[1] 2.423378

GA | iter = 185 | Mean = 2.149760 | Best = 2.423378
-0.990502 88.74651 -210.5591 35.57426[[1]]
          [,1]     [,2]      [,3]     [,4]
[1,] -0.990502 88.74651 -210.5591 35.57426

[[2]]
[1] 2.425395

GA | iter = 186 | Mean = 1.997822 | Best = 2.425395
-0.990502 88.74651 -210.5591 35.57426[[1]]
          [,1]     [,2]      [,3]     [,4]
[1,] -0.990502 88.74651 -210.5591 35.57426

[[2]]
[1] 2.425395

GA | iter = 187 | Mean = 1.967185 | Best = 2.425395
-0.990502 88.74651 -210.5591 35.57426[[1]]
          [,1]     [,2]      [,3]     [,4]
[1,] -0.990502 88.74651 -210.5591 35.57426

[[2]]
[1] 2.425395

GA | iter = 188 | Mean = 2.032464 | Best = 2.425395
-0.990502 88.74651 -210.5591 35.57426[[1]]
          [,1]     [,2]      [,3]     [,4]
[1,] -0.990502 88.74651 -210.5591 35.57426

[[2]]
[1] 2.425395

GA | iter = 189 | Mean = 2.015121 | Best = 2.425395
-0.990502 88.74651 -210.5591 35.57426[[1]]
          [,1]     [,2]      [,3]     [,4]
[1,] -0.990502 88.74651 -210.5591 35.57426

[[2]]
[1] 2.425395

GA | iter = 190 | Mean = 1.910280 | Best = 2.425395
-0.990502 88.74651 -210.5591 35.57426[[1]]
          [,1]     [,2]      [,3]     [,4]
[1,] -0.990502 88.74651 -210.5591 35.57426

[[2]]
[1] 2.425395

GA | iter = 191 | Mean = 2.048102 | Best = 2.425395
-0.990502 88.74651 -210.5591 35.57426[[1]]
          [,1]     [,2]      [,3]     [,4]
[1,] -0.990502 88.74651 -210.5591 35.57426

[[2]]
[1] 2.425395

GA | iter = 192 | Mean = 2.036102 | Best = 2.425395
-0.990502 88.74651 -210.5591 35.57426[[1]]
          [,1]     [,2]      [,3]     [,4]
[1,] -0.990502 88.74651 -210.5591 35.57426

[[2]]
[1] 2.425395

GA | iter = 193 | Mean = 1.960147 | Best = 2.425395
-0.990502 88.74651 -210.5591 35.57426[[1]]
          [,1]     [,2]      [,3]     [,4]
[1,] -0.990502 88.74651 -210.5591 35.57426

[[2]]
[1] 2.425395

GA | iter = 194 | Mean = 2.015430 | Best = 2.425395
-0.990502 88.74651 -210.5591 35.57426[[1]]
          [,1]     [,2]      [,3]     [,4]
[1,] -0.990502 88.74651 -210.5591 35.57426

[[2]]
[1] 2.425395

GA | iter = 195 | Mean = 2.027722 | Best = 2.425395
-0.990502 88.74651 -210.5591 35.57426[[1]]
          [,1]     [,2]      [,3]     [,4]
[1,] -0.990502 88.74651 -210.5591 35.57426

[[2]]
[1] 2.425395

GA | iter = 196 | Mean = 2.013920 | Best = 2.425395
-0.990502 88.74651 -210.5591 35.57426[[1]]
          [,1]     [,2]      [,3]     [,4]
[1,] -0.990502 88.74651 -210.5591 35.57426

[[2]]
[1] 2.425395

GA | iter = 197 | Mean = 2.012318 | Best = 2.425395
-0.990502 88.74651 -210.5591 35.57426[[1]]
          [,1]     [,2]      [,3]     [,4]
[1,] -0.990502 88.74651 -210.5591 35.57426

[[2]]
[1] 2.425395

GA | iter = 198 | Mean = 1.981184 | Best = 2.425395
-0.990502 88.74651 -210.5591 35.57426[[1]]
          [,1]     [,2]      [,3]     [,4]
[1,] -0.990502 88.74651 -210.5591 35.57426

[[2]]
[1] 2.425395

GA | iter = 199 | Mean = 2.036112 | Best = 2.425395
-0.990502 88.74651 -210.5591 35.57426[[1]]
          [,1]     [,2]      [,3]     [,4]
[1,] -0.990502 88.74651 -210.5591 35.57426

[[2]]
[1] 2.425395

GA | iter = 200 | Mean = 2.047716 | Best = 2.425395
-0.990502 88.74651 -210.5591 35.57426[[1]]
          [,1]     [,2]      [,3]     [,4]
[1,] -0.990502 88.74651 -210.5591 35.57426

[[2]]
[1] 2.425395

GA | iter = 201 | Mean = 2.075493 | Best = 2.425395
-0.990502 88.74651 -210.5591 35.57426[[1]]
          [,1]     [,2]      [,3]     [,4]
[1,] -0.990502 88.74651 -210.5591 35.57426

[[2]]
[1] 2.425395

GA | iter = 202 | Mean = 2.013540 | Best = 2.425395
-0.990502 88.74651 -210.5591 35.57426[[1]]
          [,1]     [,2]      [,3]     [,4]
[1,] -0.990502 88.74651 -210.5591 35.57426

[[2]]
[1] 2.425395

GA | iter = 203 | Mean = 2.029848 | Best = 2.425395
-0.990502 88.74651 -210.5591 35.57426[[1]]
          [,1]     [,2]      [,3]     [,4]
[1,] -0.990502 88.74651 -210.5591 35.57426

[[2]]
[1] 2.425395

GA | iter = 204 | Mean = 2.004909 | Best = 2.425395
-0.990502 88.74651 -210.5591 35.57426[[1]]
          [,1]     [,2]      [,3]     [,4]
[1,] -0.990502 88.74651 -210.5591 35.57426

[[2]]
[1] 2.425395

GA | iter = 205 | Mean = 1.849623 | Best = 2.425395
-0.990502 88.74651 -210.5591 35.57426[[1]]
          [,1]     [,2]      [,3]     [,4]
[1,] -0.990502 88.74651 -210.5591 35.57426

[[2]]
[1] 2.425395

GA | iter = 206 | Mean = 2.065909 | Best = 2.425395
-0.990502 88.74651 -210.5591 35.57426[[1]]
          [,1]     [,2]      [,3]     [,4]
[1,] -0.990502 88.74651 -210.5591 35.57426

[[2]]
[1] 2.425395

GA | iter = 207 | Mean = 1.991187 | Best = 2.425395
-0.990502 88.74651 -210.5591 35.57426[[1]]
          [,1]     [,2]      [,3]     [,4]
[1,] -0.990502 88.74651 -210.5591 35.57426

[[2]]
[1] 2.425395

GA | iter = 208 | Mean = 2.043640 | Best = 2.425395
-0.990502 88.74651 -210.5591 35.57426[[1]]
          [,1]     [,2]      [,3]     [,4]
[1,] -0.990502 88.74651 -210.5591 35.57426

[[2]]
[1] 2.425395

GA | iter = 209 | Mean = 1.998392 | Best = 2.425395
-0.990502 88.74651 -210.5591 35.57426[[1]]
          [,1]     [,2]      [,3]     [,4]
[1,] -0.990502 88.74651 -210.5591 35.57426

[[2]]
[1] 2.425395

GA | iter = 210 | Mean = 1.951689 | Best = 2.425395
-0.990502 88.74651 -210.5591 35.57426[[1]]
          [,1]     [,2]      [,3]     [,4]
[1,] -0.990502 88.74651 -210.5591 35.57426

[[2]]
[1] 2.425395

GA | iter = 211 | Mean = 2.011152 | Best = 2.425395
-0.990502 88.74651 -210.5591 35.57426[[1]]
          [,1]     [,2]      [,3]     [,4]
[1,] -0.990502 88.74651 -210.5591 35.57426

[[2]]
[1] 2.425395

GA | iter = 212 | Mean = 2.016461 | Best = 2.425395
-0.990502 88.74651 -210.5591 35.57426[[1]]
          [,1]     [,2]      [,3]     [,4]
[1,] -0.990502 88.74651 -210.5591 35.57426

[[2]]
[1] 2.425395

GA | iter = 213 | Mean = 1.970674 | Best = 2.425395
-0.990502 88.74651 -210.5591 35.57426[[1]]
          [,1]     [,2]      [,3]     [,4]
[1,] -0.990502 88.74651 -210.5591 35.57426

[[2]]
[1] 2.425395

GA | iter = 214 | Mean = 2.087222 | Best = 2.425395
-0.990502 88.74651 -210.5591 35.57426[[1]]
          [,1]     [,2]      [,3]     [,4]
[1,] -0.990502 88.74651 -210.5591 35.57426

[[2]]
[1] 2.425395

GA | iter = 215 | Mean = 1.976116 | Best = 2.425395
-0.990502 88.74651 -210.5591 35.57426[[1]]
          [,1]     [,2]      [,3]     [,4]
[1,] -0.990502 88.74651 -210.5591 35.57426

[[2]]
[1] 2.425395

GA | iter = 216 | Mean = 1.924528 | Best = 2.425395
-0.990502 88.74651 -210.5591 35.57426[[1]]
          [,1]     [,2]      [,3]     [,4]
[1,] -0.990502 88.74651 -210.5591 35.57426

[[2]]
[1] 2.425395

GA | iter = 217 | Mean = 2.098297 | Best = 2.425395
-0.990502 88.74651 -210.5591 35.57426[[1]]
          [,1]     [,2]      [,3]     [,4]
[1,] -0.990502 88.74651 -210.5591 35.57426

[[2]]
[1] 2.425395

GA | iter = 218 | Mean = 2.005592 | Best = 2.425395
-0.990502 88.74651 -210.5591 35.57426[[1]]
          [,1]     [,2]      [,3]     [,4]
[1,] -0.990502 88.74651 -210.5591 35.57426

[[2]]
[1] 2.425395

GA | iter = 219 | Mean = 1.963944 | Best = 2.425395
-0.9877696 88.69327 -210.5572 35.56174[[1]]
           [,1]     [,2]      [,3]     [,4]
[1,] -0.9877696 88.69327 -210.5572 35.56174

[[2]]
[1] 2.425538

GA | iter = 220 | Mean = 1.924197 | Best = 2.425538
-0.9877696 88.69327 -210.5572 35.56174[[1]]
           [,1]     [,2]      [,3]     [,4]
[1,] -0.9877696 88.69327 -210.5572 35.56174

[[2]]
[1] 2.425538

GA | iter = 221 | Mean = 2.011100 | Best = 2.425538
-0.9904946 88.70649 -210.5576 35.56252[[1]]
           [,1]     [,2]      [,3]     [,4]
[1,] -0.9904946 88.70649 -210.5576 35.56252

[[2]]
[1] 2.425559

GA | iter = 222 | Mean = 1.972442 | Best = 2.425559
-0.9904946 88.70649 -210.5576 35.56252[[1]]
           [,1]     [,2]      [,3]     [,4]
[1,] -0.9904946 88.70649 -210.5576 35.56252

[[2]]
[1] 2.425559

GA | iter = 223 | Mean = 2.094834 | Best = 2.425559
-0.9904946 88.70649 -210.5576 35.56252[[1]]
           [,1]     [,2]      [,3]     [,4]
[1,] -0.9904946 88.70649 -210.5576 35.56252

[[2]]
[1] 2.425559

GA | iter = 224 | Mean = 2.002372 | Best = 2.425559
-0.9904946 88.70649 -210.5576 35.56252[[1]]
           [,1]     [,2]      [,3]     [,4]
[1,] -0.9904946 88.70649 -210.5576 35.56252

[[2]]
[1] 2.425559

GA | iter = 225 | Mean = 1.917873 | Best = 2.425559
-0.9904946 88.70649 -210.5576 35.56252[[1]]
           [,1]     [,2]      [,3]     [,4]
[1,] -0.9904946 88.70649 -210.5576 35.56252

[[2]]
[1] 2.425559

GA | iter = 226 | Mean = 1.924918 | Best = 2.425559
-0.9904946 88.70649 -210.5576 35.56252[[1]]
           [,1]     [,2]      [,3]     [,4]
[1,] -0.9904946 88.70649 -210.5576 35.56252

[[2]]
[1] 2.425559

GA | iter = 227 | Mean = 2.028505 | Best = 2.425559
slurmstepd: error: *** JOB 29352491 ON cdr2454 CANCELLED AT 2022-03-24T22:05:56 DUE TO TIME LIMIT ***
