
Lmod is automatically replacing "intel/2020.1.217" with "gcc/9.3.0".


Due to MODULEPATH changes, the following have been reloaded:
  1) openmpi/4.0.3


R version 4.0.2 (2020-06-22) -- "Taking Off Again"
Copyright (C) 2020 The R Foundation for Statistical Computing
Platform: x86_64-pc-linux-gnu (64-bit)

R is free software and comes with ABSOLUTELY NO WARRANTY.
You are welcome to redistribute it under certain conditions.
Type 'license()' or 'licence()' for distribution details.

  Natural language support but running in an English locale

R is a collaborative project with many contributors.
Type 'contributors()' for more information and
'citation()' on how to cite R or R packages in publications.

Type 'demo()' for some demos, 'help()' for on-line help, or
'help.start()' for an HTML browser interface to help.
Type 'q()' to quit R.

> # R script to submit parallelized genetic algorithm optimzied runs.
> 
> # load libraries
> library(doParallel)
Loading required package: foreach
Loading required package: iterators
Loading required package: parallel
> library(GA)
Package 'GA' version 3.2.2
Type 'citation("GA")' for citing this R package in publications.

Attaching package: ‘GA’

The following object is masked from ‘package:utils’:

    de

> library(here)
here() starts at /scratch/wanglu57/job_scripts
> library(doRNG)
Loading required package: rngtools
> 
> source(here::here("ga_verbose.R"), local = T)
> source(here::here("chabaudi_si_clean.R"), local = T)
> # load function
> #-----------------------------#
> # load in parameters
> #-----------------------------#
> parameters_tsukushi <- c(R1 = 8.89*10^6, # slightly higher
+                          lambda = 3.7*10^5,
+                          mu = 0.025, 
+                          p = 8*10^-6, # doubled form original
+                          alpha = 1, 
+                          alphag = 2, 
+                          beta = 5.721, 
+                          mum = 48, 
+                          mug = 4, 
+                          I0 = 43.85965, 
+                          Ig0 = 0, 
+                          a = 150, 
+                          b = 100, 
+                          sp = 1,
+                          psin = 16.69234,
+                          psiw = 0.8431785,
+                          phin = 0.03520591, 
+                          phiw = 550.842,
+                          iota = 2.18*(10^6),
+                          rho = 0.2627156)
> 
> time_range <- seq(0, 20, by = 1e-3)
> 
> R_range <- seq((10^6), (10^7), ((10^7)-(10^6))/5000)
> 
> #-----------------------------#
> # Begin parallelized code
> #----------------------------#
> 
> 
> # Create an array from the NODESLIST environnement variable
> nodeslist = unlist(strsplit(Sys.getenv("NODESLIST"), split=" "))
> 
> # Create the cluster with the nodes name. One process per count of node name.
> # nodeslist = node1 node1 node2 node2, means we are starting 2 processes on node1, likewise on node2.
> cl = makeCluster(nodeslist, type = "PSOCK") 
> registerDoParallel(cl)
> clusterExport(cl,c("ga_verbose", "time_range", "parameters_tsukushi", "R_range", "chabaudi_si_clean")) 
> clusterCall(cl, library, package = "mclust", character.only = TRUE)
[[1]]
[1] "mclust"    "stats"     "graphics"  "grDevices" "utils"     "datasets" 
[7] "methods"   "base"     

[[2]]
[1] "mclust"    "stats"     "graphics"  "grDevices" "utils"     "datasets" 
[7] "methods"   "base"     

[[3]]
[1] "mclust"    "stats"     "graphics"  "grDevices" "utils"     "datasets" 
[7] "methods"   "base"     

[[4]]
[1] "mclust"    "stats"     "graphics"  "grDevices" "utils"     "datasets" 
[7] "methods"   "base"     

[[5]]
[1] "mclust"    "stats"     "graphics"  "grDevices" "utils"     "datasets" 
[7] "methods"   "base"     

[[6]]
[1] "mclust"    "stats"     "graphics"  "grDevices" "utils"     "datasets" 
[7] "methods"   "base"     

[[7]]
[1] "mclust"    "stats"     "graphics"  "grDevices" "utils"     "datasets" 
[7] "methods"   "base"     

[[8]]
[1] "mclust"    "stats"     "graphics"  "grDevices" "utils"     "datasets" 
[7] "methods"   "base"     

[[9]]
[1] "mclust"    "stats"     "graphics"  "grDevices" "utils"     "datasets" 
[7] "methods"   "base"     

[[10]]
[1] "mclust"    "stats"     "graphics"  "grDevices" "utils"     "datasets" 
[7] "methods"   "base"     

[[11]]
[1] "mclust"    "stats"     "graphics"  "grDevices" "utils"     "datasets" 
[7] "methods"   "base"     

[[12]]
[1] "mclust"    "stats"     "graphics"  "grDevices" "utils"     "datasets" 
[7] "methods"   "base"     

[[13]]
[1] "mclust"    "stats"     "graphics"  "grDevices" "utils"     "datasets" 
[7] "methods"   "base"     

[[14]]
[1] "mclust"    "stats"     "graphics"  "grDevices" "utils"     "datasets" 
[7] "methods"   "base"     

[[15]]
[1] "mclust"    "stats"     "graphics"  "grDevices" "utils"     "datasets" 
[7] "methods"   "base"     

[[16]]
[1] "mclust"    "stats"     "graphics"  "grDevices" "utils"     "datasets" 
[7] "methods"   "base"     

[[17]]
[1] "mclust"    "stats"     "graphics"  "grDevices" "utils"     "datasets" 
[7] "methods"   "base"     

[[18]]
[1] "mclust"    "stats"     "graphics"  "grDevices" "utils"     "datasets" 
[7] "methods"   "base"     

[[19]]
[1] "mclust"    "stats"     "graphics"  "grDevices" "utils"     "datasets" 
[7] "methods"   "base"     

[[20]]
[1] "mclust"    "stats"     "graphics"  "grDevices" "utils"     "datasets" 
[7] "methods"   "base"     

[[21]]
[1] "mclust"    "stats"     "graphics"  "grDevices" "utils"     "datasets" 
[7] "methods"   "base"     

[[22]]
[1] "mclust"    "stats"     "graphics"  "grDevices" "utils"     "datasets" 
[7] "methods"   "base"     

[[23]]
[1] "mclust"    "stats"     "graphics"  "grDevices" "utils"     "datasets" 
[7] "methods"   "base"     

[[24]]
[1] "mclust"    "stats"     "graphics"  "grDevices" "utils"     "datasets" 
[7] "methods"   "base"     

[[25]]
[1] "mclust"    "stats"     "graphics"  "grDevices" "utils"     "datasets" 
[7] "methods"   "base"     

[[26]]
[1] "mclust"    "stats"     "graphics"  "grDevices" "utils"     "datasets" 
[7] "methods"   "base"     

[[27]]
[1] "mclust"    "stats"     "graphics"  "grDevices" "utils"     "datasets" 
[7] "methods"   "base"     

[[28]]
[1] "mclust"    "stats"     "graphics"  "grDevices" "utils"     "datasets" 
[7] "methods"   "base"     

[[29]]
[1] "mclust"    "stats"     "graphics"  "grDevices" "utils"     "datasets" 
[7] "methods"   "base"     

[[30]]
[1] "mclust"    "stats"     "graphics"  "grDevices" "utils"     "datasets" 
[7] "methods"   "base"     

[[31]]
[1] "mclust"    "stats"     "graphics"  "grDevices" "utils"     "datasets" 
[7] "methods"   "base"     

[[32]]
[1] "mclust"    "stats"     "graphics"  "grDevices" "utils"     "datasets" 
[7] "methods"   "base"     

[[33]]
[1] "mclust"    "stats"     "graphics"  "grDevices" "utils"     "datasets" 
[7] "methods"   "base"     

[[34]]
[1] "mclust"    "stats"     "graphics"  "grDevices" "utils"     "datasets" 
[7] "methods"   "base"     

[[35]]
[1] "mclust"    "stats"     "graphics"  "grDevices" "utils"     "datasets" 
[7] "methods"   "base"     

[[36]]
[1] "mclust"    "stats"     "graphics"  "grDevices" "utils"     "datasets" 
[7] "methods"   "base"     

[[37]]
[1] "mclust"    "stats"     "graphics"  "grDevices" "utils"     "datasets" 
[7] "methods"   "base"     

[[38]]
[1] "mclust"    "stats"     "graphics"  "grDevices" "utils"     "datasets" 
[7] "methods"   "base"     

[[39]]
[1] "mclust"    "stats"     "graphics"  "grDevices" "utils"     "datasets" 
[7] "methods"   "base"     

[[40]]
[1] "mclust"    "stats"     "graphics"  "grDevices" "utils"     "datasets" 
[7] "methods"   "base"     

[[41]]
[1] "mclust"    "stats"     "graphics"  "grDevices" "utils"     "datasets" 
[7] "methods"   "base"     

[[42]]
[1] "mclust"    "stats"     "graphics"  "grDevices" "utils"     "datasets" 
[7] "methods"   "base"     

[[43]]
[1] "mclust"    "stats"     "graphics"  "grDevices" "utils"     "datasets" 
[7] "methods"   "base"     

[[44]]
[1] "mclust"    "stats"     "graphics"  "grDevices" "utils"     "datasets" 
[7] "methods"   "base"     

[[45]]
[1] "mclust"    "stats"     "graphics"  "grDevices" "utils"     "datasets" 
[7] "methods"   "base"     

[[46]]
[1] "mclust"    "stats"     "graphics"  "grDevices" "utils"     "datasets" 
[7] "methods"   "base"     

[[47]]
[1] "mclust"    "stats"     "graphics"  "grDevices" "utils"     "datasets" 
[7] "methods"   "base"     

[[48]]
[1] "mclust"    "stats"     "graphics"  "grDevices" "utils"     "datasets" 
[7] "methods"   "base"     

> ga_res <- ga_verbose(type = "real-valued", 
+                      function(x)
+                        chabaudi_si_clean(
+                          parameters_cr = c(x[1], x[2], x[3], x[4]), 
+                          parameters = parameters_tsukushi, 
+                          time_range = time_range, 
+                          cue = "R", 
+                          cue_range = R_range, 
+                          log_cue = "none",
+                          immunity = "tsukushi",
+                          solver = "vode"),
+                      lower = c(-1, -100, -1000, -5000), # range determined that would alter shape of spline
+                      upper = c(1, 100, 1000, 5000),  
+                      popSize = 250, 
+                      maxiter = 1000, # change to 10 for testing purpose 
+                      pmutation = 0.3,
+                      keepBest = TRUE,
+                      run = 100,
+                      parallel = cl,
+                      seed = 137,
+                      monitor = TRUE,
+                      id = "2022-03-24_si-R-emp")
-0.9814243 67.39365 -532.5235 436.9913[[1]]
           [,1]     [,2]      [,3]     [,4]
[1,] -0.9814243 67.39365 -532.5235 436.9913

[[2]]
[1] 1.694231

GA | iter = 1 | Mean = 0.1952398 | Best = 1.6942309
-0.9309945 -2.117067 -804.2782 376.2109[[1]]
           [,1]      [,2]      [,3]     [,4]
[1,] -0.9309945 -2.117067 -804.2782 376.2109

[[2]]
[1] 1.704382

GA | iter = 2 | Mean = 0.377592 | Best = 1.704382
-0.04119725 -5.326677 -693.2471 359.36[[1]]
            [,1]      [,2]      [,3]   [,4]
[1,] -0.04119725 -5.326677 -693.2471 359.36

[[2]]
[1] 1.793824

GA | iter = 3 | Mean = 0.6554996 | Best = 1.7938244
-0.04119725 -5.326677 -693.2471 359.36[[1]]
            [,1]      [,2]      [,3]   [,4]
[1,] -0.04119725 -5.326677 -693.2471 359.36

[[2]]
[1] 1.793824

GA | iter = 4 | Mean = 1.039551 | Best = 1.793824
-0.04119725 -5.326677 -693.2471 359.36[[1]]
            [,1]      [,2]      [,3]   [,4]
[1,] -0.04119725 -5.326677 -693.2471 359.36

[[2]]
[1] 1.793824

GA | iter = 5 | Mean = 1.273932 | Best = 1.793824
0.02375164 -11.2626 -774.8803 417.7797[[1]]
           [,1]     [,2]      [,3]     [,4]
[1,] 0.02375164 -11.2626 -774.8803 417.7797

[[2]]
[1] 1.796192

GA | iter = 6 | Mean = 1.319466 | Best = 1.796192
0.02375164 -11.2626 -774.8803 417.7797[[1]]
           [,1]     [,2]      [,3]     [,4]
[1,] 0.02375164 -11.2626 -774.8803 417.7797

[[2]]
[1] 1.796192

GA | iter = 7 | Mean = 1.351513 | Best = 1.796192
0.09920992 97.15741 -391.5715 193.3699[[1]]
           [,1]     [,2]      [,3]     [,4]
[1,] 0.09920992 97.15741 -391.5715 193.3699

[[2]]
[1] 1.808931

GA | iter = 8 | Mean = 1.428095 | Best = 1.808931
0.09920992 97.15741 -391.5715 193.3699[[1]]
           [,1]     [,2]      [,3]     [,4]
[1,] 0.09920992 97.15741 -391.5715 193.3699

[[2]]
[1] 1.808931

GA | iter = 9 | Mean = 1.415453 | Best = 1.808931
0.09920992 97.15741 -391.5715 193.3699[[1]]
           [,1]     [,2]      [,3]     [,4]
[1,] 0.09920992 97.15741 -391.5715 193.3699

[[2]]
[1] 1.808931

GA | iter = 10 | Mean = 1.446804 | Best = 1.808931
0.09920992 97.15741 -391.5715 193.3699[[1]]
           [,1]     [,2]      [,3]     [,4]
[1,] 0.09920992 97.15741 -391.5715 193.3699

[[2]]
[1] 1.808931

GA | iter = 11 | Mean = 1.436901 | Best = 1.808931
0.09920992 97.15741 -391.5715 193.3699[[1]]
           [,1]     [,2]      [,3]     [,4]
[1,] 0.09920992 97.15741 -391.5715 193.3699

[[2]]
[1] 1.808931

GA | iter = 12 | Mean = 1.450384 | Best = 1.808931
0.09920992 97.15741 -391.5715 193.3699[[1]]
           [,1]     [,2]      [,3]     [,4]
[1,] 0.09920992 97.15741 -391.5715 193.3699

[[2]]
[1] 1.808931

GA | iter = 13 | Mean = 1.413576 | Best = 1.808931
0.09920992 97.15741 -391.5715 193.3699[[1]]
           [,1]     [,2]      [,3]     [,4]
[1,] 0.09920992 97.15741 -391.5715 193.3699

[[2]]
[1] 1.808931

GA | iter = 14 | Mean = 1.459443 | Best = 1.808931
0.09920992 97.15741 -391.5715 193.3699[[1]]
           [,1]     [,2]      [,3]     [,4]
[1,] 0.09920992 97.15741 -391.5715 193.3699

[[2]]
[1] 1.808931

GA | iter = 15 | Mean = 1.519578 | Best = 1.808931
0.09920992 97.15741 -391.5715 193.3699[[1]]
           [,1]     [,2]      [,3]     [,4]
[1,] 0.09920992 97.15741 -391.5715 193.3699

[[2]]
[1] 1.808931

GA | iter = 16 | Mean = 1.503493 | Best = 1.808931
0.09920992 97.15741 -391.5715 193.3699[[1]]
           [,1]     [,2]      [,3]     [,4]
[1,] 0.09920992 97.15741 -391.5715 193.3699

[[2]]
[1] 1.808931

GA | iter = 17 | Mean = 1.520897 | Best = 1.808931
0.09920992 97.15741 -391.5715 193.3699[[1]]
           [,1]     [,2]      [,3]     [,4]
[1,] 0.09920992 97.15741 -391.5715 193.3699

[[2]]
[1] 1.808931

GA | iter = 18 | Mean = 1.519433 | Best = 1.808931
0.09920992 97.15741 -391.5715 193.3699[[1]]
           [,1]     [,2]      [,3]     [,4]
[1,] 0.09920992 97.15741 -391.5715 193.3699

[[2]]
[1] 1.808931

GA | iter = 19 | Mean = 1.511825 | Best = 1.808931
0.09920992 97.15741 -391.5715 193.3699[[1]]
           [,1]     [,2]      [,3]     [,4]
[1,] 0.09920992 97.15741 -391.5715 193.3699

[[2]]
[1] 1.808931

GA | iter = 20 | Mean = 1.463080 | Best = 1.808931
0.09920992 97.15741 -391.5715 193.3699[[1]]
           [,1]     [,2]      [,3]     [,4]
[1,] 0.09920992 97.15741 -391.5715 193.3699

[[2]]
[1] 1.808931

GA | iter = 21 | Mean = 1.495593 | Best = 1.808931
0.09920992 97.15741 -391.5715 193.3699[[1]]
           [,1]     [,2]      [,3]     [,4]
[1,] 0.09920992 97.15741 -391.5715 193.3699

[[2]]
[1] 1.808931

GA | iter = 22 | Mean = 1.484438 | Best = 1.808931
0.09920992 97.15741 -391.5715 193.3699[[1]]
           [,1]     [,2]      [,3]     [,4]
[1,] 0.09920992 97.15741 -391.5715 193.3699

[[2]]
[1] 1.808931

GA | iter = 23 | Mean = 1.461068 | Best = 1.808931
0.09920992 97.15741 -391.5715 193.3699[[1]]
           [,1]     [,2]      [,3]     [,4]
[1,] 0.09920992 97.15741 -391.5715 193.3699

[[2]]
[1] 1.808931

GA | iter = 24 | Mean = 1.452618 | Best = 1.808931
0.09920992 97.15741 -391.5715 193.3699[[1]]
           [,1]     [,2]      [,3]     [,4]
[1,] 0.09920992 97.15741 -391.5715 193.3699

[[2]]
[1] 1.808931

GA | iter = 25 | Mean = 1.484995 | Best = 1.808931
0.09920992 97.15741 -391.5715 193.3699[[1]]
           [,1]     [,2]      [,3]     [,4]
[1,] 0.09920992 97.15741 -391.5715 193.3699

[[2]]
[1] 1.808931

GA | iter = 26 | Mean = 1.533130 | Best = 1.808931
0.09920992 97.15741 -391.5715 193.3699[[1]]
           [,1]     [,2]      [,3]     [,4]
[1,] 0.09920992 97.15741 -391.5715 193.3699

[[2]]
[1] 1.808931

GA | iter = 27 | Mean = 1.532715 | Best = 1.808931
0.09920992 97.15741 -391.5715 193.3699[[1]]
           [,1]     [,2]      [,3]     [,4]
[1,] 0.09920992 97.15741 -391.5715 193.3699

[[2]]
[1] 1.808931

GA | iter = 28 | Mean = 1.500455 | Best = 1.808931
0.09920992 97.15741 -391.5715 193.3699[[1]]
           [,1]     [,2]      [,3]     [,4]
[1,] 0.09920992 97.15741 -391.5715 193.3699

[[2]]
[1] 1.808931

GA | iter = 29 | Mean = 1.523999 | Best = 1.808931
0.09920992 97.15741 -391.5715 193.3699[[1]]
           [,1]     [,2]      [,3]     [,4]
[1,] 0.09920992 97.15741 -391.5715 193.3699

[[2]]
[1] 1.808931

GA | iter = 30 | Mean = 1.540160 | Best = 1.808931
0.09920992 97.15741 -391.5715 193.3699[[1]]
           [,1]     [,2]      [,3]     [,4]
[1,] 0.09920992 97.15741 -391.5715 193.3699

[[2]]
[1] 1.808931

GA | iter = 31 | Mean = 1.474037 | Best = 1.808931
0.09920992 97.15741 -391.5715 193.3699[[1]]
           [,1]     [,2]      [,3]     [,4]
[1,] 0.09920992 97.15741 -391.5715 193.3699

[[2]]
[1] 1.808931

GA | iter = 32 | Mean = 1.489171 | Best = 1.808931
0.09920992 97.15741 -391.5715 193.3699[[1]]
           [,1]     [,2]      [,3]     [,4]
[1,] 0.09920992 97.15741 -391.5715 193.3699

[[2]]
[1] 1.808931

GA | iter = 33 | Mean = 1.517681 | Best = 1.808931
0.09920992 97.15741 -391.5715 193.3699[[1]]
           [,1]     [,2]      [,3]     [,4]
[1,] 0.09920992 97.15741 -391.5715 193.3699

[[2]]
[1] 1.808931

GA | iter = 34 | Mean = 1.535383 | Best = 1.808931
0.09920992 97.15741 -391.5715 193.3699[[1]]
           [,1]     [,2]      [,3]     [,4]
[1,] 0.09920992 97.15741 -391.5715 193.3699

[[2]]
[1] 1.808931

GA | iter = 35 | Mean = 1.509213 | Best = 1.808931
0.09920992 97.15741 -391.5715 193.3699[[1]]
           [,1]     [,2]      [,3]     [,4]
[1,] 0.09920992 97.15741 -391.5715 193.3699

[[2]]
[1] 1.808931

GA | iter = 36 | Mean = 1.531679 | Best = 1.808931
0.09920992 97.15741 -391.5715 193.3699[[1]]
           [,1]     [,2]      [,3]     [,4]
[1,] 0.09920992 97.15741 -391.5715 193.3699

[[2]]
[1] 1.808931

GA | iter = 37 | Mean = 1.490605 | Best = 1.808931
0.09920992 97.15741 -391.5715 193.3699[[1]]
           [,1]     [,2]      [,3]     [,4]
[1,] 0.09920992 97.15741 -391.5715 193.3699

[[2]]
[1] 1.808931

GA | iter = 38 | Mean = 1.502593 | Best = 1.808931
0.09920992 97.15741 -391.5715 193.3699[[1]]
           [,1]     [,2]      [,3]     [,4]
[1,] 0.09920992 97.15741 -391.5715 193.3699

[[2]]
[1] 1.808931

GA | iter = 39 | Mean = 1.514346 | Best = 1.808931
0.09920992 97.15741 -391.5715 193.3699[[1]]
           [,1]     [,2]      [,3]     [,4]
[1,] 0.09920992 97.15741 -391.5715 193.3699

[[2]]
[1] 1.808931

GA | iter = 40 | Mean = 1.567121 | Best = 1.808931
0.09920992 97.15741 -391.5715 193.3699[[1]]
           [,1]     [,2]      [,3]     [,4]
[1,] 0.09920992 97.15741 -391.5715 193.3699

[[2]]
[1] 1.808931

GA | iter = 41 | Mean = 1.565970 | Best = 1.808931
0.09920992 97.15741 -391.5715 193.3699[[1]]
           [,1]     [,2]      [,3]     [,4]
[1,] 0.09920992 97.15741 -391.5715 193.3699

[[2]]
[1] 1.808931

GA | iter = 42 | Mean = 1.533709 | Best = 1.808931
0.09920992 97.15741 -391.5715 193.3699[[1]]
           [,1]     [,2]      [,3]     [,4]
[1,] 0.09920992 97.15741 -391.5715 193.3699

[[2]]
[1] 1.808931

GA | iter = 43 | Mean = 1.529278 | Best = 1.808931
0.09920992 97.15741 -391.5715 193.3699[[1]]
           [,1]     [,2]      [,3]     [,4]
[1,] 0.09920992 97.15741 -391.5715 193.3699

[[2]]
[1] 1.808931

GA | iter = 44 | Mean = 1.467362 | Best = 1.808931
0.9602839 97.15741 -391.5715 193.3699[[1]]
          [,1]     [,2]      [,3]     [,4]
[1,] 0.9602839 97.15741 -391.5715 193.3699

[[2]]
[1] 1.812338

GA | iter = 45 | Mean = 1.524669 | Best = 1.812338
0.9602839 97.15741 -391.5715 193.3699[[1]]
          [,1]     [,2]      [,3]     [,4]
[1,] 0.9602839 97.15741 -391.5715 193.3699

[[2]]
[1] 1.812338

GA | iter = 46 | Mean = 1.493018 | Best = 1.812338
0.9602839 97.15741 -391.5715 193.3699[[1]]
          [,1]     [,2]      [,3]     [,4]
[1,] 0.9602839 97.15741 -391.5715 193.3699

[[2]]
[1] 1.812338

GA | iter = 47 | Mean = 1.532166 | Best = 1.812338
0.9602839 97.15741 -391.5715 193.3699[[1]]
          [,1]     [,2]      [,3]     [,4]
[1,] 0.9602839 97.15741 -391.5715 193.3699

[[2]]
[1] 1.812338

GA | iter = 48 | Mean = 1.510196 | Best = 1.812338
0.9602839 97.15741 -391.5715 193.3699[[1]]
          [,1]     [,2]      [,3]     [,4]
[1,] 0.9602839 97.15741 -391.5715 193.3699

[[2]]
[1] 1.812338

GA | iter = 49 | Mean = 1.510652 | Best = 1.812338
0.9602839 97.15741 -391.5715 193.3699[[1]]
          [,1]     [,2]      [,3]     [,4]
[1,] 0.9602839 97.15741 -391.5715 193.3699

[[2]]
[1] 1.812338

GA | iter = 50 | Mean = 1.543422 | Best = 1.812338
0.9602839 97.15741 -391.5715 193.3699[[1]]
          [,1]     [,2]      [,3]     [,4]
[1,] 0.9602839 97.15741 -391.5715 193.3699

[[2]]
[1] 1.812338

GA | iter = 51 | Mean = 1.529887 | Best = 1.812338
0.9602839 97.15741 -391.5715 193.3699[[1]]
          [,1]     [,2]      [,3]     [,4]
[1,] 0.9602839 97.15741 -391.5715 193.3699

[[2]]
[1] 1.812338

GA | iter = 52 | Mean = 1.509757 | Best = 1.812338
0.9602839 97.15741 -391.5715 193.3699[[1]]
          [,1]     [,2]      [,3]     [,4]
[1,] 0.9602839 97.15741 -391.5715 193.3699

[[2]]
[1] 1.812338

GA | iter = 53 | Mean = 1.562585 | Best = 1.812338
0.9602839 97.15741 -391.5715 193.3699[[1]]
          [,1]     [,2]      [,3]     [,4]
[1,] 0.9602839 97.15741 -391.5715 193.3699

[[2]]
[1] 1.812338

GA | iter = 54 | Mean = 1.478533 | Best = 1.812338
0.9602839 97.15741 -391.5715 193.3699[[1]]
          [,1]     [,2]      [,3]     [,4]
[1,] 0.9602839 97.15741 -391.5715 193.3699

[[2]]
[1] 1.812338

GA | iter = 55 | Mean = 1.581462 | Best = 1.812338
0.9602839 97.15741 -391.5715 193.3699[[1]]
          [,1]     [,2]      [,3]     [,4]
[1,] 0.9602839 97.15741 -391.5715 193.3699

[[2]]
[1] 1.812338

GA | iter = 56 | Mean = 1.414988 | Best = 1.812338
0.9602839 97.15741 -391.5715 193.3699[[1]]
          [,1]     [,2]      [,3]     [,4]
[1,] 0.9602839 97.15741 -391.5715 193.3699

[[2]]
[1] 1.812338

GA | iter = 57 | Mean = 1.550357 | Best = 1.812338
0.9602839 97.15741 -391.5715 193.3699[[1]]
          [,1]     [,2]      [,3]     [,4]
[1,] 0.9602839 97.15741 -391.5715 193.3699

[[2]]
[1] 1.812338

GA | iter = 58 | Mean = 1.533183 | Best = 1.812338
0.9602839 97.15741 -391.5715 193.3699[[1]]
          [,1]     [,2]      [,3]     [,4]
[1,] 0.9602839 97.15741 -391.5715 193.3699

[[2]]
[1] 1.812338

GA | iter = 59 | Mean = 1.440476 | Best = 1.812338
0.9602839 97.15741 -391.5715 193.3699[[1]]
          [,1]     [,2]      [,3]     [,4]
[1,] 0.9602839 97.15741 -391.5715 193.3699

[[2]]
[1] 1.812338

GA | iter = 60 | Mean = 1.471759 | Best = 1.812338
0.9602839 97.15741 -391.5715 193.3699[[1]]
          [,1]     [,2]      [,3]     [,4]
[1,] 0.9602839 97.15741 -391.5715 193.3699

[[2]]
[1] 1.812338

GA | iter = 61 | Mean = 1.486994 | Best = 1.812338
0.9602839 97.15741 -391.5715 193.3699[[1]]
          [,1]     [,2]      [,3]     [,4]
[1,] 0.9602839 97.15741 -391.5715 193.3699

[[2]]
[1] 1.812338

GA | iter = 62 | Mean = 1.516083 | Best = 1.812338
0.9602839 97.15741 -391.5715 193.3699[[1]]
          [,1]     [,2]      [,3]     [,4]
[1,] 0.9602839 97.15741 -391.5715 193.3699

[[2]]
[1] 1.812338

GA | iter = 63 | Mean = 1.499890 | Best = 1.812338
0.9602839 97.15741 -391.5715 193.3699[[1]]
          [,1]     [,2]      [,3]     [,4]
[1,] 0.9602839 97.15741 -391.5715 193.3699

[[2]]
[1] 1.812338

GA | iter = 64 | Mean = 1.470224 | Best = 1.812338
0.9602839 97.15741 -391.5715 193.3699[[1]]
          [,1]     [,2]      [,3]     [,4]
[1,] 0.9602839 97.15741 -391.5715 193.3699

[[2]]
[1] 1.812338

GA | iter = 65 | Mean = 1.508943 | Best = 1.812338
0.9602839 97.15741 -391.5715 193.3699[[1]]
          [,1]     [,2]      [,3]     [,4]
[1,] 0.9602839 97.15741 -391.5715 193.3699

[[2]]
[1] 1.812338

GA | iter = 66 | Mean = 1.507308 | Best = 1.812338
0.9602839 97.15741 -391.5715 193.3699[[1]]
          [,1]     [,2]      [,3]     [,4]
[1,] 0.9602839 97.15741 -391.5715 193.3699

[[2]]
[1] 1.812338

GA | iter = 67 | Mean = 1.464111 | Best = 1.812338
0.9602839 97.15741 -391.5715 193.3699[[1]]
          [,1]     [,2]      [,3]     [,4]
[1,] 0.9602839 97.15741 -391.5715 193.3699

[[2]]
[1] 1.812338

GA | iter = 68 | Mean = 1.549726 | Best = 1.812338
0.9602839 97.15741 -391.5715 193.3699[[1]]
          [,1]     [,2]      [,3]     [,4]
[1,] 0.9602839 97.15741 -391.5715 193.3699

[[2]]
[1] 1.812338

GA | iter = 69 | Mean = 1.502229 | Best = 1.812338
0.9602839 97.15741 -391.5715 193.3699[[1]]
          [,1]     [,2]      [,3]     [,4]
[1,] 0.9602839 97.15741 -391.5715 193.3699

[[2]]
[1] 1.812338

GA | iter = 70 | Mean = 1.523664 | Best = 1.812338
0.9602839 97.15741 -391.5715 193.3699[[1]]
          [,1]     [,2]      [,3]     [,4]
[1,] 0.9602839 97.15741 -391.5715 193.3699

[[2]]
[1] 1.812338

GA | iter = 71 | Mean = 1.476172 | Best = 1.812338
0.9602839 97.15741 -391.5715 193.3699[[1]]
          [,1]     [,2]      [,3]     [,4]
[1,] 0.9602839 97.15741 -391.5715 193.3699

[[2]]
[1] 1.812338

GA | iter = 72 | Mean = 1.548566 | Best = 1.812338
0.9602839 97.15741 -391.5715 193.3699[[1]]
          [,1]     [,2]      [,3]     [,4]
[1,] 0.9602839 97.15741 -391.5715 193.3699

[[2]]
[1] 1.812338

GA | iter = 73 | Mean = 1.462239 | Best = 1.812338
0.9602839 97.15741 -391.5715 193.3699[[1]]
          [,1]     [,2]      [,3]     [,4]
[1,] 0.9602839 97.15741 -391.5715 193.3699

[[2]]
[1] 1.812338

GA | iter = 74 | Mean = 1.494962 | Best = 1.812338
0.9602839 97.15741 -391.5715 193.3699[[1]]
          [,1]     [,2]      [,3]     [,4]
[1,] 0.9602839 97.15741 -391.5715 193.3699

[[2]]
[1] 1.812338

GA | iter = 75 | Mean = 1.558455 | Best = 1.812338
0.9602839 97.15741 -391.5715 193.3699[[1]]
          [,1]     [,2]      [,3]     [,4]
[1,] 0.9602839 97.15741 -391.5715 193.3699

[[2]]
[1] 1.812338

GA | iter = 76 | Mean = 1.492994 | Best = 1.812338
0.9602839 97.15741 -391.5715 193.3699[[1]]
          [,1]     [,2]      [,3]     [,4]
[1,] 0.9602839 97.15741 -391.5715 193.3699

[[2]]
[1] 1.812338

GA | iter = 77 | Mean = 1.489224 | Best = 1.812338
0.9602839 97.15741 -391.5715 193.3699[[1]]
          [,1]     [,2]      [,3]     [,4]
[1,] 0.9602839 97.15741 -391.5715 193.3699

[[2]]
[1] 1.812338

GA | iter = 78 | Mean = 1.552492 | Best = 1.812338
0.9602839 97.15741 -391.5715 193.3699[[1]]
          [,1]     [,2]      [,3]     [,4]
[1,] 0.9602839 97.15741 -391.5715 193.3699

[[2]]
[1] 1.812338

GA | iter = 79 | Mean = 1.523956 | Best = 1.812338
0.9602839 97.15741 -391.5715 193.3699[[1]]
          [,1]     [,2]      [,3]     [,4]
[1,] 0.9602839 97.15741 -391.5715 193.3699

[[2]]
[1] 1.812338

GA | iter = 80 | Mean = 1.551549 | Best = 1.812338
0.9602839 97.15741 -391.5715 193.3699[[1]]
          [,1]     [,2]      [,3]     [,4]
[1,] 0.9602839 97.15741 -391.5715 193.3699

[[2]]
[1] 1.812338

GA | iter = 81 | Mean = 1.501423 | Best = 1.812338
0.9602839 97.15741 -391.5715 193.3699[[1]]
          [,1]     [,2]      [,3]     [,4]
[1,] 0.9602839 97.15741 -391.5715 193.3699

[[2]]
[1] 1.812338

GA | iter = 82 | Mean = 1.495008 | Best = 1.812338
0.9602839 97.15741 -391.5715 193.3699[[1]]
          [,1]     [,2]      [,3]     [,4]
[1,] 0.9602839 97.15741 -391.5715 193.3699

[[2]]
[1] 1.812338

GA | iter = 83 | Mean = 1.548058 | Best = 1.812338
0.9602839 97.15741 -391.5715 193.3699[[1]]
          [,1]     [,2]      [,3]     [,4]
[1,] 0.9602839 97.15741 -391.5715 193.3699

[[2]]
[1] 1.812338

GA | iter = 84 | Mean = 1.490688 | Best = 1.812338
0.9602839 97.15741 -391.5715 193.3699[[1]]
          [,1]     [,2]      [,3]     [,4]
[1,] 0.9602839 97.15741 -391.5715 193.3699

[[2]]
[1] 1.812338

GA | iter = 85 | Mean = 1.513916 | Best = 1.812338
0.9602839 97.15741 -391.5715 193.3699[[1]]
          [,1]     [,2]      [,3]     [,4]
[1,] 0.9602839 97.15741 -391.5715 193.3699

[[2]]
[1] 1.812338

GA | iter = 86 | Mean = 1.487138 | Best = 1.812338
0.9602839 97.15741 -391.5715 193.3699[[1]]
          [,1]     [,2]      [,3]     [,4]
[1,] 0.9602839 97.15741 -391.5715 193.3699

[[2]]
[1] 1.812338

GA | iter = 87 | Mean = 1.522952 | Best = 1.812338
0.9602839 97.15741 -391.5715 193.3699[[1]]
          [,1]     [,2]      [,3]     [,4]
[1,] 0.9602839 97.15741 -391.5715 193.3699

[[2]]
[1] 1.812338

GA | iter = 88 | Mean = 1.574771 | Best = 1.812338
0.9602839 97.15741 -391.5715 193.3699[[1]]
          [,1]     [,2]      [,3]     [,4]
[1,] 0.9602839 97.15741 -391.5715 193.3699

[[2]]
[1] 1.812338

GA | iter = 89 | Mean = 1.517993 | Best = 1.812338
0.9602839 97.15741 -391.5715 193.3699[[1]]
          [,1]     [,2]      [,3]     [,4]
[1,] 0.9602839 97.15741 -391.5715 193.3699

[[2]]
[1] 1.812338

GA | iter = 90 | Mean = 1.479183 | Best = 1.812338
0.9602839 97.15741 -391.5715 193.3699[[1]]
          [,1]     [,2]      [,3]     [,4]
[1,] 0.9602839 97.15741 -391.5715 193.3699

[[2]]
[1] 1.812338

GA | iter = 91 | Mean = 1.448141 | Best = 1.812338
0.9602839 97.15741 -391.5715 193.3699[[1]]
          [,1]     [,2]      [,3]     [,4]
[1,] 0.9602839 97.15741 -391.5715 193.3699

[[2]]
[1] 1.812338

GA | iter = 92 | Mean = 1.511767 | Best = 1.812338
0.9602839 97.15741 -391.5715 193.3699[[1]]
          [,1]     [,2]      [,3]     [,4]
[1,] 0.9602839 97.15741 -391.5715 193.3699

[[2]]
[1] 1.812338

GA | iter = 93 | Mean = 1.472291 | Best = 1.812338
0.9602839 97.15741 -391.5715 193.3699[[1]]
          [,1]     [,2]      [,3]     [,4]
[1,] 0.9602839 97.15741 -391.5715 193.3699

[[2]]
[1] 1.812338

GA | iter = 94 | Mean = 1.529405 | Best = 1.812338
0.6382309 86.46632 -392.0121 196.9[[1]]
          [,1]     [,2]      [,3]  [,4]
[1,] 0.6382309 86.46632 -392.0121 196.9

[[2]]
[1] 1.81338

GA | iter = 95 | Mean = 1.502235 | Best = 1.813380
0.6382309 86.46632 -392.0121 196.9[[1]]
          [,1]     [,2]      [,3]  [,4]
[1,] 0.6382309 86.46632 -392.0121 196.9

[[2]]
[1] 1.81338

GA | iter = 96 | Mean = 1.483154 | Best = 1.813380
0.6382309 86.46632 -392.0121 196.9[[1]]
          [,1]     [,2]      [,3]  [,4]
[1,] 0.6382309 86.46632 -392.0121 196.9

[[2]]
[1] 1.81338

GA | iter = 97 | Mean = 1.465689 | Best = 1.813380
0.6382309 86.46632 -392.0121 196.9[[1]]
          [,1]     [,2]      [,3]  [,4]
[1,] 0.6382309 86.46632 -392.0121 196.9

[[2]]
[1] 1.81338

GA | iter = 98 | Mean = 1.472002 | Best = 1.813380
0.6382309 86.46632 -392.0121 196.9[[1]]
          [,1]     [,2]      [,3]  [,4]
[1,] 0.6382309 86.46632 -392.0121 196.9

[[2]]
[1] 1.81338

GA | iter = 99 | Mean = 1.520903 | Best = 1.813380
0.6382309 86.46632 -392.0121 196.9[[1]]
          [,1]     [,2]      [,3]  [,4]
[1,] 0.6382309 86.46632 -392.0121 196.9

[[2]]
[1] 1.81338

GA | iter = 100 | Mean = 1.528962 | Best = 1.813380
0.6382309 86.46632 -392.0121 196.9[[1]]
          [,1]     [,2]      [,3]  [,4]
[1,] 0.6382309 86.46632 -392.0121 196.9

[[2]]
[1] 1.81338

GA | iter = 101 | Mean = 1.507907 | Best = 1.813380
0.6382309 86.46632 -392.0121 196.9[[1]]
          [,1]     [,2]      [,3]  [,4]
[1,] 0.6382309 86.46632 -392.0121 196.9

[[2]]
[1] 1.81338

GA | iter = 102 | Mean = 1.480415 | Best = 1.813380
0.6382309 86.46632 -392.0121 196.9[[1]]
          [,1]     [,2]      [,3]  [,4]
[1,] 0.6382309 86.46632 -392.0121 196.9

[[2]]
[1] 1.81338

GA | iter = 103 | Mean = 1.437275 | Best = 1.813380
0.6382309 86.46632 -392.0121 196.9[[1]]
          [,1]     [,2]      [,3]  [,4]
[1,] 0.6382309 86.46632 -392.0121 196.9

[[2]]
[1] 1.81338

GA | iter = 104 | Mean = 1.481058 | Best = 1.813380
0.6382309 86.46632 -392.0121 196.9[[1]]
          [,1]     [,2]      [,3]  [,4]
[1,] 0.6382309 86.46632 -392.0121 196.9

[[2]]
[1] 1.81338

GA | iter = 105 | Mean = 1.493512 | Best = 1.813380
0.6382309 86.46632 -392.0121 196.9[[1]]
          [,1]     [,2]      [,3]  [,4]
[1,] 0.6382309 86.46632 -392.0121 196.9

[[2]]
[1] 1.81338

GA | iter = 106 | Mean = 1.535791 | Best = 1.813380
0.6382309 86.46632 -392.0121 196.9[[1]]
          [,1]     [,2]      [,3]  [,4]
[1,] 0.6382309 86.46632 -392.0121 196.9

[[2]]
[1] 1.81338

GA | iter = 107 | Mean = 1.51214 | Best = 1.81338
0.6382309 86.46632 -392.0121 196.9[[1]]
          [,1]     [,2]      [,3]  [,4]
[1,] 0.6382309 86.46632 -392.0121 196.9

[[2]]
[1] 1.81338

GA | iter = 108 | Mean = 1.541798 | Best = 1.813380
0.6382309 86.46632 -392.0121 196.9[[1]]
          [,1]     [,2]      [,3]  [,4]
[1,] 0.6382309 86.46632 -392.0121 196.9

[[2]]
[1] 1.81338

GA | iter = 109 | Mean = 1.419679 | Best = 1.813380
0.6382309 86.46632 -392.0121 196.9[[1]]
          [,1]     [,2]      [,3]  [,4]
[1,] 0.6382309 86.46632 -392.0121 196.9

[[2]]
[1] 1.81338

GA | iter = 110 | Mean = 1.563484 | Best = 1.813380
0.6382309 86.46632 -392.0121 196.9[[1]]
          [,1]     [,2]      [,3]  [,4]
[1,] 0.6382309 86.46632 -392.0121 196.9

[[2]]
[1] 1.81338

GA | iter = 111 | Mean = 1.567297 | Best = 1.813380
0.6382309 86.46632 -392.0121 196.9[[1]]
          [,1]     [,2]      [,3]  [,4]
[1,] 0.6382309 86.46632 -392.0121 196.9

[[2]]
[1] 1.81338

GA | iter = 112 | Mean = 1.532687 | Best = 1.813380
0.6382309 86.46632 -392.0121 196.9[[1]]
          [,1]     [,2]      [,3]  [,4]
[1,] 0.6382309 86.46632 -392.0121 196.9

[[2]]
[1] 1.81338

GA | iter = 113 | Mean = 1.528051 | Best = 1.813380
0.6382309 86.46632 -392.0121 196.9[[1]]
          [,1]     [,2]      [,3]  [,4]
[1,] 0.6382309 86.46632 -392.0121 196.9

[[2]]
[1] 1.81338

GA | iter = 114 | Mean = 1.510547 | Best = 1.813380
0.6382309 86.46632 -392.0121 196.9[[1]]
          [,1]     [,2]      [,3]  [,4]
[1,] 0.6382309 86.46632 -392.0121 196.9

[[2]]
[1] 1.81338

GA | iter = 115 | Mean = 1.544016 | Best = 1.813380
0.6382309 86.46632 -392.0121 196.9[[1]]
          [,1]     [,2]      [,3]  [,4]
[1,] 0.6382309 86.46632 -392.0121 196.9

[[2]]
[1] 1.81338

GA | iter = 116 | Mean = 1.503725 | Best = 1.813380
0.6382309 86.46632 -392.0121 196.9[[1]]
          [,1]     [,2]      [,3]  [,4]
[1,] 0.6382309 86.46632 -392.0121 196.9

[[2]]
[1] 1.81338

GA | iter = 117 | Mean = 1.49361 | Best = 1.81338
0.6382309 86.46632 -392.0121 196.9[[1]]
          [,1]     [,2]      [,3]  [,4]
[1,] 0.6382309 86.46632 -392.0121 196.9

[[2]]
[1] 1.81338

GA | iter = 118 | Mean = 1.559116 | Best = 1.813380
0.6382309 86.46632 -392.0121 196.9[[1]]
          [,1]     [,2]      [,3]  [,4]
[1,] 0.6382309 86.46632 -392.0121 196.9

[[2]]
[1] 1.81338

GA | iter = 119 | Mean = 1.514871 | Best = 1.813380
0.6382309 86.46632 -392.0121 196.9[[1]]
          [,1]     [,2]      [,3]  [,4]
[1,] 0.6382309 86.46632 -392.0121 196.9

[[2]]
[1] 1.81338

GA | iter = 120 | Mean = 1.510082 | Best = 1.813380
0.6382309 86.46632 -392.0121 196.9[[1]]
          [,1]     [,2]      [,3]  [,4]
[1,] 0.6382309 86.46632 -392.0121 196.9

[[2]]
[1] 1.81338

GA | iter = 121 | Mean = 1.527585 | Best = 1.813380
0.6382309 86.46632 -392.0121 196.9[[1]]
          [,1]     [,2]      [,3]  [,4]
[1,] 0.6382309 86.46632 -392.0121 196.9

[[2]]
[1] 1.81338

GA | iter = 122 | Mean = 1.573539 | Best = 1.813380
0.6382309 86.46632 -392.0121 196.9[[1]]
          [,1]     [,2]      [,3]  [,4]
[1,] 0.6382309 86.46632 -392.0121 196.9

[[2]]
[1] 1.81338

GA | iter = 123 | Mean = 1.541071 | Best = 1.813380
0.6382309 86.46632 -392.0121 196.9[[1]]
          [,1]     [,2]      [,3]  [,4]
[1,] 0.6382309 86.46632 -392.0121 196.9

[[2]]
[1] 1.81338

GA | iter = 124 | Mean = 1.585143 | Best = 1.813380
0.6382309 86.46632 -392.0121 196.9[[1]]
          [,1]     [,2]      [,3]  [,4]
[1,] 0.6382309 86.46632 -392.0121 196.9

[[2]]
[1] 1.81338

GA | iter = 125 | Mean = 1.516365 | Best = 1.813380
0.6382309 86.46632 -392.0121 196.9[[1]]
          [,1]     [,2]      [,3]  [,4]
[1,] 0.6382309 86.46632 -392.0121 196.9

[[2]]
[1] 1.81338

GA | iter = 126 | Mean = 1.615977 | Best = 1.813380
0.6382309 86.46632 -392.0121 196.9[[1]]
          [,1]     [,2]      [,3]  [,4]
[1,] 0.6382309 86.46632 -392.0121 196.9

[[2]]
[1] 1.81338

GA | iter = 127 | Mean = 1.595216 | Best = 1.813380
0.6382309 86.46632 -392.0121 196.9[[1]]
          [,1]     [,2]      [,3]  [,4]
[1,] 0.6382309 86.46632 -392.0121 196.9

[[2]]
[1] 1.81338

GA | iter = 128 | Mean = 1.53833 | Best = 1.81338
0.6382309 86.46632 -392.0121 196.9[[1]]
          [,1]     [,2]      [,3]  [,4]
[1,] 0.6382309 86.46632 -392.0121 196.9

[[2]]
[1] 1.81338

GA | iter = 129 | Mean = 1.523526 | Best = 1.813380
0.6382309 86.46632 -392.0121 196.9[[1]]
          [,1]     [,2]      [,3]  [,4]
[1,] 0.6382309 86.46632 -392.0121 196.9

[[2]]
[1] 1.81338

GA | iter = 130 | Mean = 1.596278 | Best = 1.813380
0.6382309 86.46632 -392.0121 196.9[[1]]
          [,1]     [,2]      [,3]  [,4]
[1,] 0.6382309 86.46632 -392.0121 196.9

[[2]]
[1] 1.81338

GA | iter = 131 | Mean = 1.520363 | Best = 1.813380
0.6382309 86.46632 -392.0121 196.9[[1]]
          [,1]     [,2]      [,3]  [,4]
[1,] 0.6382309 86.46632 -392.0121 196.9

[[2]]
[1] 1.81338

GA | iter = 132 | Mean = 1.605524 | Best = 1.813380
0.6382309 86.46632 -392.0121 196.9[[1]]
          [,1]     [,2]      [,3]  [,4]
[1,] 0.6382309 86.46632 -392.0121 196.9

[[2]]
[1] 1.81338

GA | iter = 133 | Mean = 1.538606 | Best = 1.813380
0.6382309 86.46632 -392.0121 196.9[[1]]
          [,1]     [,2]      [,3]  [,4]
[1,] 0.6382309 86.46632 -392.0121 196.9

[[2]]
[1] 1.81338

GA | iter = 134 | Mean = 1.546124 | Best = 1.813380
0.6382309 86.46632 -392.0121 196.9[[1]]
          [,1]     [,2]      [,3]  [,4]
[1,] 0.6382309 86.46632 -392.0121 196.9

[[2]]
[1] 1.81338

GA | iter = 135 | Mean = 1.549973 | Best = 1.813380
0.6382309 86.46632 -392.0121 196.9[[1]]
          [,1]     [,2]      [,3]  [,4]
[1,] 0.6382309 86.46632 -392.0121 196.9

[[2]]
[1] 1.81338

GA | iter = 136 | Mean = 1.611149 | Best = 1.813380
0.6382309 86.46632 -392.0121 196.9[[1]]
          [,1]     [,2]      [,3]  [,4]
[1,] 0.6382309 86.46632 -392.0121 196.9

[[2]]
[1] 1.81338

GA | iter = 137 | Mean = 1.518672 | Best = 1.813380
0.6382309 86.46632 -392.0121 196.9[[1]]
          [,1]     [,2]      [,3]  [,4]
[1,] 0.6382309 86.46632 -392.0121 196.9

[[2]]
[1] 1.81338

GA | iter = 138 | Mean = 1.602358 | Best = 1.813380
0.6382309 86.46632 -392.0121 196.9[[1]]
          [,1]     [,2]      [,3]  [,4]
[1,] 0.6382309 86.46632 -392.0121 196.9

[[2]]
[1] 1.81338

GA | iter = 139 | Mean = 1.625692 | Best = 1.813380
0.6382309 86.46632 -392.0121 196.9[[1]]
          [,1]     [,2]      [,3]  [,4]
[1,] 0.6382309 86.46632 -392.0121 196.9

[[2]]
[1] 1.81338

GA | iter = 140 | Mean = 1.573787 | Best = 1.813380
0.6382309 86.46632 -392.0121 196.9[[1]]
          [,1]     [,2]      [,3]  [,4]
[1,] 0.6382309 86.46632 -392.0121 196.9

[[2]]
[1] 1.81338

GA | iter = 141 | Mean = 1.575119 | Best = 1.813380
0.6382309 86.46632 -392.0121 196.9[[1]]
          [,1]     [,2]      [,3]  [,4]
[1,] 0.6382309 86.46632 -392.0121 196.9

[[2]]
[1] 1.81338

GA | iter = 142 | Mean = 1.602942 | Best = 1.813380
0.6382309 86.46632 -392.0121 196.9[[1]]
          [,1]     [,2]      [,3]  [,4]
[1,] 0.6382309 86.46632 -392.0121 196.9

[[2]]
[1] 1.81338

GA | iter = 143 | Mean = 1.531288 | Best = 1.813380
0.6382309 86.46632 -392.0121 196.9[[1]]
          [,1]     [,2]      [,3]  [,4]
[1,] 0.6382309 86.46632 -392.0121 196.9

[[2]]
[1] 1.81338

GA | iter = 144 | Mean = 1.572453 | Best = 1.813380
0.6382309 86.46632 -392.0121 196.9[[1]]
          [,1]     [,2]      [,3]  [,4]
[1,] 0.6382309 86.46632 -392.0121 196.9

[[2]]
[1] 1.81338

GA | iter = 145 | Mean = 1.524713 | Best = 1.813380
0.6382309 86.46632 -392.0121 196.9[[1]]
          [,1]     [,2]      [,3]  [,4]
[1,] 0.6382309 86.46632 -392.0121 196.9

[[2]]
[1] 1.81338

GA | iter = 146 | Mean = 1.549608 | Best = 1.813380
0.6382309 86.46632 -392.0121 196.9[[1]]
          [,1]     [,2]      [,3]  [,4]
[1,] 0.6382309 86.46632 -392.0121 196.9

[[2]]
[1] 1.81338

GA | iter = 147 | Mean = 1.553281 | Best = 1.813380
0.6382309 86.46632 -392.0121 196.9[[1]]
          [,1]     [,2]      [,3]  [,4]
[1,] 0.6382309 86.46632 -392.0121 196.9

[[2]]
[1] 1.81338

GA | iter = 148 | Mean = 1.560618 | Best = 1.813380
0.6382309 86.46632 -392.0121 196.9[[1]]
          [,1]     [,2]      [,3]  [,4]
[1,] 0.6382309 86.46632 -392.0121 196.9

[[2]]
[1] 1.81338

GA | iter = 149 | Mean = 1.580501 | Best = 1.813380
0.6382309 86.46632 -392.0121 196.9[[1]]
          [,1]     [,2]      [,3]  [,4]
[1,] 0.6382309 86.46632 -392.0121 196.9

[[2]]
[1] 1.81338

GA | iter = 150 | Mean = 1.549207 | Best = 1.813380
0.6382309 86.46632 -392.0121 196.9[[1]]
          [,1]     [,2]      [,3]  [,4]
[1,] 0.6382309 86.46632 -392.0121 196.9

[[2]]
[1] 1.81338

GA | iter = 151 | Mean = 1.490397 | Best = 1.813380
0.6382309 86.46632 -392.0121 196.9[[1]]
          [,1]     [,2]      [,3]  [,4]
[1,] 0.6382309 86.46632 -392.0121 196.9

[[2]]
[1] 1.81338

GA | iter = 152 | Mean = 1.510203 | Best = 1.813380
0.6382309 86.46632 -392.0121 196.9[[1]]
          [,1]     [,2]      [,3]  [,4]
[1,] 0.6382309 86.46632 -392.0121 196.9

[[2]]
[1] 1.81338

GA | iter = 153 | Mean = 1.511927 | Best = 1.813380
0.6382309 86.46632 -392.0121 196.9[[1]]
          [,1]     [,2]      [,3]  [,4]
[1,] 0.6382309 86.46632 -392.0121 196.9

[[2]]
[1] 1.81338

GA | iter = 154 | Mean = 1.580973 | Best = 1.813380
0.6382309 86.46632 -392.0121 196.9[[1]]
          [,1]     [,2]      [,3]  [,4]
[1,] 0.6382309 86.46632 -392.0121 196.9

[[2]]
[1] 1.81338

GA | iter = 155 | Mean = 1.512831 | Best = 1.813380
0.6382309 86.46632 -392.0121 196.9[[1]]
          [,1]     [,2]      [,3]  [,4]
[1,] 0.6382309 86.46632 -392.0121 196.9

[[2]]
[1] 1.81338

GA | iter = 156 | Mean = 1.508943 | Best = 1.813380
0.6382309 86.46632 -392.0121 196.9[[1]]
          [,1]     [,2]      [,3]  [,4]
[1,] 0.6382309 86.46632 -392.0121 196.9

[[2]]
[1] 1.81338

GA | iter = 157 | Mean = 1.60806 | Best = 1.81338
0.6382309 86.46632 -392.0121 196.9[[1]]
          [,1]     [,2]      [,3]  [,4]
[1,] 0.6382309 86.46632 -392.0121 196.9

[[2]]
[1] 1.81338

GA | iter = 158 | Mean = 1.514638 | Best = 1.813380
0.6382309 86.46632 -392.0121 196.9[[1]]
          [,1]     [,2]      [,3]  [,4]
[1,] 0.6382309 86.46632 -392.0121 196.9

[[2]]
[1] 1.81338

GA | iter = 159 | Mean = 1.566061 | Best = 1.813380
0.6382309 86.46632 -392.0121 196.9[[1]]
          [,1]     [,2]      [,3]  [,4]
[1,] 0.6382309 86.46632 -392.0121 196.9

[[2]]
[1] 1.81338

GA | iter = 160 | Mean = 1.584419 | Best = 1.813380
0.6382309 86.46632 -392.0121 196.9[[1]]
          [,1]     [,2]      [,3]  [,4]
[1,] 0.6382309 86.46632 -392.0121 196.9

[[2]]
[1] 1.81338

GA | iter = 161 | Mean = 1.574982 | Best = 1.813380
0.6382309 86.46632 -392.0121 196.9[[1]]
          [,1]     [,2]      [,3]  [,4]
[1,] 0.6382309 86.46632 -392.0121 196.9

[[2]]
[1] 1.81338

GA | iter = 162 | Mean = 1.557158 | Best = 1.813380
0.6382309 86.46632 -392.0121 196.9[[1]]
          [,1]     [,2]      [,3]  [,4]
[1,] 0.6382309 86.46632 -392.0121 196.9

[[2]]
[1] 1.81338

GA | iter = 163 | Mean = 1.544409 | Best = 1.813380
0.6382309 86.46632 -392.0121 196.9[[1]]
          [,1]     [,2]      [,3]  [,4]
[1,] 0.6382309 86.46632 -392.0121 196.9

[[2]]
[1] 1.81338

GA | iter = 164 | Mean = 1.536028 | Best = 1.813380
0.6382309 86.46632 -392.0121 196.9[[1]]
          [,1]     [,2]      [,3]  [,4]
[1,] 0.6382309 86.46632 -392.0121 196.9

[[2]]
[1] 1.81338

GA | iter = 165 | Mean = 1.51197 | Best = 1.81338
0.6382309 86.46632 -392.0121 196.9[[1]]
          [,1]     [,2]      [,3]  [,4]
[1,] 0.6382309 86.46632 -392.0121 196.9

[[2]]
[1] 1.81338

GA | iter = 166 | Mean = 1.54573 | Best = 1.81338
0.6382309 86.46632 -392.0121 196.9[[1]]
          [,1]     [,2]      [,3]  [,4]
[1,] 0.6382309 86.46632 -392.0121 196.9

[[2]]
[1] 1.81338

GA | iter = 167 | Mean = 1.528963 | Best = 1.813380
-0.05219048 94.63402 -390.6144 196.916[[1]]
            [,1]     [,2]      [,3]    [,4]
[1,] -0.05219048 94.63402 -390.6144 196.916

[[2]]
[1] 1.813684

GA | iter = 168 | Mean = 1.598387 | Best = 1.813684
-0.05219048 94.63402 -390.6144 196.916[[1]]
            [,1]     [,2]      [,3]    [,4]
[1,] -0.05219048 94.63402 -390.6144 196.916

[[2]]
[1] 1.813684

GA | iter = 169 | Mean = 1.520143 | Best = 1.813684
-0.05219048 94.63402 -390.6144 196.916[[1]]
            [,1]     [,2]      [,3]    [,4]
[1,] -0.05219048 94.63402 -390.6144 196.916

[[2]]
[1] 1.813684

GA | iter = 170 | Mean = 1.546007 | Best = 1.813684
-0.05219048 94.63402 -390.6144 196.916[[1]]
            [,1]     [,2]      [,3]    [,4]
[1,] -0.05219048 94.63402 -390.6144 196.916

[[2]]
[1] 1.813684

GA | iter = 171 | Mean = 1.534840 | Best = 1.813684
-0.05219048 94.63402 -390.6144 196.916[[1]]
            [,1]     [,2]      [,3]    [,4]
[1,] -0.05219048 94.63402 -390.6144 196.916

[[2]]
[1] 1.813684

GA | iter = 172 | Mean = 1.525322 | Best = 1.813684
-0.05219048 94.63402 -390.6144 196.916[[1]]
            [,1]     [,2]      [,3]    [,4]
[1,] -0.05219048 94.63402 -390.6144 196.916

[[2]]
[1] 1.813684

GA | iter = 173 | Mean = 1.527591 | Best = 1.813684
-0.05219048 94.63402 -390.6144 196.916[[1]]
            [,1]     [,2]      [,3]    [,4]
[1,] -0.05219048 94.63402 -390.6144 196.916

[[2]]
[1] 1.813684

GA | iter = 174 | Mean = 1.573844 | Best = 1.813684
-0.05219048 94.63402 -390.6144 196.916[[1]]
            [,1]     [,2]      [,3]    [,4]
[1,] -0.05219048 94.63402 -390.6144 196.916

[[2]]
[1] 1.813684

GA | iter = 175 | Mean = 1.515872 | Best = 1.813684
-0.05219048 94.63402 -390.6144 196.916[[1]]
            [,1]     [,2]      [,3]    [,4]
[1,] -0.05219048 94.63402 -390.6144 196.916

[[2]]
[1] 1.813684

GA | iter = 176 | Mean = 1.584831 | Best = 1.813684
-0.05219048 94.63402 -390.6144 196.916[[1]]
            [,1]     [,2]      [,3]    [,4]
[1,] -0.05219048 94.63402 -390.6144 196.916

[[2]]
[1] 1.813684

GA | iter = 177 | Mean = 1.557648 | Best = 1.813684
-0.05219048 94.63402 -390.6144 196.916[[1]]
            [,1]     [,2]      [,3]    [,4]
[1,] -0.05219048 94.63402 -390.6144 196.916

[[2]]
[1] 1.813684

GA | iter = 178 | Mean = 1.523628 | Best = 1.813684
-0.05219048 94.63402 -390.6144 196.916[[1]]
            [,1]     [,2]      [,3]    [,4]
[1,] -0.05219048 94.63402 -390.6144 196.916

[[2]]
[1] 1.813684

GA | iter = 179 | Mean = 1.528217 | Best = 1.813684
-0.05219048 94.63402 -390.6144 196.916[[1]]
            [,1]     [,2]      [,3]    [,4]
[1,] -0.05219048 94.63402 -390.6144 196.916

[[2]]
[1] 1.813684

GA | iter = 180 | Mean = 1.493320 | Best = 1.813684
-0.05219048 94.63402 -390.6144 196.916[[1]]
            [,1]     [,2]      [,3]    [,4]
[1,] -0.05219048 94.63402 -390.6144 196.916

[[2]]
[1] 1.813684

GA | iter = 181 | Mean = 1.528726 | Best = 1.813684
-0.05219048 94.63402 -390.6144 196.916[[1]]
            [,1]     [,2]      [,3]    [,4]
[1,] -0.05219048 94.63402 -390.6144 196.916

[[2]]
[1] 1.813684

GA | iter = 182 | Mean = 1.540356 | Best = 1.813684
-0.05219048 94.63402 -390.6144 196.916[[1]]
            [,1]     [,2]      [,3]    [,4]
[1,] -0.05219048 94.63402 -390.6144 196.916

[[2]]
[1] 1.813684

GA | iter = 183 | Mean = 1.506793 | Best = 1.813684
-0.05219048 94.63402 -390.6144 196.916[[1]]
            [,1]     [,2]      [,3]    [,4]
[1,] -0.05219048 94.63402 -390.6144 196.916

[[2]]
[1] 1.813684

GA | iter = 184 | Mean = 1.515674 | Best = 1.813684
-0.05219048 94.63402 -390.6144 196.916[[1]]
            [,1]     [,2]      [,3]    [,4]
[1,] -0.05219048 94.63402 -390.6144 196.916

[[2]]
[1] 1.813684

GA | iter = 185 | Mean = 1.635928 | Best = 1.813684
-0.05219048 94.63402 -390.6144 196.916[[1]]
            [,1]     [,2]      [,3]    [,4]
[1,] -0.05219048 94.63402 -390.6144 196.916

[[2]]
[1] 1.813684

GA | iter = 186 | Mean = 1.524654 | Best = 1.813684
-0.05219048 94.63402 -390.6144 196.916[[1]]
            [,1]     [,2]      [,3]    [,4]
[1,] -0.05219048 94.63402 -390.6144 196.916

[[2]]
[1] 1.813684

GA | iter = 187 | Mean = 1.532638 | Best = 1.813684
-0.05219048 94.63402 -390.6144 196.916[[1]]
            [,1]     [,2]      [,3]    [,4]
[1,] -0.05219048 94.63402 -390.6144 196.916

[[2]]
[1] 1.813684

GA | iter = 188 | Mean = 1.543162 | Best = 1.813684
-0.05219048 94.63402 -390.6144 196.916[[1]]
            [,1]     [,2]      [,3]    [,4]
[1,] -0.05219048 94.63402 -390.6144 196.916

[[2]]
[1] 1.813684

GA | iter = 189 | Mean = 1.541495 | Best = 1.813684
-0.05219048 94.63402 -390.6144 196.916[[1]]
            [,1]     [,2]      [,3]    [,4]
[1,] -0.05219048 94.63402 -390.6144 196.916

[[2]]
[1] 1.813684

GA | iter = 190 | Mean = 1.461793 | Best = 1.813684
-0.05219048 94.63402 -390.6144 196.916[[1]]
            [,1]     [,2]      [,3]    [,4]
[1,] -0.05219048 94.63402 -390.6144 196.916

[[2]]
[1] 1.813684

GA | iter = 191 | Mean = 1.554486 | Best = 1.813684
-0.05219048 94.63402 -390.6144 196.916[[1]]
            [,1]     [,2]      [,3]    [,4]
[1,] -0.05219048 94.63402 -390.6144 196.916

[[2]]
[1] 1.813684

GA | iter = 192 | Mean = 1.540715 | Best = 1.813684
-0.05219048 94.63402 -390.6144 196.916[[1]]
            [,1]     [,2]      [,3]    [,4]
[1,] -0.05219048 94.63402 -390.6144 196.916

[[2]]
[1] 1.813684

GA | iter = 193 | Mean = 1.514997 | Best = 1.813684
-0.05219048 94.63402 -390.6144 196.916[[1]]
            [,1]     [,2]      [,3]    [,4]
[1,] -0.05219048 94.63402 -390.6144 196.916

[[2]]
[1] 1.813684

GA | iter = 194 | Mean = 1.554754 | Best = 1.813684
-0.05219048 94.63402 -390.6144 196.916[[1]]
            [,1]     [,2]      [,3]    [,4]
[1,] -0.05219048 94.63402 -390.6144 196.916

[[2]]
[1] 1.813684

GA | iter = 195 | Mean = 1.571155 | Best = 1.813684
-0.05219048 94.63402 -390.6144 196.916[[1]]
            [,1]     [,2]      [,3]    [,4]
[1,] -0.05219048 94.63402 -390.6144 196.916

[[2]]
[1] 1.813684

GA | iter = 196 | Mean = 1.539873 | Best = 1.813684
-0.05219048 94.63402 -390.6144 196.916[[1]]
            [,1]     [,2]      [,3]    [,4]
[1,] -0.05219048 94.63402 -390.6144 196.916

[[2]]
[1] 1.813684

GA | iter = 197 | Mean = 1.544681 | Best = 1.813684
-0.05219048 94.63402 -390.6144 196.916[[1]]
            [,1]     [,2]      [,3]    [,4]
[1,] -0.05219048 94.63402 -390.6144 196.916

[[2]]
[1] 1.813684

GA | iter = 198 | Mean = 1.521901 | Best = 1.813684
slurmstepd: error: *** JOB 29352183 ON cdr1499 CANCELLED AT 2022-03-24T21:46:03 DUE TO TIME LIMIT ***
