
Lmod is automatically replacing "intel/2020.1.217" with "gcc/9.3.0".


Due to MODULEPATH changes, the following have been reloaded:
  1) openmpi/4.0.3


R version 4.0.2 (2020-06-22) -- "Taking Off Again"
Copyright (C) 2020 The R Foundation for Statistical Computing
Platform: x86_64-pc-linux-gnu (64-bit)

R is free software and comes with ABSOLUTELY NO WARRANTY.
You are welcome to redistribute it under certain conditions.
Type 'license()' or 'licence()' for distribution details.

  Natural language support but running in an English locale

R is a collaborative project with many contributors.
Type 'contributors()' for more information and
'citation()' on how to cite R or R packages in publications.

Type 'demo()' for some demos, 'help()' for on-line help, or
'help.start()' for an HTML browser interface to help.
Type 'q()' to quit R.

> # R script to submit parallelized genetic algorithm optimzied runs.
> 
> # load libraries
> library(doParallel)
Loading required package: foreach
Loading required package: iterators
Loading required package: parallel
> library(GA)
Package 'GA' version 3.2.2
Type 'citation("GA")' for citing this R package in publications.

Attaching package: ‘GA’

The following object is masked from ‘package:utils’:

    de

> library(here)
here() starts at /scratch/wanglu57/job_scripts
> library(doRNG)
Loading required package: rngtools
> 
> source(here::here("ga_verbose.R"), local = T)
> source(here::here("chabaudi_si_clean.R"), local = T)
> # load function
> #-----------------------------#
> # load in parameters
> #-----------------------------#
> parameters_tsukushi <- c(R1 = 8.89*10^6, # slightly higher
+                          lambda = 3.7*10^5,
+                          mu = 0.025, 
+                          p = 8*10^-6, # doubled form original
+                          alpha = 1, 
+                          alphag = 2, 
+                          beta = 5.721, 
+                          mum = 48, 
+                          mug = 4, 
+                          I0 = 43.85965, 
+                          Ig0 = 0, 
+                          a = 150, 
+                          b = 100, 
+                          sp = 1,
+                          psin = 16.69234,
+                          psiw = 0.8431785,
+                          phin = 0.03520591, 
+                          phiw = 550.842,
+                          iota = 2.18*(10^6),
+                          rho = 0.2627156)
> 
> time_range <- seq(0, 20, by = 1e-3)
> 
> I_range <- seq(0, 6*(10^6), (6*(10^6))/5000)
> 
> #-----------------------------#
> # Begin parallelized code
> #----------------------------#
> 
> 
> # Create an array from the NODESLIST environnement variable
> nodeslist = unlist(strsplit(Sys.getenv("NODESLIST"), split=" "))
> 
> # Create the cluster with the nodes name. One process per count of node name.
> # nodeslist = node1 node1 node2 node2, means we are starting 2 processes on node1, likewise on node2.
> cl = makeCluster(nodeslist, type = "PSOCK") 
> registerDoParallel(cl)
> clusterExport(cl,c("ga_verbose", "time_range", "parameters_tsukushi", "I_range", "chabaudi_si_clean")) 
> clusterCall(cl, library, package = "mclust", character.only = TRUE)
[[1]]
[1] "mclust"    "stats"     "graphics"  "grDevices" "utils"     "datasets" 
[7] "methods"   "base"     

[[2]]
[1] "mclust"    "stats"     "graphics"  "grDevices" "utils"     "datasets" 
[7] "methods"   "base"     

[[3]]
[1] "mclust"    "stats"     "graphics"  "grDevices" "utils"     "datasets" 
[7] "methods"   "base"     

[[4]]
[1] "mclust"    "stats"     "graphics"  "grDevices" "utils"     "datasets" 
[7] "methods"   "base"     

[[5]]
[1] "mclust"    "stats"     "graphics"  "grDevices" "utils"     "datasets" 
[7] "methods"   "base"     

[[6]]
[1] "mclust"    "stats"     "graphics"  "grDevices" "utils"     "datasets" 
[7] "methods"   "base"     

[[7]]
[1] "mclust"    "stats"     "graphics"  "grDevices" "utils"     "datasets" 
[7] "methods"   "base"     

[[8]]
[1] "mclust"    "stats"     "graphics"  "grDevices" "utils"     "datasets" 
[7] "methods"   "base"     

[[9]]
[1] "mclust"    "stats"     "graphics"  "grDevices" "utils"     "datasets" 
[7] "methods"   "base"     

[[10]]
[1] "mclust"    "stats"     "graphics"  "grDevices" "utils"     "datasets" 
[7] "methods"   "base"     

[[11]]
[1] "mclust"    "stats"     "graphics"  "grDevices" "utils"     "datasets" 
[7] "methods"   "base"     

[[12]]
[1] "mclust"    "stats"     "graphics"  "grDevices" "utils"     "datasets" 
[7] "methods"   "base"     

[[13]]
[1] "mclust"    "stats"     "graphics"  "grDevices" "utils"     "datasets" 
[7] "methods"   "base"     

[[14]]
[1] "mclust"    "stats"     "graphics"  "grDevices" "utils"     "datasets" 
[7] "methods"   "base"     

[[15]]
[1] "mclust"    "stats"     "graphics"  "grDevices" "utils"     "datasets" 
[7] "methods"   "base"     

[[16]]
[1] "mclust"    "stats"     "graphics"  "grDevices" "utils"     "datasets" 
[7] "methods"   "base"     

[[17]]
[1] "mclust"    "stats"     "graphics"  "grDevices" "utils"     "datasets" 
[7] "methods"   "base"     

[[18]]
[1] "mclust"    "stats"     "graphics"  "grDevices" "utils"     "datasets" 
[7] "methods"   "base"     

[[19]]
[1] "mclust"    "stats"     "graphics"  "grDevices" "utils"     "datasets" 
[7] "methods"   "base"     

[[20]]
[1] "mclust"    "stats"     "graphics"  "grDevices" "utils"     "datasets" 
[7] "methods"   "base"     

[[21]]
[1] "mclust"    "stats"     "graphics"  "grDevices" "utils"     "datasets" 
[7] "methods"   "base"     

[[22]]
[1] "mclust"    "stats"     "graphics"  "grDevices" "utils"     "datasets" 
[7] "methods"   "base"     

[[23]]
[1] "mclust"    "stats"     "graphics"  "grDevices" "utils"     "datasets" 
[7] "methods"   "base"     

[[24]]
[1] "mclust"    "stats"     "graphics"  "grDevices" "utils"     "datasets" 
[7] "methods"   "base"     

[[25]]
[1] "mclust"    "stats"     "graphics"  "grDevices" "utils"     "datasets" 
[7] "methods"   "base"     

[[26]]
[1] "mclust"    "stats"     "graphics"  "grDevices" "utils"     "datasets" 
[7] "methods"   "base"     

[[27]]
[1] "mclust"    "stats"     "graphics"  "grDevices" "utils"     "datasets" 
[7] "methods"   "base"     

[[28]]
[1] "mclust"    "stats"     "graphics"  "grDevices" "utils"     "datasets" 
[7] "methods"   "base"     

[[29]]
[1] "mclust"    "stats"     "graphics"  "grDevices" "utils"     "datasets" 
[7] "methods"   "base"     

[[30]]
[1] "mclust"    "stats"     "graphics"  "grDevices" "utils"     "datasets" 
[7] "methods"   "base"     

[[31]]
[1] "mclust"    "stats"     "graphics"  "grDevices" "utils"     "datasets" 
[7] "methods"   "base"     

[[32]]
[1] "mclust"    "stats"     "graphics"  "grDevices" "utils"     "datasets" 
[7] "methods"   "base"     

[[33]]
[1] "mclust"    "stats"     "graphics"  "grDevices" "utils"     "datasets" 
[7] "methods"   "base"     

[[34]]
[1] "mclust"    "stats"     "graphics"  "grDevices" "utils"     "datasets" 
[7] "methods"   "base"     

[[35]]
[1] "mclust"    "stats"     "graphics"  "grDevices" "utils"     "datasets" 
[7] "methods"   "base"     

[[36]]
[1] "mclust"    "stats"     "graphics"  "grDevices" "utils"     "datasets" 
[7] "methods"   "base"     

[[37]]
[1] "mclust"    "stats"     "graphics"  "grDevices" "utils"     "datasets" 
[7] "methods"   "base"     

[[38]]
[1] "mclust"    "stats"     "graphics"  "grDevices" "utils"     "datasets" 
[7] "methods"   "base"     

[[39]]
[1] "mclust"    "stats"     "graphics"  "grDevices" "utils"     "datasets" 
[7] "methods"   "base"     

[[40]]
[1] "mclust"    "stats"     "graphics"  "grDevices" "utils"     "datasets" 
[7] "methods"   "base"     

[[41]]
[1] "mclust"    "stats"     "graphics"  "grDevices" "utils"     "datasets" 
[7] "methods"   "base"     

[[42]]
[1] "mclust"    "stats"     "graphics"  "grDevices" "utils"     "datasets" 
[7] "methods"   "base"     

[[43]]
[1] "mclust"    "stats"     "graphics"  "grDevices" "utils"     "datasets" 
[7] "methods"   "base"     

[[44]]
[1] "mclust"    "stats"     "graphics"  "grDevices" "utils"     "datasets" 
[7] "methods"   "base"     

[[45]]
[1] "mclust"    "stats"     "graphics"  "grDevices" "utils"     "datasets" 
[7] "methods"   "base"     

[[46]]
[1] "mclust"    "stats"     "graphics"  "grDevices" "utils"     "datasets" 
[7] "methods"   "base"     

[[47]]
[1] "mclust"    "stats"     "graphics"  "grDevices" "utils"     "datasets" 
[7] "methods"   "base"     

[[48]]
[1] "mclust"    "stats"     "graphics"  "grDevices" "utils"     "datasets" 
[7] "methods"   "base"     

> ga_res <- ga_verbose(type = "real-valued", 
+                      function(x)
+                        chabaudi_si_clean(
+                          parameters_cr = c(x[1], x[2], x[3], x[4]), 
+                          parameters = parameters_tsukushi, 
+                          time_range = time_range, 
+                          cue = "I", 
+                          cue_range = I_range, 
+                          log_cue = "none",
+                          immunity = "tsukushi",
+                          solver = "vode"),
+                      lower = c(-1, -100, -1000, -5000), # range determined that would alter shape of spline
+                      upper = c(1, 100, 1000, 5000),  
+                      popSize = 250, 
+                      maxiter = 1000, # change to 10 for testing purpose 
+                      pmutation = 0.3,
+                      keepBest = TRUE,
+                      run = 100,
+                      parallel = cl,
+                      seed = 137,
+                      monitor = TRUE,
+                      id = "2022-03-24_si-I-emp")
-0.07254449 -13.07042 355.563 4636.013[[1]]
            [,1]      [,2]    [,3]     [,4]
[1,] -0.07254449 -13.07042 355.563 4636.013

[[2]]
[1] 8.133121

GA | iter = 1 | Mean = 3.724336 | Best = 8.133121
-0.07254449 -13.07042 355.563 4636.013[[1]]
            [,1]      [,2]    [,3]     [,4]
[1,] -0.07254449 -13.07042 355.563 4636.013

[[2]]
[1] 8.133121

GA | iter = 2 | Mean = 6.022643 | Best = 8.133121
-0.07254449 -13.07042 355.563 4636.013[[1]]
            [,1]      [,2]    [,3]     [,4]
[1,] -0.07254449 -13.07042 355.563 4636.013

[[2]]
[1] 8.133121

GA | iter = 3 | Mean = 6.886318 | Best = 8.133121
-0.07254449 -13.07042 355.563 4636.013[[1]]
            [,1]      [,2]    [,3]     [,4]
[1,] -0.07254449 -13.07042 355.563 4636.013

[[2]]
[1] 8.133121

GA | iter = 4 | Mean = 7.330400 | Best = 8.133121
-0.07254449 -13.07042 510.5792 4636.013[[1]]
            [,1]      [,2]     [,3]     [,4]
[1,] -0.07254449 -13.07042 510.5792 4636.013

[[2]]
[1] 8.201273

GA | iter = 5 | Mean = 7.133532 | Best = 8.201273
-0.07254449 -13.07042 510.5792 4636.013[[1]]
            [,1]      [,2]     [,3]     [,4]
[1,] -0.07254449 -13.07042 510.5792 4636.013

[[2]]
[1] 8.201273

GA | iter = 6 | Mean = 7.360681 | Best = 8.201273
-0.07254449 -13.07042 510.5792 4636.013[[1]]
            [,1]      [,2]     [,3]     [,4]
[1,] -0.07254449 -13.07042 510.5792 4636.013

[[2]]
[1] 8.201273

GA | iter = 7 | Mean = 7.394657 | Best = 8.201273
-0.07254449 -13.07042 510.5792 4636.013[[1]]
            [,1]      [,2]     [,3]     [,4]
[1,] -0.07254449 -13.07042 510.5792 4636.013

[[2]]
[1] 8.201273

GA | iter = 8 | Mean = 7.516472 | Best = 8.201273
-0.07254449 -13.07042 510.5792 4636.013[[1]]
            [,1]      [,2]     [,3]     [,4]
[1,] -0.07254449 -13.07042 510.5792 4636.013

[[2]]
[1] 8.201273

GA | iter = 9 | Mean = 7.397251 | Best = 8.201273
-0.0288737 -20.23508 792.8419 -1543.978[[1]]
           [,1]      [,2]     [,3]      [,4]
[1,] -0.0288737 -20.23508 792.8419 -1543.978

[[2]]
[1] 8.235762

GA | iter = 10 | Mean = 7.491670 | Best = 8.235762
-0.0288737 -20.23508 792.8419 -1543.978[[1]]
           [,1]      [,2]     [,3]      [,4]
[1,] -0.0288737 -20.23508 792.8419 -1543.978

[[2]]
[1] 8.235762

GA | iter = 11 | Mean = 7.471015 | Best = 8.235762
0.005947586 -20.37445 789.1847 -1581.761[[1]]
            [,1]      [,2]     [,3]      [,4]
[1,] 0.005947586 -20.37445 789.1847 -1581.761

[[2]]
[1] 8.24909

GA | iter = 12 | Mean = 7.489563 | Best = 8.249090
0.005947586 -20.37445 789.1847 -1581.761[[1]]
            [,1]      [,2]     [,3]      [,4]
[1,] 0.005947586 -20.37445 789.1847 -1581.761

[[2]]
[1] 8.24909

GA | iter = 13 | Mean = 7.449704 | Best = 8.249090
-0.0288737 -20.23508 792.8419 4134.825[[1]]
           [,1]      [,2]     [,3]     [,4]
[1,] -0.0288737 -20.23508 792.8419 4134.825

[[2]]
[1] 8.263856

GA | iter = 14 | Mean = 7.530017 | Best = 8.263856
-0.0288737 -20.23508 792.8419 4134.825[[1]]
           [,1]      [,2]     [,3]     [,4]
[1,] -0.0288737 -20.23508 792.8419 4134.825

[[2]]
[1] 8.263856

GA | iter = 15 | Mean = 7.300742 | Best = 8.263856
-0.0288737 -20.23508 792.8419 4134.825[[1]]
           [,1]      [,2]     [,3]     [,4]
[1,] -0.0288737 -20.23508 792.8419 4134.825

[[2]]
[1] 8.263856

GA | iter = 16 | Mean = 7.531662 | Best = 8.263856
-0.0288737 -20.23508 792.8419 4134.825[[1]]
           [,1]      [,2]     [,3]     [,4]
[1,] -0.0288737 -20.23508 792.8419 4134.825

[[2]]
[1] 8.263856

GA | iter = 17 | Mean = 7.211924 | Best = 8.263856
-0.0288737 -20.23508 792.8419 4134.825[[1]]
           [,1]      [,2]     [,3]     [,4]
[1,] -0.0288737 -20.23508 792.8419 4134.825

[[2]]
[1] 8.263856

GA | iter = 18 | Mean = 7.541801 | Best = 8.263856
-0.0288737 -20.23508 792.8419 4134.825[[1]]
           [,1]      [,2]     [,3]     [,4]
[1,] -0.0288737 -20.23508 792.8419 4134.825

[[2]]
[1] 8.263856

GA | iter = 19 | Mean = 7.252158 | Best = 8.263856
-0.0288737 -20.23508 792.8419 4134.825[[1]]
           [,1]      [,2]     [,3]     [,4]
[1,] -0.0288737 -20.23508 792.8419 4134.825

[[2]]
[1] 8.263856

GA | iter = 20 | Mean = 7.510681 | Best = 8.263856
-0.0288737 -20.23508 792.8419 4134.825[[1]]
           [,1]      [,2]     [,3]     [,4]
[1,] -0.0288737 -20.23508 792.8419 4134.825

[[2]]
[1] 8.263856

GA | iter = 21 | Mean = 7.419278 | Best = 8.263856
-0.027621 -18.21474 743.025 -997.2696[[1]]
          [,1]      [,2]    [,3]      [,4]
[1,] -0.027621 -18.21474 743.025 -997.2696

[[2]]
[1] 8.267915

GA | iter = 22 | Mean = 7.363272 | Best = 8.267915
-0.027621 -18.21474 743.025 -997.2696[[1]]
          [,1]      [,2]    [,3]      [,4]
[1,] -0.027621 -18.21474 743.025 -997.2696

[[2]]
[1] 8.267915

GA | iter = 23 | Mean = 7.403834 | Best = 8.267915
-0.027621 -18.21474 743.025 -997.2696[[1]]
          [,1]      [,2]    [,3]      [,4]
[1,] -0.027621 -18.21474 743.025 -997.2696

[[2]]
[1] 8.267915

GA | iter = 24 | Mean = 7.406869 | Best = 8.267915
-0.027621 -18.21474 743.025 -997.2696[[1]]
          [,1]      [,2]    [,3]      [,4]
[1,] -0.027621 -18.21474 743.025 -997.2696

[[2]]
[1] 8.267915

GA | iter = 25 | Mean = 7.528309 | Best = 8.267915
-0.027621 -18.21474 743.025 -997.2696[[1]]
          [,1]      [,2]    [,3]      [,4]
[1,] -0.027621 -18.21474 743.025 -997.2696

[[2]]
[1] 8.267915

GA | iter = 26 | Mean = 7.453694 | Best = 8.267915
-0.027621 -18.21474 743.025 -997.2696[[1]]
          [,1]      [,2]    [,3]      [,4]
[1,] -0.027621 -18.21474 743.025 -997.2696

[[2]]
[1] 8.267915

GA | iter = 27 | Mean = 7.290877 | Best = 8.267915
-0.01661545 -19.04412 767.3483 1603.879[[1]]
            [,1]      [,2]     [,3]     [,4]
[1,] -0.01661545 -19.04412 767.3483 1603.879

[[2]]
[1] 8.281093

GA | iter = 28 | Mean = 7.493427 | Best = 8.281093
-0.01661545 -19.04412 767.3483 1603.879[[1]]
            [,1]      [,2]     [,3]     [,4]
[1,] -0.01661545 -19.04412 767.3483 1603.879

[[2]]
[1] 8.281093

GA | iter = 29 | Mean = 7.629650 | Best = 8.281093
-0.01661545 -19.04412 767.3483 1603.879[[1]]
            [,1]      [,2]     [,3]     [,4]
[1,] -0.01661545 -19.04412 767.3483 1603.879

[[2]]
[1] 8.281093

GA | iter = 30 | Mean = 7.438193 | Best = 8.281093
-0.01661545 -19.04412 767.3483 1603.879[[1]]
            [,1]      [,2]     [,3]     [,4]
[1,] -0.01661545 -19.04412 767.3483 1603.879

[[2]]
[1] 8.281093

GA | iter = 31 | Mean = 7.342986 | Best = 8.281093
0.006674835 -21.6654 888.7008 1137.193[[1]]
            [,1]     [,2]     [,3]     [,4]
[1,] 0.006674835 -21.6654 888.7008 1137.193

[[2]]
[1] 8.304796

GA | iter = 32 | Mean = 7.425050 | Best = 8.304796
0.006674835 -21.6654 888.7008 1137.193[[1]]
            [,1]     [,2]     [,3]     [,4]
[1,] 0.006674835 -21.6654 888.7008 1137.193

[[2]]
[1] 8.304796

GA | iter = 33 | Mean = 7.277583 | Best = 8.304796
-0.009903916 -21.19406 882.8428 2638.433[[1]]
             [,1]      [,2]     [,3]     [,4]
[1,] -0.009903916 -21.19406 882.8428 2638.433

[[2]]
[1] 8.309395

GA | iter = 34 | Mean = 7.308343 | Best = 8.309395
-0.009903916 -21.19406 882.8428 2638.433[[1]]
             [,1]      [,2]     [,3]     [,4]
[1,] -0.009903916 -21.19406 882.8428 2638.433

[[2]]
[1] 8.309395

GA | iter = 35 | Mean = 7.301081 | Best = 8.309395
-0.009903916 -21.19406 882.8428 2638.433[[1]]
             [,1]      [,2]     [,3]     [,4]
[1,] -0.009903916 -21.19406 882.8428 2638.433

[[2]]
[1] 8.309395

GA | iter = 36 | Mean = 7.554745 | Best = 8.309395
-0.009903916 -21.19406 882.8428 2638.433[[1]]
             [,1]      [,2]     [,3]     [,4]
[1,] -0.009903916 -21.19406 882.8428 2638.433

[[2]]
[1] 8.309395

GA | iter = 37 | Mean = 7.486764 | Best = 8.309395
-0.009903916 -21.19406 882.8428 2638.433[[1]]
             [,1]      [,2]     [,3]     [,4]
[1,] -0.009903916 -21.19406 882.8428 2638.433

[[2]]
[1] 8.309395

GA | iter = 38 | Mean = 7.495575 | Best = 8.309395
-0.009903916 -21.19406 882.8428 2638.433[[1]]
             [,1]      [,2]     [,3]     [,4]
[1,] -0.009903916 -21.19406 882.8428 2638.433

[[2]]
[1] 8.309395

GA | iter = 39 | Mean = 7.242862 | Best = 8.309395
-0.009903916 -21.19406 882.8428 2638.433[[1]]
             [,1]      [,2]     [,3]     [,4]
[1,] -0.009903916 -21.19406 882.8428 2638.433

[[2]]
[1] 8.309395

GA | iter = 40 | Mean = 7.424661 | Best = 8.309395
0.01377964 -21.48642 913.1232 -1570.046[[1]]
           [,1]      [,2]     [,3]      [,4]
[1,] 0.01377964 -21.48642 913.1232 -1570.046

[[2]]
[1] 8.311471

GA | iter = 41 | Mean = 7.403502 | Best = 8.311471
0.01377964 -21.48642 913.1232 -1570.046[[1]]
           [,1]      [,2]     [,3]      [,4]
[1,] 0.01377964 -21.48642 913.1232 -1570.046

[[2]]
[1] 8.311471

GA | iter = 42 | Mean = 7.359349 | Best = 8.311471
0.01377964 -21.48642 913.1232 -1570.046[[1]]
           [,1]      [,2]     [,3]      [,4]
[1,] 0.01377964 -21.48642 913.1232 -1570.046

[[2]]
[1] 8.311471

GA | iter = 43 | Mean = 7.250140 | Best = 8.311471
0.01022858 -21.52794 899.6555 388.3186[[1]]
           [,1]      [,2]     [,3]     [,4]
[1,] 0.01022858 -21.52794 899.6555 388.3186

[[2]]
[1] 8.313031

GA | iter = 44 | Mean = 7.520416 | Best = 8.313031
0.01022858 -21.52794 899.6555 388.3186[[1]]
           [,1]      [,2]     [,3]     [,4]
[1,] 0.01022858 -21.52794 899.6555 388.3186

[[2]]
[1] 8.313031

GA | iter = 45 | Mean = 7.476902 | Best = 8.313031
0.01022858 -21.52794 899.6555 388.3186[[1]]
           [,1]      [,2]     [,3]     [,4]
[1,] 0.01022858 -21.52794 899.6555 388.3186

[[2]]
[1] 8.313031

GA | iter = 46 | Mean = 7.475748 | Best = 8.313031
0.01022858 -21.52794 899.6555 388.3186[[1]]
           [,1]      [,2]     [,3]     [,4]
[1,] 0.01022858 -21.52794 899.6555 388.3186

[[2]]
[1] 8.313031

GA | iter = 47 | Mean = 7.330485 | Best = 8.313031
0.01022858 -21.52794 899.6555 388.3186[[1]]
           [,1]      [,2]     [,3]     [,4]
[1,] 0.01022858 -21.52794 899.6555 388.3186

[[2]]
[1] 8.313031

GA | iter = 48 | Mean = 7.206543 | Best = 8.313031
0.01022858 -21.52794 899.6555 388.3186[[1]]
           [,1]      [,2]     [,3]     [,4]
[1,] 0.01022858 -21.52794 899.6555 388.3186

[[2]]
[1] 8.313031

GA | iter = 49 | Mean = 7.400997 | Best = 8.313031
0.01022858 -21.52794 899.6555 388.3186[[1]]
           [,1]      [,2]     [,3]     [,4]
[1,] 0.01022858 -21.52794 899.6555 388.3186

[[2]]
[1] 8.313031

GA | iter = 50 | Mean = 7.567577 | Best = 8.313031
0.01022858 -21.52794 899.6555 388.3186[[1]]
           [,1]      [,2]     [,3]     [,4]
[1,] 0.01022858 -21.52794 899.6555 388.3186

[[2]]
[1] 8.313031

GA | iter = 51 | Mean = 7.351315 | Best = 8.313031
0.01022858 -21.52794 899.6555 388.3186[[1]]
           [,1]      [,2]     [,3]     [,4]
[1,] 0.01022858 -21.52794 899.6555 388.3186

[[2]]
[1] 8.313031

GA | iter = 52 | Mean = 7.530521 | Best = 8.313031
0.04106657 -23.04635 941.3741 1990.183[[1]]
           [,1]      [,2]     [,3]     [,4]
[1,] 0.04106657 -23.04635 941.3741 1990.183

[[2]]
[1] 8.32116

GA | iter = 53 | Mean = 7.467764 | Best = 8.321160
0.04106657 -23.04635 941.3741 1990.183[[1]]
           [,1]      [,2]     [,3]     [,4]
[1,] 0.04106657 -23.04635 941.3741 1990.183

[[2]]
[1] 8.32116

GA | iter = 54 | Mean = 7.405916 | Best = 8.321160
0.04106657 -23.04635 941.3741 1990.183[[1]]
           [,1]      [,2]     [,3]     [,4]
[1,] 0.04106657 -23.04635 941.3741 1990.183

[[2]]
[1] 8.32116

GA | iter = 55 | Mean = 7.589846 | Best = 8.321160
0.04106657 -23.04635 941.3741 1990.183[[1]]
           [,1]      [,2]     [,3]     [,4]
[1,] 0.04106657 -23.04635 941.3741 1990.183

[[2]]
[1] 8.32116

GA | iter = 56 | Mean = 7.311662 | Best = 8.321160
0.04106657 -23.04635 941.3741 1990.183[[1]]
           [,1]      [,2]     [,3]     [,4]
[1,] 0.04106657 -23.04635 941.3741 1990.183

[[2]]
[1] 8.32116

GA | iter = 57 | Mean = 7.375132 | Best = 8.321160
0.04106657 -23.04635 941.3741 1990.183[[1]]
           [,1]      [,2]     [,3]     [,4]
[1,] 0.04106657 -23.04635 941.3741 1990.183

[[2]]
[1] 8.32116

GA | iter = 58 | Mean = 7.238169 | Best = 8.321160
0.04106657 -23.04635 941.3741 1990.183[[1]]
           [,1]      [,2]     [,3]     [,4]
[1,] 0.04106657 -23.04635 941.3741 1990.183

[[2]]
[1] 8.32116

GA | iter = 59 | Mean = 7.479353 | Best = 8.321160
0.04106657 -23.04635 941.3741 1990.183[[1]]
           [,1]      [,2]     [,3]     [,4]
[1,] 0.04106657 -23.04635 941.3741 1990.183

[[2]]
[1] 8.32116

GA | iter = 60 | Mean = 7.432396 | Best = 8.321160
0.04106657 -23.04635 941.3741 1990.183[[1]]
           [,1]      [,2]     [,3]     [,4]
[1,] 0.04106657 -23.04635 941.3741 1990.183

[[2]]
[1] 8.32116

GA | iter = 61 | Mean = 7.598187 | Best = 8.321160
0.04106657 -23.04635 941.3741 1990.183[[1]]
           [,1]      [,2]     [,3]     [,4]
[1,] 0.04106657 -23.04635 941.3741 1990.183

[[2]]
[1] 8.32116

GA | iter = 62 | Mean = 7.475914 | Best = 8.321160
0.04106657 -23.04635 941.3741 1990.183[[1]]
           [,1]      [,2]     [,3]     [,4]
[1,] 0.04106657 -23.04635 941.3741 1990.183

[[2]]
[1] 8.32116

GA | iter = 63 | Mean = 7.224106 | Best = 8.321160
0.04106657 -23.04635 941.3741 1990.183[[1]]
           [,1]      [,2]     [,3]     [,4]
[1,] 0.04106657 -23.04635 941.3741 1990.183

[[2]]
[1] 8.32116

GA | iter = 64 | Mean = 7.543512 | Best = 8.321160
0.04106657 -23.04635 941.3741 1990.183[[1]]
           [,1]      [,2]     [,3]     [,4]
[1,] 0.04106657 -23.04635 941.3741 1990.183

[[2]]
[1] 8.32116

GA | iter = 65 | Mean = 7.352086 | Best = 8.321160
0.04106657 -23.04635 941.3741 1990.183[[1]]
           [,1]      [,2]     [,3]     [,4]
[1,] 0.04106657 -23.04635 941.3741 1990.183

[[2]]
[1] 8.32116

GA | iter = 66 | Mean = 7.367345 | Best = 8.321160
0.04106657 -23.04635 941.3741 1990.183[[1]]
           [,1]      [,2]     [,3]     [,4]
[1,] 0.04106657 -23.04635 941.3741 1990.183

[[2]]
[1] 8.32116

GA | iter = 67 | Mean = 7.309495 | Best = 8.321160
0.04106657 -23.04635 941.3741 1990.183[[1]]
           [,1]      [,2]     [,3]     [,4]
[1,] 0.04106657 -23.04635 941.3741 1990.183

[[2]]
[1] 8.32116

GA | iter = 68 | Mean = 7.246388 | Best = 8.321160
0.04106657 -23.04635 941.3741 1990.183[[1]]
           [,1]      [,2]     [,3]     [,4]
[1,] 0.04106657 -23.04635 941.3741 1990.183

[[2]]
[1] 8.32116

GA | iter = 69 | Mean = 7.487543 | Best = 8.321160
0.04106657 -23.04635 941.3741 1990.183[[1]]
           [,1]      [,2]     [,3]     [,4]
[1,] 0.04106657 -23.04635 941.3741 1990.183

[[2]]
[1] 8.32116

GA | iter = 70 | Mean = 7.377465 | Best = 8.321160
0.04106657 -23.04635 941.3741 1990.183[[1]]
           [,1]      [,2]     [,3]     [,4]
[1,] 0.04106657 -23.04635 941.3741 1990.183

[[2]]
[1] 8.32116

GA | iter = 71 | Mean = 7.446515 | Best = 8.321160
0.04106657 -23.04635 941.3741 1990.183[[1]]
           [,1]      [,2]     [,3]     [,4]
[1,] 0.04106657 -23.04635 941.3741 1990.183

[[2]]
[1] 8.32116

GA | iter = 72 | Mean = 7.282481 | Best = 8.321160
0.04106657 -23.04635 941.3741 1990.183[[1]]
           [,1]      [,2]     [,3]     [,4]
[1,] 0.04106657 -23.04635 941.3741 1990.183

[[2]]
[1] 8.32116

GA | iter = 73 | Mean = 7.379906 | Best = 8.321160
0.04106657 -23.04635 941.3741 1990.183[[1]]
           [,1]      [,2]     [,3]     [,4]
[1,] 0.04106657 -23.04635 941.3741 1990.183

[[2]]
[1] 8.32116

GA | iter = 74 | Mean = 7.446621 | Best = 8.321160
0.01764452 -22.62486 964.5286 -689.4072[[1]]
           [,1]      [,2]     [,3]      [,4]
[1,] 0.01764452 -22.62486 964.5286 -689.4072

[[2]]
[1] 8.326205

GA | iter = 75 | Mean = 7.201898 | Best = 8.326205
0.01764452 -22.62486 964.5286 -689.4072[[1]]
           [,1]      [,2]     [,3]      [,4]
[1,] 0.01764452 -22.62486 964.5286 -689.4072

[[2]]
[1] 8.326205

GA | iter = 76 | Mean = 7.343504 | Best = 8.326205
0.01764452 -22.62486 964.5286 -689.4072[[1]]
           [,1]      [,2]     [,3]      [,4]
[1,] 0.01764452 -22.62486 964.5286 -689.4072

[[2]]
[1] 8.326205

GA | iter = 77 | Mean = 7.406018 | Best = 8.326205
0.01764452 -22.62486 964.5286 -689.4072[[1]]
           [,1]      [,2]     [,3]      [,4]
[1,] 0.01764452 -22.62486 964.5286 -689.4072

[[2]]
[1] 8.326205

GA | iter = 78 | Mean = 7.314223 | Best = 8.326205
0.01764452 -22.62486 964.5286 -689.4072[[1]]
           [,1]      [,2]     [,3]      [,4]
[1,] 0.01764452 -22.62486 964.5286 -689.4072

[[2]]
[1] 8.326205

GA | iter = 79 | Mean = 7.296422 | Best = 8.326205
0.01764452 -22.62486 964.5286 -689.4072[[1]]
           [,1]      [,2]     [,3]      [,4]
[1,] 0.01764452 -22.62486 964.5286 -689.4072

[[2]]
[1] 8.326205

GA | iter = 80 | Mean = 7.353973 | Best = 8.326205
0.01764452 -22.62486 964.5286 -689.4072[[1]]
           [,1]      [,2]     [,3]      [,4]
[1,] 0.01764452 -22.62486 964.5286 -689.4072

[[2]]
[1] 8.326205

GA | iter = 81 | Mean = 7.344718 | Best = 8.326205
0.01764452 -22.62486 964.5286 -689.4072[[1]]
           [,1]      [,2]     [,3]      [,4]
[1,] 0.01764452 -22.62486 964.5286 -689.4072

[[2]]
[1] 8.326205

GA | iter = 82 | Mean = 7.307464 | Best = 8.326205
0.01764452 -22.62486 964.5286 -689.4072[[1]]
           [,1]      [,2]     [,3]      [,4]
[1,] 0.01764452 -22.62486 964.5286 -689.4072

[[2]]
[1] 8.326205

GA | iter = 83 | Mean = 7.346304 | Best = 8.326205
0.01764452 -22.62486 964.5286 -689.4072[[1]]
           [,1]      [,2]     [,3]      [,4]
[1,] 0.01764452 -22.62486 964.5286 -689.4072

[[2]]
[1] 8.326205

GA | iter = 84 | Mean = 7.462158 | Best = 8.326205
0.01764452 -22.62486 964.5286 -689.4072[[1]]
           [,1]      [,2]     [,3]      [,4]
[1,] 0.01764452 -22.62486 964.5286 -689.4072

[[2]]
[1] 8.326205

GA | iter = 85 | Mean = 7.415523 | Best = 8.326205
0.01764452 -22.62486 964.5286 -689.4072[[1]]
           [,1]      [,2]     [,3]      [,4]
[1,] 0.01764452 -22.62486 964.5286 -689.4072

[[2]]
[1] 8.326205

GA | iter = 86 | Mean = 7.275496 | Best = 8.326205
0.01764452 -22.62486 964.5286 -689.4072[[1]]
           [,1]      [,2]     [,3]      [,4]
[1,] 0.01764452 -22.62486 964.5286 -689.4072

[[2]]
[1] 8.326205

GA | iter = 87 | Mean = 7.266014 | Best = 8.326205
0.01764452 -22.62486 964.5286 -689.4072[[1]]
           [,1]      [,2]     [,3]      [,4]
[1,] 0.01764452 -22.62486 964.5286 -689.4072

[[2]]
[1] 8.326205

GA | iter = 88 | Mean = 7.391589 | Best = 8.326205
0.01764452 -22.62486 964.5286 -689.4072[[1]]
           [,1]      [,2]     [,3]      [,4]
[1,] 0.01764452 -22.62486 964.5286 -689.4072

[[2]]
[1] 8.326205

GA | iter = 89 | Mean = 7.243402 | Best = 8.326205
0.01764452 -22.62486 964.5286 -689.4072[[1]]
           [,1]      [,2]     [,3]      [,4]
[1,] 0.01764452 -22.62486 964.5286 -689.4072

[[2]]
[1] 8.326205

GA | iter = 90 | Mean = 7.332389 | Best = 8.326205
0.01764452 -22.62486 964.5286 -689.4072[[1]]
           [,1]      [,2]     [,3]      [,4]
[1,] 0.01764452 -22.62486 964.5286 -689.4072

[[2]]
[1] 8.326205

GA | iter = 91 | Mean = 7.248127 | Best = 8.326205
0.01764452 -22.62486 964.5286 -689.4072[[1]]
           [,1]      [,2]     [,3]      [,4]
[1,] 0.01764452 -22.62486 964.5286 -689.4072

[[2]]
[1] 8.326205

GA | iter = 92 | Mean = 7.384556 | Best = 8.326205
0.01764452 -22.62486 964.5286 -689.4072[[1]]
           [,1]      [,2]     [,3]      [,4]
[1,] 0.01764452 -22.62486 964.5286 -689.4072

[[2]]
[1] 8.326205

GA | iter = 93 | Mean = 7.231180 | Best = 8.326205
0.01764452 -22.62486 964.5286 -689.4072[[1]]
           [,1]      [,2]     [,3]      [,4]
[1,] 0.01764452 -22.62486 964.5286 -689.4072

[[2]]
[1] 8.326205

GA | iter = 94 | Mean = 7.505536 | Best = 8.326205
0.01764452 -22.62486 964.5286 -689.4072[[1]]
           [,1]      [,2]     [,3]      [,4]
[1,] 0.01764452 -22.62486 964.5286 -689.4072

[[2]]
[1] 8.326205

GA | iter = 95 | Mean = 7.313725 | Best = 8.326205
0.01764452 -22.62486 964.5286 -689.4072[[1]]
           [,1]      [,2]     [,3]      [,4]
[1,] 0.01764452 -22.62486 964.5286 -689.4072

[[2]]
[1] 8.326205

GA | iter = 96 | Mean = 7.436691 | Best = 8.326205
0.01764452 -22.62486 964.5286 -689.4072[[1]]
           [,1]      [,2]     [,3]      [,4]
[1,] 0.01764452 -22.62486 964.5286 -689.4072

[[2]]
[1] 8.326205

GA | iter = 97 | Mean = 7.432151 | Best = 8.326205
0.01764452 -22.62486 964.5286 -689.4072[[1]]
           [,1]      [,2]     [,3]      [,4]
[1,] 0.01764452 -22.62486 964.5286 -689.4072

[[2]]
[1] 8.326205

GA | iter = 98 | Mean = 7.364297 | Best = 8.326205
0.01764452 -22.62486 964.5286 -689.4072[[1]]
           [,1]      [,2]     [,3]      [,4]
[1,] 0.01764452 -22.62486 964.5286 -689.4072

[[2]]
[1] 8.326205

GA | iter = 99 | Mean = 7.383314 | Best = 8.326205
0.03376581 -23.23025 957.4294 3802.244[[1]]
           [,1]      [,2]     [,3]     [,4]
[1,] 0.03376581 -23.23025 957.4294 3802.244

[[2]]
[1] 8.331326

GA | iter = 100 | Mean = 7.336414 | Best = 8.331326
0.03376581 -23.23025 957.4294 3802.244[[1]]
           [,1]      [,2]     [,3]     [,4]
[1,] 0.03376581 -23.23025 957.4294 3802.244

[[2]]
[1] 8.331326

GA | iter = 101 | Mean = 7.448244 | Best = 8.331326
0.03376581 -23.23025 957.4294 3802.244[[1]]
           [,1]      [,2]     [,3]     [,4]
[1,] 0.03376581 -23.23025 957.4294 3802.244

[[2]]
[1] 8.331326

GA | iter = 102 | Mean = 7.240176 | Best = 8.331326
0.03376581 -23.23025 957.4294 3802.244[[1]]
           [,1]      [,2]     [,3]     [,4]
[1,] 0.03376581 -23.23025 957.4294 3802.244

[[2]]
[1] 8.331326

GA | iter = 103 | Mean = 7.479867 | Best = 8.331326
0.03376581 -23.23025 957.4294 3802.244[[1]]
           [,1]      [,2]     [,3]     [,4]
[1,] 0.03376581 -23.23025 957.4294 3802.244

[[2]]
[1] 8.331326

GA | iter = 104 | Mean = 7.303522 | Best = 8.331326
0.03376581 -23.23025 957.4294 3802.244[[1]]
           [,1]      [,2]     [,3]     [,4]
[1,] 0.03376581 -23.23025 957.4294 3802.244

[[2]]
[1] 8.331326

GA | iter = 105 | Mean = 7.385814 | Best = 8.331326
0.03376581 -23.23025 957.4294 3802.244[[1]]
           [,1]      [,2]     [,3]     [,4]
[1,] 0.03376581 -23.23025 957.4294 3802.244

[[2]]
[1] 8.331326

GA | iter = 106 | Mean = 7.371130 | Best = 8.331326
0.03376581 -23.23025 957.4294 3802.244[[1]]
           [,1]      [,2]     [,3]     [,4]
[1,] 0.03376581 -23.23025 957.4294 3802.244

[[2]]
[1] 8.331326

GA | iter = 107 | Mean = 7.323336 | Best = 8.331326
0.03376581 -23.23025 957.4294 3802.244[[1]]
           [,1]      [,2]     [,3]     [,4]
[1,] 0.03376581 -23.23025 957.4294 3802.244

[[2]]
[1] 8.331326

GA | iter = 108 | Mean = 7.451476 | Best = 8.331326
0.03376581 -23.23025 957.4294 3802.244[[1]]
           [,1]      [,2]     [,3]     [,4]
[1,] 0.03376581 -23.23025 957.4294 3802.244

[[2]]
[1] 8.331326

GA | iter = 109 | Mean = 7.402284 | Best = 8.331326
0.03376581 -23.23025 957.4294 3802.244[[1]]
           [,1]      [,2]     [,3]     [,4]
[1,] 0.03376581 -23.23025 957.4294 3802.244

[[2]]
[1] 8.331326

GA | iter = 110 | Mean = 7.352503 | Best = 8.331326
0.03376581 -23.23025 957.4294 3802.244[[1]]
           [,1]      [,2]     [,3]     [,4]
[1,] 0.03376581 -23.23025 957.4294 3802.244

[[2]]
[1] 8.331326

GA | iter = 111 | Mean = 7.436433 | Best = 8.331326
0.03376581 -23.23025 957.4294 3802.244[[1]]
           [,1]      [,2]     [,3]     [,4]
[1,] 0.03376581 -23.23025 957.4294 3802.244

[[2]]
[1] 8.331326

GA | iter = 112 | Mean = 7.368875 | Best = 8.331326
0.03376581 -23.23025 957.4294 3802.244[[1]]
           [,1]      [,2]     [,3]     [,4]
[1,] 0.03376581 -23.23025 957.4294 3802.244

[[2]]
[1] 8.331326

GA | iter = 113 | Mean = 7.311498 | Best = 8.331326
0.03376581 -23.23025 957.4294 3802.244[[1]]
           [,1]      [,2]     [,3]     [,4]
[1,] 0.03376581 -23.23025 957.4294 3802.244

[[2]]
[1] 8.331326

GA | iter = 114 | Mean = 7.468641 | Best = 8.331326
0.03376581 -23.23025 957.4294 3802.244[[1]]
           [,1]      [,2]     [,3]     [,4]
[1,] 0.03376581 -23.23025 957.4294 3802.244

[[2]]
[1] 8.331326

GA | iter = 115 | Mean = 7.432569 | Best = 8.331326
0.03376581 -23.23025 957.4294 3802.244[[1]]
           [,1]      [,2]     [,3]     [,4]
[1,] 0.03376581 -23.23025 957.4294 3802.244

[[2]]
[1] 8.331326

GA | iter = 116 | Mean = 7.526401 | Best = 8.331326
0.03376581 -23.23025 957.4294 3802.244[[1]]
           [,1]      [,2]     [,3]     [,4]
[1,] 0.03376581 -23.23025 957.4294 3802.244

[[2]]
[1] 8.331326

GA | iter = 117 | Mean = 7.326200 | Best = 8.331326
0.03376581 -23.23025 957.4294 3802.244[[1]]
           [,1]      [,2]     [,3]     [,4]
[1,] 0.03376581 -23.23025 957.4294 3802.244

[[2]]
[1] 8.331326

GA | iter = 118 | Mean = 7.303189 | Best = 8.331326
0.03376581 -23.23025 957.4294 3802.244[[1]]
           [,1]      [,2]     [,3]     [,4]
[1,] 0.03376581 -23.23025 957.4294 3802.244

[[2]]
[1] 8.331326

GA | iter = 119 | Mean = 7.308153 | Best = 8.331326
0.03376581 -23.23025 957.4294 3802.244[[1]]
           [,1]      [,2]     [,3]     [,4]
[1,] 0.03376581 -23.23025 957.4294 3802.244

[[2]]
[1] 8.331326

GA | iter = 120 | Mean = 7.400500 | Best = 8.331326
0.03376581 -23.23025 957.4294 3802.244[[1]]
           [,1]      [,2]     [,3]     [,4]
[1,] 0.03376581 -23.23025 957.4294 3802.244

[[2]]
[1] 8.331326

GA | iter = 121 | Mean = 7.500263 | Best = 8.331326
0.03376581 -23.23025 957.4294 3802.244[[1]]
           [,1]      [,2]     [,3]     [,4]
[1,] 0.03376581 -23.23025 957.4294 3802.244

[[2]]
[1] 8.331326

GA | iter = 122 | Mean = 7.187507 | Best = 8.331326
0.03376581 -23.23025 957.4294 3802.244[[1]]
           [,1]      [,2]     [,3]     [,4]
[1,] 0.03376581 -23.23025 957.4294 3802.244

[[2]]
[1] 8.331326

GA | iter = 123 | Mean = 7.403705 | Best = 8.331326
0.03376581 -23.23025 957.4294 3802.244[[1]]
           [,1]      [,2]     [,3]     [,4]
[1,] 0.03376581 -23.23025 957.4294 3802.244

[[2]]
[1] 8.331326

GA | iter = 124 | Mean = 7.444316 | Best = 8.331326
0.03376581 -23.23025 957.4294 3802.244[[1]]
           [,1]      [,2]     [,3]     [,4]
[1,] 0.03376581 -23.23025 957.4294 3802.244

[[2]]
[1] 8.331326

GA | iter = 125 | Mean = 7.405559 | Best = 8.331326
0.03376581 -23.23025 957.4294 3802.244[[1]]
           [,1]      [,2]     [,3]     [,4]
[1,] 0.03376581 -23.23025 957.4294 3802.244

[[2]]
[1] 8.331326

GA | iter = 126 | Mean = 7.386399 | Best = 8.331326
0.03376581 -23.23025 957.4294 3802.244[[1]]
           [,1]      [,2]     [,3]     [,4]
[1,] 0.03376581 -23.23025 957.4294 3802.244

[[2]]
[1] 8.331326

GA | iter = 127 | Mean = 7.255880 | Best = 8.331326
0.03376581 -23.23025 957.4294 3802.244[[1]]
           [,1]      [,2]     [,3]     [,4]
[1,] 0.03376581 -23.23025 957.4294 3802.244

[[2]]
[1] 8.331326

GA | iter = 128 | Mean = 7.382343 | Best = 8.331326
0.03376581 -23.23025 957.4294 3802.244[[1]]
           [,1]      [,2]     [,3]     [,4]
[1,] 0.03376581 -23.23025 957.4294 3802.244

[[2]]
[1] 8.331326

GA | iter = 129 | Mean = 7.454776 | Best = 8.331326
0.03376581 -23.23025 957.4294 3802.244[[1]]
           [,1]      [,2]     [,3]     [,4]
[1,] 0.03376581 -23.23025 957.4294 3802.244

[[2]]
[1] 8.331326

GA | iter = 130 | Mean = 7.347427 | Best = 8.331326
0.03376581 -23.23025 957.4294 3802.244[[1]]
           [,1]      [,2]     [,3]     [,4]
[1,] 0.03376581 -23.23025 957.4294 3802.244

[[2]]
[1] 8.331326

GA | iter = 131 | Mean = 7.388675 | Best = 8.331326
0.03376581 -23.23025 957.4294 3802.244[[1]]
           [,1]      [,2]     [,3]     [,4]
[1,] 0.03376581 -23.23025 957.4294 3802.244

[[2]]
[1] 8.331326

GA | iter = 132 | Mean = 7.305566 | Best = 8.331326
0.03376581 -23.23025 957.4294 3802.244[[1]]
           [,1]      [,2]     [,3]     [,4]
[1,] 0.03376581 -23.23025 957.4294 3802.244

[[2]]
[1] 8.331326

GA | iter = 133 | Mean = 7.339894 | Best = 8.331326
0.03376581 -23.23025 957.4294 3802.244[[1]]
           [,1]      [,2]     [,3]     [,4]
[1,] 0.03376581 -23.23025 957.4294 3802.244

[[2]]
[1] 8.331326

GA | iter = 134 | Mean = 7.445785 | Best = 8.331326
0.03376581 -23.23025 957.4294 3802.244[[1]]
           [,1]      [,2]     [,3]     [,4]
[1,] 0.03376581 -23.23025 957.4294 3802.244

[[2]]
[1] 8.331326

GA | iter = 135 | Mean = 7.329831 | Best = 8.331326
0.03376581 -23.23025 957.4294 3802.244[[1]]
           [,1]      [,2]     [,3]     [,4]
[1,] 0.03376581 -23.23025 957.4294 3802.244

[[2]]
[1] 8.331326

GA | iter = 136 | Mean = 7.386732 | Best = 8.331326
0.03376581 -23.23025 957.4294 3802.244[[1]]
           [,1]      [,2]     [,3]     [,4]
[1,] 0.03376581 -23.23025 957.4294 3802.244

[[2]]
[1] 8.331326

GA | iter = 137 | Mean = 7.335212 | Best = 8.331326
0.03376581 -23.23025 957.4294 3802.244[[1]]
           [,1]      [,2]     [,3]     [,4]
[1,] 0.03376581 -23.23025 957.4294 3802.244

[[2]]
[1] 8.331326

GA | iter = 138 | Mean = 7.277446 | Best = 8.331326
0.03376581 -23.23025 957.4294 3802.244[[1]]
           [,1]      [,2]     [,3]     [,4]
[1,] 0.03376581 -23.23025 957.4294 3802.244

[[2]]
[1] 8.331326

GA | iter = 139 | Mean = 7.450923 | Best = 8.331326
0.03484082 -23.21363 951.5752 4947.078[[1]]
           [,1]      [,2]     [,3]     [,4]
[1,] 0.03484082 -23.21363 951.5752 4947.078

[[2]]
[1] 8.331422

GA | iter = 140 | Mean = 7.444956 | Best = 8.331422
0.03484082 -23.21363 951.5752 4947.078[[1]]
           [,1]      [,2]     [,3]     [,4]
[1,] 0.03484082 -23.21363 951.5752 4947.078

[[2]]
[1] 8.331422

GA | iter = 141 | Mean = 7.358633 | Best = 8.331422
0.03484082 -23.21363 951.5752 4947.078[[1]]
           [,1]      [,2]     [,3]     [,4]
[1,] 0.03484082 -23.21363 951.5752 4947.078

[[2]]
[1] 8.331422

GA | iter = 142 | Mean = 7.320091 | Best = 8.331422
0.03484082 -23.21363 951.5752 4947.078[[1]]
           [,1]      [,2]     [,3]     [,4]
[1,] 0.03484082 -23.21363 951.5752 4947.078

[[2]]
[1] 8.331422

GA | iter = 143 | Mean = 7.365335 | Best = 8.331422
0.03484082 -23.21363 951.5752 4947.078[[1]]
           [,1]      [,2]     [,3]     [,4]
[1,] 0.03484082 -23.21363 951.5752 4947.078

[[2]]
[1] 8.331422

GA | iter = 144 | Mean = 7.100057 | Best = 8.331422
0.03484082 -23.21363 951.5752 4947.078[[1]]
           [,1]      [,2]     [,3]     [,4]
[1,] 0.03484082 -23.21363 951.5752 4947.078

[[2]]
[1] 8.331422

GA | iter = 145 | Mean = 7.520096 | Best = 8.331422
0.03484082 -23.21363 951.5752 4947.078[[1]]
           [,1]      [,2]     [,3]     [,4]
[1,] 0.03484082 -23.21363 951.5752 4947.078

[[2]]
[1] 8.331422

GA | iter = 146 | Mean = 7.464547 | Best = 8.331422
0.03325793 -23.18293 956.1925 4335.423[[1]]
           [,1]      [,2]     [,3]     [,4]
[1,] 0.03325793 -23.18293 956.1925 4335.423

[[2]]
[1] 8.331455

GA | iter = 147 | Mean = 7.160322 | Best = 8.331455
0.01956568 -23.35332 988.8691 1392.13[[1]]
           [,1]      [,2]     [,3]    [,4]
[1,] 0.01956568 -23.35332 988.8691 1392.13

[[2]]
[1] 8.334016

GA | iter = 148 | Mean = 7.467155 | Best = 8.334016
0.01956568 -23.35332 988.8691 1392.13[[1]]
           [,1]      [,2]     [,3]    [,4]
[1,] 0.01956568 -23.35332 988.8691 1392.13

[[2]]
[1] 8.334016

GA | iter = 149 | Mean = 7.335756 | Best = 8.334016
0.01956568 -23.35332 988.8691 1392.13[[1]]
           [,1]      [,2]     [,3]    [,4]
[1,] 0.01956568 -23.35332 988.8691 1392.13

[[2]]
[1] 8.334016

GA | iter = 150 | Mean = 7.554056 | Best = 8.334016
0.01956568 -23.35332 988.8691 1392.13[[1]]
           [,1]      [,2]     [,3]    [,4]
[1,] 0.01956568 -23.35332 988.8691 1392.13

[[2]]
[1] 8.334016

GA | iter = 151 | Mean = 7.360273 | Best = 8.334016
0.01956568 -23.35332 988.8691 1392.13[[1]]
           [,1]      [,2]     [,3]    [,4]
[1,] 0.01956568 -23.35332 988.8691 1392.13

[[2]]
[1] 8.334016

GA | iter = 152 | Mean = 7.511165 | Best = 8.334016
0.01956568 -23.35332 988.8691 1392.13[[1]]
           [,1]      [,2]     [,3]    [,4]
[1,] 0.01956568 -23.35332 988.8691 1392.13

[[2]]
[1] 8.334016

GA | iter = 153 | Mean = 7.257733 | Best = 8.334016
0.01956568 -23.35332 988.8691 1392.13[[1]]
           [,1]      [,2]     [,3]    [,4]
[1,] 0.01956568 -23.35332 988.8691 1392.13

[[2]]
[1] 8.334016

GA | iter = 154 | Mean = 7.331018 | Best = 8.334016
0.01956568 -23.35332 988.8691 1392.13[[1]]
           [,1]      [,2]     [,3]    [,4]
[1,] 0.01956568 -23.35332 988.8691 1392.13

[[2]]
[1] 8.334016

GA | iter = 155 | Mean = 7.233234 | Best = 8.334016
0.01956568 -23.35332 988.8691 1392.13[[1]]
           [,1]      [,2]     [,3]    [,4]
[1,] 0.01956568 -23.35332 988.8691 1392.13

[[2]]
[1] 8.334016

GA | iter = 156 | Mean = 7.330218 | Best = 8.334016
0.01956568 -23.35332 988.8691 1392.13[[1]]
           [,1]      [,2]     [,3]    [,4]
[1,] 0.01956568 -23.35332 988.8691 1392.13

[[2]]
[1] 8.334016

GA | iter = 157 | Mean = 7.146346 | Best = 8.334016
0.01956568 -23.35332 988.8691 1392.13[[1]]
           [,1]      [,2]     [,3]    [,4]
[1,] 0.01956568 -23.35332 988.8691 1392.13

[[2]]
[1] 8.334016

GA | iter = 158 | Mean = 7.448071 | Best = 8.334016
0.01956568 -23.35332 988.8691 1392.13[[1]]
           [,1]      [,2]     [,3]    [,4]
[1,] 0.01956568 -23.35332 988.8691 1392.13

[[2]]
[1] 8.334016

GA | iter = 159 | Mean = 7.270728 | Best = 8.334016
0.01956568 -23.35332 988.8691 1392.13[[1]]
           [,1]      [,2]     [,3]    [,4]
[1,] 0.01956568 -23.35332 988.8691 1392.13

[[2]]
[1] 8.334016

GA | iter = 160 | Mean = 7.312245 | Best = 8.334016
0.01956568 -23.35332 988.8691 1392.13[[1]]
           [,1]      [,2]     [,3]    [,4]
[1,] 0.01956568 -23.35332 988.8691 1392.13

[[2]]
[1] 8.334016

GA | iter = 161 | Mean = 7.360869 | Best = 8.334016
0.01956568 -23.35332 988.8691 1392.13[[1]]
           [,1]      [,2]     [,3]    [,4]
[1,] 0.01956568 -23.35332 988.8691 1392.13

[[2]]
[1] 8.334016

GA | iter = 162 | Mean = 7.260431 | Best = 8.334016
0.01956568 -23.35332 988.8691 1392.13[[1]]
           [,1]      [,2]     [,3]    [,4]
[1,] 0.01956568 -23.35332 988.8691 1392.13

[[2]]
[1] 8.334016

GA | iter = 163 | Mean = 7.298758 | Best = 8.334016
0.01956568 -23.35332 988.8691 1392.13[[1]]
           [,1]      [,2]     [,3]    [,4]
[1,] 0.01956568 -23.35332 988.8691 1392.13

[[2]]
[1] 8.334016

GA | iter = 164 | Mean = 7.335580 | Best = 8.334016
0.01956568 -23.35332 988.8691 1392.13[[1]]
           [,1]      [,2]     [,3]    [,4]
[1,] 0.01956568 -23.35332 988.8691 1392.13

[[2]]
[1] 8.334016

GA | iter = 165 | Mean = 7.490060 | Best = 8.334016
0.01956568 -23.35332 988.8691 1392.13[[1]]
           [,1]      [,2]     [,3]    [,4]
[1,] 0.01956568 -23.35332 988.8691 1392.13

[[2]]
[1] 8.334016

GA | iter = 166 | Mean = 7.412953 | Best = 8.334016
0.01956568 -23.35332 988.8691 1392.13[[1]]
           [,1]      [,2]     [,3]    [,4]
[1,] 0.01956568 -23.35332 988.8691 1392.13

[[2]]
[1] 8.334016

GA | iter = 167 | Mean = 7.512223 | Best = 8.334016
0.01956568 -23.35332 988.8691 1392.13[[1]]
           [,1]      [,2]     [,3]    [,4]
[1,] 0.01956568 -23.35332 988.8691 1392.13

[[2]]
[1] 8.334016

GA | iter = 168 | Mean = 7.619979 | Best = 8.334016
0.01956568 -23.35332 988.8691 1392.13[[1]]
           [,1]      [,2]     [,3]    [,4]
[1,] 0.01956568 -23.35332 988.8691 1392.13

[[2]]
[1] 8.334016

GA | iter = 169 | Mean = 7.368775 | Best = 8.334016
0.01956568 -23.35332 988.8691 1392.13[[1]]
           [,1]      [,2]     [,3]    [,4]
[1,] 0.01956568 -23.35332 988.8691 1392.13

[[2]]
[1] 8.334016

GA | iter = 170 | Mean = 7.443298 | Best = 8.334016
0.01956568 -23.35332 988.8691 1392.13[[1]]
           [,1]      [,2]     [,3]    [,4]
[1,] 0.01956568 -23.35332 988.8691 1392.13

[[2]]
[1] 8.334016

GA | iter = 171 | Mean = 7.118243 | Best = 8.334016
0.01956568 -23.35332 988.8691 1392.13[[1]]
           [,1]      [,2]     [,3]    [,4]
[1,] 0.01956568 -23.35332 988.8691 1392.13

[[2]]
[1] 8.334016

GA | iter = 172 | Mean = 7.320253 | Best = 8.334016
0.01956568 -23.35332 988.8691 1392.13[[1]]
           [,1]      [,2]     [,3]    [,4]
[1,] 0.01956568 -23.35332 988.8691 1392.13

[[2]]
[1] 8.334016

GA | iter = 173 | Mean = 7.463315 | Best = 8.334016
0.01956568 -23.35332 988.8691 1392.13[[1]]
           [,1]      [,2]     [,3]    [,4]
[1,] 0.01956568 -23.35332 988.8691 1392.13

[[2]]
[1] 8.334016

GA | iter = 174 | Mean = 7.465291 | Best = 8.334016
0.01956568 -23.35332 988.8691 1392.13[[1]]
           [,1]      [,2]     [,3]    [,4]
[1,] 0.01956568 -23.35332 988.8691 1392.13

[[2]]
[1] 8.334016

GA | iter = 175 | Mean = 7.551415 | Best = 8.334016
0.01956568 -23.35332 988.8691 1392.13[[1]]
           [,1]      [,2]     [,3]    [,4]
[1,] 0.01956568 -23.35332 988.8691 1392.13

[[2]]
[1] 8.334016

GA | iter = 176 | Mean = 7.312251 | Best = 8.334016
0.01956568 -23.35332 988.8691 1392.13[[1]]
           [,1]      [,2]     [,3]    [,4]
[1,] 0.01956568 -23.35332 988.8691 1392.13

[[2]]
[1] 8.334016

GA | iter = 177 | Mean = 7.341322 | Best = 8.334016
0.01956568 -23.35332 988.8691 1392.13[[1]]
           [,1]      [,2]     [,3]    [,4]
[1,] 0.01956568 -23.35332 988.8691 1392.13

[[2]]
[1] 8.334016

GA | iter = 178 | Mean = 7.428519 | Best = 8.334016
0.01956568 -23.35332 988.8691 1392.13[[1]]
           [,1]      [,2]     [,3]    [,4]
[1,] 0.01956568 -23.35332 988.8691 1392.13

[[2]]
[1] 8.334016

GA | iter = 179 | Mean = 7.420621 | Best = 8.334016
0.01956568 -23.35332 988.8691 1392.13[[1]]
           [,1]      [,2]     [,3]    [,4]
[1,] 0.01956568 -23.35332 988.8691 1392.13

[[2]]
[1] 8.334016

GA | iter = 180 | Mean = 7.553873 | Best = 8.334016
0.01956568 -23.35332 988.8691 1392.13[[1]]
           [,1]      [,2]     [,3]    [,4]
[1,] 0.01956568 -23.35332 988.8691 1392.13

[[2]]
[1] 8.334016

GA | iter = 181 | Mean = 7.334911 | Best = 8.334016
0.01956568 -23.35332 988.8691 1392.13[[1]]
           [,1]      [,2]     [,3]    [,4]
[1,] 0.01956568 -23.35332 988.8691 1392.13

[[2]]
[1] 8.334016

GA | iter = 182 | Mean = 7.402826 | Best = 8.334016
0.01956568 -23.35332 988.8691 1392.13[[1]]
           [,1]      [,2]     [,3]    [,4]
[1,] 0.01956568 -23.35332 988.8691 1392.13

[[2]]
[1] 8.334016

GA | iter = 183 | Mean = 7.421081 | Best = 8.334016
0.01956568 -23.35332 988.8691 1392.13[[1]]
           [,1]      [,2]     [,3]    [,4]
[1,] 0.01956568 -23.35332 988.8691 1392.13

[[2]]
[1] 8.334016

GA | iter = 184 | Mean = 7.513680 | Best = 8.334016
0.01956568 -23.35332 988.8691 1392.13[[1]]
           [,1]      [,2]     [,3]    [,4]
[1,] 0.01956568 -23.35332 988.8691 1392.13

[[2]]
[1] 8.334016

GA | iter = 185 | Mean = 7.114442 | Best = 8.334016
0.01956568 -23.35332 988.8691 1392.13[[1]]
           [,1]      [,2]     [,3]    [,4]
[1,] 0.01956568 -23.35332 988.8691 1392.13

[[2]]
[1] 8.334016

GA | iter = 186 | Mean = 7.198724 | Best = 8.334016
0.01956568 -23.35332 988.8691 1392.13[[1]]
           [,1]      [,2]     [,3]    [,4]
[1,] 0.01956568 -23.35332 988.8691 1392.13

[[2]]
[1] 8.334016

GA | iter = 187 | Mean = 7.432970 | Best = 8.334016
0.01956568 -23.35332 988.8691 1392.13[[1]]
           [,1]      [,2]     [,3]    [,4]
[1,] 0.01956568 -23.35332 988.8691 1392.13

[[2]]
[1] 8.334016

GA | iter = 188 | Mean = 7.202043 | Best = 8.334016
0.01956568 -23.35332 988.8691 1392.13[[1]]
           [,1]      [,2]     [,3]    [,4]
[1,] 0.01956568 -23.35332 988.8691 1392.13

[[2]]
[1] 8.334016

GA | iter = 189 | Mean = 7.307194 | Best = 8.334016
0.01956568 -23.35332 988.8691 1392.13[[1]]
           [,1]      [,2]     [,3]    [,4]
[1,] 0.01956568 -23.35332 988.8691 1392.13

[[2]]
[1] 8.334016

GA | iter = 190 | Mean = 7.507988 | Best = 8.334016
0.01956568 -23.35332 988.8691 1392.13[[1]]
           [,1]      [,2]     [,3]    [,4]
[1,] 0.01956568 -23.35332 988.8691 1392.13

[[2]]
[1] 8.334016

GA | iter = 191 | Mean = 7.412493 | Best = 8.334016
0.01956568 -23.35332 988.8691 1392.13[[1]]
           [,1]      [,2]     [,3]    [,4]
[1,] 0.01956568 -23.35332 988.8691 1392.13

[[2]]
[1] 8.334016

GA | iter = 192 | Mean = 7.269130 | Best = 8.334016
0.01956568 -23.35332 988.8691 1392.13[[1]]
           [,1]      [,2]     [,3]    [,4]
[1,] 0.01956568 -23.35332 988.8691 1392.13

[[2]]
[1] 8.334016

GA | iter = 193 | Mean = 7.374805 | Best = 8.334016
0.01956568 -23.35332 988.8691 1392.13[[1]]
           [,1]      [,2]     [,3]    [,4]
[1,] 0.01956568 -23.35332 988.8691 1392.13

[[2]]
[1] 8.334016

GA | iter = 194 | Mean = 7.350931 | Best = 8.334016
0.01956568 -23.35332 988.8691 2910.202[[1]]
           [,1]      [,2]     [,3]     [,4]
[1,] 0.01956568 -23.35332 988.8691 2910.202

[[2]]
[1] 8.338563

GA | iter = 195 | Mean = 7.487971 | Best = 8.338563
0.01956568 -23.35332 988.8691 2910.202[[1]]
           [,1]      [,2]     [,3]     [,4]
[1,] 0.01956568 -23.35332 988.8691 2910.202

[[2]]
[1] 8.338563

GA | iter = 196 | Mean = 7.332320 | Best = 8.338563
0.01956568 -23.35332 988.8691 2910.202[[1]]
           [,1]      [,2]     [,3]     [,4]
[1,] 0.01956568 -23.35332 988.8691 2910.202

[[2]]
[1] 8.338563

GA | iter = 197 | Mean = 7.304944 | Best = 8.338563
0.01956568 -23.35332 988.8691 2910.202[[1]]
           [,1]      [,2]     [,3]     [,4]
[1,] 0.01956568 -23.35332 988.8691 2910.202

[[2]]
[1] 8.338563

GA | iter = 198 | Mean = 7.374578 | Best = 8.338563
0.01956568 -23.35332 988.8691 2910.202[[1]]
           [,1]      [,2]     [,3]     [,4]
[1,] 0.01956568 -23.35332 988.8691 2910.202

[[2]]
[1] 8.338563

GA | iter = 199 | Mean = 7.426077 | Best = 8.338563
0.01956568 -23.35332 988.8691 2910.202[[1]]
           [,1]      [,2]     [,3]     [,4]
[1,] 0.01956568 -23.35332 988.8691 2910.202

[[2]]
[1] 8.338563

GA | iter = 200 | Mean = 7.317399 | Best = 8.338563
0.01956568 -23.35332 988.8691 2910.202[[1]]
           [,1]      [,2]     [,3]     [,4]
[1,] 0.01956568 -23.35332 988.8691 2910.202

[[2]]
[1] 8.338563

GA | iter = 201 | Mean = 7.196335 | Best = 8.338563
0.01956568 -23.35332 988.8691 2910.202[[1]]
           [,1]      [,2]     [,3]     [,4]
[1,] 0.01956568 -23.35332 988.8691 2910.202

[[2]]
[1] 8.338563

GA | iter = 202 | Mean = 7.429352 | Best = 8.338563
0.01956568 -23.35332 988.8691 2910.202[[1]]
           [,1]      [,2]     [,3]     [,4]
[1,] 0.01956568 -23.35332 988.8691 2910.202

[[2]]
[1] 8.338563

GA | iter = 203 | Mean = 7.306586 | Best = 8.338563
0.01956568 -23.35332 988.8691 2910.202[[1]]
           [,1]      [,2]     [,3]     [,4]
[1,] 0.01956568 -23.35332 988.8691 2910.202

[[2]]
[1] 8.338563

GA | iter = 204 | Mean = 7.477682 | Best = 8.338563
0.01956568 -23.35332 988.8691 2910.202[[1]]
           [,1]      [,2]     [,3]     [,4]
[1,] 0.01956568 -23.35332 988.8691 2910.202

[[2]]
[1] 8.338563

GA | iter = 205 | Mean = 7.615002 | Best = 8.338563
0.01956568 -23.35332 988.8691 2910.202[[1]]
           [,1]      [,2]     [,3]     [,4]
[1,] 0.01956568 -23.35332 988.8691 2910.202

[[2]]
[1] 8.338563

GA | iter = 206 | Mean = 7.472344 | Best = 8.338563
0.01956568 -23.35332 988.8691 2910.202[[1]]
           [,1]      [,2]     [,3]     [,4]
[1,] 0.01956568 -23.35332 988.8691 2910.202

[[2]]
[1] 8.338563

GA | iter = 207 | Mean = 7.248667 | Best = 8.338563
0.01956568 -23.35332 988.8691 2910.202[[1]]
           [,1]      [,2]     [,3]     [,4]
[1,] 0.01956568 -23.35332 988.8691 2910.202

[[2]]
[1] 8.338563

GA | iter = 208 | Mean = 7.376186 | Best = 8.338563
0.01956568 -23.35332 988.8691 2910.202[[1]]
           [,1]      [,2]     [,3]     [,4]
[1,] 0.01956568 -23.35332 988.8691 2910.202

[[2]]
[1] 8.338563

GA | iter = 209 | Mean = 7.144095 | Best = 8.338563
0.01956568 -23.35332 988.8691 2910.202[[1]]
           [,1]      [,2]     [,3]     [,4]
[1,] 0.01956568 -23.35332 988.8691 2910.202

[[2]]
[1] 8.338563

GA | iter = 210 | Mean = 7.316702 | Best = 8.338563
0.01956568 -23.35332 988.8691 2910.202[[1]]
           [,1]      [,2]     [,3]     [,4]
[1,] 0.01956568 -23.35332 988.8691 2910.202

[[2]]
[1] 8.338563

GA | iter = 211 | Mean = 7.331744 | Best = 8.338563
0.01956568 -23.35332 988.8691 2910.202[[1]]
           [,1]      [,2]     [,3]     [,4]
[1,] 0.01956568 -23.35332 988.8691 2910.202

[[2]]
[1] 8.338563

GA | iter = 212 | Mean = 7.455076 | Best = 8.338563
0.01956568 -23.35332 988.8691 2910.202[[1]]
           [,1]      [,2]     [,3]     [,4]
[1,] 0.01956568 -23.35332 988.8691 2910.202

[[2]]
[1] 8.338563

GA | iter = 213 | Mean = 7.416377 | Best = 8.338563
0.01956568 -23.35332 988.8691 2910.202[[1]]
           [,1]      [,2]     [,3]     [,4]
[1,] 0.01956568 -23.35332 988.8691 2910.202

[[2]]
[1] 8.338563

GA | iter = 214 | Mean = 7.477002 | Best = 8.338563
0.01956568 -23.35332 988.8691 2910.202[[1]]
           [,1]      [,2]     [,3]     [,4]
[1,] 0.01956568 -23.35332 988.8691 2910.202

[[2]]
[1] 8.338563

GA | iter = 215 | Mean = 7.386700 | Best = 8.338563
0.01956568 -23.35332 988.8691 2910.202[[1]]
           [,1]      [,2]     [,3]     [,4]
[1,] 0.01956568 -23.35332 988.8691 2910.202

[[2]]
[1] 8.338563

GA | iter = 216 | Mean = 7.396229 | Best = 8.338563
0.01956568 -23.35332 988.8691 2910.202[[1]]
           [,1]      [,2]     [,3]     [,4]
[1,] 0.01956568 -23.35332 988.8691 2910.202

[[2]]
[1] 8.338563

GA | iter = 217 | Mean = 7.425529 | Best = 8.338563
0.01956568 -23.35332 988.8691 2910.202[[1]]
           [,1]      [,2]     [,3]     [,4]
[1,] 0.01956568 -23.35332 988.8691 2910.202

[[2]]
[1] 8.338563

GA | iter = 218 | Mean = 7.352777 | Best = 8.338563
0.01956568 -23.35332 988.8691 2910.202[[1]]
           [,1]      [,2]     [,3]     [,4]
[1,] 0.01956568 -23.35332 988.8691 2910.202

[[2]]
[1] 8.338563

GA | iter = 219 | Mean = 7.484549 | Best = 8.338563
0.01956568 -23.35332 988.8691 2910.202[[1]]
           [,1]      [,2]     [,3]     [,4]
[1,] 0.01956568 -23.35332 988.8691 2910.202

[[2]]
[1] 8.338563

GA | iter = 220 | Mean = 7.283448 | Best = 8.338563
0.01956568 -23.35332 988.8691 2910.202[[1]]
           [,1]      [,2]     [,3]     [,4]
[1,] 0.01956568 -23.35332 988.8691 2910.202

[[2]]
[1] 8.338563

GA | iter = 221 | Mean = 7.435503 | Best = 8.338563
0.02113909 -23.32097 985.6377 4356.483[[1]]
           [,1]      [,2]     [,3]     [,4]
[1,] 0.02113909 -23.32097 985.6377 4356.483

[[2]]
[1] 8.339172

GA | iter = 222 | Mean = 7.322233 | Best = 8.339172
0.02113909 -23.32097 985.6377 4356.483[[1]]
           [,1]      [,2]     [,3]     [,4]
[1,] 0.02113909 -23.32097 985.6377 4356.483

[[2]]
[1] 8.339172

GA | iter = 223 | Mean = 7.137920 | Best = 8.339172
0.02113909 -23.32097 985.6377 4356.483[[1]]
           [,1]      [,2]     [,3]     [,4]
[1,] 0.02113909 -23.32097 985.6377 4356.483

[[2]]
[1] 8.339172

GA | iter = 224 | Mean = 7.336790 | Best = 8.339172
0.02113909 -23.32097 985.6377 4356.483[[1]]
           [,1]      [,2]     [,3]     [,4]
[1,] 0.02113909 -23.32097 985.6377 4356.483

[[2]]
[1] 8.339172

GA | iter = 225 | Mean = 7.552991 | Best = 8.339172
0.01956568 -23.35332 988.8691 4039.881[[1]]
           [,1]      [,2]     [,3]     [,4]
[1,] 0.01956568 -23.35332 988.8691 4039.881

[[2]]
[1] 8.340225

GA | iter = 226 | Mean = 7.538268 | Best = 8.340225
0.01956568 -23.35332 988.8691 4039.881[[1]]
           [,1]      [,2]     [,3]     [,4]
[1,] 0.01956568 -23.35332 988.8691 4039.881

[[2]]
[1] 8.340225

GA | iter = 227 | Mean = 7.352846 | Best = 8.340225
0.01956568 -23.35332 988.8691 4039.881[[1]]
           [,1]      [,2]     [,3]     [,4]
[1,] 0.01956568 -23.35332 988.8691 4039.881

[[2]]
[1] 8.340225

GA | iter = 228 | Mean = 7.548715 | Best = 8.340225
0.01956568 -23.35332 988.8691 4039.881[[1]]
           [,1]      [,2]     [,3]     [,4]
[1,] 0.01956568 -23.35332 988.8691 4039.881

[[2]]
[1] 8.340225

GA | iter = 229 | Mean = 7.362224 | Best = 8.340225
0.01956568 -23.35332 988.8691 4039.881[[1]]
           [,1]      [,2]     [,3]     [,4]
[1,] 0.01956568 -23.35332 988.8691 4039.881

[[2]]
[1] 8.340225

GA | iter = 230 | Mean = 7.453339 | Best = 8.340225
0.01956568 -23.35332 988.8691 4039.881[[1]]
           [,1]      [,2]     [,3]     [,4]
[1,] 0.01956568 -23.35332 988.8691 4039.881

[[2]]
[1] 8.340225

GA | iter = 231 | Mean = 7.350935 | Best = 8.340225
0.01956568 -23.35332 988.8691 4039.881[[1]]
           [,1]      [,2]     [,3]     [,4]
[1,] 0.01956568 -23.35332 988.8691 4039.881

[[2]]
[1] 8.340225

GA | iter = 232 | Mean = 7.260081 | Best = 8.340225
0.01956568 -23.35332 988.8691 4039.881[[1]]
           [,1]      [,2]     [,3]     [,4]
[1,] 0.01956568 -23.35332 988.8691 4039.881

[[2]]
[1] 8.340225

GA | iter = 233 | Mean = 7.266308 | Best = 8.340225
0.01956568 -23.35332 988.8691 4039.881[[1]]
           [,1]      [,2]     [,3]     [,4]
[1,] 0.01956568 -23.35332 988.8691 4039.881

[[2]]
[1] 8.340225

GA | iter = 234 | Mean = 7.429758 | Best = 8.340225
0.01956568 -23.35332 988.8691 4039.881[[1]]
           [,1]      [,2]     [,3]     [,4]
[1,] 0.01956568 -23.35332 988.8691 4039.881

[[2]]
[1] 8.340225

GA | iter = 235 | Mean = 7.388882 | Best = 8.340225
0.01956568 -23.35332 988.8691 4039.881[[1]]
           [,1]      [,2]     [,3]     [,4]
[1,] 0.01956568 -23.35332 988.8691 4039.881

[[2]]
[1] 8.340225

GA | iter = 236 | Mean = 7.459096 | Best = 8.340225
0.01956568 -23.35332 988.8691 4039.881[[1]]
           [,1]      [,2]     [,3]     [,4]
[1,] 0.01956568 -23.35332 988.8691 4039.881

[[2]]
[1] 8.340225

GA | iter = 237 | Mean = 7.392597 | Best = 8.340225
0.01956568 -23.35332 988.8691 4039.881[[1]]
           [,1]      [,2]     [,3]     [,4]
[1,] 0.01956568 -23.35332 988.8691 4039.881

[[2]]
[1] 8.340225

GA | iter = 238 | Mean = 7.136139 | Best = 8.340225
0.01956568 -23.35332 988.8691 4039.881[[1]]
           [,1]      [,2]     [,3]     [,4]
[1,] 0.01956568 -23.35332 988.8691 4039.881

[[2]]
[1] 8.340225

GA | iter = 239 | Mean = 7.268162 | Best = 8.340225
0.01956568 -23.35332 988.8691 4039.881[[1]]
           [,1]      [,2]     [,3]     [,4]
[1,] 0.01956568 -23.35332 988.8691 4039.881

[[2]]
[1] 8.340225

GA | iter = 240 | Mean = 7.156998 | Best = 8.340225
0.01956568 -23.35332 988.8691 4039.881[[1]]
           [,1]      [,2]     [,3]     [,4]
[1,] 0.01956568 -23.35332 988.8691 4039.881

[[2]]
[1] 8.340225

GA | iter = 241 | Mean = 7.290882 | Best = 8.340225
0.01956568 -23.35332 988.8691 4039.881[[1]]
           [,1]      [,2]     [,3]     [,4]
[1,] 0.01956568 -23.35332 988.8691 4039.881

[[2]]
[1] 8.340225

GA | iter = 242 | Mean = 7.154220 | Best = 8.340225
slurmstepd: error: *** JOB 29352075 ON cdr1429 CANCELLED AT 2022-03-24T21:46:03 DUE TO TIME LIMIT ***
