
Lmod is automatically replacing "intel/2020.1.217" with "gcc/9.3.0".


Due to MODULEPATH changes, the following have been reloaded:
  1) openmpi/4.0.3


R version 4.0.2 (2020-06-22) -- "Taking Off Again"
Copyright (C) 2020 The R Foundation for Statistical Computing
Platform: x86_64-pc-linux-gnu (64-bit)

R is free software and comes with ABSOLUTELY NO WARRANTY.
You are welcome to redistribute it under certain conditions.
Type 'license()' or 'licence()' for distribution details.

  Natural language support but running in an English locale

R is a collaborative project with many contributors.
Type 'contributors()' for more information and
'citation()' on how to cite R or R packages in publications.

Type 'demo()' for some demos, 'help()' for on-line help, or
'help.start()' for an HTML browser interface to help.
Type 'q()' to quit R.

> # R script to submit parallelized genetic algorithm optimzied runs.
> 
> # load libraries
> library(doParallel)
Loading required package: foreach
Loading required package: iterators
Loading required package: parallel
> library(GA)
Package 'GA' version 3.2.2
Type 'citation("GA")' for citing this R package in publications.

Attaching package: ‘GA’

The following object is masked from ‘package:utils’:

    de

> library(here)
here() starts at /scratch/wanglu57/job_scripts
> library(doRNG)
Loading required package: rngtools
> 
> source(here::here("ga_verbose.R"), local = T)
> source(here::here("chabaudi_si_clean.R"), local = T)
> # load function
> #-----------------------------#
> # load in parameters
> #-----------------------------#
> parameters_tsukushi <- c(R1 = 8.89*10^6, # slightly higher
+                          lambda = 3.7*10^5,
+                          mu = 0.025, 
+                          p = 8*10^-6, # doubled form original
+                          alpha = 1, 
+                          alphag = 2, 
+                          beta = 5.721, 
+                          mum = 48, 
+                          mug = 4, 
+                          I0 = 43.85965, 
+                          Ig0 = 0, 
+                          a = 150, 
+                          b = 100, 
+                          sp = 1,
+                          psin = 16.69234,
+                          psiw = 0.8431785,
+                          phin = 0.03520591, 
+                          phiw = 550.842,
+                          iota = 2.18*(10^6),
+                          rho = 0.2627156)
> 
> time_range <- seq(0, 20, by = 1e-3)
> 
> R_range <- seq((10^6), (10^8), ((10^8)-(10^6))/5000)
> 
> #-----------------------------#
> # Begin parallelized code
> #----------------------------#
> 
> 
> # Create an array from the NODESLIST environnement variable
> nodeslist = unlist(strsplit(Sys.getenv("NODESLIST"), split=" "))
> 
> # Create the cluster with the nodes name. One process per count of node name.
> # nodeslist = node1 node1 node2 node2, means we are starting 2 processes on node1, likewise on node2.
> cl = makeCluster(nodeslist, type = "PSOCK") 
> registerDoParallel(cl)
> clusterExport(cl,c("ga_verbose", "time_range", "parameters_tsukushi", "R_range", "chabaudi_si_clean")) 
> clusterCall(cl, library, package = "mclust", character.only = TRUE)
[[1]]
[1] "mclust"    "stats"     "graphics"  "grDevices" "utils"     "datasets" 
[7] "methods"   "base"     

[[2]]
[1] "mclust"    "stats"     "graphics"  "grDevices" "utils"     "datasets" 
[7] "methods"   "base"     

[[3]]
[1] "mclust"    "stats"     "graphics"  "grDevices" "utils"     "datasets" 
[7] "methods"   "base"     

[[4]]
[1] "mclust"    "stats"     "graphics"  "grDevices" "utils"     "datasets" 
[7] "methods"   "base"     

[[5]]
[1] "mclust"    "stats"     "graphics"  "grDevices" "utils"     "datasets" 
[7] "methods"   "base"     

[[6]]
[1] "mclust"    "stats"     "graphics"  "grDevices" "utils"     "datasets" 
[7] "methods"   "base"     

[[7]]
[1] "mclust"    "stats"     "graphics"  "grDevices" "utils"     "datasets" 
[7] "methods"   "base"     

[[8]]
[1] "mclust"    "stats"     "graphics"  "grDevices" "utils"     "datasets" 
[7] "methods"   "base"     

[[9]]
[1] "mclust"    "stats"     "graphics"  "grDevices" "utils"     "datasets" 
[7] "methods"   "base"     

[[10]]
[1] "mclust"    "stats"     "graphics"  "grDevices" "utils"     "datasets" 
[7] "methods"   "base"     

[[11]]
[1] "mclust"    "stats"     "graphics"  "grDevices" "utils"     "datasets" 
[7] "methods"   "base"     

[[12]]
[1] "mclust"    "stats"     "graphics"  "grDevices" "utils"     "datasets" 
[7] "methods"   "base"     

[[13]]
[1] "mclust"    "stats"     "graphics"  "grDevices" "utils"     "datasets" 
[7] "methods"   "base"     

[[14]]
[1] "mclust"    "stats"     "graphics"  "grDevices" "utils"     "datasets" 
[7] "methods"   "base"     

[[15]]
[1] "mclust"    "stats"     "graphics"  "grDevices" "utils"     "datasets" 
[7] "methods"   "base"     

[[16]]
[1] "mclust"    "stats"     "graphics"  "grDevices" "utils"     "datasets" 
[7] "methods"   "base"     

[[17]]
[1] "mclust"    "stats"     "graphics"  "grDevices" "utils"     "datasets" 
[7] "methods"   "base"     

[[18]]
[1] "mclust"    "stats"     "graphics"  "grDevices" "utils"     "datasets" 
[7] "methods"   "base"     

[[19]]
[1] "mclust"    "stats"     "graphics"  "grDevices" "utils"     "datasets" 
[7] "methods"   "base"     

[[20]]
[1] "mclust"    "stats"     "graphics"  "grDevices" "utils"     "datasets" 
[7] "methods"   "base"     

[[21]]
[1] "mclust"    "stats"     "graphics"  "grDevices" "utils"     "datasets" 
[7] "methods"   "base"     

[[22]]
[1] "mclust"    "stats"     "graphics"  "grDevices" "utils"     "datasets" 
[7] "methods"   "base"     

[[23]]
[1] "mclust"    "stats"     "graphics"  "grDevices" "utils"     "datasets" 
[7] "methods"   "base"     

[[24]]
[1] "mclust"    "stats"     "graphics"  "grDevices" "utils"     "datasets" 
[7] "methods"   "base"     

[[25]]
[1] "mclust"    "stats"     "graphics"  "grDevices" "utils"     "datasets" 
[7] "methods"   "base"     

[[26]]
[1] "mclust"    "stats"     "graphics"  "grDevices" "utils"     "datasets" 
[7] "methods"   "base"     

[[27]]
[1] "mclust"    "stats"     "graphics"  "grDevices" "utils"     "datasets" 
[7] "methods"   "base"     

[[28]]
[1] "mclust"    "stats"     "graphics"  "grDevices" "utils"     "datasets" 
[7] "methods"   "base"     

[[29]]
[1] "mclust"    "stats"     "graphics"  "grDevices" "utils"     "datasets" 
[7] "methods"   "base"     

[[30]]
[1] "mclust"    "stats"     "graphics"  "grDevices" "utils"     "datasets" 
[7] "methods"   "base"     

[[31]]
[1] "mclust"    "stats"     "graphics"  "grDevices" "utils"     "datasets" 
[7] "methods"   "base"     

[[32]]
[1] "mclust"    "stats"     "graphics"  "grDevices" "utils"     "datasets" 
[7] "methods"   "base"     

[[33]]
[1] "mclust"    "stats"     "graphics"  "grDevices" "utils"     "datasets" 
[7] "methods"   "base"     

[[34]]
[1] "mclust"    "stats"     "graphics"  "grDevices" "utils"     "datasets" 
[7] "methods"   "base"     

[[35]]
[1] "mclust"    "stats"     "graphics"  "grDevices" "utils"     "datasets" 
[7] "methods"   "base"     

[[36]]
[1] "mclust"    "stats"     "graphics"  "grDevices" "utils"     "datasets" 
[7] "methods"   "base"     

[[37]]
[1] "mclust"    "stats"     "graphics"  "grDevices" "utils"     "datasets" 
[7] "methods"   "base"     

[[38]]
[1] "mclust"    "stats"     "graphics"  "grDevices" "utils"     "datasets" 
[7] "methods"   "base"     

[[39]]
[1] "mclust"    "stats"     "graphics"  "grDevices" "utils"     "datasets" 
[7] "methods"   "base"     

[[40]]
[1] "mclust"    "stats"     "graphics"  "grDevices" "utils"     "datasets" 
[7] "methods"   "base"     

[[41]]
[1] "mclust"    "stats"     "graphics"  "grDevices" "utils"     "datasets" 
[7] "methods"   "base"     

[[42]]
[1] "mclust"    "stats"     "graphics"  "grDevices" "utils"     "datasets" 
[7] "methods"   "base"     

[[43]]
[1] "mclust"    "stats"     "graphics"  "grDevices" "utils"     "datasets" 
[7] "methods"   "base"     

[[44]]
[1] "mclust"    "stats"     "graphics"  "grDevices" "utils"     "datasets" 
[7] "methods"   "base"     

[[45]]
[1] "mclust"    "stats"     "graphics"  "grDevices" "utils"     "datasets" 
[7] "methods"   "base"     

[[46]]
[1] "mclust"    "stats"     "graphics"  "grDevices" "utils"     "datasets" 
[7] "methods"   "base"     

[[47]]
[1] "mclust"    "stats"     "graphics"  "grDevices" "utils"     "datasets" 
[7] "methods"   "base"     

[[48]]
[1] "mclust"    "stats"     "graphics"  "grDevices" "utils"     "datasets" 
[7] "methods"   "base"     

> ga_res <- ga_verbose(type = "real-valued", 
+                      function(x)
+                        chabaudi_si_clean(
+                          parameters_cr = c(x[1], x[2], x[3], x[4]), 
+                          parameters = parameters_tsukushi, 
+                          time_range = time_range, 
+                          cue = "R", 
+                          cue_range = R_range, 
+                          log_cue = "none",
+                          immunity = "tsukushi",
+                          solver = "vode"),
+                      lower = c(-1, -100, -1000, -5000), # range determined that would alter shape of spline
+                      upper = c(1, 100, 1000, 5000),  
+                      popSize = 250, 
+                      maxiter = 1000, # change to 10 for testing purpose 
+                      pmutation = 0.3,
+                      keepBest = TRUE,
+                      run = 50,
+                      parallel = cl,
+                      seed = 137,
+                      monitor = TRUE,
+                      id = "2022-03-05_si-R-emp")
0.5910099 -18.11944 66.59449 4135.851[[1]]
          [,1]      [,2]     [,3]     [,4]
[1,] 0.5910099 -18.11944 66.59449 4135.851

[[2]]
[1] 6.968759

GA | iter = 1 | Mean = 0.297179 | Best = 6.968759
-0.0426207 -8.539907 145.4435 -2105.467[[1]]
           [,1]      [,2]     [,3]      [,4]
[1,] -0.0426207 -8.539907 145.4435 -2105.467

[[2]]
[1] 7.667539

GA | iter = 2 | Mean = 0.7816565 | Best = 7.6675395
0.4015019 -6.129202 -38.59508 3109.37[[1]]
          [,1]      [,2]      [,3]    [,4]
[1,] 0.4015019 -6.129202 -38.59508 3109.37

[[2]]
[1] 7.667558

GA | iter = 3 | Mean = 0.6974497 | Best = 7.6675581
0.4918535 -4.46778 6.182935 214.8467[[1]]
          [,1]     [,2]     [,3]     [,4]
[1,] 0.4918535 -4.46778 6.182935 214.8467

[[2]]
[1] 7.888731

GA | iter = 4 | Mean = 1.243747 | Best = 7.888731
-0.05734571 -17.13614 256.1027 -2101.912[[1]]
            [,1]      [,2]     [,3]      [,4]
[1,] -0.05734571 -17.13614 256.1027 -2101.912

[[2]]
[1] 7.907091

GA | iter = 5 | Mean = 1.469223 | Best = 7.907091
-0.03546886 -10.72251 172.0278 -2008.483[[1]]
            [,1]      [,2]     [,3]      [,4]
[1,] -0.03546886 -10.72251 172.0278 -2008.483

[[2]]
[1] 7.95086

GA | iter = 6 | Mean = 1.990135 | Best = 7.950860
0.3606326 -8.54964 46.2772 879.2501[[1]]
          [,1]     [,2]    [,3]     [,4]
[1,] 0.3606326 -8.54964 46.2772 879.2501

[[2]]
[1] 8.015514

GA | iter = 7 | Mean = 2.294179 | Best = 8.015514
0.3606326 -8.54964 46.2772 879.2501[[1]]
          [,1]     [,2]    [,3]     [,4]
[1,] 0.3606326 -8.54964 46.2772 879.2501

[[2]]
[1] 8.015514

GA | iter = 8 | Mean = 3.019247 | Best = 8.015514
0.3606326 -8.54964 46.2772 879.2501[[1]]
          [,1]     [,2]    [,3]     [,4]
[1,] 0.3606326 -8.54964 46.2772 879.2501

[[2]]
[1] 8.015514

GA | iter = 9 | Mean = 3.607477 | Best = 8.015514
0.3606326 -8.54964 46.2772 879.2501[[1]]
          [,1]     [,2]    [,3]     [,4]
[1,] 0.3606326 -8.54964 46.2772 879.2501

[[2]]
[1] 8.015514

GA | iter = 10 | Mean = 4.008642 | Best = 8.015514
0.3606326 -8.54964 46.2772 879.2501[[1]]
          [,1]     [,2]    [,3]     [,4]
[1,] 0.3606326 -8.54964 46.2772 879.2501

[[2]]
[1] 8.015514

GA | iter = 11 | Mean = 4.548652 | Best = 8.015514
0.3606326 -8.54964 46.2772 879.2501[[1]]
          [,1]     [,2]    [,3]     [,4]
[1,] 0.3606326 -8.54964 46.2772 879.2501

[[2]]
[1] 8.015514

GA | iter = 12 | Mean = 4.763250 | Best = 8.015514
0.3606326 -8.54964 46.2772 879.2501[[1]]
          [,1]     [,2]    [,3]     [,4]
[1,] 0.3606326 -8.54964 46.2772 879.2501

[[2]]
[1] 8.015514

GA | iter = 13 | Mean = 4.743952 | Best = 8.015514
0.3606326 -8.54964 46.2772 879.2501[[1]]
          [,1]     [,2]    [,3]     [,4]
[1,] 0.3606326 -8.54964 46.2772 879.2501

[[2]]
[1] 8.015514

GA | iter = 14 | Mean = 4.967343 | Best = 8.015514
0.3606326 -8.54964 46.2772 879.2501[[1]]
          [,1]     [,2]    [,3]     [,4]
[1,] 0.3606326 -8.54964 46.2772 879.2501

[[2]]
[1] 8.015514

GA | iter = 15 | Mean = 5.482641 | Best = 8.015514
0.3606326 -8.54964 46.2772 879.2501[[1]]
          [,1]     [,2]    [,3]     [,4]
[1,] 0.3606326 -8.54964 46.2772 879.2501

[[2]]
[1] 8.015514

GA | iter = 16 | Mean = 5.464605 | Best = 8.015514
0.4239076 -10.39593 80.28395 300.4686[[1]]
          [,1]      [,2]     [,3]     [,4]
[1,] 0.4239076 -10.39593 80.28395 300.4686

[[2]]
[1] 8.017891

GA | iter = 17 | Mean = 5.352454 | Best = 8.017891
0.4239076 -10.39593 80.28395 300.4686[[1]]
          [,1]      [,2]     [,3]     [,4]
[1,] 0.4239076 -10.39593 80.28395 300.4686

[[2]]
[1] 8.017891

GA | iter = 18 | Mean = 5.454473 | Best = 8.017891
0.3222364 -10.05108 66.73154 811.1659[[1]]
          [,1]      [,2]     [,3]     [,4]
[1,] 0.3222364 -10.05108 66.73154 811.1659

[[2]]
[1] 8.019987

GA | iter = 19 | Mean = 5.252964 | Best = 8.019987
0.3222364 -10.05108 66.73154 811.1659[[1]]
          [,1]      [,2]     [,3]     [,4]
[1,] 0.3222364 -10.05108 66.73154 811.1659

[[2]]
[1] 8.019987

GA | iter = 20 | Mean = 5.637791 | Best = 8.019987
0.3070408 -8.791078 64.05716 424.9745[[1]]
          [,1]      [,2]     [,3]     [,4]
[1,] 0.3070408 -8.791078 64.05716 424.9745

[[2]]
[1] 8.020859

GA | iter = 21 | Mean = 5.631685 | Best = 8.020859
0.3070408 -8.791078 64.05716 424.9745[[1]]
          [,1]      [,2]     [,3]     [,4]
[1,] 0.3070408 -8.791078 64.05716 424.9745

[[2]]
[1] 8.020859

GA | iter = 22 | Mean = 5.407157 | Best = 8.020859
0.3070408 -8.791078 64.05716 424.9745[[1]]
          [,1]      [,2]     [,3]     [,4]
[1,] 0.3070408 -8.791078 64.05716 424.9745

[[2]]
[1] 8.020859

GA | iter = 23 | Mean = 5.711575 | Best = 8.020859
0.3070408 -8.791078 64.05716 424.9745[[1]]
          [,1]      [,2]     [,3]     [,4]
[1,] 0.3070408 -8.791078 64.05716 424.9745

[[2]]
[1] 8.020859

GA | iter = 24 | Mean = 5.662151 | Best = 8.020859
0.4053314 -10.41683 78.66452 362.5407[[1]]
          [,1]      [,2]     [,3]     [,4]
[1,] 0.4053314 -10.41683 78.66452 362.5407

[[2]]
[1] 8.021917

GA | iter = 25 | Mean = 5.625903 | Best = 8.021917
0.4053314 -10.41683 78.66452 362.5407[[1]]
          [,1]      [,2]     [,3]     [,4]
[1,] 0.4053314 -10.41683 78.66452 362.5407

[[2]]
[1] 8.021917

GA | iter = 26 | Mean = 6.243498 | Best = 8.021917
0.4053314 -10.41683 78.66452 362.5407[[1]]
          [,1]      [,2]     [,3]     [,4]
[1,] 0.4053314 -10.41683 78.66452 362.5407

[[2]]
[1] 8.021917

GA | iter = 27 | Mean = 5.833368 | Best = 8.021917
0.4053314 -10.41683 78.66452 362.5407[[1]]
          [,1]      [,2]     [,3]     [,4]
[1,] 0.4053314 -10.41683 78.66452 362.5407

[[2]]
[1] 8.021917

GA | iter = 28 | Mean = 6.021937 | Best = 8.021917
0.4053314 -10.41683 78.66452 362.5407[[1]]
          [,1]      [,2]     [,3]     [,4]
[1,] 0.4053314 -10.41683 78.66452 362.5407

[[2]]
[1] 8.021917

GA | iter = 29 | Mean = 6.223125 | Best = 8.021917
0.4053314 -10.41683 78.66452 362.5407[[1]]
          [,1]      [,2]     [,3]     [,4]
[1,] 0.4053314 -10.41683 78.66452 362.5407

[[2]]
[1] 8.021917

GA | iter = 30 | Mean = 6.239366 | Best = 8.021917
0.4053314 -10.41683 78.66452 362.5407[[1]]
          [,1]      [,2]     [,3]     [,4]
[1,] 0.4053314 -10.41683 78.66452 362.5407

[[2]]
[1] 8.021917

GA | iter = 31 | Mean = 5.842301 | Best = 8.021917
0.4053314 -10.41683 78.66452 362.5407[[1]]
          [,1]      [,2]     [,3]     [,4]
[1,] 0.4053314 -10.41683 78.66452 362.5407

[[2]]
[1] 8.021917

GA | iter = 32 | Mean = 5.779777 | Best = 8.021917
0.4053314 -10.41683 78.66452 362.5407[[1]]
          [,1]      [,2]     [,3]     [,4]
[1,] 0.4053314 -10.41683 78.66452 362.5407

[[2]]
[1] 8.021917

GA | iter = 33 | Mean = 5.956993 | Best = 8.021917
0.4053314 -10.41683 78.66452 362.5407[[1]]
          [,1]      [,2]     [,3]     [,4]
[1,] 0.4053314 -10.41683 78.66452 362.5407

[[2]]
[1] 8.021917

GA | iter = 34 | Mean = 6.166886 | Best = 8.021917
0.4053314 -10.41683 78.66452 362.5407[[1]]
          [,1]      [,2]     [,3]     [,4]
[1,] 0.4053314 -10.41683 78.66452 362.5407

[[2]]
[1] 8.021917

GA | iter = 35 | Mean = 6.119841 | Best = 8.021917
0.4053314 -10.41683 78.66452 362.5407[[1]]
          [,1]      [,2]     [,3]     [,4]
[1,] 0.4053314 -10.41683 78.66452 362.5407

[[2]]
[1] 8.021917

GA | iter = 36 | Mean = 5.883328 | Best = 8.021917
0.4053314 -10.41683 78.66452 362.5407[[1]]
          [,1]      [,2]     [,3]     [,4]
[1,] 0.4053314 -10.41683 78.66452 362.5407

[[2]]
[1] 8.021917

GA | iter = 37 | Mean = 5.881779 | Best = 8.021917
0.4053314 -10.41683 78.66452 362.5407[[1]]
          [,1]      [,2]     [,3]     [,4]
[1,] 0.4053314 -10.41683 78.66452 362.5407

[[2]]
[1] 8.021917

GA | iter = 38 | Mean = 5.813194 | Best = 8.021917
0.4053314 -10.41683 78.66452 362.5407[[1]]
          [,1]      [,2]     [,3]     [,4]
[1,] 0.4053314 -10.41683 78.66452 362.5407

[[2]]
[1] 8.021917

GA | iter = 39 | Mean = 5.804841 | Best = 8.021917
0.4053314 -10.41683 78.66452 362.5407[[1]]
          [,1]      [,2]     [,3]     [,4]
[1,] 0.4053314 -10.41683 78.66452 362.5407

[[2]]
[1] 8.021917

GA | iter = 40 | Mean = 6.213442 | Best = 8.021917
0.4053314 -10.41683 78.66452 362.5407[[1]]
          [,1]      [,2]     [,3]     [,4]
[1,] 0.4053314 -10.41683 78.66452 362.5407

[[2]]
[1] 8.021917

GA | iter = 41 | Mean = 6.190136 | Best = 8.021917
0.4053314 -10.41683 78.66452 362.5407[[1]]
          [,1]      [,2]     [,3]     [,4]
[1,] 0.4053314 -10.41683 78.66452 362.5407

[[2]]
[1] 8.021917

GA | iter = 42 | Mean = 5.825543 | Best = 8.021917
0.4053314 -10.41683 78.66452 362.5407[[1]]
          [,1]      [,2]     [,3]     [,4]
[1,] 0.4053314 -10.41683 78.66452 362.5407

[[2]]
[1] 8.021917

GA | iter = 43 | Mean = 5.861843 | Best = 8.021917
0.4053314 -10.41683 78.66452 362.5407[[1]]
          [,1]      [,2]     [,3]     [,4]
[1,] 0.4053314 -10.41683 78.66452 362.5407

[[2]]
[1] 8.021917

GA | iter = 44 | Mean = 5.842262 | Best = 8.021917
0.4053314 -10.41683 78.66452 362.5407[[1]]
          [,1]      [,2]     [,3]     [,4]
[1,] 0.4053314 -10.41683 78.66452 362.5407

[[2]]
[1] 8.021917

GA | iter = 45 | Mean = 6.023066 | Best = 8.021917
0.4053314 -10.41683 78.66452 362.5407[[1]]
          [,1]      [,2]     [,3]     [,4]
[1,] 0.4053314 -10.41683 78.66452 362.5407

[[2]]
[1] 8.021917

GA | iter = 46 | Mean = 6.069996 | Best = 8.021917
0.4053314 -10.41683 78.66452 362.5407[[1]]
          [,1]      [,2]     [,3]     [,4]
[1,] 0.4053314 -10.41683 78.66452 362.5407

[[2]]
[1] 8.021917

GA | iter = 47 | Mean = 5.896509 | Best = 8.021917
0.3677203 -10.18486 71.38502 610.4774[[1]]
          [,1]      [,2]     [,3]     [,4]
[1,] 0.3677203 -10.18486 71.38502 610.4774

[[2]]
[1] 8.02203

GA | iter = 48 | Mean = 5.83219 | Best = 8.02203
0.3677203 -10.18486 71.38502 610.4774[[1]]
          [,1]      [,2]     [,3]     [,4]
[1,] 0.3677203 -10.18486 71.38502 610.4774

[[2]]
[1] 8.02203

GA | iter = 49 | Mean = 6.030049 | Best = 8.022030
0.3677203 -10.18486 71.38502 610.4774[[1]]
          [,1]      [,2]     [,3]     [,4]
[1,] 0.3677203 -10.18486 71.38502 610.4774

[[2]]
[1] 8.02203

GA | iter = 50 | Mean = 6.555995 | Best = 8.022030
0.3677203 -10.18486 71.38502 610.4774[[1]]
          [,1]      [,2]     [,3]     [,4]
[1,] 0.3677203 -10.18486 71.38502 610.4774

[[2]]
[1] 8.02203

GA | iter = 51 | Mean = 5.961282 | Best = 8.022030
0.3677203 -10.18486 71.38502 610.4774[[1]]
          [,1]      [,2]     [,3]     [,4]
[1,] 0.3677203 -10.18486 71.38502 610.4774

[[2]]
[1] 8.02203

GA | iter = 52 | Mean = 6.300432 | Best = 8.022030
0.3677203 -10.18486 71.38502 610.4774[[1]]
          [,1]      [,2]     [,3]     [,4]
[1,] 0.3677203 -10.18486 71.38502 610.4774

[[2]]
[1] 8.02203

GA | iter = 53 | Mean = 6.390887 | Best = 8.022030
0.3677203 -10.18486 71.38502 610.4774[[1]]
          [,1]      [,2]     [,3]     [,4]
[1,] 0.3677203 -10.18486 71.38502 610.4774

[[2]]
[1] 8.02203

GA | iter = 54 | Mean = 5.962479 | Best = 8.022030
0.3677203 -10.18486 71.38502 610.4774[[1]]
          [,1]      [,2]     [,3]     [,4]
[1,] 0.3677203 -10.18486 71.38502 610.4774

[[2]]
[1] 8.02203

GA | iter = 55 | Mean = 6.661892 | Best = 8.022030
0.3677203 -10.18486 71.38502 610.4774[[1]]
          [,1]      [,2]     [,3]     [,4]
[1,] 0.3677203 -10.18486 71.38502 610.4774

[[2]]
[1] 8.02203

GA | iter = 56 | Mean = 5.356568 | Best = 8.022030
0.3677203 -10.18486 71.38502 610.4774[[1]]
          [,1]      [,2]     [,3]     [,4]
[1,] 0.3677203 -10.18486 71.38502 610.4774

[[2]]
[1] 8.02203

GA | iter = 57 | Mean = 6.062203 | Best = 8.022030
0.3677203 -10.18486 71.38502 610.4774[[1]]
          [,1]      [,2]     [,3]     [,4]
[1,] 0.3677203 -10.18486 71.38502 610.4774

[[2]]
[1] 8.02203

GA | iter = 58 | Mean = 5.891487 | Best = 8.022030
0.3677203 -10.18486 71.38502 610.4774[[1]]
          [,1]      [,2]     [,3]     [,4]
[1,] 0.3677203 -10.18486 71.38502 610.4774

[[2]]
[1] 8.02203

GA | iter = 59 | Mean = 5.296401 | Best = 8.022030
0.3677203 -10.18486 71.38502 610.4774[[1]]
          [,1]      [,2]     [,3]     [,4]
[1,] 0.3677203 -10.18486 71.38502 610.4774

[[2]]
[1] 8.02203

GA | iter = 60 | Mean = 6.060831 | Best = 8.022030
0.3597002 -10.16303 74.62799 498.4723[[1]]
          [,1]      [,2]     [,3]     [,4]
[1,] 0.3597002 -10.16303 74.62799 498.4723

[[2]]
[1] 8.022072

GA | iter = 61 | Mean = 6.294947 | Best = 8.022072
0.3679609 -10.10906 74.25819 476.5607[[1]]
          [,1]      [,2]     [,3]     [,4]
[1,] 0.3679609 -10.10906 74.25819 476.5607

[[2]]
[1] 8.022178

GA | iter = 62 | Mean = 6.189109 | Best = 8.022178
0.3679609 -10.10906 74.25819 476.5607[[1]]
          [,1]      [,2]     [,3]     [,4]
[1,] 0.3679609 -10.10906 74.25819 476.5607

[[2]]
[1] 8.022178

GA | iter = 63 | Mean = 6.053809 | Best = 8.022178
0.3679609 -10.10906 74.25819 476.5607[[1]]
          [,1]      [,2]     [,3]     [,4]
[1,] 0.3679609 -10.10906 74.25819 476.5607

[[2]]
[1] 8.022178

GA | iter = 64 | Mean = 6.094360 | Best = 8.022178
0.3745219 -10.09111 72.82252 499.8565[[1]]
          [,1]      [,2]     [,3]     [,4]
[1,] 0.3745219 -10.09111 72.82252 499.8565

[[2]]
[1] 8.0223

GA | iter = 65 | Mean = 6.172719 | Best = 8.022300
0.3745219 -10.09111 72.82252 499.8565[[1]]
          [,1]      [,2]     [,3]     [,4]
[1,] 0.3745219 -10.09111 72.82252 499.8565

[[2]]
[1] 8.0223

GA | iter = 66 | Mean = 5.681136 | Best = 8.022300
0.3745219 -10.09111 72.82252 499.8565[[1]]
          [,1]      [,2]     [,3]     [,4]
[1,] 0.3745219 -10.09111 72.82252 499.8565

[[2]]
[1] 8.0223

GA | iter = 67 | Mean = 5.962066 | Best = 8.022300
0.3745219 -10.09111 72.82252 499.8565[[1]]
          [,1]      [,2]     [,3]     [,4]
[1,] 0.3745219 -10.09111 72.82252 499.8565

[[2]]
[1] 8.0223

GA | iter = 68 | Mean = 5.800021 | Best = 8.022300
0.3745219 -10.09111 72.82252 499.8565[[1]]
          [,1]      [,2]     [,3]     [,4]
[1,] 0.3745219 -10.09111 72.82252 499.8565

[[2]]
[1] 8.0223

GA | iter = 69 | Mean = 6.186265 | Best = 8.022300
0.3745219 -10.09111 72.82252 499.8565[[1]]
          [,1]      [,2]     [,3]     [,4]
[1,] 0.3745219 -10.09111 72.82252 499.8565

[[2]]
[1] 8.0223

GA | iter = 70 | Mean = 6.07558 | Best = 8.02230
0.3745219 -10.09111 72.82252 499.8565[[1]]
          [,1]      [,2]     [,3]     [,4]
[1,] 0.3745219 -10.09111 72.82252 499.8565

[[2]]
[1] 8.0223

GA | iter = 71 | Mean = 5.861169 | Best = 8.022300
0.3745219 -10.09111 72.82252 499.8565[[1]]
          [,1]      [,2]     [,3]     [,4]
[1,] 0.3745219 -10.09111 72.82252 499.8565

[[2]]
[1] 8.0223

GA | iter = 72 | Mean = 6.152449 | Best = 8.022300
0.3745219 -10.09111 72.82252 499.8565[[1]]
          [,1]      [,2]     [,3]     [,4]
[1,] 0.3745219 -10.09111 72.82252 499.8565

[[2]]
[1] 8.0223

GA | iter = 73 | Mean = 5.989355 | Best = 8.022300
0.3745219 -10.09111 72.82252 499.8565[[1]]
          [,1]      [,2]     [,3]     [,4]
[1,] 0.3745219 -10.09111 72.82252 499.8565

[[2]]
[1] 8.0223

GA | iter = 74 | Mean = 6.098212 | Best = 8.022300
0.3745219 -10.09111 72.82252 499.8565[[1]]
          [,1]      [,2]     [,3]     [,4]
[1,] 0.3745219 -10.09111 72.82252 499.8565

[[2]]
[1] 8.0223

GA | iter = 75 | Mean = 5.923801 | Best = 8.022300
0.3745219 -10.09111 72.82252 499.8565[[1]]
          [,1]      [,2]     [,3]     [,4]
[1,] 0.3745219 -10.09111 72.82252 499.8565

[[2]]
[1] 8.0223

GA | iter = 76 | Mean = 6.159597 | Best = 8.022300
0.3745219 -10.09111 72.82252 499.8565[[1]]
          [,1]      [,2]     [,3]     [,4]
[1,] 0.3745219 -10.09111 72.82252 499.8565

[[2]]
[1] 8.0223

GA | iter = 77 | Mean = 6.171753 | Best = 8.022300
0.3745219 -10.09111 72.82252 499.8565[[1]]
          [,1]      [,2]     [,3]     [,4]
[1,] 0.3745219 -10.09111 72.82252 499.8565

[[2]]
[1] 8.0223

GA | iter = 78 | Mean = 6.205865 | Best = 8.022300
0.3745219 -10.09111 72.82252 499.8565[[1]]
          [,1]      [,2]     [,3]     [,4]
[1,] 0.3745219 -10.09111 72.82252 499.8565

[[2]]
[1] 8.0223

GA | iter = 79 | Mean = 5.92369 | Best = 8.02230
0.3745219 -10.09111 72.82252 499.8565[[1]]
          [,1]      [,2]     [,3]     [,4]
[1,] 0.3745219 -10.09111 72.82252 499.8565

[[2]]
[1] 8.0223

GA | iter = 80 | Mean = 6.404051 | Best = 8.022300
0.3745219 -10.09111 72.82252 499.8565[[1]]
          [,1]      [,2]     [,3]     [,4]
[1,] 0.3745219 -10.09111 72.82252 499.8565

[[2]]
[1] 8.0223

GA | iter = 81 | Mean = 6.110569 | Best = 8.022300
0.3745219 -10.09111 72.82252 499.8565[[1]]
          [,1]      [,2]     [,3]     [,4]
[1,] 0.3745219 -10.09111 72.82252 499.8565

[[2]]
[1] 8.0223

GA | iter = 82 | Mean = 6.08982 | Best = 8.02230
0.3745219 -10.09111 72.82252 499.8565[[1]]
          [,1]      [,2]     [,3]     [,4]
[1,] 0.3745219 -10.09111 72.82252 499.8565

[[2]]
[1] 8.0223

GA | iter = 83 | Mean = 6.185916 | Best = 8.022300
0.3745219 -10.09111 72.82252 499.8565[[1]]
          [,1]      [,2]     [,3]     [,4]
[1,] 0.3745219 -10.09111 72.82252 499.8565

[[2]]
[1] 8.0223

GA | iter = 84 | Mean = 6.047988 | Best = 8.022300
0.3745219 -10.09111 72.82252 499.8565[[1]]
          [,1]      [,2]     [,3]     [,4]
[1,] 0.3745219 -10.09111 72.82252 499.8565

[[2]]
[1] 8.0223

GA | iter = 85 | Mean = 5.984197 | Best = 8.022300
0.3745219 -10.09111 72.82252 499.8565[[1]]
          [,1]      [,2]     [,3]     [,4]
[1,] 0.3745219 -10.09111 72.82252 499.8565

[[2]]
[1] 8.0223

GA | iter = 86 | Mean = 6.113647 | Best = 8.022300
0.3745219 -10.09111 72.82252 499.8565[[1]]
          [,1]      [,2]     [,3]     [,4]
[1,] 0.3745219 -10.09111 72.82252 499.8565

[[2]]
[1] 8.0223

GA | iter = 87 | Mean = 6.018821 | Best = 8.022300
0.3745219 -10.09111 72.82252 499.8565[[1]]
          [,1]      [,2]     [,3]     [,4]
[1,] 0.3745219 -10.09111 72.82252 499.8565

[[2]]
[1] 8.0223

GA | iter = 88 | Mean = 6.110072 | Best = 8.022300
0.3745219 -10.09111 72.82252 499.8565[[1]]
          [,1]      [,2]     [,3]     [,4]
[1,] 0.3745219 -10.09111 72.82252 499.8565

[[2]]
[1] 8.0223

GA | iter = 89 | Mean = 6.067499 | Best = 8.022300
0.3745219 -10.09111 72.82252 499.8565[[1]]
          [,1]      [,2]     [,3]     [,4]
[1,] 0.3745219 -10.09111 72.82252 499.8565

[[2]]
[1] 8.0223

GA | iter = 90 | Mean = 5.882032 | Best = 8.022300
0.3745219 -10.09111 72.82252 499.8565[[1]]
          [,1]      [,2]     [,3]     [,4]
[1,] 0.3745219 -10.09111 72.82252 499.8565

[[2]]
[1] 8.0223

GA | iter = 91 | Mean = 5.844334 | Best = 8.022300
0.3745219 -10.09111 72.82252 499.8565[[1]]
          [,1]      [,2]     [,3]     [,4]
[1,] 0.3745219 -10.09111 72.82252 499.8565

[[2]]
[1] 8.0223

GA | iter = 92 | Mean = 6.023583 | Best = 8.022300
0.3745219 -10.09111 72.82252 499.8565[[1]]
          [,1]      [,2]     [,3]     [,4]
[1,] 0.3745219 -10.09111 72.82252 499.8565

[[2]]
[1] 8.0223

GA | iter = 93 | Mean = 5.961269 | Best = 8.022300
0.3745219 -10.09111 72.82252 499.8565[[1]]
          [,1]      [,2]     [,3]     [,4]
[1,] 0.3745219 -10.09111 72.82252 499.8565

[[2]]
[1] 8.0223

GA | iter = 94 | Mean = 6.058044 | Best = 8.022300
0.3745219 -10.09111 72.82252 499.8565[[1]]
          [,1]      [,2]     [,3]     [,4]
[1,] 0.3745219 -10.09111 72.82252 499.8565

[[2]]
[1] 8.0223

GA | iter = 95 | Mean = 6.025427 | Best = 8.022300
0.3745219 -10.09111 72.82252 499.8565[[1]]
          [,1]      [,2]     [,3]     [,4]
[1,] 0.3745219 -10.09111 72.82252 499.8565

[[2]]
[1] 8.0223

GA | iter = 96 | Mean = 5.745179 | Best = 8.022300
0.3745219 -10.09111 72.82252 499.8565[[1]]
          [,1]      [,2]     [,3]     [,4]
[1,] 0.3745219 -10.09111 72.82252 499.8565

[[2]]
[1] 8.0223

GA | iter = 97 | Mean = 5.620771 | Best = 8.022300
0.3745219 -10.09111 72.82252 499.8565[[1]]
          [,1]      [,2]     [,3]     [,4]
[1,] 0.3745219 -10.09111 72.82252 499.8565

[[2]]
[1] 8.0223

GA | iter = 98 | Mean = 5.891626 | Best = 8.022300
0.3745219 -10.09111 72.82252 499.8565[[1]]
          [,1]      [,2]     [,3]     [,4]
[1,] 0.3745219 -10.09111 72.82252 499.8565

[[2]]
[1] 8.0223

GA | iter = 99 | Mean = 6.184888 | Best = 8.022300
0.3745219 -10.09111 72.82252 499.8565[[1]]
          [,1]      [,2]     [,3]     [,4]
[1,] 0.3745219 -10.09111 72.82252 499.8565

[[2]]
[1] 8.0223

GA | iter = 100 | Mean = 6.091424 | Best = 8.022300
0.3745219 -10.09111 72.82252 499.8565[[1]]
          [,1]      [,2]     [,3]     [,4]
[1,] 0.3745219 -10.09111 72.82252 499.8565

[[2]]
[1] 8.0223

GA | iter = 101 | Mean = 5.986908 | Best = 8.022300
0.3745219 -10.09111 72.82252 499.8565[[1]]
          [,1]      [,2]     [,3]     [,4]
[1,] 0.3745219 -10.09111 72.82252 499.8565

[[2]]
[1] 8.0223

GA | iter = 102 | Mean = 5.626824 | Best = 8.022300
0.3745219 -10.09111 72.82252 499.8565[[1]]
          [,1]      [,2]     [,3]     [,4]
[1,] 0.3745219 -10.09111 72.82252 499.8565

[[2]]
[1] 8.0223

GA | iter = 103 | Mean = 5.892239 | Best = 8.022300
0.3745219 -10.09111 72.82252 499.8565[[1]]
          [,1]      [,2]     [,3]     [,4]
[1,] 0.3745219 -10.09111 72.82252 499.8565

[[2]]
[1] 8.0223

GA | iter = 104 | Mean = 5.790126 | Best = 8.022300
0.3807787 -9.980431 65.1872 712.0888[[1]]
          [,1]      [,2]    [,3]     [,4]
[1,] 0.3807787 -9.980431 65.1872 712.0888

[[2]]
[1] 8.022737

GA | iter = 105 | Mean = 5.822303 | Best = 8.022737
0.3807787 -9.980431 65.1872 712.0888[[1]]
          [,1]      [,2]    [,3]     [,4]
[1,] 0.3807787 -9.980431 65.1872 712.0888

[[2]]
[1] 8.022737

GA | iter = 106 | Mean = 6.011332 | Best = 8.022737
0.3807787 -9.980431 65.1872 712.0888[[1]]
          [,1]      [,2]    [,3]     [,4]
[1,] 0.3807787 -9.980431 65.1872 712.0888

[[2]]
[1] 8.022737

GA | iter = 107 | Mean = 5.875685 | Best = 8.022737
0.3807787 -9.980431 65.1872 712.0888[[1]]
          [,1]      [,2]    [,3]     [,4]
[1,] 0.3807787 -9.980431 65.1872 712.0888

[[2]]
[1] 8.022737

GA | iter = 108 | Mean = 5.749742 | Best = 8.022737
0.3807787 -9.980431 65.1872 712.0888[[1]]
          [,1]      [,2]    [,3]     [,4]
[1,] 0.3807787 -9.980431 65.1872 712.0888

[[2]]
[1] 8.022737

GA | iter = 109 | Mean = 5.708249 | Best = 8.022737
0.3807787 -9.980431 65.1872 712.0888[[1]]
          [,1]      [,2]    [,3]     [,4]
[1,] 0.3807787 -9.980431 65.1872 712.0888

[[2]]
[1] 8.022737

GA | iter = 110 | Mean = 6.044693 | Best = 8.022737
0.3807787 -9.980431 65.1872 712.0888[[1]]
          [,1]      [,2]    [,3]     [,4]
[1,] 0.3807787 -9.980431 65.1872 712.0888

[[2]]
[1] 8.022737

GA | iter = 111 | Mean = 6.065560 | Best = 8.022737
0.3807787 -9.980431 65.1872 712.0888[[1]]
          [,1]      [,2]    [,3]     [,4]
[1,] 0.3807787 -9.980431 65.1872 712.0888

[[2]]
[1] 8.022737

GA | iter = 112 | Mean = 5.964678 | Best = 8.022737
0.3807787 -9.980431 65.1872 712.0888[[1]]
          [,1]      [,2]    [,3]     [,4]
[1,] 0.3807787 -9.980431 65.1872 712.0888

[[2]]
[1] 8.022737

GA | iter = 113 | Mean = 6.026164 | Best = 8.022737
0.3807787 -9.980431 65.1872 712.0888[[1]]
          [,1]      [,2]    [,3]     [,4]
[1,] 0.3807787 -9.980431 65.1872 712.0888

[[2]]
[1] 8.022737

GA | iter = 114 | Mean = 6.267721 | Best = 8.022737
0.3807787 -9.980431 65.1872 712.0888[[1]]
          [,1]      [,2]    [,3]     [,4]
[1,] 0.3807787 -9.980431 65.1872 712.0888

[[2]]
[1] 8.022737

GA | iter = 115 | Mean = 6.192806 | Best = 8.022737
0.3807787 -9.980431 65.1872 712.0888[[1]]
          [,1]      [,2]    [,3]     [,4]
[1,] 0.3807787 -9.980431 65.1872 712.0888

[[2]]
[1] 8.022737

GA | iter = 116 | Mean = 6.016865 | Best = 8.022737
0.3807787 -9.980431 65.1872 712.0888[[1]]
          [,1]      [,2]    [,3]     [,4]
[1,] 0.3807787 -9.980431 65.1872 712.0888

[[2]]
[1] 8.022737

GA | iter = 117 | Mean = 5.831275 | Best = 8.022737
0.3807787 -9.980431 65.1872 712.0888[[1]]
          [,1]      [,2]    [,3]     [,4]
[1,] 0.3807787 -9.980431 65.1872 712.0888

[[2]]
[1] 8.022737

GA | iter = 118 | Mean = 6.183508 | Best = 8.022737
0.3807787 -9.980431 65.1872 712.0888[[1]]
          [,1]      [,2]    [,3]     [,4]
[1,] 0.3807787 -9.980431 65.1872 712.0888

[[2]]
[1] 8.022737

GA | iter = 119 | Mean = 5.762293 | Best = 8.022737
0.3807787 -9.980431 65.1872 712.0888[[1]]
          [,1]      [,2]    [,3]     [,4]
[1,] 0.3807787 -9.980431 65.1872 712.0888

[[2]]
[1] 8.022737

GA | iter = 120 | Mean = 6.097604 | Best = 8.022737
0.3807787 -9.980431 65.1872 712.0888[[1]]
          [,1]      [,2]    [,3]     [,4]
[1,] 0.3807787 -9.980431 65.1872 712.0888

[[2]]
[1] 8.022737

GA | iter = 121 | Mean = 6.094310 | Best = 8.022737
0.3807787 -9.980431 65.1872 712.0888[[1]]
          [,1]      [,2]    [,3]     [,4]
[1,] 0.3807787 -9.980431 65.1872 712.0888

[[2]]
[1] 8.022737

GA | iter = 122 | Mean = 5.801017 | Best = 8.022737
0.3807787 -9.980431 65.1872 712.0888[[1]]
          [,1]      [,2]    [,3]     [,4]
[1,] 0.3807787 -9.980431 65.1872 712.0888

[[2]]
[1] 8.022737

GA | iter = 123 | Mean = 5.949550 | Best = 8.022737
0.3807787 -9.980431 65.1872 712.0888[[1]]
          [,1]      [,2]    [,3]     [,4]
[1,] 0.3807787 -9.980431 65.1872 712.0888

[[2]]
[1] 8.022737

GA | iter = 124 | Mean = 6.138239 | Best = 8.022737
0.3807787 -9.980431 65.1872 712.0888[[1]]
          [,1]      [,2]    [,3]     [,4]
[1,] 0.3807787 -9.980431 65.1872 712.0888

[[2]]
[1] 8.022737

GA | iter = 125 | Mean = 5.697615 | Best = 8.022737
0.3807787 -9.980431 65.1872 712.0888[[1]]
          [,1]      [,2]    [,3]     [,4]
[1,] 0.3807787 -9.980431 65.1872 712.0888

[[2]]
[1] 8.022737

GA | iter = 126 | Mean = 6.206905 | Best = 8.022737
0.3807787 -9.980431 65.1872 712.0888[[1]]
          [,1]      [,2]    [,3]     [,4]
[1,] 0.3807787 -9.980431 65.1872 712.0888

[[2]]
[1] 8.022737

GA | iter = 127 | Mean = 6.027107 | Best = 8.022737
0.3807787 -9.980431 65.1872 712.0888[[1]]
          [,1]      [,2]    [,3]     [,4]
[1,] 0.3807787 -9.980431 65.1872 712.0888

[[2]]
[1] 8.022737

GA | iter = 128 | Mean = 5.968345 | Best = 8.022737
0.3807787 -9.980431 65.1872 712.0888[[1]]
          [,1]      [,2]    [,3]     [,4]
[1,] 0.3807787 -9.980431 65.1872 712.0888

[[2]]
[1] 8.022737

GA | iter = 129 | Mean = 6.123582 | Best = 8.022737
0.3807787 -9.980431 65.1872 712.0888[[1]]
          [,1]      [,2]    [,3]     [,4]
[1,] 0.3807787 -9.980431 65.1872 712.0888

[[2]]
[1] 8.022737

GA | iter = 130 | Mean = 6.067754 | Best = 8.022737
0.3807787 -9.980431 65.1872 712.0888[[1]]
          [,1]      [,2]    [,3]     [,4]
[1,] 0.3807787 -9.980431 65.1872 712.0888

[[2]]
[1] 8.022737

GA | iter = 131 | Mean = 5.958368 | Best = 8.022737
0.3807787 -9.980431 65.1872 712.0888[[1]]
          [,1]      [,2]    [,3]     [,4]
[1,] 0.3807787 -9.980431 65.1872 712.0888

[[2]]
[1] 8.022737

GA | iter = 132 | Mean = 6.024122 | Best = 8.022737
0.3807787 -9.980431 65.1872 712.0888[[1]]
          [,1]      [,2]    [,3]     [,4]
[1,] 0.3807787 -9.980431 65.1872 712.0888

[[2]]
[1] 8.022737

GA | iter = 133 | Mean = 5.924334 | Best = 8.022737
0.3807787 -9.980431 65.1872 712.0888[[1]]
          [,1]      [,2]    [,3]     [,4]
[1,] 0.3807787 -9.980431 65.1872 712.0888

[[2]]
[1] 8.022737

GA | iter = 134 | Mean = 6.102108 | Best = 8.022737
0.3949871 -9.991378 61.35751 818.492[[1]]
          [,1]      [,2]     [,3]    [,4]
[1,] 0.3949871 -9.991378 61.35751 818.492

[[2]]
[1] 8.022958

GA | iter = 135 | Mean = 6.068736 | Best = 8.022958
0.3949871 -9.991378 61.35751 818.492[[1]]
          [,1]      [,2]     [,3]    [,4]
[1,] 0.3949871 -9.991378 61.35751 818.492

[[2]]
[1] 8.022958

GA | iter = 136 | Mean = 6.009111 | Best = 8.022958
0.3949871 -9.991378 61.35751 818.492[[1]]
          [,1]      [,2]     [,3]    [,4]
[1,] 0.3949871 -9.991378 61.35751 818.492

[[2]]
[1] 8.022958

GA | iter = 137 | Mean = 5.910643 | Best = 8.022958
0.3949871 -9.991378 61.35751 818.492[[1]]
          [,1]      [,2]     [,3]    [,4]
[1,] 0.3949871 -9.991378 61.35751 818.492

[[2]]
[1] 8.022958

GA | iter = 138 | Mean = 6.141659 | Best = 8.022958
0.3949871 -9.991378 61.35751 818.492[[1]]
          [,1]      [,2]     [,3]    [,4]
[1,] 0.3949871 -9.991378 61.35751 818.492

[[2]]
[1] 8.022958

GA | iter = 139 | Mean = 6.222664 | Best = 8.022958
0.3949871 -9.991378 61.35751 818.492[[1]]
          [,1]      [,2]     [,3]    [,4]
[1,] 0.3949871 -9.991378 61.35751 818.492

[[2]]
[1] 8.022958

GA | iter = 140 | Mean = 6.160447 | Best = 8.022958
0.3949871 -9.991378 61.35751 818.492[[1]]
          [,1]      [,2]     [,3]    [,4]
[1,] 0.3949871 -9.991378 61.35751 818.492

[[2]]
[1] 8.022958

GA | iter = 141 | Mean = 6.126701 | Best = 8.022958
0.3949871 -9.991378 61.35751 818.492[[1]]
          [,1]      [,2]     [,3]    [,4]
[1,] 0.3949871 -9.991378 61.35751 818.492

[[2]]
[1] 8.022958

GA | iter = 142 | Mean = 6.160678 | Best = 8.022958
0.3949871 -9.991378 61.35751 818.492[[1]]
          [,1]      [,2]     [,3]    [,4]
[1,] 0.3949871 -9.991378 61.35751 818.492

[[2]]
[1] 8.022958

GA | iter = 143 | Mean = 5.819086 | Best = 8.022958
0.3949871 -9.991378 61.35751 818.492[[1]]
          [,1]      [,2]     [,3]    [,4]
[1,] 0.3949871 -9.991378 61.35751 818.492

[[2]]
[1] 8.022958

GA | iter = 144 | Mean = 5.848945 | Best = 8.022958
0.3949871 -9.991378 61.35751 818.492[[1]]
          [,1]      [,2]     [,3]    [,4]
[1,] 0.3949871 -9.991378 61.35751 818.492

[[2]]
[1] 8.022958

GA | iter = 145 | Mean = 6.063853 | Best = 8.022958
0.3949871 -9.991378 61.35751 818.492[[1]]
          [,1]      [,2]     [,3]    [,4]
[1,] 0.3949871 -9.991378 61.35751 818.492

[[2]]
[1] 8.022958

GA | iter = 146 | Mean = 5.965890 | Best = 8.022958
0.3949871 -9.991378 61.35751 818.492[[1]]
          [,1]      [,2]     [,3]    [,4]
[1,] 0.3949871 -9.991378 61.35751 818.492

[[2]]
[1] 8.022958

GA | iter = 147 | Mean = 5.672130 | Best = 8.022958
0.3949871 -9.991378 61.35751 818.492[[1]]
          [,1]      [,2]     [,3]    [,4]
[1,] 0.3949871 -9.991378 61.35751 818.492

[[2]]
[1] 8.022958

GA | iter = 148 | Mean = 6.164699 | Best = 8.022958
0.3949871 -9.991378 61.35751 818.492[[1]]
          [,1]      [,2]     [,3]    [,4]
[1,] 0.3949871 -9.991378 61.35751 818.492

[[2]]
[1] 8.022958

GA | iter = 149 | Mean = 5.909844 | Best = 8.022958
0.3949871 -9.991378 61.35751 818.492[[1]]
          [,1]      [,2]     [,3]    [,4]
[1,] 0.3949871 -9.991378 61.35751 818.492

[[2]]
[1] 8.022958

GA | iter = 150 | Mean = 6.180330 | Best = 8.022958
0.3949871 -9.991378 61.35751 818.492[[1]]
          [,1]      [,2]     [,3]    [,4]
[1,] 0.3949871 -9.991378 61.35751 818.492

[[2]]
[1] 8.022958

GA | iter = 151 | Mean = 5.805478 | Best = 8.022958
0.3949871 -9.991378 61.35751 818.492[[1]]
          [,1]      [,2]     [,3]    [,4]
[1,] 0.3949871 -9.991378 61.35751 818.492

[[2]]
[1] 8.022958

GA | iter = 152 | Mean = 6.059115 | Best = 8.022958
0.3949871 -9.991378 61.35751 818.492[[1]]
          [,1]      [,2]     [,3]    [,4]
[1,] 0.3949871 -9.991378 61.35751 818.492

[[2]]
[1] 8.022958

GA | iter = 153 | Mean = 5.701544 | Best = 8.022958
0.3949871 -9.991378 61.35751 818.492[[1]]
          [,1]      [,2]     [,3]    [,4]
[1,] 0.3949871 -9.991378 61.35751 818.492

[[2]]
[1] 8.022958

GA | iter = 154 | Mean = 6.224374 | Best = 8.022958
0.3949871 -9.991378 61.35751 818.492[[1]]
          [,1]      [,2]     [,3]    [,4]
[1,] 0.3949871 -9.991378 61.35751 818.492

[[2]]
[1] 8.022958

GA | iter = 155 | Mean = 5.821255 | Best = 8.022958
0.3949871 -9.991378 61.35751 818.492[[1]]
          [,1]      [,2]     [,3]    [,4]
[1,] 0.3949871 -9.991378 61.35751 818.492

[[2]]
[1] 8.022958

GA | iter = 156 | Mean = 6.003265 | Best = 8.022958
0.3949871 -9.991378 61.35751 818.492[[1]]
          [,1]      [,2]     [,3]    [,4]
[1,] 0.3949871 -9.991378 61.35751 818.492

[[2]]
[1] 8.022958

GA | iter = 157 | Mean = 5.920506 | Best = 8.022958
0.3949871 -9.991378 61.35751 818.492[[1]]
          [,1]      [,2]     [,3]    [,4]
[1,] 0.3949871 -9.991378 61.35751 818.492

[[2]]
[1] 8.022958

GA | iter = 158 | Mean = 5.957147 | Best = 8.022958
0.3949871 -9.991378 61.35751 818.492[[1]]
          [,1]      [,2]     [,3]    [,4]
[1,] 0.3949871 -9.991378 61.35751 818.492

[[2]]
[1] 8.022958

GA | iter = 159 | Mean = 6.013054 | Best = 8.022958
0.3949871 -9.991378 61.35751 818.492[[1]]
          [,1]      [,2]     [,3]    [,4]
[1,] 0.3949871 -9.991378 61.35751 818.492

[[2]]
[1] 8.022958

GA | iter = 160 | Mean = 6.004958 | Best = 8.022958
0.3949871 -9.991378 61.35751 818.492[[1]]
          [,1]      [,2]     [,3]    [,4]
[1,] 0.3949871 -9.991378 61.35751 818.492

[[2]]
[1] 8.022958

GA | iter = 161 | Mean = 6.139313 | Best = 8.022958
0.4134022 -10.13134 66.11107 675.1023[[1]]
          [,1]      [,2]     [,3]     [,4]
[1,] 0.4134022 -10.13134 66.11107 675.1023

[[2]]
[1] 8.022992

GA | iter = 162 | Mean = 6.137674 | Best = 8.022992
0.4134022 -10.13134 66.11107 675.1023[[1]]
          [,1]      [,2]     [,3]     [,4]
[1,] 0.4134022 -10.13134 66.11107 675.1023

[[2]]
[1] 8.022992

GA | iter = 163 | Mean = 6.111732 | Best = 8.022992
0.4134022 -10.13134 66.11107 675.1023[[1]]
          [,1]      [,2]     [,3]     [,4]
[1,] 0.4134022 -10.13134 66.11107 675.1023

[[2]]
[1] 8.022992

GA | iter = 164 | Mean = 5.893428 | Best = 8.022992
0.4134022 -10.13134 66.11107 675.1023[[1]]
          [,1]      [,2]     [,3]     [,4]
[1,] 0.4134022 -10.13134 66.11107 675.1023

[[2]]
[1] 8.022992

GA | iter = 165 | Mean = 5.967126 | Best = 8.022992
0.4134022 -10.13134 66.11107 675.1023[[1]]
          [,1]      [,2]     [,3]     [,4]
[1,] 0.4134022 -10.13134 66.11107 675.1023

[[2]]
[1] 8.022992

GA | iter = 166 | Mean = 6.220935 | Best = 8.022992
0.4134022 -10.13134 66.11107 675.1023[[1]]
          [,1]      [,2]     [,3]     [,4]
[1,] 0.4134022 -10.13134 66.11107 675.1023

[[2]]
[1] 8.022992

GA | iter = 167 | Mean = 6.299617 | Best = 8.022992
0.4134022 -10.13134 66.11107 675.1023[[1]]
          [,1]      [,2]     [,3]     [,4]
[1,] 0.4134022 -10.13134 66.11107 675.1023

[[2]]
[1] 8.022992

GA | iter = 168 | Mean = 6.312167 | Best = 8.022992
0.4134022 -10.13134 66.11107 675.1023[[1]]
          [,1]      [,2]     [,3]     [,4]
[1,] 0.4134022 -10.13134 66.11107 675.1023

[[2]]
[1] 8.022992

GA | iter = 169 | Mean = 5.864567 | Best = 8.022992
0.4134022 -10.13134 66.11107 675.1023[[1]]
          [,1]      [,2]     [,3]     [,4]
[1,] 0.4134022 -10.13134 66.11107 675.1023

[[2]]
[1] 8.022992

GA | iter = 170 | Mean = 6.076787 | Best = 8.022992
0.4134022 -10.13134 66.11107 675.1023[[1]]
          [,1]      [,2]     [,3]     [,4]
[1,] 0.4134022 -10.13134 66.11107 675.1023

[[2]]
[1] 8.022992

GA | iter = 171 | Mean = 5.733921 | Best = 8.022992
0.4134022 -10.13134 66.11107 675.1023[[1]]
          [,1]      [,2]     [,3]     [,4]
[1,] 0.4134022 -10.13134 66.11107 675.1023

[[2]]
[1] 8.022992

GA | iter = 172 | Mean = 6.140521 | Best = 8.022992
0.4134022 -10.13134 66.11107 675.1023[[1]]
          [,1]      [,2]     [,3]     [,4]
[1,] 0.4134022 -10.13134 66.11107 675.1023

[[2]]
[1] 8.022992

GA | iter = 173 | Mean = 5.898256 | Best = 8.022992
0.4134022 -10.13134 66.11107 675.1023[[1]]
          [,1]      [,2]     [,3]     [,4]
[1,] 0.4134022 -10.13134 66.11107 675.1023

[[2]]
[1] 8.022992

GA | iter = 174 | Mean = 6.389073 | Best = 8.022992
0.4134022 -10.13134 66.11107 675.1023[[1]]
          [,1]      [,2]     [,3]     [,4]
[1,] 0.4134022 -10.13134 66.11107 675.1023

[[2]]
[1] 8.022992

GA | iter = 175 | Mean = 5.996038 | Best = 8.022992
0.4134022 -10.13134 66.11107 675.1023[[1]]
          [,1]      [,2]     [,3]     [,4]
[1,] 0.4134022 -10.13134 66.11107 675.1023

[[2]]
[1] 8.022992

GA | iter = 176 | Mean = 6.046448 | Best = 8.022992
0.4134022 -10.13134 66.11107 675.1023[[1]]
          [,1]      [,2]     [,3]     [,4]
[1,] 0.4134022 -10.13134 66.11107 675.1023

[[2]]
[1] 8.022992

GA | iter = 177 | Mean = 6.026706 | Best = 8.022992
0.4134022 -10.13134 66.11107 675.1023[[1]]
          [,1]      [,2]     [,3]     [,4]
[1,] 0.4134022 -10.13134 66.11107 675.1023

[[2]]
[1] 8.022992

GA | iter = 178 | Mean = 5.955726 | Best = 8.022992
0.4095816 -10.12499 63.7355 765.7755[[1]]
          [,1]      [,2]    [,3]     [,4]
[1,] 0.4095816 -10.12499 63.7355 765.7755

[[2]]
[1] 8.023044

GA | iter = 179 | Mean = 5.822063 | Best = 8.023044
0.4141606 -10.0465 64.00444 716.4531[[1]]
          [,1]     [,2]     [,3]     [,4]
[1,] 0.4141606 -10.0465 64.00444 716.4531

[[2]]
[1] 8.023081

GA | iter = 180 | Mean = 6.134680 | Best = 8.023081
0.4141606 -10.0465 64.00444 716.4531[[1]]
          [,1]     [,2]     [,3]     [,4]
[1,] 0.4141606 -10.0465 64.00444 716.4531

[[2]]
[1] 8.023081

GA | iter = 181 | Mean = 5.796317 | Best = 8.023081
0.4141606 -10.0465 64.00444 716.4531[[1]]
          [,1]     [,2]     [,3]     [,4]
[1,] 0.4141606 -10.0465 64.00444 716.4531

[[2]]
[1] 8.023081

GA | iter = 182 | Mean = 6.220050 | Best = 8.023081
0.4141606 -10.0465 64.00444 716.4531[[1]]
          [,1]     [,2]     [,3]     [,4]
[1,] 0.4141606 -10.0465 64.00444 716.4531

[[2]]
[1] 8.023081

GA | iter = 183 | Mean = 6.030215 | Best = 8.023081
0.4141606 -10.0465 64.00444 716.4531[[1]]
          [,1]     [,2]     [,3]     [,4]
[1,] 0.4141606 -10.0465 64.00444 716.4531

[[2]]
[1] 8.023081

GA | iter = 184 | Mean = 5.942616 | Best = 8.023081
0.4141606 -10.0465 64.00444 716.4531[[1]]
          [,1]     [,2]     [,3]     [,4]
[1,] 0.4141606 -10.0465 64.00444 716.4531

[[2]]
[1] 8.023081

GA | iter = 185 | Mean = 6.027557 | Best = 8.023081
0.4141606 -10.0465 64.00444 716.4531[[1]]
          [,1]     [,2]     [,3]     [,4]
[1,] 0.4141606 -10.0465 64.00444 716.4531

[[2]]
[1] 8.023081

GA | iter = 186 | Mean = 6.344928 | Best = 8.023081
0.4141606 -10.0465 64.00444 716.4531[[1]]
          [,1]     [,2]     [,3]     [,4]
[1,] 0.4141606 -10.0465 64.00444 716.4531

[[2]]
[1] 8.023081

GA | iter = 187 | Mean = 6.164430 | Best = 8.023081
0.4141606 -10.0465 64.00444 716.4531[[1]]
          [,1]     [,2]     [,3]     [,4]
[1,] 0.4141606 -10.0465 64.00444 716.4531

[[2]]
[1] 8.023081

GA | iter = 188 | Mean = 6.155617 | Best = 8.023081
0.4140767 -10.06413 64.08224 719.0081[[1]]
          [,1]      [,2]     [,3]     [,4]
[1,] 0.4140767 -10.06413 64.08224 719.0081

[[2]]
[1] 8.023108

GA | iter = 189 | Mean = 6.171698 | Best = 8.023108
0.4140767 -10.06413 64.08224 719.0081[[1]]
          [,1]      [,2]     [,3]     [,4]
[1,] 0.4140767 -10.06413 64.08224 719.0081

[[2]]
[1] 8.023108

GA | iter = 190 | Mean = 5.917075 | Best = 8.023108
0.4140767 -10.06413 64.08224 719.0081[[1]]
          [,1]      [,2]     [,3]     [,4]
[1,] 0.4140767 -10.06413 64.08224 719.0081

[[2]]
[1] 8.023108

GA | iter = 191 | Mean = 6.241393 | Best = 8.023108
0.4140767 -10.06413 64.08224 719.0081[[1]]
          [,1]      [,2]     [,3]     [,4]
[1,] 0.4140767 -10.06413 64.08224 719.0081

[[2]]
[1] 8.023108

GA | iter = 192 | Mean = 6.233010 | Best = 8.023108
0.4140767 -10.06413 64.08224 719.0081[[1]]
          [,1]      [,2]     [,3]     [,4]
[1,] 0.4140767 -10.06413 64.08224 719.0081

[[2]]
[1] 8.023108

GA | iter = 193 | Mean = 5.969349 | Best = 8.023108
0.4190003 -10.0997 64.10224 722.0191[[1]]
          [,1]     [,2]     [,3]     [,4]
[1,] 0.4190003 -10.0997 64.10224 722.0191

[[2]]
[1] 8.023145

GA | iter = 194 | Mean = 5.967106 | Best = 8.023145
0.4190003 -10.0997 64.10224 722.0191[[1]]
          [,1]     [,2]     [,3]     [,4]
[1,] 0.4190003 -10.0997 64.10224 722.0191

[[2]]
[1] 8.023145

GA | iter = 195 | Mean = 6.208920 | Best = 8.023145
0.4190003 -10.0997 64.10224 722.0191[[1]]
          [,1]     [,2]     [,3]     [,4]
[1,] 0.4190003 -10.0997 64.10224 722.0191

[[2]]
[1] 8.023145

GA | iter = 196 | Mean = 6.099299 | Best = 8.023145
0.4190003 -10.0997 64.10224 722.0191[[1]]
          [,1]     [,2]     [,3]     [,4]
[1,] 0.4190003 -10.0997 64.10224 722.0191

[[2]]
[1] 8.023145

GA | iter = 197 | Mean = 6.243869 | Best = 8.023145
0.4190003 -10.0997 64.10224 722.0191[[1]]
          [,1]     [,2]     [,3]     [,4]
[1,] 0.4190003 -10.0997 64.10224 722.0191

[[2]]
[1] 8.023145

GA | iter = 198 | Mean = 5.953269 | Best = 8.023145
0.4190003 -10.0997 64.10224 722.0191[[1]]
          [,1]     [,2]     [,3]     [,4]
[1,] 0.4190003 -10.0997 64.10224 722.0191

[[2]]
[1] 8.023145

GA | iter = 199 | Mean = 5.850046 | Best = 8.023145
0.4190003 -10.0997 64.10224 722.0191[[1]]
          [,1]     [,2]     [,3]     [,4]
[1,] 0.4190003 -10.0997 64.10224 722.0191

[[2]]
[1] 8.023145

GA | iter = 200 | Mean = 5.949465 | Best = 8.023145
0.4190003 -10.0997 64.10224 722.0191[[1]]
          [,1]     [,2]     [,3]     [,4]
[1,] 0.4190003 -10.0997 64.10224 722.0191

[[2]]
[1] 8.023145

GA | iter = 201 | Mean = 6.093066 | Best = 8.023145
0.4190003 -10.0997 64.10224 722.0191[[1]]
          [,1]     [,2]     [,3]     [,4]
[1,] 0.4190003 -10.0997 64.10224 722.0191

[[2]]
[1] 8.023145

GA | iter = 202 | Mean = 6.096246 | Best = 8.023145
0.4190003 -10.0997 64.10224 722.0191[[1]]
          [,1]     [,2]     [,3]     [,4]
[1,] 0.4190003 -10.0997 64.10224 722.0191

[[2]]
[1] 8.023145

GA | iter = 203 | Mean = 5.872832 | Best = 8.023145
0.4190003 -10.0997 64.10224 722.0191[[1]]
          [,1]     [,2]     [,3]     [,4]
[1,] 0.4190003 -10.0997 64.10224 722.0191

[[2]]
[1] 8.023145

GA | iter = 204 | Mean = 6.200345 | Best = 8.023145
0.4190003 -10.0997 64.10224 722.0191[[1]]
          [,1]     [,2]     [,3]     [,4]
[1,] 0.4190003 -10.0997 64.10224 722.0191

[[2]]
[1] 8.023145

GA | iter = 205 | Mean = 5.746168 | Best = 8.023145
0.4190003 -10.0997 64.10224 722.0191[[1]]
          [,1]     [,2]     [,3]     [,4]
[1,] 0.4190003 -10.0997 64.10224 722.0191

[[2]]
[1] 8.023145

GA | iter = 206 | Mean = 6.053410 | Best = 8.023145
0.4190003 -10.0997 64.10224 722.0191[[1]]
          [,1]     [,2]     [,3]     [,4]
[1,] 0.4190003 -10.0997 64.10224 722.0191

[[2]]
[1] 8.023145

GA | iter = 207 | Mean = 5.863373 | Best = 8.023145
0.4190003 -10.0997 64.10224 722.0191[[1]]
          [,1]     [,2]     [,3]     [,4]
[1,] 0.4190003 -10.0997 64.10224 722.0191

[[2]]
[1] 8.023145

GA | iter = 208 | Mean = 6.166739 | Best = 8.023145
0.4190003 -10.0997 64.10224 722.0191[[1]]
          [,1]     [,2]     [,3]     [,4]
[1,] 0.4190003 -10.0997 64.10224 722.0191

[[2]]
[1] 8.023145

GA | iter = 209 | Mean = 5.959260 | Best = 8.023145
0.4190003 -10.0997 64.10224 722.0191[[1]]
          [,1]     [,2]     [,3]     [,4]
[1,] 0.4190003 -10.0997 64.10224 722.0191

[[2]]
[1] 8.023145

GA | iter = 210 | Mean = 5.986085 | Best = 8.023145
0.4190003 -10.0997 64.10224 722.0191[[1]]
          [,1]     [,2]     [,3]     [,4]
[1,] 0.4190003 -10.0997 64.10224 722.0191

[[2]]
[1] 8.023145

GA | iter = 211 | Mean = 5.976593 | Best = 8.023145
0.4190003 -10.0997 64.10224 722.0191[[1]]
          [,1]     [,2]     [,3]     [,4]
[1,] 0.4190003 -10.0997 64.10224 722.0191

[[2]]
[1] 8.023145

GA | iter = 212 | Mean = 6.342802 | Best = 8.023145
0.4190003 -10.0997 64.10224 722.0191[[1]]
          [,1]     [,2]     [,3]     [,4]
[1,] 0.4190003 -10.0997 64.10224 722.0191

[[2]]
[1] 8.023145

GA | iter = 213 | Mean = 6.100358 | Best = 8.023145
0.4190003 -10.0997 64.10224 722.0191[[1]]
          [,1]     [,2]     [,3]     [,4]
[1,] 0.4190003 -10.0997 64.10224 722.0191

[[2]]
[1] 8.023145

GA | iter = 214 | Mean = 6.223729 | Best = 8.023145
0.4190003 -10.0997 64.10224 722.0191[[1]]
          [,1]     [,2]     [,3]     [,4]
[1,] 0.4190003 -10.0997 64.10224 722.0191

[[2]]
[1] 8.023145

GA | iter = 215 | Mean = 5.912208 | Best = 8.023145
0.4834533 -10.72914 64.90252 815.7626[[1]]
          [,1]      [,2]     [,3]     [,4]
[1,] 0.4834533 -10.72914 64.90252 815.7626

[[2]]
[1] 8.023515

GA | iter = 216 | Mean = 5.858083 | Best = 8.023515
0.4834533 -10.72914 64.90252 815.7626[[1]]
          [,1]      [,2]     [,3]     [,4]
[1,] 0.4834533 -10.72914 64.90252 815.7626

[[2]]
[1] 8.023515

GA | iter = 217 | Mean = 6.300859 | Best = 8.023515
0.4834533 -10.72914 64.90252 815.7626[[1]]
          [,1]      [,2]     [,3]     [,4]
[1,] 0.4834533 -10.72914 64.90252 815.7626

[[2]]
[1] 8.023515

GA | iter = 218 | Mean = 6.082670 | Best = 8.023515
0.4834533 -10.72914 64.90252 815.7626[[1]]
          [,1]      [,2]     [,3]     [,4]
[1,] 0.4834533 -10.72914 64.90252 815.7626

[[2]]
[1] 8.023515

GA | iter = 219 | Mean = 6.022911 | Best = 8.023515
0.4834533 -10.72914 64.90252 815.7626[[1]]
          [,1]      [,2]     [,3]     [,4]
[1,] 0.4834533 -10.72914 64.90252 815.7626

[[2]]
[1] 8.023515

GA | iter = 220 | Mean = 5.880060 | Best = 8.023515
0.4834533 -10.72914 64.90252 815.7626[[1]]
          [,1]      [,2]     [,3]     [,4]
[1,] 0.4834533 -10.72914 64.90252 815.7626

[[2]]
[1] 8.023515

GA | iter = 221 | Mean = 6.026524 | Best = 8.023515
0.4834533 -10.72914 64.90252 815.7626[[1]]
          [,1]      [,2]     [,3]     [,4]
[1,] 0.4834533 -10.72914 64.90252 815.7626

[[2]]
[1] 8.023515

GA | iter = 222 | Mean = 5.688483 | Best = 8.023515
0.4834533 -10.72914 64.90252 815.7626[[1]]
          [,1]      [,2]     [,3]     [,4]
[1,] 0.4834533 -10.72914 64.90252 815.7626

[[2]]
[1] 8.023515

GA | iter = 223 | Mean = 6.246035 | Best = 8.023515
0.4834533 -10.72914 64.90252 815.7626[[1]]
          [,1]      [,2]     [,3]     [,4]
[1,] 0.4834533 -10.72914 64.90252 815.7626

[[2]]
[1] 8.023515

GA | iter = 224 | Mean = 6.066762 | Best = 8.023515
0.4834533 -10.72914 64.90252 815.7626[[1]]
          [,1]      [,2]     [,3]     [,4]
[1,] 0.4834533 -10.72914 64.90252 815.7626

[[2]]
[1] 8.023515

GA | iter = 225 | Mean = 6.053169 | Best = 8.023515
0.4834533 -10.72914 64.90252 815.7626[[1]]
          [,1]      [,2]     [,3]     [,4]
[1,] 0.4834533 -10.72914 64.90252 815.7626

[[2]]
[1] 8.023515

GA | iter = 226 | Mean = 5.593286 | Best = 8.023515
0.4834533 -10.72914 64.90252 815.7626[[1]]
          [,1]      [,2]     [,3]     [,4]
[1,] 0.4834533 -10.72914 64.90252 815.7626

[[2]]
[1] 8.023515

GA | iter = 227 | Mean = 5.971533 | Best = 8.023515
0.4834533 -10.72914 64.90252 815.7626[[1]]
          [,1]      [,2]     [,3]     [,4]
[1,] 0.4834533 -10.72914 64.90252 815.7626

[[2]]
[1] 8.023515

GA | iter = 228 | Mean = 6.179129 | Best = 8.023515
0.4834533 -10.72914 64.90252 815.7626[[1]]
          [,1]      [,2]     [,3]     [,4]
[1,] 0.4834533 -10.72914 64.90252 815.7626

[[2]]
[1] 8.023515

GA | iter = 229 | Mean = 5.976689 | Best = 8.023515
0.4834533 -10.72914 64.90252 815.7626[[1]]
          [,1]      [,2]     [,3]     [,4]
[1,] 0.4834533 -10.72914 64.90252 815.7626

[[2]]
[1] 8.023515

GA | iter = 230 | Mean = 6.397168 | Best = 8.023515
0.4834533 -10.72914 64.90252 815.7626[[1]]
          [,1]      [,2]     [,3]     [,4]
[1,] 0.4834533 -10.72914 64.90252 815.7626

[[2]]
[1] 8.023515

GA | iter = 231 | Mean = 5.599256 | Best = 8.023515
slurmstepd: error: *** JOB 28366072 ON cdr2461 CANCELLED AT 2022-03-06T15:47:22 DUE TO TIME LIMIT ***
