
Lmod is automatically replacing "intel/2020.1.217" with "gcc/9.3.0".


Due to MODULEPATH changes, the following have been reloaded:
  1) openmpi/4.0.3


R version 4.0.2 (2020-06-22) -- "Taking Off Again"
Copyright (C) 2020 The R Foundation for Statistical Computing
Platform: x86_64-pc-linux-gnu (64-bit)

R is free software and comes with ABSOLUTELY NO WARRANTY.
You are welcome to redistribute it under certain conditions.
Type 'license()' or 'licence()' for distribution details.

  Natural language support but running in an English locale

R is a collaborative project with many contributors.
Type 'contributors()' for more information and
'citation()' on how to cite R or R packages in publications.

Type 'demo()' for some demos, 'help()' for on-line help, or
'help.start()' for an HTML browser interface to help.
Type 'q()' to quit R.

> # R script to submit parallelized genetic algorithm optimzied runs.
> 
> # load libraries
> library(doParallel)
Loading required package: foreach
Loading required package: iterators
Loading required package: parallel
> library(GA)
Package 'GA' version 3.2.2
Type 'citation("GA")' for citing this R package in publications.

Attaching package: ‘GA’

The following object is masked from ‘package:utils’:

    de

> library(here)
here() starts at /scratch/wanglu57/job_scripts
> library(doRNG)
Loading required package: rngtools
> 
> source(here::here("ga_verbose.R"), local = T)
> source(here::here("chabaudi_si_clean.R"), local = T)
> # load function
> #-----------------------------#
> # load in parameters
> #-----------------------------#
> parameters_tsukushi <- c(R1 = 8.89*10^6, # slightly higher
+                          lambda = 3.7*10^5,
+                          mu = 0.025, 
+                          p = 8*10^-6, # doubled form original
+                          alpha = 1, 
+                          alphag = 2, 
+                          beta = 5.721, 
+                          mum = 48, 
+                          mug = 4, 
+                          I0 = 43.85965, 
+                          Ig0 = 0, 
+                          a = 150, 
+                          b = 100, 
+                          sp = 1,
+                          psin = 16.69234,
+                          psiw = 0.8431785,
+                          phin = 0.03520591, 
+                          phiw = 550.842,
+                          iota = 2.18*(10^6),
+                          rho = 0.2627156)
> 
> time_range <- seq(0, 20, by = 1e-3)
> 
> R_range <- seq(log10(10^6), log10(10^8), (log10(10^8)-log10(10^6))/5000)
> 
> #-----------------------------#
> # Begin parallelized code
> #----------------------------#
> 
> 
> # Create an array from the NODESLIST environnement variable
> nodeslist = unlist(strsplit(Sys.getenv("NODESLIST"), split=" "))
> 
> # Create the cluster with the nodes name. One process per count of node name.
> # nodeslist = node1 node1 node2 node2, means we are starting 2 processes on node1, likewise on node2.
> cl = makeCluster(nodeslist, type = "PSOCK") 
> registerDoParallel(cl)
> clusterExport(cl,c("ga_verbose", "time_range", "parameters_tsukushi", "R_range", "chabaudi_si_clean")) 
> clusterCall(cl, library, package = "mclust", character.only = TRUE)
[[1]]
[1] "mclust"    "stats"     "graphics"  "grDevices" "utils"     "datasets" 
[7] "methods"   "base"     

[[2]]
[1] "mclust"    "stats"     "graphics"  "grDevices" "utils"     "datasets" 
[7] "methods"   "base"     

[[3]]
[1] "mclust"    "stats"     "graphics"  "grDevices" "utils"     "datasets" 
[7] "methods"   "base"     

[[4]]
[1] "mclust"    "stats"     "graphics"  "grDevices" "utils"     "datasets" 
[7] "methods"   "base"     

[[5]]
[1] "mclust"    "stats"     "graphics"  "grDevices" "utils"     "datasets" 
[7] "methods"   "base"     

[[6]]
[1] "mclust"    "stats"     "graphics"  "grDevices" "utils"     "datasets" 
[7] "methods"   "base"     

[[7]]
[1] "mclust"    "stats"     "graphics"  "grDevices" "utils"     "datasets" 
[7] "methods"   "base"     

[[8]]
[1] "mclust"    "stats"     "graphics"  "grDevices" "utils"     "datasets" 
[7] "methods"   "base"     

[[9]]
[1] "mclust"    "stats"     "graphics"  "grDevices" "utils"     "datasets" 
[7] "methods"   "base"     

[[10]]
[1] "mclust"    "stats"     "graphics"  "grDevices" "utils"     "datasets" 
[7] "methods"   "base"     

[[11]]
[1] "mclust"    "stats"     "graphics"  "grDevices" "utils"     "datasets" 
[7] "methods"   "base"     

[[12]]
[1] "mclust"    "stats"     "graphics"  "grDevices" "utils"     "datasets" 
[7] "methods"   "base"     

[[13]]
[1] "mclust"    "stats"     "graphics"  "grDevices" "utils"     "datasets" 
[7] "methods"   "base"     

[[14]]
[1] "mclust"    "stats"     "graphics"  "grDevices" "utils"     "datasets" 
[7] "methods"   "base"     

[[15]]
[1] "mclust"    "stats"     "graphics"  "grDevices" "utils"     "datasets" 
[7] "methods"   "base"     

[[16]]
[1] "mclust"    "stats"     "graphics"  "grDevices" "utils"     "datasets" 
[7] "methods"   "base"     

[[17]]
[1] "mclust"    "stats"     "graphics"  "grDevices" "utils"     "datasets" 
[7] "methods"   "base"     

[[18]]
[1] "mclust"    "stats"     "graphics"  "grDevices" "utils"     "datasets" 
[7] "methods"   "base"     

[[19]]
[1] "mclust"    "stats"     "graphics"  "grDevices" "utils"     "datasets" 
[7] "methods"   "base"     

[[20]]
[1] "mclust"    "stats"     "graphics"  "grDevices" "utils"     "datasets" 
[7] "methods"   "base"     

[[21]]
[1] "mclust"    "stats"     "graphics"  "grDevices" "utils"     "datasets" 
[7] "methods"   "base"     

[[22]]
[1] "mclust"    "stats"     "graphics"  "grDevices" "utils"     "datasets" 
[7] "methods"   "base"     

[[23]]
[1] "mclust"    "stats"     "graphics"  "grDevices" "utils"     "datasets" 
[7] "methods"   "base"     

[[24]]
[1] "mclust"    "stats"     "graphics"  "grDevices" "utils"     "datasets" 
[7] "methods"   "base"     

[[25]]
[1] "mclust"    "stats"     "graphics"  "grDevices" "utils"     "datasets" 
[7] "methods"   "base"     

[[26]]
[1] "mclust"    "stats"     "graphics"  "grDevices" "utils"     "datasets" 
[7] "methods"   "base"     

[[27]]
[1] "mclust"    "stats"     "graphics"  "grDevices" "utils"     "datasets" 
[7] "methods"   "base"     

[[28]]
[1] "mclust"    "stats"     "graphics"  "grDevices" "utils"     "datasets" 
[7] "methods"   "base"     

[[29]]
[1] "mclust"    "stats"     "graphics"  "grDevices" "utils"     "datasets" 
[7] "methods"   "base"     

[[30]]
[1] "mclust"    "stats"     "graphics"  "grDevices" "utils"     "datasets" 
[7] "methods"   "base"     

[[31]]
[1] "mclust"    "stats"     "graphics"  "grDevices" "utils"     "datasets" 
[7] "methods"   "base"     

[[32]]
[1] "mclust"    "stats"     "graphics"  "grDevices" "utils"     "datasets" 
[7] "methods"   "base"     

[[33]]
[1] "mclust"    "stats"     "graphics"  "grDevices" "utils"     "datasets" 
[7] "methods"   "base"     

[[34]]
[1] "mclust"    "stats"     "graphics"  "grDevices" "utils"     "datasets" 
[7] "methods"   "base"     

[[35]]
[1] "mclust"    "stats"     "graphics"  "grDevices" "utils"     "datasets" 
[7] "methods"   "base"     

[[36]]
[1] "mclust"    "stats"     "graphics"  "grDevices" "utils"     "datasets" 
[7] "methods"   "base"     

[[37]]
[1] "mclust"    "stats"     "graphics"  "grDevices" "utils"     "datasets" 
[7] "methods"   "base"     

[[38]]
[1] "mclust"    "stats"     "graphics"  "grDevices" "utils"     "datasets" 
[7] "methods"   "base"     

[[39]]
[1] "mclust"    "stats"     "graphics"  "grDevices" "utils"     "datasets" 
[7] "methods"   "base"     

[[40]]
[1] "mclust"    "stats"     "graphics"  "grDevices" "utils"     "datasets" 
[7] "methods"   "base"     

[[41]]
[1] "mclust"    "stats"     "graphics"  "grDevices" "utils"     "datasets" 
[7] "methods"   "base"     

[[42]]
[1] "mclust"    "stats"     "graphics"  "grDevices" "utils"     "datasets" 
[7] "methods"   "base"     

[[43]]
[1] "mclust"    "stats"     "graphics"  "grDevices" "utils"     "datasets" 
[7] "methods"   "base"     

[[44]]
[1] "mclust"    "stats"     "graphics"  "grDevices" "utils"     "datasets" 
[7] "methods"   "base"     

[[45]]
[1] "mclust"    "stats"     "graphics"  "grDevices" "utils"     "datasets" 
[7] "methods"   "base"     

[[46]]
[1] "mclust"    "stats"     "graphics"  "grDevices" "utils"     "datasets" 
[7] "methods"   "base"     

[[47]]
[1] "mclust"    "stats"     "graphics"  "grDevices" "utils"     "datasets" 
[7] "methods"   "base"     

[[48]]
[1] "mclust"    "stats"     "graphics"  "grDevices" "utils"     "datasets" 
[7] "methods"   "base"     

> ga_res <- ga_verbose(type = "real-valued", 
+                      function(x)
+                        chabaudi_si_clean(
+                          parameters_cr = c(x[1], x[2], x[3], x[4]), 
+                          parameters = parameters_tsukushi, 
+                          time_range = time_range, 
+                          cue = "R", 
+                          cue_range = R_range, 
+                          log_cue = "log10",
+                          immunity = "tsukushi",
+                          solver = "vode"),
+                      lower = c(-1, -100, -1000, -5000), # range determined that would alter shape of spline
+                      upper = c(1, 100, 1000, 5000),  
+                      popSize = 250, 
+                      maxiter = 1000, # change to 10 for testing purpose 
+                      pmutation = 0.3,
+                      keepBest = TRUE,
+                      run = 50,
+                      parallel = cl,
+                      seed = 137,
+                      monitor = TRUE,
+                      id = "2022-03-05_si-R-log-emp")
0.8110102 78.21927 -399.6562 1033.303[[1]]
          [,1]     [,2]      [,3]     [,4]
[1,] 0.8110102 78.21927 -399.6562 1033.303

[[2]]
[1] 3.547981

GA | iter = 1 | Mean = 0.1315876 | Best = 3.5479813
0.8110102 78.21927 -399.6562 1033.303[[1]]
          [,1]     [,2]      [,3]     [,4]
[1,] 0.8110102 78.21927 -399.6562 1033.303

[[2]]
[1] 3.547981

GA | iter = 2 | Mean = 0.189356 | Best = 3.547981
0.8110102 78.21927 -399.6562 1033.303[[1]]
          [,1]     [,2]      [,3]     [,4]
[1,] 0.8110102 78.21927 -399.6562 1033.303

[[2]]
[1] 3.547981

GA | iter = 3 | Mean = 0.2212947 | Best = 3.5479813
0.8110102 78.21927 -399.6562 1033.303[[1]]
          [,1]     [,2]      [,3]     [,4]
[1,] 0.8110102 78.21927 -399.6562 1033.303

[[2]]
[1] 3.547981

GA | iter = 4 | Mean = 0.3550232 | Best = 3.5479813
0.8110102 78.21927 -399.6562 1033.303[[1]]
          [,1]     [,2]      [,3]     [,4]
[1,] 0.8110102 78.21927 -399.6562 1033.303

[[2]]
[1] 3.547981

GA | iter = 5 | Mean = 0.4625865 | Best = 3.5479813
0.8110102 78.21927 -399.6562 1033.303[[1]]
          [,1]     [,2]      [,3]     [,4]
[1,] 0.8110102 78.21927 -399.6562 1033.303

[[2]]
[1] 3.547981

GA | iter = 6 | Mean = 0.4902348 | Best = 3.5479813
0.8110102 78.21927 -399.6562 1033.303[[1]]
          [,1]     [,2]      [,3]     [,4]
[1,] 0.8110102 78.21927 -399.6562 1033.303

[[2]]
[1] 3.547981

GA | iter = 7 | Mean = 0.5249467 | Best = 3.5479813
0.8110102 78.21927 -399.6562 1033.303[[1]]
          [,1]     [,2]      [,3]     [,4]
[1,] 0.8110102 78.21927 -399.6562 1033.303

[[2]]
[1] 3.547981

GA | iter = 8 | Mean = 0.6358248 | Best = 3.5479813
0.8110102 78.21927 -399.6562 1033.303[[1]]
          [,1]     [,2]      [,3]     [,4]
[1,] 0.8110102 78.21927 -399.6562 1033.303

[[2]]
[1] 3.547981

GA | iter = 9 | Mean = 0.709430 | Best = 3.547981
0.2628459 19.69753 -193.0851 566.1877[[1]]
          [,1]     [,2]      [,3]     [,4]
[1,] 0.2628459 19.69753 -193.0851 566.1877

[[2]]
[1] 4.086868

GA | iter = 10 | Mean = 0.853567 | Best = 4.086868
0.2628459 19.69753 -193.0851 566.1877[[1]]
          [,1]     [,2]      [,3]     [,4]
[1,] 0.2628459 19.69753 -193.0851 566.1877

[[2]]
[1] 4.086868

GA | iter = 11 | Mean = 0.9518003 | Best = 4.0868684
0.2628459 19.69753 -193.0851 566.1877[[1]]
          [,1]     [,2]      [,3]     [,4]
[1,] 0.2628459 19.69753 -193.0851 566.1877

[[2]]
[1] 4.086868

GA | iter = 12 | Mean = 1.006347 | Best = 4.086868
0.2628459 19.69753 -193.0851 566.1877[[1]]
          [,1]     [,2]      [,3]     [,4]
[1,] 0.2628459 19.69753 -193.0851 566.1877

[[2]]
[1] 4.086868

GA | iter = 13 | Mean = 1.037191 | Best = 4.086868
0.2628459 19.69753 -193.0851 566.1877[[1]]
          [,1]     [,2]      [,3]     [,4]
[1,] 0.2628459 19.69753 -193.0851 566.1877

[[2]]
[1] 4.086868

GA | iter = 14 | Mean = 1.093879 | Best = 4.086868
0.2628459 19.69753 -193.0851 566.1877[[1]]
          [,1]     [,2]      [,3]     [,4]
[1,] 0.2628459 19.69753 -193.0851 566.1877

[[2]]
[1] 4.086868

GA | iter = 15 | Mean = 1.037536 | Best = 4.086868
0.2628459 19.69753 -193.0851 566.1877[[1]]
          [,1]     [,2]      [,3]     [,4]
[1,] 0.2628459 19.69753 -193.0851 566.1877

[[2]]
[1] 4.086868

GA | iter = 16 | Mean = 1.038765 | Best = 4.086868
0.2628459 19.69753 -193.0851 566.1877[[1]]
          [,1]     [,2]      [,3]     [,4]
[1,] 0.2628459 19.69753 -193.0851 566.1877

[[2]]
[1] 4.086868

GA | iter = 17 | Mean = 1.122493 | Best = 4.086868
0.2628459 19.69753 -193.0851 566.1877[[1]]
          [,1]     [,2]      [,3]     [,4]
[1,] 0.2628459 19.69753 -193.0851 566.1877

[[2]]
[1] 4.086868

GA | iter = 18 | Mean = 1.164099 | Best = 4.086868
0.2628459 19.69753 -193.0851 566.1877[[1]]
          [,1]     [,2]      [,3]     [,4]
[1,] 0.2628459 19.69753 -193.0851 566.1877

[[2]]
[1] 4.086868

GA | iter = 19 | Mean = 1.195069 | Best = 4.086868
0.2628459 19.69753 -193.0851 566.1877[[1]]
          [,1]     [,2]      [,3]     [,4]
[1,] 0.2628459 19.69753 -193.0851 566.1877

[[2]]
[1] 4.086868

GA | iter = 20 | Mean = 1.216212 | Best = 4.086868
0.2628459 19.69753 -193.0851 566.1877[[1]]
          [,1]     [,2]      [,3]     [,4]
[1,] 0.2628459 19.69753 -193.0851 566.1877

[[2]]
[1] 4.086868

GA | iter = 21 | Mean = 1.232903 | Best = 4.086868
0.2628459 19.69753 -193.0851 566.1877[[1]]
          [,1]     [,2]      [,3]     [,4]
[1,] 0.2628459 19.69753 -193.0851 566.1877

[[2]]
[1] 4.086868

GA | iter = 22 | Mean = 1.219430 | Best = 4.086868
0.2628459 19.69753 -193.0851 566.1877[[1]]
          [,1]     [,2]      [,3]     [,4]
[1,] 0.2628459 19.69753 -193.0851 566.1877

[[2]]
[1] 4.086868

GA | iter = 23 | Mean = 1.145287 | Best = 4.086868
0.2628459 19.69753 -193.0851 566.1877[[1]]
          [,1]     [,2]      [,3]     [,4]
[1,] 0.2628459 19.69753 -193.0851 566.1877

[[2]]
[1] 4.086868

GA | iter = 24 | Mean = 1.181114 | Best = 4.086868
0.2628459 19.69753 -193.0851 566.1877[[1]]
          [,1]     [,2]      [,3]     [,4]
[1,] 0.2628459 19.69753 -193.0851 566.1877

[[2]]
[1] 4.086868

GA | iter = 25 | Mean = 1.125382 | Best = 4.086868
0.2628459 19.69753 -193.0851 566.1877[[1]]
          [,1]     [,2]      [,3]     [,4]
[1,] 0.2628459 19.69753 -193.0851 566.1877

[[2]]
[1] 4.086868

GA | iter = 26 | Mean = 1.098739 | Best = 4.086868
0.2628459 19.69753 -193.0851 566.1877[[1]]
          [,1]     [,2]      [,3]     [,4]
[1,] 0.2628459 19.69753 -193.0851 566.1877

[[2]]
[1] 4.086868

GA | iter = 27 | Mean = 1.074077 | Best = 4.086868
0.2628459 19.69753 -193.0851 566.1877[[1]]
          [,1]     [,2]      [,3]     [,4]
[1,] 0.2628459 19.69753 -193.0851 566.1877

[[2]]
[1] 4.086868

GA | iter = 28 | Mean = 1.164166 | Best = 4.086868
0.2628459 19.69753 -193.0851 566.1877[[1]]
          [,1]     [,2]      [,3]     [,4]
[1,] 0.2628459 19.69753 -193.0851 566.1877

[[2]]
[1] 4.086868

GA | iter = 29 | Mean = 1.172311 | Best = 4.086868
0.2628459 19.69753 -193.0851 566.1877[[1]]
          [,1]     [,2]      [,3]     [,4]
[1,] 0.2628459 19.69753 -193.0851 566.1877

[[2]]
[1] 4.086868

GA | iter = 30 | Mean = 1.083364 | Best = 4.086868
0.2628459 19.69753 -193.0851 566.1877[[1]]
          [,1]     [,2]      [,3]     [,4]
[1,] 0.2628459 19.69753 -193.0851 566.1877

[[2]]
[1] 4.086868

GA | iter = 31 | Mean = 1.111272 | Best = 4.086868
0.2628459 19.69753 -193.0851 566.1877[[1]]
          [,1]     [,2]      [,3]     [,4]
[1,] 0.2628459 19.69753 -193.0851 566.1877

[[2]]
[1] 4.086868

GA | iter = 32 | Mean = 0.9669491 | Best = 4.0868684
0.2628459 19.69753 -193.0851 566.1877[[1]]
          [,1]     [,2]      [,3]     [,4]
[1,] 0.2628459 19.69753 -193.0851 566.1877

[[2]]
[1] 4.086868

GA | iter = 33 | Mean = 0.9785593 | Best = 4.0868684
0.2628459 19.69753 -193.0851 566.1877[[1]]
          [,1]     [,2]      [,3]     [,4]
[1,] 0.2628459 19.69753 -193.0851 566.1877

[[2]]
[1] 4.086868

GA | iter = 34 | Mean = 0.9819582 | Best = 4.0868684
0.2628459 19.69753 -193.0851 566.1877[[1]]
          [,1]     [,2]      [,3]     [,4]
[1,] 0.2628459 19.69753 -193.0851 566.1877

[[2]]
[1] 4.086868

GA | iter = 35 | Mean = 0.9395854 | Best = 4.0868684
0.2628459 19.69753 -193.0851 566.1877[[1]]
          [,1]     [,2]      [,3]     [,4]
[1,] 0.2628459 19.69753 -193.0851 566.1877

[[2]]
[1] 4.086868

GA | iter = 36 | Mean = 0.9125375 | Best = 4.0868684
0.2628459 19.69753 -193.0851 566.1877[[1]]
          [,1]     [,2]      [,3]     [,4]
[1,] 0.2628459 19.69753 -193.0851 566.1877

[[2]]
[1] 4.086868

GA | iter = 37 | Mean = 1.000983 | Best = 4.086868
-0.04171253 23.72532 -65.09391 126.706[[1]]
            [,1]     [,2]      [,3]    [,4]
[1,] -0.04171253 23.72532 -65.09391 126.706

[[2]]
[1] 7.608321

GA | iter = 38 | Mean = 1.034623 | Best = 7.608321
-0.04171253 23.72532 -65.09391 126.706[[1]]
            [,1]     [,2]      [,3]    [,4]
[1,] -0.04171253 23.72532 -65.09391 126.706

[[2]]
[1] 7.608321

GA | iter = 39 | Mean = 0.8938315 | Best = 7.6083213
-0.04171253 23.72532 -65.09391 126.706[[1]]
            [,1]     [,2]      [,3]    [,4]
[1,] -0.04171253 23.72532 -65.09391 126.706

[[2]]
[1] 7.608321

GA | iter = 40 | Mean = 0.8919907 | Best = 7.6083213
-0.04171253 23.72532 -65.09391 126.706[[1]]
            [,1]     [,2]      [,3]    [,4]
[1,] -0.04171253 23.72532 -65.09391 126.706

[[2]]
[1] 7.608321

GA | iter = 41 | Mean = 0.8715254 | Best = 7.6083213
-0.04171253 23.72532 -65.09391 126.706[[1]]
            [,1]     [,2]      [,3]    [,4]
[1,] -0.04171253 23.72532 -65.09391 126.706

[[2]]
[1] 7.608321

GA | iter = 42 | Mean = 0.8416997 | Best = 7.6083213
-0.04171253 23.72532 -65.09391 126.706[[1]]
            [,1]     [,2]      [,3]    [,4]
[1,] -0.04171253 23.72532 -65.09391 126.706

[[2]]
[1] 7.608321

GA | iter = 43 | Mean = 0.8200202 | Best = 7.6083213
-0.04171253 23.72532 -65.09391 126.706[[1]]
            [,1]     [,2]      [,3]    [,4]
[1,] -0.04171253 23.72532 -65.09391 126.706

[[2]]
[1] 7.608321

GA | iter = 44 | Mean = 0.7470664 | Best = 7.6083213
-0.04171253 23.72532 -65.09391 126.706[[1]]
            [,1]     [,2]      [,3]    [,4]
[1,] -0.04171253 23.72532 -65.09391 126.706

[[2]]
[1] 7.608321

GA | iter = 45 | Mean = 0.7790352 | Best = 7.6083213
-0.04171253 23.72532 -65.09391 126.706[[1]]
            [,1]     [,2]      [,3]    [,4]
[1,] -0.04171253 23.72532 -65.09391 126.706

[[2]]
[1] 7.608321

GA | iter = 46 | Mean = 0.7505497 | Best = 7.6083213
-0.04171253 23.72532 -65.09391 126.706[[1]]
            [,1]     [,2]      [,3]    [,4]
[1,] -0.04171253 23.72532 -65.09391 126.706

[[2]]
[1] 7.608321

GA | iter = 47 | Mean = 0.784139 | Best = 7.608321
-0.04171253 23.72532 -65.09391 126.706[[1]]
            [,1]     [,2]      [,3]    [,4]
[1,] -0.04171253 23.72532 -65.09391 126.706

[[2]]
[1] 7.608321

GA | iter = 48 | Mean = 0.7646435 | Best = 7.6083213
-0.04171253 23.72532 -65.09391 126.706[[1]]
            [,1]     [,2]      [,3]    [,4]
[1,] -0.04171253 23.72532 -65.09391 126.706

[[2]]
[1] 7.608321

GA | iter = 49 | Mean = 0.7495931 | Best = 7.6083213
-0.04171253 23.72532 -65.09391 126.706[[1]]
            [,1]     [,2]      [,3]    [,4]
[1,] -0.04171253 23.72532 -65.09391 126.706

[[2]]
[1] 7.608321

GA | iter = 50 | Mean = 0.8504497 | Best = 7.6083213
-0.04171253 23.72532 -65.09391 126.706[[1]]
            [,1]     [,2]      [,3]    [,4]
[1,] -0.04171253 23.72532 -65.09391 126.706

[[2]]
[1] 7.608321

GA | iter = 51 | Mean = 0.7506449 | Best = 7.6083213
-0.04171253 23.72532 -65.09391 126.706[[1]]
            [,1]     [,2]      [,3]    [,4]
[1,] -0.04171253 23.72532 -65.09391 126.706

[[2]]
[1] 7.608321

GA | iter = 52 | Mean = 0.7956217 | Best = 7.6083213
-0.04171253 23.72532 -65.09391 126.706[[1]]
            [,1]     [,2]      [,3]    [,4]
[1,] -0.04171253 23.72532 -65.09391 126.706

[[2]]
[1] 7.608321

GA | iter = 53 | Mean = 0.7128413 | Best = 7.6083213
-0.04171253 23.72532 -65.09391 126.706[[1]]
            [,1]     [,2]      [,3]    [,4]
[1,] -0.04171253 23.72532 -65.09391 126.706

[[2]]
[1] 7.608321

GA | iter = 54 | Mean = 0.7155491 | Best = 7.6083213
-0.04171253 23.72532 -65.09391 126.706[[1]]
            [,1]     [,2]      [,3]    [,4]
[1,] -0.04171253 23.72532 -65.09391 126.706

[[2]]
[1] 7.608321

GA | iter = 55 | Mean = 0.6734787 | Best = 7.6083213
-0.04171253 23.72532 -65.09391 126.706[[1]]
            [,1]     [,2]      [,3]    [,4]
[1,] -0.04171253 23.72532 -65.09391 126.706

[[2]]
[1] 7.608321

GA | iter = 56 | Mean = 0.657607 | Best = 7.608321
-0.04171253 23.72532 -65.09391 126.706[[1]]
            [,1]     [,2]      [,3]    [,4]
[1,] -0.04171253 23.72532 -65.09391 126.706

[[2]]
[1] 7.608321

GA | iter = 57 | Mean = 0.6088185 | Best = 7.6083213
-0.04171253 23.72532 -65.09391 126.706[[1]]
            [,1]     [,2]      [,3]    [,4]
[1,] -0.04171253 23.72532 -65.09391 126.706

[[2]]
[1] 7.608321

GA | iter = 58 | Mean = 0.5390763 | Best = 7.6083213
-0.04171253 23.72532 -65.09391 126.706[[1]]
            [,1]     [,2]      [,3]    [,4]
[1,] -0.04171253 23.72532 -65.09391 126.706

[[2]]
[1] 7.608321

GA | iter = 59 | Mean = 0.4741267 | Best = 7.6083213
-0.04171253 23.72532 -65.09391 126.706[[1]]
            [,1]     [,2]      [,3]    [,4]
[1,] -0.04171253 23.72532 -65.09391 126.706

[[2]]
[1] 7.608321

GA | iter = 60 | Mean = 0.565424 | Best = 7.608321
-0.04171253 23.72532 -65.09391 126.706[[1]]
            [,1]     [,2]      [,3]    [,4]
[1,] -0.04171253 23.72532 -65.09391 126.706

[[2]]
[1] 7.608321

GA | iter = 61 | Mean = 0.5684988 | Best = 7.6083213
-0.04171253 23.72532 -65.09391 126.706[[1]]
            [,1]     [,2]      [,3]    [,4]
[1,] -0.04171253 23.72532 -65.09391 126.706

[[2]]
[1] 7.608321

GA | iter = 62 | Mean = 0.6907157 | Best = 7.6083213
-0.04171253 23.72532 -65.09391 126.706[[1]]
            [,1]     [,2]      [,3]    [,4]
[1,] -0.04171253 23.72532 -65.09391 126.706

[[2]]
[1] 7.608321

GA | iter = 63 | Mean = 0.6028765 | Best = 7.6083213
-0.04171253 23.72532 -65.09391 126.706[[1]]
            [,1]     [,2]      [,3]    [,4]
[1,] -0.04171253 23.72532 -65.09391 126.706

[[2]]
[1] 7.608321

GA | iter = 64 | Mean = 0.5675567 | Best = 7.6083213
-0.04171253 23.72532 -65.09391 126.706[[1]]
            [,1]     [,2]      [,3]    [,4]
[1,] -0.04171253 23.72532 -65.09391 126.706

[[2]]
[1] 7.608321

GA | iter = 65 | Mean = 0.6072414 | Best = 7.6083213
-0.04171253 23.72532 -65.09391 126.706[[1]]
            [,1]     [,2]      [,3]    [,4]
[1,] -0.04171253 23.72532 -65.09391 126.706

[[2]]
[1] 7.608321

GA | iter = 66 | Mean = 0.6613184 | Best = 7.6083213
-0.04171253 23.72532 -65.09391 126.706[[1]]
            [,1]     [,2]      [,3]    [,4]
[1,] -0.04171253 23.72532 -65.09391 126.706

[[2]]
[1] 7.608321

GA | iter = 67 | Mean = 0.6066293 | Best = 7.6083213
-0.04171253 23.72532 -65.09391 126.706[[1]]
            [,1]     [,2]      [,3]    [,4]
[1,] -0.04171253 23.72532 -65.09391 126.706

[[2]]
[1] 7.608321

GA | iter = 68 | Mean = 0.6689928 | Best = 7.6083213
-0.04171253 23.72532 -65.09391 126.706[[1]]
            [,1]     [,2]      [,3]    [,4]
[1,] -0.04171253 23.72532 -65.09391 126.706

[[2]]
[1] 7.608321

GA | iter = 69 | Mean = 0.683701 | Best = 7.608321
-0.04171253 23.72532 -65.09391 126.706[[1]]
            [,1]     [,2]      [,3]    [,4]
[1,] -0.04171253 23.72532 -65.09391 126.706

[[2]]
[1] 7.608321

GA | iter = 70 | Mean = 0.7404235 | Best = 7.6083213
-0.04171253 23.72532 -65.09391 126.706[[1]]
            [,1]     [,2]      [,3]    [,4]
[1,] -0.04171253 23.72532 -65.09391 126.706

[[2]]
[1] 7.608321

GA | iter = 71 | Mean = 0.7408948 | Best = 7.6083213
-0.04171253 23.72532 -65.09391 126.706[[1]]
            [,1]     [,2]      [,3]    [,4]
[1,] -0.04171253 23.72532 -65.09391 126.706

[[2]]
[1] 7.608321

GA | iter = 72 | Mean = 0.6008718 | Best = 7.6083213
-0.04171253 23.72532 -65.09391 126.706[[1]]
            [,1]     [,2]      [,3]    [,4]
[1,] -0.04171253 23.72532 -65.09391 126.706

[[2]]
[1] 7.608321

GA | iter = 73 | Mean = 0.5767394 | Best = 7.6083213
-0.04171253 23.72532 -65.09391 126.706[[1]]
            [,1]     [,2]      [,3]    [,4]
[1,] -0.04171253 23.72532 -65.09391 126.706

[[2]]
[1] 7.608321

GA | iter = 74 | Mean = 0.5502225 | Best = 7.6083213
-0.04171253 23.72532 -65.09391 126.706[[1]]
            [,1]     [,2]      [,3]    [,4]
[1,] -0.04171253 23.72532 -65.09391 126.706

[[2]]
[1] 7.608321

GA | iter = 75 | Mean = 0.5889432 | Best = 7.6083213
-0.04171253 23.72532 -65.09391 126.706[[1]]
            [,1]     [,2]      [,3]    [,4]
[1,] -0.04171253 23.72532 -65.09391 126.706

[[2]]
[1] 7.608321

GA | iter = 76 | Mean = 0.6554428 | Best = 7.6083213
-0.04171253 23.72532 -65.09391 126.706[[1]]
            [,1]     [,2]      [,3]    [,4]
[1,] -0.04171253 23.72532 -65.09391 126.706

[[2]]
[1] 7.608321

GA | iter = 77 | Mean = 0.6919842 | Best = 7.6083213
0.1897795 23.72532 -65.09391 126.706[[1]]
          [,1]     [,2]      [,3]    [,4]
[1,] 0.1897795 23.72532 -65.09391 126.706

[[2]]
[1] 7.992486

GA | iter = 78 | Mean = 0.6796794 | Best = 7.9924855
0.1897795 23.72532 -65.09391 126.706[[1]]
          [,1]     [,2]      [,3]    [,4]
[1,] 0.1897795 23.72532 -65.09391 126.706

[[2]]
[1] 7.992486

GA | iter = 79 | Mean = 0.5932263 | Best = 7.9924855
0.1897795 23.72532 -65.09391 126.706[[1]]
          [,1]     [,2]      [,3]    [,4]
[1,] 0.1897795 23.72532 -65.09391 126.706

[[2]]
[1] 7.992486

GA | iter = 80 | Mean = 0.6499751 | Best = 7.9924855
0.1897795 23.72532 -65.09391 126.706[[1]]
          [,1]     [,2]      [,3]    [,4]
[1,] 0.1897795 23.72532 -65.09391 126.706

[[2]]
[1] 7.992486

GA | iter = 81 | Mean = 0.5467593 | Best = 7.9924855
0.1897795 23.72532 -65.09391 126.706[[1]]
          [,1]     [,2]      [,3]    [,4]
[1,] 0.1897795 23.72532 -65.09391 126.706

[[2]]
[1] 7.992486

GA | iter = 82 | Mean = 0.6290405 | Best = 7.9924855
0.1897795 23.72532 -65.09391 126.706[[1]]
          [,1]     [,2]      [,3]    [,4]
[1,] 0.1897795 23.72532 -65.09391 126.706

[[2]]
[1] 7.992486

GA | iter = 83 | Mean = 0.6745379 | Best = 7.9924855
0.1897795 23.72532 -65.09391 126.706[[1]]
          [,1]     [,2]      [,3]    [,4]
[1,] 0.1897795 23.72532 -65.09391 126.706

[[2]]
[1] 7.992486

GA | iter = 84 | Mean = 0.5980032 | Best = 7.9924855
0.1897795 23.72532 -65.09391 126.706[[1]]
          [,1]     [,2]      [,3]    [,4]
[1,] 0.1897795 23.72532 -65.09391 126.706

[[2]]
[1] 7.992486

GA | iter = 85 | Mean = 0.5202048 | Best = 7.9924855
0.1897795 23.72532 -65.09391 126.706[[1]]
          [,1]     [,2]      [,3]    [,4]
[1,] 0.1897795 23.72532 -65.09391 126.706

[[2]]
[1] 7.992486

GA | iter = 86 | Mean = 0.5493325 | Best = 7.9924855
0.1897795 23.72532 -65.09391 126.706[[1]]
          [,1]     [,2]      [,3]    [,4]
[1,] 0.1897795 23.72532 -65.09391 126.706

[[2]]
[1] 7.992486

GA | iter = 87 | Mean = 0.5512753 | Best = 7.9924855
0.1897795 23.72532 -65.09391 126.706[[1]]
          [,1]     [,2]      [,3]    [,4]
[1,] 0.1897795 23.72532 -65.09391 126.706

[[2]]
[1] 7.992486

GA | iter = 88 | Mean = 0.6090045 | Best = 7.9924855
0.1897795 23.72532 -65.09391 126.706[[1]]
          [,1]     [,2]      [,3]    [,4]
[1,] 0.1897795 23.72532 -65.09391 126.706

[[2]]
[1] 7.992486

GA | iter = 89 | Mean = 0.4520798 | Best = 7.9924855
0.1897795 23.72532 -65.09391 126.706[[1]]
          [,1]     [,2]      [,3]    [,4]
[1,] 0.1897795 23.72532 -65.09391 126.706

[[2]]
[1] 7.992486

GA | iter = 90 | Mean = 0.4732271 | Best = 7.9924855
0.1897795 23.72532 -65.09391 126.706[[1]]
          [,1]     [,2]      [,3]    [,4]
[1,] 0.1897795 23.72532 -65.09391 126.706

[[2]]
[1] 7.992486

GA | iter = 91 | Mean = 0.6296532 | Best = 7.9924855
0.1897795 23.72532 -65.09391 126.706[[1]]
          [,1]     [,2]      [,3]    [,4]
[1,] 0.1897795 23.72532 -65.09391 126.706

[[2]]
[1] 7.992486

GA | iter = 92 | Mean = 0.6243251 | Best = 7.9924855
0.1897795 23.72532 -65.09391 126.706[[1]]
          [,1]     [,2]      [,3]    [,4]
[1,] 0.1897795 23.72532 -65.09391 126.706

[[2]]
[1] 7.992486

GA | iter = 93 | Mean = 0.5837381 | Best = 7.9924855
0.1897795 23.72532 -65.09391 126.706[[1]]
          [,1]     [,2]      [,3]    [,4]
[1,] 0.1897795 23.72532 -65.09391 126.706

[[2]]
[1] 7.992486

GA | iter = 94 | Mean = 0.6981581 | Best = 7.9924855
0.1897795 23.72532 -65.09391 126.706[[1]]
          [,1]     [,2]      [,3]    [,4]
[1,] 0.1897795 23.72532 -65.09391 126.706

[[2]]
[1] 7.992486

GA | iter = 95 | Mean = 0.648650 | Best = 7.992486
0.1897795 23.72532 -65.09391 126.706[[1]]
          [,1]     [,2]      [,3]    [,4]
[1,] 0.1897795 23.72532 -65.09391 126.706

[[2]]
[1] 7.992486

GA | iter = 96 | Mean = 0.6836563 | Best = 7.9924855
0.1897795 23.72532 -65.09391 126.706[[1]]
          [,1]     [,2]      [,3]    [,4]
[1,] 0.1897795 23.72532 -65.09391 126.706

[[2]]
[1] 7.992486

GA | iter = 97 | Mean = 0.6124555 | Best = 7.9924855
0.1897795 23.72532 -65.09391 126.706[[1]]
          [,1]     [,2]      [,3]    [,4]
[1,] 0.1897795 23.72532 -65.09391 126.706

[[2]]
[1] 7.992486

GA | iter = 98 | Mean = 0.7000399 | Best = 7.9924855
0.1897795 23.72532 -65.09391 126.706[[1]]
          [,1]     [,2]      [,3]    [,4]
[1,] 0.1897795 23.72532 -65.09391 126.706

[[2]]
[1] 7.992486

GA | iter = 99 | Mean = 0.8164519 | Best = 7.9924855
0.1897795 23.72532 -65.09391 126.706[[1]]
          [,1]     [,2]      [,3]    [,4]
[1,] 0.1897795 23.72532 -65.09391 126.706

[[2]]
[1] 7.992486

GA | iter = 100 | Mean = 0.8886453 | Best = 7.9924855
0.1648245 23.72532 -65.09391 126.706[[1]]
          [,1]     [,2]      [,3]    [,4]
[1,] 0.1648245 23.72532 -65.09391 126.706

[[2]]
[1] 8.017485

GA | iter = 101 | Mean = 1.124942 | Best = 8.017485
0.1648245 23.72532 -65.09391 126.706[[1]]
          [,1]     [,2]      [,3]    [,4]
[1,] 0.1648245 23.72532 -65.09391 126.706

[[2]]
[1] 8.017485

GA | iter = 102 | Mean = 0.8490491 | Best = 8.0174851
0.1648245 23.72532 -65.09391 126.706[[1]]
          [,1]     [,2]      [,3]    [,4]
[1,] 0.1648245 23.72532 -65.09391 126.706

[[2]]
[1] 8.017485

GA | iter = 103 | Mean = 0.7231087 | Best = 8.0174851
0.1648245 23.72532 -65.09391 126.706[[1]]
          [,1]     [,2]      [,3]    [,4]
[1,] 0.1648245 23.72532 -65.09391 126.706

[[2]]
[1] 8.017485

GA | iter = 104 | Mean = 0.8324282 | Best = 8.0174851
0.1648245 23.72532 -65.09391 126.706[[1]]
          [,1]     [,2]      [,3]    [,4]
[1,] 0.1648245 23.72532 -65.09391 126.706

[[2]]
[1] 8.017485

GA | iter = 105 | Mean = 0.9805426 | Best = 8.0174851
0.1648245 23.72532 -65.09391 126.706[[1]]
          [,1]     [,2]      [,3]    [,4]
[1,] 0.1648245 23.72532 -65.09391 126.706

[[2]]
[1] 8.017485

GA | iter = 106 | Mean = 0.850262 | Best = 8.017485
0.1639074 23.52523 -64.73956 126.2228[[1]]
          [,1]     [,2]      [,3]     [,4]
[1,] 0.1639074 23.52523 -64.73956 126.2228

[[2]]
[1] 8.01985

GA | iter = 107 | Mean = 0.8732261 | Best = 8.0198496
0.1639074 23.52523 -64.73956 126.2228[[1]]
          [,1]     [,2]      [,3]     [,4]
[1,] 0.1639074 23.52523 -64.73956 126.2228

[[2]]
[1] 8.01985

GA | iter = 108 | Mean = 0.9402948 | Best = 8.0198496
0.1639074 23.52523 -64.73956 126.2228[[1]]
          [,1]     [,2]      [,3]     [,4]
[1,] 0.1639074 23.52523 -64.73956 126.2228

[[2]]
[1] 8.01985

GA | iter = 109 | Mean = 0.9810519 | Best = 8.0198496
0.1639409 23.67886 -64.99581 126.2536[[1]]
          [,1]     [,2]      [,3]     [,4]
[1,] 0.1639409 23.67886 -64.99581 126.2536

[[2]]
[1] 8.031592

GA | iter = 110 | Mean = 0.9994993 | Best = 8.0315922
0.1639409 23.67886 -64.99581 126.2536[[1]]
          [,1]     [,2]      [,3]     [,4]
[1,] 0.1639409 23.67886 -64.99581 126.2536

[[2]]
[1] 8.031592

GA | iter = 111 | Mean = 1.064887 | Best = 8.031592
0.1639409 23.67886 -64.99581 126.2536[[1]]
          [,1]     [,2]      [,3]     [,4]
[1,] 0.1639409 23.67886 -64.99581 126.2536

[[2]]
[1] 8.031592

GA | iter = 112 | Mean = 1.188639 | Best = 8.031592
0.1639409 23.67886 -64.99581 126.2536[[1]]
          [,1]     [,2]      [,3]     [,4]
[1,] 0.1639409 23.67886 -64.99581 126.2536

[[2]]
[1] 8.031592

GA | iter = 113 | Mean = 1.183935 | Best = 8.031592
0.1639409 23.67886 -64.99581 126.2536[[1]]
          [,1]     [,2]      [,3]     [,4]
[1,] 0.1639409 23.67886 -64.99581 126.2536

[[2]]
[1] 8.031592

GA | iter = 114 | Mean = 1.376388 | Best = 8.031592
0.1639409 23.67886 -64.99581 126.2536[[1]]
          [,1]     [,2]      [,3]     [,4]
[1,] 0.1639409 23.67886 -64.99581 126.2536

[[2]]
[1] 8.031592

GA | iter = 115 | Mean = 1.356475 | Best = 8.031592
0.1639409 23.67886 -64.99581 126.2536[[1]]
          [,1]     [,2]      [,3]     [,4]
[1,] 0.1639409 23.67886 -64.99581 126.2536

[[2]]
[1] 8.031592

GA | iter = 116 | Mean = 1.444834 | Best = 8.031592
0.1639409 23.67886 -64.99581 126.2536[[1]]
          [,1]     [,2]      [,3]     [,4]
[1,] 0.1639409 23.67886 -64.99581 126.2536

[[2]]
[1] 8.031592

GA | iter = 117 | Mean = 1.299215 | Best = 8.031592
0.1639409 23.67886 -64.99581 126.2536[[1]]
          [,1]     [,2]      [,3]     [,4]
[1,] 0.1639409 23.67886 -64.99581 126.2536

[[2]]
[1] 8.031592

GA | iter = 118 | Mean = 1.358919 | Best = 8.031592
0.1639409 23.67886 -64.99581 126.2536[[1]]
          [,1]     [,2]      [,3]     [,4]
[1,] 0.1639409 23.67886 -64.99581 126.2536

[[2]]
[1] 8.031592

GA | iter = 119 | Mean = 1.628648 | Best = 8.031592
0.1639409 23.67886 -64.99581 126.2536[[1]]
          [,1]     [,2]      [,3]     [,4]
[1,] 0.1639409 23.67886 -64.99581 126.2536

[[2]]
[1] 8.031592

GA | iter = 120 | Mean = 1.766816 | Best = 8.031592
0.1639409 23.67886 -64.99581 126.2536[[1]]
          [,1]     [,2]      [,3]     [,4]
[1,] 0.1639409 23.67886 -64.99581 126.2536

[[2]]
[1] 8.031592

GA | iter = 121 | Mean = 1.706634 | Best = 8.031592
0.1639409 23.67886 -64.99581 126.2536[[1]]
          [,1]     [,2]      [,3]     [,4]
[1,] 0.1639409 23.67886 -64.99581 126.2536

[[2]]
[1] 8.031592

GA | iter = 122 | Mean = 1.576579 | Best = 8.031592
0.1639409 23.67886 -64.99581 126.2536[[1]]
          [,1]     [,2]      [,3]     [,4]
[1,] 0.1639409 23.67886 -64.99581 126.2536

[[2]]
[1] 8.031592

GA | iter = 123 | Mean = 1.656433 | Best = 8.031592
0.1639409 23.67886 -64.99581 126.2536[[1]]
          [,1]     [,2]      [,3]     [,4]
[1,] 0.1639409 23.67886 -64.99581 126.2536

[[2]]
[1] 8.031592

GA | iter = 124 | Mean = 1.659023 | Best = 8.031592
0.04256534 24.32545 -65.40838 126.2652[[1]]
           [,1]     [,2]      [,3]     [,4]
[1,] 0.04256534 24.32545 -65.40838 126.2652

[[2]]
[1] 8.035574

GA | iter = 125 | Mean = 2.006650 | Best = 8.035574
0.04256534 24.32545 -65.40838 126.2652[[1]]
           [,1]     [,2]      [,3]     [,4]
[1,] 0.04256534 24.32545 -65.40838 126.2652

[[2]]
[1] 8.035574

GA | iter = 126 | Mean = 2.458633 | Best = 8.035574
0.04256534 24.32545 -65.40838 126.2652[[1]]
           [,1]     [,2]      [,3]     [,4]
[1,] 0.04256534 24.32545 -65.40838 126.2652

[[2]]
[1] 8.035574

GA | iter = 127 | Mean = 2.836282 | Best = 8.035574
0.04256534 24.32545 -65.40838 126.2652[[1]]
           [,1]     [,2]      [,3]     [,4]
[1,] 0.04256534 24.32545 -65.40838 126.2652

[[2]]
[1] 8.035574

GA | iter = 128 | Mean = 3.629551 | Best = 8.035574
0.1588679 23.98785 -65.12341 125.5839[[1]]
          [,1]     [,2]      [,3]     [,4]
[1,] 0.1588679 23.98785 -65.12341 125.5839

[[2]]
[1] 8.036085

GA | iter = 129 | Mean = 5.278043 | Best = 8.036085
0.1588679 23.98785 -65.12341 125.5839[[1]]
          [,1]     [,2]      [,3]     [,4]
[1,] 0.1588679 23.98785 -65.12341 125.5839

[[2]]
[1] 8.036085

GA | iter = 130 | Mean = 5.709140 | Best = 8.036085
0.1588679 23.98785 -65.12341 125.5839[[1]]
          [,1]     [,2]      [,3]     [,4]
[1,] 0.1588679 23.98785 -65.12341 125.5839

[[2]]
[1] 8.036085

GA | iter = 131 | Mean = 5.676600 | Best = 8.036085
0.3203581 23.76119 -65.36531 125.6311[[1]]
          [,1]     [,2]      [,3]     [,4]
[1,] 0.3203581 23.76119 -65.36531 125.6311

[[2]]
[1] 8.036244

GA | iter = 132 | Mean = 5.753795 | Best = 8.036244
0.3203581 23.76119 -65.36531 125.6311[[1]]
          [,1]     [,2]      [,3]     [,4]
[1,] 0.3203581 23.76119 -65.36531 125.6311

[[2]]
[1] 8.036244

GA | iter = 133 | Mean = 5.832962 | Best = 8.036244
0.3203581 23.76119 -65.36531 125.6311[[1]]
          [,1]     [,2]      [,3]     [,4]
[1,] 0.3203581 23.76119 -65.36531 125.6311

[[2]]
[1] 8.036244

GA | iter = 134 | Mean = 5.977215 | Best = 8.036244
0.311285 23.77209 -65.37775 125.7455[[1]]
         [,1]     [,2]      [,3]     [,4]
[1,] 0.311285 23.77209 -65.37775 125.7455

[[2]]
[1] 8.036283

GA | iter = 135 | Mean = 5.839475 | Best = 8.036283
0.311285 23.77209 -65.37775 125.7455[[1]]
         [,1]     [,2]      [,3]     [,4]
[1,] 0.311285 23.77209 -65.37775 125.7455

[[2]]
[1] 8.036283

GA | iter = 136 | Mean = 5.999370 | Best = 8.036283
0.2779116 23.84882 -65.36327 125.77[[1]]
          [,1]     [,2]      [,3]   [,4]
[1,] 0.2779116 23.84882 -65.36327 125.77

[[2]]
[1] 8.036303

GA | iter = 137 | Mean = 5.745573 | Best = 8.036303
0.2779116 23.84882 -65.36327 125.77[[1]]
          [,1]     [,2]      [,3]   [,4]
[1,] 0.2779116 23.84882 -65.36327 125.77

[[2]]
[1] 8.036303

GA | iter = 138 | Mean = 5.966284 | Best = 8.036303
0.2779116 23.84882 -65.36327 125.77[[1]]
          [,1]     [,2]      [,3]   [,4]
[1,] 0.2779116 23.84882 -65.36327 125.77

[[2]]
[1] 8.036303

GA | iter = 139 | Mean = 6.275221 | Best = 8.036303
0.2779116 23.84882 -65.36327 125.77[[1]]
          [,1]     [,2]      [,3]   [,4]
[1,] 0.2779116 23.84882 -65.36327 125.77

[[2]]
[1] 8.036303

GA | iter = 140 | Mean = 6.119328 | Best = 8.036303
0.2779116 23.84882 -65.36327 125.77[[1]]
          [,1]     [,2]      [,3]   [,4]
[1,] 0.2779116 23.84882 -65.36327 125.77

[[2]]
[1] 8.036303

GA | iter = 141 | Mean = 5.951304 | Best = 8.036303
0.2779116 23.84882 -65.36327 125.77[[1]]
          [,1]     [,2]      [,3]   [,4]
[1,] 0.2779116 23.84882 -65.36327 125.77

[[2]]
[1] 8.036303

GA | iter = 142 | Mean = 6.088393 | Best = 8.036303
0.2779116 23.84882 -65.36327 125.77[[1]]
          [,1]     [,2]      [,3]   [,4]
[1,] 0.2779116 23.84882 -65.36327 125.77

[[2]]
[1] 8.036303

GA | iter = 143 | Mean = 5.522528 | Best = 8.036303
0.2779116 23.84882 -65.36327 125.77[[1]]
          [,1]     [,2]      [,3]   [,4]
[1,] 0.2779116 23.84882 -65.36327 125.77

[[2]]
[1] 8.036303

GA | iter = 144 | Mean = 5.776544 | Best = 8.036303
0.2779116 23.84882 -65.36327 125.77[[1]]
          [,1]     [,2]      [,3]   [,4]
[1,] 0.2779116 23.84882 -65.36327 125.77

[[2]]
[1] 8.036303

GA | iter = 145 | Mean = 5.946600 | Best = 8.036303
0.2779116 23.84882 -65.36327 125.77[[1]]
          [,1]     [,2]      [,3]   [,4]
[1,] 0.2779116 23.84882 -65.36327 125.77

[[2]]
[1] 8.036303

GA | iter = 146 | Mean = 5.747702 | Best = 8.036303
0.2779116 23.84882 -65.36327 125.77[[1]]
          [,1]     [,2]      [,3]   [,4]
[1,] 0.2779116 23.84882 -65.36327 125.77

[[2]]
[1] 8.036303

GA | iter = 147 | Mean = 5.460371 | Best = 8.036303
0.2779116 23.84882 -65.36327 125.77[[1]]
          [,1]     [,2]      [,3]   [,4]
[1,] 0.2779116 23.84882 -65.36327 125.77

[[2]]
[1] 8.036303

GA | iter = 148 | Mean = 6.198015 | Best = 8.036303
0.2779116 23.84882 -65.36327 125.77[[1]]
          [,1]     [,2]      [,3]   [,4]
[1,] 0.2779116 23.84882 -65.36327 125.77

[[2]]
[1] 8.036303

GA | iter = 149 | Mean = 5.920096 | Best = 8.036303
0.2779116 23.84882 -65.36327 125.77[[1]]
          [,1]     [,2]      [,3]   [,4]
[1,] 0.2779116 23.84882 -65.36327 125.77

[[2]]
[1] 8.036303

GA | iter = 150 | Mean = 6.051262 | Best = 8.036303
0.2779116 23.84882 -65.36327 125.77[[1]]
          [,1]     [,2]      [,3]   [,4]
[1,] 0.2779116 23.84882 -65.36327 125.77

[[2]]
[1] 8.036303

GA | iter = 151 | Mean = 5.557949 | Best = 8.036303
0.2779116 23.84882 -65.36327 125.77[[1]]
          [,1]     [,2]      [,3]   [,4]
[1,] 0.2779116 23.84882 -65.36327 125.77

[[2]]
[1] 8.036303

GA | iter = 152 | Mean = 5.952636 | Best = 8.036303
0.2779116 23.84882 -65.36327 125.77[[1]]
          [,1]     [,2]      [,3]   [,4]
[1,] 0.2779116 23.84882 -65.36327 125.77

[[2]]
[1] 8.036303

GA | iter = 153 | Mean = 5.464339 | Best = 8.036303
0.2779116 23.84882 -65.36327 125.77[[1]]
          [,1]     [,2]      [,3]   [,4]
[1,] 0.2779116 23.84882 -65.36327 125.77

[[2]]
[1] 8.036303

GA | iter = 154 | Mean = 5.998228 | Best = 8.036303
0.2779116 23.84882 -65.36327 125.77[[1]]
          [,1]     [,2]      [,3]   [,4]
[1,] 0.2779116 23.84882 -65.36327 125.77

[[2]]
[1] 8.036303

GA | iter = 155 | Mean = 5.462020 | Best = 8.036303
0.2779116 23.84882 -65.36327 125.77[[1]]
          [,1]     [,2]      [,3]   [,4]
[1,] 0.2779116 23.84882 -65.36327 125.77

[[2]]
[1] 8.036303

GA | iter = 156 | Mean = 5.753156 | Best = 8.036303
0.2427734 23.91553 -65.32586 125.7016[[1]]
          [,1]     [,2]      [,3]     [,4]
[1,] 0.2427734 23.91553 -65.32586 125.7016

[[2]]
[1] 8.036551

GA | iter = 157 | Mean = 5.772435 | Best = 8.036551
0.2427734 23.91553 -65.32586 125.7016[[1]]
          [,1]     [,2]      [,3]     [,4]
[1,] 0.2427734 23.91553 -65.32586 125.7016

[[2]]
[1] 8.036551

GA | iter = 158 | Mean = 5.825188 | Best = 8.036551
0.2427734 23.91553 -65.32586 125.7016[[1]]
          [,1]     [,2]      [,3]     [,4]
[1,] 0.2427734 23.91553 -65.32586 125.7016

[[2]]
[1] 8.036551

GA | iter = 159 | Mean = 5.938466 | Best = 8.036551
0.2427734 23.91553 -65.32586 125.7016[[1]]
          [,1]     [,2]      [,3]     [,4]
[1,] 0.2427734 23.91553 -65.32586 125.7016

[[2]]
[1] 8.036551

GA | iter = 160 | Mean = 5.808993 | Best = 8.036551
0.2427734 23.91553 -65.32586 125.7016[[1]]
          [,1]     [,2]      [,3]     [,4]
[1,] 0.2427734 23.91553 -65.32586 125.7016

[[2]]
[1] 8.036551

GA | iter = 161 | Mean = 6.116041 | Best = 8.036551
0.2427734 23.91553 -65.32586 125.7016[[1]]
          [,1]     [,2]      [,3]     [,4]
[1,] 0.2427734 23.91553 -65.32586 125.7016

[[2]]
[1] 8.036551

GA | iter = 162 | Mean = 5.858699 | Best = 8.036551
0.2427734 23.91553 -65.32586 125.7016[[1]]
          [,1]     [,2]      [,3]     [,4]
[1,] 0.2427734 23.91553 -65.32586 125.7016

[[2]]
[1] 8.036551

GA | iter = 163 | Mean = 5.910169 | Best = 8.036551
0.2427734 23.91553 -65.32586 125.7016[[1]]
          [,1]     [,2]      [,3]     [,4]
[1,] 0.2427734 23.91553 -65.32586 125.7016

[[2]]
[1] 8.036551

GA | iter = 164 | Mean = 5.785453 | Best = 8.036551
0.2427734 23.91553 -65.32586 125.7016[[1]]
          [,1]     [,2]      [,3]     [,4]
[1,] 0.2427734 23.91553 -65.32586 125.7016

[[2]]
[1] 8.036551

GA | iter = 165 | Mean = 5.847476 | Best = 8.036551
0.2427734 23.91553 -65.32586 125.7016[[1]]
          [,1]     [,2]      [,3]     [,4]
[1,] 0.2427734 23.91553 -65.32586 125.7016

[[2]]
[1] 8.036551

GA | iter = 166 | Mean = 6.089591 | Best = 8.036551
0.2427734 23.91553 -65.32586 125.7016[[1]]
          [,1]     [,2]      [,3]     [,4]
[1,] 0.2427734 23.91553 -65.32586 125.7016

[[2]]
[1] 8.036551

GA | iter = 167 | Mean = 5.945666 | Best = 8.036551
0.2427734 23.91553 -65.32586 125.7016[[1]]
          [,1]     [,2]      [,3]     [,4]
[1,] 0.2427734 23.91553 -65.32586 125.7016

[[2]]
[1] 8.036551

GA | iter = 168 | Mean = 6.274477 | Best = 8.036551
0.2427734 23.91553 -65.32586 125.7016[[1]]
          [,1]     [,2]      [,3]     [,4]
[1,] 0.2427734 23.91553 -65.32586 125.7016

[[2]]
[1] 8.036551

GA | iter = 169 | Mean = 5.695162 | Best = 8.036551
0.2427734 23.91553 -65.32586 125.7016[[1]]
          [,1]     [,2]      [,3]     [,4]
[1,] 0.2427734 23.91553 -65.32586 125.7016

[[2]]
[1] 8.036551

GA | iter = 170 | Mean = 5.948972 | Best = 8.036551
0.2427734 23.91553 -65.32586 125.7016[[1]]
          [,1]     [,2]      [,3]     [,4]
[1,] 0.2427734 23.91553 -65.32586 125.7016

[[2]]
[1] 8.036551

GA | iter = 171 | Mean = 5.596777 | Best = 8.036551
0.2427734 23.91553 -65.32586 125.7016[[1]]
          [,1]     [,2]      [,3]     [,4]
[1,] 0.2427734 23.91553 -65.32586 125.7016

[[2]]
[1] 8.036551

GA | iter = 172 | Mean = 5.997205 | Best = 8.036551
0.2427734 23.91553 -65.32586 125.7016[[1]]
          [,1]     [,2]      [,3]     [,4]
[1,] 0.2427734 23.91553 -65.32586 125.7016

[[2]]
[1] 8.036551

GA | iter = 173 | Mean = 5.742944 | Best = 8.036551
0.2427734 23.91553 -65.32586 125.7016[[1]]
          [,1]     [,2]      [,3]     [,4]
[1,] 0.2427734 23.91553 -65.32586 125.7016

[[2]]
[1] 8.036551

GA | iter = 174 | Mean = 6.260781 | Best = 8.036551
0.2427734 23.91553 -65.32586 125.7016[[1]]
          [,1]     [,2]      [,3]     [,4]
[1,] 0.2427734 23.91553 -65.32586 125.7016

[[2]]
[1] 8.036551

GA | iter = 175 | Mean = 5.738830 | Best = 8.036551
0.2427734 23.91553 -65.32586 125.7016[[1]]
          [,1]     [,2]      [,3]     [,4]
[1,] 0.2427734 23.91553 -65.32586 125.7016

[[2]]
[1] 8.036551

GA | iter = 176 | Mean = 6.120748 | Best = 8.036551
0.2427734 23.91553 -65.32586 125.7016[[1]]
          [,1]     [,2]      [,3]     [,4]
[1,] 0.2427734 23.91553 -65.32586 125.7016

[[2]]
[1] 8.036551

GA | iter = 177 | Mean = 5.866674 | Best = 8.036551
0.2427734 23.91553 -65.32586 125.7016[[1]]
          [,1]     [,2]      [,3]     [,4]
[1,] 0.2427734 23.91553 -65.32586 125.7016

[[2]]
[1] 8.036551

GA | iter = 178 | Mean = 5.888741 | Best = 8.036551
0.2427734 23.91553 -65.32586 125.7016[[1]]
          [,1]     [,2]      [,3]     [,4]
[1,] 0.2427734 23.91553 -65.32586 125.7016

[[2]]
[1] 8.036551

GA | iter = 179 | Mean = 5.718871 | Best = 8.036551
0.2427734 23.91553 -65.32586 125.7016[[1]]
          [,1]     [,2]      [,3]     [,4]
[1,] 0.2427734 23.91553 -65.32586 125.7016

[[2]]
[1] 8.036551

GA | iter = 180 | Mean = 5.943671 | Best = 8.036551
0.2427734 23.91553 -65.32586 125.7016[[1]]
          [,1]     [,2]      [,3]     [,4]
[1,] 0.2427734 23.91553 -65.32586 125.7016

[[2]]
[1] 8.036551

GA | iter = 181 | Mean = 5.473140 | Best = 8.036551
0.2427734 23.91553 -65.32586 125.7016[[1]]
          [,1]     [,2]      [,3]     [,4]
[1,] 0.2427734 23.91553 -65.32586 125.7016

[[2]]
[1] 8.036551

GA | iter = 182 | Mean = 5.924140 | Best = 8.036551
0.2427734 23.91553 -65.32586 125.7016[[1]]
          [,1]     [,2]      [,3]     [,4]
[1,] 0.2427734 23.91553 -65.32586 125.7016

[[2]]
[1] 8.036551

GA | iter = 183 | Mean = 5.807806 | Best = 8.036551
0.2427734 23.91553 -65.32586 125.7016[[1]]
          [,1]     [,2]      [,3]     [,4]
[1,] 0.2427734 23.91553 -65.32586 125.7016

[[2]]
[1] 8.036551

GA | iter = 184 | Mean = 5.645050 | Best = 8.036551
0.2427734 23.91553 -65.32586 125.7016[[1]]
          [,1]     [,2]      [,3]     [,4]
[1,] 0.2427734 23.91553 -65.32586 125.7016

[[2]]
[1] 8.036551

GA | iter = 185 | Mean = 6.047505 | Best = 8.036551
0.2427734 23.91553 -65.32586 125.7016[[1]]
          [,1]     [,2]      [,3]     [,4]
[1,] 0.2427734 23.91553 -65.32586 125.7016

[[2]]
[1] 8.036551

GA | iter = 186 | Mean = 6.107379 | Best = 8.036551
0.2427734 23.91553 -65.32586 125.7016[[1]]
          [,1]     [,2]      [,3]     [,4]
[1,] 0.2427734 23.91553 -65.32586 125.7016

[[2]]
[1] 8.036551

GA | iter = 187 | Mean = 6.011257 | Best = 8.036551
0.2427734 23.91553 -65.32586 125.7016[[1]]
          [,1]     [,2]      [,3]     [,4]
[1,] 0.2427734 23.91553 -65.32586 125.7016

[[2]]
[1] 8.036551

GA | iter = 188 | Mean = 6.076357 | Best = 8.036551
0.2427734 23.91553 -65.32586 125.7016[[1]]
          [,1]     [,2]      [,3]     [,4]
[1,] 0.2427734 23.91553 -65.32586 125.7016

[[2]]
[1] 8.036551

GA | iter = 189 | Mean = 5.959371 | Best = 8.036551
0.2427734 23.91553 -65.32586 125.7016[[1]]
          [,1]     [,2]      [,3]     [,4]
[1,] 0.2427734 23.91553 -65.32586 125.7016

[[2]]
[1] 8.036551

GA | iter = 190 | Mean = 5.709314 | Best = 8.036551
0.2500717 23.90838 -65.34601 125.7249[[1]]
          [,1]     [,2]      [,3]     [,4]
[1,] 0.2500717 23.90838 -65.34601 125.7249

[[2]]
[1] 8.036555

GA | iter = 191 | Mean = 6.136020 | Best = 8.036555
0.2500717 23.90838 -65.34601 125.7249[[1]]
          [,1]     [,2]      [,3]     [,4]
[1,] 0.2500717 23.90838 -65.34601 125.7249

[[2]]
[1] 8.036555

GA | iter = 192 | Mean = 6.036285 | Best = 8.036555
0.2500717 23.90838 -65.34601 125.7249[[1]]
          [,1]     [,2]      [,3]     [,4]
[1,] 0.2500717 23.90838 -65.34601 125.7249

[[2]]
[1] 8.036555

GA | iter = 193 | Mean = 5.835059 | Best = 8.036555
0.2500717 23.90838 -65.34601 125.7249[[1]]
          [,1]     [,2]      [,3]     [,4]
[1,] 0.2500717 23.90838 -65.34601 125.7249

[[2]]
[1] 8.036555

GA | iter = 194 | Mean = 5.985650 | Best = 8.036555
0.2500717 23.90838 -65.34601 125.7249[[1]]
          [,1]     [,2]      [,3]     [,4]
[1,] 0.2500717 23.90838 -65.34601 125.7249

[[2]]
[1] 8.036555

GA | iter = 195 | Mean = 6.072632 | Best = 8.036555
0.2500717 23.90838 -65.34601 125.7249[[1]]
          [,1]     [,2]      [,3]     [,4]
[1,] 0.2500717 23.90838 -65.34601 125.7249

[[2]]
[1] 8.036555

GA | iter = 196 | Mean = 6.047271 | Best = 8.036555
0.2500717 23.90838 -65.34601 125.7249[[1]]
          [,1]     [,2]      [,3]     [,4]
[1,] 0.2500717 23.90838 -65.34601 125.7249

[[2]]
[1] 8.036555

GA | iter = 197 | Mean = 6.072360 | Best = 8.036555
0.2500717 23.90838 -65.34601 125.7249[[1]]
          [,1]     [,2]      [,3]     [,4]
[1,] 0.2500717 23.90838 -65.34601 125.7249

[[2]]
[1] 8.036555

GA | iter = 198 | Mean = 5.724918 | Best = 8.036555
0.2500717 23.90838 -65.34601 125.7249[[1]]
          [,1]     [,2]      [,3]     [,4]
[1,] 0.2500717 23.90838 -65.34601 125.7249

[[2]]
[1] 8.036555

GA | iter = 199 | Mean = 5.775255 | Best = 8.036555
0.2500717 23.90838 -65.34601 125.7249[[1]]
          [,1]     [,2]      [,3]     [,4]
[1,] 0.2500717 23.90838 -65.34601 125.7249

[[2]]
[1] 8.036555

GA | iter = 200 | Mean = 5.857527 | Best = 8.036555
0.2500717 23.90838 -65.34601 125.7249[[1]]
          [,1]     [,2]      [,3]     [,4]
[1,] 0.2500717 23.90838 -65.34601 125.7249

[[2]]
[1] 8.036555

GA | iter = 201 | Mean = 6.020464 | Best = 8.036555
0.2500717 23.90838 -65.34601 125.7249[[1]]
          [,1]     [,2]      [,3]     [,4]
[1,] 0.2500717 23.90838 -65.34601 125.7249

[[2]]
[1] 8.036555

GA | iter = 202 | Mean = 5.940521 | Best = 8.036555
0.2500717 23.90838 -65.34601 125.7249[[1]]
          [,1]     [,2]      [,3]     [,4]
[1,] 0.2500717 23.90838 -65.34601 125.7249

[[2]]
[1] 8.036555

GA | iter = 203 | Mean = 5.756120 | Best = 8.036555
0.2500717 23.90838 -65.34601 125.7249[[1]]
          [,1]     [,2]      [,3]     [,4]
[1,] 0.2500717 23.90838 -65.34601 125.7249

[[2]]
[1] 8.036555

GA | iter = 204 | Mean = 6.095916 | Best = 8.036555
0.2469145 23.91124 -65.33365 125.7069[[1]]
          [,1]     [,2]      [,3]     [,4]
[1,] 0.2469145 23.91124 -65.33365 125.7069

[[2]]
[1] 8.036556

GA | iter = 205 | Mean = 5.631700 | Best = 8.036556
0.2469145 23.91124 -65.33365 125.7069[[1]]
          [,1]     [,2]      [,3]     [,4]
[1,] 0.2469145 23.91124 -65.33365 125.7069

[[2]]
[1] 8.036556

GA | iter = 206 | Mean = 6.103994 | Best = 8.036556
0.2469145 23.91124 -65.33365 125.7069[[1]]
          [,1]     [,2]      [,3]     [,4]
[1,] 0.2469145 23.91124 -65.33365 125.7069

[[2]]
[1] 8.036556

GA | iter = 207 | Mean = 5.668508 | Best = 8.036556
0.2469145 23.91124 -65.33365 125.7069[[1]]
          [,1]     [,2]      [,3]     [,4]
[1,] 0.2469145 23.91124 -65.33365 125.7069

[[2]]
[1] 8.036556

GA | iter = 208 | Mean = 6.135607 | Best = 8.036556
0.2469145 23.91124 -65.33365 125.7069[[1]]
          [,1]     [,2]      [,3]     [,4]
[1,] 0.2469145 23.91124 -65.33365 125.7069

[[2]]
[1] 8.036556

GA | iter = 209 | Mean = 5.752293 | Best = 8.036556
0.2469145 23.91124 -65.33365 125.7069[[1]]
          [,1]     [,2]      [,3]     [,4]
[1,] 0.2469145 23.91124 -65.33365 125.7069

[[2]]
[1] 8.036556

GA | iter = 210 | Mean = 5.787438 | Best = 8.036556
0.2469145 23.91124 -65.33365 125.7069[[1]]
          [,1]     [,2]      [,3]     [,4]
[1,] 0.2469145 23.91124 -65.33365 125.7069

[[2]]
[1] 8.036556

GA | iter = 211 | Mean = 5.837235 | Best = 8.036556
0.2469145 23.91124 -65.33365 125.7069[[1]]
          [,1]     [,2]      [,3]     [,4]
[1,] 0.2469145 23.91124 -65.33365 125.7069

[[2]]
[1] 8.036556

GA | iter = 212 | Mean = 6.218951 | Best = 8.036556
0.2469145 23.91124 -65.33365 125.7069[[1]]
          [,1]     [,2]      [,3]     [,4]
[1,] 0.2469145 23.91124 -65.33365 125.7069

[[2]]
[1] 8.036556

GA | iter = 213 | Mean = 5.930870 | Best = 8.036556
0.2469145 23.91124 -65.33365 125.7069[[1]]
          [,1]     [,2]      [,3]     [,4]
[1,] 0.2469145 23.91124 -65.33365 125.7069

[[2]]
[1] 8.036556

GA | iter = 214 | Mean = 6.302126 | Best = 8.036556
0.2469145 23.91124 -65.33365 125.7069[[1]]
          [,1]     [,2]      [,3]     [,4]
[1,] 0.2469145 23.91124 -65.33365 125.7069

[[2]]
[1] 8.036556

GA | iter = 215 | Mean = 5.757886 | Best = 8.036556
0.2469145 23.91124 -65.33365 125.7069[[1]]
          [,1]     [,2]      [,3]     [,4]
[1,] 0.2469145 23.91124 -65.33365 125.7069

[[2]]
[1] 8.036556

GA | iter = 216 | Mean = 5.551636 | Best = 8.036556
0.2469145 23.91124 -65.33365 125.7069[[1]]
          [,1]     [,2]      [,3]     [,4]
[1,] 0.2469145 23.91124 -65.33365 125.7069

[[2]]
[1] 8.036556

GA | iter = 217 | Mean = 6.305344 | Best = 8.036556
0.2469145 23.91124 -65.33365 125.7069[[1]]
          [,1]     [,2]      [,3]     [,4]
[1,] 0.2469145 23.91124 -65.33365 125.7069

[[2]]
[1] 8.036556

GA | iter = 218 | Mean = 5.938614 | Best = 8.036556
0.2469145 23.91124 -65.33365 125.7069[[1]]
          [,1]     [,2]      [,3]     [,4]
[1,] 0.2469145 23.91124 -65.33365 125.7069

[[2]]
[1] 8.036556

GA | iter = 219 | Mean = 5.881573 | Best = 8.036556
0.2469145 23.91124 -65.33365 125.7069[[1]]
          [,1]     [,2]      [,3]     [,4]
[1,] 0.2469145 23.91124 -65.33365 125.7069

[[2]]
[1] 8.036556

GA | iter = 220 | Mean = 5.692931 | Best = 8.036556
0.2502309 23.90878 -65.34474 125.7192[[1]]
          [,1]     [,2]      [,3]     [,4]
[1,] 0.2502309 23.90878 -65.34474 125.7192

[[2]]
[1] 8.036564

GA | iter = 221 | Mean = 5.953802 | Best = 8.036564
0.2502309 23.90878 -65.34474 125.7192[[1]]
          [,1]     [,2]      [,3]     [,4]
[1,] 0.2502309 23.90878 -65.34474 125.7192

[[2]]
[1] 8.036564

GA | iter = 222 | Mean = 5.631647 | Best = 8.036564
0.2502309 23.90878 -65.34474 125.7192[[1]]
          [,1]     [,2]      [,3]     [,4]
[1,] 0.2502309 23.90878 -65.34474 125.7192

[[2]]
[1] 8.036564

GA | iter = 223 | Mean = 6.173179 | Best = 8.036564
0.2502309 23.90878 -65.34474 125.7192[[1]]
          [,1]     [,2]      [,3]     [,4]
[1,] 0.2502309 23.90878 -65.34474 125.7192

[[2]]
[1] 8.036564

GA | iter = 224 | Mean = 5.936791 | Best = 8.036564
0.2502309 23.90878 -65.34474 125.7192[[1]]
          [,1]     [,2]      [,3]     [,4]
[1,] 0.2502309 23.90878 -65.34474 125.7192

[[2]]
[1] 8.036564

GA | iter = 225 | Mean = 5.893981 | Best = 8.036564
0.2502309 23.90878 -65.34474 125.7192[[1]]
          [,1]     [,2]      [,3]     [,4]
[1,] 0.2502309 23.90878 -65.34474 125.7192

[[2]]
[1] 8.036564

GA | iter = 226 | Mean = 5.530232 | Best = 8.036564
0.2502309 23.90878 -65.34474 125.7192[[1]]
          [,1]     [,2]      [,3]     [,4]
[1,] 0.2502309 23.90878 -65.34474 125.7192

[[2]]
[1] 8.036564

GA | iter = 227 | Mean = 5.883856 | Best = 8.036564
0.2502309 23.90878 -65.34474 125.7192[[1]]
          [,1]     [,2]      [,3]     [,4]
[1,] 0.2502309 23.90878 -65.34474 125.7192

[[2]]
[1] 8.036564

GA | iter = 228 | Mean = 5.894382 | Best = 8.036564
slurmstepd: error: *** JOB 28366171 ON cdr2434 CANCELLED AT 2022-03-06T15:47:22 DUE TO TIME LIMIT ***
