========================================================================= 
Log Path: /project/6004331/wanglu57/Project_Plasmodium/log/2022-02-01_ga-si-I-log_ga.log 
Program Path: /project/6004331/wanglu57/Project_Plasmodium/job_scripts/2022-02-01_ga-si-I-log.R 
Working Directory: /project/6004331/wanglu57/Project_Plasmodium/job_scripts 
User Name: wanglu57 
R Version: 4.0.2 (2020-06-22) 
Machine: cdr1520.int.cedar.computecanada.ca x86_64 
Operating System: Linux 3.10.0-1160.36.2.el7.x86_64 #1 SMP Wed Jul 21 11:57:15 UTC 2021 
[1] "Base Packages: parallel stats graphics grDevices utils datasets methods\n               base \nOther Packages: doRNG_1.8.2 rngtools_1.5.2 here_1.0.1 GA_3.2.2 doParallel_1.0.16\n                iterators_1.0.13 foreach_1.5.1 "
Log Start Time: 2022-02-02 09:04:23 
========================================================================= 

[[1]]
          [,1]      [,2]    [,3]      [,4]
[1,] 0.5588249 -48.55132 264.828 -769.3579

[[2]]
[1] 2.920314


NOTE: Log Print Time:  2022-02-02 09:05:37 
NOTE: Elapsed Time in seconds: 1.24236020247142 

[[1]]
          [,1]      [,2]    [,3]      [,4]
[1,] 0.5588249 -48.55132 264.828 -769.3579

[[2]]
[1] 2.920314


NOTE: Log Print Time:  2022-02-02 09:06:34 
NOTE: Elapsed Time in seconds: 56.4435560703278 

[[1]]
           [,1]      [,2]    [,3]     [,4]
[1,] -0.5561582 -65.22609 342.627 -856.201

[[2]]
[1] 3.047479


NOTE: Log Print Time:  2022-02-02 09:07:39 
NOTE: Elapsed Time in seconds: 1.079385638237 

[[1]]
           [,1]     [,2]     [,3]      [,4]
[1,] 0.02301492 -9.58857 43.48053 -103.4012

[[2]]
[1] 5.424367


NOTE: Log Print Time:  2022-02-02 09:08:41 
NOTE: Elapsed Time in seconds: 1.03102319637934 

[[1]]
           [,1]     [,2]     [,3]      [,4]
[1,] 0.02301492 -9.58857 43.48053 -103.4012

[[2]]
[1] 5.424367


NOTE: Log Print Time:  2022-02-02 09:09:48 
NOTE: Elapsed Time in seconds: 1.12786289453506 

[[1]]
           [,1]     [,2]     [,3]      [,4]
[1,] 0.02301492 -9.58857 43.48053 -103.4012

[[2]]
[1] 5.424367


NOTE: Log Print Time:  2022-02-02 09:10:57 
NOTE: Elapsed Time in seconds: 1.14385450283686 

[[1]]
           [,1]     [,2]     [,3]      [,4]
[1,] 0.02301492 -9.58857 43.48053 -103.4012

[[2]]
[1] 5.424367


NOTE: Log Print Time:  2022-02-02 09:12:01 
NOTE: Elapsed Time in seconds: 1.06989758809408 

[[1]]
           [,1]     [,2]     [,3]      [,4]
[1,] 0.02301492 -9.58857 43.48053 -103.4012

[[2]]
[1] 5.424367


NOTE: Log Print Time:  2022-02-02 09:13:01 
NOTE: Elapsed Time in seconds: 59.9947261810303 

[[1]]
           [,1]     [,2]     [,3]      [,4]
[1,] 0.02301492 -9.58857 43.48053 -103.4012

[[2]]
[1] 5.424367


NOTE: Log Print Time:  2022-02-02 09:14:03 
NOTE: Elapsed Time in seconds: 1.03276662429174 

[[1]]
           [,1]     [,2]     [,3]      [,4]
[1,] 0.02301492 -9.58857 43.48053 -103.4012

[[2]]
[1] 5.424367


NOTE: Log Print Time:  2022-02-02 09:15:06 
NOTE: Elapsed Time in seconds: 1.05278702179591 

[[1]]
           [,1]     [,2]     [,3]      [,4]
[1,] 0.02301492 -9.58857 43.48053 -103.4012

[[2]]
[1] 5.424367


NOTE: Log Print Time:  2022-02-02 09:16:13 
NOTE: Elapsed Time in seconds: 1.10588738918304 

[[1]]
           [,1]     [,2]     [,3]      [,4]
[1,] 0.02301492 -9.58857 43.48053 -103.4012

[[2]]
[1] 5.424367


NOTE: Log Print Time:  2022-02-02 09:17:13 
NOTE: Elapsed Time in seconds: 1.00319283008575 

[[1]]
           [,1]     [,2]     [,3]      [,4]
[1,] 0.02301492 -9.58857 43.48053 -103.4012

[[2]]
[1] 5.424367


NOTE: Log Print Time:  2022-02-02 09:18:17 
NOTE: Elapsed Time in seconds: 1.06693339745204 

[[1]]
           [,1]     [,2]     [,3]      [,4]
[1,] 0.02301492 -9.58857 43.48053 -103.4012

[[2]]
[1] 5.424367


NOTE: Log Print Time:  2022-02-02 09:19:23 
NOTE: Elapsed Time in seconds: 1.10196644862493 

[[1]]
           [,1]     [,2]     [,3]      [,4]
[1,] 0.02301492 -9.58857 43.48053 -103.4012

[[2]]
[1] 5.424367


NOTE: Log Print Time:  2022-02-02 09:20:24 
NOTE: Elapsed Time in seconds: 1.02536701758703 

[[1]]
           [,1]     [,2]     [,3]      [,4]
[1,] 0.02301492 -9.58857 43.48053 -103.4012

[[2]]
[1] 5.424367


NOTE: Log Print Time:  2022-02-02 09:21:29 
NOTE: Elapsed Time in seconds: 1.08432159423828 

[[1]]
           [,1]     [,2]     [,3]      [,4]
[1,] 0.02301492 -9.58857 43.48053 -103.4012

[[2]]
[1] 5.424367


NOTE: Log Print Time:  2022-02-02 09:22:40 
NOTE: Elapsed Time in seconds: 1.17669956684113 

[[1]]
           [,1]     [,2]     [,3]      [,4]
[1,] 0.02301492 -9.58857 43.48053 -103.4012

[[2]]
[1] 5.424367


NOTE: Log Print Time:  2022-02-02 09:23:39 
NOTE: Elapsed Time in seconds: 58.7989914417267 

[[1]]
           [,1]     [,2]     [,3]      [,4]
[1,] 0.02301492 -9.58857 43.48053 -103.4012

[[2]]
[1] 5.424367


NOTE: Log Print Time:  2022-02-02 09:24:46 
NOTE: Elapsed Time in seconds: 1.11834701299667 

[[1]]
           [,1]     [,2]     [,3]      [,4]
[1,] 0.02301492 -9.58857 43.48053 -103.4012

[[2]]
[1] 5.424367


NOTE: Log Print Time:  2022-02-02 09:25:46 
NOTE: Elapsed Time in seconds: 1.0068804303805 

[[1]]
           [,1]     [,2]     [,3]      [,4]
[1,] 0.02301492 -9.58857 43.48053 -103.4012

[[2]]
[1] 5.424367


NOTE: Log Print Time:  2022-02-02 09:26:48 
NOTE: Elapsed Time in seconds: 1.03391950130463 

[[1]]
           [,1]     [,2]     [,3]      [,4]
[1,] 0.02301492 -9.58857 43.48053 -103.4012

[[2]]
[1] 5.424367


NOTE: Log Print Time:  2022-02-02 09:27:45 
NOTE: Elapsed Time in seconds: 56.4624004364014 

[[1]]
           [,1]     [,2]     [,3]      [,4]
[1,] 0.02301492 -9.58857 43.48053 -103.4012

[[2]]
[1] 5.424367


NOTE: Log Print Time:  2022-02-02 09:28:43 
NOTE: Elapsed Time in seconds: 57.817791223526 

[[1]]
           [,1]     [,2]     [,3]      [,4]
[1,] 0.02301492 -9.58857 43.48053 -103.4012

[[2]]
[1] 5.424367


NOTE: Log Print Time:  2022-02-02 09:29:41 
NOTE: Elapsed Time in seconds: 58.5914936065674 

[[1]]
           [,1]     [,2]     [,3]      [,4]
[1,] 0.02301492 -9.58857 43.48053 -103.4012

[[2]]
[1] 5.424367


NOTE: Log Print Time:  2022-02-02 09:30:37 
NOTE: Elapsed Time in seconds: 55.5217742919922 

[[1]]
           [,1]     [,2]     [,3]      [,4]
[1,] 0.02301492 -9.58857 43.48053 -103.4012

[[2]]
[1] 5.424367


NOTE: Log Print Time:  2022-02-02 09:31:37 
NOTE: Elapsed Time in seconds: 59.9360301494598 

[[1]]
           [,1]     [,2]     [,3]      [,4]
[1,] 0.02301492 -9.58857 43.48053 -103.4012

[[2]]
[1] 5.424367


NOTE: Log Print Time:  2022-02-02 09:32:31 
NOTE: Elapsed Time in seconds: 54.6790542602539 

[[1]]
           [,1]     [,2]     [,3]      [,4]
[1,] 0.02301492 -9.58857 43.48053 -103.4012

[[2]]
[1] 5.424367


NOTE: Log Print Time:  2022-02-02 09:33:23 
NOTE: Elapsed Time in seconds: 51.4505348205566 

[[1]]
           [,1]     [,2]     [,3]      [,4]
[1,] 0.02301492 -9.58857 43.48053 -103.4012

[[2]]
[1] 5.424367


NOTE: Log Print Time:  2022-02-02 09:34:15 
NOTE: Elapsed Time in seconds: 52.04021692276 

[[1]]
           [,1]     [,2]     [,3]      [,4]
[1,] 0.02301492 -9.58857 43.48053 -103.4012

[[2]]
[1] 5.424367


NOTE: Log Print Time:  2022-02-02 09:35:12 
NOTE: Elapsed Time in seconds: 56.8881099224091 

[[1]]
           [,1]     [,2]     [,3]      [,4]
[1,] 0.02301492 -9.58857 43.48053 -103.4012

[[2]]
[1] 5.424367


NOTE: Log Print Time:  2022-02-02 09:36:12 
NOTE: Elapsed Time in seconds: 1.00261155366898 

[[1]]
          [,1]     [,2]     [,3]      [,4]
[1,] -1.273099 -8.42896 46.46899 -103.9956

[[2]]
[1] 5.447947


NOTE: Log Print Time:  2022-02-02 09:37:02 
NOTE: Elapsed Time in seconds: 50.0517156124115 

[[1]]
          [,1]      [,2]     [,3]      [,4]
[1,] -1.451346 -9.287038 48.04615 -103.4241

[[2]]
[1] 5.537945


NOTE: Log Print Time:  2022-02-02 09:37:55 
NOTE: Elapsed Time in seconds: 52.6665253639221 

[[1]]
          [,1]      [,2]     [,3]      [,4]
[1,] -1.451346 -9.287038 48.04615 -103.4241

[[2]]
[1] 5.537945


NOTE: Log Print Time:  2022-02-02 09:38:49 
NOTE: Elapsed Time in seconds: 54.0175979137421 

[[1]]
          [,1]      [,2]     [,3]      [,4]
[1,] -1.451346 -9.287038 48.04615 -103.4241

[[2]]
[1] 5.537945


NOTE: Log Print Time:  2022-02-02 09:39:44 
NOTE: Elapsed Time in seconds: 55.5542805194855 

[[1]]
          [,1]      [,2]     [,3]      [,4]
[1,] -1.451346 -9.287038 48.04615 -103.4241

[[2]]
[1] 5.537945


NOTE: Log Print Time:  2022-02-02 09:40:42 
NOTE: Elapsed Time in seconds: 57.5440089702606 

[[1]]
          [,1]      [,2]     [,3]      [,4]
[1,] -1.451346 -9.287038 48.04615 -103.4241

[[2]]
[1] 5.537945


NOTE: Log Print Time:  2022-02-02 09:41:49 
NOTE: Elapsed Time in seconds: 1.12848763068517 

[[1]]
          [,1]      [,2]     [,3]      [,4]
[1,] -1.451346 -9.287038 48.04615 -103.4241

[[2]]
[1] 5.537945


NOTE: Log Print Time:  2022-02-02 09:42:43 
NOTE: Elapsed Time in seconds: 53.7506010532379 

[[1]]
          [,1]      [,2]     [,3]      [,4]
[1,] -1.451346 -9.287038 48.04615 -103.4241

[[2]]
[1] 5.537945


NOTE: Log Print Time:  2022-02-02 09:43:32 
NOTE: Elapsed Time in seconds: 48.6687185764313 

[[1]]
          [,1]      [,2]     [,3]      [,4]
[1,] -1.451346 -9.287038 48.04615 -103.4241

[[2]]
[1] 5.537945


NOTE: Log Print Time:  2022-02-02 09:44:24 
NOTE: Elapsed Time in seconds: 51.9225964546204 

[[1]]
          [,1]      [,2]     [,3]      [,4]
[1,] -1.451346 -9.287038 48.04615 -103.4241

[[2]]
[1] 5.537945


NOTE: Log Print Time:  2022-02-02 09:45:42 
NOTE: Elapsed Time in seconds: 1.30216843684514 

[[1]]
          [,1]      [,2]     [,3]      [,4]
[1,] -1.451346 -9.287038 48.04615 -103.4241

[[2]]
[1] 5.537945


NOTE: Log Print Time:  2022-02-02 09:46:31 
NOTE: Elapsed Time in seconds: 48.8393313884735 

[[1]]
          [,1]      [,2]     [,3]      [,4]
[1,] -1.451346 -9.287038 48.04615 -103.4241

[[2]]
[1] 5.537945


NOTE: Log Print Time:  2022-02-02 09:47:28 
NOTE: Elapsed Time in seconds: 57.5985412597656 

[[1]]
          [,1]      [,2]     [,3]      [,4]
[1,] -1.451346 -9.287038 48.04615 -103.4241

[[2]]
[1] 5.537945


NOTE: Log Print Time:  2022-02-02 09:48:33 
NOTE: Elapsed Time in seconds: 1.07766905625661 

[[1]]
          [,1]      [,2]     [,3]      [,4]
[1,] -1.451346 -9.287038 48.04615 -103.4241

[[2]]
[1] 5.537945


NOTE: Log Print Time:  2022-02-02 09:49:30 
NOTE: Elapsed Time in seconds: 57.2155630588531 

[[1]]
          [,1]      [,2]     [,3]      [,4]
[1,] -1.451346 -9.287038 48.04615 -103.4241

[[2]]
[1] 5.537945


NOTE: Log Print Time:  2022-02-02 09:50:25 
NOTE: Elapsed Time in seconds: 54.9729568958282 

[[1]]
          [,1]      [,2]     [,3]      [,4]
[1,] -1.451346 -9.287038 48.04615 -103.4241

[[2]]
[1] 5.537945


NOTE: Log Print Time:  2022-02-02 09:51:17 
NOTE: Elapsed Time in seconds: 51.8661742210388 

[[1]]
          [,1]      [,2]     [,3]      [,4]
[1,] -1.451346 -9.287038 48.04615 -103.4241

[[2]]
[1] 5.537945


NOTE: Log Print Time:  2022-02-02 09:52:22 
NOTE: Elapsed Time in seconds: 1.08274406989415 

[[1]]
          [,1]     [,2]     [,3]      [,4]
[1,] -1.223304 -9.18133 47.23244 -102.3765

[[2]]
[1] 5.545851


NOTE: Log Print Time:  2022-02-02 09:53:12 
NOTE: Elapsed Time in seconds: 50.4520099163055 

[[1]]
          [,1]     [,2]     [,3]      [,4]
[1,] -1.223304 -9.18133 47.23244 -102.3765

[[2]]
[1] 5.545851


NOTE: Log Print Time:  2022-02-02 09:54:01 
NOTE: Elapsed Time in seconds: 48.4859833717346 

[[1]]
          [,1]     [,2]     [,3]      [,4]
[1,] -1.223304 -9.18133 47.23244 -102.3765

[[2]]
[1] 5.545851


NOTE: Log Print Time:  2022-02-02 09:54:52 
NOTE: Elapsed Time in seconds: 51.1376144886017 

[[1]]
          [,1]      [,2]     [,3]      [,4]
[1,] -1.426144 -9.179132 46.41837 -103.4748

[[2]]
[1] 5.547826


NOTE: Log Print Time:  2022-02-02 09:55:41 
NOTE: Elapsed Time in seconds: 49.358419418335 

[[1]]
          [,1]      [,2]     [,3]      [,4]
[1,] -1.426144 -9.179132 46.41837 -103.4748

[[2]]
[1] 5.547826


NOTE: Log Print Time:  2022-02-02 09:56:30 
NOTE: Elapsed Time in seconds: 48.6262772083282 

[[1]]
          [,1]      [,2]     [,3]      [,4]
[1,] -1.426144 -9.179132 46.41837 -103.4748

[[2]]
[1] 5.547826


NOTE: Log Print Time:  2022-02-02 09:57:25 
NOTE: Elapsed Time in seconds: 54.9727611541748 

[[1]]
           [,1]      [,2]     [,3]      [,4]
[1,] -0.5059366 -12.04197 47.23212 -104.7856

[[2]]
[1] 5.603456


NOTE: Log Print Time:  2022-02-02 09:58:13 
NOTE: Elapsed Time in seconds: 48.2411212921143 

[[1]]
           [,1]      [,2]     [,3]      [,4]
[1,] -0.5059366 -12.04197 47.23212 -104.7856

[[2]]
[1] 5.603456


NOTE: Log Print Time:  2022-02-02 09:59:07 
NOTE: Elapsed Time in seconds: 54.0405542850494 

[[1]]
           [,1]      [,2]     [,3]      [,4]
[1,] -0.5059366 -12.04197 47.23212 -104.7856

[[2]]
[1] 5.603456


NOTE: Log Print Time:  2022-02-02 10:00:03 
NOTE: Elapsed Time in seconds: 56.0813534259796 

[[1]]
           [,1]      [,2]     [,3]      [,4]
[1,] -0.5059366 -12.04197 47.23212 -104.7856

[[2]]
[1] 5.603456


NOTE: Log Print Time:  2022-02-02 10:00:57 
NOTE: Elapsed Time in seconds: 54.0179824829102 

[[1]]
           [,1]      [,2]     [,3]      [,4]
[1,] -0.5059366 -12.04197 47.23212 -104.7856

[[2]]
[1] 5.603456


NOTE: Log Print Time:  2022-02-02 10:01:52 
NOTE: Elapsed Time in seconds: 54.4532077312469 

[[1]]
          [,1]      [,2]     [,3]    [,4]
[1,] -2.077375 -8.134751 46.79492 -95.342

[[2]]
[1] 5.612516


NOTE: Log Print Time:  2022-02-02 10:02:42 
NOTE: Elapsed Time in seconds: 49.7703278064728 

[[1]]
          [,1]      [,2]     [,3]    [,4]
[1,] -2.077375 -8.134751 46.79492 -95.342

[[2]]
[1] 5.612516


NOTE: Log Print Time:  2022-02-02 10:03:30 
NOTE: Elapsed Time in seconds: 48.6821455955505 

[[1]]
           [,1]      [,2]     [,3]      [,4]
[1,] -0.5994791 -11.32475 47.09399 -104.6399

[[2]]
[1] 5.612657


NOTE: Log Print Time:  2022-02-02 10:04:23 
NOTE: Elapsed Time in seconds: 52.9334790706635 

[[1]]
           [,1]      [,2]     [,3]      [,4]
[1,] -0.5994791 -11.32475 47.09399 -104.6399

[[2]]
[1] 5.612657


NOTE: Log Print Time:  2022-02-02 10:05:19 
NOTE: Elapsed Time in seconds: 55.2894949913025 

[[1]]
           [,1]      [,2]     [,3]      [,4]
[1,] -0.5994791 -11.32475 47.09399 -104.6399

[[2]]
[1] 5.612657


NOTE: Log Print Time:  2022-02-02 10:06:16 
NOTE: Elapsed Time in seconds: 56.9612007141113 

[[1]]
         [,1]      [,2]     [,3]      [,4]
[1,] -1.32694 -9.275715 46.52054 -97.59587

[[2]]
[1] 5.66917


NOTE: Log Print Time:  2022-02-02 10:07:10 
NOTE: Elapsed Time in seconds: 54.747740983963 

[[1]]
         [,1]      [,2]     [,3]      [,4]
[1,] -1.32694 -9.275715 46.52054 -97.59587

[[2]]
[1] 5.66917


NOTE: Log Print Time:  2022-02-02 10:08:12 
NOTE: Elapsed Time in seconds: 1.03644938866297 

[[1]]
         [,1]      [,2]     [,3]      [,4]
[1,] -1.32694 -9.275715 46.52054 -97.59587

[[2]]
[1] 5.66917


NOTE: Log Print Time:  2022-02-02 10:09:09 
NOTE: Elapsed Time in seconds: 56.0446672439575 

[[1]]
         [,1]      [,2]     [,3]      [,4]
[1,] -1.32694 -9.275715 46.52054 -97.59587

[[2]]
[1] 5.66917


NOTE: Log Print Time:  2022-02-02 10:10:04 
NOTE: Elapsed Time in seconds: 55.4406042098999 

[[1]]
         [,1]      [,2]     [,3]      [,4]
[1,] -1.32694 -9.275715 46.52054 -97.59587

[[2]]
[1] 5.66917


NOTE: Log Print Time:  2022-02-02 10:10:54 
NOTE: Elapsed Time in seconds: 50.0705037117004 

[[1]]
         [,1]      [,2]     [,3]      [,4]
[1,] -1.32694 -9.275715 46.52054 -97.59587

[[2]]
[1] 5.66917


NOTE: Log Print Time:  2022-02-02 10:11:44 
NOTE: Elapsed Time in seconds: 49.6223306655884 

[[1]]
         [,1]      [,2]     [,3]      [,4]
[1,] -1.32694 -9.275715 46.52054 -97.59587

[[2]]
[1] 5.66917


NOTE: Log Print Time:  2022-02-02 10:12:42 
NOTE: Elapsed Time in seconds: 58.6496987342834 

[[1]]
          [,1]      [,2]     [,3]      [,4]
[1,] -1.034373 -10.46792 46.80875 -97.40249

[[2]]
[1] 5.687846


NOTE: Log Print Time:  2022-02-02 10:13:34 
NOTE: Elapsed Time in seconds: 51.4312334060669 

[[1]]
          [,1]      [,2]     [,3]      [,4]
[1,] -1.034373 -10.46792 46.80875 -97.40249

[[2]]
[1] 5.687846


NOTE: Log Print Time:  2022-02-02 10:14:23 
NOTE: Elapsed Time in seconds: 49.0396919250488 

[[1]]
          [,1]      [,2]     [,3]      [,4]
[1,] -1.034373 -10.46792 46.80875 -97.40249

[[2]]
[1] 5.687846


NOTE: Log Print Time:  2022-02-02 10:15:12 
NOTE: Elapsed Time in seconds: 49.5018615722656 

[[1]]
          [,1]      [,2]     [,3]      [,4]
[1,] -1.034373 -10.46792 46.80875 -97.40249

[[2]]
[1] 5.687846


NOTE: Log Print Time:  2022-02-02 10:16:09 
NOTE: Elapsed Time in seconds: 57.0862007141113 

[[1]]
          [,1]      [,2]     [,3]      [,4]
[1,] -1.034373 -10.46792 46.80875 -97.40249

[[2]]
[1] 5.687846


NOTE: Log Print Time:  2022-02-02 10:16:58 
NOTE: Elapsed Time in seconds: 49.0871322154999 

[[1]]
          [,1]      [,2]     [,3]      [,4]
[1,] -1.034373 -10.46792 46.80875 -97.40249

[[2]]
[1] 5.687846


NOTE: Log Print Time:  2022-02-02 10:17:48 
NOTE: Elapsed Time in seconds: 49.3916020393372 

[[1]]
          [,1]      [,2]     [,3]      [,4]
[1,] -1.034373 -10.46792 46.80875 -97.40249

[[2]]
[1] 5.687846


NOTE: Log Print Time:  2022-02-02 10:18:40 
NOTE: Elapsed Time in seconds: 52.0444979667664 

[[1]]
          [,1]      [,2]     [,3]      [,4]
[1,] -1.034373 -10.46792 46.80875 -97.40249

[[2]]
[1] 5.687846


NOTE: Log Print Time:  2022-02-02 10:19:38 
NOTE: Elapsed Time in seconds: 57.6812605857849 

[[1]]
          [,1]      [,2]     [,3]      [,4]
[1,] -1.034373 -10.46792 46.80875 -97.40249

[[2]]
[1] 5.687846


NOTE: Log Print Time:  2022-02-02 10:20:33 
NOTE: Elapsed Time in seconds: 55.0356547832489 

[[1]]
          [,1]      [,2]     [,3]      [,4]
[1,] -1.034373 -10.46792 46.80875 -97.40249

[[2]]
[1] 5.687846


NOTE: Log Print Time:  2022-02-02 10:21:25 
NOTE: Elapsed Time in seconds: 52.2432029247284 

[[1]]
          [,1]      [,2]     [,3]      [,4]
[1,] -1.034373 -10.46792 46.80875 -97.40249

[[2]]
[1] 5.687846


NOTE: Log Print Time:  2022-02-02 10:22:18 
NOTE: Elapsed Time in seconds: 53.1370587348938 

[[1]]
          [,1]      [,2]     [,3]      [,4]
[1,] -1.034373 -10.46792 46.80875 -97.40249

[[2]]
[1] 5.687846


NOTE: Log Print Time:  2022-02-02 10:23:11 
NOTE: Elapsed Time in seconds: 52.6709051132202 

[[1]]
          [,1]      [,2]     [,3]      [,4]
[1,] -1.034373 -10.46792 46.80875 -97.40249

[[2]]
[1] 5.687846


NOTE: Log Print Time:  2022-02-02 10:24:03 
NOTE: Elapsed Time in seconds: 52.3358249664307 

[[1]]
          [,1]      [,2]     [,3]      [,4]
[1,] -1.034373 -10.46792 46.80875 -97.40249

[[2]]
[1] 5.687846


NOTE: Log Print Time:  2022-02-02 10:24:54 
NOTE: Elapsed Time in seconds: 51.3084383010864 

[[1]]
          [,1]      [,2]     [,3]      [,4]
[1,] -1.034373 -10.46792 46.80875 -97.40249

[[2]]
[1] 5.687846


NOTE: Log Print Time:  2022-02-02 10:25:44 
NOTE: Elapsed Time in seconds: 49.8926146030426 

[[1]]
          [,1]     [,2]     [,3]     [,4]
[1,] -1.049716 -10.3533 46.81332 -98.0012

[[2]]
[1] 5.689342


NOTE: Log Print Time:  2022-02-02 10:26:35 
NOTE: Elapsed Time in seconds: 51.2575464248657 

[[1]]
          [,1]     [,2]     [,3]     [,4]
[1,] -1.049716 -10.3533 46.81332 -98.0012

[[2]]
[1] 5.689342


NOTE: Log Print Time:  2022-02-02 10:27:25 
NOTE: Elapsed Time in seconds: 49.2554364204407 

[[1]]
          [,1]      [,2]     [,3]      [,4]
[1,] -1.032787 -10.19705 46.52923 -99.23857

[[2]]
[1] 5.695643


NOTE: Log Print Time:  2022-02-02 10:28:21 
NOTE: Elapsed Time in seconds: 56.081134557724 

[[1]]
          [,1]      [,2]     [,3]      [,4]
[1,] -1.032787 -10.19705 46.52923 -99.23857

[[2]]
[1] 5.695643


NOTE: Log Print Time:  2022-02-02 10:29:10 
NOTE: Elapsed Time in seconds: 49.2046914100647 

[[1]]
          [,1]      [,2]     [,3]      [,4]
[1,] -1.032787 -10.19705 46.52923 -99.23857

[[2]]
[1] 5.695643


NOTE: Log Print Time:  2022-02-02 10:30:00 
NOTE: Elapsed Time in seconds: 50.0934691429138 

[[1]]
           [,1]      [,2]     [,3]     [,4]
[1,] 0.09346019 -12.73676 46.76974 -100.141

[[2]]
[1] 5.751696


NOTE: Log Print Time:  2022-02-02 10:30:53 
NOTE: Elapsed Time in seconds: 52.4289419651031 

[[1]]
           [,1]      [,2]     [,3]     [,4]
[1,] 0.09346019 -12.73676 46.76974 -100.141

[[2]]
[1] 5.751696


NOTE: Log Print Time:  2022-02-02 10:31:52 
NOTE: Elapsed Time in seconds: 59.5122134685516 

[[1]]
           [,1]      [,2]     [,3]     [,4]
[1,] 0.09346019 -12.73676 46.76974 -100.141

[[2]]
[1] 5.751696


NOTE: Log Print Time:  2022-02-02 10:32:41 
NOTE: Elapsed Time in seconds: 49.3764243125916 

[[1]]
           [,1]      [,2]     [,3]     [,4]
[1,] 0.09346019 -12.73676 46.76974 -100.141

[[2]]
[1] 5.751696


NOTE: Log Print Time:  2022-02-02 10:33:42 
NOTE: Elapsed Time in seconds: 1.00248603820801 

[[1]]
           [,1]      [,2]     [,3]     [,4]
[1,] 0.09346019 -12.73676 46.76974 -100.141

[[2]]
[1] 5.751696


NOTE: Log Print Time:  2022-02-02 10:34:32 
NOTE: Elapsed Time in seconds: 50.5609793663025 

[[1]]
           [,1]      [,2]     [,3]     [,4]
[1,] 0.09346019 -12.73676 46.76974 -100.141

[[2]]
[1] 5.751696


NOTE: Log Print Time:  2022-02-02 10:35:28 
NOTE: Elapsed Time in seconds: 55.4549775123596 

[[1]]
           [,1]      [,2]     [,3]     [,4]
[1,] 0.09346019 -12.73676 46.76974 -100.141

[[2]]
[1] 5.751696


NOTE: Log Print Time:  2022-02-02 10:36:15 
NOTE: Elapsed Time in seconds: 47.8241865634918 

[[1]]
           [,1]      [,2]     [,3]     [,4]
[1,] 0.09346019 -12.73676 46.76974 -100.141

[[2]]
[1] 5.751696


NOTE: Log Print Time:  2022-02-02 10:37:10 
NOTE: Elapsed Time in seconds: 54.6041855812073 

[[1]]
           [,1]      [,2]     [,3]     [,4]
[1,] 0.09346019 -12.73676 46.76974 -100.141

[[2]]
[1] 5.751696


NOTE: Log Print Time:  2022-02-02 10:37:59 
NOTE: Elapsed Time in seconds: 49.3187816143036 

[[1]]
           [,1]      [,2]     [,3]     [,4]
[1,] 0.09346019 -12.73676 46.76974 -100.141

[[2]]
[1] 5.751696


NOTE: Log Print Time:  2022-02-02 10:38:48 
NOTE: Elapsed Time in seconds: 48.7132966518402 

[[1]]
           [,1]      [,2]     [,3]     [,4]
[1,] 0.09346019 -12.73676 46.76974 -100.141

[[2]]
[1] 5.751696


NOTE: Log Print Time:  2022-02-02 10:39:37 
NOTE: Elapsed Time in seconds: 49.4279482364655 

[[1]]
           [,1]      [,2]     [,3]     [,4]
[1,] 0.09346019 -12.73676 46.76974 -100.141

[[2]]
[1] 5.751696


NOTE: Log Print Time:  2022-02-02 10:40:27 
NOTE: Elapsed Time in seconds: 49.2856712341309 

[[1]]
           [,1]      [,2]     [,3]     [,4]
[1,] 0.09346019 -12.73676 46.76974 -100.141

[[2]]
[1] 5.751696


NOTE: Log Print Time:  2022-02-02 10:41:20 
NOTE: Elapsed Time in seconds: 52.7647042274475 

[[1]]
           [,1]      [,2]     [,3]     [,4]
[1,] 0.09346019 -12.73676 46.76974 -100.141

[[2]]
[1] 5.751696


NOTE: Log Print Time:  2022-02-02 10:42:14 
NOTE: Elapsed Time in seconds: 54.0883495807648 

[[1]]
           [,1]      [,2]     [,3]     [,4]
[1,] 0.09346019 -12.73676 46.76974 -100.141

[[2]]
[1] 5.751696


NOTE: Log Print Time:  2022-02-02 10:43:05 
NOTE: Elapsed Time in seconds: 51.6257312297821 

[[1]]
           [,1]      [,2]     [,3]     [,4]
[1,] 0.09346019 -12.73676 46.76974 -100.141

[[2]]
[1] 5.751696


NOTE: Log Print Time:  2022-02-02 10:43:57 
NOTE: Elapsed Time in seconds: 51.9487121105194 

[[1]]
           [,1]      [,2]     [,3]      [,4]
[1,] -0.5803097 -11.07084 45.10016 -99.49628

[[2]]
[1] 5.775074


NOTE: Log Print Time:  2022-02-02 10:44:52 
NOTE: Elapsed Time in seconds: 54.8394124507904 

[[1]]
           [,1]      [,2]     [,3]      [,4]
[1,] -0.5803097 -11.07084 45.10016 -99.49628

[[2]]
[1] 5.775074


NOTE: Log Print Time:  2022-02-02 10:46:25 
NOTE: Elapsed Time in seconds: 1.54460718631744 

[[1]]
           [,1]      [,2]     [,3]      [,4]
[1,] -0.5803097 -11.07084 45.10016 -99.49628

[[2]]
[1] 5.775074


NOTE: Log Print Time:  2022-02-02 10:47:53 
NOTE: Elapsed Time in seconds: 1.47100187540054 

[[1]]
           [,1]      [,2]     [,3]      [,4]
[1,] -0.5803097 -11.07084 45.10016 -99.49628

[[2]]
[1] 5.775074


NOTE: Log Print Time:  2022-02-02 10:48:44 
NOTE: Elapsed Time in seconds: 51.1438913345337 

[[1]]
           [,1]      [,2]     [,3]      [,4]
[1,] -0.5803097 -11.07084 45.10016 -99.49628

[[2]]
[1] 5.775074


NOTE: Log Print Time:  2022-02-02 10:49:39 
NOTE: Elapsed Time in seconds: 54.8891673088074 

[[1]]
           [,1]      [,2]     [,3]      [,4]
[1,] -0.5803097 -11.07084 45.10016 -99.49628

[[2]]
[1] 5.775074


NOTE: Log Print Time:  2022-02-02 10:50:27 
NOTE: Elapsed Time in seconds: 48.3110244274139 

[[1]]
           [,1]      [,2]     [,3]      [,4]
[1,] -0.5803097 -11.07084 45.10016 -99.49628

[[2]]
[1] 5.775074


NOTE: Log Print Time:  2022-02-02 10:51:16 
NOTE: Elapsed Time in seconds: 48.6261386871338 

[[1]]
           [,1]      [,2]     [,3]      [,4]
[1,] -0.2733636 -11.83235 45.35486 -99.70528

[[2]]
[1] 5.79919


NOTE: Log Print Time:  2022-02-02 10:52:09 
NOTE: Elapsed Time in seconds: 53.4844148159027 

[[1]]
           [,1]      [,2]     [,3]      [,4]
[1,] -0.2733636 -11.83235 45.35486 -99.70528

[[2]]
[1] 5.79919


NOTE: Log Print Time:  2022-02-02 10:53:04 
NOTE: Elapsed Time in seconds: 54.5008690357208 

[[1]]
           [,1]      [,2]     [,3]      [,4]
[1,] -0.2733636 -11.83235 45.35486 -99.70528

[[2]]
[1] 5.79919


NOTE: Log Print Time:  2022-02-02 10:53:59 
NOTE: Elapsed Time in seconds: 55.1800029277802 

[[1]]
           [,1]      [,2]     [,3]      [,4]
[1,] -0.2733636 -11.83235 45.35486 -99.70528

[[2]]
[1] 5.79919


NOTE: Log Print Time:  2022-02-02 10:54:53 
NOTE: Elapsed Time in seconds: 54.0895991325378 

[[1]]
           [,1]      [,2]     [,3]      [,4]
[1,] -0.2733636 -11.83235 45.35486 -99.70528

[[2]]
[1] 5.79919


NOTE: Log Print Time:  2022-02-02 10:55:48 
NOTE: Elapsed Time in seconds: 54.4285864830017 

[[1]]
           [,1]      [,2]    [,3]      [,4]
[1,] -0.2465084 -11.69052 45.3477 -99.35107

[[2]]
[1] 5.799907


NOTE: Log Print Time:  2022-02-02 10:56:36 
NOTE: Elapsed Time in seconds: 48.3970675468445 

[[1]]
           [,1]      [,2]    [,3]      [,4]
[1,] -0.2465084 -11.69052 45.3477 -99.35107

[[2]]
[1] 5.799907


NOTE: Log Print Time:  2022-02-02 10:57:31 
NOTE: Elapsed Time in seconds: 54.9056303501129 

[[1]]
           [,1]      [,2]    [,3]      [,4]
[1,] -0.2465084 -11.69052 45.3477 -99.35107

[[2]]
[1] 5.799907


NOTE: Log Print Time:  2022-02-02 10:58:23 
NOTE: Elapsed Time in seconds: 52.1757571697235 

[[1]]
           [,1]      [,2]    [,3]      [,4]
[1,] -0.2465084 -11.69052 45.3477 -99.35107

[[2]]
[1] 5.799907


NOTE: Log Print Time:  2022-02-02 10:59:11 
NOTE: Elapsed Time in seconds: 47.983035326004 

[[1]]
           [,1]      [,2]    [,3]      [,4]
[1,] -0.2465084 -11.69052 45.3477 -99.35107

[[2]]
[1] 5.799907


NOTE: Log Print Time:  2022-02-02 11:00:00 
NOTE: Elapsed Time in seconds: 48.8978002071381 

[[1]]
           [,1]      [,2]    [,3]      [,4]
[1,] -0.2465084 -11.69052 45.3477 -99.35107

[[2]]
[1] 5.799907


NOTE: Log Print Time:  2022-02-02 11:00:51 
NOTE: Elapsed Time in seconds: 51.0478353500366 

[[1]]
         [,1]      [,2]     [,3]      [,4]
[1,] 1.549677 -16.31801 45.89546 -99.28585

[[2]]
[1] 5.925545


NOTE: Log Print Time:  2022-02-02 11:01:52 
NOTE: Elapsed Time in seconds: 1.01337887048721 

[[1]]
         [,1]      [,2]     [,3]      [,4]
[1,] 1.549677 -16.31801 45.89546 -99.28585

[[2]]
[1] 5.925545


NOTE: Log Print Time:  2022-02-02 11:02:49 
NOTE: Elapsed Time in seconds: 57.4024226665497 

[[1]]
         [,1]      [,2]     [,3]      [,4]
[1,] 1.549677 -16.31801 45.89546 -99.28585

[[2]]
[1] 5.925545


NOTE: Log Print Time:  2022-02-02 11:03:41 
NOTE: Elapsed Time in seconds: 51.6941323280334 

[[1]]
         [,1]      [,2]     [,3]      [,4]
[1,] 1.549677 -16.31801 45.89546 -99.28585

[[2]]
[1] 5.925545


NOTE: Log Print Time:  2022-02-02 11:04:34 
NOTE: Elapsed Time in seconds: 53.1068828105927 

[[1]]
         [,1]      [,2]     [,3]      [,4]
[1,] 1.549677 -16.31801 45.89546 -99.28585

[[2]]
[1] 5.925545


NOTE: Log Print Time:  2022-02-02 11:05:23 
NOTE: Elapsed Time in seconds: 49.1423292160034 

[[1]]
         [,1]      [,2]     [,3]      [,4]
[1,] 1.549677 -16.31801 45.89546 -99.28585

[[2]]
[1] 5.925545


NOTE: Log Print Time:  2022-02-02 11:06:12 
NOTE: Elapsed Time in seconds: 48.6812372207642 

[[1]]
         [,1]      [,2]     [,3]      [,4]
[1,] 1.549677 -16.31801 45.89546 -99.28585

[[2]]
[1] 5.925545


NOTE: Log Print Time:  2022-02-02 11:07:28 
NOTE: Elapsed Time in seconds: 1.27212358315786 

[[1]]
         [,1]      [,2]     [,3]      [,4]
[1,] 1.549677 -16.31801 45.89546 -99.28585

[[2]]
[1] 5.925545


NOTE: Log Print Time:  2022-02-02 11:08:24 
NOTE: Elapsed Time in seconds: 55.678130865097 

[[1]]
         [,1]      [,2]     [,3]      [,4]
[1,] 1.549677 -16.31801 45.89546 -99.28585

[[2]]
[1] 5.925545


NOTE: Log Print Time:  2022-02-02 11:09:18 
NOTE: Elapsed Time in seconds: 54.4801161289215 

[[1]]
        [,1]      [,2]     [,3]      [,4]
[1,] 1.77796 -17.00244 45.64251 -98.47839

[[2]]
[1] 5.931726


NOTE: Log Print Time:  2022-02-02 11:10:08 
NOTE: Elapsed Time in seconds: 49.844927072525 

[[1]]
        [,1]      [,2]     [,3]      [,4]
[1,] 1.77796 -17.00244 45.64251 -98.47839

[[2]]
[1] 5.931726


NOTE: Log Print Time:  2022-02-02 11:11:07 
NOTE: Elapsed Time in seconds: 58.780158996582 

[[1]]
        [,1]      [,2]     [,3]      [,4]
[1,] 1.77796 -17.00244 45.64251 -98.47839

[[2]]
[1] 5.931726


NOTE: Log Print Time:  2022-02-02 11:12:05 
NOTE: Elapsed Time in seconds: 58.0791039466858 

[[1]]
        [,1]      [,2]     [,3]      [,4]
[1,] 1.77796 -17.00244 45.64251 -98.47839

[[2]]
[1] 5.931726


NOTE: Log Print Time:  2022-02-02 11:12:59 
NOTE: Elapsed Time in seconds: 53.9082732200623 

[[1]]
        [,1]      [,2]     [,3]      [,4]
[1,] 1.77796 -17.00244 45.64251 -98.47839

[[2]]
[1] 5.931726


NOTE: Log Print Time:  2022-02-02 11:13:53 
NOTE: Elapsed Time in seconds: 54.1552851200104 

[[1]]
         [,1]      [,2]     [,3]      [,4]
[1,] 1.949598 -16.91273 45.80129 -98.59063

[[2]]
[1] 5.9387


NOTE: Log Print Time:  2022-02-02 11:14:45 
NOTE: Elapsed Time in seconds: 51.9433856010437 

[[1]]
         [,1]      [,2]     [,3]      [,4]
[1,] 1.949598 -16.91273 45.80129 -98.59063

[[2]]
[1] 5.9387


NOTE: Log Print Time:  2022-02-02 11:15:46 
NOTE: Elapsed Time in seconds: 1.01366161108017 

[[1]]
         [,1]      [,2]     [,3]      [,4]
[1,] 1.949598 -16.91273 45.80129 -98.59063

[[2]]
[1] 5.9387


NOTE: Log Print Time:  2022-02-02 11:16:38 
NOTE: Elapsed Time in seconds: 52.5849471092224 

[[1]]
         [,1]      [,2]     [,3]      [,4]
[1,] 1.949598 -16.91273 45.80129 -98.59063

[[2]]
[1] 5.9387


NOTE: Log Print Time:  2022-02-02 11:17:35 
NOTE: Elapsed Time in seconds: 56.2657110691071 

[[1]]
         [,1]      [,2]     [,3]      [,4]
[1,] 1.949598 -16.91273 45.80129 -98.59063

[[2]]
[1] 5.9387


NOTE: Log Print Time:  2022-02-02 11:18:30 
NOTE: Elapsed Time in seconds: 55.0487320423126 

[[1]]
        [,1]      [,2]     [,3]      [,4]
[1,] 1.52711 -16.06778 45.63296 -98.75928

[[2]]
[1] 5.943805


NOTE: Log Print Time:  2022-02-02 11:19:33 
NOTE: Elapsed Time in seconds: 1.0587195277214 

[[1]]
        [,1]      [,2]     [,3]      [,4]
[1,] 1.52711 -16.06778 45.63296 -98.75928

[[2]]
[1] 5.943805


NOTE: Log Print Time:  2022-02-02 11:20:27 
NOTE: Elapsed Time in seconds: 53.3073546886444 

[[1]]
        [,1]      [,2]     [,3]      [,4]
[1,] 1.52711 -16.06778 45.63296 -98.75928

[[2]]
[1] 5.943805


NOTE: Log Print Time:  2022-02-02 11:21:35 
NOTE: Elapsed Time in seconds: 1.1431412935257 

[[1]]
        [,1]      [,2]     [,3]      [,4]
[1,] 1.52711 -16.06778 45.63296 -98.75928

[[2]]
[1] 5.943805


NOTE: Log Print Time:  2022-02-02 11:22:39 
NOTE: Elapsed Time in seconds: 1.06650344928106 

[[1]]
        [,1]      [,2]     [,3]      [,4]
[1,] 1.52711 -16.06778 45.63296 -98.75928

[[2]]
[1] 5.943805


NOTE: Log Print Time:  2022-02-02 11:23:37 
NOTE: Elapsed Time in seconds: 58.212301492691 

[[1]]
        [,1]      [,2]     [,3]      [,4]
[1,] 1.52711 -16.06778 45.63296 -98.75928

[[2]]
[1] 5.943805


NOTE: Log Print Time:  2022-02-02 11:24:29 
NOTE: Elapsed Time in seconds: 51.9228262901306 

[[1]]
         [,1]      [,2]     [,3]     [,4]
[1,] 1.210803 -14.40683 42.43841 -98.5685

[[2]]
[1] 5.987201


NOTE: Log Print Time:  2022-02-02 11:25:21 
NOTE: Elapsed Time in seconds: 52.1499266624451 

[[1]]
         [,1]      [,2]     [,3]     [,4]
[1,] 1.310824 -14.35978 42.55191 -98.6096

[[2]]
[1] 6.032511


NOTE: Log Print Time:  2022-02-02 11:26:39 
NOTE: Elapsed Time in seconds: 1.30032300154368 

[[1]]
         [,1]      [,2]     [,3]     [,4]
[1,] 1.310824 -14.35978 42.55191 -98.6096

[[2]]
[1] 6.032511


NOTE: Log Print Time:  2022-02-02 11:27:32 
NOTE: Elapsed Time in seconds: 52.1138029098511 

[[1]]
         [,1]      [,2]     [,3]     [,4]
[1,] 1.310824 -14.35978 42.55191 -98.6096

[[2]]
[1] 6.032511


NOTE: Log Print Time:  2022-02-02 11:28:21 
NOTE: Elapsed Time in seconds: 49.2834522724152 

[[1]]
         [,1]      [,2]     [,3]      [,4]
[1,] 1.894558 -16.52175 44.75707 -98.58052

[[2]]
[1] 6.032853


NOTE: Log Print Time:  2022-02-02 11:29:11 
NOTE: Elapsed Time in seconds: 49.9567446708679 

[[1]]
         [,1]      [,2]     [,3]      [,4]
[1,] 1.894558 -16.52175 44.75707 -98.58052

[[2]]
[1] 6.032853


NOTE: Log Print Time:  2022-02-02 11:30:05 
NOTE: Elapsed Time in seconds: 53.9159364700317 

[[1]]
         [,1]      [,2]     [,3]      [,4]
[1,] 1.306738 -15.00983 43.72553 -98.58196

[[2]]
[1] 6.033751


NOTE: Log Print Time:  2022-02-02 11:31:00 
NOTE: Elapsed Time in seconds: 55.470516204834 

[[1]]
         [,1]      [,2]     [,3]      [,4]
[1,] 1.393624 -15.09327 43.44545 -98.67586

[[2]]
[1] 6.045542


NOTE: Log Print Time:  2022-02-02 11:31:50 
NOTE: Elapsed Time in seconds: 49.9591252803802 

[[1]]
         [,1]      [,2]     [,3]      [,4]
[1,] 1.393624 -15.09327 43.44545 -98.67586

[[2]]
[1] 6.045542


NOTE: Log Print Time:  2022-02-02 11:32:46 
NOTE: Elapsed Time in seconds: 55.9886445999146 

[[1]]
         [,1]      [,2]     [,3]      [,4]
[1,] 1.393624 -15.09327 43.44545 -98.67586

[[2]]
[1] 6.045542


NOTE: Log Print Time:  2022-02-02 11:33:54 
NOTE: Elapsed Time in seconds: 1.13210081656774 

[[1]]
         [,1]      [,2]     [,3]      [,4]
[1,] 1.393624 -15.09327 43.44545 -98.67586

[[2]]
[1] 6.045542


NOTE: Log Print Time:  2022-02-02 11:34:52 
NOTE: Elapsed Time in seconds: 58.4154994487762 

[[1]]
         [,1]      [,2]     [,3]      [,4]
[1,] 1.368837 -14.86345 43.29128 -98.64563

[[2]]
[1] 6.045738


NOTE: Log Print Time:  2022-02-02 11:35:48 
NOTE: Elapsed Time in seconds: 55.8293635845184 

[[1]]
         [,1]      [,2]     [,3]      [,4]
[1,] 1.368837 -14.86345 43.29128 -98.64563

[[2]]
[1] 6.045738


NOTE: Log Print Time:  2022-02-02 11:36:37 
NOTE: Elapsed Time in seconds: 48.3687515258789 

[[1]]
         [,1]      [,2]     [,3]      [,4]
[1,] 1.832381 -15.97701 43.87571 -98.56327

[[2]]
[1] 6.069868


NOTE: Log Print Time:  2022-02-02 11:37:25 
NOTE: Elapsed Time in seconds: 48.4819869995117 

[[1]]
         [,1]      [,2]     [,3]      [,4]
[1,] 1.832381 -15.97701 43.87571 -98.56327

[[2]]
[1] 6.069868


NOTE: Log Print Time:  2022-02-02 11:38:21 
NOTE: Elapsed Time in seconds: 55.7611367702484 

[[1]]
         [,1]      [,2]     [,3]      [,4]
[1,] 1.832381 -15.97701 43.87571 -98.56327

[[2]]
[1] 6.069868


NOTE: Log Print Time:  2022-02-02 11:39:09 
NOTE: Elapsed Time in seconds: 47.989990234375 

[[1]]
         [,1]      [,2]     [,3]      [,4]
[1,] 1.832381 -15.97701 43.87571 -98.56327

[[2]]
[1] 6.069868


NOTE: Log Print Time:  2022-02-02 11:40:06 
NOTE: Elapsed Time in seconds: 57.0031757354736 

[[1]]
         [,1]      [,2]     [,3]      [,4]
[1,] 1.832381 -15.97701 43.87571 -98.56327

[[2]]
[1] 6.069868


NOTE: Log Print Time:  2022-02-02 11:40:57 
NOTE: Elapsed Time in seconds: 50.7027502059937 

[[1]]
         [,1]      [,2]     [,3]      [,4]
[1,] 1.832381 -15.97701 43.87571 -98.56327

[[2]]
[1] 6.069868


NOTE: Log Print Time:  2022-02-02 11:42:13 
NOTE: Elapsed Time in seconds: 1.27307078440984 

[[1]]
         [,1]      [,2]     [,3]      [,4]
[1,] 1.832381 -15.97701 43.87571 -98.56327

[[2]]
[1] 6.069868


NOTE: Log Print Time:  2022-02-02 11:43:03 
NOTE: Elapsed Time in seconds: 49.8050072193146 

[[1]]
         [,1]      [,2]     [,3]      [,4]
[1,] 1.832381 -15.97701 43.87571 -98.56327

[[2]]
[1] 6.069868


NOTE: Log Print Time:  2022-02-02 11:43:54 
NOTE: Elapsed Time in seconds: 51.4417798519135 

[[1]]
         [,1]      [,2]     [,3]      [,4]
[1,] 1.832381 -15.97701 43.87571 -98.56327

[[2]]
[1] 6.069868


NOTE: Log Print Time:  2022-02-02 11:44:43 
NOTE: Elapsed Time in seconds: 48.5559375286102 

[[1]]
         [,1]      [,2]     [,3]      [,4]
[1,] 1.832381 -15.97701 43.87571 -98.56327

[[2]]
[1] 6.069868


NOTE: Log Print Time:  2022-02-02 11:45:38 
NOTE: Elapsed Time in seconds: 55.1739139556885 

[[1]]
         [,1]      [,2]     [,3]      [,4]
[1,] 1.668818 -15.70697 43.86505 -98.06589

[[2]]
[1] 6.070993


NOTE: Log Print Time:  2022-02-02 11:46:27 
NOTE: Elapsed Time in seconds: 48.5832571983337 

[[1]]
        [,1]      [,2]     [,3]      [,4]
[1,] 1.60344 -15.51575 43.72926 -97.36569

[[2]]
[1] 6.07881


NOTE: Log Print Time:  2022-02-02 11:47:35 
NOTE: Elapsed Time in seconds: 1.1329575975736 

[[1]]
        [,1]      [,2]     [,3]      [,4]
[1,] 1.60344 -15.51575 43.72926 -97.36569

[[2]]
[1] 6.07881


NOTE: Log Print Time:  2022-02-02 11:48:36 
NOTE: Elapsed Time in seconds: 1.02862488428752 

[[1]]
         [,1]      [,2]     [,3]      [,4]
[1,] 1.618084 -15.65943 43.85713 -96.72785

[[2]]
[1] 6.081119


NOTE: Log Print Time:  2022-02-02 11:50:02 
NOTE: Elapsed Time in seconds: 1.43685565392176 

[[1]]
         [,1]      [,2]     [,3]      [,4]
[1,] 1.618084 -15.65943 43.85713 -96.72785

[[2]]
[1] 6.081119


NOTE: Log Print Time:  2022-02-02 11:50:51 
NOTE: Elapsed Time in seconds: 48.5383939743042 

[[1]]
         [,1]      [,2]     [,3]      [,4]
[1,] 1.618084 -15.65943 43.85713 -96.72785

[[2]]
[1] 6.081119


NOTE: Log Print Time:  2022-02-02 11:51:40 
NOTE: Elapsed Time in seconds: 49.2803387641907 

[[1]]
         [,1]      [,2]     [,3]      [,4]
[1,] 1.618084 -15.65943 43.85713 -96.72785

[[2]]
[1] 6.081119


NOTE: Log Print Time:  2022-02-02 11:52:29 
NOTE: Elapsed Time in seconds: 48.5924007892609 

[[1]]
         [,1]      [,2]     [,3]      [,4]
[1,] 1.618084 -15.65943 43.85713 -96.72785

[[2]]
[1] 6.081119


NOTE: Log Print Time:  2022-02-02 11:53:18 
NOTE: Elapsed Time in seconds: 49.5888538360596 

[[1]]
         [,1]      [,2]     [,3]      [,4]
[1,] 1.618084 -15.65943 43.85713 -96.72785

[[2]]
[1] 6.081119


NOTE: Log Print Time:  2022-02-02 11:54:08 
NOTE: Elapsed Time in seconds: 49.1484594345093 

[[1]]
         [,1]      [,2]     [,3]      [,4]
[1,] 1.581187 -15.50316 42.97008 -97.78975

[[2]]
[1] 6.087541


NOTE: Log Print Time:  2022-02-02 11:55:16 
NOTE: Elapsed Time in seconds: 1.13540283044179 

[[1]]
         [,1]      [,2]     [,3]      [,4]
[1,] 1.581187 -15.50316 42.97008 -97.78975

[[2]]
[1] 6.087541


NOTE: Log Print Time:  2022-02-02 11:56:55 
NOTE: Elapsed Time in seconds: 1.66194148858388 

[[1]]
         [,1]      [,2]     [,3]      [,4]
[1,] 1.600513 -15.51167 43.15207 -97.98277

[[2]]
[1] 6.093024


NOTE: Log Print Time:  2022-02-02 11:57:44 
NOTE: Elapsed Time in seconds: 48.6172173023224 

[[1]]
         [,1]      [,2]     [,3]      [,4]
[1,] 1.616831 -15.66422 43.40641 -97.82282

[[2]]
[1] 6.09337


NOTE: Log Print Time:  2022-02-02 11:58:35 
NOTE: Elapsed Time in seconds: 50.6412448883057 

[[1]]
         [,1]      [,2]     [,3]      [,4]
[1,] 1.616831 -15.66422 43.40641 -97.82282

[[2]]
[1] 6.09337


NOTE: Log Print Time:  2022-02-02 11:59:23 
NOTE: Elapsed Time in seconds: 47.8466153144836 

[[1]]
        [,1]     [,2]     [,3]      [,4]
[1,] 1.60948 -15.6613 43.42199 -97.69294

[[2]]
[1] 6.094822


NOTE: Log Print Time:  2022-02-02 12:00:11 
NOTE: Elapsed Time in seconds: 48.3004744052887 

[[1]]
        [,1]     [,2]     [,3]      [,4]
[1,] 1.60948 -15.6613 43.42199 -97.69294

[[2]]
[1] 6.094822


NOTE: Log Print Time:  2022-02-02 12:01:07 
NOTE: Elapsed Time in seconds: 55.8123459815979 

[[1]]
         [,1]      [,2]     [,3]      [,4]
[1,] 1.614259 -15.60781 43.36031 -97.78769

[[2]]
[1] 6.09665


NOTE: Log Print Time:  2022-02-02 12:02:05 
NOTE: Elapsed Time in seconds: 58.4305377006531 

