========================================================================= 
Log Path: /project/6004331/wanglu57/Project_Plasmodium/log/2022-02-01_ga-si-R-log_ga.log 
Program Path: /project/6004331/wanglu57/Project_Plasmodium/job_scripts/2022-02-01_ga-si-R-log.R 
Working Directory: /project/6004331/wanglu57/Project_Plasmodium/job_scripts 
User Name: wanglu57 
R Version: 4.0.2 (2020-06-22) 
Machine: cdr1570.int.cedar.computecanada.ca x86_64 
Operating System: Linux 3.10.0-1160.36.2.el7.x86_64 #1 SMP Wed Jul 21 11:57:15 UTC 2021 
[1] "Base Packages: parallel stats graphics grDevices utils datasets methods\n               base \nOther Packages: doRNG_1.8.2 rngtools_1.5.2 here_1.0.1 GA_3.2.2 doParallel_1.0.16\n                iterators_1.0.13 foreach_1.5.1 "
Log Start Time: 2022-02-02 09:04:23 
========================================================================= 

[[1]]
         [,1]     [,2]      [,3]     [,4]
[1,] 3.597827 7.024184 -206.5063 657.7222

[[2]]
[1] 2.169372


NOTE: Log Print Time:  2022-02-02 09:05:23 
NOTE: Elapsed Time in seconds: 1.00499460697174 

[[1]]
         [,1]      [,2]      [,3]     [,4]
[1,] 4.648781 -32.68616 -133.4042 522.5617

[[2]]
[1] 3.815165


NOTE: Log Print Time:  2022-02-02 09:06:12 
NOTE: Elapsed Time in seconds: 48.5795466899872 

[[1]]
         [,1]      [,2]      [,3]     [,4]
[1,] 3.149012 -17.46798 -20.53091 109.0031

[[2]]
[1] 4.634926


NOTE: Log Print Time:  2022-02-02 09:07:07 
NOTE: Elapsed Time in seconds: 55.2665703296661 

[[1]]
         [,1]      [,2]      [,3]     [,4]
[1,] 3.149012 -17.46798 -20.53091 109.0031

[[2]]
[1] 4.634926


NOTE: Log Print Time:  2022-02-02 09:07:56 
NOTE: Elapsed Time in seconds: 48.7230358123779 

[[1]]
         [,1]      [,2]      [,3]     [,4]
[1,] 3.149012 -17.46798 -20.53091 109.0031

[[2]]
[1] 4.634926


NOTE: Log Print Time:  2022-02-02 09:08:44 
NOTE: Elapsed Time in seconds: 48.5223259925842 

[[1]]
         [,1]      [,2]      [,3]     [,4]
[1,] 3.149012 -17.46798 -20.53091 109.0031

[[2]]
[1] 4.634926


NOTE: Log Print Time:  2022-02-02 09:09:33 
NOTE: Elapsed Time in seconds: 48.7641866207123 

[[1]]
         [,1]      [,2]      [,3]     [,4]
[1,] 3.149012 -17.46798 -20.53091 109.0031

[[2]]
[1] 4.634926


NOTE: Log Print Time:  2022-02-02 09:10:22 
NOTE: Elapsed Time in seconds: 48.4277906417847 

[[1]]
         [,1]      [,2]      [,3]     [,4]
[1,] 3.149012 -17.46798 -20.53091 109.0031

[[2]]
[1] 4.634926


NOTE: Log Print Time:  2022-02-02 09:11:10 
NOTE: Elapsed Time in seconds: 48.4684069156647 

[[1]]
          [,1]     [,2]      [,3]     [,4]
[1,] 0.2818771 40.92292 -140.7582 310.5557

[[2]]
[1] 5.758139


NOTE: Log Print Time:  2022-02-02 09:11:58 
NOTE: Elapsed Time in seconds: 48.431697845459 

[[1]]
          [,1]     [,2]      [,3]     [,4]
[1,] 0.2818771 40.92292 -140.7582 310.5557

[[2]]
[1] 5.758139


NOTE: Log Print Time:  2022-02-02 09:12:46 
NOTE: Elapsed Time in seconds: 47.9637806415558 

[[1]]
          [,1]     [,2]      [,3]     [,4]
[1,] 0.2818771 40.92292 -140.7582 310.5557

[[2]]
[1] 5.758139


NOTE: Log Print Time:  2022-02-02 09:13:34 
NOTE: Elapsed Time in seconds: 48.000040769577 

[[1]]
          [,1]     [,2]      [,3]     [,4]
[1,] 0.2818771 40.92292 -140.7582 310.5557

[[2]]
[1] 5.758139


NOTE: Log Print Time:  2022-02-02 09:14:23 
NOTE: Elapsed Time in seconds: 48.3694598674774 

[[1]]
          [,1]     [,2]      [,3]     [,4]
[1,] 0.2818771 40.92292 -140.7582 310.5557

[[2]]
[1] 5.758139


NOTE: Log Print Time:  2022-02-02 09:15:11 
NOTE: Elapsed Time in seconds: 48.2949934005737 

[[1]]
            [,1]    [,2]      [,3]   [,4]
[1,] -0.02032909 5.59609 -68.42924 205.79

[[2]]
[1] 5.816379


NOTE: Log Print Time:  2022-02-02 09:16:00 
NOTE: Elapsed Time in seconds: 48.9165725708008 

[[1]]
            [,1]    [,2]      [,3]   [,4]
[1,] -0.02032909 5.59609 -68.42924 205.79

[[2]]
[1] 5.816379


NOTE: Log Print Time:  2022-02-02 09:16:48 
NOTE: Elapsed Time in seconds: 48.3216211795807 

[[1]]
            [,1]    [,2]      [,3]   [,4]
[1,] -0.02032909 5.59609 -68.42924 205.79

[[2]]
[1] 5.816379


NOTE: Log Print Time:  2022-02-02 09:17:36 
NOTE: Elapsed Time in seconds: 48.0327847003937 

[[1]]
        [,1]      [,2]    [,3]     [,4]
[1,] 1.21299 -10.55043 -26.567 115.3587

[[2]]
[1] 6.021422


NOTE: Log Print Time:  2022-02-02 09:18:25 
NOTE: Elapsed Time in seconds: 48.5242974758148 

[[1]]
        [,1]      [,2]    [,3]     [,4]
[1,] 1.21299 -10.55043 -26.567 115.3587

[[2]]
[1] 6.021422


NOTE: Log Print Time:  2022-02-02 09:19:13 
NOTE: Elapsed Time in seconds: 48.0857083797455 

[[1]]
        [,1]      [,2]    [,3]     [,4]
[1,] 1.21299 -10.55043 -26.567 115.3587

[[2]]
[1] 6.021422


NOTE: Log Print Time:  2022-02-02 09:20:02 
NOTE: Elapsed Time in seconds: 48.8543949127197 

[[1]]
        [,1]      [,2]    [,3]     [,4]
[1,] 1.21299 -10.55043 -26.567 115.3587

[[2]]
[1] 6.021422


NOTE: Log Print Time:  2022-02-02 09:20:50 
NOTE: Elapsed Time in seconds: 48.4518976211548 

[[1]]
        [,1]      [,2]    [,3]     [,4]
[1,] 1.21299 -10.55043 -26.567 115.3587

[[2]]
[1] 6.021422


NOTE: Log Print Time:  2022-02-02 09:21:39 
NOTE: Elapsed Time in seconds: 48.7432346343994 

[[1]]
        [,1]      [,2]    [,3]     [,4]
[1,] 1.21299 -10.55043 -26.567 115.3587

[[2]]
[1] 6.021422


NOTE: Log Print Time:  2022-02-02 09:22:27 
NOTE: Elapsed Time in seconds: 48.3169991970062 

[[1]]
        [,1]      [,2]    [,3]     [,4]
[1,] 1.21299 -10.55043 -26.567 115.3587

[[2]]
[1] 6.021422


NOTE: Log Print Time:  2022-02-02 09:23:16 
NOTE: Elapsed Time in seconds: 48.4244909286499 

[[1]]
        [,1]      [,2]    [,3]     [,4]
[1,] 1.21299 -10.55043 -26.567 115.3587

[[2]]
[1] 6.021422


NOTE: Log Print Time:  2022-02-02 09:24:04 
NOTE: Elapsed Time in seconds: 47.9241695404053 

[[1]]
        [,1]      [,2]    [,3]     [,4]
[1,] 1.21299 -10.55043 -26.567 115.3587

[[2]]
[1] 6.021422


NOTE: Log Print Time:  2022-02-02 09:24:52 
NOTE: Elapsed Time in seconds: 48.3280680179596 

[[1]]
        [,1]      [,2]    [,3]     [,4]
[1,] 1.21299 -10.55043 -26.567 115.3587

[[2]]
[1] 6.021422


NOTE: Log Print Time:  2022-02-02 09:25:40 
NOTE: Elapsed Time in seconds: 48.3473474979401 

[[1]]
        [,1]      [,2]    [,3]     [,4]
[1,] 1.21299 -10.55043 -26.567 115.3587

[[2]]
[1] 6.021422


NOTE: Log Print Time:  2022-02-02 09:26:29 
NOTE: Elapsed Time in seconds: 48.9596054553986 

[[1]]
        [,1]      [,2]    [,3]     [,4]
[1,] 1.21299 -10.55043 -26.567 115.3587

[[2]]
[1] 6.021422


NOTE: Log Print Time:  2022-02-02 09:27:17 
NOTE: Elapsed Time in seconds: 47.6306092739105 

[[1]]
        [,1]      [,2]    [,3]     [,4]
[1,] 1.21299 -10.55043 -26.567 115.3587

[[2]]
[1] 6.021422


NOTE: Log Print Time:  2022-02-02 09:28:05 
NOTE: Elapsed Time in seconds: 47.8375461101532 

[[1]]
         [,1]      [,2]      [,3]     [,4]
[1,] -1.62405 -3.102837 -28.31739 119.1745

[[2]]
[1] 6.328528


NOTE: Log Print Time:  2022-02-02 09:28:53 
NOTE: Elapsed Time in seconds: 48.5459444522858 

[[1]]
         [,1]      [,2]      [,3]     [,4]
[1,] -1.62405 -3.102837 -28.31739 119.1745

[[2]]
[1] 6.328528


NOTE: Log Print Time:  2022-02-02 09:29:42 
NOTE: Elapsed Time in seconds: 48.2997198104858 

[[1]]
         [,1]      [,2]      [,3]     [,4]
[1,] -1.62405 -3.102837 -28.31739 119.1745

[[2]]
[1] 6.328528


NOTE: Log Print Time:  2022-02-02 09:30:30 
NOTE: Elapsed Time in seconds: 48.3244588375092 

[[1]]
         [,1]      [,2]      [,3]     [,4]
[1,] -1.62405 -3.102837 -28.31739 119.1745

[[2]]
[1] 6.328528


NOTE: Log Print Time:  2022-02-02 09:31:18 
NOTE: Elapsed Time in seconds: 48.0947887897491 

[[1]]
         [,1]      [,2]      [,3]     [,4]
[1,] -1.62405 -3.102837 -28.31739 119.1745

[[2]]
[1] 6.328528


NOTE: Log Print Time:  2022-02-02 09:32:13 
NOTE: Elapsed Time in seconds: 55.3053402900696 

[[1]]
         [,1]      [,2]      [,3]     [,4]
[1,] -1.62405 -3.102837 -28.31739 119.1745

[[2]]
[1] 6.328528


NOTE: Log Print Time:  2022-02-02 09:33:02 
NOTE: Elapsed Time in seconds: 48.4587416648865 

[[1]]
         [,1]      [,2]      [,3]     [,4]
[1,] -1.62405 -3.102837 -28.31739 119.1745

[[2]]
[1] 6.328528


NOTE: Log Print Time:  2022-02-02 09:33:50 
NOTE: Elapsed Time in seconds: 48.5819118022919 

[[1]]
         [,1]      [,2]      [,3]     [,4]
[1,] -1.62405 -3.102837 -28.31739 119.1745

[[2]]
[1] 6.328528


NOTE: Log Print Time:  2022-02-02 09:34:39 
NOTE: Elapsed Time in seconds: 48.3837077617645 

[[1]]
          [,1]     [,2]      [,3]     [,4]
[1,] 0.8658022 13.08122 -53.13746 120.5225

[[2]]
[1] 7.264723


NOTE: Log Print Time:  2022-02-02 09:35:27 
NOTE: Elapsed Time in seconds: 48.0246741771698 

[[1]]
          [,1]     [,2]      [,3]     [,4]
[1,] 0.8658022 13.08122 -53.13746 120.5225

[[2]]
[1] 7.264723


NOTE: Log Print Time:  2022-02-02 09:36:15 
NOTE: Elapsed Time in seconds: 47.9735951423645 

[[1]]
          [,1]     [,2]      [,3]     [,4]
[1,] 0.8658022 13.08122 -53.13746 120.5225

[[2]]
[1] 7.264723


NOTE: Log Print Time:  2022-02-02 09:37:03 
NOTE: Elapsed Time in seconds: 48.0883502960205 

[[1]]
          [,1]     [,2]      [,3]     [,4]
[1,] 0.8658022 13.08122 -53.13746 120.5225

[[2]]
[1] 7.264723


NOTE: Log Print Time:  2022-02-02 09:37:51 
NOTE: Elapsed Time in seconds: 48.494398355484 

[[1]]
          [,1]     [,2]      [,3]     [,4]
[1,] 0.8658022 13.08122 -53.13746 120.5225

[[2]]
[1] 7.264723


NOTE: Log Print Time:  2022-02-02 09:38:47 
NOTE: Elapsed Time in seconds: 55.319744348526 

[[1]]
          [,1]     [,2]      [,3]     [,4]
[1,] 0.8658022 13.08122 -53.13746 120.5225

[[2]]
[1] 7.264723


NOTE: Log Print Time:  2022-02-02 09:39:35 
NOTE: Elapsed Time in seconds: 47.9360904693604 

[[1]]
          [,1]     [,2]      [,3]     [,4]
[1,] -4.183028 16.74529 -20.16592 44.23479

[[2]]
[1] 7.672147


NOTE: Log Print Time:  2022-02-02 09:40:23 
NOTE: Elapsed Time in seconds: 48.350613117218 

[[1]]
          [,1]     [,2]      [,3]     [,4]
[1,] -4.183028 16.74529 -20.16592 44.23479

[[2]]
[1] 7.672147


NOTE: Log Print Time:  2022-02-02 09:41:11 
NOTE: Elapsed Time in seconds: 48.4284250736237 

[[1]]
          [,1]     [,2]      [,3]     [,4]
[1,] -4.183028 16.74529 -20.16592 44.23479

[[2]]
[1] 7.672147


NOTE: Log Print Time:  2022-02-02 09:42:00 
NOTE: Elapsed Time in seconds: 48.4308221340179 

[[1]]
          [,1]     [,2]      [,3]     [,4]
[1,] -4.183028 16.74529 -20.16592 44.23479

[[2]]
[1] 7.672147


NOTE: Log Print Time:  2022-02-02 09:42:48 
NOTE: Elapsed Time in seconds: 48.2048988342285 

[[1]]
          [,1]     [,2]      [,3]     [,4]
[1,] -4.183028 16.74529 -20.16592 44.23479

[[2]]
[1] 7.672147


NOTE: Log Print Time:  2022-02-02 09:43:36 
NOTE: Elapsed Time in seconds: 48.3083546161652 

[[1]]
          [,1]     [,2]      [,3]     [,4]
[1,] -4.183028 16.74529 -20.16592 44.23479

[[2]]
[1] 7.672147


NOTE: Log Print Time:  2022-02-02 09:44:24 
NOTE: Elapsed Time in seconds: 48.1569073200226 

[[1]]
          [,1]     [,2]      [,3]     [,4]
[1,] -4.183028 16.74529 -20.16592 44.23479

[[2]]
[1] 7.672147


NOTE: Log Print Time:  2022-02-02 09:45:13 
NOTE: Elapsed Time in seconds: 48.0977630615234 

[[1]]
          [,1]     [,2]      [,3]     [,4]
[1,] -4.183028 16.74529 -20.16592 44.23479

[[2]]
[1] 7.672147


NOTE: Log Print Time:  2022-02-02 09:46:01 
NOTE: Elapsed Time in seconds: 48.3241052627563 

[[1]]
          [,1]     [,2]      [,3]     [,4]
[1,] -4.183028 16.74529 -20.16592 44.23479

[[2]]
[1] 7.672147


NOTE: Log Print Time:  2022-02-02 09:46:49 
NOTE: Elapsed Time in seconds: 48.543289899826 

[[1]]
          [,1]     [,2]      [,3]     [,4]
[1,] -4.183028 16.74529 -20.16592 44.23479

[[2]]
[1] 7.672147


NOTE: Log Print Time:  2022-02-02 09:47:37 
NOTE: Elapsed Time in seconds: 48.004848241806 

[[1]]
          [,1]     [,2]      [,3]     [,4]
[1,] -4.183028 16.74529 -20.16592 44.23479

[[2]]
[1] 7.672147


NOTE: Log Print Time:  2022-02-02 09:48:25 
NOTE: Elapsed Time in seconds: 47.8711211681366 

[[1]]
          [,1]     [,2]      [,3]     [,4]
[1,] -4.183028 16.74529 -20.16592 44.23479

[[2]]
[1] 7.672147


NOTE: Log Print Time:  2022-02-02 09:49:13 
NOTE: Elapsed Time in seconds: 48.0113732814789 

[[1]]
          [,1]     [,2]      [,3]     [,4]
[1,] -4.183028 16.74529 -20.16592 44.23479

[[2]]
[1] 7.672147


NOTE: Log Print Time:  2022-02-02 09:50:02 
NOTE: Elapsed Time in seconds: 48.741934299469 

[[1]]
             [,1]     [,2]      [,3]     [,4]
[1,] -0.009318307 9.748181 -34.23609 77.44421

[[2]]
[1] 7.818968


NOTE: Log Print Time:  2022-02-02 09:50:51 
NOTE: Elapsed Time in seconds: 48.7325832843781 

[[1]]
             [,1]     [,2]      [,3]     [,4]
[1,] -0.009318307 9.748181 -34.23609 77.44421

[[2]]
[1] 7.818968


NOTE: Log Print Time:  2022-02-02 09:51:39 
NOTE: Elapsed Time in seconds: 48.1581282615662 

[[1]]
             [,1]     [,2]      [,3]     [,4]
[1,] -0.009318307 9.748181 -34.23609 77.44421

[[2]]
[1] 7.818968


NOTE: Log Print Time:  2022-02-02 09:52:28 
NOTE: Elapsed Time in seconds: 48.6653006076813 

[[1]]
             [,1]     [,2]      [,3]     [,4]
[1,] -0.009318307 9.748181 -34.23609 77.44421

[[2]]
[1] 7.818968


NOTE: Log Print Time:  2022-02-02 09:53:16 
NOTE: Elapsed Time in seconds: 48.2181124687195 

[[1]]
             [,1]     [,2]      [,3]     [,4]
[1,] -0.009318307 9.748181 -34.23609 77.44421

[[2]]
[1] 7.818968


NOTE: Log Print Time:  2022-02-02 09:54:04 
NOTE: Elapsed Time in seconds: 47.950042963028 

[[1]]
             [,1]     [,2]      [,3]     [,4]
[1,] -0.009318307 9.748181 -34.23609 77.44421

[[2]]
[1] 7.818968


NOTE: Log Print Time:  2022-02-02 09:54:52 
NOTE: Elapsed Time in seconds: 48.0138342380524 

[[1]]
             [,1]     [,2]      [,3]     [,4]
[1,] -0.009318307 9.748181 -34.23609 77.44421

[[2]]
[1] 7.818968


NOTE: Log Print Time:  2022-02-02 09:55:40 
NOTE: Elapsed Time in seconds: 48.5508852005005 

[[1]]
             [,1]     [,2]      [,3]     [,4]
[1,] -0.009318307 9.748181 -34.23609 77.44421

[[2]]
[1] 7.818968


NOTE: Log Print Time:  2022-02-02 09:56:29 
NOTE: Elapsed Time in seconds: 48.6826574802399 

[[1]]
             [,1]     [,2]      [,3]     [,4]
[1,] -0.009318307 9.748181 -34.23609 77.44421

[[2]]
[1] 7.818968


NOTE: Log Print Time:  2022-02-02 09:57:18 
NOTE: Elapsed Time in seconds: 48.5896351337433 

[[1]]
          [,1]     [,2]      [,3]     [,4]
[1,] -2.018636 13.43589 -22.33727 42.39445

[[2]]
[1] 7.864331


NOTE: Log Print Time:  2022-02-02 09:58:06 
NOTE: Elapsed Time in seconds: 48.6671059131622 

[[1]]
          [,1]     [,2]      [,3]     [,4]
[1,] -2.018636 13.43589 -22.33727 42.39445

[[2]]
[1] 7.864331


NOTE: Log Print Time:  2022-02-02 09:58:55 
NOTE: Elapsed Time in seconds: 48.4212985038757 

[[1]]
           [,1]     [,2]      [,3]     [,4]
[1,] -0.3552151 11.76979 -32.34212 65.73222

[[2]]
[1] 7.985765


NOTE: Log Print Time:  2022-02-02 09:59:44 
NOTE: Elapsed Time in seconds: 48.8326592445374 

[[1]]
           [,1]     [,2]      [,3]     [,4]
[1,] -0.3552151 11.76979 -32.34212 65.73222

[[2]]
[1] 7.985765


NOTE: Log Print Time:  2022-02-02 10:00:32 
NOTE: Elapsed Time in seconds: 48.195574760437 

[[1]]
           [,1]     [,2]      [,3]     [,4]
[1,] -0.3552151 11.76979 -32.34212 65.73222

[[2]]
[1] 7.985765


NOTE: Log Print Time:  2022-02-02 10:01:20 
NOTE: Elapsed Time in seconds: 47.9245007038116 

[[1]]
           [,1]     [,2]      [,3]     [,4]
[1,] -0.3552151 11.76979 -32.34212 65.73222

[[2]]
[1] 7.985765


NOTE: Log Print Time:  2022-02-02 10:02:16 
NOTE: Elapsed Time in seconds: 55.8792634010315 

[[1]]
           [,1]     [,2]      [,3]     [,4]
[1,] -0.3552151 11.76979 -32.34212 65.73222

[[2]]
[1] 7.985765


NOTE: Log Print Time:  2022-02-02 10:03:04 
NOTE: Elapsed Time in seconds: 48.779881477356 

[[1]]
           [,1]     [,2]      [,3]     [,4]
[1,] -0.3552151 11.76979 -32.34212 65.73222

[[2]]
[1] 7.985765


NOTE: Log Print Time:  2022-02-02 10:03:53 
NOTE: Elapsed Time in seconds: 48.5335531234741 

[[1]]
           [,1]     [,2]      [,3]     [,4]
[1,] -0.3552151 11.76979 -32.34212 65.73222

[[2]]
[1] 7.985765


NOTE: Log Print Time:  2022-02-02 10:04:41 
NOTE: Elapsed Time in seconds: 48.2737078666687 

[[1]]
           [,1]     [,2]      [,3]     [,4]
[1,] -0.3552151 11.76979 -32.34212 65.73222

[[2]]
[1] 7.985765


NOTE: Log Print Time:  2022-02-02 10:05:30 
NOTE: Elapsed Time in seconds: 48.6481564044952 

[[1]]
           [,1]     [,2]      [,3]     [,4]
[1,] -0.3552151 11.76979 -32.34212 65.73222

[[2]]
[1] 7.985765


NOTE: Log Print Time:  2022-02-02 10:06:18 
NOTE: Elapsed Time in seconds: 48.1322240829468 

[[1]]
          [,1]     [,2]      [,3]     [,4]
[1,] -2.746649 14.45625 -28.14556 64.99845

[[2]]
[1] 8.006589


NOTE: Log Print Time:  2022-02-02 10:07:06 
NOTE: Elapsed Time in seconds: 48.245655298233 

[[1]]
          [,1]     [,2]      [,3]     [,4]
[1,] -2.746649 14.45625 -28.14556 64.99845

[[2]]
[1] 8.006589


NOTE: Log Print Time:  2022-02-02 10:07:55 
NOTE: Elapsed Time in seconds: 48.7075889110565 

[[1]]
          [,1]     [,2]      [,3]     [,4]
[1,] -2.746649 14.45625 -28.14556 64.99845

[[2]]
[1] 8.006589


NOTE: Log Print Time:  2022-02-02 10:08:43 
NOTE: Elapsed Time in seconds: 48.0829014778137 

[[1]]
          [,1]     [,2]      [,3]     [,4]
[1,] -2.746649 14.45625 -28.14556 64.99845

[[2]]
[1] 8.006589


NOTE: Log Print Time:  2022-02-02 10:09:31 
NOTE: Elapsed Time in seconds: 48.5487241744995 

[[1]]
          [,1]     [,2]      [,3]     [,4]
[1,] -2.746649 14.45625 -28.14556 64.99845

[[2]]
[1] 8.006589


NOTE: Log Print Time:  2022-02-02 10:10:20 
NOTE: Elapsed Time in seconds: 48.6391191482544 

[[1]]
          [,1]     [,2]      [,3]     [,4]
[1,] -2.746649 14.45625 -28.14556 64.99845

[[2]]
[1] 8.006589


NOTE: Log Print Time:  2022-02-02 10:11:09 
NOTE: Elapsed Time in seconds: 48.5224695205688 

[[1]]
          [,1]     [,2]      [,3]     [,4]
[1,] -2.746649 14.45625 -28.14556 64.99845

[[2]]
[1] 8.006589


NOTE: Log Print Time:  2022-02-02 10:11:58 
NOTE: Elapsed Time in seconds: 49.0635197162628 

[[1]]
          [,1]     [,2]      [,3]     [,4]
[1,] -2.746649 14.45625 -28.14556 64.99845

[[2]]
[1] 8.006589


NOTE: Log Print Time:  2022-02-02 10:12:46 
NOTE: Elapsed Time in seconds: 48.2685763835907 

[[1]]
           [,1]     [,2]      [,3]     [,4]
[1,] -0.8083592 10.80649 -28.32825 60.58735

[[2]]
[1] 8.019554


NOTE: Log Print Time:  2022-02-02 10:13:42 
NOTE: Elapsed Time in seconds: 55.6528730392456 

[[1]]
           [,1]     [,2]      [,3]     [,4]
[1,] -0.8083592 10.80649 -28.32825 60.58735

[[2]]
[1] 8.019554


NOTE: Log Print Time:  2022-02-02 10:14:30 
NOTE: Elapsed Time in seconds: 48.407651424408 

[[1]]
           [,1]     [,2]      [,3]     [,4]
[1,] -0.8083592 10.80649 -28.32825 60.58735

[[2]]
[1] 8.019554


NOTE: Log Print Time:  2022-02-02 10:15:18 
NOTE: Elapsed Time in seconds: 48.1537864208221 

[[1]]
           [,1]     [,2]      [,3]     [,4]
[1,] -0.8083592 10.80649 -28.32825 60.58735

[[2]]
[1] 8.019554


NOTE: Log Print Time:  2022-02-02 10:16:06 
NOTE: Elapsed Time in seconds: 47.7991826534271 

[[1]]
           [,1]     [,2]      [,3]     [,4]
[1,] -0.8083592 10.80649 -28.32825 60.58735

[[2]]
[1] 8.019554


NOTE: Log Print Time:  2022-02-02 10:16:55 
NOTE: Elapsed Time in seconds: 48.8610162734985 

[[1]]
           [,1]     [,2]      [,3]     [,4]
[1,] -0.8083592 10.80649 -28.32825 60.58735

[[2]]
[1] 8.019554


NOTE: Log Print Time:  2022-02-02 10:17:43 
NOTE: Elapsed Time in seconds: 48.4877383708954 

[[1]]
           [,1]     [,2]      [,3]     [,4]
[1,] -0.8083592 10.80649 -28.32825 60.58735

[[2]]
[1] 8.019554


NOTE: Log Print Time:  2022-02-02 10:18:31 
NOTE: Elapsed Time in seconds: 48.016797542572 

[[1]]
           [,1]     [,2]      [,3]     [,4]
[1,] -0.8083592 10.80649 -28.32825 60.58735

[[2]]
[1] 8.019554


NOTE: Log Print Time:  2022-02-02 10:19:20 
NOTE: Elapsed Time in seconds: 48.5455644130707 

[[1]]
           [,1]     [,2]      [,3]     [,4]
[1,] -0.8083592 10.80649 -28.32825 60.58735

[[2]]
[1] 8.019554


NOTE: Log Print Time:  2022-02-02 10:20:08 
NOTE: Elapsed Time in seconds: 48.5327711105347 

[[1]]
           [,1]     [,2]      [,3]     [,4]
[1,] -0.8083592 10.80649 -28.32825 60.58735

[[2]]
[1] 8.019554


NOTE: Log Print Time:  2022-02-02 10:20:57 
NOTE: Elapsed Time in seconds: 48.2410142421722 

[[1]]
           [,1]     [,2]      [,3]     [,4]
[1,] -0.8083592 10.80649 -28.32825 60.58735

[[2]]
[1] 8.019554


NOTE: Log Print Time:  2022-02-02 10:21:45 
NOTE: Elapsed Time in seconds: 48.3126287460327 

[[1]]
           [,1]     [,2]      [,3]     [,4]
[1,] -0.8083592 10.80649 -28.32825 60.58735

[[2]]
[1] 8.019554


NOTE: Log Print Time:  2022-02-02 10:22:33 
NOTE: Elapsed Time in seconds: 48.4151742458344 

[[1]]
           [,1]     [,2]      [,3]     [,4]
[1,] -0.8083592 10.80649 -28.32825 60.58735

[[2]]
[1] 8.019554


NOTE: Log Print Time:  2022-02-02 10:23:22 
NOTE: Elapsed Time in seconds: 48.3172693252563 

[[1]]
           [,1]     [,2]      [,3]     [,4]
[1,] -0.8083592 10.80649 -28.32825 60.58735

[[2]]
[1] 8.019554


NOTE: Log Print Time:  2022-02-02 10:24:09 
NOTE: Elapsed Time in seconds: 47.5221672058105 

[[1]]
           [,1]     [,2]      [,3]     [,4]
[1,] -0.8083592 10.80649 -28.32825 60.58735

[[2]]
[1] 8.019554


NOTE: Log Print Time:  2022-02-02 10:24:58 
NOTE: Elapsed Time in seconds: 48.3445320129395 

[[1]]
           [,1]     [,2]      [,3]     [,4]
[1,] -0.8083592 10.80649 -28.32825 60.58735

[[2]]
[1] 8.019554


NOTE: Log Print Time:  2022-02-02 10:25:46 
NOTE: Elapsed Time in seconds: 48.0272676944733 

[[1]]
           [,1]     [,2]      [,3]     [,4]
[1,] -0.8083592 10.80649 -28.32825 60.58735

[[2]]
[1] 8.019554


NOTE: Log Print Time:  2022-02-02 10:26:34 
NOTE: Elapsed Time in seconds: 48.010137796402 

[[1]]
           [,1]     [,2]      [,3]     [,4]
[1,] -0.8083592 10.80649 -28.32825 60.58735

[[2]]
[1] 8.019554


NOTE: Log Print Time:  2022-02-02 10:27:22 
NOTE: Elapsed Time in seconds: 48.8847789764404 

[[1]]
           [,1]     [,2]      [,3]    [,4]
[1,] -0.5494876 11.08937 -29.86482 62.4326

[[2]]
[1] 8.021926


NOTE: Log Print Time:  2022-02-02 10:28:11 
NOTE: Elapsed Time in seconds: 48.2563371658325 

[[1]]
           [,1]     [,2]      [,3]    [,4]
[1,] -0.5494876 11.08937 -29.86482 62.4326

[[2]]
[1] 8.021926


NOTE: Log Print Time:  2022-02-02 10:28:59 
NOTE: Elapsed Time in seconds: 48.2430040836334 

[[1]]
           [,1]     [,2]      [,3]    [,4]
[1,] -0.5494876 11.08937 -29.86482 62.4326

[[2]]
[1] 8.021926


NOTE: Log Print Time:  2022-02-02 10:29:47 
NOTE: Elapsed Time in seconds: 48.1874203681946 

[[1]]
           [,1]     [,2]      [,3]    [,4]
[1,] -0.5494876 11.08937 -29.86482 62.4326

[[2]]
[1] 8.021926


NOTE: Log Print Time:  2022-02-02 10:30:35 
NOTE: Elapsed Time in seconds: 48.2600359916687 

[[1]]
           [,1]     [,2]      [,3]    [,4]
[1,] -0.5494876 11.08937 -29.86482 62.4326

[[2]]
[1] 8.021926


NOTE: Log Print Time:  2022-02-02 10:31:24 
NOTE: Elapsed Time in seconds: 48.3638319969177 

[[1]]
           [,1]    [,2]      [,3]     [,4]
[1,] -0.9845063 12.3363 -30.52059 64.12443

[[2]]
[1] 8.022009


NOTE: Log Print Time:  2022-02-02 10:32:12 
NOTE: Elapsed Time in seconds: 48.6020402908325 

[[1]]
           [,1]    [,2]      [,3]     [,4]
[1,] -0.9845063 12.3363 -30.52059 64.12443

[[2]]
[1] 8.022009


NOTE: Log Print Time:  2022-02-02 10:33:00 
NOTE: Elapsed Time in seconds: 47.886218547821 

[[1]]
           [,1]    [,2]      [,3]     [,4]
[1,] -0.9845063 12.3363 -30.52059 64.12443

[[2]]
[1] 8.022009


NOTE: Log Print Time:  2022-02-02 10:33:48 
NOTE: Elapsed Time in seconds: 48.1036114692688 

[[1]]
           [,1]    [,2]      [,3]     [,4]
[1,] -0.9845063 12.3363 -30.52059 64.12443

[[2]]
[1] 8.022009


NOTE: Log Print Time:  2022-02-02 10:34:37 
NOTE: Elapsed Time in seconds: 48.71599817276 

[[1]]
           [,1]    [,2]      [,3]     [,4]
[1,] -0.9845063 12.3363 -30.52059 64.12443

[[2]]
[1] 8.022009


NOTE: Log Print Time:  2022-02-02 10:35:25 
NOTE: Elapsed Time in seconds: 48.2094013690948 

[[1]]
           [,1]    [,2]      [,3]     [,4]
[1,] -0.9845063 12.3363 -30.52059 64.12443

[[2]]
[1] 8.022009


NOTE: Log Print Time:  2022-02-02 10:36:14 
NOTE: Elapsed Time in seconds: 48.6288237571716 

[[1]]
           [,1]    [,2]      [,3]     [,4]
[1,] -0.9845063 12.3363 -30.52059 64.12443

[[2]]
[1] 8.022009


NOTE: Log Print Time:  2022-02-02 10:37:02 
NOTE: Elapsed Time in seconds: 48.2741389274597 

[[1]]
           [,1]    [,2]      [,3]     [,4]
[1,] -0.9845063 12.3363 -30.52059 64.12443

[[2]]
[1] 8.022009


NOTE: Log Print Time:  2022-02-02 10:37:51 
NOTE: Elapsed Time in seconds: 48.6124320030212 

[[1]]
           [,1]    [,2]      [,3]     [,4]
[1,] -0.9845063 12.3363 -30.52059 64.12443

[[2]]
[1] 8.022009


NOTE: Log Print Time:  2022-02-02 10:38:40 
NOTE: Elapsed Time in seconds: 48.9001491069794 

[[1]]
           [,1]     [,2]      [,3]     [,4]
[1,] -0.5959734 11.22539 -30.19889 63.28716

[[2]]
[1] 8.022074


NOTE: Log Print Time:  2022-02-02 10:39:29 
NOTE: Elapsed Time in seconds: 49.1119065284729 

[[1]]
           [,1]     [,2]      [,3]     [,4]
[1,] -0.5959734 11.22539 -30.19889 63.28716

[[2]]
[1] 8.022074


NOTE: Log Print Time:  2022-02-02 10:40:18 
NOTE: Elapsed Time in seconds: 48.7555766105652 

[[1]]
          [,1]     [,2]      [,3]     [,4]
[1,] -1.046773 12.22985 -30.27563 64.19357

[[2]]
[1] 8.023292


NOTE: Log Print Time:  2022-02-02 10:41:06 
NOTE: Elapsed Time in seconds: 48.2836396694183 

[[1]]
          [,1]     [,2]      [,3]     [,4]
[1,] -1.046773 12.22985 -30.27563 64.19357

[[2]]
[1] 8.023292


NOTE: Log Print Time:  2022-02-02 10:41:55 
NOTE: Elapsed Time in seconds: 49.0677344799042 

[[1]]
          [,1]     [,2]      [,3]     [,4]
[1,] -1.046773 12.22985 -30.27563 64.19357

[[2]]
[1] 8.023292


NOTE: Log Print Time:  2022-02-02 10:42:44 
NOTE: Elapsed Time in seconds: 48.7255930900574 

[[1]]
          [,1]     [,2]      [,3]     [,4]
[1,] -1.046773 12.22985 -30.27563 64.19357

[[2]]
[1] 8.023292


NOTE: Log Print Time:  2022-02-02 10:43:40 
NOTE: Elapsed Time in seconds: 55.8416635990143 

[[1]]
          [,1]     [,2]      [,3]     [,4]
[1,] -1.046773 12.22985 -30.27563 64.19357

[[2]]
[1] 8.023292


NOTE: Log Print Time:  2022-02-02 10:44:28 
NOTE: Elapsed Time in seconds: 48.0819275379181 

[[1]]
          [,1]     [,2]      [,3]     [,4]
[1,] -1.046773 12.22985 -30.27563 64.19357

[[2]]
[1] 8.023292


NOTE: Log Print Time:  2022-02-02 10:45:16 
NOTE: Elapsed Time in seconds: 48.7718503475189 

[[1]]
          [,1]     [,2]      [,3]     [,4]
[1,] -0.902987 11.83408 -29.86983 62.98168

[[2]]
[1] 8.023313


NOTE: Log Print Time:  2022-02-02 10:46:05 
NOTE: Elapsed Time in seconds: 48.6563107967377 

[[1]]
          [,1]     [,2]      [,3]     [,4]
[1,] -0.902987 11.83408 -29.86983 62.98168

[[2]]
[1] 8.023313


NOTE: Log Print Time:  2022-02-02 10:46:54 
NOTE: Elapsed Time in seconds: 48.4702095985413 

[[1]]
          [,1]     [,2]      [,3]     [,4]
[1,] -0.902987 11.83408 -29.86983 62.98168

[[2]]
[1] 8.023313


NOTE: Log Print Time:  2022-02-02 10:47:42 
NOTE: Elapsed Time in seconds: 48.6946997642517 

[[1]]
          [,1]     [,2]      [,3]     [,4]
[1,] -0.902987 11.83408 -29.86983 62.98168

[[2]]
[1] 8.023313


NOTE: Log Print Time:  2022-02-02 10:48:31 
NOTE: Elapsed Time in seconds: 48.6981830596924 

[[1]]
          [,1]     [,2]      [,3]     [,4]
[1,] -0.902987 11.83408 -29.86983 62.98168

[[2]]
[1] 8.023313


NOTE: Log Print Time:  2022-02-02 10:49:19 
NOTE: Elapsed Time in seconds: 48.4739108085632 

[[1]]
          [,1]     [,2]      [,3]     [,4]
[1,] -0.902987 11.83408 -29.86983 62.98168

[[2]]
[1] 8.023313


NOTE: Log Print Time:  2022-02-02 10:50:08 
NOTE: Elapsed Time in seconds: 48.3922021389008 

[[1]]
          [,1]     [,2]      [,3]     [,4]
[1,] -0.902987 11.83408 -29.86983 62.98168

[[2]]
[1] 8.023313


NOTE: Log Print Time:  2022-02-02 10:50:56 
NOTE: Elapsed Time in seconds: 48.4518971443176 

[[1]]
          [,1]     [,2]      [,3]     [,4]
[1,] -0.902987 11.83408 -29.86983 62.98168

[[2]]
[1] 8.023313


NOTE: Log Print Time:  2022-02-02 10:51:45 
NOTE: Elapsed Time in seconds: 48.9060363769531 

[[1]]
           [,1]     [,2]      [,3]     [,4]
[1,] -0.9699817 12.16774 -30.19472 63.44107

[[2]]
[1] 8.024493


NOTE: Log Print Time:  2022-02-02 10:52:34 
NOTE: Elapsed Time in seconds: 48.7456426620483 

[[1]]
           [,1]     [,2]      [,3]     [,4]
[1,] -0.9699817 12.16774 -30.19472 63.44107

[[2]]
[1] 8.024493


NOTE: Log Print Time:  2022-02-02 10:53:23 
NOTE: Elapsed Time in seconds: 48.7068753242493 

[[1]]
           [,1]     [,2]      [,3]     [,4]
[1,] -0.9699817 12.16774 -30.19472 63.44107

[[2]]
[1] 8.024493


NOTE: Log Print Time:  2022-02-02 10:54:11 
NOTE: Elapsed Time in seconds: 48.8593213558197 

[[1]]
           [,1]     [,2]      [,3]     [,4]
[1,] -0.9699817 12.16774 -30.19472 63.44107

[[2]]
[1] 8.024493


NOTE: Log Print Time:  2022-02-02 10:55:00 
NOTE: Elapsed Time in seconds: 48.7701969146729 

[[1]]
           [,1]     [,2]      [,3]     [,4]
[1,] -0.9841931 12.20793 -30.23427 63.48455

[[2]]
[1] 8.025093


NOTE: Log Print Time:  2022-02-02 10:55:49 
NOTE: Elapsed Time in seconds: 48.5103685855865 

[[1]]
           [,1]     [,2]      [,3]     [,4]
[1,] -0.9841931 12.20793 -30.23427 63.48455

[[2]]
[1] 8.025093


NOTE: Log Print Time:  2022-02-02 10:56:38 
NOTE: Elapsed Time in seconds: 49.1636927127838 

[[1]]
           [,1]     [,2]      [,3]     [,4]
[1,] -0.9841931 12.20793 -30.23427 63.48455

[[2]]
[1] 8.025093


NOTE: Log Print Time:  2022-02-02 10:57:27 
NOTE: Elapsed Time in seconds: 48.722644329071 

[[1]]
           [,1]     [,2]      [,3]     [,4]
[1,] -0.9841931 12.20793 -30.23427 63.48455

[[2]]
[1] 8.025093


NOTE: Log Print Time:  2022-02-02 10:58:16 
NOTE: Elapsed Time in seconds: 48.9512114524841 

[[1]]
           [,1]     [,2]      [,3]     [,4]
[1,] -0.9841931 12.20793 -30.23427 63.48455

[[2]]
[1] 8.025093


NOTE: Log Print Time:  2022-02-02 10:59:05 
NOTE: Elapsed Time in seconds: 49.2871959209442 

[[1]]
           [,1]     [,2]      [,3]     [,4]
[1,] -0.9841931 12.20793 -30.23427 63.48455

[[2]]
[1] 8.025093


NOTE: Log Print Time:  2022-02-02 10:59:53 
NOTE: Elapsed Time in seconds: 48.3788602352142 

[[1]]
           [,1]     [,2]      [,3]     [,4]
[1,] -0.9841931 12.20793 -30.23427 63.48455

[[2]]
[1] 8.025093


NOTE: Log Print Time:  2022-02-02 11:00:42 
NOTE: Elapsed Time in seconds: 48.637188911438 

[[1]]
           [,1]     [,2]      [,3]     [,4]
[1,] -0.9841931 12.20793 -30.23427 63.48455

[[2]]
[1] 8.025093


NOTE: Log Print Time:  2022-02-02 11:01:31 
NOTE: Elapsed Time in seconds: 48.981317281723 

[[1]]
           [,1]     [,2]      [,3]     [,4]
[1,] -0.9841931 12.20793 -30.23427 63.48455

[[2]]
[1] 8.025093


NOTE: Log Print Time:  2022-02-02 11:02:20 
NOTE: Elapsed Time in seconds: 49.0327572822571 

[[1]]
           [,1]     [,2]      [,3]     [,4]
[1,] -0.9841931 12.20793 -30.23427 63.48455

[[2]]
[1] 8.025093


NOTE: Log Print Time:  2022-02-02 11:03:08 
NOTE: Elapsed Time in seconds: 48.0445649623871 

[[1]]
           [,1]     [,2]      [,3]     [,4]
[1,] -0.9841931 12.20793 -30.23427 63.48455

[[2]]
[1] 8.025093


NOTE: Log Print Time:  2022-02-02 11:03:57 
NOTE: Elapsed Time in seconds: 48.9151210784912 

[[1]]
           [,1]     [,2]      [,3]     [,4]
[1,] -0.9841931 12.20793 -30.23427 63.48455

[[2]]
[1] 8.025093


NOTE: Log Print Time:  2022-02-02 11:04:46 
NOTE: Elapsed Time in seconds: 49.1408307552338 

[[1]]
           [,1]     [,2]      [,3]     [,4]
[1,] -0.9841931 12.20793 -30.23427 63.48455

[[2]]
[1] 8.025093


NOTE: Log Print Time:  2022-02-02 11:05:34 
NOTE: Elapsed Time in seconds: 48.4920878410339 

[[1]]
           [,1]     [,2]      [,3]     [,4]
[1,] -0.9841931 12.20793 -30.23427 63.48455

[[2]]
[1] 8.025093


NOTE: Log Print Time:  2022-02-02 11:06:23 
NOTE: Elapsed Time in seconds: 48.819718837738 

[[1]]
           [,1]     [,2]      [,3]     [,4]
[1,] -0.9841931 12.20793 -30.23427 63.48455

[[2]]
[1] 8.025093


NOTE: Log Print Time:  2022-02-02 11:07:12 
NOTE: Elapsed Time in seconds: 48.7946968078613 

[[1]]
           [,1]     [,2]      [,3]     [,4]
[1,] -0.9841931 12.20793 -30.23427 63.48455

[[2]]
[1] 8.025093


NOTE: Log Print Time:  2022-02-02 11:08:01 
NOTE: Elapsed Time in seconds: 49.3180711269379 

[[1]]
           [,1]     [,2]      [,3]     [,4]
[1,] -0.9841931 12.20793 -30.23427 63.48455

[[2]]
[1] 8.025093


NOTE: Log Print Time:  2022-02-02 11:08:51 
NOTE: Elapsed Time in seconds: 49.3480169773102 

[[1]]
           [,1]     [,2]      [,3]     [,4]
[1,] -0.9841931 12.20793 -30.23427 63.48455

[[2]]
[1] 8.025093


NOTE: Log Print Time:  2022-02-02 11:09:39 
NOTE: Elapsed Time in seconds: 48.4505436420441 

[[1]]
           [,1]     [,2]      [,3]     [,4]
[1,] -0.9841931 12.20793 -30.23427 63.48455

[[2]]
[1] 8.025093


NOTE: Log Print Time:  2022-02-02 11:10:28 
NOTE: Elapsed Time in seconds: 48.7197906970978 

[[1]]
           [,1]     [,2]      [,3]     [,4]
[1,] -0.9841931 12.20793 -30.23427 63.48455

[[2]]
[1] 8.025093


NOTE: Log Print Time:  2022-02-02 11:11:17 
NOTE: Elapsed Time in seconds: 49.1073410511017 

[[1]]
           [,1]     [,2]      [,3]     [,4]
[1,] -0.9841931 12.20793 -30.23427 63.48455

[[2]]
[1] 8.025093


NOTE: Log Print Time:  2022-02-02 11:12:06 
NOTE: Elapsed Time in seconds: 48.6303632259369 

[[1]]
           [,1]     [,2]      [,3]     [,4]
[1,] -0.9841931 12.20793 -30.23427 63.48455

[[2]]
[1] 8.025093


NOTE: Log Print Time:  2022-02-02 11:12:55 
NOTE: Elapsed Time in seconds: 48.9412100315094 

[[1]]
           [,1]     [,2]      [,3]     [,4]
[1,] -0.9841931 12.20793 -30.23427 63.48455

[[2]]
[1] 8.025093


NOTE: Log Print Time:  2022-02-02 11:13:44 
NOTE: Elapsed Time in seconds: 49.2438650131226 

[[1]]
           [,1]     [,2]      [,3]     [,4]
[1,] -0.9841931 12.20793 -30.23427 63.48455

[[2]]
[1] 8.025093


NOTE: Log Print Time:  2022-02-02 11:14:33 
NOTE: Elapsed Time in seconds: 48.7602348327637 

[[1]]
           [,1]     [,2]      [,3]     [,4]
[1,] -0.9841931 12.20793 -30.23427 63.48455

[[2]]
[1] 8.025093


NOTE: Log Print Time:  2022-02-02 11:15:22 
NOTE: Elapsed Time in seconds: 49.3190858364105 

[[1]]
           [,1]     [,2]      [,3]     [,4]
[1,] -0.9841931 12.20793 -30.23427 63.48455

[[2]]
[1] 8.025093


NOTE: Log Print Time:  2022-02-02 11:16:11 
NOTE: Elapsed Time in seconds: 49.004597902298 

[[1]]
           [,1]     [,2]      [,3]     [,4]
[1,] -0.9841931 12.20793 -30.23427 63.48455

[[2]]
[1] 8.025093


NOTE: Log Print Time:  2022-02-02 11:17:00 
NOTE: Elapsed Time in seconds: 48.6468572616577 

[[1]]
           [,1]     [,2]      [,3]     [,4]
[1,] -0.9841931 12.20793 -30.23427 63.48455

[[2]]
[1] 8.025093


NOTE: Log Print Time:  2022-02-02 11:17:48 
NOTE: Elapsed Time in seconds: 48.6390101909637 

[[1]]
           [,1]     [,2]      [,3]     [,4]
[1,] -0.9841931 12.20793 -30.23427 63.48455

[[2]]
[1] 8.025093


NOTE: Log Print Time:  2022-02-02 11:18:37 
NOTE: Elapsed Time in seconds: 48.5505418777466 

[[1]]
           [,1]     [,2]      [,3]     [,4]
[1,] -0.9841931 12.20793 -30.23427 63.48455

[[2]]
[1] 8.025093


NOTE: Log Print Time:  2022-02-02 11:19:26 
NOTE: Elapsed Time in seconds: 48.8741593360901 

[[1]]
           [,1]     [,2]      [,3]     [,4]
[1,] -0.9841931 12.20793 -30.23427 63.48455

[[2]]
[1] 8.025093


NOTE: Log Print Time:  2022-02-02 11:20:15 
NOTE: Elapsed Time in seconds: 48.9780302047729 

[[1]]
           [,1]     [,2]      [,3]     [,4]
[1,] -0.9841931 12.20793 -30.23427 63.48455

[[2]]
[1] 8.025093


NOTE: Log Print Time:  2022-02-02 11:21:04 
NOTE: Elapsed Time in seconds: 48.9008450508118 

[[1]]
           [,1]     [,2]      [,3]     [,4]
[1,] -0.9841931 12.20793 -30.23427 63.48455

[[2]]
[1] 8.025093


NOTE: Log Print Time:  2022-02-02 11:21:53 
NOTE: Elapsed Time in seconds: 49.0438625812531 

[[1]]
           [,1]     [,2]      [,3]     [,4]
[1,] -0.9841931 12.20793 -30.23427 63.48455

[[2]]
[1] 8.025093


NOTE: Log Print Time:  2022-02-02 11:22:41 
NOTE: Elapsed Time in seconds: 48.8007848262787 

[[1]]
           [,1]     [,2]      [,3]     [,4]
[1,] -0.9841931 12.20793 -30.23427 63.48455

[[2]]
[1] 8.025093


NOTE: Log Print Time:  2022-02-02 11:23:30 
NOTE: Elapsed Time in seconds: 48.4253375530243 

[[1]]
           [,1]     [,2]      [,3]     [,4]
[1,] -0.9841931 12.20793 -30.23427 63.48455

[[2]]
[1] 8.025093


NOTE: Log Print Time:  2022-02-02 11:24:18 
NOTE: Elapsed Time in seconds: 48.6471483707428 

[[1]]
           [,1]     [,2]      [,3]     [,4]
[1,] -0.9841931 12.20793 -30.23427 63.48455

[[2]]
[1] 8.025093


NOTE: Log Print Time:  2022-02-02 11:25:07 
NOTE: Elapsed Time in seconds: 48.2959399223328 

[[1]]
           [,1]     [,2]      [,3]     [,4]
[1,] -0.9841931 12.20793 -30.23427 63.48455

[[2]]
[1] 8.025093


NOTE: Log Print Time:  2022-02-02 11:25:56 
NOTE: Elapsed Time in seconds: 48.8543236255646 

[[1]]
           [,1]     [,2]      [,3]     [,4]
[1,] -0.9841931 12.20793 -30.23427 63.48455

[[2]]
[1] 8.025093


NOTE: Log Print Time:  2022-02-02 11:26:44 
NOTE: Elapsed Time in seconds: 48.4667570590973 

[[1]]
           [,1]     [,2]      [,3]     [,4]
[1,] -0.9841931 12.20793 -30.23427 63.48455

[[2]]
[1] 8.025093


NOTE: Log Print Time:  2022-02-02 11:27:33 
NOTE: Elapsed Time in seconds: 48.8878014087677 

[[1]]
           [,1]     [,2]      [,3]     [,4]
[1,] -0.9841931 12.20793 -30.23427 63.48455

[[2]]
[1] 8.025093


NOTE: Log Print Time:  2022-02-02 11:28:22 
NOTE: Elapsed Time in seconds: 48.7667381763458 

[[1]]
           [,1]     [,2]      [,3]     [,4]
[1,] -0.9841931 12.20793 -30.23427 63.48455

[[2]]
[1] 8.025093


NOTE: Log Print Time:  2022-02-02 11:29:10 
NOTE: Elapsed Time in seconds: 48.4583504199982 

[[1]]
           [,1]     [,2]      [,3]     [,4]
[1,] -0.9841931 12.20793 -30.23427 63.48455

[[2]]
[1] 8.025093


NOTE: Log Print Time:  2022-02-02 11:29:59 
NOTE: Elapsed Time in seconds: 48.7588243484497 

[[1]]
           [,1]     [,2]      [,3]     [,4]
[1,] -0.9841931 12.20793 -30.23427 63.48455

[[2]]
[1] 8.025093


NOTE: Log Print Time:  2022-02-02 11:30:47 
NOTE: Elapsed Time in seconds: 48.3781125545502 

[[1]]
           [,1]     [,2]      [,3]     [,4]
[1,] -0.9841931 12.20793 -30.23427 63.48455

[[2]]
[1] 8.025093


NOTE: Log Print Time:  2022-02-02 11:31:37 
NOTE: Elapsed Time in seconds: 49.4199502468109 

[[1]]
           [,1]     [,2]      [,3]     [,4]
[1,] -0.9841931 12.20793 -30.23427 63.48455

[[2]]
[1] 8.025093


NOTE: Log Print Time:  2022-02-02 11:32:25 
NOTE: Elapsed Time in seconds: 48.600460767746 

[[1]]
           [,1]     [,2]      [,3]     [,4]
[1,] -0.9841931 12.20793 -30.23427 63.48455

[[2]]
[1] 8.025093


NOTE: Log Print Time:  2022-02-02 11:33:14 
NOTE: Elapsed Time in seconds: 48.8747868537903 

[[1]]
           [,1]     [,2]      [,3]     [,4]
[1,] -0.9841931 12.20793 -30.23427 63.48455

[[2]]
[1] 8.025093


NOTE: Log Print Time:  2022-02-02 11:34:03 
NOTE: Elapsed Time in seconds: 48.9054133892059 

[[1]]
           [,1]     [,2]      [,3]     [,4]
[1,] -0.9841931 12.20793 -30.23427 63.48455

[[2]]
[1] 8.025093


NOTE: Log Print Time:  2022-02-02 11:34:52 
NOTE: Elapsed Time in seconds: 48.5591342449188 

[[1]]
           [,1]     [,2]      [,3]     [,4]
[1,] -0.9841931 12.20793 -30.23427 63.48455

[[2]]
[1] 8.025093


NOTE: Log Print Time:  2022-02-02 11:35:41 
NOTE: Elapsed Time in seconds: 49.2109732627869 

