time	current_current_current_par_1	current_current_current_par_2	current_current_current_par_3	current_current_current_par_4	objective_function	worker
2022-02-04 18:03:49	2.60034245668609	-0.687859348924455	185.184274538773	251.01599694293	-1.65793736120991e-07	0
NA	3.1843175879909	-16.9625018929664	232.569172975075	-281.516498990825	-9.25032649449954e-15	0
NA	-1.63392449043289	-30.5553035836387	405.510299315822	39.5643280981046	-0.0065000844841265	0
NA	2.27015541553155	-20.7303319404356	457.770951439052	168.673040279212	-6.23059069029946e-05	0
NA	1.50293926920784	-63.1422787227101	381.552779620309	122.020951986018	-2.27109231008134	0
NA	-0.412108291912137	-44.8366934433432	500	-66.6148705678689	-1.09188973252831	0
NA	-0.570433013796298	-31.3498688602969	358.40677696388	-343.09033667691	-0.884065811210912	0
NA	1.22825010983372	-33.3949053471916	243.666017125301	73.4882851367997	-3.5053792645657	0
NA	0.209281546068882	-28.8410560324099	300.618529722275	-82.48939057531	-6.79344697702507	0
NA	1.74631370385856	-14.7745471128905	135.588200743589	100.132082411417	-0.0352163735066926	0
NA	-0.117494826250885	-28.0889772077238	226.639906038075	-9.88199371528691	-3.7034753959485	0
NA	-0.230691552262583	-15.1361008449161	248.872359017226	233.843078332637	-7.08253450796807	0
NA	2.25297647185001	4.68151135961913	333.083881576186	136.182824722948	-7.98615623756893e-05	0
NA	1.08470318956892	-17.6658164234207	291.756262832384	121.482267986634	-3.06938465826963	0
NA	0.488536894249064	-7.26524864616618	225.754091783346	202.332447415844	-3.75824312267182	0
NA	0.406084486919374	-20.4972241424035	255.459332705472	157.649382155302	-5.56716859308015	0
NA	0.0378575443239002	16.6754775298829	124.431763997654	-72.2663663741257	-3.01540486423754	0
NA	0.489622097075174	-0.935631025093215	284.7388801427	277.66826036355	-2.9866414876597	0
NA	0.236223880237715	-22.570060739772	185.14429016338	164.351761566796	-6.78116368601812	0
NA	0.24354729426248	-24.8432959639098	384.857509790732	133.260520886827	-5.86605268258226	0
NA	0.087151861376185	-29.5775249849345	332.861527035866	257.973684979607	-6.92725490871752	0
NA	-0.28438459776147	16.4786204768361	209.479099944708	-76.6013487011292	-3.65508818901798	0
NA	-2.86643611239478	-6.87970327530178	202.001535618412	151.332674267051	-0.00455321293351379	0
NA	-0.593428164851421	-22.4610896873593	147.064462436155	-333.632094616186	-1.16695371720912	0
NA	-0.940375480001537	-9.93063687396722	304.243498692542	-318.603061026826	-0.0995904582959843	0
NA	-0.645857033394555	-38.691343129909	302.126302760062	137.62019692581	-0.451785008973176	0
NA	-1.34364849265773	-17.089877865568	81.6187753827269	221.77562016418	-0.0096913417797046	0
NA	-1.52995560393043	46.9803267739421	332.633393052802	-126.358142784338	-0.00736778851333203	0
NA	-0.245142462876019	-50.8017746166569	171.942835699009	-5.36778533818671	-1.68774478674434	0
NA	-2.31121371355282	-21.2265863965162	425.983877681428	-61.4496909127203	-0.00486152057985257	0
NA	0.489509493308778	-4.07747080735425	500	-81.0275257931457	-2.93390133574625	0
NA	-0.672011179767206	-75.6890551218322	383.672609908922	56.0707763177887	-0.163549493873464	0
NA	3.06468696459892	-25.4907309835753	165.344540237325	67.6217237242923	-6.53300524397495e-13	0
NA	0.392991304243587	-33.8441901599044	207.619317317146	499.999999999999	-5.80165014613258	0
NA	0.0578824171681878	16.8437419588444	344.06469216682	-118.222509481489	-2.86709998244053	0
NA	-0.0144338003861904	-21.7140536352758	99.2167409242227	244.85028251419	-4.46130515278014	0
NA	-0.425116106259802	-41.281469825112	214.19905729324	401.486510176588	-1.10053659254632	0
NA	0.263115717648717	2.04139573204746	247.809320422343	189.901513738115	-3.37594127356095	0
NA	-1.3052908006989	-29.4910102332688	398.29763485539	417.693211312148	-0.0104319585186102	0
NA	-0.946726642640687	54.8244079079301	300.421770782342	35.3539269218178	-0.83911192469321	0
NA	-0.732723261420609	37.7047313286881	259.33936543748	-58.652949903107	-1.58444249078568	0
NA	-0.475617020054673	-23.9838057326609	106.993493960868	45.3787513389089	-1.72068610563989	0
NA	2.03710392520447	-17.2314241306494	456.465618158076	-151.251178692157	-0.00149300060448192	0
NA	-0.38063488764867	-38.8972033664708	243.993658399114	3.97209916263768	-1.41698340769161	0
NA	-0.0107734220441438	-28.5606072923217	388.318507537246	-401.486176057995	-6.88478252116399	0
NA	-3.29500767616658	-66.156917878174	-51.740848166904	453.21880669548	-0.00446397758950636	0
NA	0.150313787944886	3.64600002616317	461.819248950779	270.838439403552	-3.30526231352761	0
NA	0.273088354911484	-14.493227516378	311.233806394142	270.529787877068	-4.94299384273625	0
NA	-0.0873327605907164	1.58960100737042	376.445114244858	349.134561454295	-4.12128766200037	0
NA	-0.147399235119135	-9.95060384876477	261.110580348722	76.9408556147293	-5.77897067521758	0
NA	-0.372057280264266	-10.2348223787338	261.872876401913	378.463456146437	-5.98815237905117	0
NA	-0.140049442774309	62.0161105003049	427.737922252361	297.378619660027	-2.37377731657518	0
NA	0.172599362217683	-17.8655590769567	125.284403560778	434.149507837638	-7.06927549633311	0
NA	-0.763531936235566	1.20034327026265	143.711866206936	214.932305538156	-1.22551564243191	0
NA	-0.309084695994947	0.407229358709433	85.2333971630611	367.03350348759	-5.41940305955908	0
NA	-0.447178302369802	-39.7955911063628	206.467500367924	319.753319263886	-1.05076685900143	0
NA	-0.578697190025439	3.14663814676364	167.6530230857	321.669946069286	-4.24985714707574	0
NA	-2.79432348936375	3.20729445967779	93.7125247704576	479.885886407835	-0.00457676090013354	0
NA	-0.252761036678543	-16.0125043504458	270.88163714716	1.41653541191602	-7.01637247288667	0
NA	3.12609917004477	14.4228365661746	119.428024939582	22.9958524848197	-7.82690084176021e-14	0
NA	-0.0615285361538117	-55.0130508678828	101.140636823468	325.583780780812	-2.48892475087514	0
NA	-0.111940064286952	12.512685117772	281.840919337035	500	-3.48857329147578	0
NA	-0.655175623334701	-14.9223131681189	250.570656182833	242.478545407991	-1.31876303339886	0
NA	-0.0120312474515403	16.2336345243907	237.307943612892	500	-3.10260906348845	0
NA	-0.396346286729316	9.52862962780087	298.302498554996	213.108090744164	-3.93642889061344	0
NA	-0.677968722708216	-14.6030216089375	137.764201685735	84.567966151457	-1.10274607275477	0
NA	0.226734829296152	10.0138081250747	323.017393137419	244.496514228205	-2.82019490351681	0
NA	1.04974887177324	-15.1522489179993	186.856060741102	249.086452818499	-3.42142614042423	0
NA	-0.541284973665966	-2.48577825116902	-19.0204441359303	107.312990274439	-4.61028987621359	0
NA	1.01861354371838	-64.9405999206395	367.075384993246	162.567866166719	-3.84598382547531	0
2022-02-04 18:07:28	-2.31751076527738	-3.97302639505646	53.3092320704473	213.279978131075	-0.00485579569338308	0
NA	-2.39254005656839	-35.6700481342068	387.99251688846	385.150167675842	-0.00479178287451891	0
NA	2.92604431311094	-2.5973651826307	277.268523628067	476.064678127545	-4.99693380983908e-11	0
NA	-1.80199467677234	-16.0275424031054	391.882411807405	168.673040279212	-0.00578481337554176	0
NA	-0.581282687025121	-17.4421628980723	-113.427949231632	264.798433656788	-1.4874537059072	0
NA	0.655956535622082	-0.971880612366689	441.899825368436	81.3783583256146	-2.36169377641451	0
NA	0.532613541349445	-4.11195812393061	402.678836051753	323.576329989757	-2.96002236521345	0
NA	-0.832957403060304	-15.1197896340147	145.272716368964	-125.209814145619	-0.26608822157152	0
NA	-0.587875655115283	-11.1293329034544	57.5379122165367	168.375706270529	-2.35462869404134	0
NA	2.57161204440117	-76.7651418174549	388.303834318675	201.062344979395	-3.01393764422612e-07	0
NA	-0.795494329931651	-21.5002748480467	317.030733270792	271.711910122845	-0.306829961306116	0
NA	0.278029217190367	27.9679860045196	413.385653742569	376.402342558253	-2.02774886456997	0
NA	-1.00433058236178	-39.091020108076	314.775395159629	-197.150508610385	-0.0372857669266416	0
NA	-0.382379673322937	-5.63162036996716	500	134.432575076351	-4.4006730814863	0
NA	3.47180395652521	-14.8666777192759	186.20864330689	500	-3.19364903310828e-20	0
NA	3.40029334461894	-12.8667498114777	214.048071905231	443.425655204526	-1.03025856042481e-18	0
NA	-0.259196595103696	-45.0101514658582	442.710120498995	-166.436951328276	-1.89060349432553	0
NA	0.712287870094747	-10.4491088783582	273.13078594743	147.833549340906	-3.35439064056327	0
NA	-0.440873477263948	-1.84870089226225	91.3817765761359	497.68509490013	-5.77813412654348	0
NA	0.164701243591468	-26.8356517721256	500	91.410924128719	-5.82337588723416	0
NA	2.83961044694574	-10.2447681423842	186.821908035693	500	-5.591003786293e-10	0
NA	-0.920962916396634	7.95626933232866	2.86704932273986	-3.30450558877209	-0.205297857613417	0
NA	-0.240939792259529	7.17009124204707	163.249787079345	-147.315020687512	-4.3552340423941	0
NA	-0.195041437275909	-55.991719807564	180.201821983292	-0.298761282852922	-1.79614831944682	0
NA	-0.419259172007148	-11.0362351717537	427.238210158912	14.7302723065073	-4.92130850986693	0
NA	-1.47763944047984	27.9753235367576	74.7293667958722	59.1698979259533	-0.00785897036453267	0
NA	-0.860109458640723	-17.7353938563239	244.406530557257	-111.557713169153	-0.186646760724667	0
NA	-0.921235021916009	-19.6863398927246	253.98234052263	-65.5060397103841	-0.0974246422585579	0
NA	-0.704046835821322	15.8648920500097	290.148315500076	161.376477767343	-2.68327816268742	0
NA	1.02211961978051	-22.4689850927096	332.240651781902	4.01215228029392	-3.55587613029694	0
NA	0.542178099487638	2.41406511064129	361.067936465122	230.05748500042	-2.48438375618339	0
NA	-0.284063490468255	-15.0377559177914	304.626875662071	266.948640541136	-6.703291190947	0
NA	1.60384339295331	-26.0275172770916	276.27360295416	400.955057057626	-0.194886151360533	0
NA	0.308613053360684	-73.4118535741802	199.219644118776	500	-3.34461546325624	0
NA	-1.99307171806025	15.370666559721	261.64790868943	61.9523783550634	-0.00529962803855273	0
NA	0.257454189657529	-25.2755473733803	-45.5250163213961	347.186502122299	-4.36186203841559	0
NA	1.30599187218162	-37.9699847976274	500	250.97297101886	-3.00132086819112	0
NA	0.278534863263087	-35.900726502957	172.351121455049	275.765852446137	-4.2595496268697	0
NA	0.280471505998142	-14.2776316662855	243.243854066053	500	-5.20967446290628	0
NA	-0.219179462843998	68.144139005858	123.833046159191	-55.1480984299893	-2.41292562051624	0
NA	0.444429582361809	-28.9619353379786	320.746616833908	102.55060370535	-5.95456943655901	0
NA	-2.58069370385355	-0.327915637830948	35.4821001754406	323.266177205736	-0.0046695906708908	0
NA	0.274525111768029	-7.02948787513289	500	61.3991551539904	-3.71314457622444	0
NA	-0.453509839706234	9.58613803093566	288.741882940241	337.305432495971	-3.68505665483764	0
NA	-0.711385330868261	3.22570378089015	313.897688946639	-68.1528427246618	-2.3248461153255	0
NA	-1.28854657964887	-12.4579152561243	212.630767662138	218.850110881282	-0.0111297358357259	0
NA	0.149860440077614	-43.3754103296478	128.485915617446	407.978788774513	-3.64683441042978	0
NA	3.50263009660195	-3.63609142212847	269.505981510016	413.236932676945	-6.60577869982975e-21	0
NA	-0.0287977307939425	-17.534637266988	154.46747365824	15.8012281209619	-7.4542449473819	0
NA	0.431121995848475	-15.0864199136161	199.827514667843	76.9408556147293	-5.18277729088075	0
NA	0.318576009462041	-29.8529245349479	276.42148674874	500	-6.59580658929033	0
NA	1.45650243779221	19.3311748081181	404.8698262156	182.167635817177	-0.160528266265729	0
NA	-0.175993967625892	-13.0802251522717	214.010481765636	148.145317289669	-6.6431948964907	0
NA	1.27659951989003	-11.1769055761993	-51.9687551153686	52.0250306723643	-1.65230707506284	0
NA	-0.686722297884306	1.88334836186845	-74.8668910330794	38.5334465378387	-2.52116992717066	0
NA	0.357050673577343	-70.4681075876242	110.309004656796	157.767197769052	-3.47195088362769	0
NA	0.120063783455021	-21.4560642542047	124.463096428451	166.666666666667	-6.31864206269082	0
NA	1.54045315181102	-4.9545946567984	181.473383470761	-92.4393740561327	-0.171517676339023	0
NA	0.519804896883446	-17.5488017763541	205.680718523225	325.93129317073	-5.16110626603881	0
NA	-2.04836101735559	-30.6276264236087	12.8749783118887	226.443962275258	-0.00519581087616879	0
NA	0.169164449457156	5.8054690476947	160.273538034403	500	-3.43586336488179	0
NA	0.200641290625994	-37.5310749542643	181.613410629966	166.666666666667	-4.02612552728875	0
NA	1.90698743753337	-16.8926142517786	41.7535408735697	177.932014176339	-0.00675403376095108	0
NA	-0.0390705226072951	-41.2399454774572	322.487996358252	110.358378496028	-3.21701519282704	0
NA	-0.00799394048054847	-5.31087165790525	-42.4923448653673	16.5640453386155	-5.74173435799211	0
NA	0.627803940561031	-21.9036199330131	277.168010344935	372.481674968095	-4.93299593100908	0
NA	0.116979594743711	-24.5636109820564	205.589125015996	166.666666666667	-7.0293135326965	0
NA	-0.820269349768376	-12.7988248206285	71.2074724348942	-10.6988682012404	-0.328813940764633	0
NA	2.13767764105215	-33.8292348753071	373.173600510997	-68.9591702719551	-0.000419485978787624	0
NA	0.407255457484008	-5.43506084258031	142.48143814122	252.88918055405	-4.21970227774653	0
2022-02-04 18:11:08	0.939887476340784	-9.48492219386685	36.9887075689147	164.362261682606	-4.23311470181693	0
NA	-0.903442175302044	-11.469369966705	337.112224277368	-281.516498990825	-0.142439296558524	0
NA	-1.43049334320887	-16.3255390063495	323.11796568542	-12.2932919301196	-0.00826607726568908	0
NA	0.365313860334059	-38.2222232111113	-62.2964039965245	-327.987816020016	-4.04446364792274	0
NA	1.56086703204737	-13.760474813371	199.588556214405	-119.61715098916	-0.192026978094451	0
NA	0.814885633347972	-45.5757827084369	396.437224441336	-164.798252135907	-4.70908160241673	0
NA	0.767686650426497	-65.7224337598913	280.807888883532	28.1761644451197	-3.89253077708027	0
NA	1.2872439250402	-28.6052017965991	336.085621155351	-213.405283627815	-2.84121579849927	0
NA	0.780935119723297	-2.59312109883591	386.335598475994	-348.224297903183	-2.23524906129431	0
NA	-1.56297997565504	37.6321327393519	85.8180914618958	2.73330986529386	-0.00705638003496361	0
NA	1.02275414836874	4.20431799192528	105.912718197572	192.954746897292	-1.30438967183862	0
NA	-0.480001131525232	-76.9985556102409	22.9415947277189	-104.923723648375	-0.386078772713115	0
NA	-1.97588025300184	19.7366344617801	181.898734078678	46.6223292999491	-0.00533465724452818	0
NA	1.63025622245696	-28.7892494925638	286.653554754081	112.852419304039	-0.159902718013861	0
NA	-1.63806360862596	-20.0841453481293	214.284137971926	51.5370381852948	-0.00648492607726653	0
NA	-0.428386072871044	-9.93984506032278	175.974735751636	166.666666666667	-5.38025903032658	0
NA	-0.226969766815495	-37.350955488211	425.034449164089	-166.436951328276	-2.50667689382514	0
NA	-0.479894419862681	-84.4505171366688	87.2826032840179	-106.322245449551	-0.345802422765988	0
NA	0.121485563820294	-32.0766139441683	214.021053424653	-168.981571766537	-4.33315767537578	0
NA	-0.112378302582834	-18.132732612144	-42.2110949193428	-189.006540141286	-4.0987163120787	0
NA	-1.38874695219919	-21.5474018018244	383.572060151101	-61.9156990756878	-0.00884153585248262	0
NA	0.235576025873152	-13.1544147204507	482.085219262372	-48.8092678827832	-4.32974965288037	0
NA	1.03099896475323	-40.2262101671114	305.311246408215	136.931448307429	-4.06319718766201	0
NA	0.28751057265146	-3.18842205793078	188.742163061669	-0.298761282852922	-4.04022668358277	0
NA	0.534823790007933	-23.7272237554218	334.152554331246	-4.96662750677882	-5.12196641152885	0
NA	1.63964224872664	-53.2693894091847	98.6280595016907	61.3613694394868	-0.4518973403477	0
NA	1.61978845461677	-24.7951122551628	356.25225388915	-174.232468974963	-0.155655124378747	0
NA	1.09944054815879	-39.4012815548958	194.880192362	-44.6471017448104	-3.90960609997195	0
NA	1.11617264722828	-61.3337895831017	66.4386139819043	92.9585227602617	-3.71175146827574	0
NA	0.952535609710693	-18.4746516741547	208.412875141129	-56.1395827016788	-4.01290230203554	0
NA	-0.348855939056213	-62.3213566403862	500	-188.600933903244	-0.940101392945252	0
NA	0.513787104359112	14.6994749289502	184.277891030389	-90.9184659987794	-1.96745123230008	0
NA	-0.917991536120473	-24.9710906453919	344.227245676846	-46.7616796958368	-0.0902775705493086	0
NA	-0.499055276490312	12.3260843624591	142.412834202851	138.227881250497	-3.34632979975408	0
NA	1.72142132435566	-33.4484173228956	297.73096712456	-90.2738185556371	-0.0627800567225068	0
NA	0.0252688401311508	-17.9294108554586	356.303261753651	-7.79379535822784	-5.86854685382029	0
NA	-0.473163122591849	-35.7122610789349	155.278743068944	-202.09903426768	-1.07336374268943	0
NA	-0.253806923798901	-12.8685103471035	130.286543865055	-132.790827678776	-6.34712919088498	0
NA	-0.761071712161917	-30.7004993492697	172.610269754352	-4.00517269718327	-0.29119671292187	0
NA	0.26303245331884	-50.3553844799949	-256.219574121308	59.5559896603556	-3.54830177080023	0
NA	0.46805096318717	-57.6110723003998	6.49190679239422	-90.7183755286362	-3.78696145811567	0
NA	0.19564302344475	-27.0789065779385	461.676812330012	11.7658265397923	-5.91264416064455	0
NA	-1.59537711727722	-28.7500224301378	281.41976499187	500	-0.00673100517612009	0
NA	0.0448387723356586	-20.7151746203295	135.097622167026	74.6887356869589	-6.12934575529965	0
NA	0.10158224190093	-28.2850410427293	244.689378834335	-269.216026221201	-6.46367505764086	0
NA	2.14097647600782	-33.2249494781924	130.845372240973	373.162050209452	-0.000400886373905703	0
NA	0.107305475845499	-43.0339414850611	294.829293807815	31.3027742134214	-3.65310870110633	0
NA	-0.91347678835918	-20.6465724436547	232.05014868313	160.508429649266	-0.102698468297754	0
NA	0.0297372990028314	-36.6588755413464	-67.5101669283777	-317.532105212371	-3.44488720671186	0
NA	-1.30514173867262	-12.0631717199823	225.26729353794	-256.392477718604	-0.0106620759721458	0
NA	0.683624831838218	-17.3526885034772	158.090607074485	166.666666666667	-4.84422151172075	0
NA	-0.579389944972311	-31.5743756254476	295.707067344466	-151.165697516156	-0.827331695455898	0
NA	0.288669902355398	-32.9247251924777	125.831186002832	200.845714424682	-4.30422400483469	0
NA	0.848178887544251	23.9315324151368	190.836089312324	126.325409181215	-0.991037416710699	0
NA	0.222412801461333	-25.9626590569536	258.466442300254	-169.246535889563	-6.7160895781518	0
NA	0.555540039104898	-3.80144092095752	111.174525648984	5.97688324543779	-3.76349400193369	0
NA	0.609307471159738	-30.8045026958256	-101.478103856456	-166.666666666667	-4.31574518486574	0
NA	0.245497805578295	-12.1036526808819	123.674827456234	-207.089919389956	-6.31088144517807	0
NA	0.294688296849367	-17.3693970288687	202.899237377618	-7.40204016260378	-5.88954238906642	0
NA	1.28497231597774	7.69102101900644	-125.901428112588	159.031710394133	-0.507480949992145	0
NA	-0.0570789435212565	-60.861197618972	47.33275899088	344.992310441491	-2.33415308201104	0
NA	0.676336927541992	-15.4460549135934	171.637199194317	-166.666666666667	-4.64761194434027	0
NA	2.42059430690936	-17.788046733851	246.96904029394	-7.71209459915559	-5.30614550409113e-06	0
NA	0.189625732119894	13.7716904022562	78.4093933647065	284.28045098516	-2.85150003447092	0
NA	0.337859034213915	-71.9775383245719	101.654717324087	1.96191720344149	-3.41116231173468	0
NA	1.78843647172073	-19.1746070565794	-7.41357170417518	239.514640174874	-0.0243390778147774	0
NA	-0.614890050038	-27.533837018133	52.8840798315903	-166.666666666667	-0.793754337077801	0
NA	-1.19154547467705	-4.50182308727575	94.7324636762947	20.1034639088657	-0.01585422190285	0
NA	-1.19565569228118	-17.5246537434145	327.693710257789	-117.450767136164	-0.0149387219730923	0
NA	2.82950773163577	15.6720330505812	-175.769598671038	48.8478371639186	-7.31574377839928e-10	0
2022-02-04 18:19:25	1.06566350589094	-17.0831153642605	-215.461074238994	-70.2519680354795	-3.93270049734892	0
NA	2.42989115803129	-36.3960253059659	459.265000212105	-264.051709507664	-4.50818902213326e-06	0
NA	-0.724727350327506	-17.37429296557	26.8966809276711	-345.626625263453	-0.648761980244076	0
NA	0.697920303765704	-21.667118656312	271.036929336809	-284.834267480328	-4.76060358259397	0
NA	1.06346985086855	-12.5334271119389	340.809939679953	-21.4115232916711	-2.36082753262678	0
NA	1.52921809959353	-7.92171350051048	246.826041242813	-305.659110312992	-0.203347915753305	0
NA	-0.253664602148449	-36.9395252550209	297.662173191184	-305.157168888214	-2.28533241638962	0
NA	1.32233777424823	-30.5514206791044	2.75228782201776	15.824854264799	-2.8928187391607	0
NA	0.516692742359253	-30.0940729960596	312.338114281825	-14.8909645698497	-5.84776514832765	0
NA	1.45708819697978	-29.0345339273148	50.5859010359819	-29.8918992371653	-1.274008761872	0
NA	0.448657621097419	-37.6412037346022	276.92375280939	-140.378586436041	-5.753695313053	0
NA	-0.27437924990473	-10.3318889435742	112.353558029711	-8.02516416421442	-6.98240604434552	0
NA	1.3574530803315	30.0079325853501	177.13823447748	-168.114445146485	-0.212855899036019	0
NA	0.917211312939057	-30.3769884512785	282.315680305961	-97.0137367288385	-4.37594709047202	0
NA	-2.76876596001744	-15.1615787161592	215.211419517612	166.330163838154	-0.0045859223713849	0
NA	-1.92846500219684	-32.3194697218771	148.99095982851	-103.968276292189	-0.00543359828765394	0
NA	0.418600049583935	29.3157111784557	180.274350913693	-413.924359673813	-1.70041167933137	0
NA	0.282188266201881	-17.7838504700021	142.684193856422	-28.4264868173356	-6.67076798492252	0
NA	0.855263575942591	-16.1810303308684	239.494535863434	164.351761566796	-3.8185740484372	0
NA	0.685804799246609	-28.6331781835652	207.288538703163	144.326793192047	-5.34388043251241	0
NA	-1.60223730624532	-35.8159026107903	340.991888704571	271.417634257646	-0.00668124212839185	0
NA	0.00920625365948013	-29.0044264896012	500	-312.180726564017	-6.39888024032849	0
NA	-1.41963175054282	-17.2460900965893	313.835179622688	-196.401885025904	-0.00840741340266521	0
NA	-0.307044110791721	15.0106062661246	156.659155482628	-333.632094616186	-3.81131079226286	0
NA	-0.749831427122977	-2.37194780086857	446.905907263943	-338.299960840112	-1.23641011997177	0
NA	2.07102782310289	13.397277257482	273.725277999377	84.4518308238159	-0.000929285128651468	0
NA	1.72474854740226	-32.0318305428715	22.9189205558166	-82.040487266343	-0.059111844192039	0
NA	0.202882067632301	27.2653851117709	221.394194113	-157.352780487989	-2.23397622569486	0
NA	-0.605324577711712	-7.8824279664552	177.159545114186	-228.885895037185	-2.81156842932522	0
NA	-2.38079772362264	-16.6672249979187	321.59495433825	-342.038632111538	-0.00480118822762999	0
NA	0.45050590002106	4.34531002628044	500	-220.338910329215	-2.48193969637246	0
NA	0.116313808571116	-51.9671917377165	279.536946068764	-151.374374706666	-3.33278142269152	0
NA	1.43165105605197	-37.5036263201904	236.084014497979	-281.071445646341	-2.07344280684972	0
NA	1.36136877358018	10.2080168180311	74.3852234911945	5.88086818421397	-0.320319358048723	0
NA	1.34375106213293	33.2182493437711	135.643097349089	-236.448189315769	-0.214177405326213	0
NA	0.0269135648957646	-27.5408749872657	300.350406893156	-103.69690418956	-6.94900161742623	0
NA	0.379895650070409	-17.8569295625009	42.4844588730893	-131.749807143465	-5.01355891980337	0
NA	-0.118939835174521	-12.3031963853056	147.437222397964	-261.15752438375	-7.5904362729886	0
NA	2.07934233247415	-0.427787073540816	168.799451857219	52.2139870005646	-0.000857666265446604	0
NA	-0.0839601817867471	48.1466204897584	-37.7643156943072	-193.128758463336	-2.38804835465771	0
NA	-0.170854156311646	24.6268716499301	422.441215297581	-383.895242125228	-3.02711747027718	0
NA	-1.12853996432046	-21.3266216853516	108.208942078563	-284.219552123202	-0.0199397140222951	0
NA	0.052052362997121	-18.6780506213502	307.474408582924	-166.666666666667	-6.17980065902844	0
NA	-0.0760289721373626	-16.3098167025741	147.285254212468	-349.494414508616	-7.33805747587096	0
NA	-0.546778250381983	-1.04233243239574	79.1429822102843	-346.906038395767	-4.83402594974555	0
NA	-0.318435972111584	-41.0513011050454	69.6733475638868	110.515254706564	-1.62068340022611	0
NA	0.35900079298567	-10.7738932605268	155.579694635031	-248.848311731703	-5.12779787841194	0
NA	0.310883278678803	-9.05444207635564	354.144466215632	-57.3936782874498	-4.04692584466601	0
NA	-0.137270672236975	-1.48712865113927	351.392504682493	-220.714874350547	-4.6060242255488	0
NA	1.08194425189988	-10.4576818121028	264.239340331503	-132.244835884263	-2.26570856892336	0
NA	-0.501458870931364	-13.1989065243894	358.626846295081	-118.633186582463	-3.90374594216094	0
NA	0.611464300746627	15.8450056196446	139.798404694589	-1.78418064787824	-1.71519511541186	0
NA	-0.0109156284285518	-15.053386621426	113.977837447062	166.666666666667	-7.55144817389193	0
NA	-0.044835099310738	-0.89532166033468	-171.401709356426	139.27869485364	-5.38012014980299	0
NA	0.0293411625723468	-13.0822339485867	166.666666666667	-341.510148425098	-6.60465192591727	0
NA	-0.551521375346517	-13.334978411823	201.708607734497	-205.294090688445	-2.65852543669667	0
NA	-0.597277821942782	-6.17942699014487	417.512328276222	-203.154813956373	-3.45864751619377	0
NA	-2.58728833938467	-4.90368723917049	189.921611064505	-184.894879359388	-0.00466609314759857	0
NA	-1.67650192488487	-10.5833336445874	203.261554557844	-32.1224425690331	-0.00629134444727906	0
NA	-1.14200852551218	-36.3994922793572	308.26513532346	-453.901056654042	-0.0175242660113634	0
NA	0.124129645135273	-32.7698570308451	-182.19822433038	-14.5598047585538	-3.77949212509643	0
NA	-1.07905711747776	-29.1443619932885	261.451777593624	73.541159810518	-0.0250784305786226	0
NA	-1.65774663043198	-10.1009855646699	192.308063650536	206.748655724894	-0.00638643235033556	0
NA	0.0256258864106501	-9.75138595708047	294.47410908427	166.666666666667	-5.16929911395391	0
NA	0.145387695950019	6.0956849000125	209.871049714977	162.981698569353	-3.40296215441538	0
NA	-0.754891049201514	-12.7891110880359	333.923297633721	-252.940457731788	-0.654336662005427	0
NA	0.511749995603769	-6.88521738288009	286.028272497164	87.6525494840169	-3.45876681734311	0
NA	0.578768062277228	-11.5177873954311	143.976498854865	-226.776962111014	-4.66707661240355	0
NA	1.27659167407283	-11.9707494424609	1.55405435188644	-37.2343197899813	-1.66835271751993	0
NA	1.98645434083356	-19.0522908210121	383.834940595243	107.519094326065	-0.00275546764621442	0
2022-02-04 18:46:56	-0.0901803766502277	-3.65331629847684	384.153841314443	27.2277960379034	-4.58725479878061	0
NA	-0.923490839973766	-50.1096817398913	290.354731278243	4.29916342545369	-0.0575802325019732	0
NA	0.153753888399925	-5.75383907945332	453.511489450564	140.261813501621	-3.98763956106763	0
NA	-0.34589542484552	-30.7215528907029	500	-284.834267480328	-2.3458699317822	0
NA	-1.05196955610816	-46.3922678362818	-115.234385698406	318.336055693504	-0.0261213950468215	0
NA	-1.74836384242216	-34.9941398489781	362.421933703392	-9.29944150058964	-0.00596989642577186	0
NA	1.84022597746001	-12.9330058299009	306.823955203023	-212.115324931293	-0.0134210151802414	0
NA	-0.712685676822346	-12.8889566329706	279.775115619968	-151.485036293047	-0.951918416532216	0
NA	0.0174703941637667	8.23488938936087	238.885691185309	-124.788744988875	-3.53193491899724	0
NA	-0.600835561865245	-61.5743396260362	500	-15.2592560542127	-0.300072623247421	0
NA	-0.557781759187385	-33.5577529480658	229.687813025659	-161.980195300353	-0.826595976833874	0
NA	-0.0075494033576545	-16.3370762876417	321.13065244347	-173.818601667267	-6.06993901875538	0
NA	-1.33710535766348	-49.4073181341503	329.534551377411	-375.759778420925	-0.00955394330236854	0
NA	0.917211312939057	-7.52914967417254	500	-190.02208169982	-2.0984922429851	0
NA	1.67903971134311	-10.6866900675563	146.311564392393	155.745734080017	-0.0623638880726345	0
NA	1.05733707908011	-7.29669276569676	181.409767031454	-26.8645138850727	-2.2242833458431	0
NA	-0.500840702329483	-58.6271511474306	365.63520930922	-30.9514126449835	-0.505731133219131	0
NA	0.116127276202694	12.1282429993869	97.1802760608707	-249.087883574701	-3.13681241503615	0
NA	-0.0334032643795661	-19.1447598434513	126.708063915518	-35.9236253778494	-5.28565153861846	0
NA	-0.246435386502749	-25.2386260311479	168.088918692039	-321.331455529599	-3.15730701994626	0
NA	0.787598185680108	1.10066698896895	148.872827885706	144.10574193104	-2.24127978267112	0
NA	-0.302832638677177	-27.9458242349427	358.905137395616	-312.180726564017	-2.79333859322624	0
NA	0.844477535113223	-10.7979577840968	124.214696090262	122.666305643978	-4.00731951710626	0
NA	0.438202987537586	-53.7364432632527	258.437846550095	124.06769061448	-3.90814415133897	0
NA	0.729529355686905	-32.3390843418122	34.1944609922652	-29.8012443144209	-4.34785543517606	0
NA	-1.20564287378675	-24.6238643776205	-36.3955745808649	111.84911007501	-0.0140917232345864	0
NA	0.508754325385302	-28.013430283277	284.428598152323	-386.231260242989	-5.91133831157961	0
NA	-0.493394187268124	-56.4342298499173	172.376676370141	-357.046886137356	-0.542362808442032	0
NA	0.0505012749047672	-1.55329751499683	212.160976941875	253.285819658992	-4.43409655134493	0
NA	0.875966911970559	-14.741278789752	217.774666330699	-171.571497225232	-3.74146401557851	0
NA	-0.342328187960382	-33.7598427432795	-166.666666666667	-240.268137312431	-1.74466181852637	0
NA	0.0687090041576506	-17.3319861414213	226.199567731576	-220.051257797988	-6.64271450701869	0
NA	-1.45926147977065	5.51991062445055	292.419881211944	236.138588380131	-0.00799241794995536	0
NA	-0.883610632327993	-58.3841149890862	321.237343934343	-127.45804169175	-0.0673913898718192	0
NA	-1.17969905213116	46.6467901293574	337.561846457033	-189.346831013171	-0.0220283521273897	0
NA	-0.0531938848099601	-16.3420965984646	166.791091019672	-100.838331377127	-7.46736286129159	0
NA	0.276639540986022	-13.2205167769538	33.2364108761227	-121.512298704633	-5.41179821620935	0
NA	0.0159272534498594	-11.7378824235077	164.587900930873	-389.524221088723	-6.44645095100326	0
NA	2.56675714991853	-5.95151838612557	108.084232644719	385.547320333898	-3.32389970328341e-07	0
NA	-0.296643620783981	3.83216718984295	-9.94098627981128	-433.799452360452	-7.46202966126647	0
NA	0.543614610164599	-35.7379756500912	500	-339.439955077054	-5.33473869957926	0
NA	-1.75790775512348	-23.4376969563697	272.315699014268	49.1137812101317	-0.00593740709300343	0
NA	0.51002160188292	-2.28047941462103	478.776517568504	-500	-2.77752337610634	0
NA	-0.435886637812219	50.3568499640926	235.485361277271	-352.84453740763	-2.82136007816038	0
NA	-0.481882589502525	-16.5065611313648	181.249607446786	-123.98190433877	-2.76918836334555	0
NA	0.569959568174513	-30.0192561327571	190.220824266046	-222.818078626769	-5.52819733308858	0
NA	-0.24528289780645	-35.7365754895528	309.297454945591	84.48502160163	-2.42154181440162	0
NA	0.167743638820896	-8.3734983987744	20.8111328822988	236.458965569179	-7.28681437008788	0
NA	-0.0945794222114732	6.28854167763123	182.308483262456	112.618458982787	-4.07003459848346	0
NA	-2.18744936734364	-12.1513907121231	109.837297986381	-97.7397290946417	-0.00499450454853772	0
NA	-0.562412467284642	-21.2132226725527	387.805678701576	214.70014675087	-1.62061256152731	0
NA	1.74715424082644	6.10320616736398	292.472707844462	-228.706360259763	-0.0272928069163074	0
NA	-0.289015372774411	-7.91439570263793	172.036571005734	-166.666666666667	-6.48495098390071	0
NA	-0.185864992309023	18.5918534905679	106.087155386848	70.1371494020342	-3.39985505996511	0
NA	-0.769169884686664	18.8265576646096	-20.0027182294062	-19.0006291472686	-2.3399598803165	0
NA	-0.624848940609914	-32.2154317425098	102.942873460303	128.039242644888	-0.623577069782095	0
NA	-0.274705384376436	-7.87484960983974	84.1789949428891	-171.922086849407	-7.29208803659515	0
NA	0.746044993948662	5.58079825725074	187.136137790582	-449.022988642579	-1.92870054275873	0
NA	1.28735214625599	-10.6237572192006	217.218915030927	262.424839651391	-1.16905996407546	0
NA	-1.31305344244433	-13.5892866797964	208.312834874938	-120.567723320709	-0.010433702156169	0
NA	0.0941236935441395	2.5384884448814	151.135109002953	212.213180664564	-4.03152249160461	0
NA	-0.0153774423155006	-37.0284422805263	116.79446519765	305.560725638621	-3.38322024183018	0
NA	-1.89920457153686	-11.6627390484696	62.9570951591574	187.343807381628	-0.00550604413544163	0
NA	-0.0280837516569514	-23.2755238217636	298.569152043054	-166.666666666667	-6.96231359871771	0
NA	-0.0341507514140585	2.59174709512256	125.232876607751	-170.35163476398	-4.53792753189239	0
NA	1.38435552903212	-22.1948418641073	123.649917085344	-398.249713059429	-1.49343709109372	0
NA	0.0701000017935433	-8.05204288829048	143.513692891779	-169.809604334526	-5.87098816360215	0
NA	-0.81761743917371	-10.4932168670549	118.799537284483	-60.757250910111	-0.372227389346456	0
NA	1.53317809199421	-22.9809787184473	130.891601450759	-370.567653123315	-0.374798750677502	0
NA	-1.34687899249977	5.79683177892104	157.88620003713	100.685169856606	-0.00985155671620262	0
