========================================================================= 
Log Path: /scratch/wanglu57/job_scripts/log/2022-03-05_si-G-log-emp_ga.log 
Program Path: /scratch/wanglu57/job_scripts/2022-03-05_si-G-log-emp.R 
Working Directory: /scratch/wanglu57/job_scripts 
User Name: wanglu57 
R Version: 4.0.2 (2020-06-22) 
Machine: cdr2407.int.cedar.computecanada.ca x86_64 
Operating System: Linux 3.10.0-1160.36.2.el7.x86_64 #1 SMP Wed Jul 21 11:57:15 UTC 2021 
[1] "Base Packages: parallel stats graphics grDevices utils datasets methods\n               base \nOther Packages: doRNG_1.8.2 rngtools_1.5.2 here_1.0.1 GA_3.2.2 doParallel_1.0.16\n                iterators_1.0.13 foreach_1.5.1 "
Log Start Time: 2022-03-06 11:49:08 
========================================================================= 

[[1]]
           [,1]     [,2]     [,3]      [,4]
[1,] -0.7300507 54.12228 953.2446 -755.1746

[[2]]
[1] 4.329143


NOTE: Log Print Time:  2022-03-06 11:50:19 
NOTE: Elapsed Time in seconds: 1.18950875600179 

[[1]]
           [,1]     [,2]     [,3]      [,4]
[1,] -0.7300507 54.12228 953.2446 -755.1746

[[2]]
[1] 4.329143


NOTE: Log Print Time:  2022-03-06 11:51:22 
NOTE: Elapsed Time in seconds: 1.0564530134201 

[[1]]
           [,1]   [,2]    [,3]      [,4]
[1,] -0.1830077 -61.05 228.948 -84.03444

[[2]]
[1] 5.126762


NOTE: Log Print Time:  2022-03-06 11:52:23 
NOTE: Elapsed Time in seconds: 1.01793327331543 

[[1]]
           [,1]   [,2]    [,3]      [,4]
[1,] -0.1830077 -61.05 228.948 -84.03444

[[2]]
[1] 5.126762


NOTE: Log Print Time:  2022-03-06 11:53:24 
NOTE: Elapsed Time in seconds: 1.0090959072113 

[[1]]
           [,1]   [,2]    [,3]      [,4]
[1,] -0.1830077 -61.05 228.948 -84.03444

[[2]]
[1] 5.126762


NOTE: Log Print Time:  2022-03-06 11:54:24 
NOTE: Elapsed Time in seconds: 59.865734577179 

[[1]]
           [,1]   [,2]    [,3]      [,4]
[1,] -0.1830077 -61.05 228.948 -84.03444

[[2]]
[1] 5.126762


NOTE: Log Print Time:  2022-03-06 11:55:25 
NOTE: Elapsed Time in seconds: 1.02356070677439 

[[1]]
           [,1]   [,2]    [,3]      [,4]
[1,] -0.1830077 -61.05 228.948 -84.03444

[[2]]
[1] 5.126762


NOTE: Log Print Time:  2022-03-06 11:56:25 
NOTE: Elapsed Time in seconds: 59.4095976352692 

[[1]]
           [,1]   [,2]    [,3]      [,4]
[1,] -0.1830077 -61.05 228.948 -84.03444

[[2]]
[1] 5.126762


NOTE: Log Print Time:  2022-03-06 11:57:25 
NOTE: Elapsed Time in seconds: 59.9385945796967 

[[1]]
           [,1]   [,2]    [,3]      [,4]
[1,] -0.1830077 -61.05 228.948 -84.03444

[[2]]
[1] 5.126762


NOTE: Log Print Time:  2022-03-06 11:58:24 
NOTE: Elapsed Time in seconds: 59.1645629405975 

[[1]]
           [,1]   [,2]    [,3]      [,4]
[1,] -0.1830077 -61.05 228.948 -84.03444

[[2]]
[1] 5.126762


NOTE: Log Print Time:  2022-03-06 11:59:24 
NOTE: Elapsed Time in seconds: 59.9352023601532 

[[1]]
           [,1]   [,2]    [,3]      [,4]
[1,] -0.1830077 -61.05 228.948 -84.03444

[[2]]
[1] 5.126762


NOTE: Log Print Time:  2022-03-06 12:00:23 
NOTE: Elapsed Time in seconds: 59.6206254959106 

[[1]]
           [,1]   [,2]    [,3]      [,4]
[1,] -0.1830077 -61.05 228.948 -84.03444

[[2]]
[1] 5.126762


NOTE: Log Print Time:  2022-03-06 12:01:24 
NOTE: Elapsed Time in seconds: 1.01080854336421 

[[1]]
           [,1]   [,2]    [,3]      [,4]
[1,] -0.1830077 -61.05 228.948 -84.03444

[[2]]
[1] 5.126762


NOTE: Log Print Time:  2022-03-06 12:02:25 
NOTE: Elapsed Time in seconds: 1.01052259206772 

[[1]]
           [,1]   [,2]    [,3]      [,4]
[1,] -0.1830077 -61.05 228.948 -84.03444

[[2]]
[1] 5.126762


NOTE: Log Print Time:  2022-03-06 12:03:29 
NOTE: Elapsed Time in seconds: 1.06664328575134 

[[1]]
           [,1]   [,2]    [,3]      [,4]
[1,] -0.1830077 -61.05 228.948 -84.03444

[[2]]
[1] 5.126762


NOTE: Log Print Time:  2022-03-06 12:04:29 
NOTE: Elapsed Time in seconds: 59.8898675441742 

[[1]]
           [,1]   [,2]    [,3]      [,4]
[1,] -0.1830077 -61.05 228.948 -84.03444

[[2]]
[1] 5.126762


NOTE: Log Print Time:  2022-03-06 12:05:30 
NOTE: Elapsed Time in seconds: 1.0277466694514 

[[1]]
           [,1]   [,2]    [,3]      [,4]
[1,] -0.1830077 -61.05 228.948 -84.03444

[[2]]
[1] 5.126762


NOTE: Log Print Time:  2022-03-06 12:06:31 
NOTE: Elapsed Time in seconds: 1.0192595521609 

[[1]]
           [,1]   [,2]    [,3]      [,4]
[1,] -0.1830077 -61.05 228.948 -84.03444

[[2]]
[1] 5.126762


NOTE: Log Print Time:  2022-03-06 12:07:30 
NOTE: Elapsed Time in seconds: 58.5060298442841 

[[1]]
           [,1]   [,2]    [,3]      [,4]
[1,] -0.1830077 -61.05 228.948 -84.03444

[[2]]
[1] 5.126762


NOTE: Log Print Time:  2022-03-06 12:08:33 
NOTE: Elapsed Time in seconds: 1.04439763228099 

[[1]]
           [,1]   [,2]    [,3]      [,4]
[1,] -0.1830077 -61.05 228.948 -84.03444

[[2]]
[1] 5.126762


NOTE: Log Print Time:  2022-03-06 12:09:34 
NOTE: Elapsed Time in seconds: 1.02543376286825 

[[1]]
           [,1]   [,2]    [,3]      [,4]
[1,] -0.1830077 -61.05 228.948 -84.03444

[[2]]
[1] 5.126762


NOTE: Log Print Time:  2022-03-06 12:10:36 
NOTE: Elapsed Time in seconds: 1.02664080460866 

[[1]]
           [,1]   [,2]    [,3]      [,4]
[1,] -0.1830077 -61.05 228.948 -84.03444

[[2]]
[1] 5.126762


NOTE: Log Print Time:  2022-03-06 12:11:35 
NOTE: Elapsed Time in seconds: 59.2870855331421 

[[1]]
           [,1]   [,2]    [,3]      [,4]
[1,] -0.1830077 -61.05 228.948 -84.03444

[[2]]
[1] 5.126762


NOTE: Log Print Time:  2022-03-06 12:12:35 
NOTE: Elapsed Time in seconds: 59.6315352916718 

[[1]]
           [,1]   [,2]    [,3]      [,4]
[1,] -0.1830077 -61.05 228.948 -84.03444

[[2]]
[1] 5.126762


NOTE: Log Print Time:  2022-03-06 12:13:35 
NOTE: Elapsed Time in seconds: 1.00401502052943 

[[1]]
           [,1]      [,2]    [,3]      [,4]
[1,] -0.2427126 -60.52945 297.722 -126.3144

[[2]]
[1] 5.143152


NOTE: Log Print Time:  2022-03-06 12:14:37 
NOTE: Elapsed Time in seconds: 1.03106046915054 

[[1]]
           [,1]      [,2]    [,3]      [,4]
[1,] -0.2427126 -60.52945 297.722 -126.3144

[[2]]
[1] 5.143152


NOTE: Log Print Time:  2022-03-06 12:15:37 
NOTE: Elapsed Time in seconds: 1.00900254646937 

[[1]]
           [,1]      [,2]    [,3]      [,4]
[1,] -0.2427126 -60.52945 297.722 -126.3144

[[2]]
[1] 5.143152


NOTE: Log Print Time:  2022-03-06 12:16:41 
NOTE: Elapsed Time in seconds: 1.06670407454173 

[[1]]
           [,1]      [,2]    [,3]      [,4]
[1,] -0.2427126 -60.52945 297.722 -126.3144

[[2]]
[1] 5.143152


NOTE: Log Print Time:  2022-03-06 12:17:40 
NOTE: Elapsed Time in seconds: 59.1799757480621 

[[1]]
           [,1]      [,2]     [,3]      [,4]
[1,] -0.5334384 -32.08713 541.4379 -313.1763

[[2]]
[1] 5.193874


NOTE: Log Print Time:  2022-03-06 12:18:45 
NOTE: Elapsed Time in seconds: 1.07272417545319 

[[1]]
           [,1]      [,2]     [,3]      [,4]
[1,] -0.5334384 -32.08713 541.4379 -313.1763

[[2]]
[1] 5.193874


NOTE: Log Print Time:  2022-03-06 12:19:47 
NOTE: Elapsed Time in seconds: 1.02995040814082 

[[1]]
           [,1]      [,2]     [,3]      [,4]
[1,] -0.5334384 -32.08713 541.4379 -313.1763

[[2]]
[1] 5.193874


NOTE: Log Print Time:  2022-03-06 12:20:47 
NOTE: Elapsed Time in seconds: 1.00974706411362 

[[1]]
           [,1]      [,2]     [,3]      [,4]
[1,] -0.5334384 -32.08713 541.4379 -313.1763

[[2]]
[1] 5.193874


NOTE: Log Print Time:  2022-03-06 12:21:51 
NOTE: Elapsed Time in seconds: 1.07221134901047 

[[1]]
           [,1]      [,2]     [,3]      [,4]
[1,] -0.5334384 -32.08713 541.4379 -313.1763

[[2]]
[1] 5.193874


NOTE: Log Print Time:  2022-03-06 12:22:52 
NOTE: Elapsed Time in seconds: 1.00321266253789 

[[1]]
           [,1]      [,2]     [,3]      [,4]
[1,] -0.5334384 -32.08713 541.4379 -313.1763

[[2]]
[1] 5.193874


NOTE: Log Print Time:  2022-03-06 12:23:53 
NOTE: Elapsed Time in seconds: 1.02016893227895 

[[1]]
           [,1]      [,2]     [,3]      [,4]
[1,] -0.5334384 -32.08713 541.4379 -313.1763

[[2]]
[1] 5.193874


NOTE: Log Print Time:  2022-03-06 12:24:54 
NOTE: Elapsed Time in seconds: 1.01929574410121 

[[1]]
           [,1]      [,2]     [,3]      [,4]
[1,] -0.5334384 -32.08713 541.4379 -313.1763

[[2]]
[1] 5.193874


NOTE: Log Print Time:  2022-03-06 12:25:54 
NOTE: Elapsed Time in seconds: 59.7669303417206 

[[1]]
           [,1]      [,2]     [,3]      [,4]
[1,] -0.5334384 -32.08713 541.4379 -313.1763

[[2]]
[1] 5.193874


NOTE: Log Print Time:  2022-03-06 12:26:55 
NOTE: Elapsed Time in seconds: 1.01470115979513 

[[1]]
           [,1]      [,2]     [,3]      [,4]
[1,] -0.5334384 -32.08713 541.4379 -313.1763

[[2]]
[1] 5.193874


NOTE: Log Print Time:  2022-03-06 12:27:54 
NOTE: Elapsed Time in seconds: 59.0458176136017 

[[1]]
           [,1]      [,2]     [,3]      [,4]
[1,] -0.5334384 -32.08713 541.4379 -313.1763

[[2]]
[1] 5.193874


NOTE: Log Print Time:  2022-03-06 12:28:53 
NOTE: Elapsed Time in seconds: 59.2695755958557 

[[1]]
           [,1]      [,2]     [,3]      [,4]
[1,] -0.2701328 -51.04639 243.4693 -103.1318

[[2]]
[1] 5.239606


NOTE: Log Print Time:  2022-03-06 12:29:52 
NOTE: Elapsed Time in seconds: 58.9734263420105 

[[1]]
           [,1]      [,2]     [,3]      [,4]
[1,] -0.2701328 -51.04639 243.4693 -103.1318

[[2]]
[1] 5.239606


NOTE: Log Print Time:  2022-03-06 12:30:53 
NOTE: Elapsed Time in seconds: 1.02347695827484 

[[1]]
           [,1]      [,2]     [,3]      [,4]
[1,] -0.2701328 -51.04639 243.4693 -103.1318

[[2]]
[1] 5.239606


NOTE: Log Print Time:  2022-03-06 12:31:55 
NOTE: Elapsed Time in seconds: 1.02424493233363 

[[1]]
           [,1]      [,2]     [,3]      [,4]
[1,] -0.2701328 -51.04639 243.4693 -103.1318

[[2]]
[1] 5.239606


NOTE: Log Print Time:  2022-03-06 12:32:55 
NOTE: Elapsed Time in seconds: 1.00115390221278 

[[1]]
           [,1]      [,2]     [,3]      [,4]
[1,] -0.2701328 -51.04639 243.4693 -103.1318

[[2]]
[1] 5.239606


NOTE: Log Print Time:  2022-03-06 12:33:56 
NOTE: Elapsed Time in seconds: 1.02392249504725 

[[1]]
           [,1]      [,2]     [,3]      [,4]
[1,] -0.4309539 -71.42305 311.3131 -136.1656

[[2]]
[1] 5.298984


NOTE: Log Print Time:  2022-03-06 12:34:58 
NOTE: Elapsed Time in seconds: 1.01997135082881 

[[1]]
           [,1]      [,2]     [,3]      [,4]
[1,] -0.4309539 -71.42305 311.3131 -136.1656

[[2]]
[1] 5.298984


NOTE: Log Print Time:  2022-03-06 12:35:59 
NOTE: Elapsed Time in seconds: 1.03227474689484 

[[1]]
           [,1]      [,2]     [,3]      [,4]
[1,] -0.4309539 -71.42305 311.3131 -136.1656

[[2]]
[1] 5.298984


NOTE: Log Print Time:  2022-03-06 12:37:00 
NOTE: Elapsed Time in seconds: 1.00077659686406 

[[1]]
           [,1]      [,2]     [,3]      [,4]
[1,] -0.4309539 -71.42305 311.3131 -136.1656

[[2]]
[1] 5.298984


NOTE: Log Print Time:  2022-03-06 12:38:01 
NOTE: Elapsed Time in seconds: 1.02711298465729 

[[1]]
           [,1]      [,2]     [,3]      [,4]
[1,] -0.4309539 -71.42305 311.3131 -136.1656

[[2]]
[1] 5.298984


NOTE: Log Print Time:  2022-03-06 12:39:01 
NOTE: Elapsed Time in seconds: 59.5269694328308 

[[1]]
           [,1]      [,2]     [,3]      [,4]
[1,] -0.4309539 -71.42305 311.3131 -136.1656

[[2]]
[1] 5.298984


NOTE: Log Print Time:  2022-03-06 12:40:01 
NOTE: Elapsed Time in seconds: 59.9109046459198 

[[1]]
           [,1]      [,2]     [,3]      [,4]
[1,] -0.4309539 -71.42305 311.3131 -136.1656

[[2]]
[1] 5.298984


NOTE: Log Print Time:  2022-03-06 12:41:01 
NOTE: Elapsed Time in seconds: 59.9958000183105 

[[1]]
           [,1]      [,2]     [,3]      [,4]
[1,] -0.4309539 -71.42305 311.3131 -136.1656

[[2]]
[1] 5.298984


NOTE: Log Print Time:  2022-03-06 12:42:03 
NOTE: Elapsed Time in seconds: 1.04164708852768 

[[1]]
           [,1]      [,2]     [,3]      [,4]
[1,] -0.4309539 -71.42305 311.3131 -136.1656

[[2]]
[1] 5.298984


NOTE: Log Print Time:  2022-03-06 12:43:03 
NOTE: Elapsed Time in seconds: 59.8295404911041 

[[1]]
           [,1]      [,2]     [,3]      [,4]
[1,] -0.4309539 -71.42305 311.3131 -136.1656

[[2]]
[1] 5.298984


NOTE: Log Print Time:  2022-03-06 12:44:04 
NOTE: Elapsed Time in seconds: 1.02417866388957 

[[1]]
           [,1]      [,2]     [,3]      [,4]
[1,] -0.4309539 -71.42305 311.3131 -136.1656

[[2]]
[1] 5.298984


NOTE: Log Print Time:  2022-03-06 12:45:04 
NOTE: Elapsed Time in seconds: 59.6167430877686 

[[1]]
           [,1]      [,2]     [,3]      [,4]
[1,] -0.4309539 -71.42305 311.3131 -136.1656

[[2]]
[1] 5.298984


NOTE: Log Print Time:  2022-03-06 12:46:05 
NOTE: Elapsed Time in seconds: 1.02477695147196 

[[1]]
           [,1]      [,2]     [,3]      [,4]
[1,] -0.4309539 -71.42305 311.3131 -136.1656

[[2]]
[1] 5.298984


NOTE: Log Print Time:  2022-03-06 12:47:08 
NOTE: Elapsed Time in seconds: 1.04980939229329 

[[1]]
           [,1]      [,2]     [,3]      [,4]
[1,] -0.4309539 -71.42305 311.3131 -136.1656

[[2]]
[1] 5.298984


NOTE: Log Print Time:  2022-03-06 12:48:09 
NOTE: Elapsed Time in seconds: 1.01607215801875 

[[1]]
           [,1]      [,2]     [,3]      [,4]
[1,] -0.4309539 -71.42305 311.3131 -136.1656

[[2]]
[1] 5.298984


NOTE: Log Print Time:  2022-03-06 12:49:11 
NOTE: Elapsed Time in seconds: 1.02260454893112 

[[1]]
           [,1]      [,2]     [,3]      [,4]
[1,] -0.4309539 -71.42305 311.3131 -136.1656

[[2]]
[1] 5.298984


NOTE: Log Print Time:  2022-03-06 12:50:11 
NOTE: Elapsed Time in seconds: 1.00429037014643 

[[1]]
           [,1]      [,2]     [,3]      [,4]
[1,] -0.4309539 -71.42305 311.3131 -136.1656

[[2]]
[1] 5.298984


NOTE: Log Print Time:  2022-03-06 12:51:12 
NOTE: Elapsed Time in seconds: 1.01342940330505 

[[1]]
           [,1]      [,2]     [,3]      [,4]
[1,] -0.4918849 -67.63516 381.1057 -183.8057

[[2]]
[1] 5.373313


NOTE: Log Print Time:  2022-03-06 12:52:12 
NOTE: Elapsed Time in seconds: 59.7544436454773 

[[1]]
           [,1]      [,2]     [,3]      [,4]
[1,] -0.4918849 -67.63516 381.1057 -183.8057

[[2]]
[1] 5.373313


NOTE: Log Print Time:  2022-03-06 12:53:14 
NOTE: Elapsed Time in seconds: 1.0323072274526 

[[1]]
           [,1]      [,2]     [,3]      [,4]
[1,] -0.4918849 -67.63516 381.1057 -183.8057

[[2]]
[1] 5.373313


NOTE: Log Print Time:  2022-03-06 12:54:15 
NOTE: Elapsed Time in seconds: 1.03268491029739 

[[1]]
           [,1]      [,2]     [,3]      [,4]
[1,] -0.4918849 -67.63516 381.1057 -183.8057

[[2]]
[1] 5.373313


NOTE: Log Print Time:  2022-03-06 12:55:18 
NOTE: Elapsed Time in seconds: 1.04207397301992 

[[1]]
           [,1]      [,2]     [,3]      [,4]
[1,] -0.4918849 -67.63516 381.1057 -183.8057

[[2]]
[1] 5.373313


NOTE: Log Print Time:  2022-03-06 12:56:20 
NOTE: Elapsed Time in seconds: 1.03872838417689 

[[1]]
           [,1]      [,2]     [,3]      [,4]
[1,] -0.4918849 -67.63516 381.1057 -183.8057

[[2]]
[1] 5.373313


NOTE: Log Print Time:  2022-03-06 12:57:21 
NOTE: Elapsed Time in seconds: 1.01455030441284 

[[1]]
           [,1]      [,2]     [,3]      [,4]
[1,] -0.4918849 -67.63516 381.1057 -183.8057

[[2]]
[1] 5.373313


NOTE: Log Print Time:  2022-03-06 12:58:25 
NOTE: Elapsed Time in seconds: 1.05609801212947 

[[1]]
           [,1]      [,2]     [,3]      [,4]
[1,] -0.4918849 -67.63516 381.1057 -183.8057

[[2]]
[1] 5.373313


NOTE: Log Print Time:  2022-03-06 12:59:25 
NOTE: Elapsed Time in seconds: 1.00698798497518 

[[1]]
           [,1]      [,2]     [,3]      [,4]
[1,] -0.4918849 -67.63516 381.1057 -183.8057

[[2]]
[1] 5.373313


NOTE: Log Print Time:  2022-03-06 13:00:26 
NOTE: Elapsed Time in seconds: 1.00907605091731 

[[1]]
           [,1]      [,2]     [,3]      [,4]
[1,] -0.4918849 -67.63516 381.1057 -183.8057

[[2]]
[1] 5.373313


NOTE: Log Print Time:  2022-03-06 13:01:27 
NOTE: Elapsed Time in seconds: 1.03048644065857 

[[1]]
           [,1]      [,2]     [,3]      [,4]
[1,] -0.4918849 -67.63516 381.1057 -183.8057

[[2]]
[1] 5.373313


NOTE: Log Print Time:  2022-03-06 13:02:30 
NOTE: Elapsed Time in seconds: 1.03675724665324 

[[1]]
           [,1]      [,2]     [,3]      [,4]
[1,] -0.4918849 -67.63516 381.1057 -183.8057

[[2]]
[1] 5.373313


NOTE: Log Print Time:  2022-03-06 13:03:32 
NOTE: Elapsed Time in seconds: 1.0361315647761 

[[1]]
           [,1]      [,2]     [,3]      [,4]
[1,] -0.4918849 -67.63516 381.1057 -183.8057

[[2]]
[1] 5.373313


NOTE: Log Print Time:  2022-03-06 13:04:32 
NOTE: Elapsed Time in seconds: 1.01173183520635 

[[1]]
           [,1]      [,2]     [,3]      [,4]
[1,] -0.4918849 -67.63516 381.1057 -183.8057

[[2]]
[1] 5.373313


NOTE: Log Print Time:  2022-03-06 13:05:36 
NOTE: Elapsed Time in seconds: 1.05456847349803 

[[1]]
           [,1]      [,2]     [,3]      [,4]
[1,] -0.4918849 -67.63516 381.1057 -183.8057

[[2]]
[1] 5.373313


NOTE: Log Print Time:  2022-03-06 13:06:36 
NOTE: Elapsed Time in seconds: 1.00086404085159 

[[1]]
           [,1]      [,2]     [,3]      [,4]
[1,] -0.4918849 -67.63516 381.1057 -183.8057

[[2]]
[1] 5.373313


NOTE: Log Print Time:  2022-03-06 13:07:36 
NOTE: Elapsed Time in seconds: 1.01184329589208 

[[1]]
           [,1]      [,2]     [,3]      [,4]
[1,] -0.4918849 -67.63516 381.1057 -183.8057

[[2]]
[1] 5.373313


NOTE: Log Print Time:  2022-03-06 13:08:39 
NOTE: Elapsed Time in seconds: 1.04875164826711 

[[1]]
           [,1]      [,2]     [,3]      [,4]
[1,] -0.4918849 -67.63516 381.1057 -183.8057

[[2]]
[1] 5.373313


NOTE: Log Print Time:  2022-03-06 13:09:39 
NOTE: Elapsed Time in seconds: 1.00147369702657 

[[1]]
           [,1]      [,2]     [,3]      [,4]
[1,] -0.4918849 -67.63516 381.1057 -183.8057

[[2]]
[1] 5.373313


NOTE: Log Print Time:  2022-03-06 13:10:40 
NOTE: Elapsed Time in seconds: 1.00405657291412 

[[1]]
           [,1]      [,2]     [,3]      [,4]
[1,] -0.4918849 -67.63516 381.1057 -183.8057

[[2]]
[1] 5.373313


NOTE: Log Print Time:  2022-03-06 13:11:44 
NOTE: Elapsed Time in seconds: 1.0690802415212 

[[1]]
           [,1]      [,2]     [,3]      [,4]
[1,] -0.4918849 -67.63516 381.1057 -183.8057

[[2]]
[1] 5.373313


NOTE: Log Print Time:  2022-03-06 13:12:45 
NOTE: Elapsed Time in seconds: 1.01366593043009 

[[1]]
           [,1]      [,2]     [,3]      [,4]
[1,] -0.4918849 -67.63516 381.1057 -183.8057

[[2]]
[1] 5.373313


NOTE: Log Print Time:  2022-03-06 13:13:45 
NOTE: Elapsed Time in seconds: 1.00760825475057 

[[1]]
           [,1]      [,2]     [,3]      [,4]
[1,] -0.4918849 -67.63516 381.1057 -183.8057

[[2]]
[1] 5.373313


NOTE: Log Print Time:  2022-03-06 13:14:47 
NOTE: Elapsed Time in seconds: 1.02878363529841 

[[1]]
           [,1]      [,2]     [,3]      [,4]
[1,] -0.4918849 -67.63516 381.1057 -183.8057

[[2]]
[1] 5.373313


NOTE: Log Print Time:  2022-03-06 13:15:49 
NOTE: Elapsed Time in seconds: 1.02784649531047 

[[1]]
           [,1]      [,2]     [,3]      [,4]
[1,] -0.4918849 -67.63516 381.1057 -183.8057

[[2]]
[1] 5.373313


NOTE: Log Print Time:  2022-03-06 13:16:50 
NOTE: Elapsed Time in seconds: 1.02961624463399 

[[1]]
           [,1]      [,2]     [,3]      [,4]
[1,] -0.4918849 -67.63516 381.1057 -183.8057

[[2]]
[1] 5.373313


NOTE: Log Print Time:  2022-03-06 13:17:52 
NOTE: Elapsed Time in seconds: 1.0214250087738 

[[1]]
           [,1]      [,2]     [,3]      [,4]
[1,] -0.4918849 -67.63516 381.1057 -183.8057

[[2]]
[1] 5.373313


NOTE: Log Print Time:  2022-03-06 13:18:52 
NOTE: Elapsed Time in seconds: 59.9202599525452 

[[1]]
           [,1]      [,2]     [,3]      [,4]
[1,] -0.4918849 -67.63516 381.1057 -183.8057

[[2]]
[1] 5.373313


NOTE: Log Print Time:  2022-03-06 13:19:54 
NOTE: Elapsed Time in seconds: 1.03611339728038 

[[1]]
           [,1]      [,2]     [,3]      [,4]
[1,] -0.4304399 -76.08659 380.2511 -173.1011

[[2]]
[1] 5.386112


NOTE: Log Print Time:  2022-03-06 13:20:56 
NOTE: Elapsed Time in seconds: 1.03597564697266 

[[1]]
           [,1]      [,2]     [,3]      [,4]
[1,] -0.4304399 -76.08659 380.2511 -173.1011

[[2]]
[1] 5.386112


NOTE: Log Print Time:  2022-03-06 13:21:56 
NOTE: Elapsed Time in seconds: 1.00973701079686 

[[1]]
           [,1]      [,2]     [,3]      [,4]
[1,] -0.4304399 -76.08659 380.2511 -173.1011

[[2]]
[1] 5.386112


NOTE: Log Print Time:  2022-03-06 13:22:57 
NOTE: Elapsed Time in seconds: 1.01302668650945 

[[1]]
           [,1]      [,2]     [,3]      [,4]
[1,] -0.4304399 -76.08659 380.2511 -173.1011

[[2]]
[1] 5.386112


NOTE: Log Print Time:  2022-03-06 13:23:57 
NOTE: Elapsed Time in seconds: 1.00127634604772 

[[1]]
           [,1]      [,2]     [,3]      [,4]
[1,] -0.4304399 -76.08659 380.2511 -173.1011

[[2]]
[1] 5.386112


NOTE: Log Print Time:  2022-03-06 13:24:59 
NOTE: Elapsed Time in seconds: 1.02778174082438 

[[1]]
           [,1]      [,2]     [,3]      [,4]
[1,] -0.4304399 -76.08659 380.2511 -173.1011

[[2]]
[1] 5.386112


NOTE: Log Print Time:  2022-03-06 13:25:59 
NOTE: Elapsed Time in seconds: 59.8522565364838 

[[1]]
           [,1]      [,2]     [,3]      [,4]
[1,] -0.4304399 -76.08659 380.2511 -173.1011

[[2]]
[1] 5.386112


NOTE: Log Print Time:  2022-03-06 13:27:00 
NOTE: Elapsed Time in seconds: 1.02467691500982 

[[1]]
           [,1]      [,2]     [,3]      [,4]
[1,] -0.4304399 -76.08659 380.2511 -173.1011

[[2]]
[1] 5.386112


NOTE: Log Print Time:  2022-03-06 13:28:03 
NOTE: Elapsed Time in seconds: 1.03981063763301 

[[1]]
           [,1]      [,2]     [,3]      [,4]
[1,] -0.4304399 -76.08659 380.2511 -173.1011

[[2]]
[1] 5.386112


NOTE: Log Print Time:  2022-03-06 13:29:02 
NOTE: Elapsed Time in seconds: 59.243586063385 

[[1]]
           [,1]      [,2]     [,3]      [,4]
[1,] -0.4304399 -76.08659 380.2511 -173.1011

[[2]]
[1] 5.386112


NOTE: Log Print Time:  2022-03-06 13:30:03 
NOTE: Elapsed Time in seconds: 1.01435317198435 

[[1]]
           [,1]      [,2]     [,3]      [,4]
[1,] -0.4304399 -76.08659 380.2511 -173.1011

[[2]]
[1] 5.386112


NOTE: Log Print Time:  2022-03-06 13:31:03 
NOTE: Elapsed Time in seconds: 1.01067707935969 

[[1]]
           [,1]      [,2]     [,3]      [,4]
[1,] -0.4304399 -76.08659 380.2511 -173.1011

[[2]]
[1] 5.386112


NOTE: Log Print Time:  2022-03-06 13:32:02 
NOTE: Elapsed Time in seconds: 59.0149466991425 

[[1]]
           [,1]      [,2]     [,3]      [,4]
[1,] -0.4304399 -76.08659 380.2511 -173.1011

[[2]]
[1] 5.386112


NOTE: Log Print Time:  2022-03-06 13:33:06 
NOTE: Elapsed Time in seconds: 1.06338983774185 

[[1]]
           [,1]      [,2]     [,3]      [,4]
[1,] -0.4304399 -76.08659 380.2511 -173.1011

[[2]]
[1] 5.386112


NOTE: Log Print Time:  2022-03-06 13:34:08 
NOTE: Elapsed Time in seconds: 1.0294816493988 

[[1]]
           [,1]      [,2]     [,3]      [,4]
[1,] -0.4304399 -76.08659 380.2511 -173.1011

[[2]]
[1] 5.386112


NOTE: Log Print Time:  2022-03-06 13:35:09 
NOTE: Elapsed Time in seconds: 1.02362153927485 

[[1]]
           [,1]      [,2]     [,3]      [,4]
[1,] -0.4304399 -76.08659 380.2511 -173.1011

[[2]]
[1] 5.386112


NOTE: Log Print Time:  2022-03-06 13:36:10 
NOTE: Elapsed Time in seconds: 1.00778433084488 

[[1]]
           [,1]      [,2]     [,3]      [,4]
[1,] -0.4304399 -76.08659 380.2511 -173.1011

[[2]]
[1] 5.386112


NOTE: Log Print Time:  2022-03-06 13:37:11 
NOTE: Elapsed Time in seconds: 1.01224388281504 

[[1]]
           [,1]      [,2]     [,3]      [,4]
[1,] -0.4304399 -76.08659 380.2511 -173.1011

[[2]]
[1] 5.386112


NOTE: Log Print Time:  2022-03-06 13:38:12 
NOTE: Elapsed Time in seconds: 1.02144837379456 

[[1]]
           [,1]      [,2]     [,3]      [,4]
[1,] -0.4304399 -76.08659 380.2511 -173.1011

[[2]]
[1] 5.386112


NOTE: Log Print Time:  2022-03-06 13:39:13 
NOTE: Elapsed Time in seconds: 1.018756711483 

[[1]]
           [,1]      [,2]     [,3]      [,4]
[1,] -0.4304399 -76.08659 380.2511 -173.1011

[[2]]
[1] 5.386112


NOTE: Log Print Time:  2022-03-06 13:40:14 
NOTE: Elapsed Time in seconds: 1.0182316104571 

[[1]]
           [,1]      [,2]     [,3]      [,4]
[1,] -0.4304399 -76.08659 380.2511 -173.1011

[[2]]
[1] 5.386112


NOTE: Log Print Time:  2022-03-06 13:41:16 
NOTE: Elapsed Time in seconds: 1.02255532741547 

[[1]]
           [,1]      [,2]     [,3]      [,4]
[1,] -0.4304399 -76.08659 380.2511 -173.1011

[[2]]
[1] 5.386112


NOTE: Log Print Time:  2022-03-06 13:42:17 
NOTE: Elapsed Time in seconds: 1.03019588390986 

[[1]]
           [,1]      [,2]     [,3]      [,4]
[1,] -0.4304399 -76.08659 380.2511 -173.1011

[[2]]
[1] 5.386112


NOTE: Log Print Time:  2022-03-06 13:43:18 
NOTE: Elapsed Time in seconds: 1.0147922317187 

[[1]]
           [,1]      [,2]     [,3]      [,4]
[1,] -0.4304399 -76.08659 380.2511 -173.1011

[[2]]
[1] 5.386112


NOTE: Log Print Time:  2022-03-06 13:44:19 
NOTE: Elapsed Time in seconds: 1.00668905973434 

[[1]]
           [,1]      [,2]     [,3]      [,4]
[1,] -0.4304399 -76.08659 380.2511 -173.1011

[[2]]
[1] 5.386112


NOTE: Log Print Time:  2022-03-06 13:45:19 
NOTE: Elapsed Time in seconds: 1.01143210331599 

[[1]]
           [,1]      [,2]     [,3]      [,4]
[1,] -0.4304399 -76.08659 380.2511 -173.1011

[[2]]
[1] 5.386112


NOTE: Log Print Time:  2022-03-06 13:46:20 
NOTE: Elapsed Time in seconds: 1.01896701653798 

[[1]]
           [,1]      [,2]     [,3]      [,4]
[1,] -0.4304399 -76.08659 380.2511 -173.1011

[[2]]
[1] 5.386112


NOTE: Log Print Time:  2022-03-06 13:47:22 
NOTE: Elapsed Time in seconds: 1.01941294272741 

[[1]]
           [,1]      [,2]     [,3]      [,4]
[1,] -0.4304399 -76.08659 380.2511 -173.1011

[[2]]
[1] 5.386112


NOTE: Log Print Time:  2022-03-06 13:48:25 
NOTE: Elapsed Time in seconds: 1.05435863733292 

[[1]]
           [,1]      [,2]     [,3]      [,4]
[1,] -0.4304399 -76.08659 380.2511 -173.1011

[[2]]
[1] 5.386112


NOTE: Log Print Time:  2022-03-06 13:49:26 
NOTE: Elapsed Time in seconds: 1.01676922241847 

[[1]]
           [,1]      [,2]     [,3]      [,4]
[1,] -0.4304399 -76.08659 380.2511 -173.1011

[[2]]
[1] 5.386112


NOTE: Log Print Time:  2022-03-06 13:50:27 
NOTE: Elapsed Time in seconds: 1.01985822916031 

[[1]]
           [,1]      [,2]     [,3]      [,4]
[1,] -0.4304399 -76.08659 380.2511 -173.1011

[[2]]
[1] 5.386112


NOTE: Log Print Time:  2022-03-06 13:51:29 
NOTE: Elapsed Time in seconds: 1.02494257291158 

[[1]]
           [,1]      [,2]     [,3]      [,4]
[1,] -0.4304399 -76.08659 380.2511 -173.1011

[[2]]
[1] 5.386112


NOTE: Log Print Time:  2022-03-06 13:52:29 
NOTE: Elapsed Time in seconds: 1.00148813724518 

[[1]]
           [,1]      [,2]     [,3]      [,4]
[1,] -0.4304399 -76.08659 380.2511 -173.1011

[[2]]
[1] 5.386112


NOTE: Log Print Time:  2022-03-06 13:53:31 
NOTE: Elapsed Time in seconds: 1.03368068933487 

[[1]]
           [,1]      [,2]     [,3]      [,4]
[1,] -0.4304399 -76.08659 380.2511 -173.1011

[[2]]
[1] 5.386112


NOTE: Log Print Time:  2022-03-06 13:54:30 
NOTE: Elapsed Time in seconds: 58.9267711639404 

[[1]]
           [,1]      [,2]    [,3]      [,4]
[1,] -0.4668373 -75.19863 386.969 -180.9683

[[2]]
[1] 5.397693


NOTE: Log Print Time:  2022-03-06 13:55:30 
NOTE: Elapsed Time in seconds: 1.0141027490298 

[[1]]
           [,1]      [,2]    [,3]      [,4]
[1,] -0.4668373 -75.19863 386.969 -180.9683

[[2]]
[1] 5.397693


NOTE: Log Print Time:  2022-03-06 13:56:30 
NOTE: Elapsed Time in seconds: 59.6579351425171 

[[1]]
           [,1]      [,2]    [,3]      [,4]
[1,] -0.4668373 -75.19863 386.969 -180.9683

[[2]]
[1] 5.397693


NOTE: Log Print Time:  2022-03-06 13:57:30 
NOTE: Elapsed Time in seconds: 59.991626739502 

[[1]]
           [,1]      [,2]    [,3]      [,4]
[1,] -0.4668373 -75.19863 386.969 -180.9683

[[2]]
[1] 5.397693


NOTE: Log Print Time:  2022-03-06 13:58:31 
NOTE: Elapsed Time in seconds: 1.02002755403519 

[[1]]
           [,1]      [,2]    [,3]      [,4]
[1,] -0.4668373 -75.19863 386.969 -180.9683

[[2]]
[1] 5.397693


NOTE: Log Print Time:  2022-03-06 13:59:32 
NOTE: Elapsed Time in seconds: 1.00461568435033 

[[1]]
           [,1]      [,2]    [,3]      [,4]
[1,] -0.4668373 -75.19863 386.969 -180.9683

[[2]]
[1] 5.397693


NOTE: Log Print Time:  2022-03-06 14:00:32 
NOTE: Elapsed Time in seconds: 1.01499758164088 

[[1]]
           [,1]      [,2]    [,3]      [,4]
[1,] -0.4668373 -75.19863 386.969 -180.9683

[[2]]
[1] 5.397693


NOTE: Log Print Time:  2022-03-06 14:01:33 
NOTE: Elapsed Time in seconds: 1.0041344165802 

[[1]]
           [,1]      [,2]    [,3]      [,4]
[1,] -0.4668373 -75.19863 386.969 -180.9683

[[2]]
[1] 5.397693


NOTE: Log Print Time:  2022-03-06 14:02:33 
NOTE: Elapsed Time in seconds: 59.8826797008514 

[[1]]
           [,1]    [,2]     [,3]      [,4]
[1,] -0.4916974 -74.925 383.6068 -182.9416

[[2]]
[1] 5.415518


NOTE: Log Print Time:  2022-03-06 14:03:34 
NOTE: Elapsed Time in seconds: 1.03098599116007 

[[1]]
           [,1]    [,2]     [,3]      [,4]
[1,] -0.4916974 -74.925 383.6068 -182.9416

[[2]]
[1] 5.415518


NOTE: Log Print Time:  2022-03-06 14:04:36 
NOTE: Elapsed Time in seconds: 1.03245719273885 

[[1]]
           [,1]    [,2]     [,3]      [,4]
[1,] -0.4916974 -74.925 383.6068 -182.9416

[[2]]
[1] 5.415518


NOTE: Log Print Time:  2022-03-06 14:05:37 
NOTE: Elapsed Time in seconds: 1.01486820379893 

[[1]]
           [,1]    [,2]     [,3]      [,4]
[1,] -0.4916974 -74.925 383.6068 -182.9416

[[2]]
[1] 5.415518


NOTE: Log Print Time:  2022-03-06 14:06:39 
NOTE: Elapsed Time in seconds: 1.02616198062897 

[[1]]
           [,1]    [,2]     [,3]      [,4]
[1,] -0.4916974 -74.925 383.6068 -182.9416

[[2]]
[1] 5.415518


NOTE: Log Print Time:  2022-03-06 14:07:38 
NOTE: Elapsed Time in seconds: 59.0993051528931 

[[1]]
           [,1]    [,2]     [,3]      [,4]
[1,] -0.4916974 -74.925 383.6068 -182.9416

[[2]]
[1] 5.415518


NOTE: Log Print Time:  2022-03-06 14:08:38 
NOTE: Elapsed Time in seconds: 1.00002325773239 

[[1]]
           [,1]    [,2]     [,3]      [,4]
[1,] -0.4916974 -74.925 383.6068 -182.9416

[[2]]
[1] 5.415518


NOTE: Log Print Time:  2022-03-06 14:09:41 
NOTE: Elapsed Time in seconds: 1.04305181503296 

[[1]]
           [,1]    [,2]     [,3]      [,4]
[1,] -0.4916974 -74.925 383.6068 -182.9416

[[2]]
[1] 5.415518


NOTE: Log Print Time:  2022-03-06 14:10:43 
NOTE: Elapsed Time in seconds: 1.03526850541433 

[[1]]
           [,1]    [,2]     [,3]      [,4]
[1,] -0.4916974 -74.925 383.6068 -182.9416

[[2]]
[1] 5.415518


NOTE: Log Print Time:  2022-03-06 14:11:44 
NOTE: Elapsed Time in seconds: 1.01595511039098 

[[1]]
           [,1]    [,2]     [,3]      [,4]
[1,] -0.4916974 -74.925 383.6068 -182.9416

[[2]]
[1] 5.415518


NOTE: Log Print Time:  2022-03-06 14:12:53 
NOTE: Elapsed Time in seconds: 1.15297759373983 

[[1]]
           [,1]    [,2]     [,3]      [,4]
[1,] -0.4916974 -74.925 383.6068 -182.9416

[[2]]
[1] 5.415518


NOTE: Log Print Time:  2022-03-06 14:13:54 
NOTE: Elapsed Time in seconds: 1.02362176179886 

[[1]]
           [,1]    [,2]     [,3]      [,4]
[1,] -0.4916974 -74.925 383.6068 -182.9416

[[2]]
[1] 5.415518


NOTE: Log Print Time:  2022-03-06 14:14:54 
NOTE: Elapsed Time in seconds: 1.00417574644089 

[[1]]
           [,1]    [,2]     [,3]      [,4]
[1,] -0.4916974 -74.925 383.6068 -182.9416

[[2]]
[1] 5.415518


NOTE: Log Print Time:  2022-03-06 14:15:56 
NOTE: Elapsed Time in seconds: 1.02347156206767 

[[1]]
           [,1]      [,2]     [,3]      [,4]
[1,] -0.4861087 -71.93813 383.0453 -183.2775

[[2]]
[1] 5.426631


NOTE: Log Print Time:  2022-03-06 14:16:58 
NOTE: Elapsed Time in seconds: 1.03226666847865 

[[1]]
           [,1]      [,2]     [,3]      [,4]
[1,] -0.4861087 -71.93813 383.0453 -183.2775

[[2]]
[1] 5.426631


NOTE: Log Print Time:  2022-03-06 14:17:57 
NOTE: Elapsed Time in seconds: 59.4724507331848 

[[1]]
           [,1]      [,2]     [,3]      [,4]
[1,] -0.4861087 -71.93813 383.0453 -183.2775

[[2]]
[1] 5.426631


NOTE: Log Print Time:  2022-03-06 14:18:58 
NOTE: Elapsed Time in seconds: 1.01045093139013 

[[1]]
           [,1]      [,2]     [,3]      [,4]
[1,] -0.4861087 -71.93813 383.0453 -183.2775

[[2]]
[1] 5.426631


NOTE: Log Print Time:  2022-03-06 14:19:59 
NOTE: Elapsed Time in seconds: 1.01920985380809 

[[1]]
           [,1]      [,2]     [,3]      [,4]
[1,] -0.4861087 -71.93813 383.0453 -183.2775

[[2]]
[1] 5.426631


NOTE: Log Print Time:  2022-03-06 14:21:00 
NOTE: Elapsed Time in seconds: 1.02063903808594 

[[1]]
           [,1]      [,2]     [,3]      [,4]
[1,] -0.4861087 -71.93813 383.0453 -183.2775

[[2]]
[1] 5.426631


NOTE: Log Print Time:  2022-03-06 14:21:59 
NOTE: Elapsed Time in seconds: 58.9372248649597 

[[1]]
           [,1]      [,2]     [,3]      [,4]
[1,] -0.4861087 -71.93813 383.0453 -183.2775

[[2]]
[1] 5.426631


NOTE: Log Print Time:  2022-03-06 14:23:00 
NOTE: Elapsed Time in seconds: 1.01653188467026 

[[1]]
           [,1]      [,2]     [,3]      [,4]
[1,] -0.4861087 -71.93813 383.0453 -183.2775

[[2]]
[1] 5.426631


NOTE: Log Print Time:  2022-03-06 14:24:03 
NOTE: Elapsed Time in seconds: 1.04325103759766 

[[1]]
           [,1]      [,2]     [,3]      [,4]
[1,] -0.4861087 -71.93813 383.0453 -183.2775

[[2]]
[1] 5.426631


NOTE: Log Print Time:  2022-03-06 14:25:07 
NOTE: Elapsed Time in seconds: 1.06604581276576 

[[1]]
           [,1]      [,2]     [,3]      [,4]
[1,] -0.4861087 -71.93813 383.0453 -183.2775

[[2]]
[1] 5.426631


NOTE: Log Print Time:  2022-03-06 14:26:08 
NOTE: Elapsed Time in seconds: 1.02773441076279 

[[1]]
           [,1]      [,2]     [,3]      [,4]
[1,] -0.4861087 -71.93813 383.0453 -183.2775

[[2]]
[1] 5.426631


NOTE: Log Print Time:  2022-03-06 14:27:08 
NOTE: Elapsed Time in seconds: 59.7905230522156 

[[1]]
           [,1]      [,2]     [,3]      [,4]
[1,] -0.4861087 -71.93813 383.0453 -183.2775

[[2]]
[1] 5.426631


NOTE: Log Print Time:  2022-03-06 14:28:11 
NOTE: Elapsed Time in seconds: 1.04181440273921 

[[1]]
           [,1]      [,2]     [,3]      [,4]
[1,] -0.4861087 -71.93813 383.0453 -183.2775

[[2]]
[1] 5.426631


NOTE: Log Print Time:  2022-03-06 14:29:11 
NOTE: Elapsed Time in seconds: 1.00544968048731 

[[1]]
           [,1]      [,2]     [,3]      [,4]
[1,] -0.4861087 -71.93813 383.0453 -183.2775

[[2]]
[1] 5.426631


NOTE: Log Print Time:  2022-03-06 14:30:13 
NOTE: Elapsed Time in seconds: 1.03011893431346 

[[1]]
           [,1]      [,2]     [,3]      [,4]
[1,] -0.4861087 -71.93813 383.0453 -183.2775

[[2]]
[1] 5.426631


NOTE: Log Print Time:  2022-03-06 14:31:14 
NOTE: Elapsed Time in seconds: 1.02259516716003 

[[1]]
           [,1]      [,2]     [,3]      [,4]
[1,] -0.4861087 -71.93813 383.0453 -183.2775

[[2]]
[1] 5.426631


NOTE: Log Print Time:  2022-03-06 14:32:15 
NOTE: Elapsed Time in seconds: 1.01394202311834 

[[1]]
           [,1]      [,2]     [,3]      [,4]
[1,] -0.4861087 -71.93813 383.0453 -183.2775

[[2]]
[1] 5.426631


NOTE: Log Print Time:  2022-03-06 14:33:16 
NOTE: Elapsed Time in seconds: 1.01263910134633 

[[1]]
           [,1]      [,2]     [,3]      [,4]
[1,] -0.4861087 -71.93813 383.0453 -183.2775

[[2]]
[1] 5.426631


NOTE: Log Print Time:  2022-03-06 14:34:18 
NOTE: Elapsed Time in seconds: 1.03640402555466 

[[1]]
           [,1]      [,2]     [,3]      [,4]
[1,] -0.4861087 -71.93813 383.0453 -183.2775

[[2]]
[1] 5.426631


NOTE: Log Print Time:  2022-03-06 14:35:18 
NOTE: Elapsed Time in seconds: 59.8659529685974 

[[1]]
           [,1]      [,2]     [,3]      [,4]
[1,] -0.4861087 -71.93813 383.0453 -183.2775

[[2]]
[1] 5.426631


NOTE: Log Print Time:  2022-03-06 14:36:19 
NOTE: Elapsed Time in seconds: 1.0183446764946 

[[1]]
           [,1]      [,2]     [,3]      [,4]
[1,] -0.4861087 -71.93813 383.0453 -183.2775

[[2]]
[1] 5.426631


NOTE: Log Print Time:  2022-03-06 14:37:22 
NOTE: Elapsed Time in seconds: 1.04500592152278 

[[1]]
           [,1]      [,2]     [,3]      [,4]
[1,] -0.4861087 -71.93813 383.0453 -183.2775

[[2]]
[1] 5.426631


NOTE: Log Print Time:  2022-03-06 14:38:22 
NOTE: Elapsed Time in seconds: 1.00072900851568 

[[1]]
           [,1]      [,2]     [,3]      [,4]
[1,] -0.4861087 -71.93813 383.0453 -183.2775

[[2]]
[1] 5.426631


NOTE: Log Print Time:  2022-03-06 14:39:22 
NOTE: Elapsed Time in seconds: 1.00732909838359 

[[1]]
           [,1]      [,2]     [,3]      [,4]
[1,] -0.4861087 -71.93813 383.0453 -183.2775

[[2]]
[1] 5.426631


NOTE: Log Print Time:  2022-03-06 14:40:23 
NOTE: Elapsed Time in seconds: 1.01913015842438 

[[1]]
           [,1]      [,2]     [,3]      [,4]
[1,] -0.4861087 -71.93813 383.0453 -183.2775

[[2]]
[1] 5.426631


NOTE: Log Print Time:  2022-03-06 14:41:25 
NOTE: Elapsed Time in seconds: 1.03509945869446 

[[1]]
           [,1]      [,2]     [,3]      [,4]
[1,] -0.4861087 -71.93813 383.0453 -183.2775

[[2]]
[1] 5.426631


NOTE: Log Print Time:  2022-03-06 14:42:27 
NOTE: Elapsed Time in seconds: 1.02863509654999 

[[1]]
           [,1]      [,2]     [,3]      [,4]
[1,] -0.4861087 -71.93813 383.0453 -183.2775

[[2]]
[1] 5.426631


NOTE: Log Print Time:  2022-03-06 14:43:28 
NOTE: Elapsed Time in seconds: 1.01526023546855 

[[1]]
           [,1]      [,2]     [,3]      [,4]
[1,] -0.4861087 -71.93813 383.0453 -183.2775

[[2]]
[1] 5.426631


NOTE: Log Print Time:  2022-03-06 14:44:29 
NOTE: Elapsed Time in seconds: 1.0102055311203 

[[1]]
           [,1]      [,2]     [,3]      [,4]
[1,] -0.4861087 -71.93813 383.0453 -183.2775

[[2]]
[1] 5.426631


NOTE: Log Print Time:  2022-03-06 14:45:28 
NOTE: Elapsed Time in seconds: 59.2162926197052 

[[1]]
           [,1]      [,2]     [,3]      [,4]
[1,] -0.4861087 -71.93813 383.0453 -183.2775

[[2]]
[1] 5.426631


NOTE: Log Print Time:  2022-03-06 14:46:29 
NOTE: Elapsed Time in seconds: 1.01679631471634 

[[1]]
           [,1]      [,2]     [,3]      [,4]
[1,] -0.4861087 -71.93813 383.0453 -183.2775

[[2]]
[1] 5.426631


NOTE: Log Print Time:  2022-03-06 14:47:29 
NOTE: Elapsed Time in seconds: 59.7064914703369 

[[1]]
           [,1]      [,2]     [,3]      [,4]
[1,] -0.4861087 -71.93813 383.0453 -183.2775

[[2]]
[1] 5.426631


NOTE: Log Print Time:  2022-03-06 14:48:31 
NOTE: Elapsed Time in seconds: 1.04444873730342 

[[1]]
           [,1]      [,2]     [,3]      [,4]
[1,] -0.4861087 -71.93813 383.0453 -183.2775

[[2]]
[1] 5.426631


NOTE: Log Print Time:  2022-03-06 14:49:32 
NOTE: Elapsed Time in seconds: 1.00613754192988 

[[1]]
           [,1]      [,2]     [,3]      [,4]
[1,] -0.4861087 -71.93813 383.0453 -183.2775

[[2]]
[1] 5.426631


NOTE: Log Print Time:  2022-03-06 14:50:31 
NOTE: Elapsed Time in seconds: 59.8221163749695 

[[1]]
           [,1]      [,2]     [,3]      [,4]
[1,] -0.4861087 -71.93813 383.0453 -183.2775

[[2]]
[1] 5.426631


NOTE: Log Print Time:  2022-03-06 14:51:31 
NOTE: Elapsed Time in seconds: 59.9575872421265 

[[1]]
           [,1]      [,2]     [,3]      [,4]
[1,] -0.4861087 -71.93813 383.0453 -183.2775

[[2]]
[1] 5.426631


NOTE: Log Print Time:  2022-03-06 14:52:33 
NOTE: Elapsed Time in seconds: 1.02353787819544 

[[1]]
           [,1]      [,2]     [,3]      [,4]
[1,] -0.4881432 -72.48878 383.2205 -183.4435

[[2]]
[1] 5.427173


NOTE: Log Print Time:  2022-03-06 14:53:36 
NOTE: Elapsed Time in seconds: 1.04905095895131 

[[1]]
           [,1]      [,2]     [,3]      [,4]
[1,] -0.4881432 -72.48878 383.2205 -183.4435

[[2]]
[1] 5.427173


NOTE: Log Print Time:  2022-03-06 14:54:37 
NOTE: Elapsed Time in seconds: 1.01384188731511 

[[1]]
           [,1]      [,2]     [,3]      [,4]
[1,] -0.4881432 -72.48878 383.2205 -183.4435

[[2]]
[1] 5.427173


NOTE: Log Print Time:  2022-03-06 14:55:38 
NOTE: Elapsed Time in seconds: 1.02547851800919 

[[1]]
           [,1]      [,2]     [,3]      [,4]
[1,] -0.4881432 -72.48878 383.2205 -183.4435

[[2]]
[1] 5.427173


NOTE: Log Print Time:  2022-03-06 14:56:39 
NOTE: Elapsed Time in seconds: 1.01809930404027 

[[1]]
           [,1]      [,2]     [,3]      [,4]
[1,] -0.4881432 -72.48878 383.2205 -183.4435

[[2]]
[1] 5.427173


NOTE: Log Print Time:  2022-03-06 14:57:40 
NOTE: Elapsed Time in seconds: 1.01358962456385 

[[1]]
           [,1]      [,2]     [,3]      [,4]
[1,] -0.4881432 -72.48878 383.2205 -183.4435

[[2]]
[1] 5.427173


NOTE: Log Print Time:  2022-03-06 14:58:42 
NOTE: Elapsed Time in seconds: 1.04100124041239 

[[1]]
           [,1]      [,2]     [,3]      [,4]
[1,] -0.4881432 -72.48878 383.2205 -183.4435

[[2]]
[1] 5.427173


NOTE: Log Print Time:  2022-03-06 14:59:40 
NOTE: Elapsed Time in seconds: 57.7732157707214 

[[1]]
           [,1]      [,2]     [,3]      [,4]
[1,] -0.4881432 -72.48878 383.2205 -183.4435

[[2]]
[1] 5.427173


NOTE: Log Print Time:  2022-03-06 15:00:43 
NOTE: Elapsed Time in seconds: 1.05306402444839 

[[1]]
           [,1]      [,2]     [,3]      [,4]
[1,] -0.4881432 -72.48878 383.2205 -183.4435

[[2]]
[1] 5.427173


NOTE: Log Print Time:  2022-03-06 15:01:44 
NOTE: Elapsed Time in seconds: 1.00648776292801 

[[1]]
           [,1]      [,2]     [,3]      [,4]
[1,] -0.4881432 -72.48878 383.2205 -183.4435

[[2]]
[1] 5.427173


NOTE: Log Print Time:  2022-03-06 15:02:44 
NOTE: Elapsed Time in seconds: 1.00994055668513 

[[1]]
           [,1]      [,2]     [,3]      [,4]
[1,] -0.4881432 -72.48878 383.2205 -183.4435

[[2]]
[1] 5.427173


NOTE: Log Print Time:  2022-03-06 15:03:47 
NOTE: Elapsed Time in seconds: 1.04316866397858 

[[1]]
           [,1]      [,2]     [,3]      [,4]
[1,] -0.4881432 -72.48878 383.2205 -183.4435

[[2]]
[1] 5.427173


NOTE: Log Print Time:  2022-03-06 15:04:47 
NOTE: Elapsed Time in seconds: 59.9145188331604 

[[1]]
           [,1]      [,2]     [,3]      [,4]
[1,] -0.4881432 -72.48878 383.2205 -183.4435

[[2]]
[1] 5.427173


NOTE: Log Print Time:  2022-03-06 15:05:48 
NOTE: Elapsed Time in seconds: 1.02579944531123 

[[1]]
           [,1]      [,2]     [,3]      [,4]
[1,] -0.4881432 -72.48878 383.2205 -183.4435

[[2]]
[1] 5.427173


NOTE: Log Print Time:  2022-03-06 15:06:49 
NOTE: Elapsed Time in seconds: 1.01585616668065 

[[1]]
           [,1]      [,2]     [,3]      [,4]
[1,] -0.4881432 -72.48878 383.2205 -183.4435

[[2]]
[1] 5.427173


NOTE: Log Print Time:  2022-03-06 15:07:50 
NOTE: Elapsed Time in seconds: 1.01051482756933 

[[1]]
           [,1]      [,2]     [,3]      [,4]
[1,] -0.4881432 -72.48878 383.2205 -183.4435

[[2]]
[1] 5.427173


NOTE: Log Print Time:  2022-03-06 15:08:53 
NOTE: Elapsed Time in seconds: 1.05490556160609 

[[1]]
           [,1]      [,2]     [,3]      [,4]
[1,] -0.4881432 -72.48878 383.2205 -183.4435

[[2]]
[1] 5.427173


NOTE: Log Print Time:  2022-03-06 15:09:55 
NOTE: Elapsed Time in seconds: 1.02876270214717 

[[1]]
           [,1]      [,2]     [,3]      [,4]
[1,] -0.4881432 -72.48878 383.2205 -183.4435

[[2]]
[1] 5.427173


NOTE: Log Print Time:  2022-03-06 15:10:55 
NOTE: Elapsed Time in seconds: 59.8712527751923 

[[1]]
           [,1]      [,2]     [,3]      [,4]
[1,] -0.4881432 -72.48878 383.2205 -183.4435

[[2]]
[1] 5.427173


NOTE: Log Print Time:  2022-03-06 15:11:56 
NOTE: Elapsed Time in seconds: 1.01793665091197 

[[1]]
           [,1]      [,2]     [,3]      [,4]
[1,] -0.4881432 -72.48878 383.2205 -183.4435

[[2]]
[1] 5.427173


NOTE: Log Print Time:  2022-03-06 15:12:57 
NOTE: Elapsed Time in seconds: 1.0139865676562 

[[1]]
           [,1]      [,2]     [,3]      [,4]
[1,] -0.4881432 -72.48878 383.2205 -183.4435

[[2]]
[1] 5.427173


NOTE: Log Print Time:  2022-03-06 15:13:58 
NOTE: Elapsed Time in seconds: 1.01147363185883 

[[1]]
           [,1]      [,2]     [,3]      [,4]
[1,] -0.4881432 -72.48878 383.2205 -183.4435

[[2]]
[1] 5.427173


NOTE: Log Print Time:  2022-03-06 15:14:56 
NOTE: Elapsed Time in seconds: 58.299507856369 

[[1]]
           [,1]      [,2]     [,3]      [,4]
[1,] -0.4881432 -72.48878 383.2205 -183.4435

[[2]]
[1] 5.427173


NOTE: Log Print Time:  2022-03-06 15:15:58 
NOTE: Elapsed Time in seconds: 1.04174559911092 

[[1]]
           [,1]      [,2]     [,3]      [,4]
[1,] -0.4881432 -72.48878 383.2205 -183.4435

[[2]]
[1] 5.427173


NOTE: Log Print Time:  2022-03-06 15:16:59 
NOTE: Elapsed Time in seconds: 1.00265801350276 

[[1]]
           [,1]      [,2]     [,3]      [,4]
[1,] -0.4881432 -72.48878 383.2205 -183.4435

[[2]]
[1] 5.427173


NOTE: Log Print Time:  2022-03-06 15:18:00 
NOTE: Elapsed Time in seconds: 1.02169106006622 

[[1]]
           [,1]      [,2]     [,3]      [,4]
[1,] -0.4881432 -72.48878 383.2205 -183.4435

[[2]]
[1] 5.427173


NOTE: Log Print Time:  2022-03-06 15:18:59 
NOTE: Elapsed Time in seconds: 59.119889497757 

[[1]]
           [,1]      [,2]     [,3]      [,4]
[1,] -0.4881432 -72.48878 383.2205 -183.4435

[[2]]
[1] 5.427173


NOTE: Log Print Time:  2022-03-06 15:19:59 
NOTE: Elapsed Time in seconds: 59.7009570598602 

[[1]]
           [,1]      [,2]     [,3]      [,4]
[1,] -0.4881432 -72.48878 383.2205 -183.4435

[[2]]
[1] 5.427173


NOTE: Log Print Time:  2022-03-06 15:21:00 
NOTE: Elapsed Time in seconds: 1.02704317569733 

[[1]]
           [,1]      [,2]     [,3]      [,4]
[1,] -0.4881432 -72.48878 383.2205 -183.4435

[[2]]
[1] 5.427173


NOTE: Log Print Time:  2022-03-06 15:22:02 
NOTE: Elapsed Time in seconds: 1.03169553279877 

[[1]]
           [,1]      [,2]     [,3]      [,4]
[1,] -0.4881432 -72.48878 383.2205 -183.4435

[[2]]
[1] 5.427173


NOTE: Log Print Time:  2022-03-06 15:23:03 
NOTE: Elapsed Time in seconds: 1.02036423285802 

[[1]]
           [,1]      [,2]     [,3]      [,4]
[1,] -0.4881432 -72.48878 383.2205 -183.4435

[[2]]
[1] 5.427173


NOTE: Log Print Time:  2022-03-06 15:24:05 
NOTE: Elapsed Time in seconds: 1.02123147646586 

[[1]]
           [,1]      [,2]     [,3]      [,4]
[1,] -0.4881432 -72.48878 383.2205 -183.4435

[[2]]
[1] 5.427173


NOTE: Log Print Time:  2022-03-06 15:25:04 
NOTE: Elapsed Time in seconds: 58.8382654190063 

[[1]]
           [,1]      [,2]     [,3]      [,4]
[1,] -0.4881432 -72.48878 383.2205 -183.4435

[[2]]
[1] 5.427173


NOTE: Log Print Time:  2022-03-06 15:26:05 
NOTE: Elapsed Time in seconds: 1.02533676226934 

[[1]]
           [,1]      [,2]     [,3]      [,4]
[1,] -0.4881432 -72.48878 383.2205 -183.4435

[[2]]
[1] 5.427173


NOTE: Log Print Time:  2022-03-06 15:27:03 
NOTE: Elapsed Time in seconds: 58.0515649318695 

[[1]]
           [,1]      [,2]     [,3]      [,4]
[1,] -0.4881432 -72.48878 383.2205 -183.4435

[[2]]
[1] 5.427173


NOTE: Log Print Time:  2022-03-06 15:28:02 
NOTE: Elapsed Time in seconds: 58.9937946796417 

[[1]]
           [,1]      [,2]     [,3]      [,4]
[1,] -0.4881432 -72.48878 383.2205 -183.4435

[[2]]
[1] 5.427173


NOTE: Log Print Time:  2022-03-06 15:29:03 
NOTE: Elapsed Time in seconds: 1.01862372159958 

[[1]]
           [,1]      [,2]     [,3]      [,4]
[1,] -0.4881432 -72.48878 383.2205 -183.4435

[[2]]
[1] 5.427173


NOTE: Log Print Time:  2022-03-06 15:30:05 
NOTE: Elapsed Time in seconds: 1.02835974295934 

[[1]]
           [,1]      [,2]     [,3]      [,4]
[1,] -0.4881432 -72.48878 383.2205 -183.4435

[[2]]
[1] 5.427173


NOTE: Log Print Time:  2022-03-06 15:31:05 
NOTE: Elapsed Time in seconds: 1.00076082547506 

[[1]]
           [,1]     [,2]     [,3]      [,4]
[1,] -0.4875908 -72.3697 383.3199 -183.4645

[[2]]
[1] 5.427181


NOTE: Log Print Time:  2022-03-06 15:32:03 
NOTE: Elapsed Time in seconds: 58.3299984931946 

[[1]]
           [,1]     [,2]     [,3]      [,4]
[1,] -0.4875908 -72.3697 383.3199 -183.4645

[[2]]
[1] 5.427181


NOTE: Log Print Time:  2022-03-06 15:33:05 
NOTE: Elapsed Time in seconds: 1.02055474122365 

[[1]]
           [,1]     [,2]     [,3]      [,4]
[1,] -0.4875908 -72.3697 383.3199 -183.4645

[[2]]
[1] 5.427181


NOTE: Log Print Time:  2022-03-06 15:34:04 
NOTE: Elapsed Time in seconds: 59.8983387947083 

[[1]]
           [,1]     [,2]     [,3]      [,4]
[1,] -0.4875908 -72.3697 383.3199 -183.4645

[[2]]
[1] 5.427181


NOTE: Log Print Time:  2022-03-06 15:35:06 
NOTE: Elapsed Time in seconds: 1.02941894928614 

[[1]]
           [,1]     [,2]     [,3]      [,4]
[1,] -0.4875908 -72.3697 383.3199 -183.4645

[[2]]
[1] 5.427181


NOTE: Log Print Time:  2022-03-06 15:36:09 
NOTE: Elapsed Time in seconds: 1.04218326409658 

[[1]]
           [,1]     [,2]     [,3]      [,4]
[1,] -0.4875908 -72.3697 383.3199 -183.4645

[[2]]
[1] 5.427181


NOTE: Log Print Time:  2022-03-06 15:37:09 
NOTE: Elapsed Time in seconds: 1.01247508923213 

[[1]]
           [,1]     [,2]     [,3]      [,4]
[1,] -0.4875908 -72.3697 383.3199 -183.4645

[[2]]
[1] 5.427181


NOTE: Log Print Time:  2022-03-06 15:38:11 
NOTE: Elapsed Time in seconds: 1.0272530913353 

[[1]]
           [,1]     [,2]     [,3]      [,4]
[1,] -0.4875908 -72.3697 383.3199 -183.4645

[[2]]
[1] 5.427181


NOTE: Log Print Time:  2022-03-06 15:39:14 
NOTE: Elapsed Time in seconds: 1.0485335111618 

[[1]]
           [,1]     [,2]     [,3]      [,4]
[1,] -0.4875908 -72.3697 383.3199 -183.4645

[[2]]
[1] 5.427181


NOTE: Log Print Time:  2022-03-06 15:40:14 
NOTE: Elapsed Time in seconds: 1.00181754827499 

[[1]]
           [,1]     [,2]     [,3]      [,4]
[1,] -0.4875908 -72.3697 383.3199 -183.4645

[[2]]
[1] 5.427181


NOTE: Log Print Time:  2022-03-06 15:41:15 
NOTE: Elapsed Time in seconds: 1.01066196362178 

[[1]]
           [,1]     [,2]     [,3]      [,4]
[1,] -0.4881706 -72.4814 383.2886 -183.4642

[[2]]
[1] 5.427223


NOTE: Log Print Time:  2022-03-06 15:42:18 
NOTE: Elapsed Time in seconds: 1.05245078404744 

[[1]]
           [,1]     [,2]     [,3]      [,4]
[1,] -0.4881706 -72.4814 383.2886 -183.4642

[[2]]
[1] 5.427223


NOTE: Log Print Time:  2022-03-06 15:43:18 
NOTE: Elapsed Time in seconds: 59.9413146972656 

[[1]]
           [,1]     [,2]     [,3]      [,4]
[1,] -0.4881706 -72.4814 383.2886 -183.4642

[[2]]
[1] 5.427223


NOTE: Log Print Time:  2022-03-06 15:44:20 
NOTE: Elapsed Time in seconds: 1.03589532375336 

[[1]]
           [,1]     [,2]     [,3]      [,4]
[1,] -0.4881706 -72.4814 383.2886 -183.4642

[[2]]
[1] 5.427223


NOTE: Log Print Time:  2022-03-06 15:45:20 
NOTE: Elapsed Time in seconds: 59.7621285915375 

[[1]]
           [,1]     [,2]     [,3]      [,4]
[1,] -0.4881706 -72.4814 383.2886 -183.4642

[[2]]
[1] 5.427223


NOTE: Log Print Time:  2022-03-06 15:46:17 
NOTE: Elapsed Time in seconds: 56.8578517436981 

[[1]]
           [,1]     [,2]     [,3]      [,4]
[1,] -0.4881706 -72.4814 383.2886 -183.4642

[[2]]
[1] 5.427223


NOTE: Log Print Time:  2022-03-06 15:47:18 
NOTE: Elapsed Time in seconds: 1.0217809398969 

