========================================================================= 
Log Path: /scratch/wanglu57/job_scripts/log/2022-03-05_si-G-emp_ga.log 
Program Path: /scratch/wanglu57/job_scripts/2022-03-05_si-G-emp.R 
Working Directory: /scratch/wanglu57/job_scripts 
User Name: wanglu57 
R Version: 4.0.2 (2020-06-22) 
Machine: cdr2405.int.cedar.computecanada.ca x86_64 
Operating System: Linux 3.10.0-1160.36.2.el7.x86_64 #1 SMP Wed Jul 21 11:57:15 UTC 2021 
[1] "Base Packages: parallel stats graphics grDevices utils datasets methods\n               base \nOther Packages: doRNG_1.8.2 rngtools_1.5.2 here_1.0.1 GA_3.2.2 doParallel_1.0.16\n                iterators_1.0.13 foreach_1.5.1 "
Log Start Time: 2022-03-06 11:49:10 
========================================================================= 

[[1]]
           [,1]     [,2]      [,3]      [,4]
[1,] -0.4873283 15.40535 -242.7175 -2729.107

[[2]]
[1] 6.343773


NOTE: Log Print Time:  2022-03-06 11:50:24 
NOTE: Elapsed Time in seconds: 1.23314874172211 

[[1]]
           [,1]      [,2]     [,3]      [,4]
[1,] -0.0426207 -8.539907 145.4435 -2105.467

[[2]]
[1] 8.060402


NOTE: Log Print Time:  2022-03-06 11:51:26 
NOTE: Elapsed Time in seconds: 1.02884579102198 

[[1]]
           [,1]      [,2]     [,3]      [,4]
[1,] -0.0426207 -8.539907 145.4435 -2105.467

[[2]]
[1] 8.060402


NOTE: Log Print Time:  2022-03-06 11:52:28 
NOTE: Elapsed Time in seconds: 1.02872893810272 

[[1]]
           [,1]      [,2]     [,3]      [,4]
[1,] -0.0426207 -8.539907 145.4435 -2105.467

[[2]]
[1] 8.060402


NOTE: Log Print Time:  2022-03-06 11:53:33 
NOTE: Elapsed Time in seconds: 1.08250572284063 

[[1]]
           [,1]      [,2]     [,3]      [,4]
[1,] -0.0426207 -8.539907 145.4435 -2105.467

[[2]]
[1] 8.060402


NOTE: Log Print Time:  2022-03-06 11:54:34 
NOTE: Elapsed Time in seconds: 1.018840944767 

[[1]]
           [,1]      [,2]     [,3]      [,4]
[1,] -0.0426207 -8.539907 145.4435 -2105.467

[[2]]
[1] 8.060402


NOTE: Log Print Time:  2022-03-06 11:55:37 
NOTE: Elapsed Time in seconds: 1.0597350915273 

[[1]]
           [,1]      [,2]     [,3]      [,4]
[1,] -0.1143788 -5.662751 69.84975 -582.3341

[[2]]
[1] 8.266972


NOTE: Log Print Time:  2022-03-06 11:56:40 
NOTE: Elapsed Time in seconds: 1.04290218750636 

[[1]]
            [,1]      [,2]     [,3]      [,4]
[1,] -0.07965974 -7.588279 86.49949 -667.5071

[[2]]
[1] 8.380131


NOTE: Log Print Time:  2022-03-06 11:57:42 
NOTE: Elapsed Time in seconds: 1.0300662279129 

[[1]]
            [,1]      [,2]     [,3]      [,4]
[1,] -0.07965974 -7.588279 86.49949 -667.5071

[[2]]
[1] 8.380131


NOTE: Log Print Time:  2022-03-06 11:58:44 
NOTE: Elapsed Time in seconds: 1.04330868721008 

[[1]]
            [,1]      [,2]     [,3]      [,4]
[1,] -0.07965974 -7.588279 86.49949 -667.5071

[[2]]
[1] 8.380131


NOTE: Log Print Time:  2022-03-06 11:59:46 
NOTE: Elapsed Time in seconds: 1.02429616451263 

[[1]]
            [,1]      [,2]     [,3]      [,4]
[1,] -0.07965974 -7.588279 86.49949 -667.5071

[[2]]
[1] 8.380131


NOTE: Log Print Time:  2022-03-06 12:00:48 
NOTE: Elapsed Time in seconds: 1.03163505792618 

[[1]]
            [,1]      [,2]     [,3]      [,4]
[1,] -0.01485305 -10.44275 158.3139 -1647.308

[[2]]
[1] 8.438052


NOTE: Log Print Time:  2022-03-06 12:01:49 
NOTE: Elapsed Time in seconds: 1.02664896249771 

[[1]]
            [,1]      [,2]     [,3]      [,4]
[1,] -0.01485305 -10.44275 158.3139 -1647.308

[[2]]
[1] 8.438052


NOTE: Log Print Time:  2022-03-06 12:02:51 
NOTE: Elapsed Time in seconds: 1.03042097886403 

[[1]]
            [,1]      [,2]     [,3]      [,4]
[1,] -0.01485305 -10.44275 158.3139 -1647.308

[[2]]
[1] 8.438052


NOTE: Log Print Time:  2022-03-06 12:03:53 
NOTE: Elapsed Time in seconds: 1.02842600345612 

[[1]]
            [,1]      [,2]     [,3]      [,4]
[1,] -0.01485305 -10.44275 158.3139 -1647.308

[[2]]
[1] 8.438052


NOTE: Log Print Time:  2022-03-06 12:04:55 
NOTE: Elapsed Time in seconds: 1.02956331173579 

[[1]]
             [,1]      [,2]     [,3]      [,4]
[1,] -0.002104735 -9.548772 104.8745 -874.6544

[[2]]
[1] 8.464443


NOTE: Log Print Time:  2022-03-06 12:05:56 
NOTE: Elapsed Time in seconds: 1.02722244262695 

[[1]]
             [,1]      [,2]     [,3]      [,4]
[1,] -0.002104735 -9.548772 104.8745 -874.6544

[[2]]
[1] 8.464443


NOTE: Log Print Time:  2022-03-06 12:06:58 
NOTE: Elapsed Time in seconds: 1.03647111256917 

[[1]]
             [,1]      [,2]     [,3]      [,4]
[1,] -0.002104735 -9.548772 104.8745 -874.6544

[[2]]
[1] 8.464443


NOTE: Log Print Time:  2022-03-06 12:08:00 
NOTE: Elapsed Time in seconds: 1.02617537180583 

[[1]]
            [,1]      [,2]     [,3]     [,4]
[1,] 0.004974577 -9.519891 116.4263 -1036.11

[[2]]
[1] 8.492139


NOTE: Log Print Time:  2022-03-06 12:09:10 
NOTE: Elapsed Time in seconds: 1.16813685496648 

[[1]]
            [,1]      [,2]     [,3]     [,4]
[1,] 0.004974577 -9.519891 116.4263 -1036.11

[[2]]
[1] 8.492139


NOTE: Log Print Time:  2022-03-06 12:10:14 
NOTE: Elapsed Time in seconds: 1.06460445721944 

[[1]]
            [,1]      [,2]     [,3]     [,4]
[1,] 0.004974577 -9.519891 116.4263 -1036.11

[[2]]
[1] 8.492139


NOTE: Log Print Time:  2022-03-06 12:11:16 
NOTE: Elapsed Time in seconds: 1.03381100495656 

[[1]]
            [,1]      [,2]     [,3]     [,4]
[1,] 0.004974577 -9.519891 116.4263 -1036.11

[[2]]
[1] 8.492139


NOTE: Log Print Time:  2022-03-06 12:12:17 
NOTE: Elapsed Time in seconds: 1.01911984284719 

[[1]]
          [,1]      [,2]     [,3]      [,4]
[1,] 0.0127324 -10.65074 133.1764 -1244.956

[[2]]
[1] 8.522772


NOTE: Log Print Time:  2022-03-06 12:13:19 
NOTE: Elapsed Time in seconds: 1.03021924893061 

[[1]]
          [,1]      [,2]     [,3]      [,4]
[1,] 0.0127324 -10.65074 133.1764 -1244.956

[[2]]
[1] 8.522772


NOTE: Log Print Time:  2022-03-06 12:14:20 
NOTE: Elapsed Time in seconds: 1.02249579826991 

[[1]]
           [,1]      [,2]     [,3]     [,4]
[1,] 0.02159951 -11.07587 135.6658 -1207.52

[[2]]
[1] 8.528076


NOTE: Log Print Time:  2022-03-06 12:15:22 
NOTE: Elapsed Time in seconds: 1.02796538670858 

[[1]]
             [,1]      [,2]     [,3]      [,4]
[1,] -0.005917861 -11.39822 144.3868 -1332.604

[[2]]
[1] 8.530665


NOTE: Log Print Time:  2022-03-06 12:16:25 
NOTE: Elapsed Time in seconds: 1.05378677050273 

[[1]]
             [,1]      [,2]     [,3]      [,4]
[1,] -0.005917861 -11.39822 144.3868 -1332.604

[[2]]
[1] 8.530665


NOTE: Log Print Time:  2022-03-06 12:17:27 
NOTE: Elapsed Time in seconds: 1.03110268910726 

[[1]]
             [,1]      [,2]     [,3]      [,4]
[1,] -0.005917861 -11.39822 144.3868 -1332.604

[[2]]
[1] 8.530665


NOTE: Log Print Time:  2022-03-06 12:18:28 
NOTE: Elapsed Time in seconds: 1.01364078521729 

[[1]]
             [,1]      [,2]     [,3]      [,4]
[1,] -0.005917861 -11.39822 144.3868 -1332.604

[[2]]
[1] 8.530665


NOTE: Log Print Time:  2022-03-06 12:19:29 
NOTE: Elapsed Time in seconds: 1.01859097480774 

[[1]]
             [,1]      [,2]     [,3]      [,4]
[1,] -0.005917861 -11.39822 144.3868 -1332.604

[[2]]
[1] 8.530665


NOTE: Log Print Time:  2022-03-06 12:20:32 
NOTE: Elapsed Time in seconds: 1.04285132090251 

[[1]]
             [,1]      [,2]     [,3]      [,4]
[1,] -0.005917861 -11.39822 144.3868 -1332.604

[[2]]
[1] 8.530665


NOTE: Log Print Time:  2022-03-06 12:21:34 
NOTE: Elapsed Time in seconds: 1.03516435225805 

[[1]]
             [,1]      [,2]     [,3]      [,4]
[1,] -0.005917861 -11.39822 144.3868 -1332.604

[[2]]
[1] 8.530665


NOTE: Log Print Time:  2022-03-06 12:22:35 
NOTE: Elapsed Time in seconds: 1.02770668268204 

[[1]]
             [,1]      [,2]     [,3]      [,4]
[1,] -0.005917861 -11.39822 144.3868 -1332.604

[[2]]
[1] 8.530665


NOTE: Log Print Time:  2022-03-06 12:23:37 
NOTE: Elapsed Time in seconds: 1.01984349091848 

[[1]]
             [,1]      [,2]     [,3]      [,4]
[1,] -0.005917861 -11.39822 144.3868 -1332.604

[[2]]
[1] 8.530665


NOTE: Log Print Time:  2022-03-06 12:24:38 
NOTE: Elapsed Time in seconds: 1.02778502702713 

[[1]]
             [,1]      [,2]     [,3]      [,4]
[1,] -0.005917861 -11.39822 144.3868 -1332.604

[[2]]
[1] 8.530665


NOTE: Log Print Time:  2022-03-06 12:25:40 
NOTE: Elapsed Time in seconds: 1.03312795559565 

[[1]]
             [,1]      [,2]     [,3]      [,4]
[1,] -0.005917861 -11.39822 144.3868 -1332.604

[[2]]
[1] 8.530665


NOTE: Log Print Time:  2022-03-06 12:26:42 
NOTE: Elapsed Time in seconds: 1.02476541598638 

[[1]]
             [,1]      [,2]     [,3]      [,4]
[1,] -0.005917861 -11.39822 144.3868 -1332.604

[[2]]
[1] 8.530665


NOTE: Log Print Time:  2022-03-06 12:27:44 
NOTE: Elapsed Time in seconds: 1.03907217979431 

[[1]]
             [,1]      [,2]     [,3]      [,4]
[1,] -0.005917861 -11.39822 144.3868 -1332.604

[[2]]
[1] 8.530665


NOTE: Log Print Time:  2022-03-06 12:28:45 
NOTE: Elapsed Time in seconds: 1.01547503471375 

[[1]]
             [,1]      [,2]     [,3]      [,4]
[1,] -0.005917861 -11.39822 144.3868 -1332.604

[[2]]
[1] 8.530665


NOTE: Log Print Time:  2022-03-06 12:29:47 
NOTE: Elapsed Time in seconds: 1.02959260940552 

[[1]]
             [,1]      [,2]     [,3]      [,4]
[1,] -0.005917861 -11.39822 144.3868 -1332.604

[[2]]
[1] 8.530665


NOTE: Log Print Time:  2022-03-06 12:30:47 
NOTE: Elapsed Time in seconds: 1.01250205437342 

[[1]]
             [,1]      [,2]     [,3]      [,4]
[1,] -0.005917861 -11.39822 144.3868 -1332.604

[[2]]
[1] 8.530665


NOTE: Log Print Time:  2022-03-06 12:31:49 
NOTE: Elapsed Time in seconds: 1.02604368130366 

[[1]]
             [,1]      [,2]     [,3]      [,4]
[1,] -0.005917861 -11.39822 144.3868 -1332.604

[[2]]
[1] 8.530665


NOTE: Log Print Time:  2022-03-06 12:32:51 
NOTE: Elapsed Time in seconds: 1.0257290204366 

[[1]]
             [,1]      [,2]     [,3]      [,4]
[1,] -0.005917861 -11.39822 144.3868 -1332.604

[[2]]
[1] 8.530665


NOTE: Log Print Time:  2022-03-06 12:33:53 
NOTE: Elapsed Time in seconds: 1.03364836772283 

[[1]]
             [,1]      [,2]     [,3]      [,4]
[1,] -0.005917861 -11.39822 144.3868 -1332.604

[[2]]
[1] 8.530665


NOTE: Log Print Time:  2022-03-06 12:34:54 
NOTE: Elapsed Time in seconds: 1.02483849128087 

[[1]]
             [,1]      [,2]     [,3]      [,4]
[1,] -0.005917861 -11.39822 144.3868 -1332.604

[[2]]
[1] 8.530665


NOTE: Log Print Time:  2022-03-06 12:35:56 
NOTE: Elapsed Time in seconds: 1.02439347902934 

[[1]]
             [,1]      [,2]     [,3]      [,4]
[1,] -0.005917861 -11.39822 144.3868 -1332.604

[[2]]
[1] 8.530665


NOTE: Log Print Time:  2022-03-06 12:36:57 
NOTE: Elapsed Time in seconds: 1.02621403932571 

[[1]]
             [,1]      [,2]     [,3]      [,4]
[1,] -0.005917861 -11.39822 144.3868 -1332.604

[[2]]
[1] 8.530665


NOTE: Log Print Time:  2022-03-06 12:37:59 
NOTE: Elapsed Time in seconds: 1.0316678126653 

[[1]]
            [,1]      [,2]     [,3]      [,4]
[1,] 0.009058184 -11.19982 145.5324 -1390.716

[[2]]
[1] 8.538593


NOTE: Log Print Time:  2022-03-06 12:39:01 
NOTE: Elapsed Time in seconds: 1.0304289539655 

[[1]]
            [,1]      [,2]     [,3]      [,4]
[1,] 0.009058184 -11.19982 145.5324 -1390.716

[[2]]
[1] 8.538593


NOTE: Log Print Time:  2022-03-06 12:40:01 
NOTE: Elapsed Time in seconds: 1.00972445011139 

[[1]]
            [,1]      [,2]     [,3]      [,4]
[1,] 0.009058184 -11.19982 145.5324 -1390.716

[[2]]
[1] 8.538593


NOTE: Log Print Time:  2022-03-06 12:41:02 
NOTE: Elapsed Time in seconds: 1.01800762812297 

[[1]]
            [,1]      [,2]     [,3]      [,4]
[1,] 0.009058184 -11.19982 145.5324 -1390.716

[[2]]
[1] 8.538593


NOTE: Log Print Time:  2022-03-06 12:42:04 
NOTE: Elapsed Time in seconds: 1.02235820690791 

[[1]]
            [,1]      [,2]     [,3]      [,4]
[1,] 0.009058184 -11.19982 145.5324 -1390.716

[[2]]
[1] 8.538593


NOTE: Log Print Time:  2022-03-06 12:43:06 
NOTE: Elapsed Time in seconds: 1.03099069197973 

[[1]]
            [,1]      [,2]     [,3]      [,4]
[1,] 0.009058184 -11.19982 145.5324 -1390.716

[[2]]
[1] 8.538593


NOTE: Log Print Time:  2022-03-06 12:44:07 
NOTE: Elapsed Time in seconds: 1.01598878701528 

[[1]]
            [,1]      [,2]     [,3]      [,4]
[1,] 0.009058184 -11.19982 145.5324 -1390.716

[[2]]
[1] 8.538593


NOTE: Log Print Time:  2022-03-06 12:45:08 
NOTE: Elapsed Time in seconds: 1.02513485749563 

[[1]]
            [,1]      [,2]     [,3]      [,4]
[1,] 0.009058184 -11.19982 145.5324 -1390.716

[[2]]
[1] 8.538593


NOTE: Log Print Time:  2022-03-06 12:46:10 
NOTE: Elapsed Time in seconds: 1.03246191342672 

[[1]]
            [,1]      [,2]     [,3]      [,4]
[1,] 0.009058184 -11.19982 145.5324 -1390.716

[[2]]
[1] 8.538593


NOTE: Log Print Time:  2022-03-06 12:47:12 
NOTE: Elapsed Time in seconds: 1.03201509316762 

[[1]]
            [,1]      [,2]     [,3]      [,4]
[1,] 0.009058184 -11.19982 145.5324 -1390.716

[[2]]
[1] 8.538593


NOTE: Log Print Time:  2022-03-06 12:48:14 
NOTE: Elapsed Time in seconds: 1.03907287915548 

[[1]]
            [,1]      [,2]     [,3]      [,4]
[1,] 0.009058184 -11.19982 145.5324 -1390.716

[[2]]
[1] 8.538593


NOTE: Log Print Time:  2022-03-06 12:49:16 
NOTE: Elapsed Time in seconds: 1.03269195954005 

[[1]]
            [,1]      [,2]     [,3]      [,4]
[1,] 0.009058184 -11.19982 145.5324 -1390.716

[[2]]
[1] 8.538593


NOTE: Log Print Time:  2022-03-06 12:50:18 
NOTE: Elapsed Time in seconds: 1.03010452985764 

[[1]]
            [,1]      [,2]     [,3]      [,4]
[1,] 0.009058184 -11.19982 145.5324 -1390.716

[[2]]
[1] 8.538593


NOTE: Log Print Time:  2022-03-06 12:51:20 
NOTE: Elapsed Time in seconds: 1.0299576997757 

[[1]]
            [,1]      [,2]     [,3]      [,4]
[1,] 0.009058184 -11.19982 145.5324 -1390.716

[[2]]
[1] 8.538593


NOTE: Log Print Time:  2022-03-06 12:52:21 
NOTE: Elapsed Time in seconds: 1.0208615899086 

[[1]]
            [,1]      [,2]     [,3]      [,4]
[1,] 0.009058184 -11.19982 145.5324 -1390.716

[[2]]
[1] 8.538593


NOTE: Log Print Time:  2022-03-06 12:53:23 
NOTE: Elapsed Time in seconds: 1.02518116235733 

[[1]]
            [,1]      [,2]     [,3]      [,4]
[1,] 0.009058184 -11.19982 145.5324 -1390.716

[[2]]
[1] 8.538593


NOTE: Log Print Time:  2022-03-06 12:54:25 
NOTE: Elapsed Time in seconds: 1.03545952240626 

[[1]]
            [,1]      [,2]     [,3]      [,4]
[1,] 0.009058184 -11.19982 145.5324 -1390.716

[[2]]
[1] 8.538593


NOTE: Log Print Time:  2022-03-06 12:55:27 
NOTE: Elapsed Time in seconds: 1.03059998750687 

[[1]]
            [,1]      [,2]     [,3]      [,4]
[1,] 0.009058184 -11.19982 145.5324 -1390.716

[[2]]
[1] 8.538593


NOTE: Log Print Time:  2022-03-06 12:56:29 
NOTE: Elapsed Time in seconds: 1.0334565281868 

[[1]]
            [,1]      [,2]     [,3]      [,4]
[1,] 0.009058184 -11.19982 145.5324 -1390.716

[[2]]
[1] 8.538593


NOTE: Log Print Time:  2022-03-06 12:57:31 
NOTE: Elapsed Time in seconds: 1.03074798583984 

[[1]]
            [,1]      [,2]     [,3]      [,4]
[1,] 0.009058184 -11.19982 145.5324 -1390.716

[[2]]
[1] 8.538593


NOTE: Log Print Time:  2022-03-06 12:58:32 
NOTE: Elapsed Time in seconds: 1.02691354354223 

[[1]]
            [,1]      [,2]     [,3]      [,4]
[1,] 0.009058184 -11.19982 145.5324 -1390.716

[[2]]
[1] 8.538593


NOTE: Log Print Time:  2022-03-06 12:59:34 
NOTE: Elapsed Time in seconds: 1.03845178286235 

[[1]]
            [,1]      [,2]     [,3]      [,4]
[1,] 0.009058184 -11.19982 145.5324 -1390.716

[[2]]
[1] 8.538593


NOTE: Log Print Time:  2022-03-06 13:00:36 
NOTE: Elapsed Time in seconds: 1.03025460640589 

[[1]]
            [,1]      [,2]     [,3]      [,4]
[1,] 0.009058184 -11.19982 145.5324 -1390.716

[[2]]
[1] 8.538593


NOTE: Log Print Time:  2022-03-06 13:01:37 
NOTE: Elapsed Time in seconds: 1.01927678585052 

[[1]]
            [,1]      [,2]     [,3]      [,4]
[1,] 0.009058184 -11.19982 145.5324 -1390.716

[[2]]
[1] 8.538593


NOTE: Log Print Time:  2022-03-06 13:02:38 
NOTE: Elapsed Time in seconds: 1.01769212086995 

[[1]]
            [,1]      [,2]     [,3]      [,4]
[1,] 0.009058184 -11.19982 145.5324 -1390.716

[[2]]
[1] 8.538593


NOTE: Log Print Time:  2022-03-06 13:03:41 
NOTE: Elapsed Time in seconds: 1.03443979024887 

[[1]]
           [,1]      [,2]    [,3]      [,4]
[1,] 0.01540225 -11.29424 142.442 -1330.486

[[2]]
[1] 8.539043


NOTE: Log Print Time:  2022-03-06 13:04:42 
NOTE: Elapsed Time in seconds: 1.0239861369133 

[[1]]
           [,1]      [,2]    [,3]      [,4]
[1,] 0.01540225 -11.29424 142.442 -1330.486

[[2]]
[1] 8.539043


NOTE: Log Print Time:  2022-03-06 13:05:43 
NOTE: Elapsed Time in seconds: 1.02526510556539 

[[1]]
           [,1]      [,2]    [,3]      [,4]
[1,] 0.01540225 -11.29424 142.442 -1330.486

[[2]]
[1] 8.539043


NOTE: Log Print Time:  2022-03-06 13:06:46 
NOTE: Elapsed Time in seconds: 1.038272245725 

[[1]]
           [,1]      [,2]    [,3]      [,4]
[1,] 0.01540225 -11.29424 142.442 -1330.486

[[2]]
[1] 8.539043


NOTE: Log Print Time:  2022-03-06 13:07:47 
NOTE: Elapsed Time in seconds: 1.01770600875219 

[[1]]
           [,1]      [,2]    [,3]      [,4]
[1,] 0.01540225 -11.29424 142.442 -1330.486

[[2]]
[1] 8.539043


NOTE: Log Print Time:  2022-03-06 13:08:48 
NOTE: Elapsed Time in seconds: 1.01842542092005 

[[1]]
           [,1]      [,2]    [,3]      [,4]
[1,] 0.01540225 -11.29424 142.442 -1330.486

[[2]]
[1] 8.539043


NOTE: Log Print Time:  2022-03-06 13:09:50 
NOTE: Elapsed Time in seconds: 1.03043553034465 

[[1]]
           [,1]      [,2]    [,3]      [,4]
[1,] 0.01540225 -11.29424 142.442 -1330.486

[[2]]
[1] 8.539043


NOTE: Log Print Time:  2022-03-06 13:10:52 
NOTE: Elapsed Time in seconds: 1.0306952436765 

[[1]]
           [,1]      [,2]    [,3]      [,4]
[1,] 0.01540225 -11.29424 142.442 -1330.486

[[2]]
[1] 8.539043


NOTE: Log Print Time:  2022-03-06 13:11:53 
NOTE: Elapsed Time in seconds: 1.02002068758011 

[[1]]
           [,1]      [,2]    [,3]      [,4]
[1,] 0.01540225 -11.29424 142.442 -1330.486

[[2]]
[1] 8.539043


NOTE: Log Print Time:  2022-03-06 13:12:55 
NOTE: Elapsed Time in seconds: 1.03661572535833 

[[1]]
           [,1]      [,2]    [,3]      [,4]
[1,] 0.01540225 -11.29424 142.442 -1330.486

[[2]]
[1] 8.539043


NOTE: Log Print Time:  2022-03-06 13:13:56 
NOTE: Elapsed Time in seconds: 1.0207594037056 

[[1]]
           [,1]      [,2]     [,3]      [,4]
[1,] 0.02015905 -11.86284 154.6379 -1509.542

[[2]]
[1] 8.549269


NOTE: Log Print Time:  2022-03-06 13:14:58 
NOTE: Elapsed Time in seconds: 1.02504615783691 

[[1]]
           [,1]      [,2]     [,3]      [,4]
[1,] 0.02015905 -11.86284 154.6379 -1509.542

[[2]]
[1] 8.549269


NOTE: Log Print Time:  2022-03-06 13:15:59 
NOTE: Elapsed Time in seconds: 1.02620216210683 

[[1]]
           [,1]      [,2]     [,3]      [,4]
[1,] 0.02015905 -11.86284 154.6379 -1509.542

[[2]]
[1] 8.549269


NOTE: Log Print Time:  2022-03-06 13:17:01 
NOTE: Elapsed Time in seconds: 1.02988853851954 

[[1]]
           [,1]      [,2]     [,3]      [,4]
[1,] 0.02015905 -11.86284 154.6379 -1509.542

[[2]]
[1] 8.549269


NOTE: Log Print Time:  2022-03-06 13:18:03 
NOTE: Elapsed Time in seconds: 1.02638220389684 

[[1]]
           [,1]      [,2]     [,3]      [,4]
[1,] 0.02015905 -11.86284 154.6379 -1509.542

[[2]]
[1] 8.549269


NOTE: Log Print Time:  2022-03-06 13:19:04 
NOTE: Elapsed Time in seconds: 1.02499929269155 

[[1]]
           [,1]      [,2]     [,3]      [,4]
[1,] 0.02015905 -11.86284 154.6379 -1509.542

[[2]]
[1] 8.549269


NOTE: Log Print Time:  2022-03-06 13:20:05 
NOTE: Elapsed Time in seconds: 1.02047758499781 

[[1]]
           [,1]      [,2]     [,3]      [,4]
[1,] 0.02015905 -11.86284 154.6379 -1509.542

[[2]]
[1] 8.549269


NOTE: Log Print Time:  2022-03-06 13:21:07 
NOTE: Elapsed Time in seconds: 1.03296558856964 

[[1]]
           [,1]      [,2]     [,3]      [,4]
[1,] 0.02015905 -11.86284 154.6379 -1509.542

[[2]]
[1] 8.549269


NOTE: Log Print Time:  2022-03-06 13:22:09 
NOTE: Elapsed Time in seconds: 1.02086382309596 

[[1]]
           [,1]      [,2]     [,3]      [,4]
[1,] 0.02015905 -11.86284 154.6379 -1509.542

[[2]]
[1] 8.549269


NOTE: Log Print Time:  2022-03-06 13:23:10 
NOTE: Elapsed Time in seconds: 1.02516925732295 

[[1]]
           [,1]      [,2]     [,3]      [,4]
[1,] 0.02015905 -11.86284 154.6379 -1509.542

[[2]]
[1] 8.549269


NOTE: Log Print Time:  2022-03-06 13:24:12 
NOTE: Elapsed Time in seconds: 1.02238667408625 

[[1]]
           [,1]      [,2]     [,3]      [,4]
[1,] 0.02015905 -11.86284 154.6379 -1509.542

[[2]]
[1] 8.549269


NOTE: Log Print Time:  2022-03-06 13:25:13 
NOTE: Elapsed Time in seconds: 1.01821503241857 

[[1]]
           [,1]      [,2]     [,3]      [,4]
[1,] 0.02015905 -11.86284 154.6379 -1509.542

[[2]]
[1] 8.549269


NOTE: Log Print Time:  2022-03-06 13:26:14 
NOTE: Elapsed Time in seconds: 1.02930551369985 

[[1]]
           [,1]      [,2]     [,3]      [,4]
[1,] 0.02015905 -11.86284 154.6379 -1509.542

[[2]]
[1] 8.549269


NOTE: Log Print Time:  2022-03-06 13:27:16 
NOTE: Elapsed Time in seconds: 1.02230515480041 

[[1]]
           [,1]      [,2]     [,3]      [,4]
[1,] 0.02015905 -11.86284 154.6379 -1509.542

[[2]]
[1] 8.549269


NOTE: Log Print Time:  2022-03-06 13:28:17 
NOTE: Elapsed Time in seconds: 1.02617369492849 

[[1]]
           [,1]      [,2]     [,3]      [,4]
[1,] 0.02015905 -11.86284 154.6379 -1509.542

[[2]]
[1] 8.549269


NOTE: Log Print Time:  2022-03-06 13:29:19 
NOTE: Elapsed Time in seconds: 1.03013472954432 

[[1]]
           [,1]      [,2]     [,3]      [,4]
[1,] 0.02015905 -11.86284 154.6379 -1509.542

[[2]]
[1] 8.549269


NOTE: Log Print Time:  2022-03-06 13:30:20 
NOTE: Elapsed Time in seconds: 1.02199285427729 

[[1]]
           [,1]      [,2]     [,3]      [,4]
[1,] 0.02015905 -11.86284 154.6379 -1509.542

[[2]]
[1] 8.549269


NOTE: Log Print Time:  2022-03-06 13:31:21 
NOTE: Elapsed Time in seconds: 1.0119343717893 

[[1]]
           [,1]      [,2]     [,3]      [,4]
[1,] 0.02015905 -11.86284 154.6379 -1509.542

[[2]]
[1] 8.549269


NOTE: Log Print Time:  2022-03-06 13:32:23 
NOTE: Elapsed Time in seconds: 1.02496480544408 

[[1]]
           [,1]      [,2]     [,3]      [,4]
[1,] 0.02015905 -11.86284 154.6379 -1509.542

[[2]]
[1] 8.549269


NOTE: Log Print Time:  2022-03-06 13:33:24 
NOTE: Elapsed Time in seconds: 1.0166805267334 

[[1]]
           [,1]      [,2]     [,3]      [,4]
[1,] 0.02015905 -11.86284 154.6379 -1509.542

[[2]]
[1] 8.549269


NOTE: Log Print Time:  2022-03-06 13:34:26 
NOTE: Elapsed Time in seconds: 1.03963195880254 

[[1]]
           [,1]      [,2]     [,3]      [,4]
[1,] 0.02015905 -11.86284 154.6379 -1509.542

[[2]]
[1] 8.549269


NOTE: Log Print Time:  2022-03-06 13:35:28 
NOTE: Elapsed Time in seconds: 1.03030407826106 

[[1]]
           [,1]      [,2]     [,3]      [,4]
[1,] 0.02015905 -11.86284 154.6379 -1509.542

[[2]]
[1] 8.549269


NOTE: Log Print Time:  2022-03-06 13:36:29 
NOTE: Elapsed Time in seconds: 1.02548652092616 

[[1]]
           [,1]      [,2]     [,3]      [,4]
[1,] 0.02015905 -11.86284 154.6379 -1509.542

[[2]]
[1] 8.549269


NOTE: Log Print Time:  2022-03-06 13:37:31 
NOTE: Elapsed Time in seconds: 1.0232516169548 

[[1]]
           [,1]      [,2]     [,3]      [,4]
[1,] 0.02015905 -11.86284 154.6379 -1509.542

[[2]]
[1] 8.549269


NOTE: Log Print Time:  2022-03-06 13:38:33 
NOTE: Elapsed Time in seconds: 1.04274614254634 

[[1]]
           [,1]      [,2]     [,3]      [,4]
[1,] 0.02015905 -11.86284 154.6379 -1509.542

[[2]]
[1] 8.549269


NOTE: Log Print Time:  2022-03-06 13:39:35 
NOTE: Elapsed Time in seconds: 1.02459216515223 

[[1]]
           [,1]      [,2]     [,3]      [,4]
[1,] 0.02015905 -11.86284 154.6379 -1509.542

[[2]]
[1] 8.549269


NOTE: Log Print Time:  2022-03-06 13:40:36 
NOTE: Elapsed Time in seconds: 1.01902368863424 

[[1]]
           [,1]     [,2]     [,3]      [,4]
[1,] 0.01969187 -11.8597 154.4849 -1476.173

[[2]]
[1] 8.550993


NOTE: Log Print Time:  2022-03-06 13:41:37 
NOTE: Elapsed Time in seconds: 1.02374844551086 

[[1]]
           [,1]     [,2]     [,3]      [,4]
[1,] 0.01969187 -11.8597 154.4849 -1476.173

[[2]]
[1] 8.550993


NOTE: Log Print Time:  2022-03-06 13:42:38 
NOTE: Elapsed Time in seconds: 1.01417489449183 

[[1]]
           [,1]     [,2]     [,3]      [,4]
[1,] 0.01969187 -11.8597 154.4849 -1476.173

[[2]]
[1] 8.550993


NOTE: Log Print Time:  2022-03-06 13:43:40 
NOTE: Elapsed Time in seconds: 1.02951993942261 

[[1]]
           [,1]     [,2]     [,3]      [,4]
[1,] 0.01969187 -11.8597 154.4849 -1476.173

[[2]]
[1] 8.550993


NOTE: Log Print Time:  2022-03-06 13:44:41 
NOTE: Elapsed Time in seconds: 1.02292957305908 

[[1]]
           [,1]     [,2]     [,3]      [,4]
[1,] 0.01969187 -11.8597 154.4849 -1476.173

[[2]]
[1] 8.550993


NOTE: Log Print Time:  2022-03-06 13:45:43 
NOTE: Elapsed Time in seconds: 1.02032696008682 

[[1]]
           [,1]     [,2]     [,3]      [,4]
[1,] 0.01969187 -11.8597 154.4849 -1476.173

[[2]]
[1] 8.550993


NOTE: Log Print Time:  2022-03-06 13:46:43 
NOTE: Elapsed Time in seconds: 1.01411255200704 

[[1]]
           [,1]     [,2]     [,3]      [,4]
[1,] 0.01969187 -11.8597 154.4849 -1476.173

[[2]]
[1] 8.550993


NOTE: Log Print Time:  2022-03-06 13:47:45 
NOTE: Elapsed Time in seconds: 1.02487879991531 

[[1]]
           [,1]     [,2]     [,3]      [,4]
[1,] 0.01969187 -11.8597 154.4849 -1476.173

[[2]]
[1] 8.550993


NOTE: Log Print Time:  2022-03-06 13:48:47 
NOTE: Elapsed Time in seconds: 1.04192479054133 

[[1]]
           [,1]     [,2]     [,3]      [,4]
[1,] 0.01969187 -11.8597 154.4849 -1476.173

[[2]]
[1] 8.550993


NOTE: Log Print Time:  2022-03-06 13:49:50 
NOTE: Elapsed Time in seconds: 1.03989483912786 

[[1]]
           [,1]     [,2]     [,3]      [,4]
[1,] 0.01969187 -11.8597 154.4849 -1476.173

[[2]]
[1] 8.550993


NOTE: Log Print Time:  2022-03-06 13:50:51 
NOTE: Elapsed Time in seconds: 1.02261266708374 

[[1]]
           [,1]     [,2]     [,3]      [,4]
[1,] 0.01969187 -11.8597 154.4849 -1476.173

[[2]]
[1] 8.550993


NOTE: Log Print Time:  2022-03-06 13:51:52 
NOTE: Elapsed Time in seconds: 1.01748456954956 

[[1]]
           [,1]     [,2]     [,3]      [,4]
[1,] 0.01969187 -11.8597 154.4849 -1476.173

[[2]]
[1] 8.550993


NOTE: Log Print Time:  2022-03-06 13:52:54 
NOTE: Elapsed Time in seconds: 1.03598748842875 

[[1]]
           [,1]     [,2]     [,3]      [,4]
[1,] 0.01969187 -11.8597 154.4849 -1476.173

[[2]]
[1] 8.550993


NOTE: Log Print Time:  2022-03-06 13:53:55 
NOTE: Elapsed Time in seconds: 1.01722000042597 

[[1]]
           [,1]     [,2]     [,3]      [,4]
[1,] 0.01969187 -11.8597 154.4849 -1476.173

[[2]]
[1] 8.550993


NOTE: Log Print Time:  2022-03-06 13:54:58 
NOTE: Elapsed Time in seconds: 1.03519770304362 

[[1]]
           [,1]     [,2]     [,3]      [,4]
[1,] 0.01969187 -11.8597 154.4849 -1476.173

[[2]]
[1] 8.550993


NOTE: Log Print Time:  2022-03-06 13:55:58 
NOTE: Elapsed Time in seconds: 1.00923169056575 

[[1]]
           [,1]     [,2]     [,3]      [,4]
[1,] 0.01969187 -11.8597 154.4849 -1476.173

[[2]]
[1] 8.550993


NOTE: Log Print Time:  2022-03-06 13:57:00 
NOTE: Elapsed Time in seconds: 1.02419893344243 

[[1]]
          [,1]      [,2]     [,3]     [,4]
[1,] 0.0369826 -13.12633 172.6095 -1682.12

[[2]]
[1] 8.568408


NOTE: Log Print Time:  2022-03-06 13:58:01 
NOTE: Elapsed Time in seconds: 1.01732683181763 

[[1]]
          [,1]      [,2]     [,3]     [,4]
[1,] 0.0369826 -13.12633 172.6095 -1682.12

[[2]]
[1] 8.568408


NOTE: Log Print Time:  2022-03-06 13:59:02 
NOTE: Elapsed Time in seconds: 1.02686483065287 

[[1]]
          [,1]      [,2]     [,3]     [,4]
[1,] 0.0369826 -13.12633 172.6095 -1682.12

[[2]]
[1] 8.568408


NOTE: Log Print Time:  2022-03-06 14:00:03 
NOTE: Elapsed Time in seconds: 1.02081743081411 

[[1]]
          [,1]      [,2]     [,3]     [,4]
[1,] 0.0369826 -13.12633 172.6095 -1682.12

[[2]]
[1] 8.568408


NOTE: Log Print Time:  2022-03-06 14:01:05 
NOTE: Elapsed Time in seconds: 1.02182244857152 

[[1]]
          [,1]      [,2]     [,3]     [,4]
[1,] 0.0369826 -13.12633 172.6095 -1682.12

[[2]]
[1] 8.568408


NOTE: Log Print Time:  2022-03-06 14:02:07 
NOTE: Elapsed Time in seconds: 1.03290589253108 

[[1]]
          [,1]      [,2]     [,3]     [,4]
[1,] 0.0369826 -13.12633 172.6095 -1682.12

[[2]]
[1] 8.568408


NOTE: Log Print Time:  2022-03-06 14:03:08 
NOTE: Elapsed Time in seconds: 1.01539222796758 

[[1]]
          [,1]      [,2]     [,3]     [,4]
[1,] 0.0369826 -13.12633 172.6095 -1682.12

[[2]]
[1] 8.568408


NOTE: Log Print Time:  2022-03-06 14:04:09 
NOTE: Elapsed Time in seconds: 1.02025665044785 

[[1]]
          [,1]      [,2]     [,3]     [,4]
[1,] 0.0369826 -13.12633 172.6095 -1682.12

[[2]]
[1] 8.568408


NOTE: Log Print Time:  2022-03-06 14:05:11 
NOTE: Elapsed Time in seconds: 1.02910737196604 

[[1]]
          [,1]      [,2]     [,3]     [,4]
[1,] 0.0369826 -13.12633 172.6095 -1682.12

[[2]]
[1] 8.568408


NOTE: Log Print Time:  2022-03-06 14:06:12 
NOTE: Elapsed Time in seconds: 1.02941489219666 

[[1]]
          [,1]      [,2]     [,3]     [,4]
[1,] 0.0369826 -13.12633 172.6095 -1682.12

[[2]]
[1] 8.568408


NOTE: Log Print Time:  2022-03-06 14:07:14 
NOTE: Elapsed Time in seconds: 1.02341399590174 

[[1]]
          [,1]      [,2]     [,3]     [,4]
[1,] 0.0369826 -13.12633 172.6095 -1682.12

[[2]]
[1] 8.568408


NOTE: Log Print Time:  2022-03-06 14:08:15 
NOTE: Elapsed Time in seconds: 1.02234081824621 

[[1]]
          [,1]      [,2]     [,3]     [,4]
[1,] 0.0369826 -13.12633 172.6095 -1682.12

[[2]]
[1] 8.568408


NOTE: Log Print Time:  2022-03-06 14:09:16 
NOTE: Elapsed Time in seconds: 1.01217631498973 

[[1]]
          [,1]      [,2]     [,3]     [,4]
[1,] 0.0369826 -13.12633 172.6095 -1682.12

[[2]]
[1] 8.568408


NOTE: Log Print Time:  2022-03-06 14:10:17 
NOTE: Elapsed Time in seconds: 1.0155074596405 

[[1]]
          [,1]      [,2]     [,3]     [,4]
[1,] 0.0369826 -13.12633 172.6095 -1682.12

[[2]]
[1] 8.568408


NOTE: Log Print Time:  2022-03-06 14:11:30 
NOTE: Elapsed Time in seconds: 1.22114313840866 

[[1]]
          [,1]      [,2]     [,3]     [,4]
[1,] 0.0369826 -13.12633 172.6095 -1682.12

[[2]]
[1] 8.568408


NOTE: Log Print Time:  2022-03-06 14:12:31 
NOTE: Elapsed Time in seconds: 1.02240738073985 

[[1]]
          [,1]      [,2]     [,3]     [,4]
[1,] 0.0369826 -13.12633 172.6095 -1682.12

[[2]]
[1] 8.568408


NOTE: Log Print Time:  2022-03-06 14:13:33 
NOTE: Elapsed Time in seconds: 1.01888963778814 

[[1]]
           [,1]      [,2]     [,3]      [,4]
[1,] 0.03123832 -13.30213 181.4732 -1809.947

[[2]]
[1] 8.572012


NOTE: Log Print Time:  2022-03-06 14:14:34 
NOTE: Elapsed Time in seconds: 1.02340340216955 

[[1]]
           [,1]      [,2]     [,3]      [,4]
[1,] 0.03123832 -13.30213 181.4732 -1809.947

[[2]]
[1] 8.572012


NOTE: Log Print Time:  2022-03-06 14:15:35 
NOTE: Elapsed Time in seconds: 1.01621045271556 

[[1]]
           [,1]      [,2]     [,3]      [,4]
[1,] 0.03123832 -13.30213 181.4732 -1809.947

[[2]]
[1] 8.572012


NOTE: Log Print Time:  2022-03-06 14:16:36 
NOTE: Elapsed Time in seconds: 1.02025218009949 

[[1]]
           [,1]      [,2]     [,3]      [,4]
[1,] 0.03123832 -13.30213 181.4732 -1809.947

[[2]]
[1] 8.572012


NOTE: Log Print Time:  2022-03-06 14:17:40 
NOTE: Elapsed Time in seconds: 1.06767091751099 

[[1]]
           [,1]      [,2]     [,3]      [,4]
[1,] 0.03123832 -13.30213 181.4732 -1809.947

[[2]]
[1] 8.572012


NOTE: Log Print Time:  2022-03-06 14:18:41 
NOTE: Elapsed Time in seconds: 1.02147079308828 

[[1]]
           [,1]      [,2]     [,3]      [,4]
[1,] 0.03123832 -13.30213 181.4732 -1809.947

[[2]]
[1] 8.572012


NOTE: Log Print Time:  2022-03-06 14:19:42 
NOTE: Elapsed Time in seconds: 1.012233599027 

[[1]]
           [,1]      [,2]     [,3]      [,4]
[1,] 0.03123832 -13.30213 181.4732 -1809.947

[[2]]
[1] 8.572012


NOTE: Log Print Time:  2022-03-06 14:20:43 
NOTE: Elapsed Time in seconds: 1.01857416629791 

[[1]]
           [,1]      [,2]     [,3]      [,4]
[1,] 0.03123832 -13.30213 181.4732 -1809.947

[[2]]
[1] 8.572012


NOTE: Log Print Time:  2022-03-06 14:21:45 
NOTE: Elapsed Time in seconds: 1.03310771385829 

[[1]]
           [,1]      [,2]     [,3]      [,4]
[1,] 0.03123832 -13.30213 181.4732 -1809.947

[[2]]
[1] 8.572012


NOTE: Log Print Time:  2022-03-06 14:22:47 
NOTE: Elapsed Time in seconds: 1.0267852306366 

[[1]]
           [,1]      [,2]     [,3]      [,4]
[1,] 0.03123832 -13.30213 181.4732 -1809.947

[[2]]
[1] 8.572012


NOTE: Log Print Time:  2022-03-06 14:23:48 
NOTE: Elapsed Time in seconds: 1.01006101369858 

[[1]]
           [,1]      [,2]     [,3]      [,4]
[1,] 0.03123832 -13.30213 181.4732 -1809.947

[[2]]
[1] 8.572012


NOTE: Log Print Time:  2022-03-06 14:24:48 
NOTE: Elapsed Time in seconds: 1.01430165370305 

[[1]]
           [,1]      [,2]     [,3]      [,4]
[1,] 0.03123832 -13.30213 181.4732 -1809.947

[[2]]
[1] 8.572012


NOTE: Log Print Time:  2022-03-06 14:25:50 
NOTE: Elapsed Time in seconds: 1.02168540557226 

[[1]]
           [,1]      [,2]     [,3]      [,4]
[1,] 0.03123832 -13.30213 181.4732 -1809.947

[[2]]
[1] 8.572012


NOTE: Log Print Time:  2022-03-06 14:26:52 
NOTE: Elapsed Time in seconds: 1.03834313154221 

[[1]]
           [,1]      [,2]     [,3]      [,4]
[1,] 0.03123832 -13.30213 181.4732 -1809.947

[[2]]
[1] 8.572012


NOTE: Log Print Time:  2022-03-06 14:27:53 
NOTE: Elapsed Time in seconds: 1.02455471754074 

[[1]]
           [,1]      [,2]     [,3]      [,4]
[1,] 0.03123832 -13.30213 181.4732 -1809.947

[[2]]
[1] 8.572012


NOTE: Log Print Time:  2022-03-06 14:28:55 
NOTE: Elapsed Time in seconds: 1.02785739103953 

[[1]]
           [,1]      [,2]     [,3]      [,4]
[1,] 0.03123832 -13.30213 181.4732 -1809.947

[[2]]
[1] 8.572012


NOTE: Log Print Time:  2022-03-06 14:29:57 
NOTE: Elapsed Time in seconds: 1.02728950977325 

[[1]]
           [,1]      [,2]     [,3]      [,4]
[1,] 0.03123832 -13.30213 181.4732 -1809.947

[[2]]
[1] 8.572012


NOTE: Log Print Time:  2022-03-06 14:30:58 
NOTE: Elapsed Time in seconds: 1.01880051692327 

[[1]]
           [,1]      [,2]     [,3]      [,4]
[1,] 0.03123832 -13.30213 181.4732 -1809.947

[[2]]
[1] 8.572012


NOTE: Log Print Time:  2022-03-06 14:32:03 
NOTE: Elapsed Time in seconds: 1.07772815227509 

[[1]]
           [,1]      [,2]     [,3]      [,4]
[1,] 0.03123832 -13.30213 181.4732 -1809.947

[[2]]
[1] 8.572012


NOTE: Log Print Time:  2022-03-06 14:33:04 
NOTE: Elapsed Time in seconds: 1.01831344366074 

[[1]]
           [,1]      [,2]     [,3]      [,4]
[1,] 0.03123832 -13.30213 181.4732 -1809.947

[[2]]
[1] 8.572012


NOTE: Log Print Time:  2022-03-06 14:34:05 
NOTE: Elapsed Time in seconds: 1.0229888121287 

[[1]]
           [,1]      [,2]     [,3]      [,4]
[1,] 0.03123832 -13.30213 181.4732 -1809.947

[[2]]
[1] 8.572012


NOTE: Log Print Time:  2022-03-06 14:35:06 
NOTE: Elapsed Time in seconds: 1.02341295083364 

[[1]]
           [,1]      [,2]     [,3]      [,4]
[1,] 0.03123832 -13.30213 181.4732 -1809.947

[[2]]
[1] 8.572012


NOTE: Log Print Time:  2022-03-06 14:36:09 
NOTE: Elapsed Time in seconds: 1.04023178021113 

[[1]]
           [,1]      [,2]     [,3]      [,4]
[1,] 0.03123832 -13.30213 181.4732 -1809.947

[[2]]
[1] 8.572012


NOTE: Log Print Time:  2022-03-06 14:37:10 
NOTE: Elapsed Time in seconds: 1.01736717621485 

[[1]]
           [,1]      [,2]     [,3]      [,4]
[1,] 0.02978136 -13.28726 180.1028 -1807.132

[[2]]
[1] 8.573751


NOTE: Log Print Time:  2022-03-06 14:38:12 
NOTE: Elapsed Time in seconds: 1.02855139176051 

[[1]]
           [,1]      [,2]     [,3]      [,4]
[1,] 0.02978136 -13.28726 180.1028 -1807.132

[[2]]
[1] 8.573751


NOTE: Log Print Time:  2022-03-06 14:39:14 
NOTE: Elapsed Time in seconds: 1.034099706014 

[[1]]
           [,1]      [,2]     [,3]      [,4]
[1,] 0.02978136 -13.28726 180.1028 -1807.132

[[2]]
[1] 8.573751


NOTE: Log Print Time:  2022-03-06 14:40:14 
NOTE: Elapsed Time in seconds: 1.01244070927302 

[[1]]
           [,1]      [,2]     [,3]      [,4]
[1,] 0.02978136 -13.28726 180.1028 -1807.132

[[2]]
[1] 8.573751


NOTE: Log Print Time:  2022-03-06 14:41:16 
NOTE: Elapsed Time in seconds: 1.02125093539556 

[[1]]
           [,1]      [,2]     [,3]      [,4]
[1,] 0.02978136 -13.28726 180.1028 -1807.132

[[2]]
[1] 8.573751


NOTE: Log Print Time:  2022-03-06 14:42:17 
NOTE: Elapsed Time in seconds: 1.01761580308278 

[[1]]
           [,1]      [,2]     [,3]      [,4]
[1,] 0.02978136 -13.28726 180.1028 -1807.132

[[2]]
[1] 8.573751


NOTE: Log Print Time:  2022-03-06 14:43:19 
NOTE: Elapsed Time in seconds: 1.03590861558914 

[[1]]
           [,1]      [,2]     [,3]      [,4]
[1,] 0.02978136 -13.28726 180.1028 -1807.132

[[2]]
[1] 8.573751


NOTE: Log Print Time:  2022-03-06 14:44:20 
NOTE: Elapsed Time in seconds: 1.02082038323085 

[[1]]
           [,1]      [,2]     [,3]      [,4]
[1,] 0.02978136 -13.28726 180.1028 -1807.132

[[2]]
[1] 8.573751


NOTE: Log Print Time:  2022-03-06 14:45:21 
NOTE: Elapsed Time in seconds: 1.01791954437892 

[[1]]
           [,1]      [,2]     [,3]      [,4]
[1,] 0.02978136 -13.28726 180.1028 -1807.132

[[2]]
[1] 8.573751


NOTE: Log Print Time:  2022-03-06 14:46:23 
NOTE: Elapsed Time in seconds: 1.02647783756256 

[[1]]
           [,1]      [,2]     [,3]      [,4]
[1,] 0.02978136 -13.28726 180.1028 -1807.132

[[2]]
[1] 8.573751


NOTE: Log Print Time:  2022-03-06 14:47:23 
NOTE: Elapsed Time in seconds: 59.8743040561676 

[[1]]
           [,1]      [,2]     [,3]      [,4]
[1,] 0.03086619 -13.61544 192.6085 -2017.579

[[2]]
[1] 8.576677


NOTE: Log Print Time:  2022-03-06 14:48:24 
NOTE: Elapsed Time in seconds: 1.01890956163406 

[[1]]
           [,1]      [,2]     [,3]      [,4]
[1,] 0.03086619 -13.61544 192.6085 -2017.579

[[2]]
[1] 8.576677


NOTE: Log Print Time:  2022-03-06 14:49:25 
NOTE: Elapsed Time in seconds: 1.01932977437973 

[[1]]
           [,1]      [,2]     [,3]      [,4]
[1,] 0.03086619 -13.61544 192.6085 -2017.579

[[2]]
[1] 8.576677


NOTE: Log Print Time:  2022-03-06 14:50:26 
NOTE: Elapsed Time in seconds: 1.015882452329 

[[1]]
           [,1]      [,2]     [,3]      [,4]
[1,] 0.03086619 -13.61544 192.6085 -2017.579

[[2]]
[1] 8.576677


NOTE: Log Print Time:  2022-03-06 14:51:28 
NOTE: Elapsed Time in seconds: 1.03622192541758 

[[1]]
           [,1]      [,2]     [,3]      [,4]
[1,] 0.03086619 -13.61544 192.6085 -2017.579

[[2]]
[1] 8.576677


NOTE: Log Print Time:  2022-03-06 14:52:29 
NOTE: Elapsed Time in seconds: 1.01569538116455 

[[1]]
           [,1]      [,2]     [,3]      [,4]
[1,] 0.03086619 -13.61544 192.6085 -2017.579

[[2]]
[1] 8.576677


NOTE: Log Print Time:  2022-03-06 14:53:30 
NOTE: Elapsed Time in seconds: 1.02269631624222 

[[1]]
           [,1]      [,2]     [,3]      [,4]
[1,] 0.03086619 -13.61544 192.6085 -2017.579

[[2]]
[1] 8.576677


NOTE: Log Print Time:  2022-03-06 14:54:31 
NOTE: Elapsed Time in seconds: 1.01504282156626 

[[1]]
           [,1]      [,2]     [,3]      [,4]
[1,] 0.03086619 -13.61544 192.6085 -2017.579

[[2]]
[1] 8.576677


NOTE: Log Print Time:  2022-03-06 14:55:33 
NOTE: Elapsed Time in seconds: 1.03653019269307 

[[1]]
           [,1]      [,2]     [,3]      [,4]
[1,] 0.03086619 -13.61544 192.6085 -2017.579

[[2]]
[1] 8.576677


NOTE: Log Print Time:  2022-03-06 14:56:35 
NOTE: Elapsed Time in seconds: 1.02739463647207 

[[1]]
           [,1]      [,2]     [,3]      [,4]
[1,] 0.03086619 -13.61544 192.6085 -2017.579

[[2]]
[1] 8.576677


NOTE: Log Print Time:  2022-03-06 14:57:36 
NOTE: Elapsed Time in seconds: 1.01953258911769 

[[1]]
           [,1]      [,2]     [,3]      [,4]
[1,] 0.03086619 -13.61544 192.6085 -2017.579

[[2]]
[1] 8.576677


NOTE: Log Print Time:  2022-03-06 14:58:38 
NOTE: Elapsed Time in seconds: 1.03218888441722 

[[1]]
           [,1]      [,2]     [,3]      [,4]
[1,] 0.03086619 -13.61544 192.6085 -2017.579

[[2]]
[1] 8.576677


NOTE: Log Print Time:  2022-03-06 14:59:40 
NOTE: Elapsed Time in seconds: 1.02115917603175 

[[1]]
           [,1]      [,2]     [,3]      [,4]
[1,] 0.03086619 -13.61544 192.6085 -2017.579

[[2]]
[1] 8.576677


NOTE: Log Print Time:  2022-03-06 15:00:41 
NOTE: Elapsed Time in seconds: 1.02852822939555 

[[1]]
           [,1]      [,2]     [,3]      [,4]
[1,] 0.03086619 -13.61544 192.6085 -2017.579

[[2]]
[1] 8.576677


NOTE: Log Print Time:  2022-03-06 15:01:41 
NOTE: Elapsed Time in seconds: 59.8246901035309 

[[1]]
           [,1]      [,2]     [,3]      [,4]
[1,] 0.03086619 -13.61544 192.6085 -2017.579

[[2]]
[1] 8.576677


NOTE: Log Print Time:  2022-03-06 15:02:42 
NOTE: Elapsed Time in seconds: 1.01101078192393 

[[1]]
           [,1]      [,2]     [,3]      [,4]
[1,] 0.03086619 -13.61544 192.6085 -2017.579

[[2]]
[1] 8.576677


NOTE: Log Print Time:  2022-03-06 15:03:43 
NOTE: Elapsed Time in seconds: 1.01861931085587 

[[1]]
           [,1]      [,2]     [,3]      [,4]
[1,] 0.03086619 -13.61544 192.6085 -2017.579

[[2]]
[1] 8.576677


NOTE: Log Print Time:  2022-03-06 15:04:44 
NOTE: Elapsed Time in seconds: 1.01500774224599 

[[1]]
           [,1]      [,2]     [,3]      [,4]
[1,] 0.03086619 -13.61544 192.6085 -2017.579

[[2]]
[1] 8.576677


NOTE: Log Print Time:  2022-03-06 15:05:46 
NOTE: Elapsed Time in seconds: 1.03755172888438 

[[1]]
           [,1]      [,2]     [,3]      [,4]
[1,] 0.03086619 -13.61544 192.6085 -2017.579

[[2]]
[1] 8.576677


NOTE: Log Print Time:  2022-03-06 15:06:47 
NOTE: Elapsed Time in seconds: 1.00900304714839 

[[1]]
           [,1]      [,2]     [,3]      [,4]
[1,] 0.03086619 -13.61544 192.6085 -2017.579

[[2]]
[1] 8.576677


NOTE: Log Print Time:  2022-03-06 15:07:48 
NOTE: Elapsed Time in seconds: 1.02454857428869 

[[1]]
           [,1]      [,2]     [,3]      [,4]
[1,] 0.03086619 -13.61544 192.6085 -2017.579

[[2]]
[1] 8.576677


NOTE: Log Print Time:  2022-03-06 15:08:49 
NOTE: Elapsed Time in seconds: 1.0185999194781 

[[1]]
           [,1]      [,2]     [,3]      [,4]
[1,] 0.03086619 -13.61544 192.6085 -2017.579

[[2]]
[1] 8.576677


NOTE: Log Print Time:  2022-03-06 15:09:50 
NOTE: Elapsed Time in seconds: 1.01892133553823 

[[1]]
           [,1]      [,2]     [,3]      [,4]
[1,] 0.03086619 -13.61544 192.6085 -2017.579

[[2]]
[1] 8.576677


NOTE: Log Print Time:  2022-03-06 15:10:52 
NOTE: Elapsed Time in seconds: 1.03269853989283 

[[1]]
           [,1]      [,2]     [,3]      [,4]
[1,] 0.03086619 -13.61544 192.6085 -2017.579

[[2]]
[1] 8.576677


NOTE: Log Print Time:  2022-03-06 15:12:03 
NOTE: Elapsed Time in seconds: 1.17219896316528 

[[1]]
           [,1]      [,2]     [,3]      [,4]
[1,] 0.03086619 -13.61544 192.6085 -2017.579

[[2]]
[1] 8.576677


NOTE: Log Print Time:  2022-03-06 15:13:04 
NOTE: Elapsed Time in seconds: 1.02016225258509 

[[1]]
           [,1]      [,2]     [,3]      [,4]
[1,] 0.03086619 -13.61544 192.6085 -2017.579

[[2]]
[1] 8.576677


NOTE: Log Print Time:  2022-03-06 15:14:05 
NOTE: Elapsed Time in seconds: 1.02760593096415 

[[1]]
           [,1]      [,2]     [,3]      [,4]
[1,] 0.03086619 -13.61544 192.6085 -2017.579

[[2]]
[1] 8.576677


NOTE: Log Print Time:  2022-03-06 15:15:07 
NOTE: Elapsed Time in seconds: 1.02545692523321 

[[1]]
           [,1]      [,2]     [,3]      [,4]
[1,] 0.03086619 -13.61544 192.6085 -2017.579

[[2]]
[1] 8.576677


NOTE: Log Print Time:  2022-03-06 15:16:08 
NOTE: Elapsed Time in seconds: 1.01623630921046 

[[1]]
           [,1]      [,2]     [,3]      [,4]
[1,] 0.03086619 -13.61544 192.6085 -2017.579

[[2]]
[1] 8.576677


NOTE: Log Print Time:  2022-03-06 15:17:09 
NOTE: Elapsed Time in seconds: 1.01638741095861 

[[1]]
           [,1]      [,2]     [,3]      [,4]
[1,] 0.03086619 -13.61544 192.6085 -2017.579

[[2]]
[1] 8.576677


NOTE: Log Print Time:  2022-03-06 15:18:11 
NOTE: Elapsed Time in seconds: 1.02880325317383 

[[1]]
           [,1]      [,2]     [,3]      [,4]
[1,] 0.03086619 -13.61544 192.6085 -2017.579

[[2]]
[1] 8.576677


NOTE: Log Print Time:  2022-03-06 15:19:12 
NOTE: Elapsed Time in seconds: 1.02230253219604 

[[1]]
           [,1]      [,2]     [,3]      [,4]
[1,] 0.03086619 -13.61544 192.6085 -2017.579

[[2]]
[1] 8.576677


NOTE: Log Print Time:  2022-03-06 15:20:13 
NOTE: Elapsed Time in seconds: 1.01948068141937 

[[1]]
           [,1]      [,2]     [,3]      [,4]
[1,] 0.03086619 -13.61544 192.6085 -2017.579

[[2]]
[1] 8.576677


NOTE: Log Print Time:  2022-03-06 15:21:14 
NOTE: Elapsed Time in seconds: 1.00683939854304 

[[1]]
           [,1]      [,2]     [,3]      [,4]
[1,] 0.03086619 -13.61544 192.6085 -2017.579

[[2]]
[1] 8.576677


NOTE: Log Print Time:  2022-03-06 15:22:15 
NOTE: Elapsed Time in seconds: 1.02406539916992 

[[1]]
           [,1]      [,2]     [,3]      [,4]
[1,] 0.03086619 -13.61544 192.6085 -2017.579

[[2]]
[1] 8.576677


NOTE: Log Print Time:  2022-03-06 15:23:17 
NOTE: Elapsed Time in seconds: 1.02979039351145 

[[1]]
           [,1]      [,2]     [,3]      [,4]
[1,] 0.03086619 -13.61544 192.6085 -2017.579

[[2]]
[1] 8.576677


NOTE: Log Print Time:  2022-03-06 15:24:18 
NOTE: Elapsed Time in seconds: 1.01904173692067 

[[1]]
           [,1]      [,2]     [,3]      [,4]
[1,] 0.03086619 -13.61544 192.6085 -2017.579

[[2]]
[1] 8.576677


NOTE: Log Print Time:  2022-03-06 15:25:20 
NOTE: Elapsed Time in seconds: 1.02681213617325 

[[1]]
           [,1]      [,2]     [,3]      [,4]
[1,] 0.03086619 -13.61544 192.6085 -2017.579

[[2]]
[1] 8.576677


NOTE: Log Print Time:  2022-03-06 15:26:21 
NOTE: Elapsed Time in seconds: 1.02163596947988 

[[1]]
           [,1]      [,2]     [,3]      [,4]
[1,] 0.03086619 -13.61544 192.6085 -2017.579

[[2]]
[1] 8.576677


NOTE: Log Print Time:  2022-03-06 15:27:21 
NOTE: Elapsed Time in seconds: 59.7893164157867 

[[1]]
           [,1]      [,2]     [,3]      [,4]
[1,] 0.03086619 -13.61544 192.6085 -2017.579

[[2]]
[1] 8.576677


NOTE: Log Print Time:  2022-03-06 15:28:22 
NOTE: Elapsed Time in seconds: 1.02226415077845 

[[1]]
           [,1]      [,2]     [,3]      [,4]
[1,] 0.03086619 -13.61544 192.6085 -2017.579

[[2]]
[1] 8.576677


NOTE: Log Print Time:  2022-03-06 15:29:21 
NOTE: Elapsed Time in seconds: 59.3768191337585 

[[1]]
           [,1]      [,2]     [,3]      [,4]
[1,] 0.03086619 -13.61544 192.6085 -2017.579

[[2]]
[1] 8.576677


NOTE: Log Print Time:  2022-03-06 15:30:21 
NOTE: Elapsed Time in seconds: 59.9591472148895 

[[1]]
           [,1]      [,2]     [,3]      [,4]
[1,] 0.03086619 -13.61544 192.6085 -2017.579

[[2]]
[1] 8.576677


NOTE: Log Print Time:  2022-03-06 15:31:23 
NOTE: Elapsed Time in seconds: 1.03342234690984 

[[1]]
           [,1]      [,2]     [,3]      [,4]
[1,] 0.03086619 -13.61544 192.6085 -2017.579

[[2]]
[1] 8.576677


NOTE: Log Print Time:  2022-03-06 15:32:25 
NOTE: Elapsed Time in seconds: 1.02432642380397 

[[1]]
           [,1]      [,2]     [,3]      [,4]
[1,] 0.03086619 -13.61544 192.6085 -2017.579

[[2]]
[1] 8.576677


NOTE: Log Print Time:  2022-03-06 15:33:26 
NOTE: Elapsed Time in seconds: 1.01366568406423 

[[1]]
           [,1]      [,2]     [,3]      [,4]
[1,] 0.03086619 -13.61544 192.6085 -2017.579

[[2]]
[1] 8.576677


NOTE: Log Print Time:  2022-03-06 15:34:25 
NOTE: Elapsed Time in seconds: 59.3104107379913 

[[1]]
           [,1]      [,2]     [,3]      [,4]
[1,] 0.03086619 -13.61544 192.6085 -2017.579

[[2]]
[1] 8.576677


NOTE: Log Print Time:  2022-03-06 15:35:26 
NOTE: Elapsed Time in seconds: 1.02661817471186 

[[1]]
           [,1]      [,2]     [,3]      [,4]
[1,] 0.03086619 -13.61544 192.6085 -2017.579

[[2]]
[1] 8.576677


NOTE: Log Print Time:  2022-03-06 15:36:27 
NOTE: Elapsed Time in seconds: 1.00717863639196 

[[1]]
           [,1]      [,2]     [,3]      [,4]
[1,] 0.03086619 -13.61544 192.6085 -2017.579

[[2]]
[1] 8.576677


NOTE: Log Print Time:  2022-03-06 15:37:28 
NOTE: Elapsed Time in seconds: 1.02408692042033 

[[1]]
           [,1]      [,2]     [,3]      [,4]
[1,] 0.03086619 -13.61544 192.6085 -2017.579

[[2]]
[1] 8.576677


NOTE: Log Print Time:  2022-03-06 15:38:30 
NOTE: Elapsed Time in seconds: 1.03251922925313 

