========================================================================= 
Log Path: /scratch/wanglu57/job_scripts/log/2022-02-27_ga-si-R_ga.log 
Program Path: /scratch/wanglu57/job_scripts/2022-02-27_ga-si-R.R 
Working Directory: /scratch/wanglu57/job_scripts 
User Name: wanglu57 
R Version: 4.0.2 (2020-06-22) 
Machine: cdr2323.int.cedar.computecanada.ca x86_64 
Operating System: Linux 3.10.0-1160.36.2.el7.x86_64 #1 SMP Wed Jul 21 11:57:15 UTC 2021 
[1] "Base Packages: parallel stats graphics grDevices utils datasets methods\n               base \nOther Packages: doRNG_1.8.2 rngtools_1.5.2 here_1.0.1 GA_3.2.2 doParallel_1.0.16\n                iterators_1.0.13 foreach_1.5.1 "
Log Start Time: 2022-02-27 18:58:25 
========================================================================= 

[[1]]
         [,1]      [,2]     [,3]     [,4]
[1,] 4.210272 -61.94532 448.5981 787.6371

[[2]]
[1] 7.611037


NOTE: Log Print Time:  2022-02-27 18:59:32 
NOTE: Elapsed Time in seconds: 1.11249933640162 

[[1]]
         [,1]      [,2]     [,3]     [,4]
[1,] 1.223277 -27.25093 225.6142 581.0135

[[2]]
[1] 7.767504


NOTE: Log Print Time:  2022-02-27 19:00:26 
NOTE: Elapsed Time in seconds: 54.3209917545319 

[[1]]
          [,1]     [,2]      [,3]     [,4]
[1,] -3.118997 17.39879 -50.69102 564.6517

[[2]]
[1] 7.904319


NOTE: Log Print Time:  2022-02-27 19:01:41 
NOTE: Elapsed Time in seconds: 1.24755275249481 

[[1]]
          [,1]     [,2]      [,3]     [,4]
[1,] -3.118997 17.39879 -50.69102 564.6517

[[2]]
[1] 7.904319


NOTE: Log Print Time:  2022-02-27 19:02:35 
NOTE: Elapsed Time in seconds: 54.4805037975311 

[[1]]
          [,1]     [,2]      [,3]     [,4]
[1,] -3.118997 17.39879 -50.69102 564.6517

[[2]]
[1] 7.904319


NOTE: Log Print Time:  2022-02-27 19:03:31 
NOTE: Elapsed Time in seconds: 55.2464442253113 

[[1]]
           [,1]      [,2]     [,3]     [,4]
[1,] -0.2051259 -4.936943 62.18967 95.54407

[[2]]
[1] 7.946376


NOTE: Log Print Time:  2022-02-27 19:04:25 
NOTE: Elapsed Time in seconds: 54.9460072517395 

[[1]]
          [,1]      [,2]     [,3]      [,4]
[1,] 0.3038965 -8.160547 72.10699 -159.6218

[[2]]
[1] 8.001211


NOTE: Log Print Time:  2022-02-27 19:05:20 
NOTE: Elapsed Time in seconds: 54.4004683494568 

[[1]]
          [,1]      [,2]     [,3]      [,4]
[1,] 0.3038965 -8.160547 72.10699 -159.6218

[[2]]
[1] 8.001211


NOTE: Log Print Time:  2022-02-27 19:06:15 
NOTE: Elapsed Time in seconds: 54.6291632652283 

[[1]]
          [,1]      [,2]     [,3]     [,4]
[1,] 0.2877656 -11.02197 98.59727 127.8188

[[2]]
[1] 8.016088


NOTE: Log Print Time:  2022-02-27 19:07:09 
NOTE: Elapsed Time in seconds: 54.5368540287018 

[[1]]
            [,1]      [,2]     [,3]      [,4]
[1,] -0.03247321 -7.199564 79.27101 -93.09644

[[2]]
[1] 8.01807


NOTE: Log Print Time:  2022-02-27 19:08:04 
NOTE: Elapsed Time in seconds: 54.6946125030518 

[[1]]
            [,1]      [,2]     [,3]      [,4]
[1,] -0.03247321 -7.199564 79.27101 -93.09644

[[2]]
[1] 8.01807


NOTE: Log Print Time:  2022-02-27 19:08:58 
NOTE: Elapsed Time in seconds: 54.1254682540894 

[[1]]
            [,1]      [,2]     [,3]      [,4]
[1,] -0.03247321 -7.199564 79.27101 -93.09644

[[2]]
[1] 8.01807


NOTE: Log Print Time:  2022-02-27 19:09:52 
NOTE: Elapsed Time in seconds: 54.3500137329102 

[[1]]
            [,1]      [,2]     [,3]      [,4]
[1,] -0.03247321 -7.199564 79.27101 -93.09644

[[2]]
[1] 8.01807


NOTE: Log Print Time:  2022-02-27 19:10:47 
NOTE: Elapsed Time in seconds: 54.3259115219116 

[[1]]
            [,1]      [,2]     [,3]      [,4]
[1,] -0.03247321 -7.199564 79.27101 -93.09644

[[2]]
[1] 8.01807


NOTE: Log Print Time:  2022-02-27 19:11:41 
NOTE: Elapsed Time in seconds: 54.8336093425751 

[[1]]
           [,1]      [,2]     [,3]     [,4]
[1,] -0.1543411 -4.824195 50.74954 186.7606

[[2]]
[1] 8.018152


NOTE: Log Print Time:  2022-02-27 19:12:36 
NOTE: Elapsed Time in seconds: 54.9259765148163 

[[1]]
              [,1]     [,2]    [,3]     [,4]
[1,] -0.0006202241 -6.54526 65.8121 52.75249

[[2]]
[1] 8.018541


NOTE: Log Print Time:  2022-02-27 19:13:31 
NOTE: Elapsed Time in seconds: 54.9111196994781 

[[1]]
              [,1]     [,2]    [,3]     [,4]
[1,] -0.0006202241 -6.54526 65.8121 52.75249

[[2]]
[1] 8.018541


NOTE: Log Print Time:  2022-02-27 19:14:26 
NOTE: Elapsed Time in seconds: 55.0425465106964 

[[1]]
            [,1]      [,2]     [,3]     [,4]
[1,] -0.07264841 -6.498079 67.93344 109.9122

[[2]]
[1] 8.019099


NOTE: Log Print Time:  2022-02-27 19:15:20 
NOTE: Elapsed Time in seconds: 54.0955820083618 

[[1]]
            [,1]      [,2]     [,3]     [,4]
[1,] -0.07264841 -6.498079 67.93344 109.9122

[[2]]
[1] 8.019099


NOTE: Log Print Time:  2022-02-27 19:16:15 
NOTE: Elapsed Time in seconds: 54.8144702911377 

[[1]]
              [,1]      [,2]     [,3]     [,4]
[1,] -4.138187e-05 -6.753219 67.63388 84.66253

[[2]]
[1] 8.019381


NOTE: Log Print Time:  2022-02-27 19:17:10 
NOTE: Elapsed Time in seconds: 55.0019676685333 

[[1]]
           [,1]      [,2]    [,3]     [,4]
[1,] 0.04366502 -7.665228 74.2656 124.0009

[[2]]
[1] 8.019444


NOTE: Log Print Time:  2022-02-27 19:18:05 
NOTE: Elapsed Time in seconds: 55.2252480983734 

[[1]]
           [,1]      [,2]    [,3]     [,4]
[1,] 0.04366502 -7.665228 74.2656 124.0009

[[2]]
[1] 8.019444


NOTE: Log Print Time:  2022-02-27 19:19:08 
NOTE: Elapsed Time in seconds: 1.04581651290258 

[[1]]
           [,1]      [,2]    [,3]     [,4]
[1,] 0.04366502 -7.665228 74.2656 124.0009

[[2]]
[1] 8.019444


NOTE: Log Print Time:  2022-02-27 19:20:04 
NOTE: Elapsed Time in seconds: 55.395165681839 

[[1]]
           [,1]      [,2]    [,3]     [,4]
[1,] 0.04366502 -7.665228 74.2656 124.0009

[[2]]
[1] 8.019444


NOTE: Log Print Time:  2022-02-27 19:20:58 
NOTE: Elapsed Time in seconds: 54.5082533359528 

[[1]]
           [,1]      [,2]    [,3]     [,4]
[1,] 0.04366502 -7.665228 74.2656 124.0009

[[2]]
[1] 8.019444


NOTE: Log Print Time:  2022-02-27 19:21:52 
NOTE: Elapsed Time in seconds: 54.310822725296 

[[1]]
           [,1]      [,2]    [,3]     [,4]
[1,] 0.04366502 -7.665228 74.2656 124.0009

[[2]]
[1] 8.019444


NOTE: Log Print Time:  2022-02-27 19:22:47 
NOTE: Elapsed Time in seconds: 54.2394866943359 

[[1]]
           [,1]      [,2]    [,3]     [,4]
[1,] 0.04366502 -7.665228 74.2656 124.0009

[[2]]
[1] 8.019444


NOTE: Log Print Time:  2022-02-27 19:23:42 
NOTE: Elapsed Time in seconds: 55.1328251361847 

[[1]]
           [,1]      [,2]    [,3]     [,4]
[1,] 0.04366502 -7.665228 74.2656 124.0009

[[2]]
[1] 8.019444


NOTE: Log Print Time:  2022-02-27 19:24:37 
NOTE: Elapsed Time in seconds: 54.9836182594299 

[[1]]
           [,1]      [,2]    [,3]     [,4]
[1,] 0.04366502 -7.665228 74.2656 124.0009

[[2]]
[1] 8.019444


NOTE: Log Print Time:  2022-02-27 19:25:40 
NOTE: Elapsed Time in seconds: 1.04721542596817 

[[1]]
           [,1]      [,2]    [,3]     [,4]
[1,] 0.04366502 -7.665228 74.2656 124.0009

[[2]]
[1] 8.019444


NOTE: Log Print Time:  2022-02-27 19:26:35 
NOTE: Elapsed Time in seconds: 55.1400892734528 

[[1]]
           [,1]      [,2]    [,3]     [,4]
[1,] 0.04366502 -7.665228 74.2656 124.0009

[[2]]
[1] 8.019444


NOTE: Log Print Time:  2022-02-27 19:27:37 
NOTE: Elapsed Time in seconds: 1.03970017433166 

[[1]]
           [,1]      [,2]    [,3]     [,4]
[1,] 0.04366502 -7.665228 74.2656 124.0009

[[2]]
[1] 8.019444


NOTE: Log Print Time:  2022-02-27 19:28:32 
NOTE: Elapsed Time in seconds: 54.8566627502441 

[[1]]
           [,1]      [,2]    [,3]     [,4]
[1,] 0.04366502 -7.665228 74.2656 124.0009

[[2]]
[1] 8.019444


NOTE: Log Print Time:  2022-02-27 19:29:26 
NOTE: Elapsed Time in seconds: 54.3764543533325 

[[1]]
           [,1]      [,2]    [,3]     [,4]
[1,] 0.04366502 -7.665228 74.2656 124.0009

[[2]]
[1] 8.019444


NOTE: Log Print Time:  2022-02-27 19:30:21 
NOTE: Elapsed Time in seconds: 54.426050901413 

[[1]]
           [,1]      [,2]    [,3]     [,4]
[1,] 0.04366502 -7.665228 74.2656 124.0009

[[2]]
[1] 8.019444


NOTE: Log Print Time:  2022-02-27 19:31:17 
NOTE: Elapsed Time in seconds: 56.0072166919708 

[[1]]
           [,1]      [,2]    [,3]     [,4]
[1,] 0.04366502 -7.665228 74.2656 124.0009

[[2]]
[1] 8.019444


NOTE: Log Print Time:  2022-02-27 19:32:12 
NOTE: Elapsed Time in seconds: 55.3747453689575 

[[1]]
           [,1]      [,2]    [,3]     [,4]
[1,] 0.04366502 -7.665228 74.2656 124.0009

[[2]]
[1] 8.019444


NOTE: Log Print Time:  2022-02-27 19:33:08 
NOTE: Elapsed Time in seconds: 55.5514197349548 

[[1]]
           [,1]      [,2]    [,3]     [,4]
[1,] 0.04366502 -7.665228 74.2656 124.0009

[[2]]
[1] 8.019444


NOTE: Log Print Time:  2022-02-27 19:34:04 
NOTE: Elapsed Time in seconds: 56.8091924190521 

[[1]]
           [,1]      [,2]    [,3]     [,4]
[1,] 0.04366502 -7.665228 74.2656 124.0009

[[2]]
[1] 8.019444


NOTE: Log Print Time:  2022-02-27 19:35:01 
NOTE: Elapsed Time in seconds: 56.4714460372925 

[[1]]
           [,1]      [,2]    [,3]     [,4]
[1,] 0.04366502 -7.665228 74.2656 124.0009

[[2]]
[1] 8.019444


NOTE: Log Print Time:  2022-02-27 19:35:55 
NOTE: Elapsed Time in seconds: 54.3914053440094 

[[1]]
           [,1]      [,2]    [,3]     [,4]
[1,] 0.04366502 -7.665228 74.2656 124.0009

[[2]]
[1] 8.019444


NOTE: Log Print Time:  2022-02-27 19:36:50 
NOTE: Elapsed Time in seconds: 54.7262954711914 

[[1]]
           [,1]      [,2]    [,3]     [,4]
[1,] 0.04366502 -7.665228 74.2656 124.0009

[[2]]
[1] 8.019444


NOTE: Log Print Time:  2022-02-27 19:37:44 
NOTE: Elapsed Time in seconds: 54.4460015296936 

[[1]]
           [,1]      [,2]    [,3]     [,4]
[1,] 0.04366502 -7.665228 74.2656 124.0009

[[2]]
[1] 8.019444


NOTE: Log Print Time:  2022-02-27 19:38:41 
NOTE: Elapsed Time in seconds: 56.8429913520813 

[[1]]
           [,1]      [,2]    [,3]     [,4]
[1,] 0.04366502 -7.665228 74.2656 124.0009

[[2]]
[1] 8.019444


NOTE: Log Print Time:  2022-02-27 19:39:38 
NOTE: Elapsed Time in seconds: 56.3327300548553 

[[1]]
           [,1]      [,2]    [,3]     [,4]
[1,] 0.04366502 -7.665228 74.2656 124.0009

[[2]]
[1] 8.019444


NOTE: Log Print Time:  2022-02-27 19:40:32 
NOTE: Elapsed Time in seconds: 54.5932466983795 

[[1]]
           [,1]      [,2]    [,3]     [,4]
[1,] 0.04366502 -7.665228 74.2656 124.0009

[[2]]
[1] 8.019444


NOTE: Log Print Time:  2022-02-27 19:41:27 
NOTE: Elapsed Time in seconds: 55.1067254543304 

[[1]]
           [,1]      [,2]    [,3]     [,4]
[1,] 0.04366502 -7.665228 74.2656 124.0009

[[2]]
[1] 8.019444


NOTE: Log Print Time:  2022-02-27 19:42:22 
NOTE: Elapsed Time in seconds: 54.5290534496307 

[[1]]
           [,1]      [,2]    [,3]     [,4]
[1,] 0.04366502 -7.665228 74.2656 124.0009

[[2]]
[1] 8.019444


NOTE: Log Print Time:  2022-02-27 19:43:16 
NOTE: Elapsed Time in seconds: 54.3529922962189 

[[1]]
           [,1]      [,2]     [,3]     [,4]
[1,] -0.0260812 -6.717995 67.86277 109.1277

[[2]]
[1] 8.019449


NOTE: Log Print Time:  2022-02-27 19:44:11 
NOTE: Elapsed Time in seconds: 54.2747712135315 

[[1]]
           [,1]      [,2]     [,3]     [,4]
[1,] -0.0260812 -6.717995 67.86277 109.1277

[[2]]
[1] 8.019449


NOTE: Log Print Time:  2022-02-27 19:45:05 
NOTE: Elapsed Time in seconds: 54.3156061172485 

[[1]]
           [,1]      [,2]     [,3]     [,4]
[1,] -0.0260812 -6.717995 67.86277 109.1277

[[2]]
[1] 8.019449


NOTE: Log Print Time:  2022-02-27 19:46:00 
NOTE: Elapsed Time in seconds: 54.7671959400177 

[[1]]
           [,1]      [,2]     [,3]     [,4]
[1,] -0.0260812 -6.717995 67.86277 109.1277

[[2]]
[1] 8.019449


NOTE: Log Print Time:  2022-02-27 19:46:54 
NOTE: Elapsed Time in seconds: 54.5376780033112 

[[1]]
           [,1]      [,2]     [,3]     [,4]
[1,] -0.0260812 -6.717995 67.86277 109.1277

[[2]]
[1] 8.019449


NOTE: Log Print Time:  2022-02-27 19:47:56 
NOTE: Elapsed Time in seconds: 1.02628963390986 

[[1]]
           [,1]      [,2]     [,3]     [,4]
[1,] -0.0260812 -6.717995 67.86277 109.1277

[[2]]
[1] 8.019449


NOTE: Log Print Time:  2022-02-27 19:48:50 
NOTE: Elapsed Time in seconds: 54.625168800354 

[[1]]
           [,1]      [,2]     [,3]     [,4]
[1,] -0.0260812 -6.717995 67.86277 109.1277

[[2]]
[1] 8.019449


NOTE: Log Print Time:  2022-02-27 19:49:45 
NOTE: Elapsed Time in seconds: 54.2659664154053 

[[1]]
           [,1]      [,2]     [,3]     [,4]
[1,] -0.0260812 -6.717995 67.86277 109.1277

[[2]]
[1] 8.019449


NOTE: Log Print Time:  2022-02-27 19:50:39 
NOTE: Elapsed Time in seconds: 54.6619718074799 

[[1]]
           [,1]      [,2]     [,3]     [,4]
[1,] -0.0260812 -6.717995 67.86277 109.1277

[[2]]
[1] 8.019449


NOTE: Log Print Time:  2022-02-27 19:51:34 
NOTE: Elapsed Time in seconds: 54.5971331596375 

[[1]]
           [,1]      [,2]     [,3]     [,4]
[1,] -0.0260812 -6.717995 67.86277 109.1277

[[2]]
[1] 8.019449


NOTE: Log Print Time:  2022-02-27 19:52:28 
NOTE: Elapsed Time in seconds: 54.4726667404175 

[[1]]
           [,1]      [,2]     [,3]     [,4]
[1,] -0.0260812 -6.717995 67.86277 109.1277

[[2]]
[1] 8.019449


NOTE: Log Print Time:  2022-02-27 19:53:23 
NOTE: Elapsed Time in seconds: 54.9625449180603 

[[1]]
           [,1]      [,2]     [,3]     [,4]
[1,] 0.06568391 -7.377042 70.68459 99.06083

[[2]]
[1] 8.019718


NOTE: Log Print Time:  2022-02-27 19:54:18 
NOTE: Elapsed Time in seconds: 54.5082018375397 

[[1]]
           [,1]      [,2]     [,3]     [,4]
[1,] 0.06568391 -7.377042 70.68459 99.06083

[[2]]
[1] 8.019718


NOTE: Log Print Time:  2022-02-27 19:55:13 
NOTE: Elapsed Time in seconds: 54.8353321552277 

[[1]]
           [,1]      [,2]     [,3]     [,4]
[1,] 0.06568391 -7.377042 70.68459 99.06083

[[2]]
[1] 8.019718


NOTE: Log Print Time:  2022-02-27 19:56:07 
NOTE: Elapsed Time in seconds: 54.3574507236481 

[[1]]
           [,1]      [,2]     [,3]     [,4]
[1,] 0.06568391 -7.377042 70.68459 99.06083

[[2]]
[1] 8.019718


NOTE: Log Print Time:  2022-02-27 19:57:02 
NOTE: Elapsed Time in seconds: 54.5781109333038 

[[1]]
           [,1]      [,2]     [,3]     [,4]
[1,] 0.06568391 -7.377042 70.68459 99.06083

[[2]]
[1] 8.019718


NOTE: Log Print Time:  2022-02-27 19:57:56 
NOTE: Elapsed Time in seconds: 54.4649124145508 

[[1]]
           [,1]      [,2]     [,3]     [,4]
[1,] 0.06568391 -7.377042 70.68459 99.06083

[[2]]
[1] 8.019718


NOTE: Log Print Time:  2022-02-27 19:58:51 
NOTE: Elapsed Time in seconds: 55.2169392108917 

[[1]]
           [,1]      [,2]     [,3]     [,4]
[1,] 0.06568391 -7.377042 70.68459 99.06083

[[2]]
[1] 8.019718


NOTE: Log Print Time:  2022-02-27 19:59:46 
NOTE: Elapsed Time in seconds: 54.8759031295776 

[[1]]
           [,1]      [,2]     [,3]     [,4]
[1,] 0.06568391 -7.377042 70.68459 99.06083

[[2]]
[1] 8.019718


NOTE: Log Print Time:  2022-02-27 20:00:41 
NOTE: Elapsed Time in seconds: 54.4766619205475 

[[1]]
           [,1]      [,2]     [,3]     [,4]
[1,] 0.06568391 -7.377042 70.68459 99.06083

[[2]]
[1] 8.019718


NOTE: Log Print Time:  2022-02-27 20:01:36 
NOTE: Elapsed Time in seconds: 55.6920592784882 

[[1]]
           [,1]      [,2]     [,3]     [,4]
[1,] 0.06568391 -7.377042 70.68459 99.06083

[[2]]
[1] 8.019718


NOTE: Log Print Time:  2022-02-27 20:02:31 
NOTE: Elapsed Time in seconds: 54.2326447963715 

[[1]]
           [,1]      [,2]     [,3]     [,4]
[1,] 0.04365018 -7.434526 71.19386 150.9036

[[2]]
[1] 8.0198


NOTE: Log Print Time:  2022-02-27 20:03:25 
NOTE: Elapsed Time in seconds: 54.9062819480896 

[[1]]
           [,1]      [,2]     [,3]     [,4]
[1,] 0.04365018 -7.434526 71.19386 150.9036

[[2]]
[1] 8.0198


NOTE: Log Print Time:  2022-02-27 20:04:20 
NOTE: Elapsed Time in seconds: 54.8367176055908 

[[1]]
           [,1]      [,2]     [,3]     [,4]
[1,] 0.04365018 -7.434526 71.19386 150.9036

[[2]]
[1] 8.0198


NOTE: Log Print Time:  2022-02-27 20:05:15 
NOTE: Elapsed Time in seconds: 54.5178098678589 

[[1]]
           [,1]      [,2]     [,3]     [,4]
[1,] 0.04365018 -7.434526 71.19386 150.9036

[[2]]
[1] 8.0198


NOTE: Log Print Time:  2022-02-27 20:06:09 
NOTE: Elapsed Time in seconds: 54.494389295578 

[[1]]
           [,1]      [,2]     [,3]     [,4]
[1,] 0.04365018 -7.434526 71.19386 150.9036

[[2]]
[1] 8.0198


NOTE: Log Print Time:  2022-02-27 20:07:03 
NOTE: Elapsed Time in seconds: 54.129390001297 

[[1]]
           [,1]      [,2]     [,3]     [,4]
[1,] 0.04365018 -7.434526 71.19386 150.9036

[[2]]
[1] 8.0198


NOTE: Log Print Time:  2022-02-27 20:07:58 
NOTE: Elapsed Time in seconds: 54.6527209281921 

[[1]]
           [,1]      [,2]     [,3]     [,4]
[1,] 0.04365018 -7.434526 71.19386 150.9036

[[2]]
[1] 8.0198


NOTE: Log Print Time:  2022-02-27 20:08:52 
NOTE: Elapsed Time in seconds: 54.0405206680298 

[[1]]
           [,1]      [,2]     [,3]     [,4]
[1,] 0.04365018 -7.434526 71.19386 150.9036

[[2]]
[1] 8.0198


NOTE: Log Print Time:  2022-02-27 20:09:47 
NOTE: Elapsed Time in seconds: 54.7579448223114 

[[1]]
           [,1]      [,2]     [,3]     [,4]
[1,] 0.04365018 -7.434526 71.19386 150.9036

[[2]]
[1] 8.0198


NOTE: Log Print Time:  2022-02-27 20:10:42 
NOTE: Elapsed Time in seconds: 55.2804219722748 

[[1]]
           [,1]      [,2]     [,3]     [,4]
[1,] 0.04365018 -7.434526 71.19386 150.9036

[[2]]
[1] 8.0198


NOTE: Log Print Time:  2022-02-27 20:11:36 
NOTE: Elapsed Time in seconds: 54.3036022186279 

[[1]]
           [,1]      [,2]     [,3]     [,4]
[1,] 0.04365018 -7.434526 71.19386 150.9036

[[2]]
[1] 8.0198


NOTE: Log Print Time:  2022-02-27 20:12:31 
NOTE: Elapsed Time in seconds: 54.4418232440948 

[[1]]
           [,1]      [,2]     [,3]     [,4]
[1,] 0.04365018 -7.434526 71.19386 150.9036

[[2]]
[1] 8.0198


NOTE: Log Print Time:  2022-02-27 20:13:26 
NOTE: Elapsed Time in seconds: 55.4320321083069 

[[1]]
           [,1]      [,2]     [,3]     [,4]
[1,] 0.04365018 -7.434526 71.19386 150.9036

[[2]]
[1] 8.0198


NOTE: Log Print Time:  2022-02-27 20:14:21 
NOTE: Elapsed Time in seconds: 54.3012945652008 

[[1]]
           [,1]      [,2]     [,3]     [,4]
[1,] 0.04365018 -7.434526 71.19386 150.9036

[[2]]
[1] 8.0198


NOTE: Log Print Time:  2022-02-27 20:15:15 
NOTE: Elapsed Time in seconds: 54.4153201580048 

[[1]]
           [,1]      [,2]     [,3]     [,4]
[1,] 0.04365018 -7.434526 71.19386 150.9036

[[2]]
[1] 8.0198


NOTE: Log Print Time:  2022-02-27 20:16:10 
NOTE: Elapsed Time in seconds: 54.739137172699 

[[1]]
           [,1]      [,2]     [,3]     [,4]
[1,] 0.04365018 -7.434526 71.19386 150.9036

[[2]]
[1] 8.0198


NOTE: Log Print Time:  2022-02-27 20:17:04 
NOTE: Elapsed Time in seconds: 54.5275619029999 

[[1]]
           [,1]      [,2]     [,3]     [,4]
[1,] 0.04365018 -7.434526 71.19386 150.9036

[[2]]
[1] 8.0198


NOTE: Log Print Time:  2022-02-27 20:17:59 
NOTE: Elapsed Time in seconds: 54.3582310676575 

[[1]]
           [,1]      [,2]     [,3]     [,4]
[1,] 0.04365018 -7.434526 71.19386 150.9036

[[2]]
[1] 8.0198


NOTE: Log Print Time:  2022-02-27 20:18:53 
NOTE: Elapsed Time in seconds: 54.4500057697296 

[[1]]
           [,1]      [,2]     [,3]     [,4]
[1,] 0.04365018 -7.434526 71.19386 150.9036

[[2]]
[1] 8.0198


NOTE: Log Print Time:  2022-02-27 20:19:47 
NOTE: Elapsed Time in seconds: 53.7345242500305 

[[1]]
           [,1]      [,2]     [,3]     [,4]
[1,] 0.04365018 -7.434526 71.19386 150.9036

[[2]]
[1] 8.0198


NOTE: Log Print Time:  2022-02-27 20:20:41 
NOTE: Elapsed Time in seconds: 54.4764845371246 

[[1]]
           [,1]      [,2]     [,3]     [,4]
[1,] 0.04365018 -7.434526 71.19386 150.9036

[[2]]
[1] 8.0198


NOTE: Log Print Time:  2022-02-27 20:21:36 
NOTE: Elapsed Time in seconds: 54.5737283229828 

[[1]]
           [,1]      [,2]     [,3]     [,4]
[1,] 0.04365018 -7.434526 71.19386 150.9036

[[2]]
[1] 8.0198


NOTE: Log Print Time:  2022-02-27 20:22:30 
NOTE: Elapsed Time in seconds: 53.7656180858612 

[[1]]
           [,1]      [,2]     [,3]     [,4]
[1,] 0.04365018 -7.434526 71.19386 150.9036

[[2]]
[1] 8.0198


NOTE: Log Print Time:  2022-02-27 20:23:24 
NOTE: Elapsed Time in seconds: 54.0987095832825 

[[1]]
           [,1]      [,2]     [,3]     [,4]
[1,] 0.04365018 -7.434526 71.19386 150.9036

[[2]]
[1] 8.0198


NOTE: Log Print Time:  2022-02-27 20:24:18 
NOTE: Elapsed Time in seconds: 53.9751904010773 

[[1]]
           [,1]      [,2]     [,3]     [,4]
[1,] 0.04365018 -7.434526 71.19386 150.9036

[[2]]
[1] 8.0198


NOTE: Log Print Time:  2022-02-27 20:25:13 
NOTE: Elapsed Time in seconds: 54.8414695262909 

[[1]]
           [,1]      [,2]     [,3]     [,4]
[1,] 0.04365018 -7.434526 71.19386 150.9036

[[2]]
[1] 8.0198


NOTE: Log Print Time:  2022-02-27 20:26:07 
NOTE: Elapsed Time in seconds: 54.4419779777527 

[[1]]
           [,1]      [,2]     [,3]     [,4]
[1,] 0.04365018 -7.434526 71.19386 150.9036

[[2]]
[1] 8.0198


NOTE: Log Print Time:  2022-02-27 20:27:02 
NOTE: Elapsed Time in seconds: 54.5886504650116 

[[1]]
           [,1]      [,2]     [,3]     [,4]
[1,] 0.04365018 -7.434526 71.19386 150.9036

[[2]]
[1] 8.0198


NOTE: Log Print Time:  2022-02-27 20:27:57 
NOTE: Elapsed Time in seconds: 55.7243523597717 

[[1]]
           [,1]      [,2]     [,3]     [,4]
[1,] 0.04365018 -7.434526 71.19386 150.9036

[[2]]
[1] 8.0198


NOTE: Log Print Time:  2022-02-27 20:28:51 
NOTE: Elapsed Time in seconds: 53.6435341835022 

[[1]]
           [,1]     [,2]     [,3]     [,4]
[1,] 0.02746616 -7.11077 62.12372 357.8494

[[2]]
[1] 8.020079


NOTE: Log Print Time:  2022-02-27 20:29:45 
NOTE: Elapsed Time in seconds: 54.4065415859222 

[[1]]
           [,1]     [,2]     [,3]     [,4]
[1,] 0.02746616 -7.11077 62.12372 357.8494

[[2]]
[1] 8.020079


NOTE: Log Print Time:  2022-02-27 20:30:40 
NOTE: Elapsed Time in seconds: 54.201220035553 

[[1]]
           [,1]     [,2]     [,3]     [,4]
[1,] 0.02746616 -7.11077 62.12372 357.8494

[[2]]
[1] 8.020079


NOTE: Log Print Time:  2022-02-27 20:31:34 
NOTE: Elapsed Time in seconds: 54.3322665691376 

[[1]]
           [,1]     [,2]     [,3]     [,4]
[1,] 0.02746616 -7.11077 62.12372 357.8494

[[2]]
[1] 8.020079


NOTE: Log Print Time:  2022-02-27 20:32:29 
NOTE: Elapsed Time in seconds: 54.966450214386 

[[1]]
           [,1]     [,2]     [,3]     [,4]
[1,] 0.02746616 -7.11077 62.12372 357.8494

[[2]]
[1] 8.020079


NOTE: Log Print Time:  2022-02-27 20:33:23 
NOTE: Elapsed Time in seconds: 54.5621659755707 

[[1]]
           [,1]     [,2]     [,3]     [,4]
[1,] 0.02746616 -7.11077 62.12372 357.8494

[[2]]
[1] 8.020079


NOTE: Log Print Time:  2022-02-27 20:34:25 
NOTE: Elapsed Time in seconds: 1.02630476554235 

[[1]]
           [,1]     [,2]     [,3]     [,4]
[1,] 0.02746616 -7.11077 62.12372 357.8494

[[2]]
[1] 8.020079


NOTE: Log Print Time:  2022-02-27 20:35:19 
NOTE: Elapsed Time in seconds: 54.3896088600159 

[[1]]
           [,1]     [,2]     [,3]     [,4]
[1,] 0.02746616 -7.11077 62.12372 357.8494

[[2]]
[1] 8.020079


NOTE: Log Print Time:  2022-02-27 20:36:14 
NOTE: Elapsed Time in seconds: 54.7200076580048 

[[1]]
           [,1]     [,2]     [,3]     [,4]
[1,] 0.02746616 -7.11077 62.12372 357.8494

[[2]]
[1] 8.020079


NOTE: Log Print Time:  2022-02-27 20:37:09 
NOTE: Elapsed Time in seconds: 54.5574650764465 

[[1]]
           [,1]     [,2]     [,3]     [,4]
[1,] 0.02746616 -7.11077 62.12372 357.8494

[[2]]
[1] 8.020079


NOTE: Log Print Time:  2022-02-27 20:38:03 
NOTE: Elapsed Time in seconds: 54.4582076072693 

[[1]]
           [,1]     [,2]     [,3]     [,4]
[1,] 0.02746616 -7.11077 62.12372 357.8494

[[2]]
[1] 8.020079


NOTE: Log Print Time:  2022-02-27 20:38:58 
NOTE: Elapsed Time in seconds: 54.374570608139 

[[1]]
           [,1]     [,2]     [,3]     [,4]
[1,] 0.02746616 -7.11077 62.12372 357.8494

[[2]]
[1] 8.020079


NOTE: Log Print Time:  2022-02-27 20:39:52 
NOTE: Elapsed Time in seconds: 54.7768850326538 

[[1]]
           [,1]     [,2]     [,3]     [,4]
[1,] 0.02746616 -7.11077 62.12372 357.8494

[[2]]
[1] 8.020079


NOTE: Log Print Time:  2022-02-27 20:40:47 
NOTE: Elapsed Time in seconds: 54.523138999939 

[[1]]
           [,1]     [,2]     [,3]     [,4]
[1,] 0.02746616 -7.11077 62.12372 357.8494

[[2]]
[1] 8.020079


NOTE: Log Print Time:  2022-02-27 20:41:41 
NOTE: Elapsed Time in seconds: 53.9663190841675 

[[1]]
           [,1]     [,2]     [,3]     [,4]
[1,] 0.02746616 -7.11077 62.12372 357.8494

[[2]]
[1] 8.020079


NOTE: Log Print Time:  2022-02-27 20:42:36 
NOTE: Elapsed Time in seconds: 54.7260127067566 

[[1]]
           [,1]     [,2]     [,3]     [,4]
[1,] 0.02746616 -7.11077 62.12372 357.8494

[[2]]
[1] 8.020079


NOTE: Log Print Time:  2022-02-27 20:43:30 
NOTE: Elapsed Time in seconds: 54.509598493576 

[[1]]
           [,1]     [,2]     [,3]     [,4]
[1,] 0.02746616 -7.11077 62.12372 357.8494

[[2]]
[1] 8.020079


NOTE: Log Print Time:  2022-02-27 20:44:25 
NOTE: Elapsed Time in seconds: 54.5436477661133 

[[1]]
           [,1]      [,2]     [,3]     [,4]
[1,] 0.04649276 -7.149378 55.28491 585.8114

[[2]]
[1] 8.02026


NOTE: Log Print Time:  2022-02-27 20:45:19 
NOTE: Elapsed Time in seconds: 54.5909731388092 

[[1]]
           [,1]      [,2]     [,3]     [,4]
[1,] 0.04649276 -7.149378 55.28491 585.8114

[[2]]
[1] 8.02026


NOTE: Log Print Time:  2022-02-27 20:46:14 
NOTE: Elapsed Time in seconds: 54.5175676345825 

[[1]]
           [,1]      [,2]     [,3]     [,4]
[1,] 0.04649276 -7.149378 55.28491 585.8114

[[2]]
[1] 8.02026


NOTE: Log Print Time:  2022-02-27 20:47:08 
NOTE: Elapsed Time in seconds: 54.7220733165741 

[[1]]
           [,1]      [,2]     [,3]     [,4]
[1,] 0.04649276 -7.149378 55.28491 585.8114

[[2]]
[1] 8.02026


NOTE: Log Print Time:  2022-02-27 20:48:03 
NOTE: Elapsed Time in seconds: 54.6811490058899 

[[1]]
           [,1]      [,2]     [,3]     [,4]
[1,] 0.04649276 -7.149378 55.28491 585.8114

[[2]]
[1] 8.02026


NOTE: Log Print Time:  2022-02-27 20:48:57 
NOTE: Elapsed Time in seconds: 54.2539336681366 

[[1]]
           [,1]      [,2]     [,3]     [,4]
[1,] 0.04649276 -7.149378 55.28491 585.8114

[[2]]
[1] 8.02026


NOTE: Log Print Time:  2022-02-27 20:49:51 
NOTE: Elapsed Time in seconds: 53.822741985321 

[[1]]
           [,1]      [,2]     [,3]     [,4]
[1,] 0.04649276 -7.149378 55.28491 585.8114

[[2]]
[1] 8.02026


NOTE: Log Print Time:  2022-02-27 20:50:46 
NOTE: Elapsed Time in seconds: 54.8831100463867 

[[1]]
           [,1]      [,2]     [,3]     [,4]
[1,] 0.04649276 -7.149378 55.28491 585.8114

[[2]]
[1] 8.02026


NOTE: Log Print Time:  2022-02-27 20:51:40 
NOTE: Elapsed Time in seconds: 54.2664120197296 

[[1]]
           [,1]      [,2]     [,3]     [,4]
[1,] 0.04649276 -7.149378 55.28491 585.8114

[[2]]
[1] 8.02026


NOTE: Log Print Time:  2022-02-27 20:52:35 
NOTE: Elapsed Time in seconds: 54.3997495174408 

[[1]]
           [,1]      [,2]     [,3]     [,4]
[1,] 0.04649276 -7.149378 55.28491 585.8114

[[2]]
[1] 8.02026


NOTE: Log Print Time:  2022-02-27 20:53:29 
NOTE: Elapsed Time in seconds: 54.6331505775452 

[[1]]
           [,1]      [,2]     [,3]     [,4]
[1,] 0.04649276 -7.149378 55.28491 585.8114

[[2]]
[1] 8.02026


NOTE: Log Print Time:  2022-02-27 20:54:24 
NOTE: Elapsed Time in seconds: 54.6770496368408 

[[1]]
           [,1]      [,2]     [,3]     [,4]
[1,] 0.04649276 -7.149378 55.28491 585.8114

[[2]]
[1] 8.02026


NOTE: Log Print Time:  2022-02-27 20:55:19 
NOTE: Elapsed Time in seconds: 54.5319855213165 

[[1]]
           [,1]      [,2]     [,3]     [,4]
[1,] 0.04649276 -7.149378 55.28491 585.8114

[[2]]
[1] 8.02026


NOTE: Log Print Time:  2022-02-27 20:56:13 
NOTE: Elapsed Time in seconds: 54.0236024856567 

[[1]]
           [,1]      [,2]     [,3]     [,4]
[1,] 0.04649276 -7.149378 55.28491 585.8114

[[2]]
[1] 8.02026


NOTE: Log Print Time:  2022-02-27 20:57:07 
NOTE: Elapsed Time in seconds: 53.9916775226593 

[[1]]
           [,1]      [,2]     [,3]     [,4]
[1,] 0.04649276 -7.149378 55.28491 585.8114

[[2]]
[1] 8.02026


NOTE: Log Print Time:  2022-02-27 20:58:00 
NOTE: Elapsed Time in seconds: 53.8542964458466 

[[1]]
           [,1]      [,2]     [,3]     [,4]
[1,] 0.04649276 -7.149378 55.28491 585.8114

[[2]]
[1] 8.02026


NOTE: Log Print Time:  2022-02-27 20:58:55 
NOTE: Elapsed Time in seconds: 54.3380587100983 

[[1]]
           [,1]      [,2]     [,3]     [,4]
[1,] 0.04649276 -7.149378 55.28491 585.8114

[[2]]
[1] 8.02026


NOTE: Log Print Time:  2022-02-27 20:59:50 
NOTE: Elapsed Time in seconds: 54.7430539131165 

[[1]]
           [,1]      [,2]     [,3]     [,4]
[1,] 0.04649276 -7.149378 55.28491 585.8114

[[2]]
[1] 8.02026


NOTE: Log Print Time:  2022-02-27 21:00:44 
NOTE: Elapsed Time in seconds: 54.5056657791138 

[[1]]
           [,1]      [,2]     [,3]     [,4]
[1,] 0.04649276 -7.149378 55.28491 585.8114

[[2]]
[1] 8.02026


NOTE: Log Print Time:  2022-02-27 21:01:39 
NOTE: Elapsed Time in seconds: 54.6082675457001 

[[1]]
           [,1]      [,2]     [,3]     [,4]
[1,] 0.04649276 -7.149378 55.28491 585.8114

[[2]]
[1] 8.02026


NOTE: Log Print Time:  2022-02-27 21:02:33 
NOTE: Elapsed Time in seconds: 54.5791821479797 

[[1]]
           [,1]      [,2]     [,3]     [,4]
[1,] 0.04649276 -7.149378 55.28491 585.8114

[[2]]
[1] 8.02026


NOTE: Log Print Time:  2022-02-27 21:03:30 
NOTE: Elapsed Time in seconds: 56.4744815826416 

[[1]]
           [,1]      [,2]     [,3]     [,4]
[1,] 0.04649276 -7.149378 55.28491 585.8114

[[2]]
[1] 8.02026


NOTE: Log Print Time:  2022-02-27 21:04:23 
NOTE: Elapsed Time in seconds: 53.7253525257111 

[[1]]
           [,1]      [,2]     [,3]     [,4]
[1,] 0.04649276 -7.149378 55.28491 585.8114

[[2]]
[1] 8.02026


NOTE: Log Print Time:  2022-02-27 21:05:24 
NOTE: Elapsed Time in seconds: 1.00428414742152 

[[1]]
           [,1]      [,2]     [,3]     [,4]
[1,] 0.04649276 -7.149378 55.28491 585.8114

[[2]]
[1] 8.02026


NOTE: Log Print Time:  2022-02-27 21:06:18 
NOTE: Elapsed Time in seconds: 54.3445343971252 

[[1]]
           [,1]      [,2]     [,3]     [,4]
[1,] 0.04649276 -7.149378 55.28491 585.8114

[[2]]
[1] 8.02026


NOTE: Log Print Time:  2022-02-27 21:07:12 
NOTE: Elapsed Time in seconds: 54.3807463645935 

[[1]]
           [,1]      [,2]     [,3]     [,4]
[1,] 0.04649276 -7.149378 55.28491 585.8114

[[2]]
[1] 8.02026


NOTE: Log Print Time:  2022-02-27 21:08:07 
NOTE: Elapsed Time in seconds: 54.4557576179504 

[[1]]
           [,1]      [,2]     [,3]     [,4]
[1,] 0.04649276 -7.149378 55.28491 585.8114

[[2]]
[1] 8.02026


NOTE: Log Print Time:  2022-02-27 21:09:02 
NOTE: Elapsed Time in seconds: 55.1775171756744 

[[1]]
           [,1]      [,2]     [,3]     [,4]
[1,] 0.04649276 -7.149378 55.28491 585.8114

[[2]]
[1] 8.02026


NOTE: Log Print Time:  2022-02-27 21:09:57 
NOTE: Elapsed Time in seconds: 54.6282291412354 

[[1]]
           [,1]      [,2]     [,3]    [,4]
[1,] 0.06160882 -7.149808 59.15229 417.766

[[2]]
[1] 8.020667


NOTE: Log Print Time:  2022-02-27 21:10:51 
NOTE: Elapsed Time in seconds: 54.7569906711578 

[[1]]
           [,1]      [,2]     [,3]    [,4]
[1,] 0.06160882 -7.149808 59.15229 417.766

[[2]]
[1] 8.020667


NOTE: Log Print Time:  2022-02-27 21:11:46 
NOTE: Elapsed Time in seconds: 54.8799777030945 

[[1]]
           [,1]      [,2]     [,3]    [,4]
[1,] 0.06160882 -7.149808 59.15229 417.766

[[2]]
[1] 8.020667


NOTE: Log Print Time:  2022-02-27 21:12:40 
NOTE: Elapsed Time in seconds: 53.6940021514893 

[[1]]
           [,1]      [,2]     [,3]    [,4]
[1,] 0.06160882 -7.149808 59.15229 417.766

[[2]]
[1] 8.020667


NOTE: Log Print Time:  2022-02-27 21:13:34 
NOTE: Elapsed Time in seconds: 54.0789487361908 

[[1]]
           [,1]      [,2]     [,3]    [,4]
[1,] 0.06160882 -7.149808 59.15229 417.766

[[2]]
[1] 8.020667


NOTE: Log Print Time:  2022-02-27 21:14:28 
NOTE: Elapsed Time in seconds: 54.126232624054 

[[1]]
           [,1]      [,2]     [,3]    [,4]
[1,] 0.06160882 -7.149808 59.15229 417.766

[[2]]
[1] 8.020667


NOTE: Log Print Time:  2022-02-27 21:15:23 
NOTE: Elapsed Time in seconds: 54.3529057502747 

[[1]]
           [,1]      [,2]     [,3]    [,4]
[1,] 0.06160882 -7.149808 59.15229 417.766

[[2]]
[1] 8.020667


NOTE: Log Print Time:  2022-02-27 21:16:18 
NOTE: Elapsed Time in seconds: 54.9840161800385 

[[1]]
           [,1]      [,2]     [,3]    [,4]
[1,] 0.06160882 -7.149808 59.15229 417.766

[[2]]
[1] 8.020667


NOTE: Log Print Time:  2022-02-27 21:17:12 
NOTE: Elapsed Time in seconds: 54.5439221858978 

[[1]]
           [,1]      [,2]     [,3]    [,4]
[1,] 0.06160882 -7.149808 59.15229 417.766

[[2]]
[1] 8.020667


NOTE: Log Print Time:  2022-02-27 21:18:06 
NOTE: Elapsed Time in seconds: 54.0796568393707 

[[1]]
           [,1]      [,2]     [,3]    [,4]
[1,] 0.06160882 -7.149808 59.15229 417.766

[[2]]
[1] 8.020667


NOTE: Log Print Time:  2022-02-27 21:19:01 
NOTE: Elapsed Time in seconds: 55.0607244968414 

[[1]]
           [,1]      [,2]     [,3]    [,4]
[1,] 0.06160882 -7.149808 59.15229 417.766

[[2]]
[1] 8.020667


NOTE: Log Print Time:  2022-02-27 21:19:55 
NOTE: Elapsed Time in seconds: 54.2332346439362 

[[1]]
           [,1]      [,2]     [,3]    [,4]
[1,] 0.06160882 -7.149808 59.15229 417.766

[[2]]
[1] 8.020667


NOTE: Log Print Time:  2022-02-27 21:20:50 
NOTE: Elapsed Time in seconds: 54.4779839515686 

[[1]]
           [,1]      [,2]     [,3]    [,4]
[1,] 0.06160882 -7.149808 59.15229 417.766

[[2]]
[1] 8.020667


NOTE: Log Print Time:  2022-02-27 21:21:45 
NOTE: Elapsed Time in seconds: 54.6741850376129 

[[1]]
           [,1]      [,2]     [,3]    [,4]
[1,] 0.06160882 -7.149808 59.15229 417.766

[[2]]
[1] 8.020667


NOTE: Log Print Time:  2022-02-27 21:22:39 
NOTE: Elapsed Time in seconds: 54.2369778156281 

[[1]]
           [,1]      [,2]     [,3]    [,4]
[1,] 0.06160882 -7.149808 59.15229 417.766

[[2]]
[1] 8.020667


NOTE: Log Print Time:  2022-02-27 21:23:33 
NOTE: Elapsed Time in seconds: 54.4884231090546 

[[1]]
           [,1]      [,2]     [,3]    [,4]
[1,] 0.06160882 -7.149808 59.15229 417.766

[[2]]
[1] 8.020667


NOTE: Log Print Time:  2022-02-27 21:24:28 
NOTE: Elapsed Time in seconds: 54.5082833766937 

[[1]]
           [,1]      [,2]     [,3]    [,4]
[1,] 0.06160882 -7.149808 59.15229 417.766

[[2]]
[1] 8.020667


NOTE: Log Print Time:  2022-02-27 21:25:22 
NOTE: Elapsed Time in seconds: 54.3833155632019 

[[1]]
           [,1]      [,2]     [,3]    [,4]
[1,] 0.06160882 -7.149808 59.15229 417.766

[[2]]
[1] 8.020667


NOTE: Log Print Time:  2022-02-27 21:26:16 
NOTE: Elapsed Time in seconds: 54.1066710948944 

[[1]]
           [,1]      [,2]     [,3]    [,4]
[1,] 0.06160882 -7.149808 59.15229 417.766

[[2]]
[1] 8.020667


NOTE: Log Print Time:  2022-02-27 21:27:11 
NOTE: Elapsed Time in seconds: 54.6361479759216 

[[1]]
           [,1]      [,2]     [,3]    [,4]
[1,] 0.06160882 -7.149808 59.15229 417.766

[[2]]
[1] 8.020667


NOTE: Log Print Time:  2022-02-27 21:28:05 
NOTE: Elapsed Time in seconds: 54.3493807315826 

[[1]]
           [,1]      [,2]     [,3]    [,4]
[1,] 0.06160882 -7.149808 59.15229 417.766

[[2]]
[1] 8.020667


NOTE: Log Print Time:  2022-02-27 21:29:00 
NOTE: Elapsed Time in seconds: 54.4162023067474 

[[1]]
           [,1]      [,2]     [,3]    [,4]
[1,] 0.06160882 -7.149808 59.15229 417.766

[[2]]
[1] 8.020667


NOTE: Log Print Time:  2022-02-27 21:29:55 
NOTE: Elapsed Time in seconds: 55.1145951747894 

[[1]]
           [,1]      [,2]     [,3]    [,4]
[1,] 0.06160882 -7.149808 59.15229 417.766

[[2]]
[1] 8.020667


NOTE: Log Print Time:  2022-02-27 21:30:48 
NOTE: Elapsed Time in seconds: 53.6029510498047 

[[1]]
           [,1]      [,2]     [,3]    [,4]
[1,] 0.06160882 -7.149808 59.15229 417.766

[[2]]
[1] 8.020667


NOTE: Log Print Time:  2022-02-27 21:31:43 
NOTE: Elapsed Time in seconds: 54.4851133823395 

[[1]]
           [,1]      [,2]     [,3]    [,4]
[1,] 0.06160882 -7.149808 59.15229 417.766

[[2]]
[1] 8.020667


NOTE: Log Print Time:  2022-02-27 21:32:37 
NOTE: Elapsed Time in seconds: 54.0601069927216 

[[1]]
           [,1]      [,2]     [,3]    [,4]
[1,] 0.06160882 -7.149808 59.15229 417.766

[[2]]
[1] 8.020667


NOTE: Log Print Time:  2022-02-27 21:33:32 
NOTE: Elapsed Time in seconds: 54.5266642570496 

[[1]]
           [,1]      [,2]     [,3]    [,4]
[1,] 0.06160882 -7.149808 59.15229 417.766

[[2]]
[1] 8.020667


NOTE: Log Print Time:  2022-02-27 21:34:27 
NOTE: Elapsed Time in seconds: 55.0904490947723 

[[1]]
           [,1]      [,2]     [,3]    [,4]
[1,] 0.06160882 -7.149808 59.15229 417.766

[[2]]
[1] 8.020667


NOTE: Log Print Time:  2022-02-27 21:35:21 
NOTE: Elapsed Time in seconds: 54.7792603969574 

[[1]]
           [,1]      [,2]     [,3]    [,4]
[1,] 0.06160882 -7.149808 59.15229 417.766

[[2]]
[1] 8.020667


NOTE: Log Print Time:  2022-02-27 21:36:16 
NOTE: Elapsed Time in seconds: 55.0722169876099 

[[1]]
           [,1]      [,2]     [,3]    [,4]
[1,] 0.06160882 -7.149808 59.15229 417.766

[[2]]
[1] 8.020667


NOTE: Log Print Time:  2022-02-27 21:37:10 
NOTE: Elapsed Time in seconds: 53.1897003650665 

[[1]]
           [,1]      [,2]     [,3]    [,4]
[1,] 0.06160882 -7.149808 59.15229 417.766

[[2]]
[1] 8.020667


NOTE: Log Print Time:  2022-02-27 21:38:04 
NOTE: Elapsed Time in seconds: 54.3051364421844 

[[1]]
           [,1]      [,2]     [,3]    [,4]
[1,] 0.06160882 -7.149808 59.15229 417.766

[[2]]
[1] 8.020667


NOTE: Log Print Time:  2022-02-27 21:38:58 
NOTE: Elapsed Time in seconds: 54.0081176757812 

[[1]]
           [,1]      [,2]     [,3]    [,4]
[1,] 0.06160882 -7.149808 59.15229 417.766

[[2]]
[1] 8.020667


NOTE: Log Print Time:  2022-02-27 21:39:53 
NOTE: Elapsed Time in seconds: 54.7347378730774 

[[1]]
           [,1]      [,2]     [,3]    [,4]
[1,] 0.06160882 -7.149808 59.15229 417.766

[[2]]
[1] 8.020667


NOTE: Log Print Time:  2022-02-27 21:40:47 
NOTE: Elapsed Time in seconds: 54.09823346138 

[[1]]
           [,1]      [,2]     [,3]    [,4]
[1,] 0.06160882 -7.149808 59.15229 417.766

[[2]]
[1] 8.020667


NOTE: Log Print Time:  2022-02-27 21:41:41 
NOTE: Elapsed Time in seconds: 54.4997324943542 

[[1]]
           [,1]      [,2]     [,3]    [,4]
[1,] 0.06160882 -7.149808 59.15229 417.766

[[2]]
[1] 8.020667


NOTE: Log Print Time:  2022-02-27 21:42:36 
NOTE: Elapsed Time in seconds: 54.2330982685089 

[[1]]
           [,1]      [,2]     [,3]    [,4]
[1,] 0.06160882 -7.149808 59.15229 417.766

[[2]]
[1] 8.020667


NOTE: Log Print Time:  2022-02-27 21:43:30 
NOTE: Elapsed Time in seconds: 54.3595039844513 

[[1]]
           [,1]      [,2]     [,3]    [,4]
[1,] 0.06160882 -7.149808 59.15229 417.766

[[2]]
[1] 8.020667


NOTE: Log Print Time:  2022-02-27 21:44:25 
NOTE: Elapsed Time in seconds: 54.8654882907867 

[[1]]
           [,1]      [,2]     [,3]    [,4]
[1,] 0.06160882 -7.149808 59.15229 417.766

[[2]]
[1] 8.020667


NOTE: Log Print Time:  2022-02-27 21:45:19 
NOTE: Elapsed Time in seconds: 54.1662142276764 

[[1]]
           [,1]      [,2]     [,3]    [,4]
[1,] 0.06160882 -7.149808 59.15229 417.766

[[2]]
[1] 8.020667


NOTE: Log Print Time:  2022-02-27 21:46:13 
NOTE: Elapsed Time in seconds: 54.3689048290253 

[[1]]
           [,1]      [,2]     [,3]    [,4]
[1,] 0.06160882 -7.149808 59.15229 417.766

[[2]]
[1] 8.020667


NOTE: Log Print Time:  2022-02-27 21:47:08 
NOTE: Elapsed Time in seconds: 54.8555619716644 

[[1]]
           [,1]      [,2]     [,3]    [,4]
[1,] 0.06160882 -7.149808 59.15229 417.766

[[2]]
[1] 8.020667


NOTE: Log Print Time:  2022-02-27 21:48:02 
NOTE: Elapsed Time in seconds: 54.2332015037537 

[[1]]
           [,1]      [,2]     [,3]    [,4]
[1,] 0.06160882 -7.149808 59.15229 417.766

[[2]]
[1] 8.020667


NOTE: Log Print Time:  2022-02-27 21:48:57 
NOTE: Elapsed Time in seconds: 55.0164065361023 

[[1]]
           [,1]      [,2]     [,3]     [,4]
[1,] 0.06214017 -7.129376 50.62728 703.6903

[[2]]
[1] 8.020689


NOTE: Log Print Time:  2022-02-27 21:49:50 
NOTE: Elapsed Time in seconds: 52.4165952205658 

[[1]]
           [,1]      [,2]     [,3]     [,4]
[1,] 0.06214017 -7.129376 50.62728 703.6903

[[2]]
[1] 8.020689


NOTE: Log Print Time:  2022-02-27 21:50:44 
NOTE: Elapsed Time in seconds: 53.8952753543854 

[[1]]
           [,1]      [,2]     [,3]     [,4]
[1,] 0.06214017 -7.129376 50.62728 703.6903

[[2]]
[1] 8.020689


NOTE: Log Print Time:  2022-02-27 21:51:38 
NOTE: Elapsed Time in seconds: 54.2893626689911 

[[1]]
           [,1]      [,2]     [,3]     [,4]
[1,] 0.06205146 -7.119564 51.36794 671.3308

[[2]]
[1] 8.020764


NOTE: Log Print Time:  2022-02-27 21:52:32 
NOTE: Elapsed Time in seconds: 53.7654387950897 

[[1]]
           [,1]      [,2]     [,3]     [,4]
[1,] 0.06205146 -7.119564 51.36794 671.3308

[[2]]
[1] 8.020764


NOTE: Log Print Time:  2022-02-27 21:53:26 
NOTE: Elapsed Time in seconds: 54.7330777645111 

[[1]]
           [,1]      [,2]     [,3]     [,4]
[1,] 0.06205146 -7.119564 51.36794 671.3308

[[2]]
[1] 8.020764


NOTE: Log Print Time:  2022-02-27 21:54:20 
NOTE: Elapsed Time in seconds: 53.9586613178253 

[[1]]
           [,1]      [,2]     [,3]     [,4]
[1,] 0.06205146 -7.119564 51.36794 671.3308

[[2]]
[1] 8.020764


NOTE: Log Print Time:  2022-02-27 21:55:16 
NOTE: Elapsed Time in seconds: 55.0661714076996 

[[1]]
           [,1]      [,2]     [,3]     [,4]
[1,] 0.06205146 -7.119564 51.36794 671.3308

[[2]]
[1] 8.020764


NOTE: Log Print Time:  2022-02-27 21:56:10 
NOTE: Elapsed Time in seconds: 54.2166130542755 

[[1]]
           [,1]      [,2]     [,3]     [,4]
[1,] 0.06205146 -7.119564 51.36794 671.3308

[[2]]
[1] 8.020764


NOTE: Log Print Time:  2022-02-27 21:57:05 
NOTE: Elapsed Time in seconds: 54.8998608589172 

[[1]]
           [,1]      [,2]     [,3]     [,4]
[1,] 0.06205146 -7.119564 51.36794 671.3308

[[2]]
[1] 8.020764


NOTE: Log Print Time:  2022-02-27 21:57:59 
NOTE: Elapsed Time in seconds: 54.7125282287598 

[[1]]
           [,1]      [,2]     [,3]     [,4]
[1,] 0.06205146 -7.119564 51.36794 671.3308

[[2]]
[1] 8.020764


NOTE: Log Print Time:  2022-02-27 21:58:55 
NOTE: Elapsed Time in seconds: 55.1745562553406 

[[1]]
           [,1]      [,2]     [,3]     [,4]
[1,] 0.07862219 -7.119971 51.13482 640.9705

[[2]]
[1] 8.020973


NOTE: Log Print Time:  2022-02-27 21:59:49 
NOTE: Elapsed Time in seconds: 54.1755945682526 

[[1]]
           [,1]      [,2]     [,3]     [,4]
[1,] 0.07862219 -7.119971 51.13482 640.9705

[[2]]
[1] 8.020973


NOTE: Log Print Time:  2022-02-27 22:00:43 
NOTE: Elapsed Time in seconds: 54.5868189334869 

[[1]]
           [,1]      [,2]     [,3]     [,4]
[1,] 0.07862219 -7.119971 51.13482 640.9705

[[2]]
[1] 8.020973


NOTE: Log Print Time:  2022-02-27 22:01:38 
NOTE: Elapsed Time in seconds: 54.7017068862915 

[[1]]
           [,1]      [,2]     [,3]     [,4]
[1,] 0.07862219 -7.119971 51.13482 640.9705

[[2]]
[1] 8.020973


NOTE: Log Print Time:  2022-02-27 22:02:33 
NOTE: Elapsed Time in seconds: 55.0067689418793 

[[1]]
           [,1]      [,2]     [,3]     [,4]
[1,] 0.07862219 -7.119971 51.13482 640.9705

[[2]]
[1] 8.020973


NOTE: Log Print Time:  2022-02-27 22:03:27 
NOTE: Elapsed Time in seconds: 53.8165612220764 

[[1]]
           [,1]      [,2]     [,3]     [,4]
[1,] 0.07862219 -7.119971 51.13482 640.9705

[[2]]
[1] 8.020973


NOTE: Log Print Time:  2022-02-27 22:04:21 
NOTE: Elapsed Time in seconds: 54.2394614219666 

[[1]]
           [,1]      [,2]     [,3]     [,4]
[1,] 0.07862219 -7.119971 51.13482 640.9705

[[2]]
[1] 8.020973


NOTE: Log Print Time:  2022-02-27 22:05:15 
NOTE: Elapsed Time in seconds: 54.3818035125732 

[[1]]
           [,1]      [,2]     [,3]     [,4]
[1,] 0.07862219 -7.119971 51.13482 640.9705

[[2]]
[1] 8.020973


NOTE: Log Print Time:  2022-02-27 22:06:10 
NOTE: Elapsed Time in seconds: 54.3693554401398 

[[1]]
           [,1]      [,2]     [,3]     [,4]
[1,] 0.07862219 -7.119971 51.13482 640.9705

[[2]]
[1] 8.020973


NOTE: Log Print Time:  2022-02-27 22:07:04 
NOTE: Elapsed Time in seconds: 53.8914942741394 

[[1]]
           [,1]      [,2]     [,3]     [,4]
[1,] 0.07908282 -7.118461 54.40463 537.0355

[[2]]
[1] 8.021036


NOTE: Log Print Time:  2022-02-27 22:07:58 
NOTE: Elapsed Time in seconds: 53.9967515468597 

[[1]]
           [,1]      [,2]     [,3]     [,4]
[1,] 0.07908282 -7.118461 54.40463 537.0355

[[2]]
[1] 8.021036


NOTE: Log Print Time:  2022-02-27 22:08:52 
NOTE: Elapsed Time in seconds: 54.3538899421692 

[[1]]
           [,1]      [,2]     [,3]     [,4]
[1,] 0.07908282 -7.118461 54.40463 537.0355

[[2]]
[1] 8.021036


NOTE: Log Print Time:  2022-02-27 22:09:50 
NOTE: Elapsed Time in seconds: 58.0816802978516 

[[1]]
           [,1]      [,2]     [,3]     [,4]
[1,] 0.07908282 -7.118461 54.40463 537.0355

[[2]]
[1] 8.021036


NOTE: Log Print Time:  2022-02-27 22:10:48 
NOTE: Elapsed Time in seconds: 57.5355644226074 

[[1]]
           [,1]      [,2]     [,3]     [,4]
[1,] 0.09734973 -7.119945 54.11019 503.8635

[[2]]
[1] 8.021077


NOTE: Log Print Time:  2022-02-27 22:11:42 
NOTE: Elapsed Time in seconds: 54.1996130943298 

[[1]]
           [,1]      [,2]     [,3]     [,4]
[1,] 0.09734973 -7.119945 54.11019 503.8635

[[2]]
[1] 8.021077


NOTE: Log Print Time:  2022-02-27 22:12:35 
NOTE: Elapsed Time in seconds: 53.1404452323914 

[[1]]
           [,1]      [,2]     [,3]     [,4]
[1,] 0.09734973 -7.119945 54.11019 503.8635

[[2]]
[1] 8.021077


NOTE: Log Print Time:  2022-02-27 22:13:29 
NOTE: Elapsed Time in seconds: 53.9710743427277 

[[1]]
           [,1]      [,2]     [,3]     [,4]
[1,] 0.09734973 -7.119945 54.11019 503.8635

[[2]]
[1] 8.021077


NOTE: Log Print Time:  2022-02-27 22:14:21 
NOTE: Elapsed Time in seconds: 52.343163728714 

[[1]]
           [,1]      [,2]     [,3]     [,4]
[1,] 0.09734973 -7.119945 54.11019 503.8635

[[2]]
[1] 8.021077


NOTE: Log Print Time:  2022-02-27 22:15:15 
NOTE: Elapsed Time in seconds: 53.3786110877991 

[[1]]
           [,1]      [,2]    [,3]     [,4]
[1,] 0.09143634 -7.121053 54.6729 498.6742

[[2]]
[1] 8.021088


NOTE: Log Print Time:  2022-02-27 22:16:09 
NOTE: Elapsed Time in seconds: 54.4677608013153 

[[1]]
           [,1]      [,2]    [,3]     [,4]
[1,] 0.09143634 -7.121053 54.6729 498.6742

[[2]]
[1] 8.021088


NOTE: Log Print Time:  2022-02-27 22:17:04 
NOTE: Elapsed Time in seconds: 54.6869904994965 

[[1]]
           [,1]      [,2]    [,3]     [,4]
[1,] 0.09143634 -7.121053 54.6729 498.6742

[[2]]
[1] 8.021088


NOTE: Log Print Time:  2022-02-27 22:17:58 
NOTE: Elapsed Time in seconds: 53.7792835235596 

[[1]]
           [,1]      [,2]    [,3]     [,4]
[1,] 0.09143634 -7.121053 54.6729 498.6742

[[2]]
[1] 8.021088


NOTE: Log Print Time:  2022-02-27 22:18:51 
NOTE: Elapsed Time in seconds: 52.9145624637604 

[[1]]
           [,1]      [,2]    [,3]     [,4]
[1,] 0.09143634 -7.121053 54.6729 498.6742

[[2]]
[1] 8.021088


NOTE: Log Print Time:  2022-02-27 22:19:45 
NOTE: Elapsed Time in seconds: 54.5389978885651 

[[1]]
           [,1]      [,2]    [,3]     [,4]
[1,] 0.09143634 -7.121053 54.6729 498.6742

[[2]]
[1] 8.021088


NOTE: Log Print Time:  2022-02-27 22:20:38 
NOTE: Elapsed Time in seconds: 53.3075864315033 

[[1]]
           [,1]      [,2]    [,3]     [,4]
[1,] 0.09143634 -7.121053 54.6729 498.6742

[[2]]
[1] 8.021088


NOTE: Log Print Time:  2022-02-27 22:21:34 
NOTE: Elapsed Time in seconds: 55.2832961082458 

[[1]]
           [,1]      [,2]    [,3]     [,4]
[1,] 0.09143634 -7.121053 54.6729 498.6742

[[2]]
[1] 8.021088


NOTE: Log Print Time:  2022-02-27 22:22:28 
NOTE: Elapsed Time in seconds: 54.7099123001099 

[[1]]
           [,1]      [,2]    [,3]     [,4]
[1,] 0.09143634 -7.121053 54.6729 498.6742

[[2]]
[1] 8.021088


NOTE: Log Print Time:  2022-02-27 22:23:23 
NOTE: Elapsed Time in seconds: 54.2121574878693 

[[1]]
           [,1]      [,2]    [,3]     [,4]
[1,] 0.09143634 -7.121053 54.6729 498.6742

[[2]]
[1] 8.021088


NOTE: Log Print Time:  2022-02-27 22:24:17 
NOTE: Elapsed Time in seconds: 54.5881514549255 

[[1]]
           [,1]      [,2]    [,3]     [,4]
[1,] 0.09143634 -7.121053 54.6729 498.6742

[[2]]
[1] 8.021088


NOTE: Log Print Time:  2022-02-27 22:25:12 
NOTE: Elapsed Time in seconds: 54.8917996883392 

[[1]]
           [,1]      [,2]    [,3]     [,4]
[1,] 0.09143634 -7.121053 54.6729 498.6742

[[2]]
[1] 8.021088


NOTE: Log Print Time:  2022-02-27 22:26:06 
NOTE: Elapsed Time in seconds: 54.1746797561646 

[[1]]
           [,1]      [,2]    [,3]     [,4]
[1,] 0.09143634 -7.121053 54.6729 498.6742

[[2]]
[1] 8.021088


NOTE: Log Print Time:  2022-02-27 22:27:01 
NOTE: Elapsed Time in seconds: 54.4567646980286 

[[1]]
           [,1]      [,2]    [,3]     [,4]
[1,] 0.09143634 -7.121053 54.6729 498.6742

[[2]]
[1] 8.021088


NOTE: Log Print Time:  2022-02-27 22:27:55 
NOTE: Elapsed Time in seconds: 54.5407009124756 

[[1]]
           [,1]      [,2]    [,3]     [,4]
[1,] 0.09143634 -7.121053 54.6729 498.6742

[[2]]
[1] 8.021088


NOTE: Log Print Time:  2022-02-27 22:28:50 
NOTE: Elapsed Time in seconds: 54.2633910179138 

[[1]]
           [,1]      [,2]    [,3]     [,4]
[1,] 0.09143634 -7.121053 54.6729 498.6742

[[2]]
[1] 8.021088


NOTE: Log Print Time:  2022-02-27 22:29:44 
NOTE: Elapsed Time in seconds: 54.8662610054016 

[[1]]
           [,1]      [,2]    [,3]     [,4]
[1,] 0.09143634 -7.121053 54.6729 498.6742

[[2]]
[1] 8.021088


NOTE: Log Print Time:  2022-02-27 22:30:38 
NOTE: Elapsed Time in seconds: 54.0612058639526 

[[1]]
           [,1]     [,2]     [,3]     [,4]
[1,] 0.09780147 -7.11689 54.10952 502.4359

[[2]]
[1] 8.021089


NOTE: Log Print Time:  2022-02-27 22:31:31 
NOTE: Elapsed Time in seconds: 52.7916660308838 

[[1]]
           [,1]     [,2]     [,3]     [,4]
[1,] 0.09780147 -7.11689 54.10952 502.4359

[[2]]
[1] 8.021089


NOTE: Log Print Time:  2022-02-27 22:32:26 
NOTE: Elapsed Time in seconds: 54.5644340515137 

[[1]]
           [,1]     [,2]     [,3]     [,4]
[1,] 0.09780147 -7.11689 54.10952 502.4359

[[2]]
[1] 8.021089


NOTE: Log Print Time:  2022-02-27 22:33:20 
NOTE: Elapsed Time in seconds: 53.7430415153503 

[[1]]
           [,1]      [,2]     [,3]     [,4]
[1,] 0.09910296 -7.112493 54.10522 504.1121

[[2]]
[1] 8.021102


NOTE: Log Print Time:  2022-02-27 22:34:13 
NOTE: Elapsed Time in seconds: 53.3823218345642 

[[1]]
           [,1]      [,2]     [,3]     [,4]
[1,] 0.09910296 -7.112493 54.10522 504.1121

[[2]]
[1] 8.021102


NOTE: Log Print Time:  2022-02-27 22:35:14 
NOTE: Elapsed Time in seconds: 1.0097997268041 

[[1]]
           [,1]      [,2]     [,3]     [,4]
[1,] 0.09910296 -7.112493 54.10522 504.1121

[[2]]
[1] 8.021102


NOTE: Log Print Time:  2022-02-27 22:36:08 
NOTE: Elapsed Time in seconds: 54.19340467453 

[[1]]
           [,1]      [,2]     [,3]     [,4]
[1,] 0.09910296 -7.112493 54.10522 504.1121

[[2]]
[1] 8.021102


NOTE: Log Print Time:  2022-02-27 22:37:02 
NOTE: Elapsed Time in seconds: 54.3823828697205 

[[1]]
           [,1]      [,2]     [,3]     [,4]
[1,] 0.09221345 -7.115439 54.41312 507.2731

[[2]]
[1] 8.021113


NOTE: Log Print Time:  2022-02-27 22:37:56 
NOTE: Elapsed Time in seconds: 53.8608434200287 

[[1]]
           [,1]      [,2]     [,3]     [,4]
[1,] 0.09221345 -7.115439 54.41312 507.2731

[[2]]
[1] 8.021113


NOTE: Log Print Time:  2022-02-27 22:38:51 
NOTE: Elapsed Time in seconds: 55.0136547088623 

[[1]]
           [,1]      [,2]     [,3]     [,4]
[1,] 0.09221345 -7.115439 54.41312 507.2731

[[2]]
[1] 8.021113


NOTE: Log Print Time:  2022-02-27 22:39:46 
NOTE: Elapsed Time in seconds: 54.9082689285278 

[[1]]
           [,1]      [,2]     [,3]     [,4]
[1,] 0.09221345 -7.115439 54.41312 507.2731

[[2]]
[1] 8.021113


NOTE: Log Print Time:  2022-02-27 22:40:40 
NOTE: Elapsed Time in seconds: 54.5187928676605 

[[1]]
           [,1]      [,2]     [,3]     [,4]
[1,] 0.09492878 -7.119642 54.34041 505.0148

[[2]]
[1] 8.021125


NOTE: Log Print Time:  2022-02-27 22:41:35 
NOTE: Elapsed Time in seconds: 54.1397864818573 

[[1]]
           [,1]      [,2]     [,3]     [,4]
[1,] 0.09492878 -7.119642 54.34041 505.0148

[[2]]
[1] 8.021125


NOTE: Log Print Time:  2022-02-27 22:42:29 
NOTE: Elapsed Time in seconds: 54.7916932106018 

[[1]]
           [,1]      [,2]     [,3]     [,4]
[1,] 0.09492878 -7.119642 54.34041 505.0148

[[2]]
[1] 8.021125


NOTE: Log Print Time:  2022-02-27 22:43:24 
NOTE: Elapsed Time in seconds: 54.5109577178955 

[[1]]
           [,1]      [,2]     [,3]     [,4]
[1,] 0.08665136 -7.110987 54.15242 524.0959

[[2]]
[1] 8.021139


NOTE: Log Print Time:  2022-02-27 22:44:18 
NOTE: Elapsed Time in seconds: 54.0037140846252 

[[1]]
           [,1]      [,2]     [,3]     [,4]
[1,] 0.08665136 -7.110987 54.15242 524.0959

[[2]]
[1] 8.021139


NOTE: Log Print Time:  2022-02-27 22:45:12 
NOTE: Elapsed Time in seconds: 54.1452815532684 

[[1]]
           [,1]      [,2]     [,3]     [,4]
[1,] 0.08665136 -7.110987 54.15242 524.0959

[[2]]
[1] 8.021139


NOTE: Log Print Time:  2022-02-27 22:46:06 
NOTE: Elapsed Time in seconds: 54.2830884456635 

[[1]]
           [,1]      [,2]     [,3]     [,4]
[1,] 0.08665136 -7.110987 54.15242 524.0959

[[2]]
[1] 8.021139


NOTE: Log Print Time:  2022-02-27 22:47:00 
NOTE: Elapsed Time in seconds: 53.8608031272888 

[[1]]
           [,1]      [,2]     [,3]     [,4]
[1,] 0.08665136 -7.110987 54.15242 524.0959

[[2]]
[1] 8.021139


NOTE: Log Print Time:  2022-02-27 22:47:54 
NOTE: Elapsed Time in seconds: 54.3102807998657 

[[1]]
           [,1]      [,2]     [,3]     [,4]
[1,] 0.08665136 -7.110987 54.15242 524.0959

[[2]]
[1] 8.021139


NOTE: Log Print Time:  2022-02-27 22:48:49 
NOTE: Elapsed Time in seconds: 54.222074508667 

[[1]]
           [,1]      [,2]     [,3]     [,4]
[1,] 0.08665136 -7.110987 54.15242 524.0959

[[2]]
[1] 8.021139


NOTE: Log Print Time:  2022-02-27 22:49:42 
NOTE: Elapsed Time in seconds: 53.7297458648682 

[[1]]
           [,1]      [,2]     [,3]     [,4]
[1,] 0.08665136 -7.110987 54.15242 524.0959

[[2]]
[1] 8.021139


NOTE: Log Print Time:  2022-02-27 22:50:37 
NOTE: Elapsed Time in seconds: 54.4577329158783 

[[1]]
           [,1]      [,2]     [,3]     [,4]
[1,] 0.08665136 -7.110987 54.15242 524.0959

[[2]]
[1] 8.021139


NOTE: Log Print Time:  2022-02-27 22:51:31 
NOTE: Elapsed Time in seconds: 54.2173521518707 

[[1]]
           [,1]      [,2]     [,3]     [,4]
[1,] 0.08665136 -7.110987 54.15242 524.0959

[[2]]
[1] 8.021139


NOTE: Log Print Time:  2022-02-27 22:52:25 
NOTE: Elapsed Time in seconds: 54.1153090000153 

[[1]]
           [,1]      [,2]     [,3]     [,4]
[1,] 0.08665136 -7.110987 54.15242 524.0959

[[2]]
[1] 8.021139


NOTE: Log Print Time:  2022-02-27 22:53:20 
NOTE: Elapsed Time in seconds: 54.5913498401642 

[[1]]
           [,1]      [,2]     [,3]     [,4]
[1,] 0.08665136 -7.110987 54.15242 524.0959

[[2]]
[1] 8.021139


NOTE: Log Print Time:  2022-02-27 22:54:14 
NOTE: Elapsed Time in seconds: 54.1579625606537 

[[1]]
           [,1]      [,2]     [,3]     [,4]
[1,] 0.08665136 -7.110987 54.15242 524.0959

[[2]]
[1] 8.021139


NOTE: Log Print Time:  2022-02-27 22:55:08 
NOTE: Elapsed Time in seconds: 53.7917203903198 

[[1]]
           [,1]      [,2]     [,3]     [,4]
[1,] 0.08665136 -7.110987 54.15242 524.0959

[[2]]
[1] 8.021139


NOTE: Log Print Time:  2022-02-27 22:56:02 
NOTE: Elapsed Time in seconds: 53.8232958316803 

