========================================================================= 
Log Path: /scratch/wanglu57/job_scripts/log/2022-02-25_ga-si-I-log_ga.log 
Program Path: /scratch/wanglu57/job_scripts/2022-02-25_ga-si-I-log.R 
Working Directory: /scratch/wanglu57/job_scripts 
User Name: wanglu57 
R Version: 4.0.2 (2020-06-22) 
Machine: cdr2449.int.cedar.computecanada.ca x86_64 
Operating System: Linux 3.10.0-1160.36.2.el7.x86_64 #1 SMP Wed Jul 21 11:57:15 UTC 2021 
[1] "Base Packages: parallel stats graphics grDevices utils datasets methods\n               base \nOther Packages: doRNG_1.8.2 rngtools_1.5.2 here_1.0.1 GA_3.2.2 doParallel_1.0.16\n                iterators_1.0.13 foreach_1.5.1 "
Log Start Time: 2022-02-26 13:17:13 
========================================================================= 

[[1]]
          [,1]    [,2]     [,3]      [,4]
[1,] 0.4934927 25.4108 225.8662 -841.2573

[[2]]
[1] 2.429723


NOTE: Log Print Time:  2022-02-26 13:17:46 
NOTE: Elapsed Time in seconds: 33.1612138748169 

[[1]]
          [,1]      [,2]     [,3]      [,4]
[1,] 0.7171095 -22.73344 94.54261 -248.4835

[[2]]
[1] 3.055239


NOTE: Log Print Time:  2022-02-26 13:18:15 
NOTE: Elapsed Time in seconds: 28.6416404247284 

[[1]]
         [,1]     [,2]      [,3]      [,4]
[1,] 1.698896 11.92244 -10.05013 -2.622198

[[2]]
[1] 5.112213


NOTE: Log Print Time:  2022-02-26 13:19:04 
NOTE: Elapsed Time in seconds: 49.6941282749176 

[[1]]
         [,1]     [,2]      [,3]      [,4]
[1,] 1.698896 11.92244 -10.05013 -2.622198

[[2]]
[1] 5.112213


NOTE: Log Print Time:  2022-02-26 13:19:32 
NOTE: Elapsed Time in seconds: 27.4421555995941 

[[1]]
         [,1]     [,2]      [,3]      [,4]
[1,] 1.698896 11.92244 -10.05013 -2.622198

[[2]]
[1] 5.112213


NOTE: Log Print Time:  2022-02-26 13:20:00 
NOTE: Elapsed Time in seconds: 27.8037161827087 

[[1]]
         [,1]     [,2]      [,3]      [,4]
[1,] 1.698896 11.92244 -10.05013 -2.622198

[[2]]
[1] 5.112213


NOTE: Log Print Time:  2022-02-26 13:20:33 
NOTE: Elapsed Time in seconds: 33.6018087863922 

[[1]]
         [,1]     [,2]      [,3]      [,4]
[1,] 1.698896 11.92244 -10.05013 -2.622198

[[2]]
[1] 5.112213


NOTE: Log Print Time:  2022-02-26 13:21:02 
NOTE: Elapsed Time in seconds: 28.8403468132019 

[[1]]
         [,1]     [,2]      [,3]      [,4]
[1,] 1.698896 11.92244 -10.05013 -2.622198

[[2]]
[1] 5.112213


NOTE: Log Print Time:  2022-02-26 13:21:34 
NOTE: Elapsed Time in seconds: 31.5919260978699 

[[1]]
         [,1]     [,2]      [,3]      [,4]
[1,] 1.698896 11.92244 -10.05013 -2.622198

[[2]]
[1] 5.112213


NOTE: Log Print Time:  2022-02-26 13:21:58 
NOTE: Elapsed Time in seconds: 24.9169790744781 

[[1]]
         [,1]     [,2]      [,3]      [,4]
[1,] 1.698896 11.92244 -10.05013 -2.622198

[[2]]
[1] 5.112213


NOTE: Log Print Time:  2022-02-26 13:22:25 
NOTE: Elapsed Time in seconds: 26.0476462841034 

[[1]]
         [,1]     [,2]      [,3]      [,4]
[1,] 1.698896 11.92244 -10.05013 -2.622198

[[2]]
[1] 5.112213


NOTE: Log Print Time:  2022-02-26 13:22:51 
NOTE: Elapsed Time in seconds: 26.6374526023865 

[[1]]
         [,1]     [,2]      [,3]      [,4]
[1,] 1.698896 11.92244 -10.05013 -2.622198

[[2]]
[1] 5.112213


NOTE: Log Print Time:  2022-02-26 13:23:15 
NOTE: Elapsed Time in seconds: 24.2416071891785 

[[1]]
         [,1]     [,2]      [,3]      [,4]
[1,] 1.698896 11.92244 -10.05013 -2.622198

[[2]]
[1] 5.112213


NOTE: Log Print Time:  2022-02-26 13:23:44 
NOTE: Elapsed Time in seconds: 28.7211678028107 

[[1]]
         [,1]     [,2]      [,3]      [,4]
[1,] 1.698896 11.92244 -10.05013 -2.622198

[[2]]
[1] 5.112213


NOTE: Log Print Time:  2022-02-26 13:24:09 
NOTE: Elapsed Time in seconds: 24.6123385429382 

[[1]]
         [,1]     [,2]      [,3]      [,4]
[1,] 1.698896 11.92244 -10.05013 -2.622198

[[2]]
[1] 5.112213


NOTE: Log Print Time:  2022-02-26 13:24:40 
NOTE: Elapsed Time in seconds: 31.4397037029266 

[[1]]
         [,1]     [,2]      [,3]      [,4]
[1,] 1.029452 23.80579 -10.93948 -29.69997

[[2]]
[1] 5.431684


NOTE: Log Print Time:  2022-02-26 13:25:05 
NOTE: Elapsed Time in seconds: 24.4303493499756 

[[1]]
         [,1]     [,2]      [,3]      [,4]
[1,] 1.029452 23.80579 -10.93948 -29.69997

[[2]]
[1] 5.431684


NOTE: Log Print Time:  2022-02-26 13:25:31 
NOTE: Elapsed Time in seconds: 26.2019996643066 

[[1]]
         [,1]     [,2]      [,3]      [,4]
[1,] 1.029452 23.80579 -10.93948 -29.69997

[[2]]
[1] 5.431684


NOTE: Log Print Time:  2022-02-26 13:26:03 
NOTE: Elapsed Time in seconds: 32.1897838115692 

[[1]]
         [,1]     [,2]      [,3]      [,4]
[1,] 1.029452 23.80579 -10.93948 -29.69997

[[2]]
[1] 5.431684


NOTE: Log Print Time:  2022-02-26 13:26:47 
NOTE: Elapsed Time in seconds: 43.6229569911957 

[[1]]
         [,1]     [,2]      [,3]      [,4]
[1,] 1.029452 23.80579 -10.93948 -29.69997

[[2]]
[1] 5.431684


NOTE: Log Print Time:  2022-02-26 13:27:13 
NOTE: Elapsed Time in seconds: 25.9294393062592 

[[1]]
          [,1]     [,2]      [,3]      [,4]
[1,] -1.310297 12.07959 -5.757519 -16.19474

[[2]]
[1] 6.48162


NOTE: Log Print Time:  2022-02-26 13:27:37 
NOTE: Elapsed Time in seconds: 24.6580357551575 

[[1]]
           [,1]     [,2]      [,3]      [,4]
[1,] -0.1472725 13.65332 -7.598497 -18.23637

[[2]]
[1] 6.925807


NOTE: Log Print Time:  2022-02-26 13:28:03 
NOTE: Elapsed Time in seconds: 25.388108253479 

[[1]]
           [,1]     [,2]      [,3]      [,4]
[1,] -0.1472725 13.65332 -7.598497 -18.23637

[[2]]
[1] 6.925807


NOTE: Log Print Time:  2022-02-26 13:28:27 
NOTE: Elapsed Time in seconds: 24.7086005210876 

[[1]]
         [,1]     [,2]      [,3]      [,4]
[1,] 0.344623 8.911793 -2.377649 -20.02167

[[2]]
[1] 7.551296


NOTE: Log Print Time:  2022-02-26 13:28:48 
NOTE: Elapsed Time in seconds: 21.1114292144775 

[[1]]
         [,1]     [,2]      [,3]      [,4]
[1,] 0.344623 8.911793 -2.377649 -20.02167

[[2]]
[1] 7.551296


NOTE: Log Print Time:  2022-02-26 13:29:12 
NOTE: Elapsed Time in seconds: 23.1612553596497 

[[1]]
         [,1]     [,2]      [,3]      [,4]
[1,] 0.344623 8.911793 -2.377649 -20.02167

[[2]]
[1] 7.551296


NOTE: Log Print Time:  2022-02-26 13:29:32 
NOTE: Elapsed Time in seconds: 20.9228181838989 

[[1]]
         [,1]     [,2]      [,3]      [,4]
[1,] 0.344623 8.911793 -2.377649 -20.02167

[[2]]
[1] 7.551296


NOTE: Log Print Time:  2022-02-26 13:29:57 
NOTE: Elapsed Time in seconds: 24.6525964736938 

[[1]]
         [,1]     [,2]      [,3]      [,4]
[1,] 0.344623 8.911793 -2.377649 -20.02167

[[2]]
[1] 7.551296


NOTE: Log Print Time:  2022-02-26 13:30:19 
NOTE: Elapsed Time in seconds: 22.0998487472534 

[[1]]
         [,1]     [,2]      [,3]      [,4]
[1,] 0.344623 8.911793 -2.377649 -20.02167

[[2]]
[1] 7.551296


NOTE: Log Print Time:  2022-02-26 13:30:40 
NOTE: Elapsed Time in seconds: 20.4937872886658 

[[1]]
         [,1]     [,2]      [,3]      [,4]
[1,] 0.344623 8.911793 -2.377649 -20.02167

[[2]]
[1] 7.551296


NOTE: Log Print Time:  2022-02-26 13:31:05 
NOTE: Elapsed Time in seconds: 24.877872467041 

[[1]]
         [,1]     [,2]      [,3]      [,4]
[1,] 0.344623 8.911793 -2.377649 -20.02167

[[2]]
[1] 7.551296


NOTE: Log Print Time:  2022-02-26 13:31:25 
NOTE: Elapsed Time in seconds: 20.6853382587433 

[[1]]
         [,1]     [,2]      [,3]      [,4]
[1,] 0.344623 8.911793 -2.377649 -20.02167

[[2]]
[1] 7.551296


NOTE: Log Print Time:  2022-02-26 13:31:50 
NOTE: Elapsed Time in seconds: 24.713928937912 

[[1]]
         [,1]     [,2]      [,3]      [,4]
[1,] 0.344623 8.911793 -2.377649 -20.02167

[[2]]
[1] 7.551296


NOTE: Log Print Time:  2022-02-26 13:32:13 
NOTE: Elapsed Time in seconds: 22.4957060813904 

[[1]]
         [,1]     [,2]      [,3]      [,4]
[1,] 0.344623 8.911793 -2.377649 -20.02167

[[2]]
[1] 7.551296


NOTE: Log Print Time:  2022-02-26 13:32:37 
NOTE: Elapsed Time in seconds: 24.3887014389038 

[[1]]
         [,1]     [,2]      [,3]      [,4]
[1,] 0.344623 8.911793 -2.377649 -20.02167

[[2]]
[1] 7.551296


NOTE: Log Print Time:  2022-02-26 13:32:59 
NOTE: Elapsed Time in seconds: 22.248904466629 

[[1]]
         [,1]     [,2]      [,3]      [,4]
[1,] 0.344623 8.911793 -2.377649 -20.02167

[[2]]
[1] 7.551296


NOTE: Log Print Time:  2022-02-26 13:33:30 
NOTE: Elapsed Time in seconds: 30.4208316802979 

[[1]]
         [,1]     [,2]      [,3]      [,4]
[1,] 0.344623 8.911793 -2.377649 -20.02167

[[2]]
[1] 7.551296


NOTE: Log Print Time:  2022-02-26 13:33:55 
NOTE: Elapsed Time in seconds: 25.796205997467 

[[1]]
         [,1]     [,2]      [,3]      [,4]
[1,] 0.344623 8.911793 -2.377649 -20.02167

[[2]]
[1] 7.551296


NOTE: Log Print Time:  2022-02-26 13:34:25 
NOTE: Elapsed Time in seconds: 29.4540133476257 

[[1]]
         [,1]     [,2]      [,3]      [,4]
[1,] 0.344623 8.911793 -2.377649 -20.02167

[[2]]
[1] 7.551296


NOTE: Log Print Time:  2022-02-26 13:34:49 
NOTE: Elapsed Time in seconds: 24.1691207885742 

[[1]]
         [,1]     [,2]      [,3]      [,4]
[1,] 0.344623 8.911793 -2.377649 -20.02167

[[2]]
[1] 7.551296


NOTE: Log Print Time:  2022-02-26 13:35:11 
NOTE: Elapsed Time in seconds: 22.03471326828 

[[1]]
         [,1]     [,2]      [,3]      [,4]
[1,] 0.344623 8.911793 -2.377649 -20.02167

[[2]]
[1] 7.551296


NOTE: Log Print Time:  2022-02-26 13:35:36 
NOTE: Elapsed Time in seconds: 25.0502903461456 

[[1]]
         [,1]     [,2]      [,3]      [,4]
[1,] 0.344623 8.911793 -2.377649 -20.02167

[[2]]
[1] 7.551296


NOTE: Log Print Time:  2022-02-26 13:36:25 
NOTE: Elapsed Time in seconds: 48.5607876777649 

[[1]]
         [,1]     [,2]      [,3]      [,4]
[1,] 0.344623 8.911793 -2.377649 -20.02167

[[2]]
[1] 7.551296


NOTE: Log Print Time:  2022-02-26 13:36:50 
NOTE: Elapsed Time in seconds: 24.9563360214233 

[[1]]
         [,1]     [,2]      [,3]      [,4]
[1,] 0.344623 8.911793 -2.377649 -20.02167

[[2]]
[1] 7.551296


NOTE: Log Print Time:  2022-02-26 13:37:15 
NOTE: Elapsed Time in seconds: 25.4368183612823 

[[1]]
         [,1]     [,2]      [,3]      [,4]
[1,] 0.344623 8.911793 -2.377649 -20.02167

[[2]]
[1] 7.551296


NOTE: Log Print Time:  2022-02-26 13:37:40 
NOTE: Elapsed Time in seconds: 24.7983109951019 

[[1]]
         [,1]     [,2]      [,3]      [,4]
[1,] 0.344623 8.911793 -2.377649 -20.02167

[[2]]
[1] 7.551296


NOTE: Log Print Time:  2022-02-26 13:38:12 
NOTE: Elapsed Time in seconds: 32.1542994976044 

[[1]]
         [,1]     [,2]      [,3]      [,4]
[1,] 0.344623 8.911793 -2.377649 -20.02167

[[2]]
[1] 7.551296


NOTE: Log Print Time:  2022-02-26 13:38:35 
NOTE: Elapsed Time in seconds: 22.6252644062042 

[[1]]
         [,1]     [,2]      [,3]      [,4]
[1,] 0.344623 8.911793 -2.377649 -20.02167

[[2]]
[1] 7.551296


NOTE: Log Print Time:  2022-02-26 13:38:57 
NOTE: Elapsed Time in seconds: 22.4317543506622 

[[1]]
         [,1]     [,2]      [,3]      [,4]
[1,] 0.344623 8.911793 -2.377649 -20.02167

[[2]]
[1] 7.551296


NOTE: Log Print Time:  2022-02-26 13:39:17 
NOTE: Elapsed Time in seconds: 20.3795607089996 

[[1]]
           [,1]     [,2]      [,3]      [,4]
[1,] -0.3409485 10.47161 -2.497269 -16.21447

[[2]]
[1] 7.575084


NOTE: Log Print Time:  2022-02-26 13:39:42 
NOTE: Elapsed Time in seconds: 24.5654277801514 

[[1]]
          [,1]     [,2]      [,3]      [,4]
[1,] -0.261657 9.915224 -2.208549 -17.47317

[[2]]
[1] 7.610686


NOTE: Log Print Time:  2022-02-26 13:40:07 
NOTE: Elapsed Time in seconds: 25.4348955154419 

[[1]]
          [,1]     [,2]      [,3]      [,4]
[1,] -0.261657 9.915224 -2.208549 -17.47317

[[2]]
[1] 7.610686


NOTE: Log Print Time:  2022-02-26 13:40:37 
NOTE: Elapsed Time in seconds: 29.1107091903687 

[[1]]
          [,1]     [,2]      [,3]      [,4]
[1,] -0.261657 9.915224 -2.208549 -17.47317

[[2]]
[1] 7.610686


NOTE: Log Print Time:  2022-02-26 13:41:04 
NOTE: Elapsed Time in seconds: 27.7621476650238 

[[1]]
           [,1]     [,2]      [,3]      [,4]
[1,] -0.2924853 9.854383 -2.480508 -15.85571

[[2]]
[1] 7.648543


NOTE: Log Print Time:  2022-02-26 13:41:30 
NOTE: Elapsed Time in seconds: 25.3002228736877 

[[1]]
           [,1]     [,2]      [,3]      [,4]
[1,] -0.2924853 9.854383 -2.480508 -15.85571

[[2]]
[1] 7.648543


NOTE: Log Print Time:  2022-02-26 13:41:54 
NOTE: Elapsed Time in seconds: 24.417489528656 

[[1]]
           [,1]     [,2]      [,3]      [,4]
[1,] -0.2924853 9.854383 -2.480508 -15.85571

[[2]]
[1] 7.648543


NOTE: Log Print Time:  2022-02-26 13:42:19 
NOTE: Elapsed Time in seconds: 25.4680054187775 

[[1]]
           [,1]     [,2]      [,3]      [,4]
[1,] -0.2924853 9.854383 -2.480508 -15.85571

[[2]]
[1] 7.648543


NOTE: Log Print Time:  2022-02-26 13:42:44 
NOTE: Elapsed Time in seconds: 24.4304165840149 

[[1]]
            [,1]     [,2]     [,3]      [,4]
[1,] -0.04815144 8.760273 -2.26765 -17.80119

[[2]]
[1] 7.651696


NOTE: Log Print Time:  2022-02-26 13:43:27 
NOTE: Elapsed Time in seconds: 42.6797997951508 

[[1]]
           [,1]     [,2]      [,3]      [,4]
[1,] -0.2312721 9.614678 -2.401224 -16.35112

[[2]]
[1] 7.657806


NOTE: Log Print Time:  2022-02-26 13:43:51 
NOTE: Elapsed Time in seconds: 24.3896362781525 

[[1]]
           [,1]     [,2]      [,3]      [,4]
[1,] -0.2312721 9.614678 -2.401224 -16.35112

[[2]]
[1] 7.657806


NOTE: Log Print Time:  2022-02-26 13:44:15 
NOTE: Elapsed Time in seconds: 24.2607333660126 

[[1]]
           [,1]     [,2]      [,3]      [,4]
[1,] -0.2312721 9.614678 -2.401224 -16.35112

[[2]]
[1] 7.657806


NOTE: Log Print Time:  2022-02-26 13:44:39 
NOTE: Elapsed Time in seconds: 23.9237895011902 

[[1]]
           [,1]    [,2]      [,3]      [,4]
[1,] -0.1287717 9.01602 -1.827178 -16.58403

[[2]]
[1] 7.663183


NOTE: Log Print Time:  2022-02-26 13:45:05 
NOTE: Elapsed Time in seconds: 26.0583460330963 

[[1]]
           [,1]    [,2]      [,3]      [,4]
[1,] -0.1287717 9.01602 -1.827178 -16.58403

[[2]]
[1] 7.663183


NOTE: Log Print Time:  2022-02-26 13:45:26 
NOTE: Elapsed Time in seconds: 20.9575328826904 

[[1]]
           [,1]    [,2]      [,3]      [,4]
[1,] -0.1287717 9.01602 -1.827178 -16.58403

[[2]]
[1] 7.663183


NOTE: Log Print Time:  2022-02-26 13:45:47 
NOTE: Elapsed Time in seconds: 20.7714583873749 

[[1]]
           [,1]     [,2]     [,3]      [,4]
[1,] -0.1204649 9.021867 -2.20247 -16.73778

[[2]]
[1] 7.683701


NOTE: Log Print Time:  2022-02-26 13:46:12 
NOTE: Elapsed Time in seconds: 25.189829826355 

[[1]]
           [,1]     [,2]     [,3]      [,4]
[1,] -0.1204649 9.021867 -2.20247 -16.73778

[[2]]
[1] 7.683701


NOTE: Log Print Time:  2022-02-26 13:46:33 
NOTE: Elapsed Time in seconds: 21.2574446201324 

[[1]]
           [,1]     [,2]     [,3]      [,4]
[1,] -0.1204649 9.021867 -2.20247 -16.73778

[[2]]
[1] 7.683701


NOTE: Log Print Time:  2022-02-26 13:46:53 
NOTE: Elapsed Time in seconds: 19.8626353740692 

[[1]]
           [,1]     [,2]     [,3]      [,4]
[1,] -0.1204649 9.021867 -2.20247 -16.73778

[[2]]
[1] 7.683701


NOTE: Log Print Time:  2022-02-26 13:47:18 
NOTE: Elapsed Time in seconds: 24.4000368118286 

[[1]]
          [,1]     [,2]      [,3]      [,4]
[1,] -0.137779 9.088156 -2.303836 -16.53882

[[2]]
[1] 7.686178


NOTE: Log Print Time:  2022-02-26 13:47:43 
NOTE: Elapsed Time in seconds: 25.2769756317139 

[[1]]
          [,1]     [,2]      [,3]      [,4]
[1,] -0.137779 9.088156 -2.303836 -16.53882

[[2]]
[1] 7.686178


NOTE: Log Print Time:  2022-02-26 13:48:08 
NOTE: Elapsed Time in seconds: 25.0669779777527 

[[1]]
          [,1]     [,2]      [,3]      [,4]
[1,] -0.137779 9.088156 -2.303836 -16.53882

[[2]]
[1] 7.686178


NOTE: Log Print Time:  2022-02-26 13:48:31 
NOTE: Elapsed Time in seconds: 23.2733299732208 

[[1]]
          [,1]     [,2]      [,3]      [,4]
[1,] -0.137779 9.088156 -2.303836 -16.53882

[[2]]
[1] 7.686178


NOTE: Log Print Time:  2022-02-26 13:48:55 
NOTE: Elapsed Time in seconds: 23.8114912509918 

[[1]]
          [,1]     [,2]      [,3]      [,4]
[1,] -0.137779 9.088156 -2.303836 -16.53882

[[2]]
[1] 7.686178


NOTE: Log Print Time:  2022-02-26 13:49:20 
NOTE: Elapsed Time in seconds: 24.9261882305145 

[[1]]
          [,1]     [,2]      [,3]      [,4]
[1,] -0.137779 9.088156 -2.303836 -16.53882

[[2]]
[1] 7.686178


NOTE: Log Print Time:  2022-02-26 13:49:43 
NOTE: Elapsed Time in seconds: 23.4429926872253 

[[1]]
           [,1]     [,2]      [,3]      [,4]
[1,] -0.2860921 9.029481 -2.212532 -16.67262

[[2]]
[1] 7.689249


NOTE: Log Print Time:  2022-02-26 13:50:09 
NOTE: Elapsed Time in seconds: 25.9733500480652 

[[1]]
           [,1]     [,2]      [,3]      [,4]
[1,] -0.2860921 9.029481 -2.212532 -16.67262

[[2]]
[1] 7.689249


NOTE: Log Print Time:  2022-02-26 13:50:33 
NOTE: Elapsed Time in seconds: 23.8894860744476 

[[1]]
           [,1]     [,2]      [,3]      [,4]
[1,] -0.2860921 9.029481 -2.212532 -16.67262

[[2]]
[1] 7.689249


NOTE: Log Print Time:  2022-02-26 13:50:54 
NOTE: Elapsed Time in seconds: 20.7587025165558 

[[1]]
           [,1]     [,2]      [,3]      [,4]
[1,] -0.2860921 9.029481 -2.212532 -16.67262

[[2]]
[1] 7.689249


NOTE: Log Print Time:  2022-02-26 13:51:15 
NOTE: Elapsed Time in seconds: 21.2709567546844 

[[1]]
           [,1]     [,2]      [,3]      [,4]
[1,] -0.2860921 9.029481 -2.212532 -16.67262

[[2]]
[1] 7.689249


NOTE: Log Print Time:  2022-02-26 13:51:38 
NOTE: Elapsed Time in seconds: 22.3741419315338 

[[1]]
           [,1]     [,2]      [,3]      [,4]
[1,] -0.2860921 9.029481 -2.212532 -16.67262

[[2]]
[1] 7.689249


NOTE: Log Print Time:  2022-02-26 13:52:01 
NOTE: Elapsed Time in seconds: 23.1514282226562 

[[1]]
            [,1]    [,2]      [,3]      [,4]
[1,] -0.01149536 8.52966 -2.254636 -17.04282

[[2]]
[1] 7.694021


NOTE: Log Print Time:  2022-02-26 13:52:22 
NOTE: Elapsed Time in seconds: 21.1688258647919 

[[1]]
            [,1]    [,2]      [,3]      [,4]
[1,] -0.01149536 8.52966 -2.254636 -17.04282

[[2]]
[1] 7.694021


NOTE: Log Print Time:  2022-02-26 13:52:46 
NOTE: Elapsed Time in seconds: 23.7983236312866 

[[1]]
            [,1]    [,2]      [,3]      [,4]
[1,] -0.01149536 8.52966 -2.254636 -17.04282

[[2]]
[1] 7.694021


NOTE: Log Print Time:  2022-02-26 13:53:11 
NOTE: Elapsed Time in seconds: 25.384393453598 

[[1]]
            [,1]    [,2]      [,3]      [,4]
[1,] -0.01149536 8.52966 -2.254636 -17.04282

[[2]]
[1] 7.694021


NOTE: Log Print Time:  2022-02-26 13:53:31 
NOTE: Elapsed Time in seconds: 20.2049469947815 

[[1]]
            [,1]    [,2]      [,3]      [,4]
[1,] -0.01149536 8.52966 -2.254636 -17.04282

[[2]]
[1] 7.694021


NOTE: Log Print Time:  2022-02-26 13:53:52 
NOTE: Elapsed Time in seconds: 20.7893989086151 

[[1]]
         [,1]     [,2]      [,3]      [,4]
[1,] 0.600755 6.944372 -2.260117 -16.77929

[[2]]
[1] 7.753045


NOTE: Log Print Time:  2022-02-26 13:54:18 
NOTE: Elapsed Time in seconds: 25.3861672878265 

[[1]]
         [,1]     [,2]      [,3]      [,4]
[1,] 0.600755 6.944372 -2.260117 -16.77929

[[2]]
[1] 7.753045


NOTE: Log Print Time:  2022-02-26 13:54:40 
NOTE: Elapsed Time in seconds: 22.0017116069794 

[[1]]
         [,1]     [,2]      [,3]      [,4]
[1,] 0.600755 6.944372 -2.260117 -16.77929

[[2]]
[1] 7.753045


NOTE: Log Print Time:  2022-02-26 13:55:00 
NOTE: Elapsed Time in seconds: 20.7145075798035 

[[1]]
         [,1]     [,2]      [,3]      [,4]
[1,] 0.600755 6.944372 -2.260117 -16.77929

[[2]]
[1] 7.753045


NOTE: Log Print Time:  2022-02-26 13:55:26 
NOTE: Elapsed Time in seconds: 25.2451968193054 

[[1]]
         [,1]     [,2]      [,3]      [,4]
[1,] 0.600755 6.944372 -2.260117 -16.77929

[[2]]
[1] 7.753045


NOTE: Log Print Time:  2022-02-26 13:55:45 
NOTE: Elapsed Time in seconds: 19.6923673152924 

[[1]]
         [,1]       [,2]     [,3]      [,4]
[1,] 2.898096 -0.7150831 -2.22852 -17.16313

[[2]]
[1] 7.771598


NOTE: Log Print Time:  2022-02-26 13:56:14 
NOTE: Elapsed Time in seconds: 28.6212687492371 

[[1]]
         [,1]       [,2]     [,3]      [,4]
[1,] 2.898096 -0.7150831 -2.22852 -17.16313

[[2]]
[1] 7.771598


NOTE: Log Print Time:  2022-02-26 13:56:59 
NOTE: Elapsed Time in seconds: 44.9052126407623 

[[1]]
         [,1]       [,2]     [,3]      [,4]
[1,] 2.898096 -0.7150831 -2.22852 -17.16313

[[2]]
[1] 7.771598


NOTE: Log Print Time:  2022-02-26 13:57:25 
NOTE: Elapsed Time in seconds: 26.3052222728729 

[[1]]
         [,1]       [,2]     [,3]      [,4]
[1,] 2.898096 -0.7150831 -2.22852 -17.16313

[[2]]
[1] 7.771598


NOTE: Log Print Time:  2022-02-26 13:57:52 
NOTE: Elapsed Time in seconds: 27.1024417877197 

[[1]]
         [,1]       [,2]     [,3]      [,4]
[1,] 2.898096 -0.7150831 -2.22852 -17.16313

[[2]]
[1] 7.771598


NOTE: Log Print Time:  2022-02-26 13:58:16 
NOTE: Elapsed Time in seconds: 23.6792488098145 

[[1]]
        [,1]     [,2]      [,3]      [,4]
[1,] 2.18937 1.779658 -2.234932 -17.06673

[[2]]
[1] 7.848626


NOTE: Log Print Time:  2022-02-26 13:58:37 
NOTE: Elapsed Time in seconds: 21.39328956604 

[[1]]
        [,1]     [,2]      [,3]      [,4]
[1,] 2.18937 1.779658 -2.234932 -17.06673

[[2]]
[1] 7.848626


NOTE: Log Print Time:  2022-02-26 13:59:04 
NOTE: Elapsed Time in seconds: 26.4074959754944 

[[1]]
        [,1]     [,2]      [,3]      [,4]
[1,] 2.18937 1.779658 -2.234932 -17.06673

[[2]]
[1] 7.848626


NOTE: Log Print Time:  2022-02-26 13:59:34 
NOTE: Elapsed Time in seconds: 29.902147769928 

[[1]]
        [,1]     [,2]      [,3]      [,4]
[1,] 2.18937 1.779658 -2.234932 -17.06673

[[2]]
[1] 7.848626


NOTE: Log Print Time:  2022-02-26 13:59:59 
NOTE: Elapsed Time in seconds: 25.0435917377472 

[[1]]
        [,1]     [,2]      [,3]      [,4]
[1,] 2.18937 1.779658 -2.234932 -17.06673

[[2]]
[1] 7.848626


NOTE: Log Print Time:  2022-02-26 14:00:22 
NOTE: Elapsed Time in seconds: 23.2114057540894 

[[1]]
        [,1]     [,2]      [,3]      [,4]
[1,] 2.18937 1.779658 -2.234932 -17.06673

[[2]]
[1] 7.848626


NOTE: Log Print Time:  2022-02-26 14:00:46 
NOTE: Elapsed Time in seconds: 23.7906973361969 

[[1]]
        [,1]     [,2]      [,3]      [,4]
[1,] 2.18937 1.779658 -2.234932 -17.06673

[[2]]
[1] 7.848626


NOTE: Log Print Time:  2022-02-26 14:01:08 
NOTE: Elapsed Time in seconds: 22.7803421020508 

[[1]]
        [,1]     [,2]      [,3]      [,4]
[1,] 2.18937 1.779658 -2.234932 -17.06673

[[2]]
[1] 7.848626


NOTE: Log Print Time:  2022-02-26 14:01:36 
NOTE: Elapsed Time in seconds: 27.8735296726227 

[[1]]
        [,1]     [,2]      [,3]      [,4]
[1,] 2.18937 1.779658 -2.234932 -17.06673

[[2]]
[1] 7.848626


NOTE: Log Print Time:  2022-02-26 14:01:59 
NOTE: Elapsed Time in seconds: 22.9347710609436 

[[1]]
        [,1]     [,2]      [,3]      [,4]
[1,] 2.18937 1.779658 -2.234932 -17.06673

[[2]]
[1] 7.848626


NOTE: Log Print Time:  2022-02-26 14:02:24 
NOTE: Elapsed Time in seconds: 24.7526934146881 

[[1]]
        [,1]     [,2]      [,3]      [,4]
[1,] 2.18937 1.779658 -2.234932 -17.06673

[[2]]
[1] 7.848626


NOTE: Log Print Time:  2022-02-26 14:02:49 
NOTE: Elapsed Time in seconds: 24.9517223834991 

[[1]]
         [,1]     [,2]      [,3]      [,4]
[1,] 2.035864 2.707048 -2.235672 -16.66365

[[2]]
[1] 7.87564


NOTE: Log Print Time:  2022-02-26 14:03:15 
NOTE: Elapsed Time in seconds: 25.7083752155304 

[[1]]
         [,1]     [,2]      [,3]      [,4]
[1,] 2.035864 2.707048 -2.235672 -16.66365

[[2]]
[1] 7.87564


NOTE: Log Print Time:  2022-02-26 14:03:39 
NOTE: Elapsed Time in seconds: 24.5744228363037 

[[1]]
         [,1]     [,2]      [,3]      [,4]
[1,] 2.035864 2.707048 -2.235672 -16.66365

[[2]]
[1] 7.87564


NOTE: Log Print Time:  2022-02-26 14:04:09 
NOTE: Elapsed Time in seconds: 29.9206759929657 

[[1]]
         [,1]     [,2]      [,3]      [,4]
[1,] 2.035864 2.707048 -2.235672 -16.66365

[[2]]
[1] 7.87564


NOTE: Log Print Time:  2022-02-26 14:04:33 
NOTE: Elapsed Time in seconds: 23.5899391174316 

[[1]]
         [,1]     [,2]      [,3]      [,4]
[1,] 2.035864 2.707048 -2.235672 -16.66365

[[2]]
[1] 7.87564


NOTE: Log Print Time:  2022-02-26 14:04:59 
NOTE: Elapsed Time in seconds: 26.5398993492126 

[[1]]
         [,1]     [,2]      [,3]      [,4]
[1,] 2.035864 2.707048 -2.235672 -16.66365

[[2]]
[1] 7.87564


NOTE: Log Print Time:  2022-02-26 14:05:21 
NOTE: Elapsed Time in seconds: 21.4289145469666 

[[1]]
         [,1]     [,2]      [,3]      [,4]
[1,] 2.035864 2.707048 -2.235672 -16.66365

[[2]]
[1] 7.87564


NOTE: Log Print Time:  2022-02-26 14:05:47 
NOTE: Elapsed Time in seconds: 26.3622603416443 

[[1]]
         [,1]     [,2]      [,3]      [,4]
[1,] 2.035864 2.707048 -2.235672 -16.66365

[[2]]
[1] 7.87564


NOTE: Log Print Time:  2022-02-26 14:06:12 
NOTE: Elapsed Time in seconds: 25.1142938137054 

[[1]]
         [,1]     [,2]      [,3]      [,4]
[1,] 2.035864 2.707048 -2.235672 -16.66365

[[2]]
[1] 7.87564


NOTE: Log Print Time:  2022-02-26 14:06:33 
NOTE: Elapsed Time in seconds: 20.6384043693542 

[[1]]
         [,1]     [,2]      [,3]      [,4]
[1,] 2.035864 2.707048 -2.235672 -16.66365

[[2]]
[1] 7.87564


NOTE: Log Print Time:  2022-02-26 14:06:57 
NOTE: Elapsed Time in seconds: 23.7741694450378 

[[1]]
         [,1]     [,2]      [,3]      [,4]
[1,] 2.035864 2.707048 -2.235672 -16.66365

[[2]]
[1] 7.87564


NOTE: Log Print Time:  2022-02-26 14:07:19 
NOTE: Elapsed Time in seconds: 22.4754798412323 

[[1]]
         [,1]     [,2]      [,3]      [,4]
[1,] 2.035864 2.707048 -2.235672 -16.66365

[[2]]
[1] 7.87564


NOTE: Log Print Time:  2022-02-26 14:07:50 
NOTE: Elapsed Time in seconds: 31.1748633384705 

[[1]]
         [,1]     [,2]      [,3]      [,4]
[1,] 2.035864 2.707048 -2.235672 -16.66365

[[2]]
[1] 7.87564


NOTE: Log Print Time:  2022-02-26 14:08:13 
NOTE: Elapsed Time in seconds: 22.4250621795654 

[[1]]
         [,1]     [,2]      [,3]      [,4]
[1,] 2.035864 2.707048 -2.235672 -16.66365

[[2]]
[1] 7.87564


NOTE: Log Print Time:  2022-02-26 14:08:37 
NOTE: Elapsed Time in seconds: 23.9247303009033 

[[1]]
         [,1]     [,2]      [,3]      [,4]
[1,] 2.035864 2.707048 -2.235672 -16.66365

[[2]]
[1] 7.87564


NOTE: Log Print Time:  2022-02-26 14:09:02 
NOTE: Elapsed Time in seconds: 25.405636548996 

[[1]]
         [,1]     [,2]      [,3]      [,4]
[1,] 2.035864 2.707048 -2.235672 -16.66365

[[2]]
[1] 7.87564


NOTE: Log Print Time:  2022-02-26 14:09:28 
NOTE: Elapsed Time in seconds: 25.6880702972412 

[[1]]
         [,1]     [,2]      [,3]      [,4]
[1,] 2.035864 2.707048 -2.235672 -16.66365

[[2]]
[1] 7.87564


NOTE: Log Print Time:  2022-02-26 14:09:55 
NOTE: Elapsed Time in seconds: 27.7016816139221 

[[1]]
         [,1]     [,2]      [,3]      [,4]
[1,] 2.035864 2.707048 -2.235672 -16.66365

[[2]]
[1] 7.87564


NOTE: Log Print Time:  2022-02-26 14:10:21 
NOTE: Elapsed Time in seconds: 26.0150103569031 

[[1]]
         [,1]     [,2]      [,3]      [,4]
[1,] 2.035864 2.707048 -2.235672 -16.66365

[[2]]
[1] 7.87564


NOTE: Log Print Time:  2022-02-26 14:10:48 
NOTE: Elapsed Time in seconds: 26.1941294670105 

[[1]]
         [,1]     [,2]      [,3]      [,4]
[1,] 2.035864 2.707048 -2.235672 -16.66365

[[2]]
[1] 7.87564


NOTE: Log Print Time:  2022-02-26 14:11:27 
NOTE: Elapsed Time in seconds: 39.5336863994598 

[[1]]
         [,1]     [,2]      [,3]      [,4]
[1,] 2.035864 2.707048 -2.235672 -16.66365

[[2]]
[1] 7.87564


NOTE: Log Print Time:  2022-02-26 14:12:05 
NOTE: Elapsed Time in seconds: 38.3361093997955 

[[1]]
         [,1]     [,2]      [,3]      [,4]
[1,] 2.035864 2.707048 -2.235672 -16.66365

[[2]]
[1] 7.87564


NOTE: Log Print Time:  2022-02-26 14:12:31 
NOTE: Elapsed Time in seconds: 25.8896479606628 

[[1]]
         [,1]     [,2]      [,3]      [,4]
[1,] 2.035864 2.707048 -2.235672 -16.66365

[[2]]
[1] 7.87564


NOTE: Log Print Time:  2022-02-26 14:12:53 
NOTE: Elapsed Time in seconds: 21.4292569160461 

[[1]]
         [,1]     [,2]      [,3]      [,4]
[1,] 2.035864 2.707048 -2.235672 -16.66365

[[2]]
[1] 7.87564


NOTE: Log Print Time:  2022-02-26 14:13:18 
NOTE: Elapsed Time in seconds: 24.9543850421906 

[[1]]
         [,1]     [,2]      [,3]      [,4]
[1,] 2.035864 2.707048 -2.235672 -16.66365

[[2]]
[1] 7.87564


NOTE: Log Print Time:  2022-02-26 14:13:43 
NOTE: Elapsed Time in seconds: 25.087230682373 

[[1]]
         [,1]     [,2]      [,3]      [,4]
[1,] 2.035864 2.707048 -2.235672 -16.66365

[[2]]
[1] 7.87564


NOTE: Log Print Time:  2022-02-26 14:14:09 
NOTE: Elapsed Time in seconds: 26.2403035163879 

[[1]]
         [,1]     [,2]      [,3]      [,4]
[1,] 2.035864 2.707048 -2.235672 -16.66365

[[2]]
[1] 7.87564


NOTE: Log Print Time:  2022-02-26 14:14:34 
NOTE: Elapsed Time in seconds: 24.5878565311432 

[[1]]
         [,1]     [,2]      [,3]      [,4]
[1,] 2.035864 2.707048 -2.235672 -16.66365

[[2]]
[1] 7.87564


NOTE: Log Print Time:  2022-02-26 14:15:00 
NOTE: Elapsed Time in seconds: 26.3157625198364 

[[1]]
         [,1]     [,2]      [,3]      [,4]
[1,] 2.035864 2.707048 -2.235672 -16.66365

[[2]]
[1] 7.87564


NOTE: Log Print Time:  2022-02-26 14:15:27 
NOTE: Elapsed Time in seconds: 27.0221469402313 

[[1]]
         [,1]     [,2]      [,3]      [,4]
[1,] 2.035864 2.707048 -2.235672 -16.66365

[[2]]
[1] 7.87564


NOTE: Log Print Time:  2022-02-26 14:15:48 
NOTE: Elapsed Time in seconds: 20.9534854888916 

[[1]]
         [,1]     [,2]      [,3]      [,4]
[1,] 2.025234 2.715599 -2.235738 -16.66546

[[2]]
[1] 7.875793


NOTE: Log Print Time:  2022-02-26 14:16:11 
NOTE: Elapsed Time in seconds: 23.3377413749695 

[[1]]
         [,1]     [,2]      [,3]      [,4]
[1,] 2.025234 2.715599 -2.235738 -16.66546

[[2]]
[1] 7.875793


NOTE: Log Print Time:  2022-02-26 14:16:35 
NOTE: Elapsed Time in seconds: 23.7005884647369 

[[1]]
         [,1]     [,2]      [,3]      [,4]
[1,] 2.025234 2.715599 -2.235738 -16.66546

[[2]]
[1] 7.875793


NOTE: Log Print Time:  2022-02-26 14:16:55 
NOTE: Elapsed Time in seconds: 20.4043874740601 

[[1]]
         [,1]     [,2]      [,3]      [,4]
[1,] 2.025234 2.715599 -2.235738 -16.66546

[[2]]
[1] 7.875793


NOTE: Log Print Time:  2022-02-26 14:17:20 
NOTE: Elapsed Time in seconds: 24.9104001522064 

[[1]]
         [,1]     [,2]      [,3]      [,4]
[1,] 2.025234 2.715599 -2.235738 -16.66546

[[2]]
[1] 7.875793


NOTE: Log Print Time:  2022-02-26 14:17:43 
NOTE: Elapsed Time in seconds: 22.6433210372925 

[[1]]
         [,1]     [,2]      [,3]      [,4]
[1,] 2.025234 2.715599 -2.235738 -16.66546

[[2]]
[1] 7.875793


NOTE: Log Print Time:  2022-02-26 14:18:07 
NOTE: Elapsed Time in seconds: 23.6479260921478 

[[1]]
         [,1]     [,2]      [,3]      [,4]
[1,] 2.023987 2.521059 -2.235745 -16.69547

[[2]]
[1] 7.877975


NOTE: Log Print Time:  2022-02-26 14:18:28 
NOTE: Elapsed Time in seconds: 21.3354346752167 

[[1]]
         [,1]     [,2]      [,3]      [,4]
[1,] 2.023987 2.521059 -2.235745 -16.69547

[[2]]
[1] 7.877975


NOTE: Log Print Time:  2022-02-26 14:18:51 
NOTE: Elapsed Time in seconds: 23.2305331230164 

[[1]]
         [,1]     [,2]      [,3]      [,4]
[1,] 2.023987 2.521059 -2.235745 -16.69547

[[2]]
[1] 7.877975


NOTE: Log Print Time:  2022-02-26 14:19:14 
NOTE: Elapsed Time in seconds: 22.7000641822815 

[[1]]
         [,1]     [,2]      [,3]      [,4]
[1,] 2.022583 2.557668 -2.235725 -16.69016

[[2]]
[1] 7.878251


NOTE: Log Print Time:  2022-02-26 14:19:50 
NOTE: Elapsed Time in seconds: 36.5087943077087 

[[1]]
         [,1]     [,2]      [,3]      [,4]
[1,] 2.022583 2.557668 -2.235725 -16.69016

[[2]]
[1] 7.878251


NOTE: Log Print Time:  2022-02-26 14:20:11 
NOTE: Elapsed Time in seconds: 20.9523026943207 

[[1]]
         [,1]     [,2]      [,3]      [,4]
[1,] 2.022583 2.557668 -2.235725 -16.69016

[[2]]
[1] 7.878251


NOTE: Log Print Time:  2022-02-26 14:20:35 
NOTE: Elapsed Time in seconds: 23.5695428848267 

[[1]]
         [,1]     [,2]      [,3]      [,4]
[1,] 2.022583 2.557668 -2.235725 -16.69016

[[2]]
[1] 7.878251


NOTE: Log Print Time:  2022-02-26 14:21:19 
NOTE: Elapsed Time in seconds: 44.3696935176849 

[[1]]
         [,1]     [,2]      [,3]      [,4]
[1,] 2.022583 2.557668 -2.235725 -16.69016

[[2]]
[1] 7.878251


NOTE: Log Print Time:  2022-02-26 14:21:41 
NOTE: Elapsed Time in seconds: 21.4123702049255 

[[1]]
         [,1]     [,2]      [,3]      [,4]
[1,] 2.022583 2.557668 -2.235725 -16.69016

[[2]]
[1] 7.878251


NOTE: Log Print Time:  2022-02-26 14:22:01 
NOTE: Elapsed Time in seconds: 20.3458106517792 

[[1]]
         [,1]     [,2]      [,3]      [,4]
[1,] 2.022583 2.557668 -2.235725 -16.69016

[[2]]
[1] 7.878251


NOTE: Log Print Time:  2022-02-26 14:22:22 
NOTE: Elapsed Time in seconds: 21.0180933475494 

[[1]]
         [,1]     [,2]      [,3]      [,4]
[1,] 2.022583 2.557668 -2.235725 -16.69016

[[2]]
[1] 7.878251


NOTE: Log Print Time:  2022-02-26 14:22:44 
NOTE: Elapsed Time in seconds: 21.7916016578674 

[[1]]
         [,1]     [,2]      [,3]      [,4]
[1,] 2.022583 2.557668 -2.235725 -16.69016

[[2]]
[1] 7.878251


NOTE: Log Print Time:  2022-02-26 14:23:12 
NOTE: Elapsed Time in seconds: 27.9447934627533 

[[1]]
         [,1]     [,2]      [,3]      [,4]
[1,] 1.962959 2.719229 -2.090327 -16.68186

[[2]]
[1] 7.878923


NOTE: Log Print Time:  2022-02-26 14:23:33 
NOTE: Elapsed Time in seconds: 21.4607238769531 

[[1]]
         [,1]     [,2]      [,3]      [,4]
[1,] 1.962959 2.719229 -2.090327 -16.68186

[[2]]
[1] 7.878923


NOTE: Log Print Time:  2022-02-26 14:23:56 
NOTE: Elapsed Time in seconds: 22.7975459098816 

[[1]]
         [,1]     [,2]      [,3]      [,4]
[1,] 1.968826 2.682405 -2.114594 -16.68323

[[2]]
[1] 7.879553


NOTE: Log Print Time:  2022-02-26 14:24:17 
NOTE: Elapsed Time in seconds: 21.4258286952972 

[[1]]
         [,1]     [,2]      [,3]      [,4]
[1,] 1.968826 2.682405 -2.114594 -16.68323

[[2]]
[1] 7.879553


NOTE: Log Print Time:  2022-02-26 14:24:40 
NOTE: Elapsed Time in seconds: 22.4142608642578 

[[1]]
         [,1]     [,2]      [,3]      [,4]
[1,] 1.968826 2.682405 -2.114594 -16.68323

[[2]]
[1] 7.879553


NOTE: Log Print Time:  2022-02-26 14:25:02 
NOTE: Elapsed Time in seconds: 21.7695398330688 

[[1]]
         [,1]     [,2]      [,3]      [,4]
[1,] 1.968826 2.682405 -2.114594 -16.68323

[[2]]
[1] 7.879553


NOTE: Log Print Time:  2022-02-26 14:25:27 
NOTE: Elapsed Time in seconds: 25.8460230827332 

[[1]]
         [,1]     [,2]      [,3]      [,4]
[1,] 2.095348 2.450848 -2.190395 -16.68564

[[2]]
[1] 7.883257


NOTE: Log Print Time:  2022-02-26 14:25:50 
NOTE: Elapsed Time in seconds: 22.3650717735291 

[[1]]
         [,1]     [,2]      [,3]      [,4]
[1,] 2.095348 2.450848 -2.190395 -16.68564

[[2]]
[1] 7.883257


NOTE: Log Print Time:  2022-02-26 14:26:12 
NOTE: Elapsed Time in seconds: 22.5400907993317 

[[1]]
         [,1]     [,2]      [,3]      [,4]
[1,] 2.095348 2.450848 -2.190395 -16.68564

[[2]]
[1] 7.883257


NOTE: Log Print Time:  2022-02-26 14:26:34 
NOTE: Elapsed Time in seconds: 21.6392798423767 

[[1]]
         [,1]     [,2]      [,3]      [,4]
[1,] 2.095348 2.450848 -2.190395 -16.68564

[[2]]
[1] 7.883257


NOTE: Log Print Time:  2022-02-26 14:26:58 
NOTE: Elapsed Time in seconds: 23.5707347393036 

[[1]]
         [,1]     [,2]      [,3]      [,4]
[1,] 2.095348 2.450848 -2.190395 -16.68564

[[2]]
[1] 7.883257


NOTE: Log Print Time:  2022-02-26 14:27:19 
NOTE: Elapsed Time in seconds: 21.353622674942 

[[1]]
         [,1]     [,2]      [,3]      [,4]
[1,] 2.095348 2.450848 -2.190395 -16.68564

[[2]]
[1] 7.883257


NOTE: Log Print Time:  2022-02-26 14:27:40 
NOTE: Elapsed Time in seconds: 21.1351397037506 

[[1]]
         [,1]     [,2]      [,3]      [,4]
[1,] 2.095348 2.450848 -2.190395 -16.68564

[[2]]
[1] 7.883257


NOTE: Log Print Time:  2022-02-26 14:28:22 
NOTE: Elapsed Time in seconds: 42.1658227443695 

[[1]]
         [,1]     [,2]      [,3]      [,4]
[1,] 2.095348 2.450848 -2.190395 -16.68564

[[2]]
[1] 7.883257


NOTE: Log Print Time:  2022-02-26 14:28:46 
NOTE: Elapsed Time in seconds: 24.0274472236633 

[[1]]
         [,1]     [,2]      [,3]      [,4]
[1,] 2.095348 2.450848 -2.190395 -16.68564

[[2]]
[1] 7.883257


NOTE: Log Print Time:  2022-02-26 14:29:08 
NOTE: Elapsed Time in seconds: 21.7904870510101 

[[1]]
         [,1]     [,2]      [,3]      [,4]
[1,] 2.095348 2.450848 -2.190395 -16.68564

[[2]]
[1] 7.883257


NOTE: Log Print Time:  2022-02-26 14:29:29 
NOTE: Elapsed Time in seconds: 20.6479606628418 

[[1]]
         [,1]     [,2]      [,3]      [,4]
[1,] 2.095348 2.450848 -2.190395 -16.68564

[[2]]
[1] 7.883257


NOTE: Log Print Time:  2022-02-26 14:29:54 
NOTE: Elapsed Time in seconds: 25.2145919799805 

[[1]]
         [,1]     [,2]      [,3]      [,4]
[1,] 2.095348 2.450848 -2.190395 -16.68564

[[2]]
[1] 7.883257


NOTE: Log Print Time:  2022-02-26 14:30:16 
NOTE: Elapsed Time in seconds: 22.066082239151 

[[1]]
         [,1]     [,2]      [,3]      [,4]
[1,] 2.095348 2.450848 -2.190395 -16.68564

[[2]]
[1] 7.883257


NOTE: Log Print Time:  2022-02-26 14:30:37 
NOTE: Elapsed Time in seconds: 21.3672528266907 

[[1]]
         [,1]     [,2]      [,3]      [,4]
[1,] 2.095348 2.450848 -2.190395 -16.68564

[[2]]
[1] 7.883257


NOTE: Log Print Time:  2022-02-26 14:30:59 
NOTE: Elapsed Time in seconds: 21.3377542495728 

[[1]]
         [,1]     [,2]      [,3]      [,4]
[1,] 2.095348 2.450848 -2.190395 -16.68564

[[2]]
[1] 7.883257


NOTE: Log Print Time:  2022-02-26 14:31:22 
NOTE: Elapsed Time in seconds: 23.3296325206757 

[[1]]
         [,1]     [,2]      [,3]      [,4]
[1,] 2.095348 2.450848 -2.190395 -16.68564

[[2]]
[1] 7.883257


NOTE: Log Print Time:  2022-02-26 14:31:46 
NOTE: Elapsed Time in seconds: 23.8110482692719 

[[1]]
         [,1]     [,2]      [,3]      [,4]
[1,] 2.095348 2.450848 -2.190395 -16.68564

[[2]]
[1] 7.883257


NOTE: Log Print Time:  2022-02-26 14:32:07 
NOTE: Elapsed Time in seconds: 21.4937508106232 

[[1]]
         [,1]     [,2]      [,3]      [,4]
[1,] 2.095348 2.450848 -2.190395 -16.68564

[[2]]
[1] 7.883257


NOTE: Log Print Time:  2022-02-26 14:32:33 
NOTE: Elapsed Time in seconds: 25.7604386806488 

[[1]]
         [,1]     [,2]      [,3]      [,4]
[1,] 2.095348 2.450848 -2.190395 -16.68564

[[2]]
[1] 7.883257


NOTE: Log Print Time:  2022-02-26 14:32:59 
NOTE: Elapsed Time in seconds: 25.5273671150208 

[[1]]
         [,1]     [,2]      [,3]      [,4]
[1,] 2.083141 2.295939 -2.183705 -16.68638

[[2]]
[1] 7.885308


NOTE: Log Print Time:  2022-02-26 14:33:24 
NOTE: Elapsed Time in seconds: 25.2676770687103 

[[1]]
         [,1]     [,2]      [,3]      [,4]
[1,] 2.083141 2.295939 -2.183705 -16.68638

[[2]]
[1] 7.885308


NOTE: Log Print Time:  2022-02-26 14:33:45 
NOTE: Elapsed Time in seconds: 21.042530298233 

[[1]]
         [,1]     [,2]      [,3]      [,4]
[1,] 2.083141 2.295939 -2.183705 -16.68638

[[2]]
[1] 7.885308


NOTE: Log Print Time:  2022-02-26 14:34:07 
NOTE: Elapsed Time in seconds: 21.8977274894714 

[[1]]
         [,1]     [,2]      [,3]      [,4]
[1,] 2.079527 2.339747 -2.157918 -16.68716

[[2]]
[1] 7.886384


NOTE: Log Print Time:  2022-02-26 14:34:28 
NOTE: Elapsed Time in seconds: 21.2535564899445 

[[1]]
         [,1]     [,2]      [,3]      [,4]
[1,] 2.079527 2.339747 -2.157918 -16.68716

[[2]]
[1] 7.886384


NOTE: Log Print Time:  2022-02-26 14:34:50 
NOTE: Elapsed Time in seconds: 21.7011580467224 

[[1]]
         [,1]     [,2]      [,3]      [,4]
[1,] 2.079527 2.339747 -2.157918 -16.68716

[[2]]
[1] 7.886384


NOTE: Log Print Time:  2022-02-26 14:35:15 
NOTE: Elapsed Time in seconds: 25.1316804885864 

[[1]]
         [,1]     [,2]      [,3]      [,4]
[1,] 2.079527 2.339747 -2.157918 -16.68716

[[2]]
[1] 7.886384


NOTE: Log Print Time:  2022-02-26 14:35:36 
NOTE: Elapsed Time in seconds: 20.8948130607605 

[[1]]
         [,1]     [,2]      [,3]      [,4]
[1,] 2.079527 2.339747 -2.157918 -16.68716

[[2]]
[1] 7.886384


NOTE: Log Print Time:  2022-02-26 14:35:58 
NOTE: Elapsed Time in seconds: 22.5099527835846 

[[1]]
         [,1]     [,2]      [,3]      [,4]
[1,] 2.079527 2.339747 -2.157918 -16.68716

[[2]]
[1] 7.886384


NOTE: Log Print Time:  2022-02-26 14:36:20 
NOTE: Elapsed Time in seconds: 21.3228688240051 

[[1]]
         [,1]     [,2]      [,3]      [,4]
[1,] 2.079527 2.339747 -2.157918 -16.68716

[[2]]
[1] 7.886384


NOTE: Log Print Time:  2022-02-26 14:36:40 
NOTE: Elapsed Time in seconds: 20.580676317215 

[[1]]
         [,1]     [,2]      [,3]      [,4]
[1,] 2.079527 2.339747 -2.157918 -16.68716

[[2]]
[1] 7.886384


NOTE: Log Print Time:  2022-02-26 14:37:03 
NOTE: Elapsed Time in seconds: 22.4349105358124 

[[1]]
         [,1]     [,2]      [,3]      [,4]
[1,] 2.079527 2.339747 -2.157918 -16.68716

[[2]]
[1] 7.886384


NOTE: Log Print Time:  2022-02-26 14:37:28 
NOTE: Elapsed Time in seconds: 24.9078638553619 

[[1]]
         [,1]     [,2]      [,3]      [,4]
[1,] 2.085696 2.373493 -2.137837 -16.69096

[[2]]
[1] 7.886552


NOTE: Log Print Time:  2022-02-26 14:37:53 
NOTE: Elapsed Time in seconds: 25.5524342060089 

[[1]]
         [,1]     [,2]      [,3]      [,4]
[1,] 2.085696 2.373493 -2.137837 -16.69096

[[2]]
[1] 7.886552


NOTE: Log Print Time:  2022-02-26 14:38:14 
NOTE: Elapsed Time in seconds: 21.0317409038544 

[[1]]
         [,1]     [,2]      [,3]      [,4]
[1,] 2.085696 2.373493 -2.137837 -16.69096

[[2]]
[1] 7.886552


NOTE: Log Print Time:  2022-02-26 14:38:35 
NOTE: Elapsed Time in seconds: 20.6080574989319 

[[1]]
         [,1]    [,2]      [,3]      [,4]
[1,] 2.121133 2.33447 -2.171084 -16.69344

[[2]]
[1] 7.886614


NOTE: Log Print Time:  2022-02-26 14:38:55 
NOTE: Elapsed Time in seconds: 20.1888349056244 

[[1]]
        [,1]     [,2]      [,3]      [,4]
[1,] 2.08781 2.350094 -2.149835 -16.68821

[[2]]
[1] 7.886818


NOTE: Log Print Time:  2022-02-26 14:39:17 
NOTE: Elapsed Time in seconds: 21.6035358905792 

[[1]]
        [,1]     [,2]      [,3]      [,4]
[1,] 2.08781 2.350094 -2.149835 -16.68821

[[2]]
[1] 7.886818


NOTE: Log Print Time:  2022-02-26 14:39:37 
NOTE: Elapsed Time in seconds: 20.9259045124054 

[[1]]
         [,1]     [,2]      [,3]      [,4]
[1,] 2.116929 2.336974 -2.158272 -16.69158

[[2]]
[1] 7.886858


NOTE: Log Print Time:  2022-02-26 14:40:08 
NOTE: Elapsed Time in seconds: 30.7988464832306 

[[1]]
         [,1]     [,2]      [,3]      [,4]
[1,] 2.116929 2.336974 -2.158272 -16.69158

[[2]]
[1] 7.886858


NOTE: Log Print Time:  2022-02-26 14:40:34 
NOTE: Elapsed Time in seconds: 25.4272568225861 

[[1]]
         [,1]     [,2]      [,3]      [,4]
[1,] 2.116929 2.336974 -2.158272 -16.69158

[[2]]
[1] 7.886858


NOTE: Log Print Time:  2022-02-26 14:40:58 
NOTE: Elapsed Time in seconds: 24.13853931427 

[[1]]
         [,1]     [,2]      [,3]      [,4]
[1,] 2.116929 2.336974 -2.158272 -16.69158

[[2]]
[1] 7.886858


NOTE: Log Print Time:  2022-02-26 14:41:20 
NOTE: Elapsed Time in seconds: 21.9427721500397 

[[1]]
         [,1]     [,2]      [,3]      [,4]
[1,] 2.116929 2.336974 -2.158272 -16.69158

[[2]]
[1] 7.886858


NOTE: Log Print Time:  2022-02-26 14:41:40 
NOTE: Elapsed Time in seconds: 20.4876472949982 

[[1]]
         [,1]     [,2]      [,3]      [,4]
[1,] 2.116929 2.336974 -2.158272 -16.69158

[[2]]
[1] 7.886858


NOTE: Log Print Time:  2022-02-26 14:42:01 
NOTE: Elapsed Time in seconds: 20.6165108680725 

[[1]]
         [,1]     [,2]      [,3]      [,4]
[1,] 2.116929 2.336974 -2.158272 -16.69158

[[2]]
[1] 7.886858


NOTE: Log Print Time:  2022-02-26 14:42:47 
NOTE: Elapsed Time in seconds: 46.5646483898163 

[[1]]
         [,1]     [,2]      [,3]      [,4]
[1,] 2.116929 2.336974 -2.158272 -16.69158

[[2]]
[1] 7.886858


NOTE: Log Print Time:  2022-02-26 14:43:13 
NOTE: Elapsed Time in seconds: 25.9616069793701 

[[1]]
         [,1]     [,2]      [,3]      [,4]
[1,] 2.116929 2.336974 -2.158272 -16.69158

[[2]]
[1] 7.886858


NOTE: Log Print Time:  2022-02-26 14:43:35 
NOTE: Elapsed Time in seconds: 21.6388261318207 

[[1]]
         [,1]     [,2]      [,3]      [,4]
[1,] 2.102391 2.338226 -2.152043 -16.69183

[[2]]
[1] 7.887074


NOTE: Log Print Time:  2022-02-26 14:43:57 
NOTE: Elapsed Time in seconds: 21.6498010158539 

[[1]]
         [,1]     [,2]      [,3]      [,4]
[1,] 2.102391 2.338226 -2.152043 -16.69183

[[2]]
[1] 7.887074


NOTE: Log Print Time:  2022-02-26 14:44:22 
NOTE: Elapsed Time in seconds: 25.1999483108521 

[[1]]
         [,1]     [,2]      [,3]      [,4]
[1,] 2.102391 2.338226 -2.152043 -16.69183

[[2]]
[1] 7.887074


NOTE: Log Print Time:  2022-02-26 14:44:43 
NOTE: Elapsed Time in seconds: 21.387451171875 

[[1]]
         [,1]     [,2]      [,3]      [,4]
[1,] 2.102391 2.338226 -2.152043 -16.69183

[[2]]
[1] 7.887074


NOTE: Log Print Time:  2022-02-26 14:45:05 
NOTE: Elapsed Time in seconds: 21.8586843013763 

[[1]]
         [,1]     [,2]      [,3]      [,4]
[1,] 2.102391 2.338226 -2.152043 -16.69183

[[2]]
[1] 7.887074


NOTE: Log Print Time:  2022-02-26 14:45:26 
NOTE: Elapsed Time in seconds: 20.4992818832397 

[[1]]
         [,1]     [,2]      [,3]      [,4]
[1,] 2.102391 2.338226 -2.152043 -16.69183

[[2]]
[1] 7.887074


NOTE: Log Print Time:  2022-02-26 14:45:57 
NOTE: Elapsed Time in seconds: 31.4305212497711 

[[1]]
         [,1]     [,2]      [,3]      [,4]
[1,] 2.167615 2.212394 -2.184821 -16.73389

[[2]]
[1] 7.888392


NOTE: Log Print Time:  2022-02-26 14:46:23 
NOTE: Elapsed Time in seconds: 25.5758810043335 

[[1]]
         [,1]     [,2]      [,3]      [,4]
[1,] 2.167615 2.212394 -2.184821 -16.73389

[[2]]
[1] 7.888392


NOTE: Log Print Time:  2022-02-26 14:46:44 
NOTE: Elapsed Time in seconds: 21.4211401939392 

[[1]]
         [,1]     [,2]      [,3]      [,4]
[1,] 2.118768 2.344174 -2.204426 -16.46297

[[2]]
[1] 7.890376


NOTE: Log Print Time:  2022-02-26 14:47:04 
NOTE: Elapsed Time in seconds: 20.2502887248993 

[[1]]
         [,1]     [,2]      [,3]      [,4]
[1,] 2.118768 2.344174 -2.204426 -16.46297

[[2]]
[1] 7.890376


NOTE: Log Print Time:  2022-02-26 14:47:33 
NOTE: Elapsed Time in seconds: 28.7584352493286 

[[1]]
         [,1]     [,2]     [,3]      [,4]
[1,] 2.129334 2.285776 -2.19959 -16.56209

[[2]]
[1] 7.890408


NOTE: Log Print Time:  2022-02-26 14:47:58 
NOTE: Elapsed Time in seconds: 25.0293509960175 

[[1]]
         [,1]     [,2]     [,3]      [,4]
[1,] 2.129334 2.285776 -2.19959 -16.56209

[[2]]
[1] 7.890408


NOTE: Log Print Time:  2022-02-26 14:48:19 
NOTE: Elapsed Time in seconds: 20.7046558856964 

[[1]]
         [,1]     [,2]     [,3]      [,4]
[1,] 2.129334 2.285776 -2.19959 -16.56209

[[2]]
[1] 7.890408


NOTE: Log Print Time:  2022-02-26 14:48:44 
NOTE: Elapsed Time in seconds: 25.6960339546204 

[[1]]
         [,1]     [,2]     [,3]      [,4]
[1,] 2.129334 2.285776 -2.19959 -16.56209

[[2]]
[1] 7.890408


NOTE: Log Print Time:  2022-02-26 14:49:06 
NOTE: Elapsed Time in seconds: 21.2819647789001 

[[1]]
         [,1]     [,2]     [,3]      [,4]
[1,] 2.129334 2.285776 -2.19959 -16.56209

[[2]]
[1] 7.890408


NOTE: Log Print Time:  2022-02-26 14:49:31 
NOTE: Elapsed Time in seconds: 25.7205400466919 

[[1]]
         [,1]     [,2]      [,3]      [,4]
[1,] 2.088272 2.295078 -2.187199 -16.54728

[[2]]
[1] 7.890408


NOTE: Log Print Time:  2022-02-26 14:49:53 
NOTE: Elapsed Time in seconds: 21.5671048164368 

[[1]]
         [,1]     [,2]      [,3]      [,4]
[1,] 2.099088 2.344182 -2.187698 -16.46559

[[2]]
[1] 7.891365


NOTE: Log Print Time:  2022-02-26 14:50:16 
NOTE: Elapsed Time in seconds: 23.1326498985291 

[[1]]
         [,1]     [,2]      [,3]      [,4]
[1,] 2.099088 2.344182 -2.187698 -16.46559

[[2]]
[1] 7.891365


NOTE: Log Print Time:  2022-02-26 14:50:37 
NOTE: Elapsed Time in seconds: 20.3301770687103 

[[1]]
         [,1]     [,2]      [,3]      [,4]
[1,] 2.099088 2.344182 -2.187698 -16.46559

[[2]]
[1] 7.891365


NOTE: Log Print Time:  2022-02-26 14:51:03 
NOTE: Elapsed Time in seconds: 26.2998738288879 

[[1]]
         [,1]     [,2]      [,3]      [,4]
[1,] 2.099088 2.344182 -2.187698 -16.46559

[[2]]
[1] 7.891365


NOTE: Log Print Time:  2022-02-26 14:51:44 
NOTE: Elapsed Time in seconds: 40.7660183906555 

[[1]]
         [,1]     [,2]      [,3]      [,4]
[1,] 2.099088 2.344182 -2.187698 -16.46559

[[2]]
[1] 7.891365


NOTE: Log Print Time:  2022-02-26 14:52:04 
NOTE: Elapsed Time in seconds: 20.8147847652435 

[[1]]
         [,1]     [,2]      [,3]      [,4]
[1,] 2.099088 2.344182 -2.187698 -16.46559

[[2]]
[1] 7.891365


NOTE: Log Print Time:  2022-02-26 14:52:25 
NOTE: Elapsed Time in seconds: 20.9275662899017 

[[1]]
         [,1]     [,2]      [,3]      [,4]
[1,] 2.099088 2.344182 -2.187698 -16.46559

[[2]]
[1] 7.891365


NOTE: Log Print Time:  2022-02-26 14:52:49 
NOTE: Elapsed Time in seconds: 23.270140171051 

[[1]]
         [,1]     [,2]      [,3]      [,4]
[1,] 2.099088 2.344182 -2.187698 -16.46559

[[2]]
[1] 7.891365


NOTE: Log Print Time:  2022-02-26 14:53:11 
NOTE: Elapsed Time in seconds: 22.3355197906494 

[[1]]
         [,1]     [,2]      [,3]      [,4]
[1,] 2.122864 2.209615 -2.194662 -16.53019

[[2]]
[1] 7.892945


NOTE: Log Print Time:  2022-02-26 14:53:32 
NOTE: Elapsed Time in seconds: 21.4183013439178 

[[1]]
         [,1]     [,2]      [,3]      [,4]
[1,] 2.122864 2.209615 -2.194662 -16.53019

[[2]]
[1] 7.892945


NOTE: Log Print Time:  2022-02-26 14:54:06 
NOTE: Elapsed Time in seconds: 33.4747426509857 

[[1]]
         [,1]     [,2]      [,3]      [,4]
[1,] 2.122864 2.209615 -2.194662 -16.53019

[[2]]
[1] 7.892945


NOTE: Log Print Time:  2022-02-26 14:54:26 
NOTE: Elapsed Time in seconds: 20.5904395580292 

[[1]]
         [,1]     [,2]      [,3]      [,4]
[1,] 2.122864 2.209615 -2.194662 -16.53019

[[2]]
[1] 7.892945


NOTE: Log Print Time:  2022-02-26 14:54:48 
NOTE: Elapsed Time in seconds: 22.0073359012604 

[[1]]
         [,1]     [,2]      [,3]      [,4]
[1,] 2.122864 2.209615 -2.194662 -16.53019

[[2]]
[1] 7.892945


NOTE: Log Print Time:  2022-02-26 14:55:09 
NOTE: Elapsed Time in seconds: 20.413697719574 

[[1]]
         [,1]     [,2]      [,3]      [,4]
[1,] 2.122864 2.209615 -2.194662 -16.53019

[[2]]
[1] 7.892945


NOTE: Log Print Time:  2022-02-26 14:55:32 
NOTE: Elapsed Time in seconds: 23.0946114063263 

[[1]]
         [,1]     [,2]      [,3]      [,4]
[1,] 2.122864 2.209615 -2.194662 -16.53019

[[2]]
[1] 7.892945


NOTE: Log Print Time:  2022-02-26 14:55:53 
NOTE: Elapsed Time in seconds: 20.6730895042419 

[[1]]
         [,1]     [,2]      [,3]      [,4]
[1,] 2.122864 2.209615 -2.194662 -16.53019

[[2]]
[1] 7.892945


NOTE: Log Print Time:  2022-02-26 14:56:13 
NOTE: Elapsed Time in seconds: 20.2075068950653 

[[1]]
         [,1]     [,2]      [,3]      [,4]
[1,] 2.277008 1.919471 -2.192082 -16.57129

[[2]]
[1] 7.898443


NOTE: Log Print Time:  2022-02-26 14:56:35 
NOTE: Elapsed Time in seconds: 22.3560962677002 

[[1]]
         [,1]     [,2]      [,3]      [,4]
[1,] 2.277008 1.919471 -2.192082 -16.57129

[[2]]
[1] 7.898443


NOTE: Log Print Time:  2022-02-26 14:57:01 
NOTE: Elapsed Time in seconds: 25.7841989994049 

[[1]]
         [,1]     [,2]      [,3]      [,4]
[1,] 2.277008 1.919471 -2.192082 -16.57129

[[2]]
[1] 7.898443


NOTE: Log Print Time:  2022-02-26 14:57:22 
NOTE: Elapsed Time in seconds: 21.1900770664215 

[[1]]
         [,1]     [,2]      [,3]      [,4]
[1,] 2.277008 1.919471 -2.192082 -16.57129

[[2]]
[1] 7.898443


NOTE: Log Print Time:  2022-02-26 14:57:43 
NOTE: Elapsed Time in seconds: 21.0033047199249 

[[1]]
         [,1]     [,2]      [,3]      [,4]
[1,] 2.277008 1.919471 -2.192082 -16.57129

[[2]]
[1] 7.898443


NOTE: Log Print Time:  2022-02-26 14:58:04 
NOTE: Elapsed Time in seconds: 20.3993892669678 

[[1]]
         [,1]     [,2]      [,3]      [,4]
[1,] 2.215875 1.922029 -2.191724 -16.56998

[[2]]
[1] 7.898514


NOTE: Log Print Time:  2022-02-26 14:58:23 
NOTE: Elapsed Time in seconds: 19.3506717681885 

[[1]]
         [,1]     [,2]      [,3]      [,4]
[1,] 2.215875 1.922029 -2.191724 -16.56998

[[2]]
[1] 7.898514


NOTE: Log Print Time:  2022-02-26 14:58:44 
NOTE: Elapsed Time in seconds: 21.2344660758972 

[[1]]
         [,1]     [,2]      [,3]      [,4]
[1,] 2.215875 1.922029 -2.191724 -16.56998

[[2]]
[1] 7.898514


NOTE: Log Print Time:  2022-02-26 14:59:06 
NOTE: Elapsed Time in seconds: 21.7219593524933 

[[1]]
         [,1]     [,2]      [,3]      [,4]
[1,] 2.215875 1.922029 -2.191724 -16.56998

[[2]]
[1] 7.898514


NOTE: Log Print Time:  2022-02-26 14:59:31 
NOTE: Elapsed Time in seconds: 25.4580755233765 

[[1]]
         [,1]     [,2]     [,3]      [,4]
[1,] 2.249715 1.711495 -2.19393 -16.55779

[[2]]
[1] 7.899942


NOTE: Log Print Time:  2022-02-26 14:59:53 
NOTE: Elapsed Time in seconds: 21.2102420330048 

[[1]]
         [,1]     [,2]      [,3]      [,4]
[1,] 2.235058 1.848817 -2.187073 -16.55096

[[2]]
[1] 7.90077


NOTE: Log Print Time:  2022-02-26 15:00:18 
NOTE: Elapsed Time in seconds: 25.684538602829 

[[1]]
         [,1]     [,2]      [,3]      [,4]
[1,] 2.256934 1.810453 -2.192772 -16.55809

[[2]]
[1] 7.901702


NOTE: Log Print Time:  2022-02-26 15:00:40 
NOTE: Elapsed Time in seconds: 21.4659593105316 

[[1]]
         [,1]     [,2]      [,3]      [,4]
[1,] 2.322583 1.483179 -2.192446 -16.55676

[[2]]
[1] 7.904585


NOTE: Log Print Time:  2022-02-26 15:01:00 
NOTE: Elapsed Time in seconds: 20.6711759567261 

[[1]]
         [,1]     [,2]      [,3]      [,4]
[1,] 2.322583 1.483179 -2.192446 -16.55676

[[2]]
[1] 7.904585


NOTE: Log Print Time:  2022-02-26 15:01:21 
NOTE: Elapsed Time in seconds: 20.2625463008881 

[[1]]
         [,1]     [,2]      [,3]      [,4]
[1,] 2.322583 1.483179 -2.192446 -16.55676

[[2]]
[1] 7.904585


NOTE: Log Print Time:  2022-02-26 15:01:46 
NOTE: Elapsed Time in seconds: 25.7341480255127 

[[1]]
         [,1]     [,2]      [,3]      [,4]
[1,] 2.322583 1.483179 -2.192446 -16.55676

[[2]]
[1] 7.904585


NOTE: Log Print Time:  2022-02-26 15:02:08 
NOTE: Elapsed Time in seconds: 21.9000017642975 

[[1]]
         [,1]     [,2]      [,3]      [,4]
[1,] 2.322583 1.483179 -2.192446 -16.55676

[[2]]
[1] 7.904585


NOTE: Log Print Time:  2022-02-26 15:02:34 
NOTE: Elapsed Time in seconds: 25.4383733272552 

[[1]]
         [,1]     [,2]      [,3]      [,4]
[1,] 2.322583 1.483179 -2.192446 -16.55676

[[2]]
[1] 7.904585


NOTE: Log Print Time:  2022-02-26 15:02:55 
NOTE: Elapsed Time in seconds: 20.868381023407 

[[1]]
         [,1]     [,2]      [,3]      [,4]
[1,] 2.336882 1.491818 -2.191762 -16.55676

[[2]]
[1] 7.906839


NOTE: Log Print Time:  2022-02-26 15:03:20 
NOTE: Elapsed Time in seconds: 24.9790344238281 

[[1]]
         [,1]     [,2]      [,3]      [,4]
[1,] 2.336882 1.491818 -2.191762 -16.55676

[[2]]
[1] 7.906839


NOTE: Log Print Time:  2022-02-26 15:03:40 
NOTE: Elapsed Time in seconds: 20.525454044342 

[[1]]
         [,1]     [,2]      [,3]      [,4]
[1,] 2.336882 1.491818 -2.191762 -16.55676

[[2]]
[1] 7.906839


NOTE: Log Print Time:  2022-02-26 15:04:11 
NOTE: Elapsed Time in seconds: 30.5714704990387 

[[1]]
         [,1]     [,2]      [,3]      [,4]
[1,] 2.336882 1.491818 -2.191762 -16.55676

[[2]]
[1] 7.906839


NOTE: Log Print Time:  2022-02-26 15:04:43 
NOTE: Elapsed Time in seconds: 32.1418242454529 

[[1]]
         [,1]     [,2]      [,3]      [,4]
[1,] 2.336882 1.491818 -2.191762 -16.55676

[[2]]
[1] 7.906839


NOTE: Log Print Time:  2022-02-26 15:05:04 
NOTE: Elapsed Time in seconds: 21.4816854000092 

[[1]]
         [,1]     [,2]      [,3]      [,4]
[1,] 2.336882 1.491818 -2.191762 -16.55676

[[2]]
[1] 7.906839


NOTE: Log Print Time:  2022-02-26 15:05:25 
NOTE: Elapsed Time in seconds: 20.9896280765533 

[[1]]
         [,1]     [,2]      [,3]      [,4]
[1,] 2.336882 1.491818 -2.191762 -16.55676

[[2]]
[1] 7.906839


NOTE: Log Print Time:  2022-02-26 15:05:46 
NOTE: Elapsed Time in seconds: 20.5207381248474 

[[1]]
         [,1]     [,2]      [,3]      [,4]
[1,] 2.336882 1.491818 -2.191762 -16.55676

[[2]]
[1] 7.906839


NOTE: Log Print Time:  2022-02-26 15:06:06 
NOTE: Elapsed Time in seconds: 20.4103813171387 

[[1]]
         [,1]     [,2]      [,3]      [,4]
[1,] 2.387092 1.581204 -2.192133 -16.55774

[[2]]
[1] 7.907229


NOTE: Log Print Time:  2022-02-26 15:06:27 
NOTE: Elapsed Time in seconds: 21.136344909668 

[[1]]
        [,1]     [,2]      [,3]      [,4]
[1,] 2.35009 1.593426 -2.146062 -16.55708

[[2]]
[1] 7.908569


NOTE: Log Print Time:  2022-02-26 15:06:48 
NOTE: Elapsed Time in seconds: 20.9860768318176 

[[1]]
         [,1]     [,2]      [,3]      [,4]
[1,] 2.358226 1.523577 -2.135161 -16.55697

[[2]]
[1] 7.910639


NOTE: Log Print Time:  2022-02-26 15:07:14 
NOTE: Elapsed Time in seconds: 26.1375050544739 

[[1]]
         [,1]     [,2]      [,3]      [,4]
[1,] 2.358226 1.523577 -2.135161 -16.55697

[[2]]
[1] 7.910639


NOTE: Log Print Time:  2022-02-26 15:07:38 
NOTE: Elapsed Time in seconds: 23.6743755340576 

[[1]]
         [,1]     [,2]      [,3]      [,4]
[1,] 2.358226 1.523577 -2.135161 -16.55697

[[2]]
[1] 7.910639


NOTE: Log Print Time:  2022-02-26 15:07:59 
NOTE: Elapsed Time in seconds: 21.2091534137726 

[[1]]
         [,1]     [,2]      [,3]      [,4]
[1,] 2.358226 1.523577 -2.135161 -16.55697

[[2]]
[1] 7.910639


NOTE: Log Print Time:  2022-02-26 15:08:20 
NOTE: Elapsed Time in seconds: 21.1594552993774 

[[1]]
         [,1]     [,2]      [,3]      [,4]
[1,] 2.358226 1.523577 -2.135161 -16.55697

[[2]]
[1] 7.910639


NOTE: Log Print Time:  2022-02-26 15:08:42 
NOTE: Elapsed Time in seconds: 21.132611989975 

[[1]]
         [,1]     [,2]      [,3]      [,4]
[1,] 2.358226 1.523577 -2.135161 -16.55697

[[2]]
[1] 7.910639


NOTE: Log Print Time:  2022-02-26 15:09:02 
NOTE: Elapsed Time in seconds: 20.0086925029755 

[[1]]
         [,1]     [,2]      [,3]      [,4]
[1,] 2.358226 1.523577 -2.135161 -16.55697

[[2]]
[1] 7.910639


NOTE: Log Print Time:  2022-02-26 15:09:22 
NOTE: Elapsed Time in seconds: 20.8481779098511 

[[1]]
         [,1]     [,2]      [,3]     [,4]
[1,] 2.264949 1.749041 -2.175199 -15.8929

[[2]]
[1] 7.914545


NOTE: Log Print Time:  2022-02-26 15:09:43 
NOTE: Elapsed Time in seconds: 20.7636234760284 

[[1]]
         [,1]     [,2]      [,3]      [,4]
[1,] 2.288818 1.680235 -2.173218 -16.14981

[[2]]
[1] 7.914568


NOTE: Log Print Time:  2022-02-26 15:10:09 
NOTE: Elapsed Time in seconds: 26.2132134437561 

[[1]]
         [,1]     [,2]      [,3]      [,4]
[1,] 2.288818 1.680235 -2.173218 -16.14981

[[2]]
[1] 7.914568


NOTE: Log Print Time:  2022-02-26 15:10:30 
NOTE: Elapsed Time in seconds: 20.2426986694336 

[[1]]
         [,1]     [,2]      [,3]      [,4]
[1,] 2.288818 1.680235 -2.173218 -16.14981

[[2]]
[1] 7.914568


NOTE: Log Print Time:  2022-02-26 15:10:51 
NOTE: Elapsed Time in seconds: 21.3015310764313 

[[1]]
         [,1]     [,2]      [,3]      [,4]
[1,] 2.312062 1.562301 -2.141153 -16.26708

[[2]]
[1] 7.916362


NOTE: Log Print Time:  2022-02-26 15:11:12 
NOTE: Elapsed Time in seconds: 20.9299125671387 

[[1]]
         [,1]     [,2]      [,3]      [,4]
[1,] 2.312062 1.562301 -2.141153 -16.26708

[[2]]
[1] 7.916362


NOTE: Log Print Time:  2022-02-26 15:12:05 
NOTE: Elapsed Time in seconds: 53.2529866695404 

[[1]]
         [,1]     [,2]      [,3]      [,4]
[1,] 2.312062 1.562301 -2.141153 -16.26708

[[2]]
[1] 7.916362


NOTE: Log Print Time:  2022-02-26 15:12:26 
NOTE: Elapsed Time in seconds: 20.7701599597931 

[[1]]
         [,1]    [,2]      [,3]      [,4]
[1,] 2.298779 1.59759 -2.161824 -16.17552

[[2]]
[1] 7.917089


NOTE: Log Print Time:  2022-02-26 15:12:47 
NOTE: Elapsed Time in seconds: 20.8213028907776 

[[1]]
         [,1]    [,2]      [,3]      [,4]
[1,] 2.298779 1.59759 -2.161824 -16.17552

[[2]]
[1] 7.917089


NOTE: Log Print Time:  2022-02-26 15:13:09 
NOTE: Elapsed Time in seconds: 21.9374194145203 

[[1]]
         [,1]     [,2]      [,3]      [,4]
[1,] 2.298575 1.591982 -2.161469 -16.17921

[[2]]
[1] 7.917216


NOTE: Log Print Time:  2022-02-26 15:13:30 
NOTE: Elapsed Time in seconds: 21.1701724529266 

[[1]]
         [,1]     [,2]      [,3]      [,4]
[1,] 2.298575 1.591982 -2.161469 -16.17921

[[2]]
[1] 7.917216


NOTE: Log Print Time:  2022-02-26 15:13:51 
NOTE: Elapsed Time in seconds: 21.6271603107452 

[[1]]
         [,1]     [,2]      [,3]      [,4]
[1,] 2.256375 1.467448 -2.157548 -15.46776

[[2]]
[1] 7.935138


NOTE: Log Print Time:  2022-02-26 15:14:16 
NOTE: Elapsed Time in seconds: 24.1599216461182 

[[1]]
         [,1]     [,2]      [,3]      [,4]
[1,] 2.256375 1.467448 -2.157548 -15.46776

[[2]]
[1] 7.935138


NOTE: Log Print Time:  2022-02-26 15:14:36 
NOTE: Elapsed Time in seconds: 20.611307144165 

[[1]]
         [,1]     [,2]      [,3]      [,4]
[1,] 2.256375 1.467448 -2.157548 -15.46776

[[2]]
[1] 7.935138


NOTE: Log Print Time:  2022-02-26 15:14:57 
NOTE: Elapsed Time in seconds: 20.4878168106079 

[[1]]
         [,1]     [,2]      [,3]      [,4]
[1,] 2.256375 1.467448 -2.157548 -15.46776

[[2]]
[1] 7.935138


NOTE: Log Print Time:  2022-02-26 15:15:18 
NOTE: Elapsed Time in seconds: 20.9326293468475 

[[1]]
         [,1]     [,2]      [,3]      [,4]
[1,] 2.256375 1.467448 -2.157548 -15.46776

[[2]]
[1] 7.935138


NOTE: Log Print Time:  2022-02-26 15:15:43 
NOTE: Elapsed Time in seconds: 25.3166422843933 

[[1]]
         [,1]     [,2]      [,3]      [,4]
[1,] 2.256375 1.467448 -2.157548 -15.46776

[[2]]
[1] 7.935138


NOTE: Log Print Time:  2022-02-26 15:16:04 
NOTE: Elapsed Time in seconds: 20.5324201583862 

[[1]]
         [,1]     [,2]      [,3]      [,4]
[1,] 2.256375 1.467448 -2.157548 -15.46776

[[2]]
[1] 7.935138


NOTE: Log Print Time:  2022-02-26 15:16:33 
NOTE: Elapsed Time in seconds: 29.4294419288635 

[[1]]
         [,1]     [,2]      [,3]      [,4]
[1,] 2.256375 1.467448 -2.157548 -15.46776

[[2]]
[1] 7.935138


NOTE: Log Print Time:  2022-02-26 15:16:56 
NOTE: Elapsed Time in seconds: 23.4687294960022 

[[1]]
         [,1]     [,2]      [,3]      [,4]
[1,] 2.256375 1.467448 -2.157548 -15.46776

[[2]]
[1] 7.935138


NOTE: Log Print Time:  2022-02-26 15:17:18 
NOTE: Elapsed Time in seconds: 21.7289838790894 

[[1]]
         [,1]     [,2]      [,3]      [,4]
[1,] 2.256375 1.467448 -2.157548 -15.46776

[[2]]
[1] 7.935138


NOTE: Log Print Time:  2022-02-26 15:17:39 
NOTE: Elapsed Time in seconds: 21.0797419548035 

[[1]]
         [,1]     [,2]      [,3]      [,4]
[1,] 2.256375 1.467448 -2.157548 -15.46776

[[2]]
[1] 7.935138


NOTE: Log Print Time:  2022-02-26 15:18:00 
NOTE: Elapsed Time in seconds: 21.181468963623 

[[1]]
         [,1]     [,2]      [,3]      [,4]
[1,] 2.256375 1.467448 -2.157548 -15.46776

[[2]]
[1] 7.935138


NOTE: Log Print Time:  2022-02-26 15:18:21 
NOTE: Elapsed Time in seconds: 20.5888693332672 

[[1]]
         [,1]     [,2]      [,3]      [,4]
[1,] 2.256375 1.467448 -2.157548 -15.46776

[[2]]
[1] 7.935138


NOTE: Log Print Time:  2022-02-26 15:18:42 
NOTE: Elapsed Time in seconds: 20.909031867981 

[[1]]
         [,1]     [,2]      [,3]      [,4]
[1,] 2.256375 1.467448 -2.157548 -15.46776

[[2]]
[1] 7.935138


NOTE: Log Print Time:  2022-02-26 15:19:03 
NOTE: Elapsed Time in seconds: 21.5554580688477 

[[1]]
         [,1]     [,2]      [,3]      [,4]
[1,] 2.256375 1.467448 -2.157548 -15.46776

[[2]]
[1] 7.935138


NOTE: Log Print Time:  2022-02-26 15:19:24 
NOTE: Elapsed Time in seconds: 20.4358422756195 

[[1]]
         [,1]     [,2]      [,3]      [,4]
[1,] 2.256375 1.467448 -2.157548 -15.46776

[[2]]
[1] 7.935138


NOTE: Log Print Time:  2022-02-26 15:19:45 
NOTE: Elapsed Time in seconds: 20.9044923782349 

[[1]]
         [,1]     [,2]      [,3]      [,4]
[1,] 2.256375 1.467448 -2.157548 -15.46776

[[2]]
[1] 7.935138


NOTE: Log Print Time:  2022-02-26 15:20:07 
NOTE: Elapsed Time in seconds: 21.8875913619995 

[[1]]
         [,1]     [,2]      [,3]      [,4]
[1,] 2.256375 1.467448 -2.157548 -15.46776

[[2]]
[1] 7.935138


NOTE: Log Print Time:  2022-02-26 15:20:28 
NOTE: Elapsed Time in seconds: 20.8631343841553 

[[1]]
         [,1]     [,2]      [,3]      [,4]
[1,] 2.256375 1.467448 -2.157548 -15.46776

[[2]]
[1] 7.935138


NOTE: Log Print Time:  2022-02-26 15:20:49 
NOTE: Elapsed Time in seconds: 21.2763333320618 

[[1]]
         [,1]     [,2]      [,3]      [,4]
[1,] 2.256375 1.467448 -2.157548 -15.46776

[[2]]
[1] 7.935138


NOTE: Log Print Time:  2022-02-26 15:21:09 
NOTE: Elapsed Time in seconds: 20.486656665802 

[[1]]
         [,1]     [,2]      [,3]      [,4]
[1,] 2.256375 1.467448 -2.157548 -15.46776

[[2]]
[1] 7.935138


NOTE: Log Print Time:  2022-02-26 15:21:34 
NOTE: Elapsed Time in seconds: 24.8724093437195 

[[1]]
         [,1]     [,2]      [,3]      [,4]
[1,] 2.256375 1.467448 -2.157548 -15.46776

[[2]]
[1] 7.935138


NOTE: Log Print Time:  2022-02-26 15:21:55 
NOTE: Elapsed Time in seconds: 21.0137951374054 

[[1]]
         [,1]     [,2]      [,3]      [,4]
[1,] 2.256375 1.467448 -2.157548 -15.46776

[[2]]
[1] 7.935138


NOTE: Log Print Time:  2022-02-26 15:22:20 
NOTE: Elapsed Time in seconds: 24.9583673477173 

[[1]]
         [,1]     [,2]      [,3]      [,4]
[1,] 2.256375 1.467448 -2.157548 -15.46776

[[2]]
[1] 7.935138


NOTE: Log Print Time:  2022-02-26 15:22:56 
NOTE: Elapsed Time in seconds: 35.858579158783 

[[1]]
         [,1]     [,2]      [,3]      [,4]
[1,] 2.256375 1.467448 -2.157548 -15.46776

[[2]]
[1] 7.935138


NOTE: Log Print Time:  2022-02-26 15:23:20 
NOTE: Elapsed Time in seconds: 24.0014946460724 

[[1]]
         [,1]     [,2]      [,3]      [,4]
[1,] 2.256375 1.467448 -2.157548 -15.46776

[[2]]
[1] 7.935138


NOTE: Log Print Time:  2022-02-26 15:23:42 
NOTE: Elapsed Time in seconds: 21.5592889785767 

[[1]]
         [,1]     [,2]      [,3]      [,4]
[1,] 2.256375 1.467448 -2.157548 -15.46776

[[2]]
[1] 7.935138


NOTE: Log Print Time:  2022-02-26 15:24:03 
NOTE: Elapsed Time in seconds: 21.7166600227356 

[[1]]
         [,1]     [,2]      [,3]     [,4]
[1,] 2.557619 0.635894 -2.159549 -15.6343

[[2]]
[1] 7.951198


NOTE: Log Print Time:  2022-02-26 15:24:24 
NOTE: Elapsed Time in seconds: 20.8457269668579 

[[1]]
         [,1]     [,2]      [,3]     [,4]
[1,] 2.557619 0.635894 -2.159549 -15.6343

[[2]]
[1] 7.951198


NOTE: Log Print Time:  2022-02-26 15:24:45 
NOTE: Elapsed Time in seconds: 21.1254236698151 

[[1]]
         [,1]     [,2]      [,3]     [,4]
[1,] 2.557619 0.635894 -2.159549 -15.6343

[[2]]
[1] 7.951198


NOTE: Log Print Time:  2022-02-26 15:25:06 
NOTE: Elapsed Time in seconds: 20.6429529190063 

[[1]]
         [,1]     [,2]      [,3]     [,4]
[1,] 2.557619 0.635894 -2.159549 -15.6343

[[2]]
[1] 7.951198


NOTE: Log Print Time:  2022-02-26 15:25:27 
NOTE: Elapsed Time in seconds: 21.0378000736237 

[[1]]
         [,1]     [,2]      [,3]     [,4]
[1,] 2.557619 0.635894 -2.159549 -15.6343

[[2]]
[1] 7.951198


NOTE: Log Print Time:  2022-02-26 15:25:48 
NOTE: Elapsed Time in seconds: 21.1463162899017 

[[1]]
         [,1]     [,2]      [,3]     [,4]
[1,] 2.557619 0.635894 -2.159549 -15.6343

[[2]]
[1] 7.951198


NOTE: Log Print Time:  2022-02-26 15:26:37 
NOTE: Elapsed Time in seconds: 49.1015861034393 

[[1]]
         [,1]     [,2]      [,3]     [,4]
[1,] 2.557619 0.635894 -2.159549 -15.6343

[[2]]
[1] 7.951198


NOTE: Log Print Time:  2022-02-26 15:26:59 
NOTE: Elapsed Time in seconds: 21.4360628128052 

[[1]]
         [,1]     [,2]      [,3]     [,4]
[1,] 2.557619 0.635894 -2.159549 -15.6343

[[2]]
[1] 7.951198


NOTE: Log Print Time:  2022-02-26 15:27:20 
NOTE: Elapsed Time in seconds: 21.3101630210876 

[[1]]
         [,1]     [,2]      [,3]     [,4]
[1,] 2.557619 0.635894 -2.159549 -15.6343

[[2]]
[1] 7.951198


NOTE: Log Print Time:  2022-02-26 15:27:40 
NOTE: Elapsed Time in seconds: 20.404125213623 

[[1]]
         [,1]     [,2]      [,3]     [,4]
[1,] 2.557619 0.635894 -2.159549 -15.6343

[[2]]
[1] 7.951198


NOTE: Log Print Time:  2022-02-26 15:28:06 
NOTE: Elapsed Time in seconds: 25.9926555156708 

[[1]]
         [,1]     [,2]      [,3]     [,4]
[1,] 2.557619 0.635894 -2.159549 -15.6343

[[2]]
[1] 7.951198


NOTE: Log Print Time:  2022-02-26 15:28:28 
NOTE: Elapsed Time in seconds: 21.1619942188263 

[[1]]
         [,1]     [,2]      [,3]     [,4]
[1,] 2.557619 0.635894 -2.159549 -15.6343

[[2]]
[1] 7.951198


NOTE: Log Print Time:  2022-02-26 15:28:49 
NOTE: Elapsed Time in seconds: 21.0810656547546 

[[1]]
         [,1]     [,2]      [,3]     [,4]
[1,] 2.557619 0.635894 -2.159549 -15.6343

[[2]]
[1] 7.951198


NOTE: Log Print Time:  2022-02-26 15:29:15 
NOTE: Elapsed Time in seconds: 25.9182960987091 

[[1]]
         [,1]     [,2]      [,3]     [,4]
[1,] 2.557619 0.635894 -2.159549 -15.6343

[[2]]
[1] 7.951198


NOTE: Log Print Time:  2022-02-26 15:29:36 
NOTE: Elapsed Time in seconds: 21.4307236671448 

[[1]]
         [,1]     [,2]      [,3]     [,4]
[1,] 2.557619 0.635894 -2.159549 -15.6343

[[2]]
[1] 7.951198


NOTE: Log Print Time:  2022-02-26 15:29:56 
NOTE: Elapsed Time in seconds: 19.7002670764923 

[[1]]
         [,1]     [,2]      [,3]     [,4]
[1,] 2.557619 0.635894 -2.159549 -15.6343

[[2]]
[1] 7.951198


NOTE: Log Print Time:  2022-02-26 15:30:17 
NOTE: Elapsed Time in seconds: 20.9403629302979 

[[1]]
         [,1]     [,2]      [,3]     [,4]
[1,] 2.557619 0.635894 -2.159549 -15.6343

[[2]]
[1] 7.951198


NOTE: Log Print Time:  2022-02-26 15:30:38 
NOTE: Elapsed Time in seconds: 21.1311318874359 

[[1]]
         [,1]     [,2]      [,3]     [,4]
[1,] 2.557619 0.635894 -2.159549 -15.6343

[[2]]
[1] 7.951198


NOTE: Log Print Time:  2022-02-26 15:30:58 
NOTE: Elapsed Time in seconds: 20.3355734348297 

[[1]]
         [,1]     [,2]      [,3]     [,4]
[1,] 2.557619 0.635894 -2.159549 -15.6343

[[2]]
[1] 7.951198


NOTE: Log Print Time:  2022-02-26 15:31:19 
NOTE: Elapsed Time in seconds: 20.6925437450409 

[[1]]
         [,1]     [,2]      [,3]     [,4]
[1,] 2.557619 0.635894 -2.159549 -15.6343

[[2]]
[1] 7.951198


NOTE: Log Print Time:  2022-02-26 15:31:39 
NOTE: Elapsed Time in seconds: 20.7468547821045 

[[1]]
         [,1]     [,2]      [,3]     [,4]
[1,] 2.557619 0.635894 -2.159549 -15.6343

[[2]]
[1] 7.951198


NOTE: Log Print Time:  2022-02-26 15:32:00 
NOTE: Elapsed Time in seconds: 20.9361023902893 

[[1]]
         [,1]     [,2]      [,3]     [,4]
[1,] 2.557619 0.635894 -2.159549 -15.6343

[[2]]
[1] 7.951198


NOTE: Log Print Time:  2022-02-26 15:32:31 
NOTE: Elapsed Time in seconds: 31.0337834358215 

[[1]]
         [,1]     [,2]      [,3]     [,4]
[1,] 2.557619 0.635894 -2.159549 -15.6343

[[2]]
[1] 7.951198


NOTE: Log Print Time:  2022-02-26 15:32:53 
NOTE: Elapsed Time in seconds: 21.576358795166 

[[1]]
         [,1]     [,2]      [,3]     [,4]
[1,] 2.557619 0.635894 -2.159549 -15.6343

[[2]]
[1] 7.951198


NOTE: Log Print Time:  2022-02-26 15:33:19 
NOTE: Elapsed Time in seconds: 25.8285782337189 

[[1]]
         [,1]     [,2]      [,3]     [,4]
[1,] 2.557619 0.635894 -2.159549 -15.6343

[[2]]
[1] 7.951198


NOTE: Log Print Time:  2022-02-26 15:33:44 
NOTE: Elapsed Time in seconds: 24.8937108516693 

[[1]]
         [,1]     [,2]      [,3]     [,4]
[1,] 2.557619 0.635894 -2.159549 -15.6343

[[2]]
[1] 7.951198


NOTE: Log Print Time:  2022-02-26 15:34:05 
NOTE: Elapsed Time in seconds: 20.9491634368896 

[[1]]
         [,1]      [,2]      [,3]      [,4]
[1,] 2.532418 0.6415299 -2.159472 -15.63302

[[2]]
[1] 7.951912


NOTE: Log Print Time:  2022-02-26 15:34:26 
NOTE: Elapsed Time in seconds: 20.8056817054749 

[[1]]
         [,1]      [,2]      [,3]      [,4]
[1,] 2.532418 0.6415299 -2.159472 -15.63302

[[2]]
[1] 7.951912


NOTE: Log Print Time:  2022-02-26 15:34:52 
NOTE: Elapsed Time in seconds: 26.4556889533997 

[[1]]
         [,1]      [,2]      [,3]      [,4]
[1,] 2.532418 0.6415299 -2.159472 -15.63302

[[2]]
[1] 7.951912


NOTE: Log Print Time:  2022-02-26 15:35:24 
NOTE: Elapsed Time in seconds: 32.2775802612305 

[[1]]
         [,1]      [,2]      [,3]      [,4]
[1,] 2.532418 0.6415299 -2.159472 -15.63302

[[2]]
[1] 7.951912


NOTE: Log Print Time:  2022-02-26 15:35:46 
NOTE: Elapsed Time in seconds: 21.4561975002289 

[[1]]
         [,1]      [,2]      [,3]      [,4]
[1,] 2.532418 0.6415299 -2.159472 -15.63302

[[2]]
[1] 7.951912


NOTE: Log Print Time:  2022-02-26 15:36:06 
NOTE: Elapsed Time in seconds: 20.4961142539978 

[[1]]
         [,1]      [,2]      [,3]      [,4]
[1,] 2.532418 0.6415299 -2.159472 -15.63302

[[2]]
[1] 7.951912


NOTE: Log Print Time:  2022-02-26 15:36:27 
NOTE: Elapsed Time in seconds: 21.0551290512085 

[[1]]
         [,1]      [,2]      [,3]      [,4]
[1,] 2.532418 0.6415299 -2.159472 -15.63302

[[2]]
[1] 7.951912


NOTE: Log Print Time:  2022-02-26 15:36:48 
NOTE: Elapsed Time in seconds: 21.2057416439056 

[[1]]
         [,1]      [,2]      [,3]      [,4]
[1,] 2.532418 0.6415299 -2.159472 -15.63302

[[2]]
[1] 7.951912


NOTE: Log Print Time:  2022-02-26 15:37:09 
NOTE: Elapsed Time in seconds: 20.6587224006653 

[[1]]
         [,1]      [,2]      [,3]      [,4]
[1,] 2.532418 0.6415299 -2.159472 -15.63302

[[2]]
[1] 7.951912


NOTE: Log Print Time:  2022-02-26 15:37:30 
NOTE: Elapsed Time in seconds: 21.3571028709412 

[[1]]
         [,1]      [,2]      [,3]      [,4]
[1,] 2.532418 0.6415299 -2.159472 -15.63302

[[2]]
[1] 7.951912


NOTE: Log Print Time:  2022-02-26 15:37:52 
NOTE: Elapsed Time in seconds: 21.1504781246185 

[[1]]
         [,1]      [,2]      [,3]     [,4]
[1,] 2.552241 0.4651932 -2.158242 -15.6288

[[2]]
[1] 7.954291


NOTE: Log Print Time:  2022-02-26 15:38:25 
NOTE: Elapsed Time in seconds: 32.8860192298889 

[[1]]
         [,1]      [,2]      [,3]     [,4]
[1,] 2.552241 0.4651932 -2.158242 -15.6288

[[2]]
[1] 7.954291


NOTE: Log Print Time:  2022-02-26 15:38:45 
NOTE: Elapsed Time in seconds: 20.6371097564697 

[[1]]
         [,1]      [,2]      [,3]     [,4]
[1,] 2.552241 0.4651932 -2.158242 -15.6288

[[2]]
[1] 7.954291


NOTE: Log Print Time:  2022-02-26 15:39:07 
NOTE: Elapsed Time in seconds: 21.3572673797607 

[[1]]
         [,1]      [,2]      [,3]     [,4]
[1,] 2.552241 0.4651932 -2.158242 -15.6288

[[2]]
[1] 7.954291


NOTE: Log Print Time:  2022-02-26 15:39:27 
NOTE: Elapsed Time in seconds: 20.9725511074066 

[[1]]
         [,1]      [,2]      [,3]     [,4]
[1,] 2.552241 0.4651932 -2.158242 -15.6288

[[2]]
[1] 7.954291


NOTE: Log Print Time:  2022-02-26 15:39:48 
NOTE: Elapsed Time in seconds: 20.4266541004181 

[[1]]
         [,1]      [,2]      [,3]     [,4]
[1,] 2.342761 0.7771301 -2.156327 -14.1027

[[2]]
[1] 7.969155


NOTE: Log Print Time:  2022-02-26 15:40:09 
NOTE: Elapsed Time in seconds: 20.8508696556091 

[[1]]
         [,1]      [,2]      [,3]     [,4]
[1,] 2.342761 0.7771301 -2.156327 -14.1027

[[2]]
[1] 7.969155


NOTE: Log Print Time:  2022-02-26 15:40:30 
NOTE: Elapsed Time in seconds: 20.9305205345154 

[[1]]
         [,1]      [,2]      [,3]     [,4]
[1,] 2.342761 0.7771301 -2.156327 -14.1027

[[2]]
[1] 7.969155


NOTE: Log Print Time:  2022-02-26 15:40:50 
NOTE: Elapsed Time in seconds: 20.0969121456146 

[[1]]
         [,1]     [,2]      [,3]      [,4]
[1,] 2.346255 0.776224 -2.152084 -14.22735

[[2]]
[1] 7.970292


NOTE: Log Print Time:  2022-02-26 15:41:16 
NOTE: Elapsed Time in seconds: 25.9031057357788 

[[1]]
         [,1]      [,2]      [,3]      [,4]
[1,] 2.350623 0.7470006 -2.149991 -14.61317

[[2]]
[1] 7.971797


NOTE: Log Print Time:  2022-02-26 15:41:42 
NOTE: Elapsed Time in seconds: 26.1233108043671 

[[1]]
         [,1]      [,2]      [,3]      [,4]
[1,] 2.338941 0.7444961 -2.145533 -14.62591

[[2]]
[1] 7.972124


NOTE: Log Print Time:  2022-02-26 15:42:03 
NOTE: Elapsed Time in seconds: 21.3543746471405 

[[1]]
         [,1]      [,2]      [,3]    [,4]
[1,] 2.301391 0.7279236 -2.146509 -14.534

[[2]]
[1] 7.973853


NOTE: Log Print Time:  2022-02-26 15:42:24 
NOTE: Elapsed Time in seconds: 20.9618520736694 

[[1]]
        [,1]      [,2]      [,3]      [,4]
[1,] 2.34126 0.7114028 -2.153724 -14.34493

[[2]]
[1] 7.976891


NOTE: Log Print Time:  2022-02-26 15:42:50 
NOTE: Elapsed Time in seconds: 25.8067064285278 

[[1]]
        [,1]      [,2]      [,3]      [,4]
[1,] 2.34126 0.7114028 -2.153724 -14.34493

[[2]]
[1] 7.976891


NOTE: Log Print Time:  2022-02-26 15:43:10 
NOTE: Elapsed Time in seconds: 19.686393737793 

[[1]]
        [,1]      [,2]      [,3]      [,4]
[1,] 2.34126 0.7114028 -2.153724 -14.34493

[[2]]
[1] 7.976891


NOTE: Log Print Time:  2022-02-26 15:43:30 
NOTE: Elapsed Time in seconds: 20.3695876598358 

[[1]]
         [,1]      [,2]      [,3]      [,4]
[1,] 2.366517 0.5882083 -2.150643 -14.36683

[[2]]
[1] 7.980746


NOTE: Log Print Time:  2022-02-26 15:43:51 
NOTE: Elapsed Time in seconds: 20.8120241165161 

[[1]]
         [,1]      [,2]      [,3]      [,4]
[1,] 2.366517 0.5882083 -2.150643 -14.36683

[[2]]
[1] 7.980746


NOTE: Log Print Time:  2022-02-26 15:44:14 
NOTE: Elapsed Time in seconds: 22.9905016422272 

[[1]]
         [,1]      [,2]      [,3]      [,4]
[1,] 2.366517 0.5882083 -2.150643 -14.36683

[[2]]
[1] 7.980746


NOTE: Log Print Time:  2022-02-26 15:44:43 
NOTE: Elapsed Time in seconds: 29.2463076114655 

[[1]]
         [,1]      [,2]      [,3]      [,4]
[1,] 2.366517 0.5882083 -2.150643 -14.36683

[[2]]
[1] 7.980746


NOTE: Log Print Time:  2022-02-26 15:45:03 
NOTE: Elapsed Time in seconds: 20.3154556751251 

[[1]]
         [,1]      [,2]      [,3]      [,4]
[1,] 2.366517 0.5882083 -2.150643 -14.36683

[[2]]
[1] 7.980746


NOTE: Log Print Time:  2022-02-26 15:45:24 
NOTE: Elapsed Time in seconds: 20.3988463878632 

[[1]]
         [,1]      [,2]      [,3]      [,4]
[1,] 2.366517 0.5882083 -2.150643 -14.36683

[[2]]
[1] 7.980746


NOTE: Log Print Time:  2022-02-26 15:45:46 
NOTE: Elapsed Time in seconds: 22.4536373615265 

[[1]]
         [,1]      [,2]      [,3]      [,4]
[1,] 2.366517 0.5882083 -2.150643 -14.36683

[[2]]
[1] 7.980746


NOTE: Log Print Time:  2022-02-26 15:46:08 
NOTE: Elapsed Time in seconds: 21.598334312439 

[[1]]
         [,1]      [,2]      [,3]      [,4]
[1,] 2.366517 0.5882083 -2.150643 -14.36683

[[2]]
[1] 7.980746


NOTE: Log Print Time:  2022-02-26 15:46:28 
NOTE: Elapsed Time in seconds: 20.1482961177826 

[[1]]
         [,1]      [,2]      [,3]      [,4]
[1,] 2.366517 0.5882083 -2.150643 -14.36683

[[2]]
[1] 7.980746


NOTE: Log Print Time:  2022-02-26 15:46:49 
NOTE: Elapsed Time in seconds: 20.759215593338 

[[1]]
         [,1]      [,2]      [,3]      [,4]
[1,] 2.366517 0.5882083 -2.150643 -14.36683

[[2]]
[1] 7.980746


NOTE: Log Print Time:  2022-02-26 15:47:09 
NOTE: Elapsed Time in seconds: 20.1684257984161 

[[1]]
         [,1]      [,2]      [,3]      [,4]
[1,] 2.366517 0.5882083 -2.150643 -14.36683

[[2]]
[1] 7.980746


NOTE: Log Print Time:  2022-02-26 15:47:30 
NOTE: Elapsed Time in seconds: 20.7421236038208 

[[1]]
         [,1]      [,2]      [,3]      [,4]
[1,] 2.366517 0.5882083 -2.150643 -14.36683

[[2]]
[1] 7.980746


NOTE: Log Print Time:  2022-02-26 15:47:50 
NOTE: Elapsed Time in seconds: 20.4927840232849 

[[1]]
         [,1]      [,2]      [,3]      [,4]
[1,] 2.366517 0.5882083 -2.150643 -14.36683

[[2]]
[1] 7.980746


NOTE: Log Print Time:  2022-02-26 15:48:20 
NOTE: Elapsed Time in seconds: 30.0754191875458 

[[1]]
         [,1]      [,2]      [,3]      [,4]
[1,] 2.366517 0.5882083 -2.150643 -14.36683

[[2]]
[1] 7.980746


NOTE: Log Print Time:  2022-02-26 15:48:41 
NOTE: Elapsed Time in seconds: 20.8132793903351 

[[1]]
         [,1]      [,2]      [,3]      [,4]
[1,] 2.366517 0.5882083 -2.150643 -14.36683

[[2]]
[1] 7.980746


NOTE: Log Print Time:  2022-02-26 15:49:06 
NOTE: Elapsed Time in seconds: 24.7966136932373 

[[1]]
         [,1]      [,2]      [,3]      [,4]
[1,] 2.366517 0.5882083 -2.150643 -14.36683

[[2]]
[1] 7.980746


NOTE: Log Print Time:  2022-02-26 15:49:35 
NOTE: Elapsed Time in seconds: 29.0435676574707 

[[1]]
         [,1]      [,2]      [,3]      [,4]
[1,] 2.366517 0.5882083 -2.150643 -14.36683

[[2]]
[1] 7.980746


NOTE: Log Print Time:  2022-02-26 15:50:00 
NOTE: Elapsed Time in seconds: 25.1700160503387 

[[1]]
         [,1]      [,2]      [,3]      [,4]
[1,] 2.366517 0.5882083 -2.150643 -14.36683

[[2]]
[1] 7.980746


NOTE: Log Print Time:  2022-02-26 15:50:20 
NOTE: Elapsed Time in seconds: 20.2826979160309 

[[1]]
         [,1]      [,2]      [,3]      [,4]
[1,] 2.327094 0.6475694 -2.150788 -14.30186

[[2]]
[1] 7.981191


NOTE: Log Print Time:  2022-02-26 15:50:41 
NOTE: Elapsed Time in seconds: 20.7427394390106 

[[1]]
         [,1]      [,2]      [,3]      [,4]
[1,] 2.327094 0.6475694 -2.150788 -14.30186

[[2]]
[1] 7.981191


NOTE: Log Print Time:  2022-02-26 15:51:06 
NOTE: Elapsed Time in seconds: 24.5398094654083 

[[1]]
         [,1]      [,2]      [,3]      [,4]
[1,] 2.327094 0.6475694 -2.150788 -14.30186

[[2]]
[1] 7.981191


NOTE: Log Print Time:  2022-02-26 15:51:27 
NOTE: Elapsed Time in seconds: 21.1934700012207 

[[1]]
         [,1]      [,2]      [,3]      [,4]
[1,] 2.327094 0.6475694 -2.150788 -14.30186

[[2]]
[1] 7.981191


NOTE: Log Print Time:  2022-02-26 15:51:48 
NOTE: Elapsed Time in seconds: 21.2914862632751 

[[1]]
         [,1]      [,2]      [,3]      [,4]
[1,] 2.327094 0.6475694 -2.150788 -14.30186

[[2]]
[1] 7.981191


NOTE: Log Print Time:  2022-02-26 15:52:13 
NOTE: Elapsed Time in seconds: 25.0852432250977 

[[1]]
         [,1]      [,2]      [,3]      [,4]
[1,] 2.327094 0.6475694 -2.150788 -14.30186

[[2]]
[1] 7.981191


NOTE: Log Print Time:  2022-02-26 15:52:48 
NOTE: Elapsed Time in seconds: 34.6864452362061 

[[1]]
         [,1]      [,2]      [,3]      [,4]
[1,] 2.327094 0.6475694 -2.150788 -14.30186

[[2]]
[1] 7.981191


NOTE: Log Print Time:  2022-02-26 15:53:13 
NOTE: Elapsed Time in seconds: 25.6217091083527 

[[1]]
         [,1]      [,2]      [,3]      [,4]
[1,] 2.327094 0.6475694 -2.150788 -14.30186

[[2]]
[1] 7.981191


NOTE: Log Print Time:  2022-02-26 15:53:35 
NOTE: Elapsed Time in seconds: 21.0633428096771 

[[1]]
         [,1]      [,2]      [,3]      [,4]
[1,] 2.327094 0.6475694 -2.150788 -14.30186

[[2]]
[1] 7.981191


NOTE: Log Print Time:  2022-02-26 15:53:55 
NOTE: Elapsed Time in seconds: 20.8836069107056 

[[1]]
         [,1]      [,2]      [,3]      [,4]
[1,] 2.327094 0.6475694 -2.150788 -14.30186

[[2]]
[1] 7.981191


NOTE: Log Print Time:  2022-02-26 15:54:20 
NOTE: Elapsed Time in seconds: 24.4920852184296 

[[1]]
         [,1]       [,2]      [,3]      [,4]
[1,] 2.472326 0.04404785 -2.150813 -14.40228

[[2]]
[1] 7.985592


NOTE: Log Print Time:  2022-02-26 15:54:41 
NOTE: Elapsed Time in seconds: 21.3656423091888 

[[1]]
         [,1]      [,2]      [,3]      [,4]
[1,] 2.445645 0.2861359 -2.150667 -14.37129

[[2]]
[1] 7.987833


NOTE: Log Print Time:  2022-02-26 15:55:07 
NOTE: Elapsed Time in seconds: 25.4056160449982 

[[1]]
         [,1]      [,2]      [,3]      [,4]
[1,] 2.445645 0.2861359 -2.150667 -14.37129

[[2]]
[1] 7.987833


NOTE: Log Print Time:  2022-02-26 15:55:28 
NOTE: Elapsed Time in seconds: 21.0884828567505 

[[1]]
         [,1]      [,2]      [,3]      [,4]
[1,] 2.445645 0.2861359 -2.150667 -14.37129

[[2]]
[1] 7.987833


NOTE: Log Print Time:  2022-02-26 15:56:13 
NOTE: Elapsed Time in seconds: 45.3163275718689 

[[1]]
         [,1]      [,2]      [,3]      [,4]
[1,] 2.480864 0.2180557 -2.150763 -14.38248

[[2]]
[1] 7.989173


NOTE: Log Print Time:  2022-02-26 15:56:33 
NOTE: Elapsed Time in seconds: 19.7394623756409 

[[1]]
         [,1]      [,2]      [,3]      [,4]
[1,] 2.480864 0.2180557 -2.150763 -14.38248

[[2]]
[1] 7.989173


NOTE: Log Print Time:  2022-02-26 15:56:57 
NOTE: Elapsed Time in seconds: 24.2918922901154 

[[1]]
         [,1]      [,2]      [,3]      [,4]
[1,] 2.480864 0.2180557 -2.150763 -14.38248

[[2]]
[1] 7.989173


NOTE: Log Print Time:  2022-02-26 15:57:18 
NOTE: Elapsed Time in seconds: 20.5964148044586 

[[1]]
         [,1]      [,2]      [,3]      [,4]
[1,] 2.480864 0.2180557 -2.150763 -14.38248

[[2]]
[1] 7.989173


NOTE: Log Print Time:  2022-02-26 15:57:38 
NOTE: Elapsed Time in seconds: 20.3212268352509 

[[1]]
         [,1]      [,2]      [,3]      [,4]
[1,] 2.480864 0.2180557 -2.150763 -14.38248

[[2]]
[1] 7.989173


NOTE: Log Print Time:  2022-02-26 15:57:59 
NOTE: Elapsed Time in seconds: 20.9516575336456 

[[1]]
         [,1]      [,2]      [,3]      [,4]
[1,] 2.480864 0.2180557 -2.150763 -14.38248

[[2]]
[1] 7.989173


NOTE: Log Print Time:  2022-02-26 15:58:19 
NOTE: Elapsed Time in seconds: 20.3084268569946 

[[1]]
         [,1]      [,2]      [,3]      [,4]
[1,] 2.480864 0.2180557 -2.150763 -14.38248

[[2]]
[1] 7.989173


NOTE: Log Print Time:  2022-02-26 15:58:40 
NOTE: Elapsed Time in seconds: 20.3690831661224 

[[1]]
         [,1]      [,2]      [,3]      [,4]
[1,] 2.480864 0.2180557 -2.150763 -14.38248

[[2]]
[1] 7.989173


NOTE: Log Print Time:  2022-02-26 15:59:10 
NOTE: Elapsed Time in seconds: 30.4788067340851 

[[1]]
         [,1]      [,2]      [,3]      [,4]
[1,] 2.480864 0.2180557 -2.150763 -14.38248

[[2]]
[1] 7.989173


NOTE: Log Print Time:  2022-02-26 15:59:31 
NOTE: Elapsed Time in seconds: 21.1456282138824 

[[1]]
         [,1]      [,2]      [,3]      [,4]
[1,] 2.480864 0.2180557 -2.150763 -14.38248

[[2]]
[1] 7.989173


NOTE: Log Print Time:  2022-02-26 15:59:52 
NOTE: Elapsed Time in seconds: 21.1755027770996 

[[1]]
         [,1]      [,2]      [,3]      [,4]
[1,] 2.480864 0.2180557 -2.150763 -14.38248

[[2]]
[1] 7.989173


NOTE: Log Print Time:  2022-02-26 16:00:13 
NOTE: Elapsed Time in seconds: 20.4826891422272 

[[1]]
         [,1]      [,2]      [,3]      [,4]
[1,] 2.480864 0.2180557 -2.150763 -14.38248

[[2]]
[1] 7.989173


NOTE: Log Print Time:  2022-02-26 16:00:34 
NOTE: Elapsed Time in seconds: 20.796005487442 

[[1]]
         [,1]      [,2]      [,3]      [,4]
[1,] 2.480864 0.2180557 -2.150763 -14.38248

[[2]]
[1] 7.989173


NOTE: Log Print Time:  2022-02-26 16:01:05 
NOTE: Elapsed Time in seconds: 31.0603630542755 

[[1]]
         [,1]      [,2]      [,3]      [,4]
[1,] 2.480864 0.2180557 -2.150763 -14.38248

[[2]]
[1] 7.989173


NOTE: Log Print Time:  2022-02-26 16:01:25 
NOTE: Elapsed Time in seconds: 20.4669773578644 

[[1]]
         [,1]      [,2]      [,3]      [,4]
[1,] 2.480864 0.2180557 -2.150763 -14.38248

[[2]]
[1] 7.989173


NOTE: Log Print Time:  2022-02-26 16:01:46 
NOTE: Elapsed Time in seconds: 20.574875831604 

[[1]]
         [,1]      [,2]      [,3]      [,4]
[1,] 2.480864 0.2180557 -2.150763 -14.38248

[[2]]
[1] 7.989173


NOTE: Log Print Time:  2022-02-26 16:02:07 
NOTE: Elapsed Time in seconds: 20.9658632278442 

[[1]]
         [,1]      [,2]      [,3]      [,4]
[1,] 2.480864 0.2180557 -2.150763 -14.38248

[[2]]
[1] 7.989173


NOTE: Log Print Time:  2022-02-26 16:02:28 
NOTE: Elapsed Time in seconds: 21.2954759597778 

[[1]]
         [,1]      [,2]      [,3]      [,4]
[1,] 2.480864 0.2180557 -2.150763 -14.38248

[[2]]
[1] 7.989173


NOTE: Log Print Time:  2022-02-26 16:02:58 
NOTE: Elapsed Time in seconds: 30.3384301662445 

[[1]]
         [,1]      [,2]      [,3]      [,4]
[1,] 2.480864 0.2180557 -2.150763 -14.38248

[[2]]
[1] 7.989173


NOTE: Log Print Time:  2022-02-26 16:03:19 
NOTE: Elapsed Time in seconds: 20.7400953769684 

[[1]]
         [,1]      [,2]      [,3]      [,4]
[1,] 2.480864 0.2180557 -2.150763 -14.38248

[[2]]
[1] 7.989173


NOTE: Log Print Time:  2022-02-26 16:03:40 
NOTE: Elapsed Time in seconds: 20.9382944107056 

[[1]]
         [,1]      [,2]      [,3]      [,4]
[1,] 2.480864 0.2180557 -2.150763 -14.38248

[[2]]
[1] 7.989173


NOTE: Log Print Time:  2022-02-26 16:04:01 
NOTE: Elapsed Time in seconds: 20.5026483535767 

[[1]]
         [,1]      [,2]      [,3]      [,4]
[1,] 2.480864 0.2180557 -2.150763 -14.38248

[[2]]
[1] 7.989173


NOTE: Log Print Time:  2022-02-26 16:04:24 
NOTE: Elapsed Time in seconds: 23.5801675319672 

[[1]]
         [,1]      [,2]      [,3]      [,4]
[1,] 2.480864 0.2180557 -2.150763 -14.38248

[[2]]
[1] 7.989173


NOTE: Log Print Time:  2022-02-26 16:04:45 
NOTE: Elapsed Time in seconds: 20.4675290584564 

[[1]]
         [,1]      [,2]      [,3]      [,4]
[1,] 2.480864 0.2180557 -2.150763 -14.38248

[[2]]
[1] 7.989173


NOTE: Log Print Time:  2022-02-26 16:05:06 
NOTE: Elapsed Time in seconds: 21.3081169128418 

[[1]]
         [,1]      [,2]      [,3]      [,4]
[1,] 2.480864 0.2180557 -2.150763 -14.38248

[[2]]
[1] 7.989173


NOTE: Log Print Time:  2022-02-26 16:05:29 
NOTE: Elapsed Time in seconds: 23.2171986103058 

[[1]]
         [,1]      [,2]      [,3]      [,4]
[1,] 2.480864 0.2180557 -2.150763 -14.38248

[[2]]
[1] 7.989173


NOTE: Log Print Time:  2022-02-26 16:06:06 
NOTE: Elapsed Time in seconds: 36.8512604236603 

[[1]]
         [,1]      [,2]      [,3]      [,4]
[1,] 2.480864 0.2180557 -2.150763 -14.38248

[[2]]
[1] 7.989173


NOTE: Log Print Time:  2022-02-26 16:06:27 
NOTE: Elapsed Time in seconds: 20.8015193939209 

[[1]]
         [,1]      [,2]      [,3]      [,4]
[1,] 2.480864 0.2180557 -2.150763 -14.38248

[[2]]
[1] 7.989173


NOTE: Log Print Time:  2022-02-26 16:06:48 
NOTE: Elapsed Time in seconds: 21.1543273925781 

[[1]]
         [,1]      [,2]      [,3]      [,4]
[1,] 2.480864 0.2180557 -2.150763 -14.38248

[[2]]
[1] 7.989173


NOTE: Log Print Time:  2022-02-26 16:07:08 
NOTE: Elapsed Time in seconds: 20.4380493164062 

[[1]]
         [,1]      [,2]      [,3]      [,4]
[1,] 2.480864 0.2180557 -2.150763 -14.38248

[[2]]
[1] 7.989173


NOTE: Log Print Time:  2022-02-26 16:07:38 
NOTE: Elapsed Time in seconds: 29.3237686157227 

[[1]]
         [,1]      [,2]      [,3]      [,4]
[1,] 2.480864 0.2180557 -2.150763 -14.38248

[[2]]
[1] 7.989173


NOTE: Log Print Time:  2022-02-26 16:07:59 
NOTE: Elapsed Time in seconds: 21.5609977245331 

[[1]]
         [,1]      [,2]      [,3]      [,4]
[1,] 2.480864 0.2180557 -2.150763 -14.38248

[[2]]
[1] 7.989173


NOTE: Log Print Time:  2022-02-26 16:08:24 
NOTE: Elapsed Time in seconds: 24.584187746048 

[[1]]
         [,1]      [,2]      [,3]      [,4]
[1,] 2.480864 0.2180557 -2.150763 -14.38248

[[2]]
[1] 7.989173


NOTE: Log Print Time:  2022-02-26 16:08:44 
NOTE: Elapsed Time in seconds: 20.386287689209 

[[1]]
         [,1]      [,2]      [,3]      [,4]
[1,] 2.480864 0.2180557 -2.150763 -14.38248

[[2]]
[1] 7.989173


NOTE: Log Print Time:  2022-02-26 16:09:05 
NOTE: Elapsed Time in seconds: 20.6074166297913 

[[1]]
         [,1]      [,2]      [,3]      [,4]
[1,] 2.480864 0.2180557 -2.150763 -14.38248

[[2]]
[1] 7.989173


NOTE: Log Print Time:  2022-02-26 16:09:28 
NOTE: Elapsed Time in seconds: 23.6064867973328 

[[1]]
         [,1]      [,2]      [,3]      [,4]
[1,] 2.480864 0.2180557 -2.150763 -14.38248

[[2]]
[1] 7.989173


NOTE: Log Print Time:  2022-02-26 16:09:49 
NOTE: Elapsed Time in seconds: 20.4055185317993 

[[1]]
         [,1]      [,2]      [,3]      [,4]
[1,] 2.480864 0.2180557 -2.150763 -14.38248

[[2]]
[1] 7.989173


NOTE: Log Print Time:  2022-02-26 16:10:10 
NOTE: Elapsed Time in seconds: 21.0166563987732 

[[1]]
         [,1]      [,2]      [,3]      [,4]
[1,] 2.480864 0.2180557 -2.150763 -14.38248

[[2]]
[1] 7.989173


NOTE: Log Print Time:  2022-02-26 16:10:41 
NOTE: Elapsed Time in seconds: 31.1839559078217 

[[1]]
         [,1]      [,2]      [,3]      [,4]
[1,] 2.480864 0.2180557 -2.150763 -14.38248

[[2]]
[1] 7.989173


NOTE: Log Print Time:  2022-02-26 16:11:20 
NOTE: Elapsed Time in seconds: 39.1991286277771 

[[1]]
         [,1]      [,2]      [,3]      [,4]
[1,] 2.480864 0.2180557 -2.150763 -14.38248

[[2]]
[1] 7.989173


NOTE: Log Print Time:  2022-02-26 16:11:41 
NOTE: Elapsed Time in seconds: 20.4714739322662 

[[1]]
         [,1]      [,2]      [,3]      [,4]
[1,] 2.480864 0.2180557 -2.150763 -14.38248

[[2]]
[1] 7.989173


NOTE: Log Print Time:  2022-02-26 16:12:02 
NOTE: Elapsed Time in seconds: 21.3220360279083 

[[1]]
         [,1]      [,2]      [,3]      [,4]
[1,] 2.480864 0.2180557 -2.150763 -14.38248

[[2]]
[1] 7.989173


NOTE: Log Print Time:  2022-02-26 16:12:28 
NOTE: Elapsed Time in seconds: 25.7784767150879 

[[1]]
         [,1]      [,2]      [,3]      [,4]
[1,] 2.480864 0.2180557 -2.150763 -14.38248

[[2]]
[1] 7.989173


NOTE: Log Print Time:  2022-02-26 16:12:49 
NOTE: Elapsed Time in seconds: 20.641149520874 

[[1]]
         [,1]      [,2]      [,3]      [,4]
[1,] 2.480864 0.2180557 -2.150763 -14.38248

[[2]]
[1] 7.989173


NOTE: Log Print Time:  2022-02-26 16:13:09 
NOTE: Elapsed Time in seconds: 20.4495933055878 

[[1]]
         [,1]      [,2]      [,3]      [,4]
[1,] 2.480864 0.2180557 -2.150763 -14.38248

[[2]]
[1] 7.989173


NOTE: Log Print Time:  2022-02-26 16:13:30 
NOTE: Elapsed Time in seconds: 20.8936026096344 

[[1]]
         [,1]      [,2]      [,3]      [,4]
[1,] 2.480864 0.2180557 -2.150763 -14.38248

[[2]]
[1] 7.989173


NOTE: Log Print Time:  2022-02-26 16:13:50 
NOTE: Elapsed Time in seconds: 20.4080877304077 

[[1]]
         [,1]      [,2]      [,3]      [,4]
[1,] 2.480864 0.2180557 -2.150763 -14.38248

[[2]]
[1] 7.989173


NOTE: Log Print Time:  2022-02-26 16:14:11 
NOTE: Elapsed Time in seconds: 20.4331700801849 

[[1]]
         [,1]      [,2]      [,3]      [,4]
[1,] 2.480864 0.2180557 -2.150763 -14.38248

[[2]]
[1] 7.989173


NOTE: Log Print Time:  2022-02-26 16:14:31 
NOTE: Elapsed Time in seconds: 20.5921919345856 

[[1]]
         [,1]      [,2]      [,3]      [,4]
[1,] 2.480864 0.2180557 -2.150763 -14.38248

[[2]]
[1] 7.989173


NOTE: Log Print Time:  2022-02-26 16:14:52 
NOTE: Elapsed Time in seconds: 20.2485792636871 

[[1]]
         [,1]      [,2]      [,3]      [,4]
[1,] 2.469807 0.2358535 -2.151616 -13.94571

[[2]]
[1] 7.991983


NOTE: Log Print Time:  2022-02-26 16:15:26 
NOTE: Elapsed Time in seconds: 34.3042657375336 

[[1]]
         [,1]      [,2]      [,3]      [,4]
[1,] 2.469672 0.2287401 -2.152283 -14.14209

[[2]]
[1] 7.992664


NOTE: Log Print Time:  2022-02-26 16:15:46 
NOTE: Elapsed Time in seconds: 20.4936468601227 

