
Lmod is automatically replacing "intel/2020.1.217" with "gcc/9.3.0".


Due to MODULEPATH changes, the following have been reloaded:
  1) openmpi/4.0.3


R version 4.0.2 (2020-06-22) -- "Taking Off Again"
Copyright (C) 2020 The R Foundation for Statistical Computing
Platform: x86_64-pc-linux-gnu (64-bit)

R is free software and comes with ABSOLUTELY NO WARRANTY.
You are welcome to redistribute it under certain conditions.
Type 'license()' or 'licence()' for distribution details.

  Natural language support but running in an English locale

R is a collaborative project with many contributors.
Type 'contributors()' for more information and
'citation()' on how to cite R or R packages in publications.

Type 'demo()' for some demos, 'help()' for on-line help, or
'help.start()' for an HTML browser interface to help.
Type 'q()' to quit R.

> # R script to submit parallelized genetic algorithm optimzied runs.
> 
> # load libraries
> library(doParallel)
Loading required package: foreach
Loading required package: iterators
Loading required package: parallel
> library(GA)
Package 'GA' version 3.2.2
Type 'citation("GA")' for citing this R package in publications.

Attaching package: ‘GA’

The following object is masked from ‘package:utils’:

    de

> library(here)
here() starts at /scratch/wanglu57/job_scripts
> library(doRNG)
Loading required package: rngtools
> 
> source(here::here("ga_verbose.R"), local = T)
> source(here::here("chabaudi_si_clean.R"), local = T)
> # load function
> #-----------------------------#
> # load in parameters
> #-----------------------------#
> parameters_tsukushi <- c(R1 = 8.89*10^6, # slightly higher
+                          lambda = 3.7*10^5,
+                          mu = 0.025, 
+                          p = 8*10^-6, # doubled form original
+                          alpha = 1, 
+                          alphag = 2, 
+                          beta = 5.721, 
+                          mum = 48, 
+                          mug = 4, 
+                          I0 = 43.85965, 
+                          Ig0 = 0, 
+                          a = 150, 
+                          b = 100, 
+                          sp = 1,
+                          psin = 16.69234,
+                          psiw = 0.8431785,
+                          phin = 0.03520591, 
+                          phiw = 550.842,
+                          iota = 2.18*(10^6),
+                          rho = 0.2627156)
> 
> time_range <- seq(0, 20, by = 1e-3)
> 
> I_range <- seq(0, (10^7), (10^7)/5000)
> 
> #-----------------------------#
> # Begin parallelized code
> #----------------------------#
> 
> 
> # Create an array from the NODESLIST environnement variable
> nodeslist = unlist(strsplit(Sys.getenv("NODESLIST"), split=" "))
> 
> # Create the cluster with the nodes name. One process per count of node name.
> # nodeslist = node1 node1 node2 node2, means we are starting 2 processes on node1, likewise on node2.
> cl = makeCluster(nodeslist, type = "PSOCK") 
> registerDoParallel(cl)
> clusterExport(cl,c("ga_verbose", "time_range", "parameters_tsukushi", "I_range", "chabaudi_si_clean")) 
> clusterCall(cl, library, package = "mclust", character.only = TRUE)
[[1]]
[1] "mclust"    "stats"     "graphics"  "grDevices" "utils"     "datasets" 
[7] "methods"   "base"     

[[2]]
[1] "mclust"    "stats"     "graphics"  "grDevices" "utils"     "datasets" 
[7] "methods"   "base"     

[[3]]
[1] "mclust"    "stats"     "graphics"  "grDevices" "utils"     "datasets" 
[7] "methods"   "base"     

[[4]]
[1] "mclust"    "stats"     "graphics"  "grDevices" "utils"     "datasets" 
[7] "methods"   "base"     

[[5]]
[1] "mclust"    "stats"     "graphics"  "grDevices" "utils"     "datasets" 
[7] "methods"   "base"     

[[6]]
[1] "mclust"    "stats"     "graphics"  "grDevices" "utils"     "datasets" 
[7] "methods"   "base"     

[[7]]
[1] "mclust"    "stats"     "graphics"  "grDevices" "utils"     "datasets" 
[7] "methods"   "base"     

[[8]]
[1] "mclust"    "stats"     "graphics"  "grDevices" "utils"     "datasets" 
[7] "methods"   "base"     

[[9]]
[1] "mclust"    "stats"     "graphics"  "grDevices" "utils"     "datasets" 
[7] "methods"   "base"     

[[10]]
[1] "mclust"    "stats"     "graphics"  "grDevices" "utils"     "datasets" 
[7] "methods"   "base"     

[[11]]
[1] "mclust"    "stats"     "graphics"  "grDevices" "utils"     "datasets" 
[7] "methods"   "base"     

[[12]]
[1] "mclust"    "stats"     "graphics"  "grDevices" "utils"     "datasets" 
[7] "methods"   "base"     

[[13]]
[1] "mclust"    "stats"     "graphics"  "grDevices" "utils"     "datasets" 
[7] "methods"   "base"     

[[14]]
[1] "mclust"    "stats"     "graphics"  "grDevices" "utils"     "datasets" 
[7] "methods"   "base"     

[[15]]
[1] "mclust"    "stats"     "graphics"  "grDevices" "utils"     "datasets" 
[7] "methods"   "base"     

[[16]]
[1] "mclust"    "stats"     "graphics"  "grDevices" "utils"     "datasets" 
[7] "methods"   "base"     

[[17]]
[1] "mclust"    "stats"     "graphics"  "grDevices" "utils"     "datasets" 
[7] "methods"   "base"     

[[18]]
[1] "mclust"    "stats"     "graphics"  "grDevices" "utils"     "datasets" 
[7] "methods"   "base"     

[[19]]
[1] "mclust"    "stats"     "graphics"  "grDevices" "utils"     "datasets" 
[7] "methods"   "base"     

[[20]]
[1] "mclust"    "stats"     "graphics"  "grDevices" "utils"     "datasets" 
[7] "methods"   "base"     

[[21]]
[1] "mclust"    "stats"     "graphics"  "grDevices" "utils"     "datasets" 
[7] "methods"   "base"     

[[22]]
[1] "mclust"    "stats"     "graphics"  "grDevices" "utils"     "datasets" 
[7] "methods"   "base"     

[[23]]
[1] "mclust"    "stats"     "graphics"  "grDevices" "utils"     "datasets" 
[7] "methods"   "base"     

[[24]]
[1] "mclust"    "stats"     "graphics"  "grDevices" "utils"     "datasets" 
[7] "methods"   "base"     

[[25]]
[1] "mclust"    "stats"     "graphics"  "grDevices" "utils"     "datasets" 
[7] "methods"   "base"     

[[26]]
[1] "mclust"    "stats"     "graphics"  "grDevices" "utils"     "datasets" 
[7] "methods"   "base"     

[[27]]
[1] "mclust"    "stats"     "graphics"  "grDevices" "utils"     "datasets" 
[7] "methods"   "base"     

[[28]]
[1] "mclust"    "stats"     "graphics"  "grDevices" "utils"     "datasets" 
[7] "methods"   "base"     

[[29]]
[1] "mclust"    "stats"     "graphics"  "grDevices" "utils"     "datasets" 
[7] "methods"   "base"     

[[30]]
[1] "mclust"    "stats"     "graphics"  "grDevices" "utils"     "datasets" 
[7] "methods"   "base"     

[[31]]
[1] "mclust"    "stats"     "graphics"  "grDevices" "utils"     "datasets" 
[7] "methods"   "base"     

[[32]]
[1] "mclust"    "stats"     "graphics"  "grDevices" "utils"     "datasets" 
[7] "methods"   "base"     

[[33]]
[1] "mclust"    "stats"     "graphics"  "grDevices" "utils"     "datasets" 
[7] "methods"   "base"     

[[34]]
[1] "mclust"    "stats"     "graphics"  "grDevices" "utils"     "datasets" 
[7] "methods"   "base"     

[[35]]
[1] "mclust"    "stats"     "graphics"  "grDevices" "utils"     "datasets" 
[7] "methods"   "base"     

[[36]]
[1] "mclust"    "stats"     "graphics"  "grDevices" "utils"     "datasets" 
[7] "methods"   "base"     

[[37]]
[1] "mclust"    "stats"     "graphics"  "grDevices" "utils"     "datasets" 
[7] "methods"   "base"     

[[38]]
[1] "mclust"    "stats"     "graphics"  "grDevices" "utils"     "datasets" 
[7] "methods"   "base"     

[[39]]
[1] "mclust"    "stats"     "graphics"  "grDevices" "utils"     "datasets" 
[7] "methods"   "base"     

[[40]]
[1] "mclust"    "stats"     "graphics"  "grDevices" "utils"     "datasets" 
[7] "methods"   "base"     

[[41]]
[1] "mclust"    "stats"     "graphics"  "grDevices" "utils"     "datasets" 
[7] "methods"   "base"     

[[42]]
[1] "mclust"    "stats"     "graphics"  "grDevices" "utils"     "datasets" 
[7] "methods"   "base"     

[[43]]
[1] "mclust"    "stats"     "graphics"  "grDevices" "utils"     "datasets" 
[7] "methods"   "base"     

[[44]]
[1] "mclust"    "stats"     "graphics"  "grDevices" "utils"     "datasets" 
[7] "methods"   "base"     

[[45]]
[1] "mclust"    "stats"     "graphics"  "grDevices" "utils"     "datasets" 
[7] "methods"   "base"     

[[46]]
[1] "mclust"    "stats"     "graphics"  "grDevices" "utils"     "datasets" 
[7] "methods"   "base"     

[[47]]
[1] "mclust"    "stats"     "graphics"  "grDevices" "utils"     "datasets" 
[7] "methods"   "base"     

[[48]]
[1] "mclust"    "stats"     "graphics"  "grDevices" "utils"     "datasets" 
[7] "methods"   "base"     

> ga_res <- ga_verbose(type = "real-valued", 
+                      function(x)
+                        chabaudi_si_clean(
+                          parameters_cr = c(x[1], x[2], x[3], x[4]), 
+                          parameters = parameters_tsukushi, 
+                          time_range = time_range, 
+                          cue = "I", 
+                          cue_range = I_range, 
+                          log_cue = "none",
+                          immunity = "tsukushi",
+                          solver = "vode"),
+                      lower = c(-1, -100, -1000, -5000), # range determined that would alter shape of spline
+                      upper = c(1, 100, 1000, 5000),  
+                      popSize = 250, 
+                      maxiter = 1000, # change to 10 for testing purpose 
+                      pmutation = 0.3,
+                      keepBest = TRUE,
+                      run = 50,
+                      parallel = cl,
+                      seed = 137,
+                      monitor = TRUE,
+                      id = "2022-03-05_si-I-emp")
-0.03126682 -16.7435 949.6667 3203.247[[1]]
            [,1]     [,2]     [,3]     [,4]
[1,] -0.03126682 -16.7435 949.6667 3203.247

[[2]]
[1] 8.120427

GA | iter = 1 | Mean = 3.843449 | Best = 8.120427
-0.03126682 -16.7435 949.6667 3203.247[[1]]
            [,1]     [,2]     [,3]     [,4]
[1,] -0.03126682 -16.7435 949.6667 3203.247

[[2]]
[1] 8.120427

GA | iter = 2 | Mean = 6.116132 | Best = 8.120427
-0.03126682 -16.7435 949.6667 3203.247[[1]]
            [,1]     [,2]     [,3]     [,4]
[1,] -0.03126682 -16.7435 949.6667 3203.247

[[2]]
[1] 8.120427

GA | iter = 3 | Mean = 7.122891 | Best = 8.120427
-0.03126682 -16.7435 949.6667 3203.247[[1]]
            [,1]     [,2]     [,3]     [,4]
[1,] -0.03126682 -16.7435 949.6667 3203.247

[[2]]
[1] 8.120427

GA | iter = 4 | Mean = 7.492882 | Best = 8.120427
-0.03126682 -16.7435 949.6667 3203.247[[1]]
            [,1]     [,2]     [,3]     [,4]
[1,] -0.03126682 -16.7435 949.6667 3203.247

[[2]]
[1] 8.120427

GA | iter = 5 | Mean = 7.286246 | Best = 8.120427
-0.03126682 -16.7435 949.6667 3203.247[[1]]
            [,1]     [,2]     [,3]     [,4]
[1,] -0.03126682 -16.7435 949.6667 3203.247

[[2]]
[1] 8.120427

GA | iter = 6 | Mean = 7.428468 | Best = 8.120427
-0.03126682 -16.7435 949.6667 3203.247[[1]]
            [,1]     [,2]     [,3]     [,4]
[1,] -0.03126682 -16.7435 949.6667 3203.247

[[2]]
[1] 8.120427

GA | iter = 7 | Mean = 7.429311 | Best = 8.120427
-0.03126682 -16.7435 949.6667 3203.247[[1]]
            [,1]     [,2]     [,3]     [,4]
[1,] -0.03126682 -16.7435 949.6667 3203.247

[[2]]
[1] 8.120427

GA | iter = 8 | Mean = 7.537671 | Best = 8.120427
-0.03126682 -16.7435 949.6667 3203.247[[1]]
            [,1]     [,2]     [,3]     [,4]
[1,] -0.03126682 -16.7435 949.6667 3203.247

[[2]]
[1] 8.120427

GA | iter = 9 | Mean = 7.452763 | Best = 8.120427
-0.03126682 -16.7435 949.6667 3203.247[[1]]
            [,1]     [,2]     [,3]     [,4]
[1,] -0.03126682 -16.7435 949.6667 3203.247

[[2]]
[1] 8.120427

GA | iter = 10 | Mean = 7.553895 | Best = 8.120427
-0.03126682 -16.7435 949.6667 3203.247[[1]]
            [,1]     [,2]     [,3]     [,4]
[1,] -0.03126682 -16.7435 949.6667 3203.247

[[2]]
[1] 8.120427

GA | iter = 11 | Mean = 7.551885 | Best = 8.120427
-0.03126682 -16.7435 949.6667 3203.247[[1]]
            [,1]     [,2]     [,3]     [,4]
[1,] -0.03126682 -16.7435 949.6667 3203.247

[[2]]
[1] 8.120427

GA | iter = 12 | Mean = 7.559194 | Best = 8.120427
-0.03126682 -16.7435 949.6667 3203.247[[1]]
            [,1]     [,2]     [,3]     [,4]
[1,] -0.03126682 -16.7435 949.6667 3203.247

[[2]]
[1] 8.120427

GA | iter = 13 | Mean = 7.505141 | Best = 8.120427
-0.03126682 -16.7435 949.6667 3203.247[[1]]
            [,1]     [,2]     [,3]     [,4]
[1,] -0.03126682 -16.7435 949.6667 3203.247

[[2]]
[1] 8.120427

GA | iter = 14 | Mean = 7.540459 | Best = 8.120427
-0.03126682 -16.7435 949.6667 3203.247[[1]]
            [,1]     [,2]     [,3]     [,4]
[1,] -0.03126682 -16.7435 949.6667 3203.247

[[2]]
[1] 8.120427

GA | iter = 15 | Mean = 7.329564 | Best = 8.120427
-0.03126682 -16.7435 949.6667 3203.247[[1]]
            [,1]     [,2]     [,3]     [,4]
[1,] -0.03126682 -16.7435 949.6667 3203.247

[[2]]
[1] 8.120427

GA | iter = 16 | Mean = 7.590564 | Best = 8.120427
-0.03126682 -16.7435 949.6667 3203.247[[1]]
            [,1]     [,2]     [,3]     [,4]
[1,] -0.03126682 -16.7435 949.6667 3203.247

[[2]]
[1] 8.120427

GA | iter = 17 | Mean = 7.238160 | Best = 8.120427
-0.03126682 -16.7435 949.6667 3203.247[[1]]
            [,1]     [,2]     [,3]     [,4]
[1,] -0.03126682 -16.7435 949.6667 3203.247

[[2]]
[1] 8.120427

GA | iter = 18 | Mean = 7.558963 | Best = 8.120427
-0.06283305 -16.58506 818.4683 2923.228[[1]]
            [,1]      [,2]     [,3]     [,4]
[1,] -0.06283305 -16.58506 818.4683 2923.228

[[2]]
[1] 8.121685

GA | iter = 19 | Mean = 7.323280 | Best = 8.121685
-0.08850287 -14.88259 854.667 3288.889[[1]]
            [,1]      [,2]    [,3]     [,4]
[1,] -0.08850287 -14.88259 854.667 3288.889

[[2]]
[1] 8.134166

GA | iter = 20 | Mean = 7.448045 | Best = 8.134166
-0.08850287 -14.88259 854.667 3288.889[[1]]
            [,1]      [,2]    [,3]     [,4]
[1,] -0.08850287 -14.88259 854.667 3288.889

[[2]]
[1] 8.134166

GA | iter = 21 | Mean = 7.340466 | Best = 8.134166
-0.08850287 -14.88259 854.667 3288.889[[1]]
            [,1]      [,2]    [,3]     [,4]
[1,] -0.08850287 -14.88259 854.667 3288.889

[[2]]
[1] 8.134166

GA | iter = 22 | Mean = 7.407442 | Best = 8.134166
-0.08850287 -14.88259 854.667 3288.889[[1]]
            [,1]      [,2]    [,3]     [,4]
[1,] -0.08850287 -14.88259 854.667 3288.889

[[2]]
[1] 8.134166

GA | iter = 23 | Mean = 7.473418 | Best = 8.134166
-0.07339517 -16.46553 870.0791 2079.159[[1]]
            [,1]      [,2]     [,3]     [,4]
[1,] -0.07339517 -16.46553 870.0791 2079.159

[[2]]
[1] 8.134516

GA | iter = 24 | Mean = 7.373455 | Best = 8.134516
-0.07339517 -16.46553 870.0791 2079.159[[1]]
            [,1]      [,2]     [,3]     [,4]
[1,] -0.07339517 -16.46553 870.0791 2079.159

[[2]]
[1] 8.134516

GA | iter = 25 | Mean = 7.565298 | Best = 8.134516
-0.07339517 -16.46553 870.0791 2079.159[[1]]
            [,1]      [,2]     [,3]     [,4]
[1,] -0.07339517 -16.46553 870.0791 2079.159

[[2]]
[1] 8.134516

GA | iter = 26 | Mean = 7.514942 | Best = 8.134516
-0.05886131 -17.13886 899.411 2730.776[[1]]
            [,1]      [,2]    [,3]     [,4]
[1,] -0.05886131 -17.13886 899.411 2730.776

[[2]]
[1] 8.13478

GA | iter = 27 | Mean = 7.352286 | Best = 8.134780
-0.07546111 -16.70526 874.6961 2845.786[[1]]
            [,1]      [,2]     [,3]     [,4]
[1,] -0.07546111 -16.70526 874.6961 2845.786

[[2]]
[1] 8.135329

GA | iter = 28 | Mean = 7.463500 | Best = 8.135329
-0.06894216 -16.46599 873.9662 3251.22[[1]]
            [,1]      [,2]     [,3]    [,4]
[1,] -0.06894216 -16.46599 873.9662 3251.22

[[2]]
[1] 8.13557

GA | iter = 29 | Mean = 7.620511 | Best = 8.135570
-0.06894216 -16.46599 873.9662 3251.22[[1]]
            [,1]      [,2]     [,3]    [,4]
[1,] -0.06894216 -16.46599 873.9662 3251.22

[[2]]
[1] 8.13557

GA | iter = 30 | Mean = 7.438076 | Best = 8.135570
-0.06894216 -16.46599 873.9662 3251.22[[1]]
            [,1]      [,2]     [,3]    [,4]
[1,] -0.06894216 -16.46599 873.9662 3251.22

[[2]]
[1] 8.13557

GA | iter = 31 | Mean = 7.393371 | Best = 8.135570
-0.06894216 -16.46599 873.9662 3251.22[[1]]
            [,1]      [,2]     [,3]    [,4]
[1,] -0.06894216 -16.46599 873.9662 3251.22

[[2]]
[1] 8.13557

GA | iter = 32 | Mean = 7.375407 | Best = 8.135570
-0.06894216 -16.46599 873.9662 3251.22[[1]]
            [,1]      [,2]     [,3]    [,4]
[1,] -0.06894216 -16.46599 873.9662 3251.22

[[2]]
[1] 8.13557

GA | iter = 33 | Mean = 7.306564 | Best = 8.135570
-0.06894216 -16.46599 873.9662 3251.22[[1]]
            [,1]      [,2]     [,3]    [,4]
[1,] -0.06894216 -16.46599 873.9662 3251.22

[[2]]
[1] 8.13557

GA | iter = 34 | Mean = 7.282198 | Best = 8.135570
-0.07982482 -16.43148 888.2461 2509.619[[1]]
            [,1]      [,2]     [,3]     [,4]
[1,] -0.07982482 -16.43148 888.2461 2509.619

[[2]]
[1] 8.138715

GA | iter = 35 | Mean = 7.287814 | Best = 8.138715
-0.07982482 -16.43148 888.2461 2509.619[[1]]
            [,1]      [,2]     [,3]     [,4]
[1,] -0.07982482 -16.43148 888.2461 2509.619

[[2]]
[1] 8.138715

GA | iter = 36 | Mean = 7.514987 | Best = 8.138715
-0.07982482 -16.43148 888.2461 2509.619[[1]]
            [,1]      [,2]     [,3]     [,4]
[1,] -0.07982482 -16.43148 888.2461 2509.619

[[2]]
[1] 8.138715

GA | iter = 37 | Mean = 7.462238 | Best = 8.138715
-0.07982482 -16.43148 888.2461 2509.619[[1]]
            [,1]      [,2]     [,3]     [,4]
[1,] -0.07982482 -16.43148 888.2461 2509.619

[[2]]
[1] 8.138715

GA | iter = 38 | Mean = 7.462145 | Best = 8.138715
-0.07982482 -16.43148 888.2461 2509.619[[1]]
            [,1]      [,2]     [,3]     [,4]
[1,] -0.07982482 -16.43148 888.2461 2509.619

[[2]]
[1] 8.138715

GA | iter = 39 | Mean = 7.274977 | Best = 8.138715
-0.07419304 -16.03595 890.3923 2592.803[[1]]
            [,1]      [,2]     [,3]     [,4]
[1,] -0.07419304 -16.03595 890.3923 2592.803

[[2]]
[1] 8.13911

GA | iter = 40 | Mean = 7.427621 | Best = 8.139110
-0.07419304 -16.03595 890.3923 2592.803[[1]]
            [,1]      [,2]     [,3]     [,4]
[1,] -0.07419304 -16.03595 890.3923 2592.803

[[2]]
[1] 8.13911

GA | iter = 41 | Mean = 7.448465 | Best = 8.139110
-0.07419304 -16.03595 890.3923 2592.803[[1]]
            [,1]      [,2]     [,3]     [,4]
[1,] -0.07419304 -16.03595 890.3923 2592.803

[[2]]
[1] 8.13911

GA | iter = 42 | Mean = 7.383411 | Best = 8.139110
-0.07419304 -16.03595 890.3923 2592.803[[1]]
            [,1]      [,2]     [,3]     [,4]
[1,] -0.07419304 -16.03595 890.3923 2592.803

[[2]]
[1] 8.13911

GA | iter = 43 | Mean = 7.293424 | Best = 8.139110
-0.07419304 -16.03595 890.3923 2592.803[[1]]
            [,1]      [,2]     [,3]     [,4]
[1,] -0.07419304 -16.03595 890.3923 2592.803

[[2]]
[1] 8.13911

GA | iter = 44 | Mean = 7.47912 | Best = 8.13911
-0.07419304 -16.03595 890.3923 2592.803[[1]]
            [,1]      [,2]     [,3]     [,4]
[1,] -0.07419304 -16.03595 890.3923 2592.803

[[2]]
[1] 8.13911

GA | iter = 45 | Mean = 7.486552 | Best = 8.139110
-0.07419304 -16.03595 890.3923 2592.803[[1]]
            [,1]      [,2]     [,3]     [,4]
[1,] -0.07419304 -16.03595 890.3923 2592.803

[[2]]
[1] 8.13911

GA | iter = 46 | Mean = 7.460537 | Best = 8.139110
-0.07419304 -16.03595 890.3923 2592.803[[1]]
            [,1]      [,2]     [,3]     [,4]
[1,] -0.07419304 -16.03595 890.3923 2592.803

[[2]]
[1] 8.13911

GA | iter = 47 | Mean = 7.380368 | Best = 8.139110
-0.07419304 -16.03595 890.3923 2592.803[[1]]
            [,1]      [,2]     [,3]     [,4]
[1,] -0.07419304 -16.03595 890.3923 2592.803

[[2]]
[1] 8.13911

GA | iter = 48 | Mean = 7.254197 | Best = 8.139110
-0.07419304 -16.03595 890.3923 2592.803[[1]]
            [,1]      [,2]     [,3]     [,4]
[1,] -0.07419304 -16.03595 890.3923 2592.803

[[2]]
[1] 8.13911

GA | iter = 49 | Mean = 7.437738 | Best = 8.139110
-0.07419304 -16.03595 890.3923 2592.803[[1]]
            [,1]      [,2]     [,3]     [,4]
[1,] -0.07419304 -16.03595 890.3923 2592.803

[[2]]
[1] 8.13911

GA | iter = 50 | Mean = 7.500673 | Best = 8.139110
-0.07419304 -16.03595 890.3923 2592.803[[1]]
            [,1]      [,2]     [,3]     [,4]
[1,] -0.07419304 -16.03595 890.3923 2592.803

[[2]]
[1] 8.13911

GA | iter = 51 | Mean = 7.304368 | Best = 8.139110
-0.07419304 -16.03595 890.3923 2592.803[[1]]
            [,1]      [,2]     [,3]     [,4]
[1,] -0.07419304 -16.03595 890.3923 2592.803

[[2]]
[1] 8.13911

GA | iter = 52 | Mean = 7.465053 | Best = 8.139110
-0.07419304 -16.03595 890.3923 2592.803[[1]]
            [,1]      [,2]     [,3]     [,4]
[1,] -0.07419304 -16.03595 890.3923 2592.803

[[2]]
[1] 8.13911

GA | iter = 53 | Mean = 7.469424 | Best = 8.139110
-0.07419304 -16.03595 890.3923 2592.803[[1]]
            [,1]      [,2]     [,3]     [,4]
[1,] -0.07419304 -16.03595 890.3923 2592.803

[[2]]
[1] 8.13911

GA | iter = 54 | Mean = 7.480748 | Best = 8.139110
-0.07419304 -16.03595 890.3923 2592.803[[1]]
            [,1]      [,2]     [,3]     [,4]
[1,] -0.07419304 -16.03595 890.3923 2592.803

[[2]]
[1] 8.13911

GA | iter = 55 | Mean = 7.617537 | Best = 8.139110
-0.06721832 -16.79642 944.2405 1633.649[[1]]
            [,1]      [,2]     [,3]     [,4]
[1,] -0.06721832 -16.79642 944.2405 1633.649

[[2]]
[1] 8.144737

GA | iter = 56 | Mean = 7.361499 | Best = 8.144737
-0.06721832 -16.79642 944.2405 1633.649[[1]]
            [,1]      [,2]     [,3]     [,4]
[1,] -0.06721832 -16.79642 944.2405 1633.649

[[2]]
[1] 8.144737

GA | iter = 57 | Mean = 7.386319 | Best = 8.144737
-0.06721832 -16.79642 944.2405 1633.649[[1]]
            [,1]      [,2]     [,3]     [,4]
[1,] -0.06721832 -16.79642 944.2405 1633.649

[[2]]
[1] 8.144737

GA | iter = 58 | Mean = 7.259886 | Best = 8.144737
-0.06721832 -16.79642 944.2405 1633.649[[1]]
            [,1]      [,2]     [,3]     [,4]
[1,] -0.06721832 -16.79642 944.2405 1633.649

[[2]]
[1] 8.144737

GA | iter = 59 | Mean = 7.476374 | Best = 8.144737
-0.06721832 -16.79642 944.2405 1633.649[[1]]
            [,1]      [,2]     [,3]     [,4]
[1,] -0.06721832 -16.79642 944.2405 1633.649

[[2]]
[1] 8.144737

GA | iter = 60 | Mean = 7.466189 | Best = 8.144737
-0.06721832 -16.79642 944.2405 1633.649[[1]]
            [,1]      [,2]     [,3]     [,4]
[1,] -0.06721832 -16.79642 944.2405 1633.649

[[2]]
[1] 8.144737

GA | iter = 61 | Mean = 7.635677 | Best = 8.144737
-0.06721832 -16.79642 944.2405 1633.649[[1]]
            [,1]      [,2]     [,3]     [,4]
[1,] -0.06721832 -16.79642 944.2405 1633.649

[[2]]
[1] 8.144737

GA | iter = 62 | Mean = 7.465927 | Best = 8.144737
-0.06721832 -16.79642 944.2405 1633.649[[1]]
            [,1]      [,2]     [,3]     [,4]
[1,] -0.06721832 -16.79642 944.2405 1633.649

[[2]]
[1] 8.144737

GA | iter = 63 | Mean = 7.341368 | Best = 8.144737
-0.06721832 -16.79642 944.2405 1633.649[[1]]
            [,1]      [,2]     [,3]     [,4]
[1,] -0.06721832 -16.79642 944.2405 1633.649

[[2]]
[1] 8.144737

GA | iter = 64 | Mean = 7.573940 | Best = 8.144737
-0.06721832 -16.79642 944.2405 1633.649[[1]]
            [,1]      [,2]     [,3]     [,4]
[1,] -0.06721832 -16.79642 944.2405 1633.649

[[2]]
[1] 8.144737

GA | iter = 65 | Mean = 7.409959 | Best = 8.144737
-0.06703457 -17.27664 961.3038 429.3193[[1]]
            [,1]      [,2]     [,3]     [,4]
[1,] -0.06703457 -17.27664 961.3038 429.3193

[[2]]
[1] 8.145845

GA | iter = 66 | Mean = 7.451945 | Best = 8.145845
-0.06703457 -17.27664 961.3038 429.3193[[1]]
            [,1]      [,2]     [,3]     [,4]
[1,] -0.06703457 -17.27664 961.3038 429.3193

[[2]]
[1] 8.145845

GA | iter = 67 | Mean = 7.407037 | Best = 8.145845
-0.06703457 -17.27664 961.3038 429.3193[[1]]
            [,1]      [,2]     [,3]     [,4]
[1,] -0.06703457 -17.27664 961.3038 429.3193

[[2]]
[1] 8.145845

GA | iter = 68 | Mean = 7.250373 | Best = 8.145845
-0.06703457 -17.27664 961.3038 429.3193[[1]]
            [,1]      [,2]     [,3]     [,4]
[1,] -0.06703457 -17.27664 961.3038 429.3193

[[2]]
[1] 8.145845

GA | iter = 69 | Mean = 7.548762 | Best = 8.145845
-0.06703457 -17.27664 961.3038 429.3193[[1]]
            [,1]      [,2]     [,3]     [,4]
[1,] -0.06703457 -17.27664 961.3038 429.3193

[[2]]
[1] 8.145845

GA | iter = 70 | Mean = 7.485417 | Best = 8.145845
-0.06703457 -17.27664 961.3038 429.3193[[1]]
            [,1]      [,2]     [,3]     [,4]
[1,] -0.06703457 -17.27664 961.3038 429.3193

[[2]]
[1] 8.145845

GA | iter = 71 | Mean = 7.488947 | Best = 8.145845
-0.06703457 -17.27664 961.3038 429.3193[[1]]
            [,1]      [,2]     [,3]     [,4]
[1,] -0.06703457 -17.27664 961.3038 429.3193

[[2]]
[1] 8.145845

GA | iter = 72 | Mean = 7.331860 | Best = 8.145845
-0.06703457 -17.27664 961.3038 429.3193[[1]]
            [,1]      [,2]     [,3]     [,4]
[1,] -0.06703457 -17.27664 961.3038 429.3193

[[2]]
[1] 8.145845

GA | iter = 73 | Mean = 7.436017 | Best = 8.145845
-0.06703457 -17.27664 961.3038 429.3193[[1]]
            [,1]      [,2]     [,3]     [,4]
[1,] -0.06703457 -17.27664 961.3038 429.3193

[[2]]
[1] 8.145845

GA | iter = 74 | Mean = 7.477488 | Best = 8.145845
-0.06703457 -17.27664 961.3038 429.3193[[1]]
            [,1]      [,2]     [,3]     [,4]
[1,] -0.06703457 -17.27664 961.3038 429.3193

[[2]]
[1] 8.145845

GA | iter = 75 | Mean = 7.193793 | Best = 8.145845
-0.06703457 -17.27664 961.3038 429.3193[[1]]
            [,1]      [,2]     [,3]     [,4]
[1,] -0.06703457 -17.27664 961.3038 429.3193

[[2]]
[1] 8.145845

GA | iter = 76 | Mean = 7.324602 | Best = 8.145845
-0.06703457 -17.27664 961.3038 429.3193[[1]]
            [,1]      [,2]     [,3]     [,4]
[1,] -0.06703457 -17.27664 961.3038 429.3193

[[2]]
[1] 8.145845

GA | iter = 77 | Mean = 7.480290 | Best = 8.145845
-0.06703457 -17.27664 961.3038 429.3193[[1]]
            [,1]      [,2]     [,3]     [,4]
[1,] -0.06703457 -17.27664 961.3038 429.3193

[[2]]
[1] 8.145845

GA | iter = 78 | Mean = 7.366365 | Best = 8.145845
-0.06703457 -17.27664 961.3038 429.3193[[1]]
            [,1]      [,2]     [,3]     [,4]
[1,] -0.06703457 -17.27664 961.3038 429.3193

[[2]]
[1] 8.145845

GA | iter = 79 | Mean = 7.323700 | Best = 8.145845
-0.06703457 -17.27664 961.3038 928.4187[[1]]
            [,1]      [,2]     [,3]     [,4]
[1,] -0.06703457 -17.27664 961.3038 928.4187

[[2]]
[1] 8.1463

GA | iter = 80 | Mean = 7.387986 | Best = 8.146300
-0.06703457 -17.27664 961.3038 928.4187[[1]]
            [,1]      [,2]     [,3]     [,4]
[1,] -0.06703457 -17.27664 961.3038 928.4187

[[2]]
[1] 8.1463

GA | iter = 81 | Mean = 7.382579 | Best = 8.146300
-0.06703457 -17.27664 961.3038 928.4187[[1]]
            [,1]      [,2]     [,3]     [,4]
[1,] -0.06703457 -17.27664 961.3038 928.4187

[[2]]
[1] 8.1463

GA | iter = 82 | Mean = 7.354223 | Best = 8.146300
-0.06703457 -17.27664 961.3038 928.4187[[1]]
            [,1]      [,2]     [,3]     [,4]
[1,] -0.06703457 -17.27664 961.3038 928.4187

[[2]]
[1] 8.1463

GA | iter = 83 | Mean = 7.404334 | Best = 8.146300
-0.06703457 -17.27664 961.3038 928.4187[[1]]
            [,1]      [,2]     [,3]     [,4]
[1,] -0.06703457 -17.27664 961.3038 928.4187

[[2]]
[1] 8.1463

GA | iter = 84 | Mean = 7.411158 | Best = 8.146300
-0.06703457 -17.27664 961.3038 928.4187[[1]]
            [,1]      [,2]     [,3]     [,4]
[1,] -0.06703457 -17.27664 961.3038 928.4187

[[2]]
[1] 8.1463

GA | iter = 85 | Mean = 7.405579 | Best = 8.146300
-0.06703457 -17.27664 961.3038 928.4187[[1]]
            [,1]      [,2]     [,3]     [,4]
[1,] -0.06703457 -17.27664 961.3038 928.4187

[[2]]
[1] 8.1463

GA | iter = 86 | Mean = 7.322157 | Best = 8.146300
-0.06703457 -17.27664 961.3038 928.4187[[1]]
            [,1]      [,2]     [,3]     [,4]
[1,] -0.06703457 -17.27664 961.3038 928.4187

[[2]]
[1] 8.1463

GA | iter = 87 | Mean = 7.271955 | Best = 8.146300
-0.06703457 -17.27664 961.3038 928.4187[[1]]
            [,1]      [,2]     [,3]     [,4]
[1,] -0.06703457 -17.27664 961.3038 928.4187

[[2]]
[1] 8.1463

GA | iter = 88 | Mean = 7.445837 | Best = 8.146300
-0.06703457 -17.27664 961.3038 928.4187[[1]]
            [,1]      [,2]     [,3]     [,4]
[1,] -0.06703457 -17.27664 961.3038 928.4187

[[2]]
[1] 8.1463

GA | iter = 89 | Mean = 7.29761 | Best = 8.14630
-0.06703457 -17.27664 961.3038 928.4187[[1]]
            [,1]      [,2]     [,3]     [,4]
[1,] -0.06703457 -17.27664 961.3038 928.4187

[[2]]
[1] 8.1463

GA | iter = 90 | Mean = 7.254803 | Best = 8.146300
-0.06703457 -17.27664 961.3038 928.4187[[1]]
            [,1]      [,2]     [,3]     [,4]
[1,] -0.06703457 -17.27664 961.3038 928.4187

[[2]]
[1] 8.1463

GA | iter = 91 | Mean = 7.290606 | Best = 8.146300
-0.06703457 -17.27664 961.3038 928.4187[[1]]
            [,1]      [,2]     [,3]     [,4]
[1,] -0.06703457 -17.27664 961.3038 928.4187

[[2]]
[1] 8.1463

GA | iter = 92 | Mean = 7.431383 | Best = 8.146300
-0.06703457 -17.27664 961.3038 928.4187[[1]]
            [,1]      [,2]     [,3]     [,4]
[1,] -0.06703457 -17.27664 961.3038 928.4187

[[2]]
[1] 8.1463

GA | iter = 93 | Mean = 7.350232 | Best = 8.146300
-0.06703457 -17.27664 961.3038 928.4187[[1]]
            [,1]      [,2]     [,3]     [,4]
[1,] -0.06703457 -17.27664 961.3038 928.4187

[[2]]
[1] 8.1463

GA | iter = 94 | Mean = 7.531937 | Best = 8.146300
-0.06703457 -17.27664 961.3038 928.4187[[1]]
            [,1]      [,2]     [,3]     [,4]
[1,] -0.06703457 -17.27664 961.3038 928.4187

[[2]]
[1] 8.1463

GA | iter = 95 | Mean = 7.388535 | Best = 8.146300
-0.06703457 -17.27664 961.3038 928.4187[[1]]
            [,1]      [,2]     [,3]     [,4]
[1,] -0.06703457 -17.27664 961.3038 928.4187

[[2]]
[1] 8.1463

GA | iter = 96 | Mean = 7.472569 | Best = 8.146300
-0.06703457 -17.27664 961.3038 928.4187[[1]]
            [,1]      [,2]     [,3]     [,4]
[1,] -0.06703457 -17.27664 961.3038 928.4187

[[2]]
[1] 8.1463

GA | iter = 97 | Mean = 7.505946 | Best = 8.146300
-0.06703457 -17.27664 961.3038 928.4187[[1]]
            [,1]      [,2]     [,3]     [,4]
[1,] -0.06703457 -17.27664 961.3038 928.4187

[[2]]
[1] 8.1463

GA | iter = 98 | Mean = 7.442832 | Best = 8.146300
-0.06703457 -17.27664 961.3038 928.4187[[1]]
            [,1]      [,2]     [,3]     [,4]
[1,] -0.06703457 -17.27664 961.3038 928.4187

[[2]]
[1] 8.1463

GA | iter = 99 | Mean = 7.491659 | Best = 8.146300
-0.06725103 -16.80334 949.563 3802.244[[1]]
            [,1]      [,2]    [,3]     [,4]
[1,] -0.06725103 -16.80334 949.563 3802.244

[[2]]
[1] 8.14716

GA | iter = 100 | Mean = 7.436786 | Best = 8.147160
-0.06725103 -16.80334 949.563 3802.244[[1]]
            [,1]      [,2]    [,3]     [,4]
[1,] -0.06725103 -16.80334 949.563 3802.244

[[2]]
[1] 8.14716

GA | iter = 101 | Mean = 7.473708 | Best = 8.147160
-0.06725103 -16.80334 949.563 3802.244[[1]]
            [,1]      [,2]    [,3]     [,4]
[1,] -0.06725103 -16.80334 949.563 3802.244

[[2]]
[1] 8.14716

GA | iter = 102 | Mean = 7.294641 | Best = 8.147160
-0.06725103 -16.80334 949.563 3802.244[[1]]
            [,1]      [,2]    [,3]     [,4]
[1,] -0.06725103 -16.80334 949.563 3802.244

[[2]]
[1] 8.14716

GA | iter = 103 | Mean = 7.521347 | Best = 8.147160
-0.06725103 -16.80334 949.563 3802.244[[1]]
            [,1]      [,2]    [,3]     [,4]
[1,] -0.06725103 -16.80334 949.563 3802.244

[[2]]
[1] 8.14716

GA | iter = 104 | Mean = 7.278442 | Best = 8.147160
-0.06725103 -16.80334 949.563 3802.244[[1]]
            [,1]      [,2]    [,3]     [,4]
[1,] -0.06725103 -16.80334 949.563 3802.244

[[2]]
[1] 8.14716

GA | iter = 105 | Mean = 7.399577 | Best = 8.147160
-0.06725103 -16.80334 949.563 3802.244[[1]]
            [,1]      [,2]    [,3]     [,4]
[1,] -0.06725103 -16.80334 949.563 3802.244

[[2]]
[1] 8.14716

GA | iter = 106 | Mean = 7.43928 | Best = 8.14716
-0.06725103 -16.80334 949.563 3802.244[[1]]
            [,1]      [,2]    [,3]     [,4]
[1,] -0.06725103 -16.80334 949.563 3802.244

[[2]]
[1] 8.14716

GA | iter = 107 | Mean = 7.38033 | Best = 8.14716
-0.06725103 -16.80334 949.563 3802.244[[1]]
            [,1]      [,2]    [,3]     [,4]
[1,] -0.06725103 -16.80334 949.563 3802.244

[[2]]
[1] 8.14716

GA | iter = 108 | Mean = 7.527613 | Best = 8.147160
-0.06725103 -16.80334 949.563 3802.244[[1]]
            [,1]      [,2]    [,3]     [,4]
[1,] -0.06725103 -16.80334 949.563 3802.244

[[2]]
[1] 8.14716

GA | iter = 109 | Mean = 7.448572 | Best = 8.147160
-0.06725103 -16.80334 949.563 3802.244[[1]]
            [,1]      [,2]    [,3]     [,4]
[1,] -0.06725103 -16.80334 949.563 3802.244

[[2]]
[1] 8.14716

GA | iter = 110 | Mean = 7.35950 | Best = 8.14716
-0.06725103 -16.80334 949.563 3802.244[[1]]
            [,1]      [,2]    [,3]     [,4]
[1,] -0.06725103 -16.80334 949.563 3802.244

[[2]]
[1] 8.14716

GA | iter = 111 | Mean = 7.380343 | Best = 8.147160
-0.06725103 -16.80334 949.563 3802.244[[1]]
            [,1]      [,2]    [,3]     [,4]
[1,] -0.06725103 -16.80334 949.563 3802.244

[[2]]
[1] 8.14716

GA | iter = 112 | Mean = 7.444773 | Best = 8.147160
-0.06725103 -16.80334 949.563 3802.244[[1]]
            [,1]      [,2]    [,3]     [,4]
[1,] -0.06725103 -16.80334 949.563 3802.244

[[2]]
[1] 8.14716

GA | iter = 113 | Mean = 7.348615 | Best = 8.147160
-0.06725103 -16.80334 949.563 3802.244[[1]]
            [,1]      [,2]    [,3]     [,4]
[1,] -0.06725103 -16.80334 949.563 3802.244

[[2]]
[1] 8.14716

GA | iter = 114 | Mean = 7.540909 | Best = 8.147160
-0.06725103 -16.80334 949.563 3802.244[[1]]
            [,1]      [,2]    [,3]     [,4]
[1,] -0.06725103 -16.80334 949.563 3802.244

[[2]]
[1] 8.14716

GA | iter = 115 | Mean = 7.485512 | Best = 8.147160
-0.06183687 -17.14581 964.3901 3649.441[[1]]
            [,1]      [,2]     [,3]     [,4]
[1,] -0.06183687 -17.14581 964.3901 3649.441

[[2]]
[1] 8.147909

GA | iter = 116 | Mean = 7.468859 | Best = 8.147909
-0.06183687 -17.14581 964.3901 3649.441[[1]]
            [,1]      [,2]     [,3]     [,4]
[1,] -0.06183687 -17.14581 964.3901 3649.441

[[2]]
[1] 8.147909

GA | iter = 117 | Mean = 7.477058 | Best = 8.147909
-0.06183687 -17.14581 964.3901 3649.441[[1]]
            [,1]      [,2]     [,3]     [,4]
[1,] -0.06183687 -17.14581 964.3901 3649.441

[[2]]
[1] 8.147909

GA | iter = 118 | Mean = 7.376923 | Best = 8.147909
-0.06183687 -17.14581 964.3901 3649.441[[1]]
            [,1]      [,2]     [,3]     [,4]
[1,] -0.06183687 -17.14581 964.3901 3649.441

[[2]]
[1] 8.147909

GA | iter = 119 | Mean = 7.389570 | Best = 8.147909
-0.07444414 -16.62747 952.979 3766.224[[1]]
            [,1]      [,2]    [,3]     [,4]
[1,] -0.07444414 -16.62747 952.979 3766.224

[[2]]
[1] 8.148585

GA | iter = 120 | Mean = 7.482708 | Best = 8.148585
-0.07444414 -16.62747 952.979 3766.224[[1]]
            [,1]      [,2]    [,3]     [,4]
[1,] -0.07444414 -16.62747 952.979 3766.224

[[2]]
[1] 8.148585

GA | iter = 121 | Mean = 7.569764 | Best = 8.148585
-0.07444414 -16.62747 952.979 3766.224[[1]]
            [,1]      [,2]    [,3]     [,4]
[1,] -0.07444414 -16.62747 952.979 3766.224

[[2]]
[1] 8.148585

GA | iter = 122 | Mean = 7.246873 | Best = 8.148585
-0.06759526 -16.94912 960.6138 3899.851[[1]]
            [,1]      [,2]     [,3]     [,4]
[1,] -0.06759526 -16.94912 960.6138 3899.851

[[2]]
[1] 8.148936

GA | iter = 123 | Mean = 7.500398 | Best = 8.148936
-0.06759526 -16.94912 960.6138 3899.851[[1]]
            [,1]      [,2]     [,3]     [,4]
[1,] -0.06759526 -16.94912 960.6138 3899.851

[[2]]
[1] 8.148936

GA | iter = 124 | Mean = 7.461875 | Best = 8.148936
-0.06759526 -16.94912 960.6138 3899.851[[1]]
            [,1]      [,2]     [,3]     [,4]
[1,] -0.06759526 -16.94912 960.6138 3899.851

[[2]]
[1] 8.148936

GA | iter = 125 | Mean = 7.428987 | Best = 8.148936
-0.06759526 -16.94912 960.6138 3899.851[[1]]
            [,1]      [,2]     [,3]     [,4]
[1,] -0.06759526 -16.94912 960.6138 3899.851

[[2]]
[1] 8.148936

GA | iter = 126 | Mean = 7.347571 | Best = 8.148936
-0.07205396 -16.84249 960.0416 3051.857[[1]]
            [,1]      [,2]     [,3]     [,4]
[1,] -0.07205396 -16.84249 960.0416 3051.857

[[2]]
[1] 8.148944

GA | iter = 127 | Mean = 7.265814 | Best = 8.148944
-0.08226554 -16.82847 958.4023 3613.812[[1]]
            [,1]      [,2]     [,3]     [,4]
[1,] -0.08226554 -16.82847 958.4023 3613.812

[[2]]
[1] 8.149465

GA | iter = 128 | Mean = 7.439759 | Best = 8.149465
-0.08226554 -16.82847 958.4023 3613.812[[1]]
            [,1]      [,2]     [,3]     [,4]
[1,] -0.08226554 -16.82847 958.4023 3613.812

[[2]]
[1] 8.149465

GA | iter = 129 | Mean = 7.553824 | Best = 8.149465
-0.08226554 -16.82847 958.4023 3613.812[[1]]
            [,1]      [,2]     [,3]     [,4]
[1,] -0.08226554 -16.82847 958.4023 3613.812

[[2]]
[1] 8.149465

GA | iter = 130 | Mean = 7.423090 | Best = 8.149465
-0.08226554 -16.82847 958.4023 3613.812[[1]]
            [,1]      [,2]     [,3]     [,4]
[1,] -0.08226554 -16.82847 958.4023 3613.812

[[2]]
[1] 8.149465

GA | iter = 131 | Mean = 7.417176 | Best = 8.149465
-0.08226554 -16.82847 958.4023 3613.812[[1]]
            [,1]      [,2]     [,3]     [,4]
[1,] -0.08226554 -16.82847 958.4023 3613.812

[[2]]
[1] 8.149465

GA | iter = 132 | Mean = 7.356260 | Best = 8.149465
-0.08226554 -16.82847 958.4023 3613.812[[1]]
            [,1]      [,2]     [,3]     [,4]
[1,] -0.08226554 -16.82847 958.4023 3613.812

[[2]]
[1] 8.149465

GA | iter = 133 | Mean = 7.356535 | Best = 8.149465
-0.08226554 -16.82847 958.4023 3613.812[[1]]
            [,1]      [,2]     [,3]     [,4]
[1,] -0.08226554 -16.82847 958.4023 3613.812

[[2]]
[1] 8.149465

GA | iter = 134 | Mean = 7.375640 | Best = 8.149465
-0.08226554 -16.82847 958.4023 3613.812[[1]]
            [,1]      [,2]     [,3]     [,4]
[1,] -0.08226554 -16.82847 958.4023 3613.812

[[2]]
[1] 8.149465

GA | iter = 135 | Mean = 7.360017 | Best = 8.149465
-0.08226554 -16.82847 958.4023 3613.812[[1]]
            [,1]      [,2]     [,3]     [,4]
[1,] -0.08226554 -16.82847 958.4023 3613.812

[[2]]
[1] 8.149465

GA | iter = 136 | Mean = 7.328771 | Best = 8.149465
-0.08226554 -16.82847 958.4023 3613.812[[1]]
            [,1]      [,2]     [,3]     [,4]
[1,] -0.08226554 -16.82847 958.4023 3613.812

[[2]]
[1] 8.149465

GA | iter = 137 | Mean = 7.309326 | Best = 8.149465
-0.08226554 -16.82847 958.4023 3613.812[[1]]
            [,1]      [,2]     [,3]     [,4]
[1,] -0.08226554 -16.82847 958.4023 3613.812

[[2]]
[1] 8.149465

GA | iter = 138 | Mean = 7.357774 | Best = 8.149465
-0.08226554 -16.82847 958.4023 3613.812[[1]]
            [,1]      [,2]     [,3]     [,4]
[1,] -0.08226554 -16.82847 958.4023 3613.812

[[2]]
[1] 8.149465

GA | iter = 139 | Mean = 7.505805 | Best = 8.149465
-0.08226554 -16.82847 958.4023 3613.812[[1]]
            [,1]      [,2]     [,3]     [,4]
[1,] -0.08226554 -16.82847 958.4023 3613.812

[[2]]
[1] 8.149465

GA | iter = 140 | Mean = 7.466092 | Best = 8.149465
-0.08226554 -16.82847 958.4023 3613.812[[1]]
            [,1]      [,2]     [,3]     [,4]
[1,] -0.08226554 -16.82847 958.4023 3613.812

[[2]]
[1] 8.149465

GA | iter = 141 | Mean = 7.429373 | Best = 8.149465
-0.08226554 -16.82847 958.4023 3613.812[[1]]
            [,1]      [,2]     [,3]     [,4]
[1,] -0.08226554 -16.82847 958.4023 3613.812

[[2]]
[1] 8.149465

GA | iter = 142 | Mean = 7.363211 | Best = 8.149465
-0.08226554 -16.82847 958.4023 3613.812[[1]]
            [,1]      [,2]     [,3]     [,4]
[1,] -0.08226554 -16.82847 958.4023 3613.812

[[2]]
[1] 8.149465

GA | iter = 143 | Mean = 7.496772 | Best = 8.149465
-0.08226554 -16.82847 958.4023 3613.812[[1]]
            [,1]      [,2]     [,3]     [,4]
[1,] -0.08226554 -16.82847 958.4023 3613.812

[[2]]
[1] 8.149465

GA | iter = 144 | Mean = 7.174483 | Best = 8.149465
-0.08226554 -16.82847 958.4023 3613.812[[1]]
            [,1]      [,2]     [,3]     [,4]
[1,] -0.08226554 -16.82847 958.4023 3613.812

[[2]]
[1] 8.149465

GA | iter = 145 | Mean = 7.529873 | Best = 8.149465
-0.08226554 -16.82847 958.4023 3613.812[[1]]
            [,1]      [,2]     [,3]     [,4]
[1,] -0.08226554 -16.82847 958.4023 3613.812

[[2]]
[1] 8.149465

GA | iter = 146 | Mean = 7.529399 | Best = 8.149465
-0.08226554 -16.82847 958.4023 3613.812[[1]]
            [,1]      [,2]     [,3]     [,4]
[1,] -0.08226554 -16.82847 958.4023 3613.812

[[2]]
[1] 8.149465

GA | iter = 147 | Mean = 7.296556 | Best = 8.149465
-0.08226554 -16.82847 958.4023 3613.812[[1]]
            [,1]      [,2]     [,3]     [,4]
[1,] -0.08226554 -16.82847 958.4023 3613.812

[[2]]
[1] 8.149465

GA | iter = 148 | Mean = 7.560707 | Best = 8.149465
-0.08226554 -16.82847 958.4023 3613.812[[1]]
            [,1]      [,2]     [,3]     [,4]
[1,] -0.08226554 -16.82847 958.4023 3613.812

[[2]]
[1] 8.149465

GA | iter = 149 | Mean = 7.419027 | Best = 8.149465
-0.08226554 -16.82847 958.4023 3613.812[[1]]
            [,1]      [,2]     [,3]     [,4]
[1,] -0.08226554 -16.82847 958.4023 3613.812

[[2]]
[1] 8.149465

GA | iter = 150 | Mean = 7.522463 | Best = 8.149465
-0.08226554 -16.82847 958.4023 3613.812[[1]]
            [,1]      [,2]     [,3]     [,4]
[1,] -0.08226554 -16.82847 958.4023 3613.812

[[2]]
[1] 8.149465

GA | iter = 151 | Mean = 7.408844 | Best = 8.149465
-0.08226554 -16.82847 958.4023 3613.812[[1]]
            [,1]      [,2]     [,3]     [,4]
[1,] -0.08226554 -16.82847 958.4023 3613.812

[[2]]
[1] 8.149465

GA | iter = 152 | Mean = 7.489505 | Best = 8.149465
-0.08226554 -16.82847 958.4023 3613.812[[1]]
            [,1]      [,2]     [,3]     [,4]
[1,] -0.08226554 -16.82847 958.4023 3613.812

[[2]]
[1] 8.149465

GA | iter = 153 | Mean = 7.348669 | Best = 8.149465
-0.08226554 -16.82847 958.4023 3613.812[[1]]
            [,1]      [,2]     [,3]     [,4]
[1,] -0.08226554 -16.82847 958.4023 3613.812

[[2]]
[1] 8.149465

GA | iter = 154 | Mean = 7.325159 | Best = 8.149465
-0.08226554 -16.82847 958.4023 3613.812[[1]]
            [,1]      [,2]     [,3]     [,4]
[1,] -0.08226554 -16.82847 958.4023 3613.812

[[2]]
[1] 8.149465

GA | iter = 155 | Mean = 7.325770 | Best = 8.149465
-0.08226554 -16.82847 958.4023 3613.812[[1]]
            [,1]      [,2]     [,3]     [,4]
[1,] -0.08226554 -16.82847 958.4023 3613.812

[[2]]
[1] 8.149465

GA | iter = 156 | Mean = 7.368246 | Best = 8.149465
-0.08226554 -16.82847 958.4023 3613.812[[1]]
            [,1]      [,2]     [,3]     [,4]
[1,] -0.08226554 -16.82847 958.4023 3613.812

[[2]]
[1] 8.149465

GA | iter = 157 | Mean = 7.251172 | Best = 8.149465
-0.08226554 -16.82847 958.4023 3613.812[[1]]
            [,1]      [,2]     [,3]     [,4]
[1,] -0.08226554 -16.82847 958.4023 3613.812

[[2]]
[1] 8.149465

GA | iter = 158 | Mean = 7.490959 | Best = 8.149465
-0.08226554 -16.82847 958.4023 3613.812[[1]]
            [,1]      [,2]     [,3]     [,4]
[1,] -0.08226554 -16.82847 958.4023 3613.812

[[2]]
[1] 8.149465

GA | iter = 159 | Mean = 7.334419 | Best = 8.149465
-0.0770591 -16.82215 959.155 3423.501[[1]]
           [,1]      [,2]    [,3]     [,4]
[1,] -0.0770591 -16.82215 959.155 3423.501

[[2]]
[1] 8.149553

GA | iter = 160 | Mean = 7.428544 | Best = 8.149553
-0.0770591 -16.82215 959.155 3423.501[[1]]
           [,1]      [,2]    [,3]     [,4]
[1,] -0.0770591 -16.82215 959.155 3423.501

[[2]]
[1] 8.149553

GA | iter = 161 | Mean = 7.466584 | Best = 8.149553
-0.0770591 -16.82215 959.155 3423.501[[1]]
           [,1]      [,2]    [,3]     [,4]
[1,] -0.0770591 -16.82215 959.155 3423.501

[[2]]
[1] 8.149553

GA | iter = 162 | Mean = 7.332115 | Best = 8.149553
-0.0770591 -16.82215 959.155 3423.501[[1]]
           [,1]      [,2]    [,3]     [,4]
[1,] -0.0770591 -16.82215 959.155 3423.501

[[2]]
[1] 8.149553

GA | iter = 163 | Mean = 7.393984 | Best = 8.149553
-0.07697002 -16.85966 959.0389 3873.929[[1]]
            [,1]      [,2]     [,3]     [,4]
[1,] -0.07697002 -16.85966 959.0389 3873.929

[[2]]
[1] 8.149871

GA | iter = 164 | Mean = 7.287696 | Best = 8.149871
-0.07697002 -16.85966 959.0389 3873.929[[1]]
            [,1]      [,2]     [,3]     [,4]
[1,] -0.07697002 -16.85966 959.0389 3873.929

[[2]]
[1] 8.149871

GA | iter = 165 | Mean = 7.416764 | Best = 8.149871
-0.07697002 -16.85966 959.0389 3873.929[[1]]
            [,1]      [,2]     [,3]     [,4]
[1,] -0.07697002 -16.85966 959.0389 3873.929

[[2]]
[1] 8.149871

GA | iter = 166 | Mean = 7.440432 | Best = 8.149871
-0.07697002 -16.85966 959.0389 3873.929[[1]]
            [,1]      [,2]     [,3]     [,4]
[1,] -0.07697002 -16.85966 959.0389 3873.929

[[2]]
[1] 8.149871

GA | iter = 167 | Mean = 7.584345 | Best = 8.149871
-0.07668613 -16.91091 959.8476 3795.269[[1]]
            [,1]      [,2]     [,3]     [,4]
[1,] -0.07668613 -16.91091 959.8476 3795.269

[[2]]
[1] 8.14991

GA | iter = 168 | Mean = 7.653063 | Best = 8.149910
-0.07668613 -16.91091 959.8476 3795.269[[1]]
            [,1]      [,2]     [,3]     [,4]
[1,] -0.07668613 -16.91091 959.8476 3795.269

[[2]]
[1] 8.14991

GA | iter = 169 | Mean = 7.401695 | Best = 8.149910
-0.07668613 -16.91091 959.8476 3795.269[[1]]
            [,1]      [,2]     [,3]     [,4]
[1,] -0.07668613 -16.91091 959.8476 3795.269

[[2]]
[1] 8.14991

GA | iter = 170 | Mean = 7.550377 | Best = 8.149910
-0.07668613 -16.91091 959.8476 3795.269[[1]]
            [,1]      [,2]     [,3]     [,4]
[1,] -0.07668613 -16.91091 959.8476 3795.269

[[2]]
[1] 8.14991

GA | iter = 171 | Mean = 7.206777 | Best = 8.149910
-0.07668613 -16.91091 959.8476 3795.269[[1]]
            [,1]      [,2]     [,3]     [,4]
[1,] -0.07668613 -16.91091 959.8476 3795.269

[[2]]
[1] 8.14991

GA | iter = 172 | Mean = 7.435379 | Best = 8.149910
-0.07668613 -16.91091 959.8476 3795.269[[1]]
            [,1]      [,2]     [,3]     [,4]
[1,] -0.07668613 -16.91091 959.8476 3795.269

[[2]]
[1] 8.14991

GA | iter = 173 | Mean = 7.554748 | Best = 8.149910
-0.07668613 -16.91091 959.8476 3795.269[[1]]
            [,1]      [,2]     [,3]     [,4]
[1,] -0.07668613 -16.91091 959.8476 3795.269

[[2]]
[1] 8.14991

GA | iter = 174 | Mean = 7.556303 | Best = 8.149910
-0.07668613 -16.91091 959.8476 3795.269[[1]]
            [,1]      [,2]     [,3]     [,4]
[1,] -0.07668613 -16.91091 959.8476 3795.269

[[2]]
[1] 8.14991

GA | iter = 175 | Mean = 7.592795 | Best = 8.149910
-0.07668613 -16.91091 959.8476 3795.269[[1]]
            [,1]      [,2]     [,3]     [,4]
[1,] -0.07668613 -16.91091 959.8476 3795.269

[[2]]
[1] 8.14991

GA | iter = 176 | Mean = 7.346815 | Best = 8.149910
-0.07668613 -16.91091 959.8476 3795.269[[1]]
            [,1]      [,2]     [,3]     [,4]
[1,] -0.07668613 -16.91091 959.8476 3795.269

[[2]]
[1] 8.14991

GA | iter = 177 | Mean = 7.418994 | Best = 8.149910
-0.07668613 -16.91091 959.8476 3795.269[[1]]
            [,1]      [,2]     [,3]     [,4]
[1,] -0.07668613 -16.91091 959.8476 3795.269

[[2]]
[1] 8.14991

GA | iter = 178 | Mean = 7.414676 | Best = 8.149910
-0.07668613 -16.91091 959.8476 3795.269[[1]]
            [,1]      [,2]     [,3]     [,4]
[1,] -0.07668613 -16.91091 959.8476 3795.269

[[2]]
[1] 8.14991

GA | iter = 179 | Mean = 7.455444 | Best = 8.149910
-0.07668613 -16.91091 959.8476 3795.269[[1]]
            [,1]      [,2]     [,3]     [,4]
[1,] -0.07668613 -16.91091 959.8476 3795.269

[[2]]
[1] 8.14991

GA | iter = 180 | Mean = 7.619667 | Best = 8.149910
-0.07668613 -16.91091 959.8476 3795.269[[1]]
            [,1]      [,2]     [,3]     [,4]
[1,] -0.07668613 -16.91091 959.8476 3795.269

[[2]]
[1] 8.14991

GA | iter = 181 | Mean = 7.404708 | Best = 8.149910
-0.07394769 -18.04602 988.3328 3155.666[[1]]
            [,1]      [,2]     [,3]     [,4]
[1,] -0.07394769 -18.04602 988.3328 3155.666

[[2]]
[1] 8.150561

GA | iter = 182 | Mean = 7.305057 | Best = 8.150561
-0.07394769 -18.04602 988.3328 3155.666[[1]]
            [,1]      [,2]     [,3]     [,4]
[1,] -0.07394769 -18.04602 988.3328 3155.666

[[2]]
[1] 8.150561

GA | iter = 183 | Mean = 7.413342 | Best = 8.150561
-0.07394769 -18.04602 988.3328 3155.666[[1]]
            [,1]      [,2]     [,3]     [,4]
[1,] -0.07394769 -18.04602 988.3328 3155.666

[[2]]
[1] 8.150561

GA | iter = 184 | Mean = 7.526296 | Best = 8.150561
-0.07394769 -18.04602 988.3328 3155.666[[1]]
            [,1]      [,2]     [,3]     [,4]
[1,] -0.07394769 -18.04602 988.3328 3155.666

[[2]]
[1] 8.150561

GA | iter = 185 | Mean = 7.145109 | Best = 8.150561
-0.07394769 -18.04602 988.3328 3155.666[[1]]
            [,1]      [,2]     [,3]     [,4]
[1,] -0.07394769 -18.04602 988.3328 3155.666

[[2]]
[1] 8.150561

GA | iter = 186 | Mean = 7.337893 | Best = 8.150561
-0.07394769 -18.04602 988.3328 3155.666[[1]]
            [,1]      [,2]     [,3]     [,4]
[1,] -0.07394769 -18.04602 988.3328 3155.666

[[2]]
[1] 8.150561

GA | iter = 187 | Mean = 7.475066 | Best = 8.150561
-0.07394769 -18.04602 988.3328 3155.666[[1]]
            [,1]      [,2]     [,3]     [,4]
[1,] -0.07394769 -18.04602 988.3328 3155.666

[[2]]
[1] 8.150561

GA | iter = 188 | Mean = 7.272279 | Best = 8.150561
-0.07394769 -18.04602 988.3328 3155.666[[1]]
            [,1]      [,2]     [,3]     [,4]
[1,] -0.07394769 -18.04602 988.3328 3155.666

[[2]]
[1] 8.150561

GA | iter = 189 | Mean = 7.335215 | Best = 8.150561
-0.07394769 -18.04602 988.3328 3155.666[[1]]
            [,1]      [,2]     [,3]     [,4]
[1,] -0.07394769 -18.04602 988.3328 3155.666

[[2]]
[1] 8.150561

GA | iter = 190 | Mean = 7.566228 | Best = 8.150561
-0.07394769 -18.04602 988.3328 3155.666[[1]]
            [,1]      [,2]     [,3]     [,4]
[1,] -0.07394769 -18.04602 988.3328 3155.666

[[2]]
[1] 8.150561

GA | iter = 191 | Mean = 7.523998 | Best = 8.150561
-0.07394769 -18.04602 988.3328 3155.666[[1]]
            [,1]      [,2]     [,3]     [,4]
[1,] -0.07394769 -18.04602 988.3328 3155.666

[[2]]
[1] 8.150561

GA | iter = 192 | Mean = 7.374540 | Best = 8.150561
-0.07394769 -18.04602 988.3328 3155.666[[1]]
            [,1]      [,2]     [,3]     [,4]
[1,] -0.07394769 -18.04602 988.3328 3155.666

[[2]]
[1] 8.150561

GA | iter = 193 | Mean = 7.468083 | Best = 8.150561
-0.07394769 -18.04602 988.3328 3155.666[[1]]
            [,1]      [,2]     [,3]     [,4]
[1,] -0.07394769 -18.04602 988.3328 3155.666

[[2]]
[1] 8.150561

GA | iter = 194 | Mean = 7.439863 | Best = 8.150561
-0.07629444 -16.94894 973.9348 3161.915[[1]]
            [,1]      [,2]     [,3]     [,4]
[1,] -0.07629444 -16.94894 973.9348 3161.915

[[2]]
[1] 8.151266

GA | iter = 195 | Mean = 7.512070 | Best = 8.151266
-0.07629444 -16.94894 973.9348 3161.915[[1]]
            [,1]      [,2]     [,3]     [,4]
[1,] -0.07629444 -16.94894 973.9348 3161.915

[[2]]
[1] 8.151266

GA | iter = 196 | Mean = 7.305906 | Best = 8.151266
-0.08520314 -17.16686 992.5154 2790.237[[1]]
            [,1]      [,2]     [,3]     [,4]
[1,] -0.08520314 -17.16686 992.5154 2790.237

[[2]]
[1] 8.15272

GA | iter = 197 | Mean = 7.354646 | Best = 8.152720
-0.08520314 -17.16686 992.5154 2790.237[[1]]
            [,1]      [,2]     [,3]     [,4]
[1,] -0.08520314 -17.16686 992.5154 2790.237

[[2]]
[1] 8.15272

GA | iter = 198 | Mean = 7.415016 | Best = 8.152720
-0.08520314 -17.16686 992.5154 2790.237[[1]]
            [,1]      [,2]     [,3]     [,4]
[1,] -0.08520314 -17.16686 992.5154 2790.237

[[2]]
[1] 8.15272

GA | iter = 199 | Mean = 7.397232 | Best = 8.152720
-0.08520314 -17.16686 992.5154 2790.237[[1]]
            [,1]      [,2]     [,3]     [,4]
[1,] -0.08520314 -17.16686 992.5154 2790.237

[[2]]
[1] 8.15272

GA | iter = 200 | Mean = 7.311569 | Best = 8.152720
-0.08520314 -17.16686 992.5154 2790.237[[1]]
            [,1]      [,2]     [,3]     [,4]
[1,] -0.08520314 -17.16686 992.5154 2790.237

[[2]]
[1] 8.15272

GA | iter = 201 | Mean = 7.171186 | Best = 8.152720
-0.08520314 -17.16686 992.5154 2790.237[[1]]
            [,1]      [,2]     [,3]     [,4]
[1,] -0.08520314 -17.16686 992.5154 2790.237

[[2]]
[1] 8.15272

GA | iter = 202 | Mean = 7.412806 | Best = 8.152720
-0.08520314 -17.16686 992.5154 2790.237[[1]]
            [,1]      [,2]     [,3]     [,4]
[1,] -0.08520314 -17.16686 992.5154 2790.237

[[2]]
[1] 8.15272

GA | iter = 203 | Mean = 7.307367 | Best = 8.152720
-0.08520314 -17.16686 992.5154 2790.237[[1]]
            [,1]      [,2]     [,3]     [,4]
[1,] -0.08520314 -17.16686 992.5154 2790.237

[[2]]
[1] 8.15272

GA | iter = 204 | Mean = 7.48382 | Best = 8.15272
-0.08520314 -17.16686 992.5154 2790.237[[1]]
            [,1]      [,2]     [,3]     [,4]
[1,] -0.08520314 -17.16686 992.5154 2790.237

[[2]]
[1] 8.15272

GA | iter = 205 | Mean = 7.569536 | Best = 8.152720
-0.08520314 -17.16686 992.5154 2790.237[[1]]
            [,1]      [,2]     [,3]     [,4]
[1,] -0.08520314 -17.16686 992.5154 2790.237

[[2]]
[1] 8.15272

GA | iter = 206 | Mean = 7.513352 | Best = 8.152720
-0.08520314 -17.16686 992.5154 2790.237[[1]]
            [,1]      [,2]     [,3]     [,4]
[1,] -0.08520314 -17.16686 992.5154 2790.237

[[2]]
[1] 8.15272

GA | iter = 207 | Mean = 7.370997 | Best = 8.152720
-0.08520314 -17.16686 992.5154 2790.237[[1]]
            [,1]      [,2]     [,3]     [,4]
[1,] -0.08520314 -17.16686 992.5154 2790.237

[[2]]
[1] 8.15272

GA | iter = 208 | Mean = 7.409102 | Best = 8.152720
-0.08520314 -17.16686 992.5154 2790.237[[1]]
            [,1]      [,2]     [,3]     [,4]
[1,] -0.08520314 -17.16686 992.5154 2790.237

[[2]]
[1] 8.15272

GA | iter = 209 | Mean = 7.302925 | Best = 8.152720
-0.08520314 -17.16686 992.5154 2790.237[[1]]
            [,1]      [,2]     [,3]     [,4]
[1,] -0.08520314 -17.16686 992.5154 2790.237

[[2]]
[1] 8.15272

GA | iter = 210 | Mean = 7.323234 | Best = 8.152720
-0.08520314 -17.16686 992.5154 2790.237[[1]]
            [,1]      [,2]     [,3]     [,4]
[1,] -0.08520314 -17.16686 992.5154 2790.237

[[2]]
[1] 8.15272

GA | iter = 211 | Mean = 7.340173 | Best = 8.152720
-0.08520314 -17.16686 992.5154 2790.237[[1]]
            [,1]      [,2]     [,3]     [,4]
[1,] -0.08520314 -17.16686 992.5154 2790.237

[[2]]
[1] 8.15272

GA | iter = 212 | Mean = 7.483723 | Best = 8.152720
-0.08520314 -17.16686 992.5154 2790.237[[1]]
            [,1]      [,2]     [,3]     [,4]
[1,] -0.08520314 -17.16686 992.5154 2790.237

[[2]]
[1] 8.15272

GA | iter = 213 | Mean = 7.491301 | Best = 8.152720
-0.08520314 -17.16686 992.5154 2790.237[[1]]
            [,1]      [,2]     [,3]     [,4]
[1,] -0.08520314 -17.16686 992.5154 2790.237

[[2]]
[1] 8.15272

GA | iter = 214 | Mean = 7.472039 | Best = 8.152720
-0.08520314 -17.16686 992.5154 2790.237[[1]]
            [,1]      [,2]     [,3]     [,4]
[1,] -0.08520314 -17.16686 992.5154 2790.237

[[2]]
[1] 8.15272

GA | iter = 215 | Mean = 7.401618 | Best = 8.152720
-0.08520314 -17.16686 992.5154 2790.237[[1]]
            [,1]      [,2]     [,3]     [,4]
[1,] -0.08520314 -17.16686 992.5154 2790.237

[[2]]
[1] 8.15272

GA | iter = 216 | Mean = 7.449719 | Best = 8.152720
-0.08520314 -17.16686 992.5154 2790.237[[1]]
            [,1]      [,2]     [,3]     [,4]
[1,] -0.08520314 -17.16686 992.5154 2790.237

[[2]]
[1] 8.15272

GA | iter = 217 | Mean = 7.494513 | Best = 8.152720
-0.08520314 -17.16686 992.5154 2790.237[[1]]
            [,1]      [,2]     [,3]     [,4]
[1,] -0.08520314 -17.16686 992.5154 2790.237

[[2]]
[1] 8.15272

GA | iter = 218 | Mean = 7.377207 | Best = 8.152720
-0.08520314 -17.16686 992.5154 2790.237[[1]]
            [,1]      [,2]     [,3]     [,4]
[1,] -0.08520314 -17.16686 992.5154 2790.237

[[2]]
[1] 8.15272

GA | iter = 219 | Mean = 7.518138 | Best = 8.152720
-0.08520314 -17.16686 992.5154 2790.237[[1]]
            [,1]      [,2]     [,3]     [,4]
[1,] -0.08520314 -17.16686 992.5154 2790.237

[[2]]
[1] 8.15272

GA | iter = 220 | Mean = 7.376935 | Best = 8.152720
-0.07495858 -17.18397 987.9523 3049.545[[1]]
            [,1]      [,2]     [,3]     [,4]
[1,] -0.07495858 -17.18397 987.9523 3049.545

[[2]]
[1] 8.153011

GA | iter = 221 | Mean = 7.482488 | Best = 8.153011
-0.07495858 -17.18397 987.9523 3049.545[[1]]
            [,1]      [,2]     [,3]     [,4]
[1,] -0.07495858 -17.18397 987.9523 3049.545

[[2]]
[1] 8.153011

GA | iter = 222 | Mean = 7.335909 | Best = 8.153011
-0.07495858 -17.18397 987.9523 3049.545[[1]]
            [,1]      [,2]     [,3]     [,4]
[1,] -0.07495858 -17.18397 987.9523 3049.545

[[2]]
[1] 8.153011

GA | iter = 223 | Mean = 7.170017 | Best = 8.153011
-0.07495858 -17.18397 987.9523 3049.545[[1]]
            [,1]      [,2]     [,3]     [,4]
[1,] -0.07495858 -17.18397 987.9523 3049.545

[[2]]
[1] 8.153011

GA | iter = 224 | Mean = 7.340118 | Best = 8.153011
-0.07495858 -17.18397 987.9523 3049.545[[1]]
            [,1]      [,2]     [,3]     [,4]
[1,] -0.07495858 -17.18397 987.9523 3049.545

[[2]]
[1] 8.153011

GA | iter = 225 | Mean = 7.605777 | Best = 8.153011
-0.07495858 -17.18397 987.9523 3049.545[[1]]
            [,1]      [,2]     [,3]     [,4]
[1,] -0.07495858 -17.18397 987.9523 3049.545

[[2]]
[1] 8.153011

GA | iter = 226 | Mean = 7.550222 | Best = 8.153011
-0.07495858 -17.18397 987.9523 3049.545[[1]]
            [,1]      [,2]     [,3]     [,4]
[1,] -0.07495858 -17.18397 987.9523 3049.545

[[2]]
[1] 8.153011

GA | iter = 227 | Mean = 7.430177 | Best = 8.153011
-0.07495858 -17.18397 987.9523 3049.545[[1]]
            [,1]      [,2]     [,3]     [,4]
[1,] -0.07495858 -17.18397 987.9523 3049.545

[[2]]
[1] 8.153011

GA | iter = 228 | Mean = 7.529221 | Best = 8.153011
-0.07495858 -17.18397 987.9523 3049.545[[1]]
            [,1]      [,2]     [,3]     [,4]
[1,] -0.07495858 -17.18397 987.9523 3049.545

[[2]]
[1] 8.153011

GA | iter = 229 | Mean = 7.398032 | Best = 8.153011
-0.07495858 -17.18397 987.9523 3049.545[[1]]
            [,1]      [,2]     [,3]     [,4]
[1,] -0.07495858 -17.18397 987.9523 3049.545

[[2]]
[1] 8.153011

GA | iter = 230 | Mean = 7.440839 | Best = 8.153011
-0.07495858 -17.18397 987.9523 3049.545[[1]]
            [,1]      [,2]     [,3]     [,4]
[1,] -0.07495858 -17.18397 987.9523 3049.545

[[2]]
[1] 8.153011

GA | iter = 231 | Mean = 7.376986 | Best = 8.153011
-0.07495858 -17.18397 987.9523 3049.545[[1]]
            [,1]      [,2]     [,3]     [,4]
[1,] -0.07495858 -17.18397 987.9523 3049.545

[[2]]
[1] 8.153011

GA | iter = 232 | Mean = 7.323309 | Best = 8.153011
-0.07495858 -17.18397 987.9523 3049.545[[1]]
            [,1]      [,2]     [,3]     [,4]
[1,] -0.07495858 -17.18397 987.9523 3049.545

[[2]]
[1] 8.153011

GA | iter = 233 | Mean = 7.347533 | Best = 8.153011
-0.07495858 -17.18397 987.9523 3049.545[[1]]
            [,1]      [,2]     [,3]     [,4]
[1,] -0.07495858 -17.18397 987.9523 3049.545

[[2]]
[1] 8.153011

GA | iter = 234 | Mean = 7.431623 | Best = 8.153011
-0.07495858 -17.18397 987.9523 3049.545[[1]]
            [,1]      [,2]     [,3]     [,4]
[1,] -0.07495858 -17.18397 987.9523 3049.545

[[2]]
[1] 8.153011

GA | iter = 235 | Mean = 7.431697 | Best = 8.153011
-0.07495858 -17.18397 987.9523 3049.545[[1]]
            [,1]      [,2]     [,3]     [,4]
[1,] -0.07495858 -17.18397 987.9523 3049.545

[[2]]
[1] 8.153011

GA | iter = 236 | Mean = 7.499091 | Best = 8.153011
-0.07495858 -17.18397 987.9523 3049.545[[1]]
            [,1]      [,2]     [,3]     [,4]
[1,] -0.07495858 -17.18397 987.9523 3049.545

[[2]]
[1] 8.153011

GA | iter = 237 | Mean = 7.522056 | Best = 8.153011
-0.07495858 -17.18397 987.9523 3049.545[[1]]
            [,1]      [,2]     [,3]     [,4]
[1,] -0.07495858 -17.18397 987.9523 3049.545

[[2]]
[1] 8.153011

GA | iter = 238 | Mean = 7.227876 | Best = 8.153011
-0.07495858 -17.18397 987.9523 3049.545[[1]]
            [,1]      [,2]     [,3]     [,4]
[1,] -0.07495858 -17.18397 987.9523 3049.545

[[2]]
[1] 8.153011

GA | iter = 239 | Mean = 7.292067 | Best = 8.153011
-0.07495858 -17.18397 987.9523 3049.545[[1]]
            [,1]      [,2]     [,3]     [,4]
[1,] -0.07495858 -17.18397 987.9523 3049.545

[[2]]
[1] 8.153011

GA | iter = 240 | Mean = 7.235573 | Best = 8.153011
-0.07495858 -17.18397 987.9523 3049.545[[1]]
            [,1]      [,2]     [,3]     [,4]
[1,] -0.07495858 -17.18397 987.9523 3049.545

[[2]]
[1] 8.153011

GA | iter = 241 | Mean = 7.402532 | Best = 8.153011
-0.07495858 -17.18397 987.9523 3049.545[[1]]
            [,1]      [,2]     [,3]     [,4]
[1,] -0.07495858 -17.18397 987.9523 3049.545

[[2]]
[1] 8.153011

GA | iter = 242 | Mean = 7.261255 | Best = 8.153011
-0.07495858 -17.18397 987.9523 3049.545[[1]]
            [,1]      [,2]     [,3]     [,4]
[1,] -0.07495858 -17.18397 987.9523 3049.545

[[2]]
[1] 8.153011

GA | iter = 243 | Mean = 7.308641 | Best = 8.153011
-0.07495858 -17.18397 987.9523 3049.545[[1]]
            [,1]      [,2]     [,3]     [,4]
[1,] -0.07495858 -17.18397 987.9523 3049.545

[[2]]
[1] 8.153011

GA | iter = 244 | Mean = 7.524928 | Best = 8.153011
-0.07613712 -17.24553 992.1376 3043.327[[1]]
            [,1]      [,2]     [,3]     [,4]
[1,] -0.07613712 -17.24553 992.1376 3043.327

[[2]]
[1] 8.153585

GA | iter = 245 | Mean = 7.318329 | Best = 8.153585
-0.07613712 -17.24553 992.1376 3043.327[[1]]
            [,1]      [,2]     [,3]     [,4]
[1,] -0.07613712 -17.24553 992.1376 3043.327

[[2]]
[1] 8.153585

GA | iter = 246 | Mean = 7.244819 | Best = 8.153585
-0.07613712 -17.24553 992.1376 3043.327[[1]]
            [,1]      [,2]     [,3]     [,4]
[1,] -0.07613712 -17.24553 992.1376 3043.327

[[2]]
[1] 8.153585

GA | iter = 247 | Mean = 7.274647 | Best = 8.153585
-0.07613712 -17.24553 992.1376 3043.327[[1]]
            [,1]      [,2]     [,3]     [,4]
[1,] -0.07613712 -17.24553 992.1376 3043.327

[[2]]
[1] 8.153585

GA | iter = 248 | Mean = 7.468631 | Best = 8.153585
-0.07613712 -17.24553 992.1376 3043.327[[1]]
            [,1]      [,2]     [,3]     [,4]
[1,] -0.07613712 -17.24553 992.1376 3043.327

[[2]]
[1] 8.153585

GA | iter = 249 | Mean = 7.484440 | Best = 8.153585
-0.07613712 -17.24553 992.1376 3043.327[[1]]
            [,1]      [,2]     [,3]     [,4]
[1,] -0.07613712 -17.24553 992.1376 3043.327

[[2]]
[1] 8.153585

GA | iter = 250 | Mean = 7.523400 | Best = 8.153585
-0.07613712 -17.24553 992.1376 3043.327[[1]]
            [,1]      [,2]     [,3]     [,4]
[1,] -0.07613712 -17.24553 992.1376 3043.327

[[2]]
[1] 8.153585

GA | iter = 251 | Mean = 7.247454 | Best = 8.153585
-0.07613712 -17.24553 992.1376 3043.327[[1]]
            [,1]      [,2]     [,3]     [,4]
[1,] -0.07613712 -17.24553 992.1376 3043.327

[[2]]
[1] 8.153585

GA | iter = 252 | Mean = 7.363565 | Best = 8.153585
-0.07831214 -17.14939 990.9274 4770.606[[1]]
            [,1]      [,2]     [,3]     [,4]
[1,] -0.07831214 -17.14939 990.9274 4770.606

[[2]]
[1] 8.154605

GA | iter = 253 | Mean = 7.381266 | Best = 8.154605
slurmstepd: error: *** JOB 28365834 ON cdr2409 CANCELLED AT 2022-03-06T15:47:22 DUE TO TIME LIMIT ***
