
Lmod is automatically replacing "intel/2020.1.217" with "gcc/9.3.0".


Due to MODULEPATH changes, the following have been reloaded:
  1) openmpi/4.0.3


R version 4.0.2 (2020-06-22) -- "Taking Off Again"
Copyright (C) 2020 The R Foundation for Statistical Computing
Platform: x86_64-pc-linux-gnu (64-bit)

R is free software and comes with ABSOLUTELY NO WARRANTY.
You are welcome to redistribute it under certain conditions.
Type 'license()' or 'licence()' for distribution details.

  Natural language support but running in an English locale

R is a collaborative project with many contributors.
Type 'contributors()' for more information and
'citation()' on how to cite R or R packages in publications.

Type 'demo()' for some demos, 'help()' for on-line help, or
'help.start()' for an HTML browser interface to help.
Type 'q()' to quit R.

> # R script to submit parallelized genetic algorithm optimzied runs.
> 
> # load libraries
> library(doParallel)
Loading required package: foreach
Loading required package: iterators
Loading required package: parallel
> library(GA)
Package 'GA' version 3.2.2
Type 'citation("GA")' for citing this R package in publications.

Attaching package: ‘GA’

The following object is masked from ‘package:utils’:

    de

> library(here)
here() starts at /project/6004331/wanglu57/Project_Plasmodium
> library(doRNG)
Loading required package: rngtools
> 
> source(here::here("functions/ga_verbose.R"), local = T)
> source(here::here("functions/chabaudi_si_clean.R"), local = T)
> # load function
> #-----------------------------#
> # load in parameters
> #-----------------------------#
> parameters_tsukushi <- c(R1 = 8.89*10^6, # slightly higher
+                          lambda = 3.7*10^5,
+                          mu = 0.025, 
+                          p = 8*10^-6, # doubled form original
+                          alpha = 1, 
+                          alphag = 2, 
+                          beta = 5.721, 
+                          mum = 48, 
+                          mug = 4, 
+                          I0 = 43.85965, 
+                          Ig0 = 0, 
+                          a = 150, 
+                          b = 100, 
+                          sp = 1,
+                          psin = 16.69234,
+                          psiw = 0.8431785,
+                          phin = 0.03520591, 
+                          phiw = 550.842,
+                          iota = 2.18*(10^6),
+                          rho = 0.2627156)
> 
> time_range <- seq(0, 20, by = 1e-3)
> 
> R_range <- seq(log10(10^6), log10(10^8), by = log10((10^8)-(10^6))/5000)
> 
> #-----------------------------#
> # Begin parallelized code
> #----------------------------#
> 
> 
> # Create an array from the NODESLIST environnement variable
> nodeslist = unlist(strsplit(Sys.getenv("NODESLIST"), split=" "))
> 
> # Create the cluster with the nodes name. One process per count of node name.
> # nodeslist = node1 node1 node2 node2, means we are starting 2 processes on node1, likewise on node2.
> cl = makeCluster(nodeslist, type = "PSOCK") 
> registerDoParallel(cl)
> clusterExport(cl,c("ga_verbose", "time_range", "parameters_tsukushi", "R_range", "chabaudi_si_clean")) 
> clusterCall(cl, library, package = "mclust", character.only = TRUE)
[[1]]
[1] "mclust"    "stats"     "graphics"  "grDevices" "utils"     "datasets" 
[7] "methods"   "base"     

[[2]]
[1] "mclust"    "stats"     "graphics"  "grDevices" "utils"     "datasets" 
[7] "methods"   "base"     

[[3]]
[1] "mclust"    "stats"     "graphics"  "grDevices" "utils"     "datasets" 
[7] "methods"   "base"     

[[4]]
[1] "mclust"    "stats"     "graphics"  "grDevices" "utils"     "datasets" 
[7] "methods"   "base"     

[[5]]
[1] "mclust"    "stats"     "graphics"  "grDevices" "utils"     "datasets" 
[7] "methods"   "base"     

[[6]]
[1] "mclust"    "stats"     "graphics"  "grDevices" "utils"     "datasets" 
[7] "methods"   "base"     

[[7]]
[1] "mclust"    "stats"     "graphics"  "grDevices" "utils"     "datasets" 
[7] "methods"   "base"     

[[8]]
[1] "mclust"    "stats"     "graphics"  "grDevices" "utils"     "datasets" 
[7] "methods"   "base"     

[[9]]
[1] "mclust"    "stats"     "graphics"  "grDevices" "utils"     "datasets" 
[7] "methods"   "base"     

[[10]]
[1] "mclust"    "stats"     "graphics"  "grDevices" "utils"     "datasets" 
[7] "methods"   "base"     

[[11]]
[1] "mclust"    "stats"     "graphics"  "grDevices" "utils"     "datasets" 
[7] "methods"   "base"     

[[12]]
[1] "mclust"    "stats"     "graphics"  "grDevices" "utils"     "datasets" 
[7] "methods"   "base"     

[[13]]
[1] "mclust"    "stats"     "graphics"  "grDevices" "utils"     "datasets" 
[7] "methods"   "base"     

[[14]]
[1] "mclust"    "stats"     "graphics"  "grDevices" "utils"     "datasets" 
[7] "methods"   "base"     

[[15]]
[1] "mclust"    "stats"     "graphics"  "grDevices" "utils"     "datasets" 
[7] "methods"   "base"     

[[16]]
[1] "mclust"    "stats"     "graphics"  "grDevices" "utils"     "datasets" 
[7] "methods"   "base"     

[[17]]
[1] "mclust"    "stats"     "graphics"  "grDevices" "utils"     "datasets" 
[7] "methods"   "base"     

[[18]]
[1] "mclust"    "stats"     "graphics"  "grDevices" "utils"     "datasets" 
[7] "methods"   "base"     

[[19]]
[1] "mclust"    "stats"     "graphics"  "grDevices" "utils"     "datasets" 
[7] "methods"   "base"     

[[20]]
[1] "mclust"    "stats"     "graphics"  "grDevices" "utils"     "datasets" 
[7] "methods"   "base"     

[[21]]
[1] "mclust"    "stats"     "graphics"  "grDevices" "utils"     "datasets" 
[7] "methods"   "base"     

[[22]]
[1] "mclust"    "stats"     "graphics"  "grDevices" "utils"     "datasets" 
[7] "methods"   "base"     

[[23]]
[1] "mclust"    "stats"     "graphics"  "grDevices" "utils"     "datasets" 
[7] "methods"   "base"     

[[24]]
[1] "mclust"    "stats"     "graphics"  "grDevices" "utils"     "datasets" 
[7] "methods"   "base"     

[[25]]
[1] "mclust"    "stats"     "graphics"  "grDevices" "utils"     "datasets" 
[7] "methods"   "base"     

[[26]]
[1] "mclust"    "stats"     "graphics"  "grDevices" "utils"     "datasets" 
[7] "methods"   "base"     

[[27]]
[1] "mclust"    "stats"     "graphics"  "grDevices" "utils"     "datasets" 
[7] "methods"   "base"     

[[28]]
[1] "mclust"    "stats"     "graphics"  "grDevices" "utils"     "datasets" 
[7] "methods"   "base"     

[[29]]
[1] "mclust"    "stats"     "graphics"  "grDevices" "utils"     "datasets" 
[7] "methods"   "base"     

[[30]]
[1] "mclust"    "stats"     "graphics"  "grDevices" "utils"     "datasets" 
[7] "methods"   "base"     

[[31]]
[1] "mclust"    "stats"     "graphics"  "grDevices" "utils"     "datasets" 
[7] "methods"   "base"     

[[32]]
[1] "mclust"    "stats"     "graphics"  "grDevices" "utils"     "datasets" 
[7] "methods"   "base"     

[[33]]
[1] "mclust"    "stats"     "graphics"  "grDevices" "utils"     "datasets" 
[7] "methods"   "base"     

[[34]]
[1] "mclust"    "stats"     "graphics"  "grDevices" "utils"     "datasets" 
[7] "methods"   "base"     

[[35]]
[1] "mclust"    "stats"     "graphics"  "grDevices" "utils"     "datasets" 
[7] "methods"   "base"     

[[36]]
[1] "mclust"    "stats"     "graphics"  "grDevices" "utils"     "datasets" 
[7] "methods"   "base"     

[[37]]
[1] "mclust"    "stats"     "graphics"  "grDevices" "utils"     "datasets" 
[7] "methods"   "base"     

[[38]]
[1] "mclust"    "stats"     "graphics"  "grDevices" "utils"     "datasets" 
[7] "methods"   "base"     

[[39]]
[1] "mclust"    "stats"     "graphics"  "grDevices" "utils"     "datasets" 
[7] "methods"   "base"     

[[40]]
[1] "mclust"    "stats"     "graphics"  "grDevices" "utils"     "datasets" 
[7] "methods"   "base"     

[[41]]
[1] "mclust"    "stats"     "graphics"  "grDevices" "utils"     "datasets" 
[7] "methods"   "base"     

[[42]]
[1] "mclust"    "stats"     "graphics"  "grDevices" "utils"     "datasets" 
[7] "methods"   "base"     

[[43]]
[1] "mclust"    "stats"     "graphics"  "grDevices" "utils"     "datasets" 
[7] "methods"   "base"     

[[44]]
[1] "mclust"    "stats"     "graphics"  "grDevices" "utils"     "datasets" 
[7] "methods"   "base"     

[[45]]
[1] "mclust"    "stats"     "graphics"  "grDevices" "utils"     "datasets" 
[7] "methods"   "base"     

[[46]]
[1] "mclust"    "stats"     "graphics"  "grDevices" "utils"     "datasets" 
[7] "methods"   "base"     

[[47]]
[1] "mclust"    "stats"     "graphics"  "grDevices" "utils"     "datasets" 
[7] "methods"   "base"     

[[48]]
[1] "mclust"    "stats"     "graphics"  "grDevices" "utils"     "datasets" 
[7] "methods"   "base"     

> ga_res <- ga_verbose(type = "real-valued", 
+                      function(x)
+                        chabaudi_si_clean(
+                          parameters_cr = c(x[1], x[2], x[3], x[4]), 
+                          parameters = parameters_tsukushi, 
+                          time_range = time_range, 
+                          cue = "R", 
+                          cue_range = R_range, 
+                          log_cue = "log10",
+                          immunity = "tsukushi",
+                          solver = "vode"),
+                      lower = c(-5, -100, -500, -1000), # range determined that would alter shape of spline
+                      upper = c(5,100,500, 1000),  
+                      popSize = 250, 
+                      maxiter = 500, # change to 10 for testing purpose 
+                      pmutation = 0.3,
+                      keepBest = TRUE,
+                      run = 50,
+                      parallel = cl,
+                      seed = 137,
+                      monitor = TRUE,
+                      id = "2022-02-01_ga-si-R-log")
3.597827 7.024184 -206.5063 657.7222[[1]]
         [,1]     [,2]      [,3]     [,4]
[1,] 3.597827 7.024184 -206.5063 657.7222

[[2]]
[1] 2.169372

GA | iter = 1 | Mean = 0.08707613 | Best = 2.16937151
4.648781 -32.68616 -133.4042 522.5617[[1]]
         [,1]      [,2]      [,3]     [,4]
[1,] 4.648781 -32.68616 -133.4042 522.5617

[[2]]
[1] 3.815165

GA | iter = 2 | Mean = 0.1638473 | Best = 3.8151653
3.149012 -17.46798 -20.53091 109.0031[[1]]
         [,1]      [,2]      [,3]     [,4]
[1,] 3.149012 -17.46798 -20.53091 109.0031

[[2]]
[1] 4.634926

GA | iter = 3 | Mean = 0.2232524 | Best = 4.6349260
3.149012 -17.46798 -20.53091 109.0031[[1]]
         [,1]      [,2]      [,3]     [,4]
[1,] 3.149012 -17.46798 -20.53091 109.0031

[[2]]
[1] 4.634926

GA | iter = 4 | Mean = 0.3329447 | Best = 4.6349260
3.149012 -17.46798 -20.53091 109.0031[[1]]
         [,1]      [,2]      [,3]     [,4]
[1,] 3.149012 -17.46798 -20.53091 109.0031

[[2]]
[1] 4.634926

GA | iter = 5 | Mean = 0.3641046 | Best = 4.6349260
3.149012 -17.46798 -20.53091 109.0031[[1]]
         [,1]      [,2]      [,3]     [,4]
[1,] 3.149012 -17.46798 -20.53091 109.0031

[[2]]
[1] 4.634926

GA | iter = 6 | Mean = 0.398805 | Best = 4.634926
3.149012 -17.46798 -20.53091 109.0031[[1]]
         [,1]      [,2]      [,3]     [,4]
[1,] 3.149012 -17.46798 -20.53091 109.0031

[[2]]
[1] 4.634926

GA | iter = 7 | Mean = 0.4608352 | Best = 4.6349260
3.149012 -17.46798 -20.53091 109.0031[[1]]
         [,1]      [,2]      [,3]     [,4]
[1,] 3.149012 -17.46798 -20.53091 109.0031

[[2]]
[1] 4.634926

GA | iter = 8 | Mean = 0.6806113 | Best = 4.6349260
0.2818771 40.92292 -140.7582 310.5557[[1]]
          [,1]     [,2]      [,3]     [,4]
[1,] 0.2818771 40.92292 -140.7582 310.5557

[[2]]
[1] 5.758139

GA | iter = 9 | Mean = 0.6719467 | Best = 5.7581392
0.2818771 40.92292 -140.7582 310.5557[[1]]
          [,1]     [,2]      [,3]     [,4]
[1,] 0.2818771 40.92292 -140.7582 310.5557

[[2]]
[1] 5.758139

GA | iter = 10 | Mean = 0.7630141 | Best = 5.7581392
0.2818771 40.92292 -140.7582 310.5557[[1]]
          [,1]     [,2]      [,3]     [,4]
[1,] 0.2818771 40.92292 -140.7582 310.5557

[[2]]
[1] 5.758139

GA | iter = 11 | Mean = 0.7440938 | Best = 5.7581392
0.2818771 40.92292 -140.7582 310.5557[[1]]
          [,1]     [,2]      [,3]     [,4]
[1,] 0.2818771 40.92292 -140.7582 310.5557

[[2]]
[1] 5.758139

GA | iter = 12 | Mean = 0.8252964 | Best = 5.7581392
0.2818771 40.92292 -140.7582 310.5557[[1]]
          [,1]     [,2]      [,3]     [,4]
[1,] 0.2818771 40.92292 -140.7582 310.5557

[[2]]
[1] 5.758139

GA | iter = 13 | Mean = 0.9439278 | Best = 5.7581392
-0.02032909 5.59609 -68.42924 205.79[[1]]
            [,1]    [,2]      [,3]   [,4]
[1,] -0.02032909 5.59609 -68.42924 205.79

[[2]]
[1] 5.816379

GA | iter = 14 | Mean = 1.032618 | Best = 5.816379
-0.02032909 5.59609 -68.42924 205.79[[1]]
            [,1]    [,2]      [,3]   [,4]
[1,] -0.02032909 5.59609 -68.42924 205.79

[[2]]
[1] 5.816379

GA | iter = 15 | Mean = 1.004344 | Best = 5.816379
-0.02032909 5.59609 -68.42924 205.79[[1]]
            [,1]    [,2]      [,3]   [,4]
[1,] -0.02032909 5.59609 -68.42924 205.79

[[2]]
[1] 5.816379

GA | iter = 16 | Mean = 1.047290 | Best = 5.816379
1.21299 -10.55043 -26.567 115.3587[[1]]
        [,1]      [,2]    [,3]     [,4]
[1,] 1.21299 -10.55043 -26.567 115.3587

[[2]]
[1] 6.021422

GA | iter = 17 | Mean = 1.224975 | Best = 6.021422
1.21299 -10.55043 -26.567 115.3587[[1]]
        [,1]      [,2]    [,3]     [,4]
[1,] 1.21299 -10.55043 -26.567 115.3587

[[2]]
[1] 6.021422

GA | iter = 18 | Mean = 1.284286 | Best = 6.021422
1.21299 -10.55043 -26.567 115.3587[[1]]
        [,1]      [,2]    [,3]     [,4]
[1,] 1.21299 -10.55043 -26.567 115.3587

[[2]]
[1] 6.021422

GA | iter = 19 | Mean = 1.187165 | Best = 6.021422
1.21299 -10.55043 -26.567 115.3587[[1]]
        [,1]      [,2]    [,3]     [,4]
[1,] 1.21299 -10.55043 -26.567 115.3587

[[2]]
[1] 6.021422

GA | iter = 20 | Mean = 1.170348 | Best = 6.021422
1.21299 -10.55043 -26.567 115.3587[[1]]
        [,1]      [,2]    [,3]     [,4]
[1,] 1.21299 -10.55043 -26.567 115.3587

[[2]]
[1] 6.021422

GA | iter = 21 | Mean = 1.226796 | Best = 6.021422
1.21299 -10.55043 -26.567 115.3587[[1]]
        [,1]      [,2]    [,3]     [,4]
[1,] 1.21299 -10.55043 -26.567 115.3587

[[2]]
[1] 6.021422

GA | iter = 22 | Mean = 1.303461 | Best = 6.021422
1.21299 -10.55043 -26.567 115.3587[[1]]
        [,1]      [,2]    [,3]     [,4]
[1,] 1.21299 -10.55043 -26.567 115.3587

[[2]]
[1] 6.021422

GA | iter = 23 | Mean = 1.153406 | Best = 6.021422
1.21299 -10.55043 -26.567 115.3587[[1]]
        [,1]      [,2]    [,3]     [,4]
[1,] 1.21299 -10.55043 -26.567 115.3587

[[2]]
[1] 6.021422

GA | iter = 24 | Mean = 1.224366 | Best = 6.021422
1.21299 -10.55043 -26.567 115.3587[[1]]
        [,1]      [,2]    [,3]     [,4]
[1,] 1.21299 -10.55043 -26.567 115.3587

[[2]]
[1] 6.021422

GA | iter = 25 | Mean = 1.211832 | Best = 6.021422
1.21299 -10.55043 -26.567 115.3587[[1]]
        [,1]      [,2]    [,3]     [,4]
[1,] 1.21299 -10.55043 -26.567 115.3587

[[2]]
[1] 6.021422

GA | iter = 26 | Mean = 1.261565 | Best = 6.021422
1.21299 -10.55043 -26.567 115.3587[[1]]
        [,1]      [,2]    [,3]     [,4]
[1,] 1.21299 -10.55043 -26.567 115.3587

[[2]]
[1] 6.021422

GA | iter = 27 | Mean = 1.324001 | Best = 6.021422
1.21299 -10.55043 -26.567 115.3587[[1]]
        [,1]      [,2]    [,3]     [,4]
[1,] 1.21299 -10.55043 -26.567 115.3587

[[2]]
[1] 6.021422

GA | iter = 28 | Mean = 1.452368 | Best = 6.021422
1.21299 -10.55043 -26.567 115.3587[[1]]
        [,1]      [,2]    [,3]     [,4]
[1,] 1.21299 -10.55043 -26.567 115.3587

[[2]]
[1] 6.021422

GA | iter = 29 | Mean = 1.379244 | Best = 6.021422
-1.62405 -3.102837 -28.31739 119.1745[[1]]
         [,1]      [,2]      [,3]     [,4]
[1,] -1.62405 -3.102837 -28.31739 119.1745

[[2]]
[1] 6.328528

GA | iter = 30 | Mean = 1.168077 | Best = 6.328528
-1.62405 -3.102837 -28.31739 119.1745[[1]]
         [,1]      [,2]      [,3]     [,4]
[1,] -1.62405 -3.102837 -28.31739 119.1745

[[2]]
[1] 6.328528

GA | iter = 31 | Mean = 1.048282 | Best = 6.328528
-1.62405 -3.102837 -28.31739 119.1745[[1]]
         [,1]      [,2]      [,3]     [,4]
[1,] -1.62405 -3.102837 -28.31739 119.1745

[[2]]
[1] 6.328528

GA | iter = 32 | Mean = 0.9396603 | Best = 6.3285279
-1.62405 -3.102837 -28.31739 119.1745[[1]]
         [,1]      [,2]      [,3]     [,4]
[1,] -1.62405 -3.102837 -28.31739 119.1745

[[2]]
[1] 6.328528

GA | iter = 33 | Mean = 0.8787998 | Best = 6.3285279
-1.62405 -3.102837 -28.31739 119.1745[[1]]
         [,1]      [,2]      [,3]     [,4]
[1,] -1.62405 -3.102837 -28.31739 119.1745

[[2]]
[1] 6.328528

GA | iter = 34 | Mean = 1.106110 | Best = 6.328528
-1.62405 -3.102837 -28.31739 119.1745[[1]]
         [,1]      [,2]      [,3]     [,4]
[1,] -1.62405 -3.102837 -28.31739 119.1745

[[2]]
[1] 6.328528

GA | iter = 35 | Mean = 1.026048 | Best = 6.328528
-1.62405 -3.102837 -28.31739 119.1745[[1]]
         [,1]      [,2]      [,3]     [,4]
[1,] -1.62405 -3.102837 -28.31739 119.1745

[[2]]
[1] 6.328528

GA | iter = 36 | Mean = 1.010242 | Best = 6.328528
-1.62405 -3.102837 -28.31739 119.1745[[1]]
         [,1]      [,2]      [,3]     [,4]
[1,] -1.62405 -3.102837 -28.31739 119.1745

[[2]]
[1] 6.328528

GA | iter = 37 | Mean = 0.9784767 | Best = 6.3285279
0.8658022 13.08122 -53.13746 120.5225[[1]]
          [,1]     [,2]      [,3]     [,4]
[1,] 0.8658022 13.08122 -53.13746 120.5225

[[2]]
[1] 7.264723

GA | iter = 38 | Mean = 1.044841 | Best = 7.264723
0.8658022 13.08122 -53.13746 120.5225[[1]]
          [,1]     [,2]      [,3]     [,4]
[1,] 0.8658022 13.08122 -53.13746 120.5225

[[2]]
[1] 7.264723

GA | iter = 39 | Mean = 0.9675862 | Best = 7.2647231
0.8658022 13.08122 -53.13746 120.5225[[1]]
          [,1]     [,2]      [,3]     [,4]
[1,] 0.8658022 13.08122 -53.13746 120.5225

[[2]]
[1] 7.264723

GA | iter = 40 | Mean = 0.8919458 | Best = 7.2647231
0.8658022 13.08122 -53.13746 120.5225[[1]]
          [,1]     [,2]      [,3]     [,4]
[1,] 0.8658022 13.08122 -53.13746 120.5225

[[2]]
[1] 7.264723

GA | iter = 41 | Mean = 0.9214483 | Best = 7.2647231
0.8658022 13.08122 -53.13746 120.5225[[1]]
          [,1]     [,2]      [,3]     [,4]
[1,] 0.8658022 13.08122 -53.13746 120.5225

[[2]]
[1] 7.264723

GA | iter = 42 | Mean = 0.7763393 | Best = 7.2647231
0.8658022 13.08122 -53.13746 120.5225[[1]]
          [,1]     [,2]      [,3]     [,4]
[1,] 0.8658022 13.08122 -53.13746 120.5225

[[2]]
[1] 7.264723

GA | iter = 43 | Mean = 0.9989953 | Best = 7.2647231
-4.183028 16.74529 -20.16592 44.23479[[1]]
          [,1]     [,2]      [,3]     [,4]
[1,] -4.183028 16.74529 -20.16592 44.23479

[[2]]
[1] 7.672147

GA | iter = 44 | Mean = 0.9744672 | Best = 7.6721471
-4.183028 16.74529 -20.16592 44.23479[[1]]
          [,1]     [,2]      [,3]     [,4]
[1,] -4.183028 16.74529 -20.16592 44.23479

[[2]]
[1] 7.672147

GA | iter = 45 | Mean = 0.9346894 | Best = 7.6721471
-4.183028 16.74529 -20.16592 44.23479[[1]]
          [,1]     [,2]      [,3]     [,4]
[1,] -4.183028 16.74529 -20.16592 44.23479

[[2]]
[1] 7.672147

GA | iter = 46 | Mean = 0.8016615 | Best = 7.6721471
-4.183028 16.74529 -20.16592 44.23479[[1]]
          [,1]     [,2]      [,3]     [,4]
[1,] -4.183028 16.74529 -20.16592 44.23479

[[2]]
[1] 7.672147

GA | iter = 47 | Mean = 0.9160813 | Best = 7.6721471
-4.183028 16.74529 -20.16592 44.23479[[1]]
          [,1]     [,2]      [,3]     [,4]
[1,] -4.183028 16.74529 -20.16592 44.23479

[[2]]
[1] 7.672147

GA | iter = 48 | Mean = 0.946520 | Best = 7.672147
-4.183028 16.74529 -20.16592 44.23479[[1]]
          [,1]     [,2]      [,3]     [,4]
[1,] -4.183028 16.74529 -20.16592 44.23479

[[2]]
[1] 7.672147

GA | iter = 49 | Mean = 1.024219 | Best = 7.672147
-4.183028 16.74529 -20.16592 44.23479[[1]]
          [,1]     [,2]      [,3]     [,4]
[1,] -4.183028 16.74529 -20.16592 44.23479

[[2]]
[1] 7.672147

GA | iter = 50 | Mean = 1.031062 | Best = 7.672147
-4.183028 16.74529 -20.16592 44.23479[[1]]
          [,1]     [,2]      [,3]     [,4]
[1,] -4.183028 16.74529 -20.16592 44.23479

[[2]]
[1] 7.672147

GA | iter = 51 | Mean = 1.039372 | Best = 7.672147
-4.183028 16.74529 -20.16592 44.23479[[1]]
          [,1]     [,2]      [,3]     [,4]
[1,] -4.183028 16.74529 -20.16592 44.23479

[[2]]
[1] 7.672147

GA | iter = 52 | Mean = 0.9769876 | Best = 7.6721471
-4.183028 16.74529 -20.16592 44.23479[[1]]
          [,1]     [,2]      [,3]     [,4]
[1,] -4.183028 16.74529 -20.16592 44.23479

[[2]]
[1] 7.672147

GA | iter = 53 | Mean = 0.8938213 | Best = 7.6721471
-4.183028 16.74529 -20.16592 44.23479[[1]]
          [,1]     [,2]      [,3]     [,4]
[1,] -4.183028 16.74529 -20.16592 44.23479

[[2]]
[1] 7.672147

GA | iter = 54 | Mean = 0.8948265 | Best = 7.6721471
-4.183028 16.74529 -20.16592 44.23479[[1]]
          [,1]     [,2]      [,3]     [,4]
[1,] -4.183028 16.74529 -20.16592 44.23479

[[2]]
[1] 7.672147

GA | iter = 55 | Mean = 1.010658 | Best = 7.672147
-4.183028 16.74529 -20.16592 44.23479[[1]]
          [,1]     [,2]      [,3]     [,4]
[1,] -4.183028 16.74529 -20.16592 44.23479

[[2]]
[1] 7.672147

GA | iter = 56 | Mean = 0.9332086 | Best = 7.6721471
-0.009318307 9.748181 -34.23609 77.44421[[1]]
             [,1]     [,2]      [,3]     [,4]
[1,] -0.009318307 9.748181 -34.23609 77.44421

[[2]]
[1] 7.818968

GA | iter = 57 | Mean = 1.008722 | Best = 7.818968
-0.009318307 9.748181 -34.23609 77.44421[[1]]
             [,1]     [,2]      [,3]     [,4]
[1,] -0.009318307 9.748181 -34.23609 77.44421

[[2]]
[1] 7.818968

GA | iter = 58 | Mean = 0.9595521 | Best = 7.8189676
-0.009318307 9.748181 -34.23609 77.44421[[1]]
             [,1]     [,2]      [,3]     [,4]
[1,] -0.009318307 9.748181 -34.23609 77.44421

[[2]]
[1] 7.818968

GA | iter = 59 | Mean = 0.8431054 | Best = 7.8189676
-0.009318307 9.748181 -34.23609 77.44421[[1]]
             [,1]     [,2]      [,3]     [,4]
[1,] -0.009318307 9.748181 -34.23609 77.44421

[[2]]
[1] 7.818968

GA | iter = 60 | Mean = 0.7969435 | Best = 7.8189676
-0.009318307 9.748181 -34.23609 77.44421[[1]]
             [,1]     [,2]      [,3]     [,4]
[1,] -0.009318307 9.748181 -34.23609 77.44421

[[2]]
[1] 7.818968

GA | iter = 61 | Mean = 0.8001335 | Best = 7.8189676
-0.009318307 9.748181 -34.23609 77.44421[[1]]
             [,1]     [,2]      [,3]     [,4]
[1,] -0.009318307 9.748181 -34.23609 77.44421

[[2]]
[1] 7.818968

GA | iter = 62 | Mean = 0.898888 | Best = 7.818968
-0.009318307 9.748181 -34.23609 77.44421[[1]]
             [,1]     [,2]      [,3]     [,4]
[1,] -0.009318307 9.748181 -34.23609 77.44421

[[2]]
[1] 7.818968

GA | iter = 63 | Mean = 0.8021503 | Best = 7.8189676
-0.009318307 9.748181 -34.23609 77.44421[[1]]
             [,1]     [,2]      [,3]     [,4]
[1,] -0.009318307 9.748181 -34.23609 77.44421

[[2]]
[1] 7.818968

GA | iter = 64 | Mean = 0.6946438 | Best = 7.8189676
-0.009318307 9.748181 -34.23609 77.44421[[1]]
             [,1]     [,2]      [,3]     [,4]
[1,] -0.009318307 9.748181 -34.23609 77.44421

[[2]]
[1] 7.818968

GA | iter = 65 | Mean = 0.8443928 | Best = 7.8189676
-2.018636 13.43589 -22.33727 42.39445[[1]]
          [,1]     [,2]      [,3]     [,4]
[1,] -2.018636 13.43589 -22.33727 42.39445

[[2]]
[1] 7.864331

GA | iter = 66 | Mean = 0.9670297 | Best = 7.8643310
-2.018636 13.43589 -22.33727 42.39445[[1]]
          [,1]     [,2]      [,3]     [,4]
[1,] -2.018636 13.43589 -22.33727 42.39445

[[2]]
[1] 7.864331

GA | iter = 67 | Mean = 0.9538593 | Best = 7.8643310
-0.3552151 11.76979 -32.34212 65.73222[[1]]
           [,1]     [,2]      [,3]     [,4]
[1,] -0.3552151 11.76979 -32.34212 65.73222

[[2]]
[1] 7.985765

GA | iter = 68 | Mean = 0.8740129 | Best = 7.9857646
-0.3552151 11.76979 -32.34212 65.73222[[1]]
           [,1]     [,2]      [,3]     [,4]
[1,] -0.3552151 11.76979 -32.34212 65.73222

[[2]]
[1] 7.985765

GA | iter = 69 | Mean = 1.139583 | Best = 7.985765
-0.3552151 11.76979 -32.34212 65.73222[[1]]
           [,1]     [,2]      [,3]     [,4]
[1,] -0.3552151 11.76979 -32.34212 65.73222

[[2]]
[1] 7.985765

GA | iter = 70 | Mean = 1.105027 | Best = 7.985765
-0.3552151 11.76979 -32.34212 65.73222[[1]]
           [,1]     [,2]      [,3]     [,4]
[1,] -0.3552151 11.76979 -32.34212 65.73222

[[2]]
[1] 7.985765

GA | iter = 71 | Mean = 0.9253473 | Best = 7.9857646
-0.3552151 11.76979 -32.34212 65.73222[[1]]
           [,1]     [,2]      [,3]     [,4]
[1,] -0.3552151 11.76979 -32.34212 65.73222

[[2]]
[1] 7.985765

GA | iter = 72 | Mean = 1.007336 | Best = 7.985765
-0.3552151 11.76979 -32.34212 65.73222[[1]]
           [,1]     [,2]      [,3]     [,4]
[1,] -0.3552151 11.76979 -32.34212 65.73222

[[2]]
[1] 7.985765

GA | iter = 73 | Mean = 1.053843 | Best = 7.985765
-0.3552151 11.76979 -32.34212 65.73222[[1]]
           [,1]     [,2]      [,3]     [,4]
[1,] -0.3552151 11.76979 -32.34212 65.73222

[[2]]
[1] 7.985765

GA | iter = 74 | Mean = 1.039996 | Best = 7.985765
-0.3552151 11.76979 -32.34212 65.73222[[1]]
           [,1]     [,2]      [,3]     [,4]
[1,] -0.3552151 11.76979 -32.34212 65.73222

[[2]]
[1] 7.985765

GA | iter = 75 | Mean = 0.8049841 | Best = 7.9857646
-0.3552151 11.76979 -32.34212 65.73222[[1]]
           [,1]     [,2]      [,3]     [,4]
[1,] -0.3552151 11.76979 -32.34212 65.73222

[[2]]
[1] 7.985765

GA | iter = 76 | Mean = 1.108608 | Best = 7.985765
-2.746649 14.45625 -28.14556 64.99845[[1]]
          [,1]     [,2]      [,3]     [,4]
[1,] -2.746649 14.45625 -28.14556 64.99845

[[2]]
[1] 8.006589

GA | iter = 77 | Mean = 1.113227 | Best = 8.006589
-2.746649 14.45625 -28.14556 64.99845[[1]]
          [,1]     [,2]      [,3]     [,4]
[1,] -2.746649 14.45625 -28.14556 64.99845

[[2]]
[1] 8.006589

GA | iter = 78 | Mean = 1.059855 | Best = 8.006589
-2.746649 14.45625 -28.14556 64.99845[[1]]
          [,1]     [,2]      [,3]     [,4]
[1,] -2.746649 14.45625 -28.14556 64.99845

[[2]]
[1] 8.006589

GA | iter = 79 | Mean = 0.8627041 | Best = 8.0065891
-2.746649 14.45625 -28.14556 64.99845[[1]]
          [,1]     [,2]      [,3]     [,4]
[1,] -2.746649 14.45625 -28.14556 64.99845

[[2]]
[1] 8.006589

GA | iter = 80 | Mean = 1.021343 | Best = 8.006589
-2.746649 14.45625 -28.14556 64.99845[[1]]
          [,1]     [,2]      [,3]     [,4]
[1,] -2.746649 14.45625 -28.14556 64.99845

[[2]]
[1] 8.006589

GA | iter = 81 | Mean = 1.030648 | Best = 8.006589
-2.746649 14.45625 -28.14556 64.99845[[1]]
          [,1]     [,2]      [,3]     [,4]
[1,] -2.746649 14.45625 -28.14556 64.99845

[[2]]
[1] 8.006589

GA | iter = 82 | Mean = 0.7714781 | Best = 8.0065891
-2.746649 14.45625 -28.14556 64.99845[[1]]
          [,1]     [,2]      [,3]     [,4]
[1,] -2.746649 14.45625 -28.14556 64.99845

[[2]]
[1] 8.006589

GA | iter = 83 | Mean = 0.9199371 | Best = 8.0065891
-2.746649 14.45625 -28.14556 64.99845[[1]]
          [,1]     [,2]      [,3]     [,4]
[1,] -2.746649 14.45625 -28.14556 64.99845

[[2]]
[1] 8.006589

GA | iter = 84 | Mean = 1.003808 | Best = 8.006589
-0.8083592 10.80649 -28.32825 60.58735[[1]]
           [,1]     [,2]      [,3]     [,4]
[1,] -0.8083592 10.80649 -28.32825 60.58735

[[2]]
[1] 8.019554

GA | iter = 85 | Mean = 0.8952532 | Best = 8.0195540
-0.8083592 10.80649 -28.32825 60.58735[[1]]
           [,1]     [,2]      [,3]     [,4]
[1,] -0.8083592 10.80649 -28.32825 60.58735

[[2]]
[1] 8.019554

GA | iter = 86 | Mean = 1.036173 | Best = 8.019554
-0.8083592 10.80649 -28.32825 60.58735[[1]]
           [,1]     [,2]      [,3]     [,4]
[1,] -0.8083592 10.80649 -28.32825 60.58735

[[2]]
[1] 8.019554

GA | iter = 87 | Mean = 0.8452492 | Best = 8.0195540
-0.8083592 10.80649 -28.32825 60.58735[[1]]
           [,1]     [,2]      [,3]     [,4]
[1,] -0.8083592 10.80649 -28.32825 60.58735

[[2]]
[1] 8.019554

GA | iter = 88 | Mean = 1.039300 | Best = 8.019554
-0.8083592 10.80649 -28.32825 60.58735[[1]]
           [,1]     [,2]      [,3]     [,4]
[1,] -0.8083592 10.80649 -28.32825 60.58735

[[2]]
[1] 8.019554

GA | iter = 89 | Mean = 0.9654015 | Best = 8.0195540
-0.8083592 10.80649 -28.32825 60.58735[[1]]
           [,1]     [,2]      [,3]     [,4]
[1,] -0.8083592 10.80649 -28.32825 60.58735

[[2]]
[1] 8.019554

GA | iter = 90 | Mean = 1.099993 | Best = 8.019554
-0.8083592 10.80649 -28.32825 60.58735[[1]]
           [,1]     [,2]      [,3]     [,4]
[1,] -0.8083592 10.80649 -28.32825 60.58735

[[2]]
[1] 8.019554

GA | iter = 91 | Mean = 1.237373 | Best = 8.019554
-0.8083592 10.80649 -28.32825 60.58735[[1]]
           [,1]     [,2]      [,3]     [,4]
[1,] -0.8083592 10.80649 -28.32825 60.58735

[[2]]
[1] 8.019554

GA | iter = 92 | Mean = 1.143423 | Best = 8.019554
-0.8083592 10.80649 -28.32825 60.58735[[1]]
           [,1]     [,2]      [,3]     [,4]
[1,] -0.8083592 10.80649 -28.32825 60.58735

[[2]]
[1] 8.019554

GA | iter = 93 | Mean = 1.044003 | Best = 8.019554
-0.8083592 10.80649 -28.32825 60.58735[[1]]
           [,1]     [,2]      [,3]     [,4]
[1,] -0.8083592 10.80649 -28.32825 60.58735

[[2]]
[1] 8.019554

GA | iter = 94 | Mean = 1.285377 | Best = 8.019554
-0.8083592 10.80649 -28.32825 60.58735[[1]]
           [,1]     [,2]      [,3]     [,4]
[1,] -0.8083592 10.80649 -28.32825 60.58735

[[2]]
[1] 8.019554

GA | iter = 95 | Mean = 1.341513 | Best = 8.019554
-0.8083592 10.80649 -28.32825 60.58735[[1]]
           [,1]     [,2]      [,3]     [,4]
[1,] -0.8083592 10.80649 -28.32825 60.58735

[[2]]
[1] 8.019554

GA | iter = 96 | Mean = 1.181413 | Best = 8.019554
-0.8083592 10.80649 -28.32825 60.58735[[1]]
           [,1]     [,2]      [,3]     [,4]
[1,] -0.8083592 10.80649 -28.32825 60.58735

[[2]]
[1] 8.019554

GA | iter = 97 | Mean = 1.218490 | Best = 8.019554
-0.8083592 10.80649 -28.32825 60.58735[[1]]
           [,1]     [,2]      [,3]     [,4]
[1,] -0.8083592 10.80649 -28.32825 60.58735

[[2]]
[1] 8.019554

GA | iter = 98 | Mean = 1.514537 | Best = 8.019554
-0.8083592 10.80649 -28.32825 60.58735[[1]]
           [,1]     [,2]      [,3]     [,4]
[1,] -0.8083592 10.80649 -28.32825 60.58735

[[2]]
[1] 8.019554

GA | iter = 99 | Mean = 1.565310 | Best = 8.019554
-0.8083592 10.80649 -28.32825 60.58735[[1]]
           [,1]     [,2]      [,3]     [,4]
[1,] -0.8083592 10.80649 -28.32825 60.58735

[[2]]
[1] 8.019554

GA | iter = 100 | Mean = 1.576350 | Best = 8.019554
-0.8083592 10.80649 -28.32825 60.58735[[1]]
           [,1]     [,2]      [,3]     [,4]
[1,] -0.8083592 10.80649 -28.32825 60.58735

[[2]]
[1] 8.019554

GA | iter = 101 | Mean = 1.768622 | Best = 8.019554
-0.8083592 10.80649 -28.32825 60.58735[[1]]
           [,1]     [,2]      [,3]     [,4]
[1,] -0.8083592 10.80649 -28.32825 60.58735

[[2]]
[1] 8.019554

GA | iter = 102 | Mean = 1.607890 | Best = 8.019554
-0.5494876 11.08937 -29.86482 62.4326[[1]]
           [,1]     [,2]      [,3]    [,4]
[1,] -0.5494876 11.08937 -29.86482 62.4326

[[2]]
[1] 8.021926

GA | iter = 103 | Mean = 1.383000 | Best = 8.021926
-0.5494876 11.08937 -29.86482 62.4326[[1]]
           [,1]     [,2]      [,3]    [,4]
[1,] -0.5494876 11.08937 -29.86482 62.4326

[[2]]
[1] 8.021926

GA | iter = 104 | Mean = 1.081046 | Best = 8.021926
-0.5494876 11.08937 -29.86482 62.4326[[1]]
           [,1]     [,2]      [,3]    [,4]
[1,] -0.5494876 11.08937 -29.86482 62.4326

[[2]]
[1] 8.021926

GA | iter = 105 | Mean = 1.512518 | Best = 8.021926
-0.5494876 11.08937 -29.86482 62.4326[[1]]
           [,1]     [,2]      [,3]    [,4]
[1,] -0.5494876 11.08937 -29.86482 62.4326

[[2]]
[1] 8.021926

GA | iter = 106 | Mean = 1.709164 | Best = 8.021926
-0.5494876 11.08937 -29.86482 62.4326[[1]]
           [,1]     [,2]      [,3]    [,4]
[1,] -0.5494876 11.08937 -29.86482 62.4326

[[2]]
[1] 8.021926

GA | iter = 107 | Mean = 1.652135 | Best = 8.021926
-0.9845063 12.3363 -30.52059 64.12443[[1]]
           [,1]    [,2]      [,3]     [,4]
[1,] -0.9845063 12.3363 -30.52059 64.12443

[[2]]
[1] 8.022009

GA | iter = 108 | Mean = 2.002581 | Best = 8.022009
-0.9845063 12.3363 -30.52059 64.12443[[1]]
           [,1]    [,2]      [,3]     [,4]
[1,] -0.9845063 12.3363 -30.52059 64.12443

[[2]]
[1] 8.022009

GA | iter = 109 | Mean = 2.170942 | Best = 8.022009
-0.9845063 12.3363 -30.52059 64.12443[[1]]
           [,1]    [,2]      [,3]     [,4]
[1,] -0.9845063 12.3363 -30.52059 64.12443

[[2]]
[1] 8.022009

GA | iter = 110 | Mean = 2.126707 | Best = 8.022009
-0.9845063 12.3363 -30.52059 64.12443[[1]]
           [,1]    [,2]      [,3]     [,4]
[1,] -0.9845063 12.3363 -30.52059 64.12443

[[2]]
[1] 8.022009

GA | iter = 111 | Mean = 2.202807 | Best = 8.022009
-0.9845063 12.3363 -30.52059 64.12443[[1]]
           [,1]    [,2]      [,3]     [,4]
[1,] -0.9845063 12.3363 -30.52059 64.12443

[[2]]
[1] 8.022009

GA | iter = 112 | Mean = 2.326824 | Best = 8.022009
-0.9845063 12.3363 -30.52059 64.12443[[1]]
           [,1]    [,2]      [,3]     [,4]
[1,] -0.9845063 12.3363 -30.52059 64.12443

[[2]]
[1] 8.022009

GA | iter = 113 | Mean = 2.659566 | Best = 8.022009
-0.9845063 12.3363 -30.52059 64.12443[[1]]
           [,1]    [,2]      [,3]     [,4]
[1,] -0.9845063 12.3363 -30.52059 64.12443

[[2]]
[1] 8.022009

GA | iter = 114 | Mean = 2.986397 | Best = 8.022009
-0.9845063 12.3363 -30.52059 64.12443[[1]]
           [,1]    [,2]      [,3]     [,4]
[1,] -0.9845063 12.3363 -30.52059 64.12443

[[2]]
[1] 8.022009

GA | iter = 115 | Mean = 3.821374 | Best = 8.022009
-0.9845063 12.3363 -30.52059 64.12443[[1]]
           [,1]    [,2]      [,3]     [,4]
[1,] -0.9845063 12.3363 -30.52059 64.12443

[[2]]
[1] 8.022009

GA | iter = 116 | Mean = 5.151503 | Best = 8.022009
-0.5959734 11.22539 -30.19889 63.28716[[1]]
           [,1]     [,2]      [,3]     [,4]
[1,] -0.5959734 11.22539 -30.19889 63.28716

[[2]]
[1] 8.022074

GA | iter = 117 | Mean = 4.887583 | Best = 8.022074
-0.5959734 11.22539 -30.19889 63.28716[[1]]
           [,1]     [,2]      [,3]     [,4]
[1,] -0.5959734 11.22539 -30.19889 63.28716

[[2]]
[1] 8.022074

GA | iter = 118 | Mean = 5.265805 | Best = 8.022074
-1.046773 12.22985 -30.27563 64.19357[[1]]
          [,1]     [,2]      [,3]     [,4]
[1,] -1.046773 12.22985 -30.27563 64.19357

[[2]]
[1] 8.023292

GA | iter = 119 | Mean = 5.229702 | Best = 8.023292
-1.046773 12.22985 -30.27563 64.19357[[1]]
          [,1]     [,2]      [,3]     [,4]
[1,] -1.046773 12.22985 -30.27563 64.19357

[[2]]
[1] 8.023292

GA | iter = 120 | Mean = 5.545276 | Best = 8.023292
-1.046773 12.22985 -30.27563 64.19357[[1]]
          [,1]     [,2]      [,3]     [,4]
[1,] -1.046773 12.22985 -30.27563 64.19357

[[2]]
[1] 8.023292

GA | iter = 121 | Mean = 5.638308 | Best = 8.023292
-1.046773 12.22985 -30.27563 64.19357[[1]]
          [,1]     [,2]      [,3]     [,4]
[1,] -1.046773 12.22985 -30.27563 64.19357

[[2]]
[1] 8.023292

GA | iter = 122 | Mean = 5.436516 | Best = 8.023292
-1.046773 12.22985 -30.27563 64.19357[[1]]
          [,1]     [,2]      [,3]     [,4]
[1,] -1.046773 12.22985 -30.27563 64.19357

[[2]]
[1] 8.023292

GA | iter = 123 | Mean = 5.500805 | Best = 8.023292
-1.046773 12.22985 -30.27563 64.19357[[1]]
          [,1]     [,2]      [,3]     [,4]
[1,] -1.046773 12.22985 -30.27563 64.19357

[[2]]
[1] 8.023292

GA | iter = 124 | Mean = 5.970396 | Best = 8.023292
-0.902987 11.83408 -29.86983 62.98168[[1]]
          [,1]     [,2]      [,3]     [,4]
[1,] -0.902987 11.83408 -29.86983 62.98168

[[2]]
[1] 8.023313

GA | iter = 125 | Mean = 5.380762 | Best = 8.023313
-0.902987 11.83408 -29.86983 62.98168[[1]]
          [,1]     [,2]      [,3]     [,4]
[1,] -0.902987 11.83408 -29.86983 62.98168

[[2]]
[1] 8.023313

GA | iter = 126 | Mean = 5.953348 | Best = 8.023313
-0.902987 11.83408 -29.86983 62.98168[[1]]
          [,1]     [,2]      [,3]     [,4]
[1,] -0.902987 11.83408 -29.86983 62.98168

[[2]]
[1] 8.023313

GA | iter = 127 | Mean = 5.741290 | Best = 8.023313
-0.902987 11.83408 -29.86983 62.98168[[1]]
          [,1]     [,2]      [,3]     [,4]
[1,] -0.902987 11.83408 -29.86983 62.98168

[[2]]
[1] 8.023313

GA | iter = 128 | Mean = 5.489343 | Best = 8.023313
-0.902987 11.83408 -29.86983 62.98168[[1]]
          [,1]     [,2]      [,3]     [,4]
[1,] -0.902987 11.83408 -29.86983 62.98168

[[2]]
[1] 8.023313

GA | iter = 129 | Mean = 5.786161 | Best = 8.023313
-0.902987 11.83408 -29.86983 62.98168[[1]]
          [,1]     [,2]      [,3]     [,4]
[1,] -0.902987 11.83408 -29.86983 62.98168

[[2]]
[1] 8.023313

GA | iter = 130 | Mean = 5.703947 | Best = 8.023313
-0.902987 11.83408 -29.86983 62.98168[[1]]
          [,1]     [,2]      [,3]     [,4]
[1,] -0.902987 11.83408 -29.86983 62.98168

[[2]]
[1] 8.023313

GA | iter = 131 | Mean = 5.616356 | Best = 8.023313
-0.902987 11.83408 -29.86983 62.98168[[1]]
          [,1]     [,2]      [,3]     [,4]
[1,] -0.902987 11.83408 -29.86983 62.98168

[[2]]
[1] 8.023313

GA | iter = 132 | Mean = 5.624283 | Best = 8.023313
-0.9699817 12.16774 -30.19472 63.44107[[1]]
           [,1]     [,2]      [,3]     [,4]
[1,] -0.9699817 12.16774 -30.19472 63.44107

[[2]]
[1] 8.024493

GA | iter = 133 | Mean = 5.483876 | Best = 8.024493
-0.9699817 12.16774 -30.19472 63.44107[[1]]
           [,1]     [,2]      [,3]     [,4]
[1,] -0.9699817 12.16774 -30.19472 63.44107

[[2]]
[1] 8.024493

GA | iter = 134 | Mean = 5.561567 | Best = 8.024493
-0.9699817 12.16774 -30.19472 63.44107[[1]]
           [,1]     [,2]      [,3]     [,4]
[1,] -0.9699817 12.16774 -30.19472 63.44107

[[2]]
[1] 8.024493

GA | iter = 135 | Mean = 5.655659 | Best = 8.024493
-0.9699817 12.16774 -30.19472 63.44107[[1]]
           [,1]     [,2]      [,3]     [,4]
[1,] -0.9699817 12.16774 -30.19472 63.44107

[[2]]
[1] 8.024493

GA | iter = 136 | Mean = 5.791907 | Best = 8.024493
-0.9841931 12.20793 -30.23427 63.48455[[1]]
           [,1]     [,2]      [,3]     [,4]
[1,] -0.9841931 12.20793 -30.23427 63.48455

[[2]]
[1] 8.025093

GA | iter = 137 | Mean = 5.556895 | Best = 8.025093
-0.9841931 12.20793 -30.23427 63.48455[[1]]
           [,1]     [,2]      [,3]     [,4]
[1,] -0.9841931 12.20793 -30.23427 63.48455

[[2]]
[1] 8.025093

GA | iter = 138 | Mean = 5.873213 | Best = 8.025093
-0.9841931 12.20793 -30.23427 63.48455[[1]]
           [,1]     [,2]      [,3]     [,4]
[1,] -0.9841931 12.20793 -30.23427 63.48455

[[2]]
[1] 8.025093

GA | iter = 139 | Mean = 6.054318 | Best = 8.025093
-0.9841931 12.20793 -30.23427 63.48455[[1]]
           [,1]     [,2]      [,3]     [,4]
[1,] -0.9841931 12.20793 -30.23427 63.48455

[[2]]
[1] 8.025093

GA | iter = 140 | Mean = 5.957730 | Best = 8.025093
-0.9841931 12.20793 -30.23427 63.48455[[1]]
           [,1]     [,2]      [,3]     [,4]
[1,] -0.9841931 12.20793 -30.23427 63.48455

[[2]]
[1] 8.025093

GA | iter = 141 | Mean = 5.714103 | Best = 8.025093
-0.9841931 12.20793 -30.23427 63.48455[[1]]
           [,1]     [,2]      [,3]     [,4]
[1,] -0.9841931 12.20793 -30.23427 63.48455

[[2]]
[1] 8.025093

GA | iter = 142 | Mean = 5.855763 | Best = 8.025093
-0.9841931 12.20793 -30.23427 63.48455[[1]]
           [,1]     [,2]      [,3]     [,4]
[1,] -0.9841931 12.20793 -30.23427 63.48455

[[2]]
[1] 8.025093

GA | iter = 143 | Mean = 5.265641 | Best = 8.025093
-0.9841931 12.20793 -30.23427 63.48455[[1]]
           [,1]     [,2]      [,3]     [,4]
[1,] -0.9841931 12.20793 -30.23427 63.48455

[[2]]
[1] 8.025093

GA | iter = 144 | Mean = 5.463489 | Best = 8.025093
-0.9841931 12.20793 -30.23427 63.48455[[1]]
           [,1]     [,2]      [,3]     [,4]
[1,] -0.9841931 12.20793 -30.23427 63.48455

[[2]]
[1] 8.025093

GA | iter = 145 | Mean = 5.798596 | Best = 8.025093
-0.9841931 12.20793 -30.23427 63.48455[[1]]
           [,1]     [,2]      [,3]     [,4]
[1,] -0.9841931 12.20793 -30.23427 63.48455

[[2]]
[1] 8.025093

GA | iter = 146 | Mean = 5.565828 | Best = 8.025093
-0.9841931 12.20793 -30.23427 63.48455[[1]]
           [,1]     [,2]      [,3]     [,4]
[1,] -0.9841931 12.20793 -30.23427 63.48455

[[2]]
[1] 8.025093

GA | iter = 147 | Mean = 5.214217 | Best = 8.025093
-0.9841931 12.20793 -30.23427 63.48455[[1]]
           [,1]     [,2]      [,3]     [,4]
[1,] -0.9841931 12.20793 -30.23427 63.48455

[[2]]
[1] 8.025093

GA | iter = 148 | Mean = 5.821467 | Best = 8.025093
-0.9841931 12.20793 -30.23427 63.48455[[1]]
           [,1]     [,2]      [,3]     [,4]
[1,] -0.9841931 12.20793 -30.23427 63.48455

[[2]]
[1] 8.025093

GA | iter = 149 | Mean = 5.687286 | Best = 8.025093
-0.9841931 12.20793 -30.23427 63.48455[[1]]
           [,1]     [,2]      [,3]     [,4]
[1,] -0.9841931 12.20793 -30.23427 63.48455

[[2]]
[1] 8.025093

GA | iter = 150 | Mean = 5.890927 | Best = 8.025093
-0.9841931 12.20793 -30.23427 63.48455[[1]]
           [,1]     [,2]      [,3]     [,4]
[1,] -0.9841931 12.20793 -30.23427 63.48455

[[2]]
[1] 8.025093

GA | iter = 151 | Mean = 5.444572 | Best = 8.025093
-0.9841931 12.20793 -30.23427 63.48455[[1]]
           [,1]     [,2]      [,3]     [,4]
[1,] -0.9841931 12.20793 -30.23427 63.48455

[[2]]
[1] 8.025093

GA | iter = 152 | Mean = 5.852239 | Best = 8.025093
-0.9841931 12.20793 -30.23427 63.48455[[1]]
           [,1]     [,2]      [,3]     [,4]
[1,] -0.9841931 12.20793 -30.23427 63.48455

[[2]]
[1] 8.025093

GA | iter = 153 | Mean = 5.240453 | Best = 8.025093
-0.9841931 12.20793 -30.23427 63.48455[[1]]
           [,1]     [,2]      [,3]     [,4]
[1,] -0.9841931 12.20793 -30.23427 63.48455

[[2]]
[1] 8.025093

GA | iter = 154 | Mean = 5.612384 | Best = 8.025093
-0.9841931 12.20793 -30.23427 63.48455[[1]]
           [,1]     [,2]      [,3]     [,4]
[1,] -0.9841931 12.20793 -30.23427 63.48455

[[2]]
[1] 8.025093

GA | iter = 155 | Mean = 5.253485 | Best = 8.025093
-0.9841931 12.20793 -30.23427 63.48455[[1]]
           [,1]     [,2]      [,3]     [,4]
[1,] -0.9841931 12.20793 -30.23427 63.48455

[[2]]
[1] 8.025093

GA | iter = 156 | Mean = 5.486069 | Best = 8.025093
-0.9841931 12.20793 -30.23427 63.48455[[1]]
           [,1]     [,2]      [,3]     [,4]
[1,] -0.9841931 12.20793 -30.23427 63.48455

[[2]]
[1] 8.025093

GA | iter = 157 | Mean = 5.756915 | Best = 8.025093
-0.9841931 12.20793 -30.23427 63.48455[[1]]
           [,1]     [,2]      [,3]     [,4]
[1,] -0.9841931 12.20793 -30.23427 63.48455

[[2]]
[1] 8.025093

GA | iter = 158 | Mean = 5.692949 | Best = 8.025093
-0.9841931 12.20793 -30.23427 63.48455[[1]]
           [,1]     [,2]      [,3]     [,4]
[1,] -0.9841931 12.20793 -30.23427 63.48455

[[2]]
[1] 8.025093

GA | iter = 159 | Mean = 5.796111 | Best = 8.025093
-0.9841931 12.20793 -30.23427 63.48455[[1]]
           [,1]     [,2]      [,3]     [,4]
[1,] -0.9841931 12.20793 -30.23427 63.48455

[[2]]
[1] 8.025093

GA | iter = 160 | Mean = 5.658545 | Best = 8.025093
-0.9841931 12.20793 -30.23427 63.48455[[1]]
           [,1]     [,2]      [,3]     [,4]
[1,] -0.9841931 12.20793 -30.23427 63.48455

[[2]]
[1] 8.025093

GA | iter = 161 | Mean = 5.878896 | Best = 8.025093
-0.9841931 12.20793 -30.23427 63.48455[[1]]
           [,1]     [,2]      [,3]     [,4]
[1,] -0.9841931 12.20793 -30.23427 63.48455

[[2]]
[1] 8.025093

GA | iter = 162 | Mean = 5.721501 | Best = 8.025093
-0.9841931 12.20793 -30.23427 63.48455[[1]]
           [,1]     [,2]      [,3]     [,4]
[1,] -0.9841931 12.20793 -30.23427 63.48455

[[2]]
[1] 8.025093

GA | iter = 163 | Mean = 5.738441 | Best = 8.025093
-0.9841931 12.20793 -30.23427 63.48455[[1]]
           [,1]     [,2]      [,3]     [,4]
[1,] -0.9841931 12.20793 -30.23427 63.48455

[[2]]
[1] 8.025093

GA | iter = 164 | Mean = 5.648042 | Best = 8.025093
-0.9841931 12.20793 -30.23427 63.48455[[1]]
           [,1]     [,2]      [,3]     [,4]
[1,] -0.9841931 12.20793 -30.23427 63.48455

[[2]]
[1] 8.025093

GA | iter = 165 | Mean = 5.694009 | Best = 8.025093
-0.9841931 12.20793 -30.23427 63.48455[[1]]
           [,1]     [,2]      [,3]     [,4]
[1,] -0.9841931 12.20793 -30.23427 63.48455

[[2]]
[1] 8.025093

GA | iter = 166 | Mean = 5.908825 | Best = 8.025093
-0.9841931 12.20793 -30.23427 63.48455[[1]]
           [,1]     [,2]      [,3]     [,4]
[1,] -0.9841931 12.20793 -30.23427 63.48455

[[2]]
[1] 8.025093

GA | iter = 167 | Mean = 5.700420 | Best = 8.025093
-0.9841931 12.20793 -30.23427 63.48455[[1]]
           [,1]     [,2]      [,3]     [,4]
[1,] -0.9841931 12.20793 -30.23427 63.48455

[[2]]
[1] 8.025093

GA | iter = 168 | Mean = 6.180086 | Best = 8.025093
-0.9841931 12.20793 -30.23427 63.48455[[1]]
           [,1]     [,2]      [,3]     [,4]
[1,] -0.9841931 12.20793 -30.23427 63.48455

[[2]]
[1] 8.025093

GA | iter = 169 | Mean = 5.403776 | Best = 8.025093
-0.9841931 12.20793 -30.23427 63.48455[[1]]
           [,1]     [,2]      [,3]     [,4]
[1,] -0.9841931 12.20793 -30.23427 63.48455

[[2]]
[1] 8.025093

GA | iter = 170 | Mean = 5.789292 | Best = 8.025093
-0.9841931 12.20793 -30.23427 63.48455[[1]]
           [,1]     [,2]      [,3]     [,4]
[1,] -0.9841931 12.20793 -30.23427 63.48455

[[2]]
[1] 8.025093

GA | iter = 171 | Mean = 5.318732 | Best = 8.025093
-0.9841931 12.20793 -30.23427 63.48455[[1]]
           [,1]     [,2]      [,3]     [,4]
[1,] -0.9841931 12.20793 -30.23427 63.48455

[[2]]
[1] 8.025093

GA | iter = 172 | Mean = 5.953242 | Best = 8.025093
-0.9841931 12.20793 -30.23427 63.48455[[1]]
           [,1]     [,2]      [,3]     [,4]
[1,] -0.9841931 12.20793 -30.23427 63.48455

[[2]]
[1] 8.025093

GA | iter = 173 | Mean = 5.520237 | Best = 8.025093
-0.9841931 12.20793 -30.23427 63.48455[[1]]
           [,1]     [,2]      [,3]     [,4]
[1,] -0.9841931 12.20793 -30.23427 63.48455

[[2]]
[1] 8.025093

GA | iter = 174 | Mean = 6.070802 | Best = 8.025093
-0.9841931 12.20793 -30.23427 63.48455[[1]]
           [,1]     [,2]      [,3]     [,4]
[1,] -0.9841931 12.20793 -30.23427 63.48455

[[2]]
[1] 8.025093

GA | iter = 175 | Mean = 5.587811 | Best = 8.025093
-0.9841931 12.20793 -30.23427 63.48455[[1]]
           [,1]     [,2]      [,3]     [,4]
[1,] -0.9841931 12.20793 -30.23427 63.48455

[[2]]
[1] 8.025093

GA | iter = 176 | Mean = 5.957425 | Best = 8.025093
-0.9841931 12.20793 -30.23427 63.48455[[1]]
           [,1]     [,2]      [,3]     [,4]
[1,] -0.9841931 12.20793 -30.23427 63.48455

[[2]]
[1] 8.025093

GA | iter = 177 | Mean = 5.716255 | Best = 8.025093
-0.9841931 12.20793 -30.23427 63.48455[[1]]
           [,1]     [,2]      [,3]     [,4]
[1,] -0.9841931 12.20793 -30.23427 63.48455

[[2]]
[1] 8.025093

GA | iter = 178 | Mean = 5.691417 | Best = 8.025093
-0.9841931 12.20793 -30.23427 63.48455[[1]]
           [,1]     [,2]      [,3]     [,4]
[1,] -0.9841931 12.20793 -30.23427 63.48455

[[2]]
[1] 8.025093

GA | iter = 179 | Mean = 5.552910 | Best = 8.025093
-0.9841931 12.20793 -30.23427 63.48455[[1]]
           [,1]     [,2]      [,3]     [,4]
[1,] -0.9841931 12.20793 -30.23427 63.48455

[[2]]
[1] 8.025093

GA | iter = 180 | Mean = 5.788582 | Best = 8.025093
-0.9841931 12.20793 -30.23427 63.48455[[1]]
           [,1]     [,2]      [,3]     [,4]
[1,] -0.9841931 12.20793 -30.23427 63.48455

[[2]]
[1] 8.025093

GA | iter = 181 | Mean = 5.267131 | Best = 8.025093
-0.9841931 12.20793 -30.23427 63.48455[[1]]
           [,1]     [,2]      [,3]     [,4]
[1,] -0.9841931 12.20793 -30.23427 63.48455

[[2]]
[1] 8.025093

GA | iter = 182 | Mean = 5.723820 | Best = 8.025093
-0.9841931 12.20793 -30.23427 63.48455[[1]]
           [,1]     [,2]      [,3]     [,4]
[1,] -0.9841931 12.20793 -30.23427 63.48455

[[2]]
[1] 8.025093

GA | iter = 183 | Mean = 5.531817 | Best = 8.025093
-0.9841931 12.20793 -30.23427 63.48455[[1]]
           [,1]     [,2]      [,3]     [,4]
[1,] -0.9841931 12.20793 -30.23427 63.48455

[[2]]
[1] 8.025093

GA | iter = 184 | Mean = 5.497661 | Best = 8.025093
-0.9841931 12.20793 -30.23427 63.48455[[1]]
           [,1]     [,2]      [,3]     [,4]
[1,] -0.9841931 12.20793 -30.23427 63.48455

[[2]]
[1] 8.025093

GA | iter = 185 | Mean = 5.832968 | Best = 8.025093
-0.9841931 12.20793 -30.23427 63.48455[[1]]
           [,1]     [,2]      [,3]     [,4]
[1,] -0.9841931 12.20793 -30.23427 63.48455

[[2]]
[1] 8.025093

GA | iter = 186 | Mean = 5.885094 | Best = 8.025093

> stopCluster(cl)
> 
> print(list(ga_res@bestSol, ga_res@fitnessValue))
[[1]]
[[1]][[1]]
         [,1]     [,2]      [,3]     [,4]
[1,] 3.597827 7.024184 -206.5063 657.7222

[[1]][[2]]
         [,1]      [,2]      [,3]     [,4]
[1,] 4.648781 -32.68616 -133.4042 522.5617

[[1]][[3]]
         [,1]      [,2]      [,3]     [,4]
[1,] 3.149012 -17.46798 -20.53091 109.0031

[[1]][[4]]
         [,1]      [,2]      [,3]     [,4]
[1,] 3.149012 -17.46798 -20.53091 109.0031

[[1]][[5]]
         [,1]      [,2]      [,3]     [,4]
[1,] 3.149012 -17.46798 -20.53091 109.0031

[[1]][[6]]
         [,1]      [,2]      [,3]     [,4]
[1,] 3.149012 -17.46798 -20.53091 109.0031

[[1]][[7]]
         [,1]      [,2]      [,3]     [,4]
[1,] 3.149012 -17.46798 -20.53091 109.0031

[[1]][[8]]
         [,1]      [,2]      [,3]     [,4]
[1,] 3.149012 -17.46798 -20.53091 109.0031

[[1]][[9]]
          [,1]     [,2]      [,3]     [,4]
[1,] 0.2818771 40.92292 -140.7582 310.5557

[[1]][[10]]
          [,1]     [,2]      [,3]     [,4]
[1,] 0.2818771 40.92292 -140.7582 310.5557

[[1]][[11]]
          [,1]     [,2]      [,3]     [,4]
[1,] 0.2818771 40.92292 -140.7582 310.5557

[[1]][[12]]
          [,1]     [,2]      [,3]     [,4]
[1,] 0.2818771 40.92292 -140.7582 310.5557

[[1]][[13]]
          [,1]     [,2]      [,3]     [,4]
[1,] 0.2818771 40.92292 -140.7582 310.5557

[[1]][[14]]
            [,1]    [,2]      [,3]   [,4]
[1,] -0.02032909 5.59609 -68.42924 205.79

[[1]][[15]]
            [,1]    [,2]      [,3]   [,4]
[1,] -0.02032909 5.59609 -68.42924 205.79

[[1]][[16]]
            [,1]    [,2]      [,3]   [,4]
[1,] -0.02032909 5.59609 -68.42924 205.79

[[1]][[17]]
        [,1]      [,2]    [,3]     [,4]
[1,] 1.21299 -10.55043 -26.567 115.3587

[[1]][[18]]
        [,1]      [,2]    [,3]     [,4]
[1,] 1.21299 -10.55043 -26.567 115.3587

[[1]][[19]]
        [,1]      [,2]    [,3]     [,4]
[1,] 1.21299 -10.55043 -26.567 115.3587

[[1]][[20]]
        [,1]      [,2]    [,3]     [,4]
[1,] 1.21299 -10.55043 -26.567 115.3587

[[1]][[21]]
        [,1]      [,2]    [,3]     [,4]
[1,] 1.21299 -10.55043 -26.567 115.3587

[[1]][[22]]
        [,1]      [,2]    [,3]     [,4]
[1,] 1.21299 -10.55043 -26.567 115.3587

[[1]][[23]]
        [,1]      [,2]    [,3]     [,4]
[1,] 1.21299 -10.55043 -26.567 115.3587

[[1]][[24]]
        [,1]      [,2]    [,3]     [,4]
[1,] 1.21299 -10.55043 -26.567 115.3587

[[1]][[25]]
        [,1]      [,2]    [,3]     [,4]
[1,] 1.21299 -10.55043 -26.567 115.3587

[[1]][[26]]
        [,1]      [,2]    [,3]     [,4]
[1,] 1.21299 -10.55043 -26.567 115.3587

[[1]][[27]]
        [,1]      [,2]    [,3]     [,4]
[1,] 1.21299 -10.55043 -26.567 115.3587

[[1]][[28]]
        [,1]      [,2]    [,3]     [,4]
[1,] 1.21299 -10.55043 -26.567 115.3587

[[1]][[29]]
        [,1]      [,2]    [,3]     [,4]
[1,] 1.21299 -10.55043 -26.567 115.3587

[[1]][[30]]
         [,1]      [,2]      [,3]     [,4]
[1,] -1.62405 -3.102837 -28.31739 119.1745

[[1]][[31]]
         [,1]      [,2]      [,3]     [,4]
[1,] -1.62405 -3.102837 -28.31739 119.1745

[[1]][[32]]
         [,1]      [,2]      [,3]     [,4]
[1,] -1.62405 -3.102837 -28.31739 119.1745

[[1]][[33]]
         [,1]      [,2]      [,3]     [,4]
[1,] -1.62405 -3.102837 -28.31739 119.1745

[[1]][[34]]
         [,1]      [,2]      [,3]     [,4]
[1,] -1.62405 -3.102837 -28.31739 119.1745

[[1]][[35]]
         [,1]      [,2]      [,3]     [,4]
[1,] -1.62405 -3.102837 -28.31739 119.1745

[[1]][[36]]
         [,1]      [,2]      [,3]     [,4]
[1,] -1.62405 -3.102837 -28.31739 119.1745

[[1]][[37]]
         [,1]      [,2]      [,3]     [,4]
[1,] -1.62405 -3.102837 -28.31739 119.1745

[[1]][[38]]
          [,1]     [,2]      [,3]     [,4]
[1,] 0.8658022 13.08122 -53.13746 120.5225

[[1]][[39]]
          [,1]     [,2]      [,3]     [,4]
[1,] 0.8658022 13.08122 -53.13746 120.5225

[[1]][[40]]
          [,1]     [,2]      [,3]     [,4]
[1,] 0.8658022 13.08122 -53.13746 120.5225

[[1]][[41]]
          [,1]     [,2]      [,3]     [,4]
[1,] 0.8658022 13.08122 -53.13746 120.5225

[[1]][[42]]
          [,1]     [,2]      [,3]     [,4]
[1,] 0.8658022 13.08122 -53.13746 120.5225

[[1]][[43]]
          [,1]     [,2]      [,3]     [,4]
[1,] 0.8658022 13.08122 -53.13746 120.5225

[[1]][[44]]
          [,1]     [,2]      [,3]     [,4]
[1,] -4.183028 16.74529 -20.16592 44.23479

[[1]][[45]]
          [,1]     [,2]      [,3]     [,4]
[1,] -4.183028 16.74529 -20.16592 44.23479

[[1]][[46]]
          [,1]     [,2]      [,3]     [,4]
[1,] -4.183028 16.74529 -20.16592 44.23479

[[1]][[47]]
          [,1]     [,2]      [,3]     [,4]
[1,] -4.183028 16.74529 -20.16592 44.23479

[[1]][[48]]
          [,1]     [,2]      [,3]     [,4]
[1,] -4.183028 16.74529 -20.16592 44.23479

[[1]][[49]]
          [,1]     [,2]      [,3]     [,4]
[1,] -4.183028 16.74529 -20.16592 44.23479

[[1]][[50]]
          [,1]     [,2]      [,3]     [,4]
[1,] -4.183028 16.74529 -20.16592 44.23479

[[1]][[51]]
          [,1]     [,2]      [,3]     [,4]
[1,] -4.183028 16.74529 -20.16592 44.23479

[[1]][[52]]
          [,1]     [,2]      [,3]     [,4]
[1,] -4.183028 16.74529 -20.16592 44.23479

[[1]][[53]]
          [,1]     [,2]      [,3]     [,4]
[1,] -4.183028 16.74529 -20.16592 44.23479

[[1]][[54]]
          [,1]     [,2]      [,3]     [,4]
[1,] -4.183028 16.74529 -20.16592 44.23479

[[1]][[55]]
          [,1]     [,2]      [,3]     [,4]
[1,] -4.183028 16.74529 -20.16592 44.23479

[[1]][[56]]
          [,1]     [,2]      [,3]     [,4]
[1,] -4.183028 16.74529 -20.16592 44.23479

[[1]][[57]]
             [,1]     [,2]      [,3]     [,4]
[1,] -0.009318307 9.748181 -34.23609 77.44421

[[1]][[58]]
             [,1]     [,2]      [,3]     [,4]
[1,] -0.009318307 9.748181 -34.23609 77.44421

[[1]][[59]]
             [,1]     [,2]      [,3]     [,4]
[1,] -0.009318307 9.748181 -34.23609 77.44421

[[1]][[60]]
             [,1]     [,2]      [,3]     [,4]
[1,] -0.009318307 9.748181 -34.23609 77.44421

[[1]][[61]]
             [,1]     [,2]      [,3]     [,4]
[1,] -0.009318307 9.748181 -34.23609 77.44421

[[1]][[62]]
             [,1]     [,2]      [,3]     [,4]
[1,] -0.009318307 9.748181 -34.23609 77.44421

[[1]][[63]]
             [,1]     [,2]      [,3]     [,4]
[1,] -0.009318307 9.748181 -34.23609 77.44421

[[1]][[64]]
             [,1]     [,2]      [,3]     [,4]
[1,] -0.009318307 9.748181 -34.23609 77.44421

[[1]][[65]]
             [,1]     [,2]      [,3]     [,4]
[1,] -0.009318307 9.748181 -34.23609 77.44421

[[1]][[66]]
          [,1]     [,2]      [,3]     [,4]
[1,] -2.018636 13.43589 -22.33727 42.39445

[[1]][[67]]
          [,1]     [,2]      [,3]     [,4]
[1,] -2.018636 13.43589 -22.33727 42.39445

[[1]][[68]]
           [,1]     [,2]      [,3]     [,4]
[1,] -0.3552151 11.76979 -32.34212 65.73222

[[1]][[69]]
           [,1]     [,2]      [,3]     [,4]
[1,] -0.3552151 11.76979 -32.34212 65.73222

[[1]][[70]]
           [,1]     [,2]      [,3]     [,4]
[1,] -0.3552151 11.76979 -32.34212 65.73222

[[1]][[71]]
           [,1]     [,2]      [,3]     [,4]
[1,] -0.3552151 11.76979 -32.34212 65.73222

[[1]][[72]]
           [,1]     [,2]      [,3]     [,4]
[1,] -0.3552151 11.76979 -32.34212 65.73222

[[1]][[73]]
           [,1]     [,2]      [,3]     [,4]
[1,] -0.3552151 11.76979 -32.34212 65.73222

[[1]][[74]]
           [,1]     [,2]      [,3]     [,4]
[1,] -0.3552151 11.76979 -32.34212 65.73222

[[1]][[75]]
           [,1]     [,2]      [,3]     [,4]
[1,] -0.3552151 11.76979 -32.34212 65.73222

[[1]][[76]]
           [,1]     [,2]      [,3]     [,4]
[1,] -0.3552151 11.76979 -32.34212 65.73222

[[1]][[77]]
          [,1]     [,2]      [,3]     [,4]
[1,] -2.746649 14.45625 -28.14556 64.99845

[[1]][[78]]
          [,1]     [,2]      [,3]     [,4]
[1,] -2.746649 14.45625 -28.14556 64.99845

[[1]][[79]]
          [,1]     [,2]      [,3]     [,4]
[1,] -2.746649 14.45625 -28.14556 64.99845

[[1]][[80]]
          [,1]     [,2]      [,3]     [,4]
[1,] -2.746649 14.45625 -28.14556 64.99845

[[1]][[81]]
          [,1]     [,2]      [,3]     [,4]
[1,] -2.746649 14.45625 -28.14556 64.99845

[[1]][[82]]
          [,1]     [,2]      [,3]     [,4]
[1,] -2.746649 14.45625 -28.14556 64.99845

[[1]][[83]]
          [,1]     [,2]      [,3]     [,4]
[1,] -2.746649 14.45625 -28.14556 64.99845

[[1]][[84]]
          [,1]     [,2]      [,3]     [,4]
[1,] -2.746649 14.45625 -28.14556 64.99845

[[1]][[85]]
           [,1]     [,2]      [,3]     [,4]
[1,] -0.8083592 10.80649 -28.32825 60.58735

[[1]][[86]]
           [,1]     [,2]      [,3]     [,4]
[1,] -0.8083592 10.80649 -28.32825 60.58735

[[1]][[87]]
           [,1]     [,2]      [,3]     [,4]
[1,] -0.8083592 10.80649 -28.32825 60.58735

[[1]][[88]]
           [,1]     [,2]      [,3]     [,4]
[1,] -0.8083592 10.80649 -28.32825 60.58735

[[1]][[89]]
           [,1]     [,2]      [,3]     [,4]
[1,] -0.8083592 10.80649 -28.32825 60.58735

[[1]][[90]]
           [,1]     [,2]      [,3]     [,4]
[1,] -0.8083592 10.80649 -28.32825 60.58735

[[1]][[91]]
           [,1]     [,2]      [,3]     [,4]
[1,] -0.8083592 10.80649 -28.32825 60.58735

[[1]][[92]]
           [,1]     [,2]      [,3]     [,4]
[1,] -0.8083592 10.80649 -28.32825 60.58735

[[1]][[93]]
           [,1]     [,2]      [,3]     [,4]
[1,] -0.8083592 10.80649 -28.32825 60.58735

[[1]][[94]]
           [,1]     [,2]      [,3]     [,4]
[1,] -0.8083592 10.80649 -28.32825 60.58735

[[1]][[95]]
           [,1]     [,2]      [,3]     [,4]
[1,] -0.8083592 10.80649 -28.32825 60.58735

[[1]][[96]]
           [,1]     [,2]      [,3]     [,4]
[1,] -0.8083592 10.80649 -28.32825 60.58735

[[1]][[97]]
           [,1]     [,2]      [,3]     [,4]
[1,] -0.8083592 10.80649 -28.32825 60.58735

[[1]][[98]]
           [,1]     [,2]      [,3]     [,4]
[1,] -0.8083592 10.80649 -28.32825 60.58735

[[1]][[99]]
           [,1]     [,2]      [,3]     [,4]
[1,] -0.8083592 10.80649 -28.32825 60.58735

[[1]][[100]]
           [,1]     [,2]      [,3]     [,4]
[1,] -0.8083592 10.80649 -28.32825 60.58735

[[1]][[101]]
           [,1]     [,2]      [,3]     [,4]
[1,] -0.8083592 10.80649 -28.32825 60.58735

[[1]][[102]]
           [,1]     [,2]      [,3]     [,4]
[1,] -0.8083592 10.80649 -28.32825 60.58735

[[1]][[103]]
           [,1]     [,2]      [,3]    [,4]
[1,] -0.5494876 11.08937 -29.86482 62.4326

[[1]][[104]]
           [,1]     [,2]      [,3]    [,4]
[1,] -0.5494876 11.08937 -29.86482 62.4326

[[1]][[105]]
           [,1]     [,2]      [,3]    [,4]
[1,] -0.5494876 11.08937 -29.86482 62.4326

[[1]][[106]]
           [,1]     [,2]      [,3]    [,4]
[1,] -0.5494876 11.08937 -29.86482 62.4326

[[1]][[107]]
           [,1]     [,2]      [,3]    [,4]
[1,] -0.5494876 11.08937 -29.86482 62.4326

[[1]][[108]]
           [,1]    [,2]      [,3]     [,4]
[1,] -0.9845063 12.3363 -30.52059 64.12443

[[1]][[109]]
           [,1]    [,2]      [,3]     [,4]
[1,] -0.9845063 12.3363 -30.52059 64.12443

[[1]][[110]]
           [,1]    [,2]      [,3]     [,4]
[1,] -0.9845063 12.3363 -30.52059 64.12443

[[1]][[111]]
           [,1]    [,2]      [,3]     [,4]
[1,] -0.9845063 12.3363 -30.52059 64.12443

[[1]][[112]]
           [,1]    [,2]      [,3]     [,4]
[1,] -0.9845063 12.3363 -30.52059 64.12443

[[1]][[113]]
           [,1]    [,2]      [,3]     [,4]
[1,] -0.9845063 12.3363 -30.52059 64.12443

[[1]][[114]]
           [,1]    [,2]      [,3]     [,4]
[1,] -0.9845063 12.3363 -30.52059 64.12443

[[1]][[115]]
           [,1]    [,2]      [,3]     [,4]
[1,] -0.9845063 12.3363 -30.52059 64.12443

[[1]][[116]]
           [,1]    [,2]      [,3]     [,4]
[1,] -0.9845063 12.3363 -30.52059 64.12443

[[1]][[117]]
           [,1]     [,2]      [,3]     [,4]
[1,] -0.5959734 11.22539 -30.19889 63.28716

[[1]][[118]]
           [,1]     [,2]      [,3]     [,4]
[1,] -0.5959734 11.22539 -30.19889 63.28716

[[1]][[119]]
          [,1]     [,2]      [,3]     [,4]
[1,] -1.046773 12.22985 -30.27563 64.19357

[[1]][[120]]
          [,1]     [,2]      [,3]     [,4]
[1,] -1.046773 12.22985 -30.27563 64.19357

[[1]][[121]]
          [,1]     [,2]      [,3]     [,4]
[1,] -1.046773 12.22985 -30.27563 64.19357

[[1]][[122]]
          [,1]     [,2]      [,3]     [,4]
[1,] -1.046773 12.22985 -30.27563 64.19357

[[1]][[123]]
          [,1]     [,2]      [,3]     [,4]
[1,] -1.046773 12.22985 -30.27563 64.19357

[[1]][[124]]
          [,1]     [,2]      [,3]     [,4]
[1,] -1.046773 12.22985 -30.27563 64.19357

[[1]][[125]]
          [,1]     [,2]      [,3]     [,4]
[1,] -0.902987 11.83408 -29.86983 62.98168

[[1]][[126]]
          [,1]     [,2]      [,3]     [,4]
[1,] -0.902987 11.83408 -29.86983 62.98168

[[1]][[127]]
          [,1]     [,2]      [,3]     [,4]
[1,] -0.902987 11.83408 -29.86983 62.98168

[[1]][[128]]
          [,1]     [,2]      [,3]     [,4]
[1,] -0.902987 11.83408 -29.86983 62.98168

[[1]][[129]]
          [,1]     [,2]      [,3]     [,4]
[1,] -0.902987 11.83408 -29.86983 62.98168

[[1]][[130]]
          [,1]     [,2]      [,3]     [,4]
[1,] -0.902987 11.83408 -29.86983 62.98168

[[1]][[131]]
          [,1]     [,2]      [,3]     [,4]
[1,] -0.902987 11.83408 -29.86983 62.98168

[[1]][[132]]
          [,1]     [,2]      [,3]     [,4]
[1,] -0.902987 11.83408 -29.86983 62.98168

[[1]][[133]]
           [,1]     [,2]      [,3]     [,4]
[1,] -0.9699817 12.16774 -30.19472 63.44107

[[1]][[134]]
           [,1]     [,2]      [,3]     [,4]
[1,] -0.9699817 12.16774 -30.19472 63.44107

[[1]][[135]]
           [,1]     [,2]      [,3]     [,4]
[1,] -0.9699817 12.16774 -30.19472 63.44107

[[1]][[136]]
           [,1]     [,2]      [,3]     [,4]
[1,] -0.9699817 12.16774 -30.19472 63.44107

[[1]][[137]]
           [,1]     [,2]      [,3]     [,4]
[1,] -0.9841931 12.20793 -30.23427 63.48455

[[1]][[138]]
           [,1]     [,2]      [,3]     [,4]
[1,] -0.9841931 12.20793 -30.23427 63.48455

[[1]][[139]]
           [,1]     [,2]      [,3]     [,4]
[1,] -0.9841931 12.20793 -30.23427 63.48455

[[1]][[140]]
           [,1]     [,2]      [,3]     [,4]
[1,] -0.9841931 12.20793 -30.23427 63.48455

[[1]][[141]]
           [,1]     [,2]      [,3]     [,4]
[1,] -0.9841931 12.20793 -30.23427 63.48455

[[1]][[142]]
           [,1]     [,2]      [,3]     [,4]
[1,] -0.9841931 12.20793 -30.23427 63.48455

[[1]][[143]]
           [,1]     [,2]      [,3]     [,4]
[1,] -0.9841931 12.20793 -30.23427 63.48455

[[1]][[144]]
           [,1]     [,2]      [,3]     [,4]
[1,] -0.9841931 12.20793 -30.23427 63.48455

[[1]][[145]]
           [,1]     [,2]      [,3]     [,4]
[1,] -0.9841931 12.20793 -30.23427 63.48455

[[1]][[146]]
           [,1]     [,2]      [,3]     [,4]
[1,] -0.9841931 12.20793 -30.23427 63.48455

[[1]][[147]]
           [,1]     [,2]      [,3]     [,4]
[1,] -0.9841931 12.20793 -30.23427 63.48455

[[1]][[148]]
           [,1]     [,2]      [,3]     [,4]
[1,] -0.9841931 12.20793 -30.23427 63.48455

[[1]][[149]]
           [,1]     [,2]      [,3]     [,4]
[1,] -0.9841931 12.20793 -30.23427 63.48455

[[1]][[150]]
           [,1]     [,2]      [,3]     [,4]
[1,] -0.9841931 12.20793 -30.23427 63.48455

[[1]][[151]]
           [,1]     [,2]      [,3]     [,4]
[1,] -0.9841931 12.20793 -30.23427 63.48455

[[1]][[152]]
           [,1]     [,2]      [,3]     [,4]
[1,] -0.9841931 12.20793 -30.23427 63.48455

[[1]][[153]]
           [,1]     [,2]      [,3]     [,4]
[1,] -0.9841931 12.20793 -30.23427 63.48455

[[1]][[154]]
           [,1]     [,2]      [,3]     [,4]
[1,] -0.9841931 12.20793 -30.23427 63.48455

[[1]][[155]]
           [,1]     [,2]      [,3]     [,4]
[1,] -0.9841931 12.20793 -30.23427 63.48455

[[1]][[156]]
           [,1]     [,2]      [,3]     [,4]
[1,] -0.9841931 12.20793 -30.23427 63.48455

[[1]][[157]]
           [,1]     [,2]      [,3]     [,4]
[1,] -0.9841931 12.20793 -30.23427 63.48455

[[1]][[158]]
           [,1]     [,2]      [,3]     [,4]
[1,] -0.9841931 12.20793 -30.23427 63.48455

[[1]][[159]]
           [,1]     [,2]      [,3]     [,4]
[1,] -0.9841931 12.20793 -30.23427 63.48455

[[1]][[160]]
           [,1]     [,2]      [,3]     [,4]
[1,] -0.9841931 12.20793 -30.23427 63.48455

[[1]][[161]]
           [,1]     [,2]      [,3]     [,4]
[1,] -0.9841931 12.20793 -30.23427 63.48455

[[1]][[162]]
           [,1]     [,2]      [,3]     [,4]
[1,] -0.9841931 12.20793 -30.23427 63.48455

[[1]][[163]]
           [,1]     [,2]      [,3]     [,4]
[1,] -0.9841931 12.20793 -30.23427 63.48455

[[1]][[164]]
           [,1]     [,2]      [,3]     [,4]
[1,] -0.9841931 12.20793 -30.23427 63.48455

[[1]][[165]]
           [,1]     [,2]      [,3]     [,4]
[1,] -0.9841931 12.20793 -30.23427 63.48455

[[1]][[166]]
           [,1]     [,2]      [,3]     [,4]
[1,] -0.9841931 12.20793 -30.23427 63.48455

[[1]][[167]]
           [,1]     [,2]      [,3]     [,4]
[1,] -0.9841931 12.20793 -30.23427 63.48455

[[1]][[168]]
           [,1]     [,2]      [,3]     [,4]
[1,] -0.9841931 12.20793 -30.23427 63.48455

[[1]][[169]]
           [,1]     [,2]      [,3]     [,4]
[1,] -0.9841931 12.20793 -30.23427 63.48455

[[1]][[170]]
           [,1]     [,2]      [,3]     [,4]
[1,] -0.9841931 12.20793 -30.23427 63.48455

[[1]][[171]]
           [,1]     [,2]      [,3]     [,4]
[1,] -0.9841931 12.20793 -30.23427 63.48455

[[1]][[172]]
           [,1]     [,2]      [,3]     [,4]
[1,] -0.9841931 12.20793 -30.23427 63.48455

[[1]][[173]]
           [,1]     [,2]      [,3]     [,4]
[1,] -0.9841931 12.20793 -30.23427 63.48455

[[1]][[174]]
           [,1]     [,2]      [,3]     [,4]
[1,] -0.9841931 12.20793 -30.23427 63.48455

[[1]][[175]]
           [,1]     [,2]      [,3]     [,4]
[1,] -0.9841931 12.20793 -30.23427 63.48455

[[1]][[176]]
           [,1]     [,2]      [,3]     [,4]
[1,] -0.9841931 12.20793 -30.23427 63.48455

[[1]][[177]]
           [,1]     [,2]      [,3]     [,4]
[1,] -0.9841931 12.20793 -30.23427 63.48455

[[1]][[178]]
           [,1]     [,2]      [,3]     [,4]
[1,] -0.9841931 12.20793 -30.23427 63.48455

[[1]][[179]]
           [,1]     [,2]      [,3]     [,4]
[1,] -0.9841931 12.20793 -30.23427 63.48455

[[1]][[180]]
           [,1]     [,2]      [,3]     [,4]
[1,] -0.9841931 12.20793 -30.23427 63.48455

[[1]][[181]]
           [,1]     [,2]      [,3]     [,4]
[1,] -0.9841931 12.20793 -30.23427 63.48455

[[1]][[182]]
           [,1]     [,2]      [,3]     [,4]
[1,] -0.9841931 12.20793 -30.23427 63.48455

[[1]][[183]]
           [,1]     [,2]      [,3]     [,4]
[1,] -0.9841931 12.20793 -30.23427 63.48455

[[1]][[184]]
           [,1]     [,2]      [,3]     [,4]
[1,] -0.9841931 12.20793 -30.23427 63.48455

[[1]][[185]]
           [,1]     [,2]      [,3]     [,4]
[1,] -0.9841931 12.20793 -30.23427 63.48455

[[1]][[186]]
           [,1]     [,2]      [,3]     [,4]
[1,] -0.9841931 12.20793 -30.23427 63.48455


[[2]]
[1] 8.025093

> 
> 
> 
