
Lmod is automatically replacing "intel/2020.1.217" with "gcc/9.3.0".


Due to MODULEPATH changes, the following have been reloaded:
  1) openmpi/4.0.3


R version 4.0.2 (2020-06-22) -- "Taking Off Again"
Copyright (C) 2020 The R Foundation for Statistical Computing
Platform: x86_64-pc-linux-gnu (64-bit)

R is free software and comes with ABSOLUTELY NO WARRANTY.
You are welcome to redistribute it under certain conditions.
Type 'license()' or 'licence()' for distribution details.

  Natural language support but running in an English locale

R is a collaborative project with many contributors.
Type 'contributors()' for more information and
'citation()' on how to cite R or R packages in publications.

Type 'demo()' for some demos, 'help()' for on-line help, or
'help.start()' for an HTML browser interface to help.
Type 'q()' to quit R.

> # R script to submit parallelized genetic algorithm optimzied runs.
> 
> # load libraries
> library(doParallel)
Loading required package: foreach
Loading required package: iterators
Loading required package: parallel
> library(GA)
Package 'GA' version 3.2.2
Type 'citation("GA")' for citing this R package in publications.

Attaching package: ‘GA’

The following object is masked from ‘package:utils’:

    de

> library(here)
here() starts at /scratch/wanglu57/job_scripts
> library(doRNG)
Loading required package: rngtools
> 
> source(here::here("ga_verbose.R"), local = T)
> source(here::here("chabaudi_si_clean.R"), local = T)
> # load function
> #-----------------------------#
> # load in parameters
> #-----------------------------#
> parameters_tsukushi <- c(R1 = 8.89*10^6, # slightly higher
+                          lambda = 3.7*10^5,
+                          mu = 0.025, 
+                          p = 8*10^-6, # doubled form original
+                          alpha = 1, 
+                          alphag = 2, 
+                          beta = 5.721, 
+                          mum = 48, 
+                          mug = 4, 
+                          I0 = 43.85965, 
+                          Ig0 = 0, 
+                          a = 150, 
+                          b = 100, 
+                          sp = 1,
+                          psin = 16.69234,
+                          psiw = 0.8431785,
+                          phin = 0.03520591, 
+                          phiw = 550.842,
+                          iota = 2.18*(10^6),
+                          rho = 0.2627156)
> 
> time_range <- seq(0, 20, by = 1e-3)
> 
> G_range <- seq(0, (10^5), (10^5)/5000)
> 
> #-----------------------------#
> # Begin parallelized code
> #----------------------------#
> 
> 
> # Create an array from the NODESLIST environnement variable
> nodeslist = unlist(strsplit(Sys.getenv("NODESLIST"), split=" "))
> 
> # Create the cluster with the nodes name. One process per count of node name.
> # nodeslist = node1 node1 node2 node2, means we are starting 2 processes on node1, likewise on node2.
> cl = makeCluster(nodeslist, type = "PSOCK") 
> registerDoParallel(cl)
> clusterExport(cl,c("ga_verbose", "time_range", "parameters_tsukushi", "G_range", "chabaudi_si_clean")) 
> clusterCall(cl, library, package = "mclust", character.only = TRUE)
[[1]]
[1] "mclust"    "stats"     "graphics"  "grDevices" "utils"     "datasets" 
[7] "methods"   "base"     

[[2]]
[1] "mclust"    "stats"     "graphics"  "grDevices" "utils"     "datasets" 
[7] "methods"   "base"     

[[3]]
[1] "mclust"    "stats"     "graphics"  "grDevices" "utils"     "datasets" 
[7] "methods"   "base"     

[[4]]
[1] "mclust"    "stats"     "graphics"  "grDevices" "utils"     "datasets" 
[7] "methods"   "base"     

[[5]]
[1] "mclust"    "stats"     "graphics"  "grDevices" "utils"     "datasets" 
[7] "methods"   "base"     

[[6]]
[1] "mclust"    "stats"     "graphics"  "grDevices" "utils"     "datasets" 
[7] "methods"   "base"     

[[7]]
[1] "mclust"    "stats"     "graphics"  "grDevices" "utils"     "datasets" 
[7] "methods"   "base"     

[[8]]
[1] "mclust"    "stats"     "graphics"  "grDevices" "utils"     "datasets" 
[7] "methods"   "base"     

[[9]]
[1] "mclust"    "stats"     "graphics"  "grDevices" "utils"     "datasets" 
[7] "methods"   "base"     

[[10]]
[1] "mclust"    "stats"     "graphics"  "grDevices" "utils"     "datasets" 
[7] "methods"   "base"     

[[11]]
[1] "mclust"    "stats"     "graphics"  "grDevices" "utils"     "datasets" 
[7] "methods"   "base"     

[[12]]
[1] "mclust"    "stats"     "graphics"  "grDevices" "utils"     "datasets" 
[7] "methods"   "base"     

[[13]]
[1] "mclust"    "stats"     "graphics"  "grDevices" "utils"     "datasets" 
[7] "methods"   "base"     

[[14]]
[1] "mclust"    "stats"     "graphics"  "grDevices" "utils"     "datasets" 
[7] "methods"   "base"     

[[15]]
[1] "mclust"    "stats"     "graphics"  "grDevices" "utils"     "datasets" 
[7] "methods"   "base"     

[[16]]
[1] "mclust"    "stats"     "graphics"  "grDevices" "utils"     "datasets" 
[7] "methods"   "base"     

[[17]]
[1] "mclust"    "stats"     "graphics"  "grDevices" "utils"     "datasets" 
[7] "methods"   "base"     

[[18]]
[1] "mclust"    "stats"     "graphics"  "grDevices" "utils"     "datasets" 
[7] "methods"   "base"     

[[19]]
[1] "mclust"    "stats"     "graphics"  "grDevices" "utils"     "datasets" 
[7] "methods"   "base"     

[[20]]
[1] "mclust"    "stats"     "graphics"  "grDevices" "utils"     "datasets" 
[7] "methods"   "base"     

[[21]]
[1] "mclust"    "stats"     "graphics"  "grDevices" "utils"     "datasets" 
[7] "methods"   "base"     

[[22]]
[1] "mclust"    "stats"     "graphics"  "grDevices" "utils"     "datasets" 
[7] "methods"   "base"     

[[23]]
[1] "mclust"    "stats"     "graphics"  "grDevices" "utils"     "datasets" 
[7] "methods"   "base"     

[[24]]
[1] "mclust"    "stats"     "graphics"  "grDevices" "utils"     "datasets" 
[7] "methods"   "base"     

[[25]]
[1] "mclust"    "stats"     "graphics"  "grDevices" "utils"     "datasets" 
[7] "methods"   "base"     

[[26]]
[1] "mclust"    "stats"     "graphics"  "grDevices" "utils"     "datasets" 
[7] "methods"   "base"     

[[27]]
[1] "mclust"    "stats"     "graphics"  "grDevices" "utils"     "datasets" 
[7] "methods"   "base"     

[[28]]
[1] "mclust"    "stats"     "graphics"  "grDevices" "utils"     "datasets" 
[7] "methods"   "base"     

[[29]]
[1] "mclust"    "stats"     "graphics"  "grDevices" "utils"     "datasets" 
[7] "methods"   "base"     

[[30]]
[1] "mclust"    "stats"     "graphics"  "grDevices" "utils"     "datasets" 
[7] "methods"   "base"     

[[31]]
[1] "mclust"    "stats"     "graphics"  "grDevices" "utils"     "datasets" 
[7] "methods"   "base"     

[[32]]
[1] "mclust"    "stats"     "graphics"  "grDevices" "utils"     "datasets" 
[7] "methods"   "base"     

[[33]]
[1] "mclust"    "stats"     "graphics"  "grDevices" "utils"     "datasets" 
[7] "methods"   "base"     

[[34]]
[1] "mclust"    "stats"     "graphics"  "grDevices" "utils"     "datasets" 
[7] "methods"   "base"     

[[35]]
[1] "mclust"    "stats"     "graphics"  "grDevices" "utils"     "datasets" 
[7] "methods"   "base"     

[[36]]
[1] "mclust"    "stats"     "graphics"  "grDevices" "utils"     "datasets" 
[7] "methods"   "base"     

[[37]]
[1] "mclust"    "stats"     "graphics"  "grDevices" "utils"     "datasets" 
[7] "methods"   "base"     

[[38]]
[1] "mclust"    "stats"     "graphics"  "grDevices" "utils"     "datasets" 
[7] "methods"   "base"     

[[39]]
[1] "mclust"    "stats"     "graphics"  "grDevices" "utils"     "datasets" 
[7] "methods"   "base"     

[[40]]
[1] "mclust"    "stats"     "graphics"  "grDevices" "utils"     "datasets" 
[7] "methods"   "base"     

[[41]]
[1] "mclust"    "stats"     "graphics"  "grDevices" "utils"     "datasets" 
[7] "methods"   "base"     

[[42]]
[1] "mclust"    "stats"     "graphics"  "grDevices" "utils"     "datasets" 
[7] "methods"   "base"     

[[43]]
[1] "mclust"    "stats"     "graphics"  "grDevices" "utils"     "datasets" 
[7] "methods"   "base"     

[[44]]
[1] "mclust"    "stats"     "graphics"  "grDevices" "utils"     "datasets" 
[7] "methods"   "base"     

[[45]]
[1] "mclust"    "stats"     "graphics"  "grDevices" "utils"     "datasets" 
[7] "methods"   "base"     

[[46]]
[1] "mclust"    "stats"     "graphics"  "grDevices" "utils"     "datasets" 
[7] "methods"   "base"     

[[47]]
[1] "mclust"    "stats"     "graphics"  "grDevices" "utils"     "datasets" 
[7] "methods"   "base"     

[[48]]
[1] "mclust"    "stats"     "graphics"  "grDevices" "utils"     "datasets" 
[7] "methods"   "base"     

> ga_res <- ga_verbose(type = "real-valued", 
+                      function(x)
+                        chabaudi_si_clean(
+                          parameters_cr = c(x[1], x[2], x[3], x[4]), 
+                          parameters = parameters_tsukushi, 
+                          time_range = time_range, 
+                          cue = "G", 
+                          cue_range = G_range, 
+                          log_cue = "none",
+                          immunity = "tsukushi",
+                          solver = "vode"),
+                      lower = c(-1, -100, -1000, -5000), # range determined that would alter shape of spline
+                      upper = c(1, 100, 1000, 5000),  
+                      popSize = 250, 
+                      maxiter = 1000, # change to 10 for testing purpose 
+                      pmutation = 0.3,
+                      keepBest = TRUE,
+                      run = 50,
+                      parallel = cl,
+                      seed = 137,
+                      monitor = TRUE,
+                      id = "2022-03-05_si-G-emp")
-0.4873283 15.40535 -242.7175 -2729.107[[1]]
           [,1]     [,2]      [,3]      [,4]
[1,] -0.4873283 15.40535 -242.7175 -2729.107

[[2]]
[1] 6.343773

GA | iter = 1 | Mean = 2.295124 | Best = 6.343773
-0.0426207 -8.539907 145.4435 -2105.467[[1]]
           [,1]      [,2]     [,3]      [,4]
[1,] -0.0426207 -8.539907 145.4435 -2105.467

[[2]]
[1] 8.060402

GA | iter = 2 | Mean = 3.417396 | Best = 8.060402
-0.0426207 -8.539907 145.4435 -2105.467[[1]]
           [,1]      [,2]     [,3]      [,4]
[1,] -0.0426207 -8.539907 145.4435 -2105.467

[[2]]
[1] 8.060402

GA | iter = 3 | Mean = 4.085361 | Best = 8.060402
-0.0426207 -8.539907 145.4435 -2105.467[[1]]
           [,1]      [,2]     [,3]      [,4]
[1,] -0.0426207 -8.539907 145.4435 -2105.467

[[2]]
[1] 8.060402

GA | iter = 4 | Mean = 4.572778 | Best = 8.060402
-0.0426207 -8.539907 145.4435 -2105.467[[1]]
           [,1]      [,2]     [,3]      [,4]
[1,] -0.0426207 -8.539907 145.4435 -2105.467

[[2]]
[1] 8.060402

GA | iter = 5 | Mean = 4.784901 | Best = 8.060402
-0.0426207 -8.539907 145.4435 -2105.467[[1]]
           [,1]      [,2]     [,3]      [,4]
[1,] -0.0426207 -8.539907 145.4435 -2105.467

[[2]]
[1] 8.060402

GA | iter = 6 | Mean = 4.979940 | Best = 8.060402
-0.1143788 -5.662751 69.84975 -582.3341[[1]]
           [,1]      [,2]     [,3]      [,4]
[1,] -0.1143788 -5.662751 69.84975 -582.3341

[[2]]
[1] 8.266972

GA | iter = 7 | Mean = 5.187808 | Best = 8.266972
-0.07965974 -7.588279 86.49949 -667.5071[[1]]
            [,1]      [,2]     [,3]      [,4]
[1,] -0.07965974 -7.588279 86.49949 -667.5071

[[2]]
[1] 8.380131

GA | iter = 8 | Mean = 5.299397 | Best = 8.380131
-0.07965974 -7.588279 86.49949 -667.5071[[1]]
            [,1]      [,2]     [,3]      [,4]
[1,] -0.07965974 -7.588279 86.49949 -667.5071

[[2]]
[1] 8.380131

GA | iter = 9 | Mean = 5.557777 | Best = 8.380131
-0.07965974 -7.588279 86.49949 -667.5071[[1]]
            [,1]      [,2]     [,3]      [,4]
[1,] -0.07965974 -7.588279 86.49949 -667.5071

[[2]]
[1] 8.380131

GA | iter = 10 | Mean = 5.686094 | Best = 8.380131
-0.07965974 -7.588279 86.49949 -667.5071[[1]]
            [,1]      [,2]     [,3]      [,4]
[1,] -0.07965974 -7.588279 86.49949 -667.5071

[[2]]
[1] 8.380131

GA | iter = 11 | Mean = 5.667623 | Best = 8.380131
-0.01485305 -10.44275 158.3139 -1647.308[[1]]
            [,1]      [,2]     [,3]      [,4]
[1,] -0.01485305 -10.44275 158.3139 -1647.308

[[2]]
[1] 8.438052

GA | iter = 12 | Mean = 5.854026 | Best = 8.438052
-0.01485305 -10.44275 158.3139 -1647.308[[1]]
            [,1]      [,2]     [,3]      [,4]
[1,] -0.01485305 -10.44275 158.3139 -1647.308

[[2]]
[1] 8.438052

GA | iter = 13 | Mean = 5.903279 | Best = 8.438052
-0.01485305 -10.44275 158.3139 -1647.308[[1]]
            [,1]      [,2]     [,3]      [,4]
[1,] -0.01485305 -10.44275 158.3139 -1647.308

[[2]]
[1] 8.438052

GA | iter = 14 | Mean = 5.841275 | Best = 8.438052
-0.01485305 -10.44275 158.3139 -1647.308[[1]]
            [,1]      [,2]     [,3]      [,4]
[1,] -0.01485305 -10.44275 158.3139 -1647.308

[[2]]
[1] 8.438052

GA | iter = 15 | Mean = 5.704623 | Best = 8.438052
-0.002104735 -9.548772 104.8745 -874.6544[[1]]
             [,1]      [,2]     [,3]      [,4]
[1,] -0.002104735 -9.548772 104.8745 -874.6544

[[2]]
[1] 8.464443

GA | iter = 16 | Mean = 5.964245 | Best = 8.464443
-0.002104735 -9.548772 104.8745 -874.6544[[1]]
             [,1]      [,2]     [,3]      [,4]
[1,] -0.002104735 -9.548772 104.8745 -874.6544

[[2]]
[1] 8.464443

GA | iter = 17 | Mean = 5.870356 | Best = 8.464443
-0.002104735 -9.548772 104.8745 -874.6544[[1]]
             [,1]      [,2]     [,3]      [,4]
[1,] -0.002104735 -9.548772 104.8745 -874.6544

[[2]]
[1] 8.464443

GA | iter = 18 | Mean = 6.040897 | Best = 8.464443
0.004974577 -9.519891 116.4263 -1036.11[[1]]
            [,1]      [,2]     [,3]     [,4]
[1,] 0.004974577 -9.519891 116.4263 -1036.11

[[2]]
[1] 8.492139

GA | iter = 19 | Mean = 5.915856 | Best = 8.492139
0.004974577 -9.519891 116.4263 -1036.11[[1]]
            [,1]      [,2]     [,3]     [,4]
[1,] 0.004974577 -9.519891 116.4263 -1036.11

[[2]]
[1] 8.492139

GA | iter = 20 | Mean = 6.109137 | Best = 8.492139
0.004974577 -9.519891 116.4263 -1036.11[[1]]
            [,1]      [,2]     [,3]     [,4]
[1,] 0.004974577 -9.519891 116.4263 -1036.11

[[2]]
[1] 8.492139

GA | iter = 21 | Mean = 6.032749 | Best = 8.492139
0.004974577 -9.519891 116.4263 -1036.11[[1]]
            [,1]      [,2]     [,3]     [,4]
[1,] 0.004974577 -9.519891 116.4263 -1036.11

[[2]]
[1] 8.492139

GA | iter = 22 | Mean = 5.960742 | Best = 8.492139
0.0127324 -10.65074 133.1764 -1244.956[[1]]
          [,1]      [,2]     [,3]      [,4]
[1,] 0.0127324 -10.65074 133.1764 -1244.956

[[2]]
[1] 8.522772

GA | iter = 23 | Mean = 6.054182 | Best = 8.522772
0.0127324 -10.65074 133.1764 -1244.956[[1]]
          [,1]      [,2]     [,3]      [,4]
[1,] 0.0127324 -10.65074 133.1764 -1244.956

[[2]]
[1] 8.522772

GA | iter = 24 | Mean = 6.111481 | Best = 8.522772
0.02159951 -11.07587 135.6658 -1207.52[[1]]
           [,1]      [,2]     [,3]     [,4]
[1,] 0.02159951 -11.07587 135.6658 -1207.52

[[2]]
[1] 8.528076

GA | iter = 25 | Mean = 6.124014 | Best = 8.528076
-0.005917861 -11.39822 144.3868 -1332.604[[1]]
             [,1]      [,2]     [,3]      [,4]
[1,] -0.005917861 -11.39822 144.3868 -1332.604

[[2]]
[1] 8.530665

GA | iter = 26 | Mean = 6.310101 | Best = 8.530665
-0.005917861 -11.39822 144.3868 -1332.604[[1]]
             [,1]      [,2]     [,3]      [,4]
[1,] -0.005917861 -11.39822 144.3868 -1332.604

[[2]]
[1] 8.530665

GA | iter = 27 | Mean = 6.189567 | Best = 8.530665
-0.005917861 -11.39822 144.3868 -1332.604[[1]]
             [,1]      [,2]     [,3]      [,4]
[1,] -0.005917861 -11.39822 144.3868 -1332.604

[[2]]
[1] 8.530665

GA | iter = 28 | Mean = 6.359059 | Best = 8.530665
-0.005917861 -11.39822 144.3868 -1332.604[[1]]
             [,1]      [,2]     [,3]      [,4]
[1,] -0.005917861 -11.39822 144.3868 -1332.604

[[2]]
[1] 8.530665

GA | iter = 29 | Mean = 6.393000 | Best = 8.530665
-0.005917861 -11.39822 144.3868 -1332.604[[1]]
             [,1]      [,2]     [,3]      [,4]
[1,] -0.005917861 -11.39822 144.3868 -1332.604

[[2]]
[1] 8.530665

GA | iter = 30 | Mean = 6.303378 | Best = 8.530665
-0.005917861 -11.39822 144.3868 -1332.604[[1]]
             [,1]      [,2]     [,3]      [,4]
[1,] -0.005917861 -11.39822 144.3868 -1332.604

[[2]]
[1] 8.530665

GA | iter = 31 | Mean = 6.216653 | Best = 8.530665
-0.005917861 -11.39822 144.3868 -1332.604[[1]]
             [,1]      [,2]     [,3]      [,4]
[1,] -0.005917861 -11.39822 144.3868 -1332.604

[[2]]
[1] 8.530665

GA | iter = 32 | Mean = 6.005013 | Best = 8.530665
-0.005917861 -11.39822 144.3868 -1332.604[[1]]
             [,1]      [,2]     [,3]      [,4]
[1,] -0.005917861 -11.39822 144.3868 -1332.604

[[2]]
[1] 8.530665

GA | iter = 33 | Mean = 6.098358 | Best = 8.530665
-0.005917861 -11.39822 144.3868 -1332.604[[1]]
             [,1]      [,2]     [,3]      [,4]
[1,] -0.005917861 -11.39822 144.3868 -1332.604

[[2]]
[1] 8.530665

GA | iter = 34 | Mean = 6.134783 | Best = 8.530665
-0.005917861 -11.39822 144.3868 -1332.604[[1]]
             [,1]      [,2]     [,3]      [,4]
[1,] -0.005917861 -11.39822 144.3868 -1332.604

[[2]]
[1] 8.530665

GA | iter = 35 | Mean = 6.212261 | Best = 8.530665
-0.005917861 -11.39822 144.3868 -1332.604[[1]]
             [,1]      [,2]     [,3]      [,4]
[1,] -0.005917861 -11.39822 144.3868 -1332.604

[[2]]
[1] 8.530665

GA | iter = 36 | Mean = 6.268864 | Best = 8.530665
-0.005917861 -11.39822 144.3868 -1332.604[[1]]
             [,1]      [,2]     [,3]      [,4]
[1,] -0.005917861 -11.39822 144.3868 -1332.604

[[2]]
[1] 8.530665

GA | iter = 37 | Mean = 6.116871 | Best = 8.530665
-0.005917861 -11.39822 144.3868 -1332.604[[1]]
             [,1]      [,2]     [,3]      [,4]
[1,] -0.005917861 -11.39822 144.3868 -1332.604

[[2]]
[1] 8.530665

GA | iter = 38 | Mean = 6.025225 | Best = 8.530665
-0.005917861 -11.39822 144.3868 -1332.604[[1]]
             [,1]      [,2]     [,3]      [,4]
[1,] -0.005917861 -11.39822 144.3868 -1332.604

[[2]]
[1] 8.530665

GA | iter = 39 | Mean = 5.753285 | Best = 8.530665
-0.005917861 -11.39822 144.3868 -1332.604[[1]]
             [,1]      [,2]     [,3]      [,4]
[1,] -0.005917861 -11.39822 144.3868 -1332.604

[[2]]
[1] 8.530665

GA | iter = 40 | Mean = 6.042662 | Best = 8.530665
-0.005917861 -11.39822 144.3868 -1332.604[[1]]
             [,1]      [,2]     [,3]      [,4]
[1,] -0.005917861 -11.39822 144.3868 -1332.604

[[2]]
[1] 8.530665

GA | iter = 41 | Mean = 6.152835 | Best = 8.530665
-0.005917861 -11.39822 144.3868 -1332.604[[1]]
             [,1]      [,2]     [,3]      [,4]
[1,] -0.005917861 -11.39822 144.3868 -1332.604

[[2]]
[1] 8.530665

GA | iter = 42 | Mean = 6.170085 | Best = 8.530665
-0.005917861 -11.39822 144.3868 -1332.604[[1]]
             [,1]      [,2]     [,3]      [,4]
[1,] -0.005917861 -11.39822 144.3868 -1332.604

[[2]]
[1] 8.530665

GA | iter = 43 | Mean = 6.177419 | Best = 8.530665
-0.005917861 -11.39822 144.3868 -1332.604[[1]]
             [,1]      [,2]     [,3]      [,4]
[1,] -0.005917861 -11.39822 144.3868 -1332.604

[[2]]
[1] 8.530665

GA | iter = 44 | Mean = 6.251134 | Best = 8.530665
-0.005917861 -11.39822 144.3868 -1332.604[[1]]
             [,1]      [,2]     [,3]      [,4]
[1,] -0.005917861 -11.39822 144.3868 -1332.604

[[2]]
[1] 8.530665

GA | iter = 45 | Mean = 6.311413 | Best = 8.530665
-0.005917861 -11.39822 144.3868 -1332.604[[1]]
             [,1]      [,2]     [,3]      [,4]
[1,] -0.005917861 -11.39822 144.3868 -1332.604

[[2]]
[1] 8.530665

GA | iter = 46 | Mean = 6.313900 | Best = 8.530665
-0.005917861 -11.39822 144.3868 -1332.604[[1]]
             [,1]      [,2]     [,3]      [,4]
[1,] -0.005917861 -11.39822 144.3868 -1332.604

[[2]]
[1] 8.530665

GA | iter = 47 | Mean = 6.171083 | Best = 8.530665
0.009058184 -11.19982 145.5324 -1390.716[[1]]
            [,1]      [,2]     [,3]      [,4]
[1,] 0.009058184 -11.19982 145.5324 -1390.716

[[2]]
[1] 8.538593

GA | iter = 48 | Mean = 6.139309 | Best = 8.538593
0.009058184 -11.19982 145.5324 -1390.716[[1]]
            [,1]      [,2]     [,3]      [,4]
[1,] 0.009058184 -11.19982 145.5324 -1390.716

[[2]]
[1] 8.538593

GA | iter = 49 | Mean = 6.234331 | Best = 8.538593
0.009058184 -11.19982 145.5324 -1390.716[[1]]
            [,1]      [,2]     [,3]      [,4]
[1,] 0.009058184 -11.19982 145.5324 -1390.716

[[2]]
[1] 8.538593

GA | iter = 50 | Mean = 6.541582 | Best = 8.538593
0.009058184 -11.19982 145.5324 -1390.716[[1]]
            [,1]      [,2]     [,3]      [,4]
[1,] 0.009058184 -11.19982 145.5324 -1390.716

[[2]]
[1] 8.538593

GA | iter = 51 | Mean = 6.359773 | Best = 8.538593
0.009058184 -11.19982 145.5324 -1390.716[[1]]
            [,1]      [,2]     [,3]      [,4]
[1,] 0.009058184 -11.19982 145.5324 -1390.716

[[2]]
[1] 8.538593

GA | iter = 52 | Mean = 6.393785 | Best = 8.538593
0.009058184 -11.19982 145.5324 -1390.716[[1]]
            [,1]      [,2]     [,3]      [,4]
[1,] 0.009058184 -11.19982 145.5324 -1390.716

[[2]]
[1] 8.538593

GA | iter = 53 | Mean = 6.483174 | Best = 8.538593
0.009058184 -11.19982 145.5324 -1390.716[[1]]
            [,1]      [,2]     [,3]      [,4]
[1,] 0.009058184 -11.19982 145.5324 -1390.716

[[2]]
[1] 8.538593

GA | iter = 54 | Mean = 6.260102 | Best = 8.538593
0.009058184 -11.19982 145.5324 -1390.716[[1]]
            [,1]      [,2]     [,3]      [,4]
[1,] 0.009058184 -11.19982 145.5324 -1390.716

[[2]]
[1] 8.538593

GA | iter = 55 | Mean = 6.538695 | Best = 8.538593
0.009058184 -11.19982 145.5324 -1390.716[[1]]
            [,1]      [,2]     [,3]      [,4]
[1,] 0.009058184 -11.19982 145.5324 -1390.716

[[2]]
[1] 8.538593

GA | iter = 56 | Mean = 6.153683 | Best = 8.538593
0.009058184 -11.19982 145.5324 -1390.716[[1]]
            [,1]      [,2]     [,3]      [,4]
[1,] 0.009058184 -11.19982 145.5324 -1390.716

[[2]]
[1] 8.538593

GA | iter = 57 | Mean = 6.183274 | Best = 8.538593
0.009058184 -11.19982 145.5324 -1390.716[[1]]
            [,1]      [,2]     [,3]      [,4]
[1,] 0.009058184 -11.19982 145.5324 -1390.716

[[2]]
[1] 8.538593

GA | iter = 58 | Mean = 5.944353 | Best = 8.538593
0.009058184 -11.19982 145.5324 -1390.716[[1]]
            [,1]      [,2]     [,3]      [,4]
[1,] 0.009058184 -11.19982 145.5324 -1390.716

[[2]]
[1] 8.538593

GA | iter = 59 | Mean = 5.858702 | Best = 8.538593
0.009058184 -11.19982 145.5324 -1390.716[[1]]
            [,1]      [,2]     [,3]      [,4]
[1,] 0.009058184 -11.19982 145.5324 -1390.716

[[2]]
[1] 8.538593

GA | iter = 60 | Mean = 5.970642 | Best = 8.538593
0.009058184 -11.19982 145.5324 -1390.716[[1]]
            [,1]      [,2]     [,3]      [,4]
[1,] 0.009058184 -11.19982 145.5324 -1390.716

[[2]]
[1] 8.538593

GA | iter = 61 | Mean = 6.340248 | Best = 8.538593
0.009058184 -11.19982 145.5324 -1390.716[[1]]
            [,1]      [,2]     [,3]      [,4]
[1,] 0.009058184 -11.19982 145.5324 -1390.716

[[2]]
[1] 8.538593

GA | iter = 62 | Mean = 6.165002 | Best = 8.538593
0.009058184 -11.19982 145.5324 -1390.716[[1]]
            [,1]      [,2]     [,3]      [,4]
[1,] 0.009058184 -11.19982 145.5324 -1390.716

[[2]]
[1] 8.538593

GA | iter = 63 | Mean = 5.827246 | Best = 8.538593
0.009058184 -11.19982 145.5324 -1390.716[[1]]
            [,1]      [,2]     [,3]      [,4]
[1,] 0.009058184 -11.19982 145.5324 -1390.716

[[2]]
[1] 8.538593

GA | iter = 64 | Mean = 6.164007 | Best = 8.538593
0.009058184 -11.19982 145.5324 -1390.716[[1]]
            [,1]      [,2]     [,3]      [,4]
[1,] 0.009058184 -11.19982 145.5324 -1390.716

[[2]]
[1] 8.538593

GA | iter = 65 | Mean = 6.105501 | Best = 8.538593
0.009058184 -11.19982 145.5324 -1390.716[[1]]
            [,1]      [,2]     [,3]      [,4]
[1,] 0.009058184 -11.19982 145.5324 -1390.716

[[2]]
[1] 8.538593

GA | iter = 66 | Mean = 5.981593 | Best = 8.538593
0.009058184 -11.19982 145.5324 -1390.716[[1]]
            [,1]      [,2]     [,3]      [,4]
[1,] 0.009058184 -11.19982 145.5324 -1390.716

[[2]]
[1] 8.538593

GA | iter = 67 | Mean = 6.115564 | Best = 8.538593
0.009058184 -11.19982 145.5324 -1390.716[[1]]
            [,1]      [,2]     [,3]      [,4]
[1,] 0.009058184 -11.19982 145.5324 -1390.716

[[2]]
[1] 8.538593

GA | iter = 68 | Mean = 5.946281 | Best = 8.538593
0.009058184 -11.19982 145.5324 -1390.716[[1]]
            [,1]      [,2]     [,3]      [,4]
[1,] 0.009058184 -11.19982 145.5324 -1390.716

[[2]]
[1] 8.538593

GA | iter = 69 | Mean = 6.313832 | Best = 8.538593
0.009058184 -11.19982 145.5324 -1390.716[[1]]
            [,1]      [,2]     [,3]      [,4]
[1,] 0.009058184 -11.19982 145.5324 -1390.716

[[2]]
[1] 8.538593

GA | iter = 70 | Mean = 6.223227 | Best = 8.538593
0.009058184 -11.19982 145.5324 -1390.716[[1]]
            [,1]      [,2]     [,3]      [,4]
[1,] 0.009058184 -11.19982 145.5324 -1390.716

[[2]]
[1] 8.538593

GA | iter = 71 | Mean = 6.292656 | Best = 8.538593
0.009058184 -11.19982 145.5324 -1390.716[[1]]
            [,1]      [,2]     [,3]      [,4]
[1,] 0.009058184 -11.19982 145.5324 -1390.716

[[2]]
[1] 8.538593

GA | iter = 72 | Mean = 6.106745 | Best = 8.538593
0.01540225 -11.29424 142.442 -1330.486[[1]]
           [,1]      [,2]    [,3]      [,4]
[1,] 0.01540225 -11.29424 142.442 -1330.486

[[2]]
[1] 8.539043

GA | iter = 73 | Mean = 6.190990 | Best = 8.539043
0.01540225 -11.29424 142.442 -1330.486[[1]]
           [,1]      [,2]    [,3]      [,4]
[1,] 0.01540225 -11.29424 142.442 -1330.486

[[2]]
[1] 8.539043

GA | iter = 74 | Mean = 6.092077 | Best = 8.539043
0.01540225 -11.29424 142.442 -1330.486[[1]]
           [,1]      [,2]    [,3]      [,4]
[1,] 0.01540225 -11.29424 142.442 -1330.486

[[2]]
[1] 8.539043

GA | iter = 75 | Mean = 5.779864 | Best = 8.539043
0.01540225 -11.29424 142.442 -1330.486[[1]]
           [,1]      [,2]    [,3]      [,4]
[1,] 0.01540225 -11.29424 142.442 -1330.486

[[2]]
[1] 8.539043

GA | iter = 76 | Mean = 6.006962 | Best = 8.539043
0.01540225 -11.29424 142.442 -1330.486[[1]]
           [,1]      [,2]    [,3]      [,4]
[1,] 0.01540225 -11.29424 142.442 -1330.486

[[2]]
[1] 8.539043

GA | iter = 77 | Mean = 6.104718 | Best = 8.539043
0.01540225 -11.29424 142.442 -1330.486[[1]]
           [,1]      [,2]    [,3]      [,4]
[1,] 0.01540225 -11.29424 142.442 -1330.486

[[2]]
[1] 8.539043

GA | iter = 78 | Mean = 6.154449 | Best = 8.539043
0.01540225 -11.29424 142.442 -1330.486[[1]]
           [,1]      [,2]    [,3]      [,4]
[1,] 0.01540225 -11.29424 142.442 -1330.486

[[2]]
[1] 8.539043

GA | iter = 79 | Mean = 6.068286 | Best = 8.539043
0.01540225 -11.29424 142.442 -1330.486[[1]]
           [,1]      [,2]    [,3]      [,4]
[1,] 0.01540225 -11.29424 142.442 -1330.486

[[2]]
[1] 8.539043

GA | iter = 80 | Mean = 6.273039 | Best = 8.539043
0.01540225 -11.29424 142.442 -1330.486[[1]]
           [,1]      [,2]    [,3]      [,4]
[1,] 0.01540225 -11.29424 142.442 -1330.486

[[2]]
[1] 8.539043

GA | iter = 81 | Mean = 6.339649 | Best = 8.539043
0.01540225 -11.29424 142.442 -1330.486[[1]]
           [,1]      [,2]    [,3]      [,4]
[1,] 0.01540225 -11.29424 142.442 -1330.486

[[2]]
[1] 8.539043

GA | iter = 82 | Mean = 6.198334 | Best = 8.539043
0.02015905 -11.86284 154.6379 -1509.542[[1]]
           [,1]      [,2]     [,3]      [,4]
[1,] 0.02015905 -11.86284 154.6379 -1509.542

[[2]]
[1] 8.549269

GA | iter = 83 | Mean = 6.111344 | Best = 8.549269
0.02015905 -11.86284 154.6379 -1509.542[[1]]
           [,1]      [,2]     [,3]      [,4]
[1,] 0.02015905 -11.86284 154.6379 -1509.542

[[2]]
[1] 8.549269

GA | iter = 84 | Mean = 6.139748 | Best = 8.549269
0.02015905 -11.86284 154.6379 -1509.542[[1]]
           [,1]      [,2]     [,3]      [,4]
[1,] 0.02015905 -11.86284 154.6379 -1509.542

[[2]]
[1] 8.549269

GA | iter = 85 | Mean = 6.084405 | Best = 8.549269
0.02015905 -11.86284 154.6379 -1509.542[[1]]
           [,1]      [,2]     [,3]      [,4]
[1,] 0.02015905 -11.86284 154.6379 -1509.542

[[2]]
[1] 8.549269

GA | iter = 86 | Mean = 6.063728 | Best = 8.549269
0.02015905 -11.86284 154.6379 -1509.542[[1]]
           [,1]      [,2]     [,3]      [,4]
[1,] 0.02015905 -11.86284 154.6379 -1509.542

[[2]]
[1] 8.549269

GA | iter = 87 | Mean = 6.016492 | Best = 8.549269
0.02015905 -11.86284 154.6379 -1509.542[[1]]
           [,1]      [,2]     [,3]      [,4]
[1,] 0.02015905 -11.86284 154.6379 -1509.542

[[2]]
[1] 8.549269

GA | iter = 88 | Mean = 6.263599 | Best = 8.549269
0.02015905 -11.86284 154.6379 -1509.542[[1]]
           [,1]      [,2]     [,3]      [,4]
[1,] 0.02015905 -11.86284 154.6379 -1509.542

[[2]]
[1] 8.549269

GA | iter = 89 | Mean = 6.134867 | Best = 8.549269
0.02015905 -11.86284 154.6379 -1509.542[[1]]
           [,1]      [,2]     [,3]      [,4]
[1,] 0.02015905 -11.86284 154.6379 -1509.542

[[2]]
[1] 8.549269

GA | iter = 90 | Mean = 6.162050 | Best = 8.549269
0.02015905 -11.86284 154.6379 -1509.542[[1]]
           [,1]      [,2]     [,3]      [,4]
[1,] 0.02015905 -11.86284 154.6379 -1509.542

[[2]]
[1] 8.549269

GA | iter = 91 | Mean = 6.045508 | Best = 8.549269
0.02015905 -11.86284 154.6379 -1509.542[[1]]
           [,1]      [,2]     [,3]      [,4]
[1,] 0.02015905 -11.86284 154.6379 -1509.542

[[2]]
[1] 8.549269

GA | iter = 92 | Mean = 6.228795 | Best = 8.549269
0.02015905 -11.86284 154.6379 -1509.542[[1]]
           [,1]      [,2]     [,3]      [,4]
[1,] 0.02015905 -11.86284 154.6379 -1509.542

[[2]]
[1] 8.549269

GA | iter = 93 | Mean = 6.229724 | Best = 8.549269
0.02015905 -11.86284 154.6379 -1509.542[[1]]
           [,1]      [,2]     [,3]      [,4]
[1,] 0.02015905 -11.86284 154.6379 -1509.542

[[2]]
[1] 8.549269

GA | iter = 94 | Mean = 6.400890 | Best = 8.549269
0.02015905 -11.86284 154.6379 -1509.542[[1]]
           [,1]      [,2]     [,3]      [,4]
[1,] 0.02015905 -11.86284 154.6379 -1509.542

[[2]]
[1] 8.549269

GA | iter = 95 | Mean = 6.346311 | Best = 8.549269
0.02015905 -11.86284 154.6379 -1509.542[[1]]
           [,1]      [,2]     [,3]      [,4]
[1,] 0.02015905 -11.86284 154.6379 -1509.542

[[2]]
[1] 8.549269

GA | iter = 96 | Mean = 6.275458 | Best = 8.549269
0.02015905 -11.86284 154.6379 -1509.542[[1]]
           [,1]      [,2]     [,3]      [,4]
[1,] 0.02015905 -11.86284 154.6379 -1509.542

[[2]]
[1] 8.549269

GA | iter = 97 | Mean = 6.153224 | Best = 8.549269
0.02015905 -11.86284 154.6379 -1509.542[[1]]
           [,1]      [,2]     [,3]      [,4]
[1,] 0.02015905 -11.86284 154.6379 -1509.542

[[2]]
[1] 8.549269

GA | iter = 98 | Mean = 6.291953 | Best = 8.549269
0.02015905 -11.86284 154.6379 -1509.542[[1]]
           [,1]      [,2]     [,3]      [,4]
[1,] 0.02015905 -11.86284 154.6379 -1509.542

[[2]]
[1] 8.549269

GA | iter = 99 | Mean = 6.245557 | Best = 8.549269
0.02015905 -11.86284 154.6379 -1509.542[[1]]
           [,1]      [,2]     [,3]      [,4]
[1,] 0.02015905 -11.86284 154.6379 -1509.542

[[2]]
[1] 8.549269

GA | iter = 100 | Mean = 6.319615 | Best = 8.549269
0.02015905 -11.86284 154.6379 -1509.542[[1]]
           [,1]      [,2]     [,3]      [,4]
[1,] 0.02015905 -11.86284 154.6379 -1509.542

[[2]]
[1] 8.549269

GA | iter = 101 | Mean = 6.270768 | Best = 8.549269
0.02015905 -11.86284 154.6379 -1509.542[[1]]
           [,1]      [,2]     [,3]      [,4]
[1,] 0.02015905 -11.86284 154.6379 -1509.542

[[2]]
[1] 8.549269

GA | iter = 102 | Mean = 5.842841 | Best = 8.549269
0.02015905 -11.86284 154.6379 -1509.542[[1]]
           [,1]      [,2]     [,3]      [,4]
[1,] 0.02015905 -11.86284 154.6379 -1509.542

[[2]]
[1] 8.549269

GA | iter = 103 | Mean = 6.147530 | Best = 8.549269
0.02015905 -11.86284 154.6379 -1509.542[[1]]
           [,1]      [,2]     [,3]      [,4]
[1,] 0.02015905 -11.86284 154.6379 -1509.542

[[2]]
[1] 8.549269

GA | iter = 104 | Mean = 5.935622 | Best = 8.549269
0.02015905 -11.86284 154.6379 -1509.542[[1]]
           [,1]      [,2]     [,3]      [,4]
[1,] 0.02015905 -11.86284 154.6379 -1509.542

[[2]]
[1] 8.549269

GA | iter = 105 | Mean = 6.268096 | Best = 8.549269
0.02015905 -11.86284 154.6379 -1509.542[[1]]
           [,1]      [,2]     [,3]      [,4]
[1,] 0.02015905 -11.86284 154.6379 -1509.542

[[2]]
[1] 8.549269

GA | iter = 106 | Mean = 6.209933 | Best = 8.549269
0.02015905 -11.86284 154.6379 -1509.542[[1]]
           [,1]      [,2]     [,3]      [,4]
[1,] 0.02015905 -11.86284 154.6379 -1509.542

[[2]]
[1] 8.549269

GA | iter = 107 | Mean = 6.133116 | Best = 8.549269
0.02015905 -11.86284 154.6379 -1509.542[[1]]
           [,1]      [,2]     [,3]      [,4]
[1,] 0.02015905 -11.86284 154.6379 -1509.542

[[2]]
[1] 8.549269

GA | iter = 108 | Mean = 6.350675 | Best = 8.549269
0.01969187 -11.8597 154.4849 -1476.173[[1]]
           [,1]     [,2]     [,3]      [,4]
[1,] 0.01969187 -11.8597 154.4849 -1476.173

[[2]]
[1] 8.550993

GA | iter = 109 | Mean = 6.425403 | Best = 8.550993
0.01969187 -11.8597 154.4849 -1476.173[[1]]
           [,1]     [,2]     [,3]      [,4]
[1,] 0.01969187 -11.8597 154.4849 -1476.173

[[2]]
[1] 8.550993

GA | iter = 110 | Mean = 6.317887 | Best = 8.550993
0.01969187 -11.8597 154.4849 -1476.173[[1]]
           [,1]     [,2]     [,3]      [,4]
[1,] 0.01969187 -11.8597 154.4849 -1476.173

[[2]]
[1] 8.550993

GA | iter = 111 | Mean = 6.237920 | Best = 8.550993
0.01969187 -11.8597 154.4849 -1476.173[[1]]
           [,1]     [,2]     [,3]      [,4]
[1,] 0.01969187 -11.8597 154.4849 -1476.173

[[2]]
[1] 8.550993

GA | iter = 112 | Mean = 6.358079 | Best = 8.550993
0.01969187 -11.8597 154.4849 -1476.173[[1]]
           [,1]     [,2]     [,3]      [,4]
[1,] 0.01969187 -11.8597 154.4849 -1476.173

[[2]]
[1] 8.550993

GA | iter = 113 | Mean = 6.299072 | Best = 8.550993
0.01969187 -11.8597 154.4849 -1476.173[[1]]
           [,1]     [,2]     [,3]      [,4]
[1,] 0.01969187 -11.8597 154.4849 -1476.173

[[2]]
[1] 8.550993

GA | iter = 114 | Mean = 6.329747 | Best = 8.550993
0.01969187 -11.8597 154.4849 -1476.173[[1]]
           [,1]     [,2]     [,3]      [,4]
[1,] 0.01969187 -11.8597 154.4849 -1476.173

[[2]]
[1] 8.550993

GA | iter = 115 | Mean = 6.181856 | Best = 8.550993
0.01969187 -11.8597 154.4849 -1476.173[[1]]
           [,1]     [,2]     [,3]      [,4]
[1,] 0.01969187 -11.8597 154.4849 -1476.173

[[2]]
[1] 8.550993

GA | iter = 116 | Mean = 6.247664 | Best = 8.550993
0.01969187 -11.8597 154.4849 -1476.173[[1]]
           [,1]     [,2]     [,3]      [,4]
[1,] 0.01969187 -11.8597 154.4849 -1476.173

[[2]]
[1] 8.550993

GA | iter = 117 | Mean = 6.058392 | Best = 8.550993
0.01969187 -11.8597 154.4849 -1476.173[[1]]
           [,1]     [,2]     [,3]      [,4]
[1,] 0.01969187 -11.8597 154.4849 -1476.173

[[2]]
[1] 8.550993

GA | iter = 118 | Mean = 6.014034 | Best = 8.550993
0.01969187 -11.8597 154.4849 -1476.173[[1]]
           [,1]     [,2]     [,3]      [,4]
[1,] 0.01969187 -11.8597 154.4849 -1476.173

[[2]]
[1] 8.550993

GA | iter = 119 | Mean = 6.069154 | Best = 8.550993
0.01969187 -11.8597 154.4849 -1476.173[[1]]
           [,1]     [,2]     [,3]      [,4]
[1,] 0.01969187 -11.8597 154.4849 -1476.173

[[2]]
[1] 8.550993

GA | iter = 120 | Mean = 6.141886 | Best = 8.550993
0.01969187 -11.8597 154.4849 -1476.173[[1]]
           [,1]     [,2]     [,3]      [,4]
[1,] 0.01969187 -11.8597 154.4849 -1476.173

[[2]]
[1] 8.550993

GA | iter = 121 | Mean = 6.374751 | Best = 8.550993
0.01969187 -11.8597 154.4849 -1476.173[[1]]
           [,1]     [,2]     [,3]      [,4]
[1,] 0.01969187 -11.8597 154.4849 -1476.173

[[2]]
[1] 8.550993

GA | iter = 122 | Mean = 6.106025 | Best = 8.550993
0.01969187 -11.8597 154.4849 -1476.173[[1]]
           [,1]     [,2]     [,3]      [,4]
[1,] 0.01969187 -11.8597 154.4849 -1476.173

[[2]]
[1] 8.550993

GA | iter = 123 | Mean = 6.243113 | Best = 8.550993
0.01969187 -11.8597 154.4849 -1476.173[[1]]
           [,1]     [,2]     [,3]      [,4]
[1,] 0.01969187 -11.8597 154.4849 -1476.173

[[2]]
[1] 8.550993

GA | iter = 124 | Mean = 6.239608 | Best = 8.550993
0.0369826 -13.12633 172.6095 -1682.12[[1]]
          [,1]      [,2]     [,3]     [,4]
[1,] 0.0369826 -13.12633 172.6095 -1682.12

[[2]]
[1] 8.568408

GA | iter = 125 | Mean = 6.340304 | Best = 8.568408
0.0369826 -13.12633 172.6095 -1682.12[[1]]
          [,1]      [,2]     [,3]     [,4]
[1,] 0.0369826 -13.12633 172.6095 -1682.12

[[2]]
[1] 8.568408

GA | iter = 126 | Mean = 6.302086 | Best = 8.568408
0.0369826 -13.12633 172.6095 -1682.12[[1]]
          [,1]      [,2]     [,3]     [,4]
[1,] 0.0369826 -13.12633 172.6095 -1682.12

[[2]]
[1] 8.568408

GA | iter = 127 | Mean = 6.201614 | Best = 8.568408
0.0369826 -13.12633 172.6095 -1682.12[[1]]
          [,1]      [,2]     [,3]     [,4]
[1,] 0.0369826 -13.12633 172.6095 -1682.12

[[2]]
[1] 8.568408

GA | iter = 128 | Mean = 6.367680 | Best = 8.568408
0.0369826 -13.12633 172.6095 -1682.12[[1]]
          [,1]      [,2]     [,3]     [,4]
[1,] 0.0369826 -13.12633 172.6095 -1682.12

[[2]]
[1] 8.568408

GA | iter = 129 | Mean = 6.671656 | Best = 8.568408
0.0369826 -13.12633 172.6095 -1682.12[[1]]
          [,1]      [,2]     [,3]     [,4]
[1,] 0.0369826 -13.12633 172.6095 -1682.12

[[2]]
[1] 8.568408

GA | iter = 130 | Mean = 6.425260 | Best = 8.568408
0.0369826 -13.12633 172.6095 -1682.12[[1]]
          [,1]      [,2]     [,3]     [,4]
[1,] 0.0369826 -13.12633 172.6095 -1682.12

[[2]]
[1] 8.568408

GA | iter = 131 | Mean = 6.323993 | Best = 8.568408
0.0369826 -13.12633 172.6095 -1682.12[[1]]
          [,1]      [,2]     [,3]     [,4]
[1,] 0.0369826 -13.12633 172.6095 -1682.12

[[2]]
[1] 8.568408

GA | iter = 132 | Mean = 6.391314 | Best = 8.568408
0.0369826 -13.12633 172.6095 -1682.12[[1]]
          [,1]      [,2]     [,3]     [,4]
[1,] 0.0369826 -13.12633 172.6095 -1682.12

[[2]]
[1] 8.568408

GA | iter = 133 | Mean = 6.165644 | Best = 8.568408
0.0369826 -13.12633 172.6095 -1682.12[[1]]
          [,1]      [,2]     [,3]     [,4]
[1,] 0.0369826 -13.12633 172.6095 -1682.12

[[2]]
[1] 8.568408

GA | iter = 134 | Mean = 6.340238 | Best = 8.568408
0.0369826 -13.12633 172.6095 -1682.12[[1]]
          [,1]      [,2]     [,3]     [,4]
[1,] 0.0369826 -13.12633 172.6095 -1682.12

[[2]]
[1] 8.568408

GA | iter = 135 | Mean = 6.391703 | Best = 8.568408
0.0369826 -13.12633 172.6095 -1682.12[[1]]
          [,1]      [,2]     [,3]     [,4]
[1,] 0.0369826 -13.12633 172.6095 -1682.12

[[2]]
[1] 8.568408

GA | iter = 136 | Mean = 6.120710 | Best = 8.568408
0.0369826 -13.12633 172.6095 -1682.12[[1]]
          [,1]      [,2]     [,3]     [,4]
[1,] 0.0369826 -13.12633 172.6095 -1682.12

[[2]]
[1] 8.568408

GA | iter = 137 | Mean = 6.125287 | Best = 8.568408
0.0369826 -13.12633 172.6095 -1682.12[[1]]
          [,1]      [,2]     [,3]     [,4]
[1,] 0.0369826 -13.12633 172.6095 -1682.12

[[2]]
[1] 8.568408

GA | iter = 138 | Mean = 6.279130 | Best = 8.568408
0.0369826 -13.12633 172.6095 -1682.12[[1]]
          [,1]      [,2]     [,3]     [,4]
[1,] 0.0369826 -13.12633 172.6095 -1682.12

[[2]]
[1] 8.568408

GA | iter = 139 | Mean = 6.356884 | Best = 8.568408
0.0369826 -13.12633 172.6095 -1682.12[[1]]
          [,1]      [,2]     [,3]     [,4]
[1,] 0.0369826 -13.12633 172.6095 -1682.12

[[2]]
[1] 8.568408

GA | iter = 140 | Mean = 6.351921 | Best = 8.568408
0.03123832 -13.30213 181.4732 -1809.947[[1]]
           [,1]      [,2]     [,3]      [,4]
[1,] 0.03123832 -13.30213 181.4732 -1809.947

[[2]]
[1] 8.572012

GA | iter = 141 | Mean = 6.366238 | Best = 8.572012
0.03123832 -13.30213 181.4732 -1809.947[[1]]
           [,1]      [,2]     [,3]      [,4]
[1,] 0.03123832 -13.30213 181.4732 -1809.947

[[2]]
[1] 8.572012

GA | iter = 142 | Mean = 6.228896 | Best = 8.572012
0.03123832 -13.30213 181.4732 -1809.947[[1]]
           [,1]      [,2]     [,3]      [,4]
[1,] 0.03123832 -13.30213 181.4732 -1809.947

[[2]]
[1] 8.572012

GA | iter = 143 | Mean = 6.329579 | Best = 8.572012
0.03123832 -13.30213 181.4732 -1809.947[[1]]
           [,1]      [,2]     [,3]      [,4]
[1,] 0.03123832 -13.30213 181.4732 -1809.947

[[2]]
[1] 8.572012

GA | iter = 144 | Mean = 6.029354 | Best = 8.572012
0.03123832 -13.30213 181.4732 -1809.947[[1]]
           [,1]      [,2]     [,3]      [,4]
[1,] 0.03123832 -13.30213 181.4732 -1809.947

[[2]]
[1] 8.572012

GA | iter = 145 | Mean = 6.254544 | Best = 8.572012
0.03123832 -13.30213 181.4732 -1809.947[[1]]
           [,1]      [,2]     [,3]      [,4]
[1,] 0.03123832 -13.30213 181.4732 -1809.947

[[2]]
[1] 8.572012

GA | iter = 146 | Mean = 6.029089 | Best = 8.572012
0.03123832 -13.30213 181.4732 -1809.947[[1]]
           [,1]      [,2]     [,3]      [,4]
[1,] 0.03123832 -13.30213 181.4732 -1809.947

[[2]]
[1] 8.572012

GA | iter = 147 | Mean = 5.913474 | Best = 8.572012
0.03123832 -13.30213 181.4732 -1809.947[[1]]
           [,1]      [,2]     [,3]      [,4]
[1,] 0.03123832 -13.30213 181.4732 -1809.947

[[2]]
[1] 8.572012

GA | iter = 148 | Mean = 6.193661 | Best = 8.572012
0.03123832 -13.30213 181.4732 -1809.947[[1]]
           [,1]      [,2]     [,3]      [,4]
[1,] 0.03123832 -13.30213 181.4732 -1809.947

[[2]]
[1] 8.572012

GA | iter = 149 | Mean = 6.109265 | Best = 8.572012
0.03123832 -13.30213 181.4732 -1809.947[[1]]
           [,1]      [,2]     [,3]      [,4]
[1,] 0.03123832 -13.30213 181.4732 -1809.947

[[2]]
[1] 8.572012

GA | iter = 150 | Mean = 6.348114 | Best = 8.572012
0.03123832 -13.30213 181.4732 -1809.947[[1]]
           [,1]      [,2]     [,3]      [,4]
[1,] 0.03123832 -13.30213 181.4732 -1809.947

[[2]]
[1] 8.572012

GA | iter = 151 | Mean = 6.235928 | Best = 8.572012
0.03123832 -13.30213 181.4732 -1809.947[[1]]
           [,1]      [,2]     [,3]      [,4]
[1,] 0.03123832 -13.30213 181.4732 -1809.947

[[2]]
[1] 8.572012

GA | iter = 152 | Mean = 6.352847 | Best = 8.572012
0.03123832 -13.30213 181.4732 -1809.947[[1]]
           [,1]      [,2]     [,3]      [,4]
[1,] 0.03123832 -13.30213 181.4732 -1809.947

[[2]]
[1] 8.572012

GA | iter = 153 | Mean = 6.016404 | Best = 8.572012
0.03123832 -13.30213 181.4732 -1809.947[[1]]
           [,1]      [,2]     [,3]      [,4]
[1,] 0.03123832 -13.30213 181.4732 -1809.947

[[2]]
[1] 8.572012

GA | iter = 154 | Mean = 6.082553 | Best = 8.572012
0.03123832 -13.30213 181.4732 -1809.947[[1]]
           [,1]      [,2]     [,3]      [,4]
[1,] 0.03123832 -13.30213 181.4732 -1809.947

[[2]]
[1] 8.572012

GA | iter = 155 | Mean = 6.016633 | Best = 8.572012
0.03123832 -13.30213 181.4732 -1809.947[[1]]
           [,1]      [,2]     [,3]      [,4]
[1,] 0.03123832 -13.30213 181.4732 -1809.947

[[2]]
[1] 8.572012

GA | iter = 156 | Mean = 6.250391 | Best = 8.572012
0.03123832 -13.30213 181.4732 -1809.947[[1]]
           [,1]      [,2]     [,3]      [,4]
[1,] 0.03123832 -13.30213 181.4732 -1809.947

[[2]]
[1] 8.572012

GA | iter = 157 | Mean = 5.943960 | Best = 8.572012
0.03123832 -13.30213 181.4732 -1809.947[[1]]
           [,1]      [,2]     [,3]      [,4]
[1,] 0.03123832 -13.30213 181.4732 -1809.947

[[2]]
[1] 8.572012

GA | iter = 158 | Mean = 6.051866 | Best = 8.572012
0.03123832 -13.30213 181.4732 -1809.947[[1]]
           [,1]      [,2]     [,3]      [,4]
[1,] 0.03123832 -13.30213 181.4732 -1809.947

[[2]]
[1] 8.572012

GA | iter = 159 | Mean = 5.993030 | Best = 8.572012
0.03123832 -13.30213 181.4732 -1809.947[[1]]
           [,1]      [,2]     [,3]      [,4]
[1,] 0.03123832 -13.30213 181.4732 -1809.947

[[2]]
[1] 8.572012

GA | iter = 160 | Mean = 6.094528 | Best = 8.572012
0.03123832 -13.30213 181.4732 -1809.947[[1]]
           [,1]      [,2]     [,3]      [,4]
[1,] 0.03123832 -13.30213 181.4732 -1809.947

[[2]]
[1] 8.572012

GA | iter = 161 | Mean = 6.088387 | Best = 8.572012
0.03123832 -13.30213 181.4732 -1809.947[[1]]
           [,1]      [,2]     [,3]      [,4]
[1,] 0.03123832 -13.30213 181.4732 -1809.947

[[2]]
[1] 8.572012

GA | iter = 162 | Mean = 5.992322 | Best = 8.572012
0.03123832 -13.30213 181.4732 -1809.947[[1]]
           [,1]      [,2]     [,3]      [,4]
[1,] 0.03123832 -13.30213 181.4732 -1809.947

[[2]]
[1] 8.572012

GA | iter = 163 | Mean = 6.214106 | Best = 8.572012
0.02978136 -13.28726 180.1028 -1807.132[[1]]
           [,1]      [,2]     [,3]      [,4]
[1,] 0.02978136 -13.28726 180.1028 -1807.132

[[2]]
[1] 8.573751

GA | iter = 164 | Mean = 5.981833 | Best = 8.573751
0.02978136 -13.28726 180.1028 -1807.132[[1]]
           [,1]      [,2]     [,3]      [,4]
[1,] 0.02978136 -13.28726 180.1028 -1807.132

[[2]]
[1] 8.573751

GA | iter = 165 | Mean = 6.161571 | Best = 8.573751
0.02978136 -13.28726 180.1028 -1807.132[[1]]
           [,1]      [,2]     [,3]      [,4]
[1,] 0.02978136 -13.28726 180.1028 -1807.132

[[2]]
[1] 8.573751

GA | iter = 166 | Mean = 6.206408 | Best = 8.573751
0.02978136 -13.28726 180.1028 -1807.132[[1]]
           [,1]      [,2]     [,3]      [,4]
[1,] 0.02978136 -13.28726 180.1028 -1807.132

[[2]]
[1] 8.573751

GA | iter = 167 | Mean = 6.287191 | Best = 8.573751
0.02978136 -13.28726 180.1028 -1807.132[[1]]
           [,1]      [,2]     [,3]      [,4]
[1,] 0.02978136 -13.28726 180.1028 -1807.132

[[2]]
[1] 8.573751

GA | iter = 168 | Mean = 6.198731 | Best = 8.573751
0.02978136 -13.28726 180.1028 -1807.132[[1]]
           [,1]      [,2]     [,3]      [,4]
[1,] 0.02978136 -13.28726 180.1028 -1807.132

[[2]]
[1] 8.573751

GA | iter = 169 | Mean = 6.103336 | Best = 8.573751
0.02978136 -13.28726 180.1028 -1807.132[[1]]
           [,1]      [,2]     [,3]      [,4]
[1,] 0.02978136 -13.28726 180.1028 -1807.132

[[2]]
[1] 8.573751

GA | iter = 170 | Mean = 6.290096 | Best = 8.573751
0.02978136 -13.28726 180.1028 -1807.132[[1]]
           [,1]      [,2]     [,3]      [,4]
[1,] 0.02978136 -13.28726 180.1028 -1807.132

[[2]]
[1] 8.573751

GA | iter = 171 | Mean = 6.036120 | Best = 8.573751
0.02978136 -13.28726 180.1028 -1807.132[[1]]
           [,1]      [,2]     [,3]      [,4]
[1,] 0.02978136 -13.28726 180.1028 -1807.132

[[2]]
[1] 8.573751

GA | iter = 172 | Mean = 6.217257 | Best = 8.573751
0.02978136 -13.28726 180.1028 -1807.132[[1]]
           [,1]      [,2]     [,3]      [,4]
[1,] 0.02978136 -13.28726 180.1028 -1807.132

[[2]]
[1] 8.573751

GA | iter = 173 | Mean = 6.254223 | Best = 8.573751
0.03086619 -13.61544 192.6085 -2017.579[[1]]
           [,1]      [,2]     [,3]      [,4]
[1,] 0.03086619 -13.61544 192.6085 -2017.579

[[2]]
[1] 8.576677

GA | iter = 174 | Mean = 6.352514 | Best = 8.576677
0.03086619 -13.61544 192.6085 -2017.579[[1]]
           [,1]      [,2]     [,3]      [,4]
[1,] 0.03086619 -13.61544 192.6085 -2017.579

[[2]]
[1] 8.576677

GA | iter = 175 | Mean = 6.412570 | Best = 8.576677
0.03086619 -13.61544 192.6085 -2017.579[[1]]
           [,1]      [,2]     [,3]      [,4]
[1,] 0.03086619 -13.61544 192.6085 -2017.579

[[2]]
[1] 8.576677

GA | iter = 176 | Mean = 6.230035 | Best = 8.576677
0.03086619 -13.61544 192.6085 -2017.579[[1]]
           [,1]      [,2]     [,3]      [,4]
[1,] 0.03086619 -13.61544 192.6085 -2017.579

[[2]]
[1] 8.576677

GA | iter = 177 | Mean = 6.271865 | Best = 8.576677
0.03086619 -13.61544 192.6085 -2017.579[[1]]
           [,1]      [,2]     [,3]      [,4]
[1,] 0.03086619 -13.61544 192.6085 -2017.579

[[2]]
[1] 8.576677

GA | iter = 178 | Mean = 6.196705 | Best = 8.576677
0.03086619 -13.61544 192.6085 -2017.579[[1]]
           [,1]      [,2]     [,3]      [,4]
[1,] 0.03086619 -13.61544 192.6085 -2017.579

[[2]]
[1] 8.576677

GA | iter = 179 | Mean = 6.339555 | Best = 8.576677
0.03086619 -13.61544 192.6085 -2017.579[[1]]
           [,1]      [,2]     [,3]      [,4]
[1,] 0.03086619 -13.61544 192.6085 -2017.579

[[2]]
[1] 8.576677

GA | iter = 180 | Mean = 6.591196 | Best = 8.576677
0.03086619 -13.61544 192.6085 -2017.579[[1]]
           [,1]      [,2]     [,3]      [,4]
[1,] 0.03086619 -13.61544 192.6085 -2017.579

[[2]]
[1] 8.576677

GA | iter = 181 | Mean = 6.242034 | Best = 8.576677
0.03086619 -13.61544 192.6085 -2017.579[[1]]
           [,1]      [,2]     [,3]      [,4]
[1,] 0.03086619 -13.61544 192.6085 -2017.579

[[2]]
[1] 8.576677

GA | iter = 182 | Mean = 6.393954 | Best = 8.576677
0.03086619 -13.61544 192.6085 -2017.579[[1]]
           [,1]      [,2]     [,3]      [,4]
[1,] 0.03086619 -13.61544 192.6085 -2017.579

[[2]]
[1] 8.576677

GA | iter = 183 | Mean = 6.302105 | Best = 8.576677
0.03086619 -13.61544 192.6085 -2017.579[[1]]
           [,1]      [,2]     [,3]      [,4]
[1,] 0.03086619 -13.61544 192.6085 -2017.579

[[2]]
[1] 8.576677

GA | iter = 184 | Mean = 6.426435 | Best = 8.576677
0.03086619 -13.61544 192.6085 -2017.579[[1]]
           [,1]      [,2]     [,3]      [,4]
[1,] 0.03086619 -13.61544 192.6085 -2017.579

[[2]]
[1] 8.576677

GA | iter = 185 | Mean = 6.005375 | Best = 8.576677
0.03086619 -13.61544 192.6085 -2017.579[[1]]
           [,1]      [,2]     [,3]      [,4]
[1,] 0.03086619 -13.61544 192.6085 -2017.579

[[2]]
[1] 8.576677

GA | iter = 186 | Mean = 6.276075 | Best = 8.576677
0.03086619 -13.61544 192.6085 -2017.579[[1]]
           [,1]      [,2]     [,3]      [,4]
[1,] 0.03086619 -13.61544 192.6085 -2017.579

[[2]]
[1] 8.576677

GA | iter = 187 | Mean = 6.240954 | Best = 8.576677
0.03086619 -13.61544 192.6085 -2017.579[[1]]
           [,1]      [,2]     [,3]      [,4]
[1,] 0.03086619 -13.61544 192.6085 -2017.579

[[2]]
[1] 8.576677

GA | iter = 188 | Mean = 6.122595 | Best = 8.576677
0.03086619 -13.61544 192.6085 -2017.579[[1]]
           [,1]      [,2]     [,3]      [,4]
[1,] 0.03086619 -13.61544 192.6085 -2017.579

[[2]]
[1] 8.576677

GA | iter = 189 | Mean = 6.273049 | Best = 8.576677
0.03086619 -13.61544 192.6085 -2017.579[[1]]
           [,1]      [,2]     [,3]      [,4]
[1,] 0.03086619 -13.61544 192.6085 -2017.579

[[2]]
[1] 8.576677

GA | iter = 190 | Mean = 6.263545 | Best = 8.576677
0.03086619 -13.61544 192.6085 -2017.579[[1]]
           [,1]      [,2]     [,3]      [,4]
[1,] 0.03086619 -13.61544 192.6085 -2017.579

[[2]]
[1] 8.576677

GA | iter = 191 | Mean = 6.224175 | Best = 8.576677
0.03086619 -13.61544 192.6085 -2017.579[[1]]
           [,1]      [,2]     [,3]      [,4]
[1,] 0.03086619 -13.61544 192.6085 -2017.579

[[2]]
[1] 8.576677

GA | iter = 192 | Mean = 6.312758 | Best = 8.576677
0.03086619 -13.61544 192.6085 -2017.579[[1]]
           [,1]      [,2]     [,3]      [,4]
[1,] 0.03086619 -13.61544 192.6085 -2017.579

[[2]]
[1] 8.576677

GA | iter = 193 | Mean = 6.264079 | Best = 8.576677
0.03086619 -13.61544 192.6085 -2017.579[[1]]
           [,1]      [,2]     [,3]      [,4]
[1,] 0.03086619 -13.61544 192.6085 -2017.579

[[2]]
[1] 8.576677

GA | iter = 194 | Mean = 6.286818 | Best = 8.576677
0.03086619 -13.61544 192.6085 -2017.579[[1]]
           [,1]      [,2]     [,3]      [,4]
[1,] 0.03086619 -13.61544 192.6085 -2017.579

[[2]]
[1] 8.576677

GA | iter = 195 | Mean = 6.240436 | Best = 8.576677
0.03086619 -13.61544 192.6085 -2017.579[[1]]
           [,1]      [,2]     [,3]      [,4]
[1,] 0.03086619 -13.61544 192.6085 -2017.579

[[2]]
[1] 8.576677

GA | iter = 196 | Mean = 6.160196 | Best = 8.576677
0.03086619 -13.61544 192.6085 -2017.579[[1]]
           [,1]      [,2]     [,3]      [,4]
[1,] 0.03086619 -13.61544 192.6085 -2017.579

[[2]]
[1] 8.576677

GA | iter = 197 | Mean = 6.229340 | Best = 8.576677
0.03086619 -13.61544 192.6085 -2017.579[[1]]
           [,1]      [,2]     [,3]      [,4]
[1,] 0.03086619 -13.61544 192.6085 -2017.579

[[2]]
[1] 8.576677

GA | iter = 198 | Mean = 6.098017 | Best = 8.576677
0.03086619 -13.61544 192.6085 -2017.579[[1]]
           [,1]      [,2]     [,3]      [,4]
[1,] 0.03086619 -13.61544 192.6085 -2017.579

[[2]]
[1] 8.576677

GA | iter = 199 | Mean = 6.085400 | Best = 8.576677
0.03086619 -13.61544 192.6085 -2017.579[[1]]
           [,1]      [,2]     [,3]      [,4]
[1,] 0.03086619 -13.61544 192.6085 -2017.579

[[2]]
[1] 8.576677

GA | iter = 200 | Mean = 5.962282 | Best = 8.576677
0.03086619 -13.61544 192.6085 -2017.579[[1]]
           [,1]      [,2]     [,3]      [,4]
[1,] 0.03086619 -13.61544 192.6085 -2017.579

[[2]]
[1] 8.576677

GA | iter = 201 | Mean = 5.944735 | Best = 8.576677
0.03086619 -13.61544 192.6085 -2017.579[[1]]
           [,1]      [,2]     [,3]      [,4]
[1,] 0.03086619 -13.61544 192.6085 -2017.579

[[2]]
[1] 8.576677

GA | iter = 202 | Mean = 6.045117 | Best = 8.576677
0.03086619 -13.61544 192.6085 -2017.579[[1]]
           [,1]      [,2]     [,3]      [,4]
[1,] 0.03086619 -13.61544 192.6085 -2017.579

[[2]]
[1] 8.576677

GA | iter = 203 | Mean = 6.097848 | Best = 8.576677
0.03086619 -13.61544 192.6085 -2017.579[[1]]
           [,1]      [,2]     [,3]      [,4]
[1,] 0.03086619 -13.61544 192.6085 -2017.579

[[2]]
[1] 8.576677

GA | iter = 204 | Mean = 6.396143 | Best = 8.576677
0.03086619 -13.61544 192.6085 -2017.579[[1]]
           [,1]      [,2]     [,3]      [,4]
[1,] 0.03086619 -13.61544 192.6085 -2017.579

[[2]]
[1] 8.576677

GA | iter = 205 | Mean = 6.247049 | Best = 8.576677
0.03086619 -13.61544 192.6085 -2017.579[[1]]
           [,1]      [,2]     [,3]      [,4]
[1,] 0.03086619 -13.61544 192.6085 -2017.579

[[2]]
[1] 8.576677

GA | iter = 206 | Mean = 6.333055 | Best = 8.576677
0.03086619 -13.61544 192.6085 -2017.579[[1]]
           [,1]      [,2]     [,3]      [,4]
[1,] 0.03086619 -13.61544 192.6085 -2017.579

[[2]]
[1] 8.576677

GA | iter = 207 | Mean = 5.940072 | Best = 8.576677
0.03086619 -13.61544 192.6085 -2017.579[[1]]
           [,1]      [,2]     [,3]      [,4]
[1,] 0.03086619 -13.61544 192.6085 -2017.579

[[2]]
[1] 8.576677

GA | iter = 208 | Mean = 6.047096 | Best = 8.576677
0.03086619 -13.61544 192.6085 -2017.579[[1]]
           [,1]      [,2]     [,3]      [,4]
[1,] 0.03086619 -13.61544 192.6085 -2017.579

[[2]]
[1] 8.576677

GA | iter = 209 | Mean = 5.977315 | Best = 8.576677
0.03086619 -13.61544 192.6085 -2017.579[[1]]
           [,1]      [,2]     [,3]      [,4]
[1,] 0.03086619 -13.61544 192.6085 -2017.579

[[2]]
[1] 8.576677

GA | iter = 210 | Mean = 5.897750 | Best = 8.576677
0.03086619 -13.61544 192.6085 -2017.579[[1]]
           [,1]      [,2]     [,3]      [,4]
[1,] 0.03086619 -13.61544 192.6085 -2017.579

[[2]]
[1] 8.576677

GA | iter = 211 | Mean = 5.799358 | Best = 8.576677
0.03086619 -13.61544 192.6085 -2017.579[[1]]
           [,1]      [,2]     [,3]      [,4]
[1,] 0.03086619 -13.61544 192.6085 -2017.579

[[2]]
[1] 8.576677

GA | iter = 212 | Mean = 5.974396 | Best = 8.576677
0.03086619 -13.61544 192.6085 -2017.579[[1]]
           [,1]      [,2]     [,3]      [,4]
[1,] 0.03086619 -13.61544 192.6085 -2017.579

[[2]]
[1] 8.576677

GA | iter = 213 | Mean = 6.228891 | Best = 8.576677
0.03086619 -13.61544 192.6085 -2017.579[[1]]
           [,1]      [,2]     [,3]      [,4]
[1,] 0.03086619 -13.61544 192.6085 -2017.579

[[2]]
[1] 8.576677

GA | iter = 214 | Mean = 6.439132 | Best = 8.576677
0.03086619 -13.61544 192.6085 -2017.579[[1]]
           [,1]      [,2]     [,3]      [,4]
[1,] 0.03086619 -13.61544 192.6085 -2017.579

[[2]]
[1] 8.576677

GA | iter = 215 | Mean = 6.280221 | Best = 8.576677
0.03086619 -13.61544 192.6085 -2017.579[[1]]
           [,1]      [,2]     [,3]      [,4]
[1,] 0.03086619 -13.61544 192.6085 -2017.579

[[2]]
[1] 8.576677

GA | iter = 216 | Mean = 6.312010 | Best = 8.576677
0.03086619 -13.61544 192.6085 -2017.579[[1]]
           [,1]      [,2]     [,3]      [,4]
[1,] 0.03086619 -13.61544 192.6085 -2017.579

[[2]]
[1] 8.576677

GA | iter = 217 | Mean = 6.357972 | Best = 8.576677
0.03086619 -13.61544 192.6085 -2017.579[[1]]
           [,1]      [,2]     [,3]      [,4]
[1,] 0.03086619 -13.61544 192.6085 -2017.579

[[2]]
[1] 8.576677

GA | iter = 218 | Mean = 6.260875 | Best = 8.576677
0.03086619 -13.61544 192.6085 -2017.579[[1]]
           [,1]      [,2]     [,3]      [,4]
[1,] 0.03086619 -13.61544 192.6085 -2017.579

[[2]]
[1] 8.576677

GA | iter = 219 | Mean = 6.411061 | Best = 8.576677
0.03086619 -13.61544 192.6085 -2017.579[[1]]
           [,1]      [,2]     [,3]      [,4]
[1,] 0.03086619 -13.61544 192.6085 -2017.579

[[2]]
[1] 8.576677

GA | iter = 220 | Mean = 6.296902 | Best = 8.576677
0.03086619 -13.61544 192.6085 -2017.579[[1]]
           [,1]      [,2]     [,3]      [,4]
[1,] 0.03086619 -13.61544 192.6085 -2017.579

[[2]]
[1] 8.576677

GA | iter = 221 | Mean = 6.444593 | Best = 8.576677
0.03086619 -13.61544 192.6085 -2017.579[[1]]
           [,1]      [,2]     [,3]      [,4]
[1,] 0.03086619 -13.61544 192.6085 -2017.579

[[2]]
[1] 8.576677

GA | iter = 222 | Mean = 6.211841 | Best = 8.576677
0.03086619 -13.61544 192.6085 -2017.579[[1]]
           [,1]      [,2]     [,3]      [,4]
[1,] 0.03086619 -13.61544 192.6085 -2017.579

[[2]]
[1] 8.576677

GA | iter = 223 | Mean = 6.023028 | Best = 8.576677

> stopCluster(cl)
> 
> print(list(ga_res@bestSol, ga_res@fitnessValue))
[[1]]
[[1]][[1]]
           [,1]     [,2]      [,3]      [,4]
[1,] -0.4873283 15.40535 -242.7175 -2729.107

[[1]][[2]]
           [,1]      [,2]     [,3]      [,4]
[1,] -0.0426207 -8.539907 145.4435 -2105.467

[[1]][[3]]
           [,1]      [,2]     [,3]      [,4]
[1,] -0.0426207 -8.539907 145.4435 -2105.467

[[1]][[4]]
           [,1]      [,2]     [,3]      [,4]
[1,] -0.0426207 -8.539907 145.4435 -2105.467

[[1]][[5]]
           [,1]      [,2]     [,3]      [,4]
[1,] -0.0426207 -8.539907 145.4435 -2105.467

[[1]][[6]]
           [,1]      [,2]     [,3]      [,4]
[1,] -0.0426207 -8.539907 145.4435 -2105.467

[[1]][[7]]
           [,1]      [,2]     [,3]      [,4]
[1,] -0.1143788 -5.662751 69.84975 -582.3341

[[1]][[8]]
            [,1]      [,2]     [,3]      [,4]
[1,] -0.07965974 -7.588279 86.49949 -667.5071

[[1]][[9]]
            [,1]      [,2]     [,3]      [,4]
[1,] -0.07965974 -7.588279 86.49949 -667.5071

[[1]][[10]]
            [,1]      [,2]     [,3]      [,4]
[1,] -0.07965974 -7.588279 86.49949 -667.5071

[[1]][[11]]
            [,1]      [,2]     [,3]      [,4]
[1,] -0.07965974 -7.588279 86.49949 -667.5071

[[1]][[12]]
            [,1]      [,2]     [,3]      [,4]
[1,] -0.01485305 -10.44275 158.3139 -1647.308

[[1]][[13]]
            [,1]      [,2]     [,3]      [,4]
[1,] -0.01485305 -10.44275 158.3139 -1647.308

[[1]][[14]]
            [,1]      [,2]     [,3]      [,4]
[1,] -0.01485305 -10.44275 158.3139 -1647.308

[[1]][[15]]
            [,1]      [,2]     [,3]      [,4]
[1,] -0.01485305 -10.44275 158.3139 -1647.308

[[1]][[16]]
             [,1]      [,2]     [,3]      [,4]
[1,] -0.002104735 -9.548772 104.8745 -874.6544

[[1]][[17]]
             [,1]      [,2]     [,3]      [,4]
[1,] -0.002104735 -9.548772 104.8745 -874.6544

[[1]][[18]]
             [,1]      [,2]     [,3]      [,4]
[1,] -0.002104735 -9.548772 104.8745 -874.6544

[[1]][[19]]
            [,1]      [,2]     [,3]     [,4]
[1,] 0.004974577 -9.519891 116.4263 -1036.11

[[1]][[20]]
            [,1]      [,2]     [,3]     [,4]
[1,] 0.004974577 -9.519891 116.4263 -1036.11

[[1]][[21]]
            [,1]      [,2]     [,3]     [,4]
[1,] 0.004974577 -9.519891 116.4263 -1036.11

[[1]][[22]]
            [,1]      [,2]     [,3]     [,4]
[1,] 0.004974577 -9.519891 116.4263 -1036.11

[[1]][[23]]
          [,1]      [,2]     [,3]      [,4]
[1,] 0.0127324 -10.65074 133.1764 -1244.956

[[1]][[24]]
          [,1]      [,2]     [,3]      [,4]
[1,] 0.0127324 -10.65074 133.1764 -1244.956

[[1]][[25]]
           [,1]      [,2]     [,3]     [,4]
[1,] 0.02159951 -11.07587 135.6658 -1207.52

[[1]][[26]]
             [,1]      [,2]     [,3]      [,4]
[1,] -0.005917861 -11.39822 144.3868 -1332.604

[[1]][[27]]
             [,1]      [,2]     [,3]      [,4]
[1,] -0.005917861 -11.39822 144.3868 -1332.604

[[1]][[28]]
             [,1]      [,2]     [,3]      [,4]
[1,] -0.005917861 -11.39822 144.3868 -1332.604

[[1]][[29]]
             [,1]      [,2]     [,3]      [,4]
[1,] -0.005917861 -11.39822 144.3868 -1332.604

[[1]][[30]]
             [,1]      [,2]     [,3]      [,4]
[1,] -0.005917861 -11.39822 144.3868 -1332.604

[[1]][[31]]
             [,1]      [,2]     [,3]      [,4]
[1,] -0.005917861 -11.39822 144.3868 -1332.604

[[1]][[32]]
             [,1]      [,2]     [,3]      [,4]
[1,] -0.005917861 -11.39822 144.3868 -1332.604

[[1]][[33]]
             [,1]      [,2]     [,3]      [,4]
[1,] -0.005917861 -11.39822 144.3868 -1332.604

[[1]][[34]]
             [,1]      [,2]     [,3]      [,4]
[1,] -0.005917861 -11.39822 144.3868 -1332.604

[[1]][[35]]
             [,1]      [,2]     [,3]      [,4]
[1,] -0.005917861 -11.39822 144.3868 -1332.604

[[1]][[36]]
             [,1]      [,2]     [,3]      [,4]
[1,] -0.005917861 -11.39822 144.3868 -1332.604

[[1]][[37]]
             [,1]      [,2]     [,3]      [,4]
[1,] -0.005917861 -11.39822 144.3868 -1332.604

[[1]][[38]]
             [,1]      [,2]     [,3]      [,4]
[1,] -0.005917861 -11.39822 144.3868 -1332.604

[[1]][[39]]
             [,1]      [,2]     [,3]      [,4]
[1,] -0.005917861 -11.39822 144.3868 -1332.604

[[1]][[40]]
             [,1]      [,2]     [,3]      [,4]
[1,] -0.005917861 -11.39822 144.3868 -1332.604

[[1]][[41]]
             [,1]      [,2]     [,3]      [,4]
[1,] -0.005917861 -11.39822 144.3868 -1332.604

[[1]][[42]]
             [,1]      [,2]     [,3]      [,4]
[1,] -0.005917861 -11.39822 144.3868 -1332.604

[[1]][[43]]
             [,1]      [,2]     [,3]      [,4]
[1,] -0.005917861 -11.39822 144.3868 -1332.604

[[1]][[44]]
             [,1]      [,2]     [,3]      [,4]
[1,] -0.005917861 -11.39822 144.3868 -1332.604

[[1]][[45]]
             [,1]      [,2]     [,3]      [,4]
[1,] -0.005917861 -11.39822 144.3868 -1332.604

[[1]][[46]]
             [,1]      [,2]     [,3]      [,4]
[1,] -0.005917861 -11.39822 144.3868 -1332.604

[[1]][[47]]
             [,1]      [,2]     [,3]      [,4]
[1,] -0.005917861 -11.39822 144.3868 -1332.604

[[1]][[48]]
            [,1]      [,2]     [,3]      [,4]
[1,] 0.009058184 -11.19982 145.5324 -1390.716

[[1]][[49]]
            [,1]      [,2]     [,3]      [,4]
[1,] 0.009058184 -11.19982 145.5324 -1390.716

[[1]][[50]]
            [,1]      [,2]     [,3]      [,4]
[1,] 0.009058184 -11.19982 145.5324 -1390.716

[[1]][[51]]
            [,1]      [,2]     [,3]      [,4]
[1,] 0.009058184 -11.19982 145.5324 -1390.716

[[1]][[52]]
            [,1]      [,2]     [,3]      [,4]
[1,] 0.009058184 -11.19982 145.5324 -1390.716

[[1]][[53]]
            [,1]      [,2]     [,3]      [,4]
[1,] 0.009058184 -11.19982 145.5324 -1390.716

[[1]][[54]]
            [,1]      [,2]     [,3]      [,4]
[1,] 0.009058184 -11.19982 145.5324 -1390.716

[[1]][[55]]
            [,1]      [,2]     [,3]      [,4]
[1,] 0.009058184 -11.19982 145.5324 -1390.716

[[1]][[56]]
            [,1]      [,2]     [,3]      [,4]
[1,] 0.009058184 -11.19982 145.5324 -1390.716

[[1]][[57]]
            [,1]      [,2]     [,3]      [,4]
[1,] 0.009058184 -11.19982 145.5324 -1390.716

[[1]][[58]]
            [,1]      [,2]     [,3]      [,4]
[1,] 0.009058184 -11.19982 145.5324 -1390.716

[[1]][[59]]
            [,1]      [,2]     [,3]      [,4]
[1,] 0.009058184 -11.19982 145.5324 -1390.716

[[1]][[60]]
            [,1]      [,2]     [,3]      [,4]
[1,] 0.009058184 -11.19982 145.5324 -1390.716

[[1]][[61]]
            [,1]      [,2]     [,3]      [,4]
[1,] 0.009058184 -11.19982 145.5324 -1390.716

[[1]][[62]]
            [,1]      [,2]     [,3]      [,4]
[1,] 0.009058184 -11.19982 145.5324 -1390.716

[[1]][[63]]
            [,1]      [,2]     [,3]      [,4]
[1,] 0.009058184 -11.19982 145.5324 -1390.716

[[1]][[64]]
            [,1]      [,2]     [,3]      [,4]
[1,] 0.009058184 -11.19982 145.5324 -1390.716

[[1]][[65]]
            [,1]      [,2]     [,3]      [,4]
[1,] 0.009058184 -11.19982 145.5324 -1390.716

[[1]][[66]]
            [,1]      [,2]     [,3]      [,4]
[1,] 0.009058184 -11.19982 145.5324 -1390.716

[[1]][[67]]
            [,1]      [,2]     [,3]      [,4]
[1,] 0.009058184 -11.19982 145.5324 -1390.716

[[1]][[68]]
            [,1]      [,2]     [,3]      [,4]
[1,] 0.009058184 -11.19982 145.5324 -1390.716

[[1]][[69]]
            [,1]      [,2]     [,3]      [,4]
[1,] 0.009058184 -11.19982 145.5324 -1390.716

[[1]][[70]]
            [,1]      [,2]     [,3]      [,4]
[1,] 0.009058184 -11.19982 145.5324 -1390.716

[[1]][[71]]
            [,1]      [,2]     [,3]      [,4]
[1,] 0.009058184 -11.19982 145.5324 -1390.716

[[1]][[72]]
            [,1]      [,2]     [,3]      [,4]
[1,] 0.009058184 -11.19982 145.5324 -1390.716

[[1]][[73]]
           [,1]      [,2]    [,3]      [,4]
[1,] 0.01540225 -11.29424 142.442 -1330.486

[[1]][[74]]
           [,1]      [,2]    [,3]      [,4]
[1,] 0.01540225 -11.29424 142.442 -1330.486

[[1]][[75]]
           [,1]      [,2]    [,3]      [,4]
[1,] 0.01540225 -11.29424 142.442 -1330.486

[[1]][[76]]
           [,1]      [,2]    [,3]      [,4]
[1,] 0.01540225 -11.29424 142.442 -1330.486

[[1]][[77]]
           [,1]      [,2]    [,3]      [,4]
[1,] 0.01540225 -11.29424 142.442 -1330.486

[[1]][[78]]
           [,1]      [,2]    [,3]      [,4]
[1,] 0.01540225 -11.29424 142.442 -1330.486

[[1]][[79]]
           [,1]      [,2]    [,3]      [,4]
[1,] 0.01540225 -11.29424 142.442 -1330.486

[[1]][[80]]
           [,1]      [,2]    [,3]      [,4]
[1,] 0.01540225 -11.29424 142.442 -1330.486

[[1]][[81]]
           [,1]      [,2]    [,3]      [,4]
[1,] 0.01540225 -11.29424 142.442 -1330.486

[[1]][[82]]
           [,1]      [,2]    [,3]      [,4]
[1,] 0.01540225 -11.29424 142.442 -1330.486

[[1]][[83]]
           [,1]      [,2]     [,3]      [,4]
[1,] 0.02015905 -11.86284 154.6379 -1509.542

[[1]][[84]]
           [,1]      [,2]     [,3]      [,4]
[1,] 0.02015905 -11.86284 154.6379 -1509.542

[[1]][[85]]
           [,1]      [,2]     [,3]      [,4]
[1,] 0.02015905 -11.86284 154.6379 -1509.542

[[1]][[86]]
           [,1]      [,2]     [,3]      [,4]
[1,] 0.02015905 -11.86284 154.6379 -1509.542

[[1]][[87]]
           [,1]      [,2]     [,3]      [,4]
[1,] 0.02015905 -11.86284 154.6379 -1509.542

[[1]][[88]]
           [,1]      [,2]     [,3]      [,4]
[1,] 0.02015905 -11.86284 154.6379 -1509.542

[[1]][[89]]
           [,1]      [,2]     [,3]      [,4]
[1,] 0.02015905 -11.86284 154.6379 -1509.542

[[1]][[90]]
           [,1]      [,2]     [,3]      [,4]
[1,] 0.02015905 -11.86284 154.6379 -1509.542

[[1]][[91]]
           [,1]      [,2]     [,3]      [,4]
[1,] 0.02015905 -11.86284 154.6379 -1509.542

[[1]][[92]]
           [,1]      [,2]     [,3]      [,4]
[1,] 0.02015905 -11.86284 154.6379 -1509.542

[[1]][[93]]
           [,1]      [,2]     [,3]      [,4]
[1,] 0.02015905 -11.86284 154.6379 -1509.542

[[1]][[94]]
           [,1]      [,2]     [,3]      [,4]
[1,] 0.02015905 -11.86284 154.6379 -1509.542

[[1]][[95]]
           [,1]      [,2]     [,3]      [,4]
[1,] 0.02015905 -11.86284 154.6379 -1509.542

[[1]][[96]]
           [,1]      [,2]     [,3]      [,4]
[1,] 0.02015905 -11.86284 154.6379 -1509.542

[[1]][[97]]
           [,1]      [,2]     [,3]      [,4]
[1,] 0.02015905 -11.86284 154.6379 -1509.542

[[1]][[98]]
           [,1]      [,2]     [,3]      [,4]
[1,] 0.02015905 -11.86284 154.6379 -1509.542

[[1]][[99]]
           [,1]      [,2]     [,3]      [,4]
[1,] 0.02015905 -11.86284 154.6379 -1509.542

[[1]][[100]]
           [,1]      [,2]     [,3]      [,4]
[1,] 0.02015905 -11.86284 154.6379 -1509.542

[[1]][[101]]
           [,1]      [,2]     [,3]      [,4]
[1,] 0.02015905 -11.86284 154.6379 -1509.542

[[1]][[102]]
           [,1]      [,2]     [,3]      [,4]
[1,] 0.02015905 -11.86284 154.6379 -1509.542

[[1]][[103]]
           [,1]      [,2]     [,3]      [,4]
[1,] 0.02015905 -11.86284 154.6379 -1509.542

[[1]][[104]]
           [,1]      [,2]     [,3]      [,4]
[1,] 0.02015905 -11.86284 154.6379 -1509.542

[[1]][[105]]
           [,1]      [,2]     [,3]      [,4]
[1,] 0.02015905 -11.86284 154.6379 -1509.542

[[1]][[106]]
           [,1]      [,2]     [,3]      [,4]
[1,] 0.02015905 -11.86284 154.6379 -1509.542

[[1]][[107]]
           [,1]      [,2]     [,3]      [,4]
[1,] 0.02015905 -11.86284 154.6379 -1509.542

[[1]][[108]]
           [,1]      [,2]     [,3]      [,4]
[1,] 0.02015905 -11.86284 154.6379 -1509.542

[[1]][[109]]
           [,1]     [,2]     [,3]      [,4]
[1,] 0.01969187 -11.8597 154.4849 -1476.173

[[1]][[110]]
           [,1]     [,2]     [,3]      [,4]
[1,] 0.01969187 -11.8597 154.4849 -1476.173

[[1]][[111]]
           [,1]     [,2]     [,3]      [,4]
[1,] 0.01969187 -11.8597 154.4849 -1476.173

[[1]][[112]]
           [,1]     [,2]     [,3]      [,4]
[1,] 0.01969187 -11.8597 154.4849 -1476.173

[[1]][[113]]
           [,1]     [,2]     [,3]      [,4]
[1,] 0.01969187 -11.8597 154.4849 -1476.173

[[1]][[114]]
           [,1]     [,2]     [,3]      [,4]
[1,] 0.01969187 -11.8597 154.4849 -1476.173

[[1]][[115]]
           [,1]     [,2]     [,3]      [,4]
[1,] 0.01969187 -11.8597 154.4849 -1476.173

[[1]][[116]]
           [,1]     [,2]     [,3]      [,4]
[1,] 0.01969187 -11.8597 154.4849 -1476.173

[[1]][[117]]
           [,1]     [,2]     [,3]      [,4]
[1,] 0.01969187 -11.8597 154.4849 -1476.173

[[1]][[118]]
           [,1]     [,2]     [,3]      [,4]
[1,] 0.01969187 -11.8597 154.4849 -1476.173

[[1]][[119]]
           [,1]     [,2]     [,3]      [,4]
[1,] 0.01969187 -11.8597 154.4849 -1476.173

[[1]][[120]]
           [,1]     [,2]     [,3]      [,4]
[1,] 0.01969187 -11.8597 154.4849 -1476.173

[[1]][[121]]
           [,1]     [,2]     [,3]      [,4]
[1,] 0.01969187 -11.8597 154.4849 -1476.173

[[1]][[122]]
           [,1]     [,2]     [,3]      [,4]
[1,] 0.01969187 -11.8597 154.4849 -1476.173

[[1]][[123]]
           [,1]     [,2]     [,3]      [,4]
[1,] 0.01969187 -11.8597 154.4849 -1476.173

[[1]][[124]]
           [,1]     [,2]     [,3]      [,4]
[1,] 0.01969187 -11.8597 154.4849 -1476.173

[[1]][[125]]
          [,1]      [,2]     [,3]     [,4]
[1,] 0.0369826 -13.12633 172.6095 -1682.12

[[1]][[126]]
          [,1]      [,2]     [,3]     [,4]
[1,] 0.0369826 -13.12633 172.6095 -1682.12

[[1]][[127]]
          [,1]      [,2]     [,3]     [,4]
[1,] 0.0369826 -13.12633 172.6095 -1682.12

[[1]][[128]]
          [,1]      [,2]     [,3]     [,4]
[1,] 0.0369826 -13.12633 172.6095 -1682.12

[[1]][[129]]
          [,1]      [,2]     [,3]     [,4]
[1,] 0.0369826 -13.12633 172.6095 -1682.12

[[1]][[130]]
          [,1]      [,2]     [,3]     [,4]
[1,] 0.0369826 -13.12633 172.6095 -1682.12

[[1]][[131]]
          [,1]      [,2]     [,3]     [,4]
[1,] 0.0369826 -13.12633 172.6095 -1682.12

[[1]][[132]]
          [,1]      [,2]     [,3]     [,4]
[1,] 0.0369826 -13.12633 172.6095 -1682.12

[[1]][[133]]
          [,1]      [,2]     [,3]     [,4]
[1,] 0.0369826 -13.12633 172.6095 -1682.12

[[1]][[134]]
          [,1]      [,2]     [,3]     [,4]
[1,] 0.0369826 -13.12633 172.6095 -1682.12

[[1]][[135]]
          [,1]      [,2]     [,3]     [,4]
[1,] 0.0369826 -13.12633 172.6095 -1682.12

[[1]][[136]]
          [,1]      [,2]     [,3]     [,4]
[1,] 0.0369826 -13.12633 172.6095 -1682.12

[[1]][[137]]
          [,1]      [,2]     [,3]     [,4]
[1,] 0.0369826 -13.12633 172.6095 -1682.12

[[1]][[138]]
          [,1]      [,2]     [,3]     [,4]
[1,] 0.0369826 -13.12633 172.6095 -1682.12

[[1]][[139]]
          [,1]      [,2]     [,3]     [,4]
[1,] 0.0369826 -13.12633 172.6095 -1682.12

[[1]][[140]]
          [,1]      [,2]     [,3]     [,4]
[1,] 0.0369826 -13.12633 172.6095 -1682.12

[[1]][[141]]
           [,1]      [,2]     [,3]      [,4]
[1,] 0.03123832 -13.30213 181.4732 -1809.947

[[1]][[142]]
           [,1]      [,2]     [,3]      [,4]
[1,] 0.03123832 -13.30213 181.4732 -1809.947

[[1]][[143]]
           [,1]      [,2]     [,3]      [,4]
[1,] 0.03123832 -13.30213 181.4732 -1809.947

[[1]][[144]]
           [,1]      [,2]     [,3]      [,4]
[1,] 0.03123832 -13.30213 181.4732 -1809.947

[[1]][[145]]
           [,1]      [,2]     [,3]      [,4]
[1,] 0.03123832 -13.30213 181.4732 -1809.947

[[1]][[146]]
           [,1]      [,2]     [,3]      [,4]
[1,] 0.03123832 -13.30213 181.4732 -1809.947

[[1]][[147]]
           [,1]      [,2]     [,3]      [,4]
[1,] 0.03123832 -13.30213 181.4732 -1809.947

[[1]][[148]]
           [,1]      [,2]     [,3]      [,4]
[1,] 0.03123832 -13.30213 181.4732 -1809.947

[[1]][[149]]
           [,1]      [,2]     [,3]      [,4]
[1,] 0.03123832 -13.30213 181.4732 -1809.947

[[1]][[150]]
           [,1]      [,2]     [,3]      [,4]
[1,] 0.03123832 -13.30213 181.4732 -1809.947

[[1]][[151]]
           [,1]      [,2]     [,3]      [,4]
[1,] 0.03123832 -13.30213 181.4732 -1809.947

[[1]][[152]]
           [,1]      [,2]     [,3]      [,4]
[1,] 0.03123832 -13.30213 181.4732 -1809.947

[[1]][[153]]
           [,1]      [,2]     [,3]      [,4]
[1,] 0.03123832 -13.30213 181.4732 -1809.947

[[1]][[154]]
           [,1]      [,2]     [,3]      [,4]
[1,] 0.03123832 -13.30213 181.4732 -1809.947

[[1]][[155]]
           [,1]      [,2]     [,3]      [,4]
[1,] 0.03123832 -13.30213 181.4732 -1809.947

[[1]][[156]]
           [,1]      [,2]     [,3]      [,4]
[1,] 0.03123832 -13.30213 181.4732 -1809.947

[[1]][[157]]
           [,1]      [,2]     [,3]      [,4]
[1,] 0.03123832 -13.30213 181.4732 -1809.947

[[1]][[158]]
           [,1]      [,2]     [,3]      [,4]
[1,] 0.03123832 -13.30213 181.4732 -1809.947

[[1]][[159]]
           [,1]      [,2]     [,3]      [,4]
[1,] 0.03123832 -13.30213 181.4732 -1809.947

[[1]][[160]]
           [,1]      [,2]     [,3]      [,4]
[1,] 0.03123832 -13.30213 181.4732 -1809.947

[[1]][[161]]
           [,1]      [,2]     [,3]      [,4]
[1,] 0.03123832 -13.30213 181.4732 -1809.947

[[1]][[162]]
           [,1]      [,2]     [,3]      [,4]
[1,] 0.03123832 -13.30213 181.4732 -1809.947

[[1]][[163]]
           [,1]      [,2]     [,3]      [,4]
[1,] 0.03123832 -13.30213 181.4732 -1809.947

[[1]][[164]]
           [,1]      [,2]     [,3]      [,4]
[1,] 0.02978136 -13.28726 180.1028 -1807.132

[[1]][[165]]
           [,1]      [,2]     [,3]      [,4]
[1,] 0.02978136 -13.28726 180.1028 -1807.132

[[1]][[166]]
           [,1]      [,2]     [,3]      [,4]
[1,] 0.02978136 -13.28726 180.1028 -1807.132

[[1]][[167]]
           [,1]      [,2]     [,3]      [,4]
[1,] 0.02978136 -13.28726 180.1028 -1807.132

[[1]][[168]]
           [,1]      [,2]     [,3]      [,4]
[1,] 0.02978136 -13.28726 180.1028 -1807.132

[[1]][[169]]
           [,1]      [,2]     [,3]      [,4]
[1,] 0.02978136 -13.28726 180.1028 -1807.132

[[1]][[170]]
           [,1]      [,2]     [,3]      [,4]
[1,] 0.02978136 -13.28726 180.1028 -1807.132

[[1]][[171]]
           [,1]      [,2]     [,3]      [,4]
[1,] 0.02978136 -13.28726 180.1028 -1807.132

[[1]][[172]]
           [,1]      [,2]     [,3]      [,4]
[1,] 0.02978136 -13.28726 180.1028 -1807.132

[[1]][[173]]
           [,1]      [,2]     [,3]      [,4]
[1,] 0.02978136 -13.28726 180.1028 -1807.132

[[1]][[174]]
           [,1]      [,2]     [,3]      [,4]
[1,] 0.03086619 -13.61544 192.6085 -2017.579

[[1]][[175]]
           [,1]      [,2]     [,3]      [,4]
[1,] 0.03086619 -13.61544 192.6085 -2017.579

[[1]][[176]]
           [,1]      [,2]     [,3]      [,4]
[1,] 0.03086619 -13.61544 192.6085 -2017.579

[[1]][[177]]
           [,1]      [,2]     [,3]      [,4]
[1,] 0.03086619 -13.61544 192.6085 -2017.579

[[1]][[178]]
           [,1]      [,2]     [,3]      [,4]
[1,] 0.03086619 -13.61544 192.6085 -2017.579

[[1]][[179]]
           [,1]      [,2]     [,3]      [,4]
[1,] 0.03086619 -13.61544 192.6085 -2017.579

[[1]][[180]]
           [,1]      [,2]     [,3]      [,4]
[1,] 0.03086619 -13.61544 192.6085 -2017.579

[[1]][[181]]
           [,1]      [,2]     [,3]      [,4]
[1,] 0.03086619 -13.61544 192.6085 -2017.579

[[1]][[182]]
           [,1]      [,2]     [,3]      [,4]
[1,] 0.03086619 -13.61544 192.6085 -2017.579

[[1]][[183]]
           [,1]      [,2]     [,3]      [,4]
[1,] 0.03086619 -13.61544 192.6085 -2017.579

[[1]][[184]]
           [,1]      [,2]     [,3]      [,4]
[1,] 0.03086619 -13.61544 192.6085 -2017.579

[[1]][[185]]
           [,1]      [,2]     [,3]      [,4]
[1,] 0.03086619 -13.61544 192.6085 -2017.579

[[1]][[186]]
           [,1]      [,2]     [,3]      [,4]
[1,] 0.03086619 -13.61544 192.6085 -2017.579

[[1]][[187]]
           [,1]      [,2]     [,3]      [,4]
[1,] 0.03086619 -13.61544 192.6085 -2017.579

[[1]][[188]]
           [,1]      [,2]     [,3]      [,4]
[1,] 0.03086619 -13.61544 192.6085 -2017.579

[[1]][[189]]
           [,1]      [,2]     [,3]      [,4]
[1,] 0.03086619 -13.61544 192.6085 -2017.579

[[1]][[190]]
           [,1]      [,2]     [,3]      [,4]
[1,] 0.03086619 -13.61544 192.6085 -2017.579

[[1]][[191]]
           [,1]      [,2]     [,3]      [,4]
[1,] 0.03086619 -13.61544 192.6085 -2017.579

[[1]][[192]]
           [,1]      [,2]     [,3]      [,4]
[1,] 0.03086619 -13.61544 192.6085 -2017.579

[[1]][[193]]
           [,1]      [,2]     [,3]      [,4]
[1,] 0.03086619 -13.61544 192.6085 -2017.579

[[1]][[194]]
           [,1]      [,2]     [,3]      [,4]
[1,] 0.03086619 -13.61544 192.6085 -2017.579

[[1]][[195]]
           [,1]      [,2]     [,3]      [,4]
[1,] 0.03086619 -13.61544 192.6085 -2017.579

[[1]][[196]]
           [,1]      [,2]     [,3]      [,4]
[1,] 0.03086619 -13.61544 192.6085 -2017.579

[[1]][[197]]
           [,1]      [,2]     [,3]      [,4]
[1,] 0.03086619 -13.61544 192.6085 -2017.579

[[1]][[198]]
           [,1]      [,2]     [,3]      [,4]
[1,] 0.03086619 -13.61544 192.6085 -2017.579

[[1]][[199]]
           [,1]      [,2]     [,3]      [,4]
[1,] 0.03086619 -13.61544 192.6085 -2017.579

[[1]][[200]]
           [,1]      [,2]     [,3]      [,4]
[1,] 0.03086619 -13.61544 192.6085 -2017.579

[[1]][[201]]
           [,1]      [,2]     [,3]      [,4]
[1,] 0.03086619 -13.61544 192.6085 -2017.579

[[1]][[202]]
           [,1]      [,2]     [,3]      [,4]
[1,] 0.03086619 -13.61544 192.6085 -2017.579

[[1]][[203]]
           [,1]      [,2]     [,3]      [,4]
[1,] 0.03086619 -13.61544 192.6085 -2017.579

[[1]][[204]]
           [,1]      [,2]     [,3]      [,4]
[1,] 0.03086619 -13.61544 192.6085 -2017.579

[[1]][[205]]
           [,1]      [,2]     [,3]      [,4]
[1,] 0.03086619 -13.61544 192.6085 -2017.579

[[1]][[206]]
           [,1]      [,2]     [,3]      [,4]
[1,] 0.03086619 -13.61544 192.6085 -2017.579

[[1]][[207]]
           [,1]      [,2]     [,3]      [,4]
[1,] 0.03086619 -13.61544 192.6085 -2017.579

[[1]][[208]]
           [,1]      [,2]     [,3]      [,4]
[1,] 0.03086619 -13.61544 192.6085 -2017.579

[[1]][[209]]
           [,1]      [,2]     [,3]      [,4]
[1,] 0.03086619 -13.61544 192.6085 -2017.579

[[1]][[210]]
           [,1]      [,2]     [,3]      [,4]
[1,] 0.03086619 -13.61544 192.6085 -2017.579

[[1]][[211]]
           [,1]      [,2]     [,3]      [,4]
[1,] 0.03086619 -13.61544 192.6085 -2017.579

[[1]][[212]]
           [,1]      [,2]     [,3]      [,4]
[1,] 0.03086619 -13.61544 192.6085 -2017.579

[[1]][[213]]
           [,1]      [,2]     [,3]      [,4]
[1,] 0.03086619 -13.61544 192.6085 -2017.579

[[1]][[214]]
           [,1]      [,2]     [,3]      [,4]
[1,] 0.03086619 -13.61544 192.6085 -2017.579

[[1]][[215]]
           [,1]      [,2]     [,3]      [,4]
[1,] 0.03086619 -13.61544 192.6085 -2017.579

[[1]][[216]]
           [,1]      [,2]     [,3]      [,4]
[1,] 0.03086619 -13.61544 192.6085 -2017.579

[[1]][[217]]
           [,1]      [,2]     [,3]      [,4]
[1,] 0.03086619 -13.61544 192.6085 -2017.579

[[1]][[218]]
           [,1]      [,2]     [,3]      [,4]
[1,] 0.03086619 -13.61544 192.6085 -2017.579

[[1]][[219]]
           [,1]      [,2]     [,3]      [,4]
[1,] 0.03086619 -13.61544 192.6085 -2017.579

[[1]][[220]]
           [,1]      [,2]     [,3]      [,4]
[1,] 0.03086619 -13.61544 192.6085 -2017.579

[[1]][[221]]
           [,1]      [,2]     [,3]      [,4]
[1,] 0.03086619 -13.61544 192.6085 -2017.579

[[1]][[222]]
           [,1]      [,2]     [,3]      [,4]
[1,] 0.03086619 -13.61544 192.6085 -2017.579

[[1]][[223]]
           [,1]      [,2]     [,3]      [,4]
[1,] 0.03086619 -13.61544 192.6085 -2017.579


[[2]]
[1] 8.576677

> 
> 
> 
