
Lmod is automatically replacing "intel/2020.1.217" with "gcc/9.3.0".


Due to MODULEPATH changes, the following have been reloaded:
  1) openmpi/4.0.3


R version 4.0.2 (2020-06-22) -- "Taking Off Again"
Copyright (C) 2020 The R Foundation for Statistical Computing
Platform: x86_64-pc-linux-gnu (64-bit)

R is free software and comes with ABSOLUTELY NO WARRANTY.
You are welcome to redistribute it under certain conditions.
Type 'license()' or 'licence()' for distribution details.

  Natural language support but running in an English locale

R is a collaborative project with many contributors.
Type 'contributors()' for more information and
'citation()' on how to cite R or R packages in publications.

Type 'demo()' for some demos, 'help()' for on-line help, or
'help.start()' for an HTML browser interface to help.
Type 'q()' to quit R.

> # R script to submit parallelized genetic algorithm optimzied runs.
> 
> # load libraries
> library(doParallel)
Loading required package: foreach
Loading required package: iterators
Loading required package: parallel
> library(GA)
Package 'GA' version 3.2.2
Type 'citation("GA")' for citing this R package in publications.

Attaching package: ‘GA’

The following object is masked from ‘package:utils’:

    de

> library(here)
here() starts at /project/6004331/wanglu57/Project_Plasmodium
> library(doRNG)
Loading required package: rngtools
> 
> source(here::here("functions/ga_verbose.R"), local = T)
> source(here::here("functions/chabaudi_si_clean.R"), local = T)
> # load function
> #-----------------------------#
> # load in parameters
> #-----------------------------#
> parameters_tsukushi <- c(R1 = 8.89*10^6, # slightly higher
+                          lambda = 3.7*10^5,
+                          mu = 0.025, 
+                          p = 8*10^-6, # doubled form original
+                          alpha = 1, 
+                          alphag = 2, 
+                          beta = 5.721, 
+                          mum = 48, 
+                          mug = 4, 
+                          I0 = 43.85965, 
+                          Ig0 = 0, 
+                          a = 150, 
+                          b = 100, 
+                          sp = 1,
+                          psin = 16.69234,
+                          psiw = 0.8431785,
+                          phin = 0.03520591, 
+                          phiw = 550.842,
+                          iota = 2.18*(10^6),
+                          rho = 0.2627156)
> 
> time_range <- seq(0, 20, by = 1e-3)
> 
> I_range <- seq(0, log10(10^8), by = log10(10^8)/5000)
> 
> #-----------------------------#
> # Begin parallelized code
> #----------------------------#
> 
> 
> # Create an array from the NODESLIST environnement variable
> nodeslist = unlist(strsplit(Sys.getenv("NODESLIST"), split=" "))
> 
> # Create the cluster with the nodes name. One process per count of node name.
> # nodeslist = node1 node1 node2 node2, means we are starting 2 processes on node1, likewise on node2.
> cl = makeCluster(nodeslist, type = "PSOCK") 
> registerDoParallel(cl)
> clusterExport(cl,c("ga_verbose", "time_range", "parameters_tsukushi", "I_range", "chabaudi_si_clean")) 
> clusterCall(cl, library, package = "mclust", character.only = TRUE)
[[1]]
[1] "mclust"    "stats"     "graphics"  "grDevices" "utils"     "datasets" 
[7] "methods"   "base"     

[[2]]
[1] "mclust"    "stats"     "graphics"  "grDevices" "utils"     "datasets" 
[7] "methods"   "base"     

[[3]]
[1] "mclust"    "stats"     "graphics"  "grDevices" "utils"     "datasets" 
[7] "methods"   "base"     

[[4]]
[1] "mclust"    "stats"     "graphics"  "grDevices" "utils"     "datasets" 
[7] "methods"   "base"     

[[5]]
[1] "mclust"    "stats"     "graphics"  "grDevices" "utils"     "datasets" 
[7] "methods"   "base"     

[[6]]
[1] "mclust"    "stats"     "graphics"  "grDevices" "utils"     "datasets" 
[7] "methods"   "base"     

[[7]]
[1] "mclust"    "stats"     "graphics"  "grDevices" "utils"     "datasets" 
[7] "methods"   "base"     

[[8]]
[1] "mclust"    "stats"     "graphics"  "grDevices" "utils"     "datasets" 
[7] "methods"   "base"     

[[9]]
[1] "mclust"    "stats"     "graphics"  "grDevices" "utils"     "datasets" 
[7] "methods"   "base"     

[[10]]
[1] "mclust"    "stats"     "graphics"  "grDevices" "utils"     "datasets" 
[7] "methods"   "base"     

[[11]]
[1] "mclust"    "stats"     "graphics"  "grDevices" "utils"     "datasets" 
[7] "methods"   "base"     

[[12]]
[1] "mclust"    "stats"     "graphics"  "grDevices" "utils"     "datasets" 
[7] "methods"   "base"     

[[13]]
[1] "mclust"    "stats"     "graphics"  "grDevices" "utils"     "datasets" 
[7] "methods"   "base"     

[[14]]
[1] "mclust"    "stats"     "graphics"  "grDevices" "utils"     "datasets" 
[7] "methods"   "base"     

[[15]]
[1] "mclust"    "stats"     "graphics"  "grDevices" "utils"     "datasets" 
[7] "methods"   "base"     

[[16]]
[1] "mclust"    "stats"     "graphics"  "grDevices" "utils"     "datasets" 
[7] "methods"   "base"     

[[17]]
[1] "mclust"    "stats"     "graphics"  "grDevices" "utils"     "datasets" 
[7] "methods"   "base"     

[[18]]
[1] "mclust"    "stats"     "graphics"  "grDevices" "utils"     "datasets" 
[7] "methods"   "base"     

[[19]]
[1] "mclust"    "stats"     "graphics"  "grDevices" "utils"     "datasets" 
[7] "methods"   "base"     

[[20]]
[1] "mclust"    "stats"     "graphics"  "grDevices" "utils"     "datasets" 
[7] "methods"   "base"     

[[21]]
[1] "mclust"    "stats"     "graphics"  "grDevices" "utils"     "datasets" 
[7] "methods"   "base"     

[[22]]
[1] "mclust"    "stats"     "graphics"  "grDevices" "utils"     "datasets" 
[7] "methods"   "base"     

[[23]]
[1] "mclust"    "stats"     "graphics"  "grDevices" "utils"     "datasets" 
[7] "methods"   "base"     

[[24]]
[1] "mclust"    "stats"     "graphics"  "grDevices" "utils"     "datasets" 
[7] "methods"   "base"     

[[25]]
[1] "mclust"    "stats"     "graphics"  "grDevices" "utils"     "datasets" 
[7] "methods"   "base"     

[[26]]
[1] "mclust"    "stats"     "graphics"  "grDevices" "utils"     "datasets" 
[7] "methods"   "base"     

[[27]]
[1] "mclust"    "stats"     "graphics"  "grDevices" "utils"     "datasets" 
[7] "methods"   "base"     

[[28]]
[1] "mclust"    "stats"     "graphics"  "grDevices" "utils"     "datasets" 
[7] "methods"   "base"     

[[29]]
[1] "mclust"    "stats"     "graphics"  "grDevices" "utils"     "datasets" 
[7] "methods"   "base"     

[[30]]
[1] "mclust"    "stats"     "graphics"  "grDevices" "utils"     "datasets" 
[7] "methods"   "base"     

[[31]]
[1] "mclust"    "stats"     "graphics"  "grDevices" "utils"     "datasets" 
[7] "methods"   "base"     

[[32]]
[1] "mclust"    "stats"     "graphics"  "grDevices" "utils"     "datasets" 
[7] "methods"   "base"     

[[33]]
[1] "mclust"    "stats"     "graphics"  "grDevices" "utils"     "datasets" 
[7] "methods"   "base"     

[[34]]
[1] "mclust"    "stats"     "graphics"  "grDevices" "utils"     "datasets" 
[7] "methods"   "base"     

[[35]]
[1] "mclust"    "stats"     "graphics"  "grDevices" "utils"     "datasets" 
[7] "methods"   "base"     

[[36]]
[1] "mclust"    "stats"     "graphics"  "grDevices" "utils"     "datasets" 
[7] "methods"   "base"     

[[37]]
[1] "mclust"    "stats"     "graphics"  "grDevices" "utils"     "datasets" 
[7] "methods"   "base"     

[[38]]
[1] "mclust"    "stats"     "graphics"  "grDevices" "utils"     "datasets" 
[7] "methods"   "base"     

[[39]]
[1] "mclust"    "stats"     "graphics"  "grDevices" "utils"     "datasets" 
[7] "methods"   "base"     

[[40]]
[1] "mclust"    "stats"     "graphics"  "grDevices" "utils"     "datasets" 
[7] "methods"   "base"     

[[41]]
[1] "mclust"    "stats"     "graphics"  "grDevices" "utils"     "datasets" 
[7] "methods"   "base"     

[[42]]
[1] "mclust"    "stats"     "graphics"  "grDevices" "utils"     "datasets" 
[7] "methods"   "base"     

[[43]]
[1] "mclust"    "stats"     "graphics"  "grDevices" "utils"     "datasets" 
[7] "methods"   "base"     

[[44]]
[1] "mclust"    "stats"     "graphics"  "grDevices" "utils"     "datasets" 
[7] "methods"   "base"     

[[45]]
[1] "mclust"    "stats"     "graphics"  "grDevices" "utils"     "datasets" 
[7] "methods"   "base"     

[[46]]
[1] "mclust"    "stats"     "graphics"  "grDevices" "utils"     "datasets" 
[7] "methods"   "base"     

[[47]]
[1] "mclust"    "stats"     "graphics"  "grDevices" "utils"     "datasets" 
[7] "methods"   "base"     

[[48]]
[1] "mclust"    "stats"     "graphics"  "grDevices" "utils"     "datasets" 
[7] "methods"   "base"     

> ga_res <- ga_verbose(type = "real-valued", 
+              function(x)
+                chabaudi_si_clean(
+                  parameters_cr = c(x[1], x[2], x[3], x[4]), 
+                  parameters = parameters_tsukushi, 
+                  time_range = time_range, 
+                  cue = "I", 
+                  cue_range = I_range, 
+                  log_cue = "log10",
+                  immunity = "tsukushi",
+                  solver = "vode"),
+              lower = c(-5, -100, -500, -1000), # range determined that would alter shape of spline
+              upper = c(5,100,500, 1000),  
+              popSize = 500, 
+              maxiter = 1000, # change to 10 for testing purpose 
+              pmutation = 0.3,
+              keepBest = TRUE,
+              run = 100,
+              parallel = cl,
+              seed = 137,
+              monitor = TRUE)
1.798878 67.38785 -65.84122 22.79487[[1]]
         [,1]     [,2]      [,3]     [,4]
[1,] 1.798878 67.38785 -65.84122 22.79487

[[2]]
[1] 4.212079

GA | iter = 1 | Mean = 0.277531 | Best = 4.212079
1.798878 67.38785 -65.84122 22.79487[[1]]
         [,1]     [,2]      [,3]     [,4]
[1,] 1.798878 67.38785 -65.84122 22.79487

[[2]]
[1] 4.212079

GA | iter = 2 | Mean = 0.4403191 | Best = 4.2120788
1.798878 67.38785 -65.84122 22.79487[[1]]
         [,1]     [,2]      [,3]     [,4]
[1,] 1.798878 67.38785 -65.84122 22.79487

[[2]]
[1] 4.212079

GA | iter = 3 | Mean = 0.6495629 | Best = 4.2120788
-1.899863 9.029306 11.90759 -51.80865[[1]]
          [,1]     [,2]     [,3]      [,4]
[1,] -1.899863 9.029306 11.90759 -51.80865

[[2]]
[1] 5.700522

GA | iter = 4 | Mean = 0.8068339 | Best = 5.7005220
-1.899863 9.029306 11.90759 -51.80865[[1]]
          [,1]     [,2]     [,3]      [,4]
[1,] -1.899863 9.029306 11.90759 -51.80865

[[2]]
[1] 5.700522

GA | iter = 5 | Mean = 0.9559196 | Best = 5.7005220
-1.899863 9.029306 11.90759 -51.80865[[1]]
          [,1]     [,2]     [,3]      [,4]
[1,] -1.899863 9.029306 11.90759 -51.80865

[[2]]
[1] 5.700522

GA | iter = 6 | Mean = 1.197727 | Best = 5.700522
-1.899863 9.029306 11.90759 -51.80865[[1]]
          [,1]     [,2]     [,3]      [,4]
[1,] -1.899863 9.029306 11.90759 -51.80865

[[2]]
[1] 5.700522

GA | iter = 7 | Mean = 1.273811 | Best = 5.700522
-1.899863 9.029306 11.90759 -51.80865[[1]]
          [,1]     [,2]     [,3]      [,4]
[1,] -1.899863 9.029306 11.90759 -51.80865

[[2]]
[1] 5.700522

GA | iter = 8 | Mean = 1.364844 | Best = 5.700522
-1.899863 9.029306 11.90759 -51.80865[[1]]
          [,1]     [,2]     [,3]      [,4]
[1,] -1.899863 9.029306 11.90759 -51.80865

[[2]]
[1] 5.700522

GA | iter = 9 | Mean = 1.397615 | Best = 5.700522
-1.209809 0.1222912 14.67782 -24.72102[[1]]
          [,1]      [,2]     [,3]      [,4]
[1,] -1.209809 0.1222912 14.67782 -24.72102

[[2]]
[1] 6.139865

GA | iter = 10 | Mean = 1.540188 | Best = 6.139865
-1.209809 0.1222912 14.67782 -24.72102[[1]]
          [,1]      [,2]     [,3]      [,4]
[1,] -1.209809 0.1222912 14.67782 -24.72102

[[2]]
[1] 6.139865

GA | iter = 11 | Mean = 1.545797 | Best = 6.139865
-1.209809 0.1222912 14.67782 -24.72102[[1]]
          [,1]      [,2]     [,3]      [,4]
[1,] -1.209809 0.1222912 14.67782 -24.72102

[[2]]
[1] 6.139865

GA | iter = 12 | Mean = 1.584997 | Best = 6.139865
-1.209809 0.1222912 14.67782 -24.72102[[1]]
          [,1]      [,2]     [,3]      [,4]
[1,] -1.209809 0.1222912 14.67782 -24.72102

[[2]]
[1] 6.139865

GA | iter = 13 | Mean = 1.658463 | Best = 6.139865
-1.209809 0.1222912 14.67782 -24.72102[[1]]
          [,1]      [,2]     [,3]      [,4]
[1,] -1.209809 0.1222912 14.67782 -24.72102

[[2]]
[1] 6.139865

GA | iter = 14 | Mean = 1.623085 | Best = 6.139865
-1.209809 0.1222912 14.67782 -24.72102[[1]]
          [,1]      [,2]     [,3]      [,4]
[1,] -1.209809 0.1222912 14.67782 -24.72102

[[2]]
[1] 6.139865

GA | iter = 15 | Mean = 1.760015 | Best = 6.139865
-1.36708 2.427365 12.17011 -27.83122[[1]]
         [,1]     [,2]     [,3]      [,4]
[1,] -1.36708 2.427365 12.17011 -27.83122

[[2]]
[1] 7.605633

GA | iter = 16 | Mean = 1.813264 | Best = 7.605633
-1.36708 2.427365 12.17011 -27.83122[[1]]
         [,1]     [,2]     [,3]      [,4]
[1,] -1.36708 2.427365 12.17011 -27.83122

[[2]]
[1] 7.605633

GA | iter = 17 | Mean = 1.823601 | Best = 7.605633
-1.36708 2.427365 12.17011 -27.83122[[1]]
         [,1]     [,2]     [,3]      [,4]
[1,] -1.36708 2.427365 12.17011 -27.83122

[[2]]
[1] 7.605633

GA | iter = 18 | Mean = 1.764704 | Best = 7.605633
-1.36708 2.427365 12.17011 -27.83122[[1]]
         [,1]     [,2]     [,3]      [,4]
[1,] -1.36708 2.427365 12.17011 -27.83122

[[2]]
[1] 7.605633

GA | iter = 19 | Mean = 1.939184 | Best = 7.605633
-1.36708 2.427365 12.17011 -27.83122[[1]]
         [,1]     [,2]     [,3]      [,4]
[1,] -1.36708 2.427365 12.17011 -27.83122

[[2]]
[1] 7.605633

GA | iter = 20 | Mean = 2.058887 | Best = 7.605633
-1.36708 2.427365 12.17011 -27.83122[[1]]
         [,1]     [,2]     [,3]      [,4]
[1,] -1.36708 2.427365 12.17011 -27.83122

[[2]]
[1] 7.605633

GA | iter = 21 | Mean = 2.207094 | Best = 7.605633
-1.36708 2.427365 12.17011 -27.83122[[1]]
         [,1]     [,2]     [,3]      [,4]
[1,] -1.36708 2.427365 12.17011 -27.83122

[[2]]
[1] 7.605633

GA | iter = 22 | Mean = 2.165433 | Best = 7.605633
0.1677163 0.4478816 7.56687 -24.71223[[1]]
          [,1]      [,2]    [,3]      [,4]
[1,] 0.1677163 0.4478816 7.56687 -24.71223

[[2]]
[1] 7.919195

GA | iter = 23 | Mean = 2.281871 | Best = 7.919195
0.1677163 0.4478816 7.56687 -24.71223[[1]]
          [,1]      [,2]    [,3]      [,4]
[1,] 0.1677163 0.4478816 7.56687 -24.71223

[[2]]
[1] 7.919195

GA | iter = 24 | Mean = 2.210855 | Best = 7.919195
0.1677163 0.4478816 7.56687 -24.71223[[1]]
          [,1]      [,2]    [,3]      [,4]
[1,] 0.1677163 0.4478816 7.56687 -24.71223

[[2]]
[1] 7.919195

GA | iter = 25 | Mean = 2.456293 | Best = 7.919195
0.1677163 0.4478816 7.56687 -24.71223[[1]]
          [,1]      [,2]    [,3]      [,4]
[1,] 0.1677163 0.4478816 7.56687 -24.71223

[[2]]
[1] 7.919195

GA | iter = 26 | Mean = 2.746918 | Best = 7.919195
-0.2506865 1.787018 5.797819 -20.46196[[1]]
           [,1]     [,2]     [,3]      [,4]
[1,] -0.2506865 1.787018 5.797819 -20.46196

[[2]]
[1] 7.948381

GA | iter = 27 | Mean = 3.022443 | Best = 7.948381
-0.2506865 1.787018 5.797819 -20.46196[[1]]
           [,1]     [,2]     [,3]      [,4]
[1,] -0.2506865 1.787018 5.797819 -20.46196

[[2]]
[1] 7.948381

GA | iter = 28 | Mean = 3.292127 | Best = 7.948381
-0.2506865 1.787018 5.797819 -20.46196[[1]]
           [,1]     [,2]     [,3]      [,4]
[1,] -0.2506865 1.787018 5.797819 -20.46196

[[2]]
[1] 7.948381

GA | iter = 29 | Mean = 3.219761 | Best = 7.948381
-0.2506865 1.787018 5.797819 -20.46196[[1]]
           [,1]     [,2]     [,3]      [,4]
[1,] -0.2506865 1.787018 5.797819 -20.46196

[[2]]
[1] 7.948381

GA | iter = 30 | Mean = 3.281826 | Best = 7.948381
-0.2506865 1.787018 5.797819 -20.46196[[1]]
           [,1]     [,2]     [,3]      [,4]
[1,] -0.2506865 1.787018 5.797819 -20.46196

[[2]]
[1] 7.948381

GA | iter = 31 | Mean = 3.869518 | Best = 7.948381
-0.2506865 1.787018 5.797819 -20.46196[[1]]
           [,1]     [,2]     [,3]      [,4]
[1,] -0.2506865 1.787018 5.797819 -20.46196

[[2]]
[1] 7.948381

GA | iter = 32 | Mean = 4.593232 | Best = 7.948381
-0.2506865 1.787018 5.797819 -20.46196[[1]]
           [,1]     [,2]     [,3]      [,4]
[1,] -0.2506865 1.787018 5.797819 -20.46196

[[2]]
[1] 7.948381

GA | iter = 33 | Mean = 4.545167 | Best = 7.948381
-0.2506865 1.787018 5.797819 -20.46196[[1]]
           [,1]     [,2]     [,3]      [,4]
[1,] -0.2506865 1.787018 5.797819 -20.46196

[[2]]
[1] 7.948381

GA | iter = 34 | Mean = 4.822394 | Best = 7.948381
-0.2506865 1.787018 5.797819 -20.46196[[1]]
           [,1]     [,2]     [,3]      [,4]
[1,] -0.2506865 1.787018 5.797819 -20.46196

[[2]]
[1] 7.948381

GA | iter = 35 | Mean = 4.914348 | Best = 7.948381
0.1265442 1.188366 5.561831 -20.57504[[1]]
          [,1]     [,2]     [,3]      [,4]
[1,] 0.1265442 1.188366 5.561831 -20.57504

[[2]]
[1] 7.953318

GA | iter = 36 | Mean = 5.055460 | Best = 7.953318
0.1265442 1.188366 5.561831 -20.57504[[1]]
          [,1]     [,2]     [,3]      [,4]
[1,] 0.1265442 1.188366 5.561831 -20.57504

[[2]]
[1] 7.953318

GA | iter = 37 | Mean = 5.266917 | Best = 7.953318
0.1265442 1.188366 5.561831 -20.57504[[1]]
          [,1]     [,2]     [,3]      [,4]
[1,] 0.1265442 1.188366 5.561831 -20.57504

[[2]]
[1] 7.953318

GA | iter = 38 | Mean = 5.244887 | Best = 7.953318
0.1265442 1.188366 5.561831 -20.57504[[1]]
          [,1]     [,2]     [,3]      [,4]
[1,] 0.1265442 1.188366 5.561831 -20.57504

[[2]]
[1] 7.953318

GA | iter = 39 | Mean = 5.323854 | Best = 7.953318
0.1265442 1.188366 5.561831 -20.57504[[1]]
          [,1]     [,2]     [,3]      [,4]
[1,] 0.1265442 1.188366 5.561831 -20.57504

[[2]]
[1] 7.953318

GA | iter = 40 | Mean = 5.287034 | Best = 7.953318
0.1265442 1.188366 5.561831 -20.57504[[1]]
          [,1]     [,2]     [,3]      [,4]
[1,] 0.1265442 1.188366 5.561831 -20.57504

[[2]]
[1] 7.953318

GA | iter = 41 | Mean = 5.399411 | Best = 7.953318
0.1265442 1.188366 5.561831 -20.57504[[1]]
          [,1]     [,2]     [,3]      [,4]
[1,] 0.1265442 1.188366 5.561831 -20.57504

[[2]]
[1] 7.953318

GA | iter = 42 | Mean = 5.232665 | Best = 7.953318
0.1265442 1.188366 5.561831 -20.57504[[1]]
          [,1]     [,2]     [,3]      [,4]
[1,] 0.1265442 1.188366 5.561831 -20.57504

[[2]]
[1] 7.953318

GA | iter = 43 | Mean = 5.752405 | Best = 7.953318
0.1265442 1.188366 5.561831 -20.57504[[1]]
          [,1]     [,2]     [,3]      [,4]
[1,] 0.1265442 1.188366 5.561831 -20.57504

[[2]]
[1] 7.953318

GA | iter = 44 | Mean = 5.678130 | Best = 7.953318
0.1265442 1.188366 5.561831 -20.57504[[1]]
          [,1]     [,2]     [,3]      [,4]
[1,] 0.1265442 1.188366 5.561831 -20.57504

[[2]]
[1] 7.953318

GA | iter = 45 | Mean = 5.821552 | Best = 7.953318
0.1265442 1.188366 5.561831 -20.57504[[1]]
          [,1]     [,2]     [,3]      [,4]
[1,] 0.1265442 1.188366 5.561831 -20.57504

[[2]]
[1] 7.953318

GA | iter = 46 | Mean = 5.760130 | Best = 7.953318
0.1265442 1.188366 5.561831 -20.57504[[1]]
          [,1]     [,2]     [,3]      [,4]
[1,] 0.1265442 1.188366 5.561831 -20.57504

[[2]]
[1] 7.953318

GA | iter = 47 | Mean = 5.661103 | Best = 7.953318
0.1265442 1.188366 5.561831 -20.57504[[1]]
          [,1]     [,2]     [,3]      [,4]
[1,] 0.1265442 1.188366 5.561831 -20.57504

[[2]]
[1] 7.953318

GA | iter = 48 | Mean = 5.605407 | Best = 7.953318
0.1265442 1.188366 5.561831 -20.57504[[1]]
          [,1]     [,2]     [,3]      [,4]
[1,] 0.1265442 1.188366 5.561831 -20.57504

[[2]]
[1] 7.953318

GA | iter = 49 | Mean = 5.770234 | Best = 7.953318
0.1265442 1.188366 5.561831 -20.57504[[1]]
          [,1]     [,2]     [,3]      [,4]
[1,] 0.1265442 1.188366 5.561831 -20.57504

[[2]]
[1] 7.953318

GA | iter = 50 | Mean = 5.814917 | Best = 7.953318
0.1265442 1.188366 5.561831 -20.57504[[1]]
          [,1]     [,2]     [,3]      [,4]
[1,] 0.1265442 1.188366 5.561831 -20.57504

[[2]]
[1] 7.953318

GA | iter = 51 | Mean = 5.987296 | Best = 7.953318
0.1265442 1.188366 5.561831 -20.57504[[1]]
          [,1]     [,2]     [,3]      [,4]
[1,] 0.1265442 1.188366 5.561831 -20.57504

[[2]]
[1] 7.953318

GA | iter = 52 | Mean = 5.706214 | Best = 7.953318
0.1265442 1.188366 5.561831 -20.57504[[1]]
          [,1]     [,2]     [,3]      [,4]
[1,] 0.1265442 1.188366 5.561831 -20.57504

[[2]]
[1] 7.953318

GA | iter = 53 | Mean = 5.534149 | Best = 7.953318
0.1265442 1.188366 5.561831 -20.57504[[1]]
          [,1]     [,2]     [,3]      [,4]
[1,] 0.1265442 1.188366 5.561831 -20.57504

[[2]]
[1] 7.953318

GA | iter = 54 | Mean = 5.585693 | Best = 7.953318
0.1265442 1.188366 5.561831 -20.57504[[1]]
          [,1]     [,2]     [,3]      [,4]
[1,] 0.1265442 1.188366 5.561831 -20.57504

[[2]]
[1] 7.953318

GA | iter = 55 | Mean = 5.730620 | Best = 7.953318
0.1265442 1.188366 5.561831 -20.57504[[1]]
          [,1]     [,2]     [,3]      [,4]
[1,] 0.1265442 1.188366 5.561831 -20.57504

[[2]]
[1] 7.953318

GA | iter = 56 | Mean = 5.744747 | Best = 7.953318
0.1265442 1.188366 5.561831 -20.57504[[1]]
          [,1]     [,2]     [,3]      [,4]
[1,] 0.1265442 1.188366 5.561831 -20.57504

[[2]]
[1] 7.953318

GA | iter = 57 | Mean = 5.382562 | Best = 7.953318
0.1265442 1.188366 5.561831 -20.57504[[1]]
          [,1]     [,2]     [,3]      [,4]
[1,] 0.1265442 1.188366 5.561831 -20.57504

[[2]]
[1] 7.953318

GA | iter = 58 | Mean = 5.669661 | Best = 7.953318
0.1265442 1.188366 5.561831 -20.57504[[1]]
          [,1]     [,2]     [,3]      [,4]
[1,] 0.1265442 1.188366 5.561831 -20.57504

[[2]]
[1] 7.953318

GA | iter = 59 | Mean = 5.489059 | Best = 7.953318
0.03751934 1.217861 5.615352 -20.6369[[1]]
           [,1]     [,2]     [,3]     [,4]
[1,] 0.03751934 1.217861 5.615352 -20.6369

[[2]]
[1] 7.955498

GA | iter = 60 | Mean = 5.692952 | Best = 7.955498
0.03751934 1.217861 5.615352 -20.6369[[1]]
           [,1]     [,2]     [,3]     [,4]
[1,] 0.03751934 1.217861 5.615352 -20.6369

[[2]]
[1] 7.955498

GA | iter = 61 | Mean = 5.683860 | Best = 7.955498
0.03751934 1.217861 5.615352 -20.6369[[1]]
           [,1]     [,2]     [,3]     [,4]
[1,] 0.03751934 1.217861 5.615352 -20.6369

[[2]]
[1] 7.955498

GA | iter = 62 | Mean = 6.020034 | Best = 7.955498
0.03751934 1.217861 5.615352 -20.6369[[1]]
           [,1]     [,2]     [,3]     [,4]
[1,] 0.03751934 1.217861 5.615352 -20.6369

[[2]]
[1] 7.955498

GA | iter = 63 | Mean = 6.050685 | Best = 7.955498
0.03751934 1.217861 5.615352 -20.6369[[1]]
           [,1]     [,2]     [,3]     [,4]
[1,] 0.03751934 1.217861 5.615352 -20.6369

[[2]]
[1] 7.955498

GA | iter = 64 | Mean = 5.779905 | Best = 7.955498
0.03751934 1.217861 5.615352 -20.6369[[1]]
           [,1]     [,2]     [,3]     [,4]
[1,] 0.03751934 1.217861 5.615352 -20.6369

[[2]]
[1] 7.955498

GA | iter = 65 | Mean = 5.727453 | Best = 7.955498
0.03751934 1.217861 5.615352 -20.6369[[1]]
           [,1]     [,2]     [,3]     [,4]
[1,] 0.03751934 1.217861 5.615352 -20.6369

[[2]]
[1] 7.955498

GA | iter = 66 | Mean = 5.622948 | Best = 7.955498
0.03751934 1.217861 5.615352 -20.6369[[1]]
           [,1]     [,2]     [,3]     [,4]
[1,] 0.03751934 1.217861 5.615352 -20.6369

[[2]]
[1] 7.955498

GA | iter = 67 | Mean = 5.971293 | Best = 7.955498
0.03751934 1.217861 5.615352 -20.6369[[1]]
           [,1]     [,2]     [,3]     [,4]
[1,] 0.03751934 1.217861 5.615352 -20.6369

[[2]]
[1] 7.955498

GA | iter = 68 | Mean = 5.815908 | Best = 7.955498
0.03751934 1.217861 5.615352 -20.6369[[1]]
           [,1]     [,2]     [,3]     [,4]
[1,] 0.03751934 1.217861 5.615352 -20.6369

[[2]]
[1] 7.955498

GA | iter = 69 | Mean = 5.743077 | Best = 7.955498
0.03751934 1.217861 5.615352 -20.6369[[1]]
           [,1]     [,2]     [,3]     [,4]
[1,] 0.03751934 1.217861 5.615352 -20.6369

[[2]]
[1] 7.955498

GA | iter = 70 | Mean = 5.760580 | Best = 7.955498
0.03751934 1.217861 5.615352 -20.6369[[1]]
           [,1]     [,2]     [,3]     [,4]
[1,] 0.03751934 1.217861 5.615352 -20.6369

[[2]]
[1] 7.955498

GA | iter = 71 | Mean = 5.751505 | Best = 7.955498
0.03751934 1.217861 5.615352 -20.6369[[1]]
           [,1]     [,2]     [,3]     [,4]
[1,] 0.03751934 1.217861 5.615352 -20.6369

[[2]]
[1] 7.955498

GA | iter = 72 | Mean = 5.729673 | Best = 7.955498
0.03751934 1.217861 5.615352 -20.6369[[1]]
           [,1]     [,2]     [,3]     [,4]
[1,] 0.03751934 1.217861 5.615352 -20.6369

[[2]]
[1] 7.955498

GA | iter = 73 | Mean = 5.855457 | Best = 7.955498
0.03751934 1.217861 5.615352 -20.6369[[1]]
           [,1]     [,2]     [,3]     [,4]
[1,] 0.03751934 1.217861 5.615352 -20.6369

[[2]]
[1] 7.955498

GA | iter = 74 | Mean = 5.753901 | Best = 7.955498
0.03751934 1.217861 5.615352 -20.6369[[1]]
           [,1]     [,2]     [,3]     [,4]
[1,] 0.03751934 1.217861 5.615352 -20.6369

[[2]]
[1] 7.955498

GA | iter = 75 | Mean = 5.644515 | Best = 7.955498
0.03751934 1.217861 5.615352 -20.6369[[1]]
           [,1]     [,2]     [,3]     [,4]
[1,] 0.03751934 1.217861 5.615352 -20.6369

[[2]]
[1] 7.955498

GA | iter = 76 | Mean = 5.639798 | Best = 7.955498
0.03751934 1.217861 5.615352 -20.6369[[1]]
           [,1]     [,2]     [,3]     [,4]
[1,] 0.03751934 1.217861 5.615352 -20.6369

[[2]]
[1] 7.955498

GA | iter = 77 | Mean = 5.661207 | Best = 7.955498
0.03751934 1.217861 5.615352 -20.6369[[1]]
           [,1]     [,2]     [,3]     [,4]
[1,] 0.03751934 1.217861 5.615352 -20.6369

[[2]]
[1] 7.955498

GA | iter = 78 | Mean = 5.737806 | Best = 7.955498
0.03751934 1.217861 5.615352 -20.6369[[1]]
           [,1]     [,2]     [,3]     [,4]
[1,] 0.03751934 1.217861 5.615352 -20.6369

[[2]]
[1] 7.955498

GA | iter = 79 | Mean = 5.661624 | Best = 7.955498
0.03751934 1.217861 5.615352 -20.6369[[1]]
           [,1]     [,2]     [,3]     [,4]
[1,] 0.03751934 1.217861 5.615352 -20.6369

[[2]]
[1] 7.955498

GA | iter = 80 | Mean = 5.741178 | Best = 7.955498
0.03751934 1.217861 5.615352 -20.6369[[1]]
           [,1]     [,2]     [,3]     [,4]
[1,] 0.03751934 1.217861 5.615352 -20.6369

[[2]]
[1] 7.955498

GA | iter = 81 | Mean = 5.634565 | Best = 7.955498
0.03751934 1.217861 5.615352 -20.6369[[1]]
           [,1]     [,2]     [,3]     [,4]
[1,] 0.03751934 1.217861 5.615352 -20.6369

[[2]]
[1] 7.955498

GA | iter = 82 | Mean = 5.566726 | Best = 7.955498
0.03751934 1.217861 5.615352 -20.6369[[1]]
           [,1]     [,2]     [,3]     [,4]
[1,] 0.03751934 1.217861 5.615352 -20.6369

[[2]]
[1] 7.955498

GA | iter = 83 | Mean = 5.803953 | Best = 7.955498
0.03751934 1.217861 5.615352 -20.6369[[1]]
           [,1]     [,2]     [,3]     [,4]
[1,] 0.03751934 1.217861 5.615352 -20.6369

[[2]]
[1] 7.955498

GA | iter = 84 | Mean = 5.372751 | Best = 7.955498
-0.0369621 1.347798 5.675827 -20.36989[[1]]
           [,1]     [,2]     [,3]      [,4]
[1,] -0.0369621 1.347798 5.675827 -20.36989

[[2]]
[1] 7.955565

GA | iter = 85 | Mean = 5.894152 | Best = 7.955565
-0.0369621 1.347798 5.675827 -20.36989[[1]]
           [,1]     [,2]     [,3]      [,4]
[1,] -0.0369621 1.347798 5.675827 -20.36989

[[2]]
[1] 7.955565

GA | iter = 86 | Mean = 5.656991 | Best = 7.955565
-0.0369621 1.347798 5.675827 -20.36989[[1]]
           [,1]     [,2]     [,3]      [,4]
[1,] -0.0369621 1.347798 5.675827 -20.36989

[[2]]
[1] 7.955565

GA | iter = 87 | Mean = 5.685648 | Best = 7.955565
-0.0369621 1.347798 5.675827 -20.36989[[1]]
           [,1]     [,2]     [,3]      [,4]
[1,] -0.0369621 1.347798 5.675827 -20.36989

[[2]]
[1] 7.955565

GA | iter = 88 | Mean = 5.947697 | Best = 7.955565
-0.0369621 1.347798 5.675827 -20.36989[[1]]
           [,1]     [,2]     [,3]      [,4]
[1,] -0.0369621 1.347798 5.675827 -20.36989

[[2]]
[1] 7.955565

GA | iter = 89 | Mean = 5.766887 | Best = 7.955565
-0.0369621 1.347798 5.675827 -20.36989[[1]]
           [,1]     [,2]     [,3]      [,4]
[1,] -0.0369621 1.347798 5.675827 -20.36989

[[2]]
[1] 7.955565

GA | iter = 90 | Mean = 5.473076 | Best = 7.955565
-0.0369621 1.347798 5.675827 -20.36989[[1]]
           [,1]     [,2]     [,3]      [,4]
[1,] -0.0369621 1.347798 5.675827 -20.36989

[[2]]
[1] 7.955565

GA | iter = 91 | Mean = 5.812108 | Best = 7.955565
0.4233447 -0.01626622 5.753277 -20.34907[[1]]
          [,1]        [,2]     [,3]      [,4]
[1,] 0.4233447 -0.01626622 5.753277 -20.34907

[[2]]
[1] 7.970117

GA | iter = 92 | Mean = 5.704644 | Best = 7.970117
0.4233447 -0.01626622 5.753277 -20.34907[[1]]
          [,1]        [,2]     [,3]      [,4]
[1,] 0.4233447 -0.01626622 5.753277 -20.34907

[[2]]
[1] 7.970117

GA | iter = 93 | Mean = 5.501950 | Best = 7.970117
0.4233447 -0.01626622 5.753277 -20.34907[[1]]
          [,1]        [,2]     [,3]      [,4]
[1,] 0.4233447 -0.01626622 5.753277 -20.34907

[[2]]
[1] 7.970117

GA | iter = 94 | Mean = 5.748562 | Best = 7.970117
0.4233447 -0.01626622 5.753277 -20.34907[[1]]
          [,1]        [,2]     [,3]      [,4]
[1,] 0.4233447 -0.01626622 5.753277 -20.34907

[[2]]
[1] 7.970117

GA | iter = 95 | Mean = 5.674448 | Best = 7.970117
0.4233447 -0.01626622 5.753277 -20.34907[[1]]
          [,1]        [,2]     [,3]      [,4]
[1,] 0.4233447 -0.01626622 5.753277 -20.34907

[[2]]
[1] 7.970117

GA | iter = 96 | Mean = 5.679704 | Best = 7.970117
0.4233447 -0.01626622 5.753277 -20.34907[[1]]
          [,1]        [,2]     [,3]      [,4]
[1,] 0.4233447 -0.01626622 5.753277 -20.34907

[[2]]
[1] 7.970117

GA | iter = 97 | Mean = 5.880612 | Best = 7.970117
0.4233447 -0.01626622 5.753277 -20.34907[[1]]
          [,1]        [,2]     [,3]      [,4]
[1,] 0.4233447 -0.01626622 5.753277 -20.34907

[[2]]
[1] 7.970117

GA | iter = 98 | Mean = 5.829879 | Best = 7.970117
0.4233447 -0.01626622 5.753277 -20.34907[[1]]
          [,1]        [,2]     [,3]      [,4]
[1,] 0.4233447 -0.01626622 5.753277 -20.34907

[[2]]
[1] 7.970117

GA | iter = 99 | Mean = 5.698339 | Best = 7.970117
0.4233447 -0.01626622 5.753277 -20.34907[[1]]
          [,1]        [,2]     [,3]      [,4]
[1,] 0.4233447 -0.01626622 5.753277 -20.34907

[[2]]
[1] 7.970117

GA | iter = 100 | Mean = 6.009914 | Best = 7.970117
0.4233447 -0.01626622 5.753277 -20.34907[[1]]
          [,1]        [,2]     [,3]      [,4]
[1,] 0.4233447 -0.01626622 5.753277 -20.34907

[[2]]
[1] 7.970117

GA | iter = 101 | Mean = 5.862988 | Best = 7.970117
0.4233447 -0.01626622 5.753277 -20.34907[[1]]
          [,1]        [,2]     [,3]      [,4]
[1,] 0.4233447 -0.01626622 5.753277 -20.34907

[[2]]
[1] 7.970117

GA | iter = 102 | Mean = 5.584496 | Best = 7.970117
0.4233447 -0.01626622 5.753277 -20.34907[[1]]
          [,1]        [,2]     [,3]      [,4]
[1,] 0.4233447 -0.01626622 5.753277 -20.34907

[[2]]
[1] 7.970117

GA | iter = 103 | Mean = 5.961279 | Best = 7.970117
0.4233447 -0.01626622 5.753277 -20.34907[[1]]
          [,1]        [,2]     [,3]      [,4]
[1,] 0.4233447 -0.01626622 5.753277 -20.34907

[[2]]
[1] 7.970117

GA | iter = 104 | Mean = 5.836281 | Best = 7.970117
slurmstepd: error: *** JOB 25845213 ON cdr1557 CANCELLED AT 2022-01-31T14:53:39 DUE TO TIME LIMIT ***
