
Lmod is automatically replacing "intel/2020.1.217" with "gcc/9.3.0".


Due to MODULEPATH changes, the following have been reloaded:
  1) openmpi/4.0.3


R version 4.0.2 (2020-06-22) -- "Taking Off Again"
Copyright (C) 2020 The R Foundation for Statistical Computing
Platform: x86_64-pc-linux-gnu (64-bit)

R is free software and comes with ABSOLUTELY NO WARRANTY.
You are welcome to redistribute it under certain conditions.
Type 'license()' or 'licence()' for distribution details.

  Natural language support but running in an English locale

R is a collaborative project with many contributors.
Type 'contributors()' for more information and
'citation()' on how to cite R or R packages in publications.

Type 'demo()' for some demos, 'help()' for on-line help, or
'help.start()' for an HTML browser interface to help.
Type 'q()' to quit R.

> # R script to submit parallelized genetic algorithm optimzied runs.
> 
> # load libraries
> library(doParallel)
Loading required package: foreach
Loading required package: iterators
Loading required package: parallel
> library(GA)
Package 'GA' version 3.2.2
Type 'citation("GA")' for citing this R package in publications.

Attaching package: ‘GA’

The following object is masked from ‘package:utils’:

    de

> library(here)
here() starts at /project/6004331/wanglu57/Project_Plasmodium
> library(doRNG)
Loading required package: rngtools
> 
> source(here::here("functions/ga_verbose.R"), local = T)
> source(here::here("functions/chabaudi_si_clean.R"), local = T)
> # load function
> #-----------------------------#
> # load in parameters
> #-----------------------------#
> parameters_tsukushi <- c(R1 = 8.89*10^6, # slightly higher
+                          lambda = 3.7*10^5,
+                          mu = 0.025, 
+                          p = 8*10^-6, # doubled form original
+                          alpha = 1, 
+                          alphag = 2, 
+                          beta = 5.721, 
+                          mum = 48, 
+                          mug = 4, 
+                          I0 = 43.85965, 
+                          Ig0 = 0, 
+                          a = 150, 
+                          b = 100, 
+                          sp = 1,
+                          psin = 16.69234,
+                          psiw = 0.8431785,
+                          phin = 0.03520591, 
+                          phiw = 550.842,
+                          iota = 2.18*(10^6),
+                          rho = 0.2627156)
> 
> time_range <- seq(0, 20, by = 1e-3)
> 
> I_range <- seq(0, log10(10^8), by = log10(10^8)/5000)
> 
> #-----------------------------#
> # Begin parallelized code
> #----------------------------#
> 
> 
> # Create an array from the NODESLIST environnement variable
> nodeslist = unlist(strsplit(Sys.getenv("NODESLIST"), split=" "))
> 
> # Create the cluster with the nodes name. One process per count of node name.
> # nodeslist = node1 node1 node2 node2, means we are starting 2 processes on node1, likewise on node2.
> cl = makeCluster(nodeslist, type = "PSOCK") 
> registerDoParallel(cl)
> clusterExport(cl,c("ga_verbose", "time_range", "parameters_tsukushi", "I_range", "chabaudi_si_clean")) 
> clusterCall(cl, library, package = "mclust", character.only = TRUE)
[[1]]
[1] "mclust"    "stats"     "graphics"  "grDevices" "utils"     "datasets" 
[7] "methods"   "base"     

[[2]]
[1] "mclust"    "stats"     "graphics"  "grDevices" "utils"     "datasets" 
[7] "methods"   "base"     

[[3]]
[1] "mclust"    "stats"     "graphics"  "grDevices" "utils"     "datasets" 
[7] "methods"   "base"     

[[4]]
[1] "mclust"    "stats"     "graphics"  "grDevices" "utils"     "datasets" 
[7] "methods"   "base"     

[[5]]
[1] "mclust"    "stats"     "graphics"  "grDevices" "utils"     "datasets" 
[7] "methods"   "base"     

[[6]]
[1] "mclust"    "stats"     "graphics"  "grDevices" "utils"     "datasets" 
[7] "methods"   "base"     

[[7]]
[1] "mclust"    "stats"     "graphics"  "grDevices" "utils"     "datasets" 
[7] "methods"   "base"     

[[8]]
[1] "mclust"    "stats"     "graphics"  "grDevices" "utils"     "datasets" 
[7] "methods"   "base"     

[[9]]
[1] "mclust"    "stats"     "graphics"  "grDevices" "utils"     "datasets" 
[7] "methods"   "base"     

[[10]]
[1] "mclust"    "stats"     "graphics"  "grDevices" "utils"     "datasets" 
[7] "methods"   "base"     

[[11]]
[1] "mclust"    "stats"     "graphics"  "grDevices" "utils"     "datasets" 
[7] "methods"   "base"     

[[12]]
[1] "mclust"    "stats"     "graphics"  "grDevices" "utils"     "datasets" 
[7] "methods"   "base"     

[[13]]
[1] "mclust"    "stats"     "graphics"  "grDevices" "utils"     "datasets" 
[7] "methods"   "base"     

[[14]]
[1] "mclust"    "stats"     "graphics"  "grDevices" "utils"     "datasets" 
[7] "methods"   "base"     

[[15]]
[1] "mclust"    "stats"     "graphics"  "grDevices" "utils"     "datasets" 
[7] "methods"   "base"     

[[16]]
[1] "mclust"    "stats"     "graphics"  "grDevices" "utils"     "datasets" 
[7] "methods"   "base"     

[[17]]
[1] "mclust"    "stats"     "graphics"  "grDevices" "utils"     "datasets" 
[7] "methods"   "base"     

[[18]]
[1] "mclust"    "stats"     "graphics"  "grDevices" "utils"     "datasets" 
[7] "methods"   "base"     

[[19]]
[1] "mclust"    "stats"     "graphics"  "grDevices" "utils"     "datasets" 
[7] "methods"   "base"     

[[20]]
[1] "mclust"    "stats"     "graphics"  "grDevices" "utils"     "datasets" 
[7] "methods"   "base"     

[[21]]
[1] "mclust"    "stats"     "graphics"  "grDevices" "utils"     "datasets" 
[7] "methods"   "base"     

[[22]]
[1] "mclust"    "stats"     "graphics"  "grDevices" "utils"     "datasets" 
[7] "methods"   "base"     

[[23]]
[1] "mclust"    "stats"     "graphics"  "grDevices" "utils"     "datasets" 
[7] "methods"   "base"     

[[24]]
[1] "mclust"    "stats"     "graphics"  "grDevices" "utils"     "datasets" 
[7] "methods"   "base"     

[[25]]
[1] "mclust"    "stats"     "graphics"  "grDevices" "utils"     "datasets" 
[7] "methods"   "base"     

[[26]]
[1] "mclust"    "stats"     "graphics"  "grDevices" "utils"     "datasets" 
[7] "methods"   "base"     

[[27]]
[1] "mclust"    "stats"     "graphics"  "grDevices" "utils"     "datasets" 
[7] "methods"   "base"     

[[28]]
[1] "mclust"    "stats"     "graphics"  "grDevices" "utils"     "datasets" 
[7] "methods"   "base"     

[[29]]
[1] "mclust"    "stats"     "graphics"  "grDevices" "utils"     "datasets" 
[7] "methods"   "base"     

[[30]]
[1] "mclust"    "stats"     "graphics"  "grDevices" "utils"     "datasets" 
[7] "methods"   "base"     

[[31]]
[1] "mclust"    "stats"     "graphics"  "grDevices" "utils"     "datasets" 
[7] "methods"   "base"     

[[32]]
[1] "mclust"    "stats"     "graphics"  "grDevices" "utils"     "datasets" 
[7] "methods"   "base"     

[[33]]
[1] "mclust"    "stats"     "graphics"  "grDevices" "utils"     "datasets" 
[7] "methods"   "base"     

[[34]]
[1] "mclust"    "stats"     "graphics"  "grDevices" "utils"     "datasets" 
[7] "methods"   "base"     

[[35]]
[1] "mclust"    "stats"     "graphics"  "grDevices" "utils"     "datasets" 
[7] "methods"   "base"     

[[36]]
[1] "mclust"    "stats"     "graphics"  "grDevices" "utils"     "datasets" 
[7] "methods"   "base"     

[[37]]
[1] "mclust"    "stats"     "graphics"  "grDevices" "utils"     "datasets" 
[7] "methods"   "base"     

[[38]]
[1] "mclust"    "stats"     "graphics"  "grDevices" "utils"     "datasets" 
[7] "methods"   "base"     

[[39]]
[1] "mclust"    "stats"     "graphics"  "grDevices" "utils"     "datasets" 
[7] "methods"   "base"     

[[40]]
[1] "mclust"    "stats"     "graphics"  "grDevices" "utils"     "datasets" 
[7] "methods"   "base"     

[[41]]
[1] "mclust"    "stats"     "graphics"  "grDevices" "utils"     "datasets" 
[7] "methods"   "base"     

[[42]]
[1] "mclust"    "stats"     "graphics"  "grDevices" "utils"     "datasets" 
[7] "methods"   "base"     

[[43]]
[1] "mclust"    "stats"     "graphics"  "grDevices" "utils"     "datasets" 
[7] "methods"   "base"     

[[44]]
[1] "mclust"    "stats"     "graphics"  "grDevices" "utils"     "datasets" 
[7] "methods"   "base"     

[[45]]
[1] "mclust"    "stats"     "graphics"  "grDevices" "utils"     "datasets" 
[7] "methods"   "base"     

[[46]]
[1] "mclust"    "stats"     "graphics"  "grDevices" "utils"     "datasets" 
[7] "methods"   "base"     

[[47]]
[1] "mclust"    "stats"     "graphics"  "grDevices" "utils"     "datasets" 
[7] "methods"   "base"     

[[48]]
[1] "mclust"    "stats"     "graphics"  "grDevices" "utils"     "datasets" 
[7] "methods"   "base"     

> ga_res <- ga_verbose(type = "real-valued", 
+                      function(x)
+                        chabaudi_si_clean(
+                          parameters_cr = c(x[1], x[2], x[3], x[4]), 
+                          parameters = parameters_tsukushi, 
+                          time_range = time_range, 
+                          cue = "I", 
+                          cue_range = I_range, 
+                          log_cue = "log10",
+                          immunity = "tsukushi",
+                          solver = "vode"),
+                      lower = c(-5, -100, -500, -1000), # range determined that would alter shape of spline
+                      upper = c(5,100,500, 1000),  
+                      popSize = 250, 
+                      maxiter = 500, # change to 10 for testing purpose 
+                      pmutation = 0.3,
+                      keepBest = TRUE,
+                      run = 50,
+                      parallel = cl,
+                      seed = 137,
+                      monitor = TRUE,
+                      id = "2022-02-01_ga-si-I-log")
0.5588249 -48.55132 264.828 -769.3579[[1]]
          [,1]      [,2]    [,3]      [,4]
[1,] 0.5588249 -48.55132 264.828 -769.3579

[[2]]
[1] 2.920314

GA | iter = 1 | Mean = 0.2962045 | Best = 2.9203141
0.5588249 -48.55132 264.828 -769.3579[[1]]
          [,1]      [,2]    [,3]      [,4]
[1,] 0.5588249 -48.55132 264.828 -769.3579

[[2]]
[1] 2.920314

GA | iter = 2 | Mean = 0.4514831 | Best = 2.9203141
-0.5561582 -65.22609 342.627 -856.201[[1]]
           [,1]      [,2]    [,3]     [,4]
[1,] -0.5561582 -65.22609 342.627 -856.201

[[2]]
[1] 3.047479

GA | iter = 3 | Mean = 0.7207026 | Best = 3.0474789
0.02301492 -9.58857 43.48053 -103.4012[[1]]
           [,1]     [,2]     [,3]      [,4]
[1,] 0.02301492 -9.58857 43.48053 -103.4012

[[2]]
[1] 5.424367

GA | iter = 4 | Mean = 1.022453 | Best = 5.424367
0.02301492 -9.58857 43.48053 -103.4012[[1]]
           [,1]     [,2]     [,3]      [,4]
[1,] 0.02301492 -9.58857 43.48053 -103.4012

[[2]]
[1] 5.424367

GA | iter = 5 | Mean = 1.210259 | Best = 5.424367
0.02301492 -9.58857 43.48053 -103.4012[[1]]
           [,1]     [,2]     [,3]      [,4]
[1,] 0.02301492 -9.58857 43.48053 -103.4012

[[2]]
[1] 5.424367

GA | iter = 6 | Mean = 1.302309 | Best = 5.424367
0.02301492 -9.58857 43.48053 -103.4012[[1]]
           [,1]     [,2]     [,3]      [,4]
[1,] 0.02301492 -9.58857 43.48053 -103.4012

[[2]]
[1] 5.424367

GA | iter = 7 | Mean = 1.380482 | Best = 5.424367
0.02301492 -9.58857 43.48053 -103.4012[[1]]
           [,1]     [,2]     [,3]      [,4]
[1,] 0.02301492 -9.58857 43.48053 -103.4012

[[2]]
[1] 5.424367

GA | iter = 8 | Mean = 1.366534 | Best = 5.424367
0.02301492 -9.58857 43.48053 -103.4012[[1]]
           [,1]     [,2]     [,3]      [,4]
[1,] 0.02301492 -9.58857 43.48053 -103.4012

[[2]]
[1] 5.424367

GA | iter = 9 | Mean = 1.502013 | Best = 5.424367
0.02301492 -9.58857 43.48053 -103.4012[[1]]
           [,1]     [,2]     [,3]      [,4]
[1,] 0.02301492 -9.58857 43.48053 -103.4012

[[2]]
[1] 5.424367

GA | iter = 10 | Mean = 1.517438 | Best = 5.424367
0.02301492 -9.58857 43.48053 -103.4012[[1]]
           [,1]     [,2]     [,3]      [,4]
[1,] 0.02301492 -9.58857 43.48053 -103.4012

[[2]]
[1] 5.424367

GA | iter = 11 | Mean = 1.452884 | Best = 5.424367
0.02301492 -9.58857 43.48053 -103.4012[[1]]
           [,1]     [,2]     [,3]      [,4]
[1,] 0.02301492 -9.58857 43.48053 -103.4012

[[2]]
[1] 5.424367

GA | iter = 12 | Mean = 1.590150 | Best = 5.424367
0.02301492 -9.58857 43.48053 -103.4012[[1]]
           [,1]     [,2]     [,3]      [,4]
[1,] 0.02301492 -9.58857 43.48053 -103.4012

[[2]]
[1] 5.424367

GA | iter = 13 | Mean = 1.607464 | Best = 5.424367
0.02301492 -9.58857 43.48053 -103.4012[[1]]
           [,1]     [,2]     [,3]      [,4]
[1,] 0.02301492 -9.58857 43.48053 -103.4012

[[2]]
[1] 5.424367

GA | iter = 14 | Mean = 1.602157 | Best = 5.424367
0.02301492 -9.58857 43.48053 -103.4012[[1]]
           [,1]     [,2]     [,3]      [,4]
[1,] 0.02301492 -9.58857 43.48053 -103.4012

[[2]]
[1] 5.424367

GA | iter = 15 | Mean = 1.544656 | Best = 5.424367
0.02301492 -9.58857 43.48053 -103.4012[[1]]
           [,1]     [,2]     [,3]      [,4]
[1,] 0.02301492 -9.58857 43.48053 -103.4012

[[2]]
[1] 5.424367

GA | iter = 16 | Mean = 1.584692 | Best = 5.424367
0.02301492 -9.58857 43.48053 -103.4012[[1]]
           [,1]     [,2]     [,3]      [,4]
[1,] 0.02301492 -9.58857 43.48053 -103.4012

[[2]]
[1] 5.424367

GA | iter = 17 | Mean = 1.627250 | Best = 5.424367
0.02301492 -9.58857 43.48053 -103.4012[[1]]
           [,1]     [,2]     [,3]      [,4]
[1,] 0.02301492 -9.58857 43.48053 -103.4012

[[2]]
[1] 5.424367

GA | iter = 18 | Mean = 1.590775 | Best = 5.424367
0.02301492 -9.58857 43.48053 -103.4012[[1]]
           [,1]     [,2]     [,3]      [,4]
[1,] 0.02301492 -9.58857 43.48053 -103.4012

[[2]]
[1] 5.424367

GA | iter = 19 | Mean = 1.471421 | Best = 5.424367
0.02301492 -9.58857 43.48053 -103.4012[[1]]
           [,1]     [,2]     [,3]      [,4]
[1,] 0.02301492 -9.58857 43.48053 -103.4012

[[2]]
[1] 5.424367

GA | iter = 20 | Mean = 1.547352 | Best = 5.424367
0.02301492 -9.58857 43.48053 -103.4012[[1]]
           [,1]     [,2]     [,3]      [,4]
[1,] 0.02301492 -9.58857 43.48053 -103.4012

[[2]]
[1] 5.424367

GA | iter = 21 | Mean = 1.545877 | Best = 5.424367
0.02301492 -9.58857 43.48053 -103.4012[[1]]
           [,1]     [,2]     [,3]      [,4]
[1,] 0.02301492 -9.58857 43.48053 -103.4012

[[2]]
[1] 5.424367

GA | iter = 22 | Mean = 1.472062 | Best = 5.424367
0.02301492 -9.58857 43.48053 -103.4012[[1]]
           [,1]     [,2]     [,3]      [,4]
[1,] 0.02301492 -9.58857 43.48053 -103.4012

[[2]]
[1] 5.424367

GA | iter = 23 | Mean = 1.581594 | Best = 5.424367
0.02301492 -9.58857 43.48053 -103.4012[[1]]
           [,1]     [,2]     [,3]      [,4]
[1,] 0.02301492 -9.58857 43.48053 -103.4012

[[2]]
[1] 5.424367

GA | iter = 24 | Mean = 1.647517 | Best = 5.424367
0.02301492 -9.58857 43.48053 -103.4012[[1]]
           [,1]     [,2]     [,3]      [,4]
[1,] 0.02301492 -9.58857 43.48053 -103.4012

[[2]]
[1] 5.424367

GA | iter = 25 | Mean = 1.553423 | Best = 5.424367
0.02301492 -9.58857 43.48053 -103.4012[[1]]
           [,1]     [,2]     [,3]      [,4]
[1,] 0.02301492 -9.58857 43.48053 -103.4012

[[2]]
[1] 5.424367

GA | iter = 26 | Mean = 1.923758 | Best = 5.424367
0.02301492 -9.58857 43.48053 -103.4012[[1]]
           [,1]     [,2]     [,3]      [,4]
[1,] 0.02301492 -9.58857 43.48053 -103.4012

[[2]]
[1] 5.424367

GA | iter = 27 | Mean = 2.286235 | Best = 5.424367
0.02301492 -9.58857 43.48053 -103.4012[[1]]
           [,1]     [,2]     [,3]      [,4]
[1,] 0.02301492 -9.58857 43.48053 -103.4012

[[2]]
[1] 5.424367

GA | iter = 28 | Mean = 2.609474 | Best = 5.424367
0.02301492 -9.58857 43.48053 -103.4012[[1]]
           [,1]     [,2]     [,3]      [,4]
[1,] 0.02301492 -9.58857 43.48053 -103.4012

[[2]]
[1] 5.424367

GA | iter = 29 | Mean = 3.117969 | Best = 5.424367
0.02301492 -9.58857 43.48053 -103.4012[[1]]
           [,1]     [,2]     [,3]      [,4]
[1,] 0.02301492 -9.58857 43.48053 -103.4012

[[2]]
[1] 5.424367

GA | iter = 30 | Mean = 3.221416 | Best = 5.424367
0.02301492 -9.58857 43.48053 -103.4012[[1]]
           [,1]     [,2]     [,3]      [,4]
[1,] 0.02301492 -9.58857 43.48053 -103.4012

[[2]]
[1] 5.424367

GA | iter = 31 | Mean = 3.365768 | Best = 5.424367
-1.273099 -8.42896 46.46899 -103.9956[[1]]
          [,1]     [,2]     [,3]      [,4]
[1,] -1.273099 -8.42896 46.46899 -103.9956

[[2]]
[1] 5.447947

GA | iter = 32 | Mean = 3.410699 | Best = 5.447947
-1.451346 -9.287038 48.04615 -103.4241[[1]]
          [,1]      [,2]     [,3]      [,4]
[1,] -1.451346 -9.287038 48.04615 -103.4241

[[2]]
[1] 5.537945

GA | iter = 33 | Mean = 3.463196 | Best = 5.537945
-1.451346 -9.287038 48.04615 -103.4241[[1]]
          [,1]      [,2]     [,3]      [,4]
[1,] -1.451346 -9.287038 48.04615 -103.4241

[[2]]
[1] 5.537945

GA | iter = 34 | Mean = 3.700871 | Best = 5.537945
-1.451346 -9.287038 48.04615 -103.4241[[1]]
          [,1]      [,2]     [,3]      [,4]
[1,] -1.451346 -9.287038 48.04615 -103.4241

[[2]]
[1] 5.537945

GA | iter = 35 | Mean = 3.673112 | Best = 5.537945
-1.451346 -9.287038 48.04615 -103.4241[[1]]
          [,1]      [,2]     [,3]      [,4]
[1,] -1.451346 -9.287038 48.04615 -103.4241

[[2]]
[1] 5.537945

GA | iter = 36 | Mean = 3.454462 | Best = 5.537945
-1.451346 -9.287038 48.04615 -103.4241[[1]]
          [,1]      [,2]     [,3]      [,4]
[1,] -1.451346 -9.287038 48.04615 -103.4241

[[2]]
[1] 5.537945

GA | iter = 37 | Mean = 3.575219 | Best = 5.537945
-1.451346 -9.287038 48.04615 -103.4241[[1]]
          [,1]      [,2]     [,3]      [,4]
[1,] -1.451346 -9.287038 48.04615 -103.4241

[[2]]
[1] 5.537945

GA | iter = 38 | Mean = 3.747812 | Best = 5.537945
-1.451346 -9.287038 48.04615 -103.4241[[1]]
          [,1]      [,2]     [,3]      [,4]
[1,] -1.451346 -9.287038 48.04615 -103.4241

[[2]]
[1] 5.537945

GA | iter = 39 | Mean = 3.734246 | Best = 5.537945
-1.451346 -9.287038 48.04615 -103.4241[[1]]
          [,1]      [,2]     [,3]      [,4]
[1,] -1.451346 -9.287038 48.04615 -103.4241

[[2]]
[1] 5.537945

GA | iter = 40 | Mean = 4.005436 | Best = 5.537945
-1.451346 -9.287038 48.04615 -103.4241[[1]]
          [,1]      [,2]     [,3]      [,4]
[1,] -1.451346 -9.287038 48.04615 -103.4241

[[2]]
[1] 5.537945

GA | iter = 41 | Mean = 4.011249 | Best = 5.537945
-1.451346 -9.287038 48.04615 -103.4241[[1]]
          [,1]      [,2]     [,3]      [,4]
[1,] -1.451346 -9.287038 48.04615 -103.4241

[[2]]
[1] 5.537945

GA | iter = 42 | Mean = 3.785424 | Best = 5.537945
-1.451346 -9.287038 48.04615 -103.4241[[1]]
          [,1]      [,2]     [,3]      [,4]
[1,] -1.451346 -9.287038 48.04615 -103.4241

[[2]]
[1] 5.537945

GA | iter = 43 | Mean = 3.864275 | Best = 5.537945
-1.451346 -9.287038 48.04615 -103.4241[[1]]
          [,1]      [,2]     [,3]      [,4]
[1,] -1.451346 -9.287038 48.04615 -103.4241

[[2]]
[1] 5.537945

GA | iter = 44 | Mean = 3.760217 | Best = 5.537945
-1.451346 -9.287038 48.04615 -103.4241[[1]]
          [,1]      [,2]     [,3]      [,4]
[1,] -1.451346 -9.287038 48.04615 -103.4241

[[2]]
[1] 5.537945

GA | iter = 45 | Mean = 3.879299 | Best = 5.537945
-1.451346 -9.287038 48.04615 -103.4241[[1]]
          [,1]      [,2]     [,3]      [,4]
[1,] -1.451346 -9.287038 48.04615 -103.4241

[[2]]
[1] 5.537945

GA | iter = 46 | Mean = 3.890545 | Best = 5.537945
-1.451346 -9.287038 48.04615 -103.4241[[1]]
          [,1]      [,2]     [,3]      [,4]
[1,] -1.451346 -9.287038 48.04615 -103.4241

[[2]]
[1] 5.537945

GA | iter = 47 | Mean = 3.922972 | Best = 5.537945
-1.451346 -9.287038 48.04615 -103.4241[[1]]
          [,1]      [,2]     [,3]      [,4]
[1,] -1.451346 -9.287038 48.04615 -103.4241

[[2]]
[1] 5.537945

GA | iter = 48 | Mean = 3.937777 | Best = 5.537945
-1.223304 -9.18133 47.23244 -102.3765[[1]]
          [,1]     [,2]     [,3]      [,4]
[1,] -1.223304 -9.18133 47.23244 -102.3765

[[2]]
[1] 5.545851

GA | iter = 49 | Mean = 3.930629 | Best = 5.545851
-1.223304 -9.18133 47.23244 -102.3765[[1]]
          [,1]     [,2]     [,3]      [,4]
[1,] -1.223304 -9.18133 47.23244 -102.3765

[[2]]
[1] 5.545851

GA | iter = 50 | Mean = 4.195978 | Best = 5.545851
-1.223304 -9.18133 47.23244 -102.3765[[1]]
          [,1]     [,2]     [,3]      [,4]
[1,] -1.223304 -9.18133 47.23244 -102.3765

[[2]]
[1] 5.545851

GA | iter = 51 | Mean = 3.932273 | Best = 5.545851
-1.426144 -9.179132 46.41837 -103.4748[[1]]
          [,1]      [,2]     [,3]      [,4]
[1,] -1.426144 -9.179132 46.41837 -103.4748

[[2]]
[1] 5.547826

GA | iter = 52 | Mean = 3.987437 | Best = 5.547826
-1.426144 -9.179132 46.41837 -103.4748[[1]]
          [,1]      [,2]     [,3]      [,4]
[1,] -1.426144 -9.179132 46.41837 -103.4748

[[2]]
[1] 5.547826

GA | iter = 53 | Mean = 4.282220 | Best = 5.547826
-1.426144 -9.179132 46.41837 -103.4748[[1]]
          [,1]      [,2]     [,3]      [,4]
[1,] -1.426144 -9.179132 46.41837 -103.4748

[[2]]
[1] 5.547826

GA | iter = 54 | Mean = 3.824461 | Best = 5.547826
-0.5059366 -12.04197 47.23212 -104.7856[[1]]
           [,1]      [,2]     [,3]      [,4]
[1,] -0.5059366 -12.04197 47.23212 -104.7856

[[2]]
[1] 5.603456

GA | iter = 55 | Mean = 4.385942 | Best = 5.603456
-0.5059366 -12.04197 47.23212 -104.7856[[1]]
           [,1]      [,2]     [,3]      [,4]
[1,] -0.5059366 -12.04197 47.23212 -104.7856

[[2]]
[1] 5.603456

GA | iter = 56 | Mean = 3.529891 | Best = 5.603456
-0.5059366 -12.04197 47.23212 -104.7856[[1]]
           [,1]      [,2]     [,3]      [,4]
[1,] -0.5059366 -12.04197 47.23212 -104.7856

[[2]]
[1] 5.603456

GA | iter = 57 | Mean = 3.948848 | Best = 5.603456
-0.5059366 -12.04197 47.23212 -104.7856[[1]]
           [,1]      [,2]     [,3]      [,4]
[1,] -0.5059366 -12.04197 47.23212 -104.7856

[[2]]
[1] 5.603456

GA | iter = 58 | Mean = 3.937037 | Best = 5.603456
-0.5059366 -12.04197 47.23212 -104.7856[[1]]
           [,1]      [,2]     [,3]      [,4]
[1,] -0.5059366 -12.04197 47.23212 -104.7856

[[2]]
[1] 5.603456

GA | iter = 59 | Mean = 3.576936 | Best = 5.603456
-2.077375 -8.134751 46.79492 -95.342[[1]]
          [,1]      [,2]     [,3]    [,4]
[1,] -2.077375 -8.134751 46.79492 -95.342

[[2]]
[1] 5.612516

GA | iter = 60 | Mean = 4.008519 | Best = 5.612516
-2.077375 -8.134751 46.79492 -95.342[[1]]
          [,1]      [,2]     [,3]    [,4]
[1,] -2.077375 -8.134751 46.79492 -95.342

[[2]]
[1] 5.612516

GA | iter = 61 | Mean = 4.165450 | Best = 5.612516
-0.5994791 -11.32475 47.09399 -104.6399[[1]]
           [,1]      [,2]     [,3]      [,4]
[1,] -0.5994791 -11.32475 47.09399 -104.6399

[[2]]
[1] 5.612657

GA | iter = 62 | Mean = 4.038698 | Best = 5.612657
-0.5994791 -11.32475 47.09399 -104.6399[[1]]
           [,1]      [,2]     [,3]      [,4]
[1,] -0.5994791 -11.32475 47.09399 -104.6399

[[2]]
[1] 5.612657

GA | iter = 63 | Mean = 3.872462 | Best = 5.612657
-0.5994791 -11.32475 47.09399 -104.6399[[1]]
           [,1]      [,2]     [,3]      [,4]
[1,] -0.5994791 -11.32475 47.09399 -104.6399

[[2]]
[1] 5.612657

GA | iter = 64 | Mean = 3.913794 | Best = 5.612657
-1.32694 -9.275715 46.52054 -97.59587[[1]]
         [,1]      [,2]     [,3]      [,4]
[1,] -1.32694 -9.275715 46.52054 -97.59587

[[2]]
[1] 5.66917

GA | iter = 65 | Mean = 3.990178 | Best = 5.669170
-1.32694 -9.275715 46.52054 -97.59587[[1]]
         [,1]      [,2]     [,3]      [,4]
[1,] -1.32694 -9.275715 46.52054 -97.59587

[[2]]
[1] 5.66917

GA | iter = 66 | Mean = 3.94010 | Best = 5.66917
-1.32694 -9.275715 46.52054 -97.59587[[1]]
         [,1]      [,2]     [,3]      [,4]
[1,] -1.32694 -9.275715 46.52054 -97.59587

[[2]]
[1] 5.66917

GA | iter = 67 | Mean = 3.921136 | Best = 5.669170
-1.32694 -9.275715 46.52054 -97.59587[[1]]
         [,1]      [,2]     [,3]      [,4]
[1,] -1.32694 -9.275715 46.52054 -97.59587

[[2]]
[1] 5.66917

GA | iter = 68 | Mean = 3.985608 | Best = 5.669170
-1.32694 -9.275715 46.52054 -97.59587[[1]]
         [,1]      [,2]     [,3]      [,4]
[1,] -1.32694 -9.275715 46.52054 -97.59587

[[2]]
[1] 5.66917

GA | iter = 69 | Mean = 4.036605 | Best = 5.669170
-1.32694 -9.275715 46.52054 -97.59587[[1]]
         [,1]      [,2]     [,3]      [,4]
[1,] -1.32694 -9.275715 46.52054 -97.59587

[[2]]
[1] 5.66917

GA | iter = 70 | Mean = 4.077924 | Best = 5.669170
-1.32694 -9.275715 46.52054 -97.59587[[1]]
         [,1]      [,2]     [,3]      [,4]
[1,] -1.32694 -9.275715 46.52054 -97.59587

[[2]]
[1] 5.66917

GA | iter = 71 | Mean = 3.920382 | Best = 5.669170
-1.034373 -10.46792 46.80875 -97.40249[[1]]
          [,1]      [,2]     [,3]      [,4]
[1,] -1.034373 -10.46792 46.80875 -97.40249

[[2]]
[1] 5.687846

GA | iter = 72 | Mean = 4.152510 | Best = 5.687846
-1.034373 -10.46792 46.80875 -97.40249[[1]]
          [,1]      [,2]     [,3]      [,4]
[1,] -1.034373 -10.46792 46.80875 -97.40249

[[2]]
[1] 5.687846

GA | iter = 73 | Mean = 3.911833 | Best = 5.687846
-1.034373 -10.46792 46.80875 -97.40249[[1]]
          [,1]      [,2]     [,3]      [,4]
[1,] -1.034373 -10.46792 46.80875 -97.40249

[[2]]
[1] 5.687846

GA | iter = 74 | Mean = 3.964722 | Best = 5.687846
-1.034373 -10.46792 46.80875 -97.40249[[1]]
          [,1]      [,2]     [,3]      [,4]
[1,] -1.034373 -10.46792 46.80875 -97.40249

[[2]]
[1] 5.687846

GA | iter = 75 | Mean = 4.047960 | Best = 5.687846
-1.034373 -10.46792 46.80875 -97.40249[[1]]
          [,1]      [,2]     [,3]      [,4]
[1,] -1.034373 -10.46792 46.80875 -97.40249

[[2]]
[1] 5.687846

GA | iter = 76 | Mean = 4.058529 | Best = 5.687846
-1.034373 -10.46792 46.80875 -97.40249[[1]]
          [,1]      [,2]     [,3]      [,4]
[1,] -1.034373 -10.46792 46.80875 -97.40249

[[2]]
[1] 5.687846

GA | iter = 77 | Mean = 4.022326 | Best = 5.687846
-1.034373 -10.46792 46.80875 -97.40249[[1]]
          [,1]      [,2]     [,3]      [,4]
[1,] -1.034373 -10.46792 46.80875 -97.40249

[[2]]
[1] 5.687846

GA | iter = 78 | Mean = 4.254545 | Best = 5.687846
-1.034373 -10.46792 46.80875 -97.40249[[1]]
          [,1]      [,2]     [,3]      [,4]
[1,] -1.034373 -10.46792 46.80875 -97.40249

[[2]]
[1] 5.687846

GA | iter = 79 | Mean = 3.971695 | Best = 5.687846
-1.034373 -10.46792 46.80875 -97.40249[[1]]
          [,1]      [,2]     [,3]      [,4]
[1,] -1.034373 -10.46792 46.80875 -97.40249

[[2]]
[1] 5.687846

GA | iter = 80 | Mean = 4.336837 | Best = 5.687846
-1.034373 -10.46792 46.80875 -97.40249[[1]]
          [,1]      [,2]     [,3]      [,4]
[1,] -1.034373 -10.46792 46.80875 -97.40249

[[2]]
[1] 5.687846

GA | iter = 81 | Mean = 4.047878 | Best = 5.687846
-1.034373 -10.46792 46.80875 -97.40249[[1]]
          [,1]      [,2]     [,3]      [,4]
[1,] -1.034373 -10.46792 46.80875 -97.40249

[[2]]
[1] 5.687846

GA | iter = 82 | Mean = 4.086437 | Best = 5.687846
-1.034373 -10.46792 46.80875 -97.40249[[1]]
          [,1]      [,2]     [,3]      [,4]
[1,] -1.034373 -10.46792 46.80875 -97.40249

[[2]]
[1] 5.687846

GA | iter = 83 | Mean = 4.263414 | Best = 5.687846
-1.034373 -10.46792 46.80875 -97.40249[[1]]
          [,1]      [,2]     [,3]      [,4]
[1,] -1.034373 -10.46792 46.80875 -97.40249

[[2]]
[1] 5.687846

GA | iter = 84 | Mean = 4.188849 | Best = 5.687846
-1.034373 -10.46792 46.80875 -97.40249[[1]]
          [,1]      [,2]     [,3]      [,4]
[1,] -1.034373 -10.46792 46.80875 -97.40249

[[2]]
[1] 5.687846

GA | iter = 85 | Mean = 4.148824 | Best = 5.687846
-1.034373 -10.46792 46.80875 -97.40249[[1]]
          [,1]      [,2]     [,3]      [,4]
[1,] -1.034373 -10.46792 46.80875 -97.40249

[[2]]
[1] 5.687846

GA | iter = 86 | Mean = 4.141626 | Best = 5.687846
-1.049716 -10.3533 46.81332 -98.0012[[1]]
          [,1]     [,2]     [,3]     [,4]
[1,] -1.049716 -10.3533 46.81332 -98.0012

[[2]]
[1] 5.689342

GA | iter = 87 | Mean = 4.082981 | Best = 5.689342
-1.049716 -10.3533 46.81332 -98.0012[[1]]
          [,1]     [,2]     [,3]     [,4]
[1,] -1.049716 -10.3533 46.81332 -98.0012

[[2]]
[1] 5.689342

GA | iter = 88 | Mean = 4.204111 | Best = 5.689342
-1.032787 -10.19705 46.52923 -99.23857[[1]]
          [,1]      [,2]     [,3]      [,4]
[1,] -1.032787 -10.19705 46.52923 -99.23857

[[2]]
[1] 5.695643

GA | iter = 89 | Mean = 4.054359 | Best = 5.695643
-1.032787 -10.19705 46.52923 -99.23857[[1]]
          [,1]      [,2]     [,3]      [,4]
[1,] -1.032787 -10.19705 46.52923 -99.23857

[[2]]
[1] 5.695643

GA | iter = 90 | Mean = 3.936356 | Best = 5.695643
-1.032787 -10.19705 46.52923 -99.23857[[1]]
          [,1]      [,2]     [,3]      [,4]
[1,] -1.032787 -10.19705 46.52923 -99.23857

[[2]]
[1] 5.695643

GA | iter = 91 | Mean = 3.914930 | Best = 5.695643
0.09346019 -12.73676 46.76974 -100.141[[1]]
           [,1]      [,2]     [,3]     [,4]
[1,] 0.09346019 -12.73676 46.76974 -100.141

[[2]]
[1] 5.751696

GA | iter = 92 | Mean = 3.987163 | Best = 5.751696
0.09346019 -12.73676 46.76974 -100.141[[1]]
           [,1]      [,2]     [,3]     [,4]
[1,] 0.09346019 -12.73676 46.76974 -100.141

[[2]]
[1] 5.751696

GA | iter = 93 | Mean = 3.952325 | Best = 5.751696
0.09346019 -12.73676 46.76974 -100.141[[1]]
           [,1]      [,2]     [,3]     [,4]
[1,] 0.09346019 -12.73676 46.76974 -100.141

[[2]]
[1] 5.751696

GA | iter = 94 | Mean = 4.206120 | Best = 5.751696
0.09346019 -12.73676 46.76974 -100.141[[1]]
           [,1]      [,2]     [,3]     [,4]
[1,] 0.09346019 -12.73676 46.76974 -100.141

[[2]]
[1] 5.751696

GA | iter = 95 | Mean = 4.097425 | Best = 5.751696
0.09346019 -12.73676 46.76974 -100.141[[1]]
           [,1]      [,2]     [,3]     [,4]
[1,] 0.09346019 -12.73676 46.76974 -100.141

[[2]]
[1] 5.751696

GA | iter = 96 | Mean = 3.883529 | Best = 5.751696
0.09346019 -12.73676 46.76974 -100.141[[1]]
           [,1]      [,2]     [,3]     [,4]
[1,] 0.09346019 -12.73676 46.76974 -100.141

[[2]]
[1] 5.751696

GA | iter = 97 | Mean = 3.857893 | Best = 5.751696
0.09346019 -12.73676 46.76974 -100.141[[1]]
           [,1]      [,2]     [,3]     [,4]
[1,] 0.09346019 -12.73676 46.76974 -100.141

[[2]]
[1] 5.751696

GA | iter = 98 | Mean = 4.003447 | Best = 5.751696
0.09346019 -12.73676 46.76974 -100.141[[1]]
           [,1]      [,2]     [,3]     [,4]
[1,] 0.09346019 -12.73676 46.76974 -100.141

[[2]]
[1] 5.751696

GA | iter = 99 | Mean = 4.213585 | Best = 5.751696
0.09346019 -12.73676 46.76974 -100.141[[1]]
           [,1]      [,2]     [,3]     [,4]
[1,] 0.09346019 -12.73676 46.76974 -100.141

[[2]]
[1] 5.751696

GA | iter = 100 | Mean = 4.215095 | Best = 5.751696
0.09346019 -12.73676 46.76974 -100.141[[1]]
           [,1]      [,2]     [,3]     [,4]
[1,] 0.09346019 -12.73676 46.76974 -100.141

[[2]]
[1] 5.751696

GA | iter = 101 | Mean = 4.068695 | Best = 5.751696
0.09346019 -12.73676 46.76974 -100.141[[1]]
           [,1]      [,2]     [,3]     [,4]
[1,] 0.09346019 -12.73676 46.76974 -100.141

[[2]]
[1] 5.751696

GA | iter = 102 | Mean = 3.920576 | Best = 5.751696
0.09346019 -12.73676 46.76974 -100.141[[1]]
           [,1]      [,2]     [,3]     [,4]
[1,] 0.09346019 -12.73676 46.76974 -100.141

[[2]]
[1] 5.751696

GA | iter = 103 | Mean = 3.951073 | Best = 5.751696
0.09346019 -12.73676 46.76974 -100.141[[1]]
           [,1]      [,2]     [,3]     [,4]
[1,] 0.09346019 -12.73676 46.76974 -100.141

[[2]]
[1] 5.751696

GA | iter = 104 | Mean = 3.951172 | Best = 5.751696
0.09346019 -12.73676 46.76974 -100.141[[1]]
           [,1]      [,2]     [,3]     [,4]
[1,] 0.09346019 -12.73676 46.76974 -100.141

[[2]]
[1] 5.751696

GA | iter = 105 | Mean = 3.975684 | Best = 5.751696
0.09346019 -12.73676 46.76974 -100.141[[1]]
           [,1]      [,2]     [,3]     [,4]
[1,] 0.09346019 -12.73676 46.76974 -100.141

[[2]]
[1] 5.751696

GA | iter = 106 | Mean = 4.186884 | Best = 5.751696
0.09346019 -12.73676 46.76974 -100.141[[1]]
           [,1]      [,2]     [,3]     [,4]
[1,] 0.09346019 -12.73676 46.76974 -100.141

[[2]]
[1] 5.751696

GA | iter = 107 | Mean = 3.834000 | Best = 5.751696
-0.5803097 -11.07084 45.10016 -99.49628[[1]]
           [,1]      [,2]     [,3]      [,4]
[1,] -0.5803097 -11.07084 45.10016 -99.49628

[[2]]
[1] 5.775074

GA | iter = 108 | Mean = 3.929932 | Best = 5.775074
-0.5803097 -11.07084 45.10016 -99.49628[[1]]
           [,1]      [,2]     [,3]      [,4]
[1,] -0.5803097 -11.07084 45.10016 -99.49628

[[2]]
[1] 5.775074

GA | iter = 109 | Mean = 3.799015 | Best = 5.775074
-0.5803097 -11.07084 45.10016 -99.49628[[1]]
           [,1]      [,2]     [,3]      [,4]
[1,] -0.5803097 -11.07084 45.10016 -99.49628

[[2]]
[1] 5.775074

GA | iter = 110 | Mean = 4.138028 | Best = 5.775074
-0.5803097 -11.07084 45.10016 -99.49628[[1]]
           [,1]      [,2]     [,3]      [,4]
[1,] -0.5803097 -11.07084 45.10016 -99.49628

[[2]]
[1] 5.775074

GA | iter = 111 | Mean = 4.193367 | Best = 5.775074
-0.5803097 -11.07084 45.10016 -99.49628[[1]]
           [,1]      [,2]     [,3]      [,4]
[1,] -0.5803097 -11.07084 45.10016 -99.49628

[[2]]
[1] 5.775074

GA | iter = 112 | Mean = 4.091400 | Best = 5.775074
-0.5803097 -11.07084 45.10016 -99.49628[[1]]
           [,1]      [,2]     [,3]      [,4]
[1,] -0.5803097 -11.07084 45.10016 -99.49628

[[2]]
[1] 5.775074

GA | iter = 113 | Mean = 4.240522 | Best = 5.775074
-0.5803097 -11.07084 45.10016 -99.49628[[1]]
           [,1]      [,2]     [,3]      [,4]
[1,] -0.5803097 -11.07084 45.10016 -99.49628

[[2]]
[1] 5.775074

GA | iter = 114 | Mean = 4.311324 | Best = 5.775074
-0.2733636 -11.83235 45.35486 -99.70528[[1]]
           [,1]      [,2]     [,3]      [,4]
[1,] -0.2733636 -11.83235 45.35486 -99.70528

[[2]]
[1] 5.79919

GA | iter = 115 | Mean = 4.329755 | Best = 5.799190
-0.2733636 -11.83235 45.35486 -99.70528[[1]]
           [,1]      [,2]     [,3]      [,4]
[1,] -0.2733636 -11.83235 45.35486 -99.70528

[[2]]
[1] 5.79919

GA | iter = 116 | Mean = 4.057671 | Best = 5.799190
-0.2733636 -11.83235 45.35486 -99.70528[[1]]
           [,1]      [,2]     [,3]      [,4]
[1,] -0.2733636 -11.83235 45.35486 -99.70528

[[2]]
[1] 5.79919

GA | iter = 117 | Mean = 3.979426 | Best = 5.799190
-0.2733636 -11.83235 45.35486 -99.70528[[1]]
           [,1]      [,2]     [,3]      [,4]
[1,] -0.2733636 -11.83235 45.35486 -99.70528

[[2]]
[1] 5.79919

GA | iter = 118 | Mean = 4.201585 | Best = 5.799190
-0.2733636 -11.83235 45.35486 -99.70528[[1]]
           [,1]      [,2]     [,3]      [,4]
[1,] -0.2733636 -11.83235 45.35486 -99.70528

[[2]]
[1] 5.79919

GA | iter = 119 | Mean = 4.109548 | Best = 5.799190
-0.2465084 -11.69052 45.3477 -99.35107[[1]]
           [,1]      [,2]    [,3]      [,4]
[1,] -0.2465084 -11.69052 45.3477 -99.35107

[[2]]
[1] 5.799907

GA | iter = 120 | Mean = 4.267714 | Best = 5.799907
-0.2465084 -11.69052 45.3477 -99.35107[[1]]
           [,1]      [,2]    [,3]      [,4]
[1,] -0.2465084 -11.69052 45.3477 -99.35107

[[2]]
[1] 5.799907

GA | iter = 121 | Mean = 4.180194 | Best = 5.799907
-0.2465084 -11.69052 45.3477 -99.35107[[1]]
           [,1]      [,2]    [,3]      [,4]
[1,] -0.2465084 -11.69052 45.3477 -99.35107

[[2]]
[1] 5.799907

GA | iter = 122 | Mean = 4.228206 | Best = 5.799907
-0.2465084 -11.69052 45.3477 -99.35107[[1]]
           [,1]      [,2]    [,3]      [,4]
[1,] -0.2465084 -11.69052 45.3477 -99.35107

[[2]]
[1] 5.799907

GA | iter = 123 | Mean = 4.107903 | Best = 5.799907
-0.2465084 -11.69052 45.3477 -99.35107[[1]]
           [,1]      [,2]    [,3]      [,4]
[1,] -0.2465084 -11.69052 45.3477 -99.35107

[[2]]
[1] 5.799907

GA | iter = 124 | Mean = 4.485328 | Best = 5.799907
-0.2465084 -11.69052 45.3477 -99.35107[[1]]
           [,1]      [,2]    [,3]      [,4]
[1,] -0.2465084 -11.69052 45.3477 -99.35107

[[2]]
[1] 5.799907

GA | iter = 125 | Mean = 4.115088 | Best = 5.799907
1.549677 -16.31801 45.89546 -99.28585[[1]]
         [,1]      [,2]     [,3]      [,4]
[1,] 1.549677 -16.31801 45.89546 -99.28585

[[2]]
[1] 5.925545

GA | iter = 126 | Mean = 4.352795 | Best = 5.925545
1.549677 -16.31801 45.89546 -99.28585[[1]]
         [,1]      [,2]     [,3]      [,4]
[1,] 1.549677 -16.31801 45.89546 -99.28585

[[2]]
[1] 5.925545

GA | iter = 127 | Mean = 4.181616 | Best = 5.925545
1.549677 -16.31801 45.89546 -99.28585[[1]]
         [,1]      [,2]     [,3]      [,4]
[1,] 1.549677 -16.31801 45.89546 -99.28585

[[2]]
[1] 5.925545

GA | iter = 128 | Mean = 4.066085 | Best = 5.925545
1.549677 -16.31801 45.89546 -99.28585[[1]]
         [,1]      [,2]     [,3]      [,4]
[1,] 1.549677 -16.31801 45.89546 -99.28585

[[2]]
[1] 5.925545

GA | iter = 129 | Mean = 4.107678 | Best = 5.925545
1.549677 -16.31801 45.89546 -99.28585[[1]]
         [,1]      [,2]     [,3]      [,4]
[1,] 1.549677 -16.31801 45.89546 -99.28585

[[2]]
[1] 5.925545

GA | iter = 130 | Mean = 4.193667 | Best = 5.925545
1.549677 -16.31801 45.89546 -99.28585[[1]]
         [,1]      [,2]     [,3]      [,4]
[1,] 1.549677 -16.31801 45.89546 -99.28585

[[2]]
[1] 5.925545

GA | iter = 131 | Mean = 4.122370 | Best = 5.925545
1.549677 -16.31801 45.89546 -99.28585[[1]]
         [,1]      [,2]     [,3]      [,4]
[1,] 1.549677 -16.31801 45.89546 -99.28585

[[2]]
[1] 5.925545

GA | iter = 132 | Mean = 4.316256 | Best = 5.925545
1.549677 -16.31801 45.89546 -99.28585[[1]]
         [,1]      [,2]     [,3]      [,4]
[1,] 1.549677 -16.31801 45.89546 -99.28585

[[2]]
[1] 5.925545

GA | iter = 133 | Mean = 4.135123 | Best = 5.925545
1.549677 -16.31801 45.89546 -99.28585[[1]]
         [,1]      [,2]     [,3]      [,4]
[1,] 1.549677 -16.31801 45.89546 -99.28585

[[2]]
[1] 5.925545

GA | iter = 134 | Mean = 4.070631 | Best = 5.925545
1.77796 -17.00244 45.64251 -98.47839[[1]]
        [,1]      [,2]     [,3]      [,4]
[1,] 1.77796 -17.00244 45.64251 -98.47839

[[2]]
[1] 5.931726

GA | iter = 135 | Mean = 4.215599 | Best = 5.931726
1.77796 -17.00244 45.64251 -98.47839[[1]]
        [,1]      [,2]     [,3]      [,4]
[1,] 1.77796 -17.00244 45.64251 -98.47839

[[2]]
[1] 5.931726

GA | iter = 136 | Mean = 4.130544 | Best = 5.931726
1.77796 -17.00244 45.64251 -98.47839[[1]]
        [,1]      [,2]     [,3]      [,4]
[1,] 1.77796 -17.00244 45.64251 -98.47839

[[2]]
[1] 5.931726

GA | iter = 137 | Mean = 3.988282 | Best = 5.931726
1.77796 -17.00244 45.64251 -98.47839[[1]]
        [,1]      [,2]     [,3]      [,4]
[1,] 1.77796 -17.00244 45.64251 -98.47839

[[2]]
[1] 5.931726

GA | iter = 138 | Mean = 4.118396 | Best = 5.931726
1.77796 -17.00244 45.64251 -98.47839[[1]]
        [,1]      [,2]     [,3]      [,4]
[1,] 1.77796 -17.00244 45.64251 -98.47839

[[2]]
[1] 5.931726

GA | iter = 139 | Mean = 4.349852 | Best = 5.931726
1.949598 -16.91273 45.80129 -98.59063[[1]]
         [,1]      [,2]     [,3]      [,4]
[1,] 1.949598 -16.91273 45.80129 -98.59063

[[2]]
[1] 5.9387

GA | iter = 140 | Mean = 4.299116 | Best = 5.938700
1.949598 -16.91273 45.80129 -98.59063[[1]]
         [,1]      [,2]     [,3]      [,4]
[1,] 1.949598 -16.91273 45.80129 -98.59063

[[2]]
[1] 5.9387

GA | iter = 141 | Mean = 4.366861 | Best = 5.938700
1.949598 -16.91273 45.80129 -98.59063[[1]]
         [,1]      [,2]     [,3]      [,4]
[1,] 1.949598 -16.91273 45.80129 -98.59063

[[2]]
[1] 5.9387

GA | iter = 142 | Mean = 4.302855 | Best = 5.938700
1.949598 -16.91273 45.80129 -98.59063[[1]]
         [,1]      [,2]     [,3]      [,4]
[1,] 1.949598 -16.91273 45.80129 -98.59063

[[2]]
[1] 5.9387

GA | iter = 143 | Mean = 4.010956 | Best = 5.938700
1.949598 -16.91273 45.80129 -98.59063[[1]]
         [,1]      [,2]     [,3]      [,4]
[1,] 1.949598 -16.91273 45.80129 -98.59063

[[2]]
[1] 5.9387

GA | iter = 144 | Mean = 4.017189 | Best = 5.938700
1.52711 -16.06778 45.63296 -98.75928[[1]]
        [,1]      [,2]     [,3]      [,4]
[1,] 1.52711 -16.06778 45.63296 -98.75928

[[2]]
[1] 5.943805

GA | iter = 145 | Mean = 4.176119 | Best = 5.943805
1.52711 -16.06778 45.63296 -98.75928[[1]]
        [,1]      [,2]     [,3]      [,4]
[1,] 1.52711 -16.06778 45.63296 -98.75928

[[2]]
[1] 5.943805

GA | iter = 146 | Mean = 3.941281 | Best = 5.943805
1.52711 -16.06778 45.63296 -98.75928[[1]]
        [,1]      [,2]     [,3]      [,4]
[1,] 1.52711 -16.06778 45.63296 -98.75928

[[2]]
[1] 5.943805

GA | iter = 147 | Mean = 3.866470 | Best = 5.943805
1.52711 -16.06778 45.63296 -98.75928[[1]]
        [,1]      [,2]     [,3]      [,4]
[1,] 1.52711 -16.06778 45.63296 -98.75928

[[2]]
[1] 5.943805

GA | iter = 148 | Mean = 4.234567 | Best = 5.943805
1.52711 -16.06778 45.63296 -98.75928[[1]]
        [,1]      [,2]     [,3]      [,4]
[1,] 1.52711 -16.06778 45.63296 -98.75928

[[2]]
[1] 5.943805

GA | iter = 149 | Mean = 4.137503 | Best = 5.943805
1.52711 -16.06778 45.63296 -98.75928[[1]]
        [,1]      [,2]     [,3]      [,4]
[1,] 1.52711 -16.06778 45.63296 -98.75928

[[2]]
[1] 5.943805

GA | iter = 150 | Mean = 4.257907 | Best = 5.943805
1.210803 -14.40683 42.43841 -98.5685[[1]]
         [,1]      [,2]     [,3]     [,4]
[1,] 1.210803 -14.40683 42.43841 -98.5685

[[2]]
[1] 5.987201

GA | iter = 151 | Mean = 3.967351 | Best = 5.987201
1.310824 -14.35978 42.55191 -98.6096[[1]]
         [,1]      [,2]     [,3]     [,4]
[1,] 1.310824 -14.35978 42.55191 -98.6096

[[2]]
[1] 6.032511

GA | iter = 152 | Mean = 4.320379 | Best = 6.032511
1.310824 -14.35978 42.55191 -98.6096[[1]]
         [,1]      [,2]     [,3]     [,4]
[1,] 1.310824 -14.35978 42.55191 -98.6096

[[2]]
[1] 6.032511

GA | iter = 153 | Mean = 4.031582 | Best = 6.032511
1.310824 -14.35978 42.55191 -98.6096[[1]]
         [,1]      [,2]     [,3]     [,4]
[1,] 1.310824 -14.35978 42.55191 -98.6096

[[2]]
[1] 6.032511

GA | iter = 154 | Mean = 4.409336 | Best = 6.032511
1.894558 -16.52175 44.75707 -98.58052[[1]]
         [,1]      [,2]     [,3]      [,4]
[1,] 1.894558 -16.52175 44.75707 -98.58052

[[2]]
[1] 6.032853

GA | iter = 155 | Mean = 4.150901 | Best = 6.032853
1.894558 -16.52175 44.75707 -98.58052[[1]]
         [,1]      [,2]     [,3]      [,4]
[1,] 1.894558 -16.52175 44.75707 -98.58052

[[2]]
[1] 6.032853

GA | iter = 156 | Mean = 4.226524 | Best = 6.032853
1.306738 -15.00983 43.72553 -98.58196[[1]]
         [,1]      [,2]     [,3]      [,4]
[1,] 1.306738 -15.00983 43.72553 -98.58196

[[2]]
[1] 6.033751

GA | iter = 157 | Mean = 4.187216 | Best = 6.033751
1.393624 -15.09327 43.44545 -98.67586[[1]]
         [,1]      [,2]     [,3]      [,4]
[1,] 1.393624 -15.09327 43.44545 -98.67586

[[2]]
[1] 6.045542

GA | iter = 158 | Mean = 4.205192 | Best = 6.045542
1.393624 -15.09327 43.44545 -98.67586[[1]]
         [,1]      [,2]     [,3]      [,4]
[1,] 1.393624 -15.09327 43.44545 -98.67586

[[2]]
[1] 6.045542

GA | iter = 159 | Mean = 4.382379 | Best = 6.045542
1.393624 -15.09327 43.44545 -98.67586[[1]]
         [,1]      [,2]     [,3]      [,4]
[1,] 1.393624 -15.09327 43.44545 -98.67586

[[2]]
[1] 6.045542

GA | iter = 160 | Mean = 4.237295 | Best = 6.045542
1.393624 -15.09327 43.44545 -98.67586[[1]]
         [,1]      [,2]     [,3]      [,4]
[1,] 1.393624 -15.09327 43.44545 -98.67586

[[2]]
[1] 6.045542

GA | iter = 161 | Mean = 4.419422 | Best = 6.045542
1.368837 -14.86345 43.29128 -98.64563[[1]]
         [,1]      [,2]     [,3]      [,4]
[1,] 1.368837 -14.86345 43.29128 -98.64563

[[2]]
[1] 6.045738

GA | iter = 162 | Mean = 4.445130 | Best = 6.045738
1.368837 -14.86345 43.29128 -98.64563[[1]]
         [,1]      [,2]     [,3]      [,4]
[1,] 1.368837 -14.86345 43.29128 -98.64563

[[2]]
[1] 6.045738

GA | iter = 163 | Mean = 4.327882 | Best = 6.045738
1.832381 -15.97701 43.87571 -98.56327[[1]]
         [,1]      [,2]     [,3]      [,4]
[1,] 1.832381 -15.97701 43.87571 -98.56327

[[2]]
[1] 6.069868

GA | iter = 164 | Mean = 4.224357 | Best = 6.069868
1.832381 -15.97701 43.87571 -98.56327[[1]]
         [,1]      [,2]     [,3]      [,4]
[1,] 1.832381 -15.97701 43.87571 -98.56327

[[2]]
[1] 6.069868

GA | iter = 165 | Mean = 4.307259 | Best = 6.069868
1.832381 -15.97701 43.87571 -98.56327[[1]]
         [,1]      [,2]     [,3]      [,4]
[1,] 1.832381 -15.97701 43.87571 -98.56327

[[2]]
[1] 6.069868

GA | iter = 166 | Mean = 4.401543 | Best = 6.069868
1.832381 -15.97701 43.87571 -98.56327[[1]]
         [,1]      [,2]     [,3]      [,4]
[1,] 1.832381 -15.97701 43.87571 -98.56327

[[2]]
[1] 6.069868

GA | iter = 167 | Mean = 4.424873 | Best = 6.069868
1.832381 -15.97701 43.87571 -98.56327[[1]]
         [,1]      [,2]     [,3]      [,4]
[1,] 1.832381 -15.97701 43.87571 -98.56327

[[2]]
[1] 6.069868

GA | iter = 168 | Mean = 4.593197 | Best = 6.069868
1.832381 -15.97701 43.87571 -98.56327[[1]]
         [,1]      [,2]     [,3]      [,4]
[1,] 1.832381 -15.97701 43.87571 -98.56327

[[2]]
[1] 6.069868

GA | iter = 169 | Mean = 4.056435 | Best = 6.069868
1.832381 -15.97701 43.87571 -98.56327[[1]]
         [,1]      [,2]     [,3]      [,4]
[1,] 1.832381 -15.97701 43.87571 -98.56327

[[2]]
[1] 6.069868

GA | iter = 170 | Mean = 4.487529 | Best = 6.069868
1.832381 -15.97701 43.87571 -98.56327[[1]]
         [,1]      [,2]     [,3]      [,4]
[1,] 1.832381 -15.97701 43.87571 -98.56327

[[2]]
[1] 6.069868

GA | iter = 171 | Mean = 4.151186 | Best = 6.069868
1.832381 -15.97701 43.87571 -98.56327[[1]]
         [,1]      [,2]     [,3]      [,4]
[1,] 1.832381 -15.97701 43.87571 -98.56327

[[2]]
[1] 6.069868

GA | iter = 172 | Mean = 4.353335 | Best = 6.069868
1.832381 -15.97701 43.87571 -98.56327[[1]]
         [,1]      [,2]     [,3]      [,4]
[1,] 1.832381 -15.97701 43.87571 -98.56327

[[2]]
[1] 6.069868

GA | iter = 173 | Mean = 4.201801 | Best = 6.069868
1.668818 -15.70697 43.86505 -98.06589[[1]]
         [,1]      [,2]     [,3]      [,4]
[1,] 1.668818 -15.70697 43.86505 -98.06589

[[2]]
[1] 6.070993

GA | iter = 174 | Mean = 4.493770 | Best = 6.070993
1.60344 -15.51575 43.72926 -97.36569[[1]]
        [,1]      [,2]     [,3]      [,4]
[1,] 1.60344 -15.51575 43.72926 -97.36569

[[2]]
[1] 6.07881

GA | iter = 175 | Mean = 4.33499 | Best = 6.07881
1.60344 -15.51575 43.72926 -97.36569[[1]]
        [,1]      [,2]     [,3]      [,4]
[1,] 1.60344 -15.51575 43.72926 -97.36569

[[2]]
[1] 6.07881

GA | iter = 176 | Mean = 4.521364 | Best = 6.078810
1.618084 -15.65943 43.85713 -96.72785[[1]]
         [,1]      [,2]     [,3]      [,4]
[1,] 1.618084 -15.65943 43.85713 -96.72785

[[2]]
[1] 6.081119

GA | iter = 177 | Mean = 4.422683 | Best = 6.081119
1.618084 -15.65943 43.85713 -96.72785[[1]]
         [,1]      [,2]     [,3]      [,4]
[1,] 1.618084 -15.65943 43.85713 -96.72785

[[2]]
[1] 6.081119

GA | iter = 178 | Mean = 4.180579 | Best = 6.081119
1.618084 -15.65943 43.85713 -96.72785[[1]]
         [,1]      [,2]     [,3]      [,4]
[1,] 1.618084 -15.65943 43.85713 -96.72785

[[2]]
[1] 6.081119

GA | iter = 179 | Mean = 4.216184 | Best = 6.081119
1.618084 -15.65943 43.85713 -96.72785[[1]]
         [,1]      [,2]     [,3]      [,4]
[1,] 1.618084 -15.65943 43.85713 -96.72785

[[2]]
[1] 6.081119

GA | iter = 180 | Mean = 4.445270 | Best = 6.081119
1.618084 -15.65943 43.85713 -96.72785[[1]]
         [,1]      [,2]     [,3]      [,4]
[1,] 1.618084 -15.65943 43.85713 -96.72785

[[2]]
[1] 6.081119

GA | iter = 181 | Mean = 4.124793 | Best = 6.081119
1.618084 -15.65943 43.85713 -96.72785[[1]]
         [,1]      [,2]     [,3]      [,4]
[1,] 1.618084 -15.65943 43.85713 -96.72785

[[2]]
[1] 6.081119

GA | iter = 182 | Mean = 4.270709 | Best = 6.081119
1.581187 -15.50316 42.97008 -97.78975[[1]]
         [,1]      [,2]     [,3]      [,4]
[1,] 1.581187 -15.50316 42.97008 -97.78975

[[2]]
[1] 6.087541

GA | iter = 183 | Mean = 4.359060 | Best = 6.087541
1.581187 -15.50316 42.97008 -97.78975[[1]]
         [,1]      [,2]     [,3]      [,4]
[1,] 1.581187 -15.50316 42.97008 -97.78975

[[2]]
[1] 6.087541

GA | iter = 184 | Mean = 4.238715 | Best = 6.087541
1.600513 -15.51167 43.15207 -97.98277[[1]]
         [,1]      [,2]     [,3]      [,4]
[1,] 1.600513 -15.51167 43.15207 -97.98277

[[2]]
[1] 6.093024

GA | iter = 185 | Mean = 4.588594 | Best = 6.093024
1.616831 -15.66422 43.40641 -97.82282[[1]]
         [,1]      [,2]     [,3]      [,4]
[1,] 1.616831 -15.66422 43.40641 -97.82282

[[2]]
[1] 6.09337

GA | iter = 186 | Mean = 4.382411 | Best = 6.093370
1.616831 -15.66422 43.40641 -97.82282[[1]]
         [,1]      [,2]     [,3]      [,4]
[1,] 1.616831 -15.66422 43.40641 -97.82282

[[2]]
[1] 6.09337

GA | iter = 187 | Mean = 4.45359 | Best = 6.09337
1.60948 -15.6613 43.42199 -97.69294[[1]]
        [,1]     [,2]     [,3]      [,4]
[1,] 1.60948 -15.6613 43.42199 -97.69294

[[2]]
[1] 6.094822

GA | iter = 188 | Mean = 4.500644 | Best = 6.094822
1.60948 -15.6613 43.42199 -97.69294[[1]]
        [,1]     [,2]     [,3]      [,4]
[1,] 1.60948 -15.6613 43.42199 -97.69294

[[2]]
[1] 6.094822

GA | iter = 189 | Mean = 4.324161 | Best = 6.094822
1.614259 -15.60781 43.36031 -97.78769[[1]]
         [,1]      [,2]     [,3]      [,4]
[1,] 1.614259 -15.60781 43.36031 -97.78769

[[2]]
[1] 6.09665

GA | iter = 190 | Mean = 4.096433 | Best = 6.096650
slurmstepd: error: *** JOB 26006251 ON cdr1520 CANCELLED AT 2022-02-02T12:02:36 DUE TO TIME LIMIT ***
