
Lmod is automatically replacing "intel/2020.1.217" with "gcc/9.3.0".


Due to MODULEPATH changes, the following have been reloaded:
  1) openmpi/4.0.3


R version 4.0.2 (2020-06-22) -- "Taking Off Again"
Copyright (C) 2020 The R Foundation for Statistical Computing
Platform: x86_64-pc-linux-gnu (64-bit)

R is free software and comes with ABSOLUTELY NO WARRANTY.
You are welcome to redistribute it under certain conditions.
Type 'license()' or 'licence()' for distribution details.

  Natural language support but running in an English locale

R is a collaborative project with many contributors.
Type 'contributors()' for more information and
'citation()' on how to cite R or R packages in publications.

Type 'demo()' for some demos, 'help()' for on-line help, or
'help.start()' for an HTML browser interface to help.
Type 'q()' to quit R.

> # R script to submit parallelized genetic algorithm optimzied runs.
> 
> # load libraries
> library(doParallel)
Loading required package: foreach
Loading required package: iterators
Loading required package: parallel
> library(GA)
Package 'GA' version 3.2.2
Type 'citation("GA")' for citing this R package in publications.

Attaching package: ‘GA’

The following object is masked from ‘package:utils’:

    de

> library(here)
here() starts at /project/6004331/wanglu57/Project_Plasmodium
> library(doRNG)
Loading required package: rngtools
> 
> source(here::here("functions/ga_verbose.R"), local = T)
> source(here::here("functions/chabaudi_si_clean.R"), local = T)
> # load function
> #-----------------------------#
> # load in parameters
> #-----------------------------#
> parameters_tsukushi <- c(R1 = 8.89*10^6, # slightly higher
+                          lambda = 3.7*10^5,
+                          mu = 0.025, 
+                          p = 8*10^-6, # doubled form original
+                          alpha = 1, 
+                          alphag = 2, 
+                          beta = 5.721, 
+                          mum = 48, 
+                          mug = 4, 
+                          I0 = 43.85965, 
+                          Ig0 = 0, 
+                          a = 150, 
+                          b = 100, 
+                          sp = 1,
+                          psin = 16.69234,
+                          psiw = 0.8431785,
+                          phin = 0.03520591, 
+                          phiw = 550.842,
+                          iota = 2.18*(10^6),
+                          rho = 0.2627156)
> 
> time_range <- seq(0, 20, by = 1e-3)
> 
> I_range <- seq(0, log10(10^8), by = log10(10^8)/5000)
> 
> #-----------------------------#
> # Begin parallelized code
> #----------------------------#
> 
> 
> # Create an array from the NODESLIST environnement variable
> nodeslist = unlist(strsplit(Sys.getenv("NODESLIST"), split=" "))
> 
> # Create the cluster with the nodes name. One process per count of node name.
> # nodeslist = node1 node1 node2 node2, means we are starting 2 processes on node1, likewise on node2.
> cl = makeCluster(nodeslist, type = "PSOCK") 
> registerDoParallel(cl)
> clusterExport(cl,c("ga_verbose", "time_range", "parameters_tsukushi", "I_range", "chabaudi_si_clean")) 
> clusterCall(cl, library, package = "mclust", character.only = TRUE)
[[1]]
[1] "mclust"    "stats"     "graphics"  "grDevices" "utils"     "datasets" 
[7] "methods"   "base"     

[[2]]
[1] "mclust"    "stats"     "graphics"  "grDevices" "utils"     "datasets" 
[7] "methods"   "base"     

[[3]]
[1] "mclust"    "stats"     "graphics"  "grDevices" "utils"     "datasets" 
[7] "methods"   "base"     

[[4]]
[1] "mclust"    "stats"     "graphics"  "grDevices" "utils"     "datasets" 
[7] "methods"   "base"     

[[5]]
[1] "mclust"    "stats"     "graphics"  "grDevices" "utils"     "datasets" 
[7] "methods"   "base"     

[[6]]
[1] "mclust"    "stats"     "graphics"  "grDevices" "utils"     "datasets" 
[7] "methods"   "base"     

[[7]]
[1] "mclust"    "stats"     "graphics"  "grDevices" "utils"     "datasets" 
[7] "methods"   "base"     

[[8]]
[1] "mclust"    "stats"     "graphics"  "grDevices" "utils"     "datasets" 
[7] "methods"   "base"     

[[9]]
[1] "mclust"    "stats"     "graphics"  "grDevices" "utils"     "datasets" 
[7] "methods"   "base"     

[[10]]
[1] "mclust"    "stats"     "graphics"  "grDevices" "utils"     "datasets" 
[7] "methods"   "base"     

[[11]]
[1] "mclust"    "stats"     "graphics"  "grDevices" "utils"     "datasets" 
[7] "methods"   "base"     

[[12]]
[1] "mclust"    "stats"     "graphics"  "grDevices" "utils"     "datasets" 
[7] "methods"   "base"     

[[13]]
[1] "mclust"    "stats"     "graphics"  "grDevices" "utils"     "datasets" 
[7] "methods"   "base"     

[[14]]
[1] "mclust"    "stats"     "graphics"  "grDevices" "utils"     "datasets" 
[7] "methods"   "base"     

[[15]]
[1] "mclust"    "stats"     "graphics"  "grDevices" "utils"     "datasets" 
[7] "methods"   "base"     

[[16]]
[1] "mclust"    "stats"     "graphics"  "grDevices" "utils"     "datasets" 
[7] "methods"   "base"     

[[17]]
[1] "mclust"    "stats"     "graphics"  "grDevices" "utils"     "datasets" 
[7] "methods"   "base"     

[[18]]
[1] "mclust"    "stats"     "graphics"  "grDevices" "utils"     "datasets" 
[7] "methods"   "base"     

[[19]]
[1] "mclust"    "stats"     "graphics"  "grDevices" "utils"     "datasets" 
[7] "methods"   "base"     

[[20]]
[1] "mclust"    "stats"     "graphics"  "grDevices" "utils"     "datasets" 
[7] "methods"   "base"     

[[21]]
[1] "mclust"    "stats"     "graphics"  "grDevices" "utils"     "datasets" 
[7] "methods"   "base"     

[[22]]
[1] "mclust"    "stats"     "graphics"  "grDevices" "utils"     "datasets" 
[7] "methods"   "base"     

[[23]]
[1] "mclust"    "stats"     "graphics"  "grDevices" "utils"     "datasets" 
[7] "methods"   "base"     

[[24]]
[1] "mclust"    "stats"     "graphics"  "grDevices" "utils"     "datasets" 
[7] "methods"   "base"     

[[25]]
[1] "mclust"    "stats"     "graphics"  "grDevices" "utils"     "datasets" 
[7] "methods"   "base"     

[[26]]
[1] "mclust"    "stats"     "graphics"  "grDevices" "utils"     "datasets" 
[7] "methods"   "base"     

[[27]]
[1] "mclust"    "stats"     "graphics"  "grDevices" "utils"     "datasets" 
[7] "methods"   "base"     

[[28]]
[1] "mclust"    "stats"     "graphics"  "grDevices" "utils"     "datasets" 
[7] "methods"   "base"     

[[29]]
[1] "mclust"    "stats"     "graphics"  "grDevices" "utils"     "datasets" 
[7] "methods"   "base"     

[[30]]
[1] "mclust"    "stats"     "graphics"  "grDevices" "utils"     "datasets" 
[7] "methods"   "base"     

[[31]]
[1] "mclust"    "stats"     "graphics"  "grDevices" "utils"     "datasets" 
[7] "methods"   "base"     

[[32]]
[1] "mclust"    "stats"     "graphics"  "grDevices" "utils"     "datasets" 
[7] "methods"   "base"     

[[33]]
[1] "mclust"    "stats"     "graphics"  "grDevices" "utils"     "datasets" 
[7] "methods"   "base"     

[[34]]
[1] "mclust"    "stats"     "graphics"  "grDevices" "utils"     "datasets" 
[7] "methods"   "base"     

[[35]]
[1] "mclust"    "stats"     "graphics"  "grDevices" "utils"     "datasets" 
[7] "methods"   "base"     

[[36]]
[1] "mclust"    "stats"     "graphics"  "grDevices" "utils"     "datasets" 
[7] "methods"   "base"     

[[37]]
[1] "mclust"    "stats"     "graphics"  "grDevices" "utils"     "datasets" 
[7] "methods"   "base"     

[[38]]
[1] "mclust"    "stats"     "graphics"  "grDevices" "utils"     "datasets" 
[7] "methods"   "base"     

[[39]]
[1] "mclust"    "stats"     "graphics"  "grDevices" "utils"     "datasets" 
[7] "methods"   "base"     

[[40]]
[1] "mclust"    "stats"     "graphics"  "grDevices" "utils"     "datasets" 
[7] "methods"   "base"     

[[41]]
[1] "mclust"    "stats"     "graphics"  "grDevices" "utils"     "datasets" 
[7] "methods"   "base"     

[[42]]
[1] "mclust"    "stats"     "graphics"  "grDevices" "utils"     "datasets" 
[7] "methods"   "base"     

[[43]]
[1] "mclust"    "stats"     "graphics"  "grDevices" "utils"     "datasets" 
[7] "methods"   "base"     

[[44]]
[1] "mclust"    "stats"     "graphics"  "grDevices" "utils"     "datasets" 
[7] "methods"   "base"     

[[45]]
[1] "mclust"    "stats"     "graphics"  "grDevices" "utils"     "datasets" 
[7] "methods"   "base"     

[[46]]
[1] "mclust"    "stats"     "graphics"  "grDevices" "utils"     "datasets" 
[7] "methods"   "base"     

[[47]]
[1] "mclust"    "stats"     "graphics"  "grDevices" "utils"     "datasets" 
[7] "methods"   "base"     

[[48]]
[1] "mclust"    "stats"     "graphics"  "grDevices" "utils"     "datasets" 
[7] "methods"   "base"     

> ga_res <- ga_verbose(type = "real-valued", 
+              function(x)
+                chabaudi_si_clean(
+                  parameters_cr = c(x[1], x[2], x[3], x[4]), 
+                  parameters = parameters_tsukushi, 
+                  time_range = time_range, 
+                  cue = "I", 
+                  cue_range = I_range, 
+                  log_cue = "log10",
+                  immunity = "tsukushi",
+                  solver = "vode"),
+              lower = c(-5, -100, -500, -500), # range determined that would alter shape of spline
+              upper = c(5,100,500, 500),  
+              popSize = 100, 
+              maxiter = 200, # change to 10 for testing purpose 
+              pmutation = 0.3,
+              keepBest = TRUE,
+              parallel = cl,
+              seed = 137,
+              monitor = TRUE)
-3.716669 79.90864 -74.92148 -42.84956[[1]]
          [,1]     [,2]      [,3]      [,4]
[1,] -3.716669 79.90864 -74.92148 -42.84956

[[2]]
[1] 2.108694

GA | iter = 1 | Mean = 0.1693845 | Best = 2.1086944
-1.971199 23.87056 1.523926 -110.9664[[1]]
          [,1]     [,2]     [,3]      [,4]
[1,] -1.971199 23.87056 1.523926 -110.9664

[[2]]
[1] 2.687476

GA | iter = 2 | Mean = 0.2516181 | Best = 2.6874758
1.120172 19.85764 -19.25705 6.693782[[1]]
         [,1]     [,2]      [,3]     [,4]
[1,] 1.120172 19.85764 -19.25705 6.693782

[[2]]
[1] 5.586289

GA | iter = 3 | Mean = 0.4093576 | Best = 5.5862886
-1.002217 -4.468689 23.68791 -45.09441[[1]]
          [,1]      [,2]     [,3]      [,4]
[1,] -1.002217 -4.468689 23.68791 -45.09441

[[2]]
[1] 7.192228

GA | iter = 4 | Mean = 0.511685 | Best = 7.192228
-1.002217 -4.468689 23.68791 -45.09441[[1]]
          [,1]      [,2]     [,3]      [,4]
[1,] -1.002217 -4.468689 23.68791 -45.09441

[[2]]
[1] 7.192228

GA | iter = 5 | Mean = 0.6015056 | Best = 7.1922285
-1.002217 -4.468689 23.68791 -45.09441[[1]]
          [,1]      [,2]     [,3]      [,4]
[1,] -1.002217 -4.468689 23.68791 -45.09441

[[2]]
[1] 7.192228

GA | iter = 6 | Mean = 0.6024182 | Best = 7.1922285
-1.002217 -4.468689 23.68791 -45.09441[[1]]
          [,1]      [,2]     [,3]      [,4]
[1,] -1.002217 -4.468689 23.68791 -45.09441

[[2]]
[1] 7.192228

GA | iter = 7 | Mean = 0.9882154 | Best = 7.1922285
-1.002217 -4.468689 23.68791 -45.09441[[1]]
          [,1]      [,2]     [,3]      [,4]
[1,] -1.002217 -4.468689 23.68791 -45.09441

[[2]]
[1] 7.192228

GA | iter = 8 | Mean = 1.094736 | Best = 7.192228
-1.002217 -4.468689 23.68791 -45.09441[[1]]
          [,1]      [,2]     [,3]      [,4]
[1,] -1.002217 -4.468689 23.68791 -45.09441

[[2]]
[1] 7.192228

GA | iter = 9 | Mean = 1.296238 | Best = 7.192228
-1.002217 -4.468689 23.68791 -45.09441[[1]]
          [,1]      [,2]     [,3]      [,4]
[1,] -1.002217 -4.468689 23.68791 -45.09441

[[2]]
[1] 7.192228

GA | iter = 10 | Mean = 1.302607 | Best = 7.192228
-1.002217 -4.468689 23.68791 -45.09441[[1]]
          [,1]      [,2]     [,3]      [,4]
[1,] -1.002217 -4.468689 23.68791 -45.09441

[[2]]
[1] 7.192228

GA | iter = 11 | Mean = 1.540529 | Best = 7.192228
0.1974057 4.488074 5.597399 -30.39897[[1]]
          [,1]     [,2]     [,3]      [,4]
[1,] 0.1974057 4.488074 5.597399 -30.39897

[[2]]
[1] 7.562095

GA | iter = 12 | Mean = 1.804938 | Best = 7.562095
0.1974057 4.488074 5.597399 -30.39897[[1]]
          [,1]     [,2]     [,3]      [,4]
[1,] 0.1974057 4.488074 5.597399 -30.39897

[[2]]
[1] 7.562095

GA | iter = 13 | Mean = 1.725461 | Best = 7.562095
0.1974057 4.488074 5.597399 -30.39897[[1]]
          [,1]     [,2]     [,3]      [,4]
[1,] 0.1974057 4.488074 5.597399 -30.39897

[[2]]
[1] 7.562095

GA | iter = 14 | Mean = 1.901769 | Best = 7.562095
0.1974057 4.488074 5.597399 -30.39897[[1]]
          [,1]     [,2]     [,3]      [,4]
[1,] 0.1974057 4.488074 5.597399 -30.39897

[[2]]
[1] 7.562095

GA | iter = 15 | Mean = 1.999227 | Best = 7.562095
0.1974057 4.488074 5.597399 -30.39897[[1]]
          [,1]     [,2]     [,3]      [,4]
[1,] 0.1974057 4.488074 5.597399 -30.39897

[[2]]
[1] 7.562095

GA | iter = 16 | Mean = 2.444066 | Best = 7.562095
0.1974057 4.488074 5.597399 -30.39897[[1]]
          [,1]     [,2]     [,3]      [,4]
[1,] 0.1974057 4.488074 5.597399 -30.39897

[[2]]
[1] 7.562095

GA | iter = 17 | Mean = 2.279180 | Best = 7.562095
0.1974057 4.488074 5.597399 -30.39897[[1]]
          [,1]     [,2]     [,3]      [,4]
[1,] 0.1974057 4.488074 5.597399 -30.39897

[[2]]
[1] 7.562095

GA | iter = 18 | Mean = 2.441147 | Best = 7.562095
0.1974057 4.488074 5.597399 -30.39897[[1]]
          [,1]     [,2]     [,3]      [,4]
[1,] 0.1974057 4.488074 5.597399 -30.39897

[[2]]
[1] 7.562095

GA | iter = 19 | Mean = 3.074962 | Best = 7.562095
0.1974057 4.488074 5.597399 -30.39897[[1]]
          [,1]     [,2]     [,3]      [,4]
[1,] 0.1974057 4.488074 5.597399 -30.39897

[[2]]
[1] 7.562095

GA | iter = 20 | Mean = 3.309668 | Best = 7.562095
0.3893673 -4.131791 18.94269 -45.89065[[1]]
          [,1]      [,2]     [,3]      [,4]
[1,] 0.3893673 -4.131791 18.94269 -45.89065

[[2]]
[1] 7.619522

GA | iter = 21 | Mean = 4.111086 | Best = 7.619522
0.3893673 -4.131791 18.94269 -45.89065[[1]]
          [,1]      [,2]     [,3]      [,4]
[1,] 0.3893673 -4.131791 18.94269 -45.89065

[[2]]
[1] 7.619522

GA | iter = 22 | Mean = 3.966449 | Best = 7.619522
0.3893673 -4.131791 18.94269 -45.89065[[1]]
          [,1]      [,2]     [,3]      [,4]
[1,] 0.3893673 -4.131791 18.94269 -45.89065

[[2]]
[1] 7.619522

GA | iter = 23 | Mean = 4.089375 | Best = 7.619522
-0.2379285 0.0952551 14.05008 -37.6132[[1]]
           [,1]      [,2]     [,3]     [,4]
[1,] -0.2379285 0.0952551 14.05008 -37.6132

[[2]]
[1] 7.665352

GA | iter = 24 | Mean = 4.838629 | Best = 7.665352
1.028786 -4.077934 15.82708 -39.5335[[1]]
         [,1]      [,2]     [,3]     [,4]
[1,] 1.028786 -4.077934 15.82708 -39.5335

[[2]]
[1] 7.666429

GA | iter = 25 | Mean = 4.999167 | Best = 7.666429
1.028786 -4.077934 15.82708 -39.5335[[1]]
         [,1]      [,2]     [,3]     [,4]
[1,] 1.028786 -4.077934 15.82708 -39.5335

[[2]]
[1] 7.666429

GA | iter = 26 | Mean = 4.864548 | Best = 7.666429
0.6883478 -4.020549 16.45339 -41.03686[[1]]
          [,1]      [,2]     [,3]      [,4]
[1,] 0.6883478 -4.020549 16.45339 -41.03686

[[2]]
[1] 7.725786

GA | iter = 27 | Mean = 5.209559 | Best = 7.725786
0.6883478 -4.020549 16.45339 -41.03686[[1]]
          [,1]      [,2]     [,3]      [,4]
[1,] 0.6883478 -4.020549 16.45339 -41.03686

[[2]]
[1] 7.725786

GA | iter = 28 | Mean = 4.895792 | Best = 7.725786
0.6883478 -4.020549 16.45339 -41.03686[[1]]
          [,1]      [,2]     [,3]      [,4]
[1,] 0.6883478 -4.020549 16.45339 -41.03686

[[2]]
[1] 7.725786

GA | iter = 29 | Mean = 5.615554 | Best = 7.725786
0.6883478 -4.020549 16.45339 -41.03686[[1]]
          [,1]      [,2]     [,3]      [,4]
[1,] 0.6883478 -4.020549 16.45339 -41.03686

[[2]]
[1] 7.725786

GA | iter = 30 | Mean = 5.716745 | Best = 7.725786
0.6883478 -4.020549 16.45339 -41.03686[[1]]
          [,1]      [,2]     [,3]      [,4]
[1,] 0.6883478 -4.020549 16.45339 -41.03686

[[2]]
[1] 7.725786

GA | iter = 31 | Mean = 5.640775 | Best = 7.725786
0.6883478 -4.020549 16.45339 -41.03686[[1]]
          [,1]      [,2]     [,3]      [,4]
[1,] 0.6883478 -4.020549 16.45339 -41.03686

[[2]]
[1] 7.725786

GA | iter = 32 | Mean = 5.383022 | Best = 7.725786
0.6883478 -4.020549 16.45339 -41.03686[[1]]
          [,1]      [,2]     [,3]      [,4]
[1,] 0.6883478 -4.020549 16.45339 -41.03686

[[2]]
[1] 7.725786

GA | iter = 33 | Mean = 6.011309 | Best = 7.725786
0.6883478 -4.020549 16.45339 -41.03686[[1]]
          [,1]      [,2]     [,3]      [,4]
[1,] 0.6883478 -4.020549 16.45339 -41.03686

[[2]]
[1] 7.725786

GA | iter = 34 | Mean = 5.419863 | Best = 7.725786
0.6883478 -4.020549 16.45339 -41.03686[[1]]
          [,1]      [,2]     [,3]      [,4]
[1,] 0.6883478 -4.020549 16.45339 -41.03686

[[2]]
[1] 7.725786

GA | iter = 35 | Mean = 5.401350 | Best = 7.725786
0.2890881 -3.291917 15.95851 -39.19015[[1]]
          [,1]      [,2]     [,3]      [,4]
[1,] 0.2890881 -3.291917 15.95851 -39.19015

[[2]]
[1] 7.735242

GA | iter = 36 | Mean = 5.178827 | Best = 7.735242
0.2890881 -3.291917 15.95851 -39.19015[[1]]
          [,1]      [,2]     [,3]      [,4]
[1,] 0.2890881 -3.291917 15.95851 -39.19015

[[2]]
[1] 7.735242

GA | iter = 37 | Mean = 5.502410 | Best = 7.735242
0.2890881 -3.291917 15.95851 -39.19015[[1]]
          [,1]      [,2]     [,3]      [,4]
[1,] 0.2890881 -3.291917 15.95851 -39.19015

[[2]]
[1] 7.735242

GA | iter = 38 | Mean = 5.440676 | Best = 7.735242
0.2890881 -3.291917 15.95851 -39.19015[[1]]
          [,1]      [,2]     [,3]      [,4]
[1,] 0.2890881 -3.291917 15.95851 -39.19015

[[2]]
[1] 7.735242

GA | iter = 39 | Mean = 5.705516 | Best = 7.735242
0.2890881 -3.291917 15.95851 -39.19015[[1]]
          [,1]      [,2]     [,3]      [,4]
[1,] 0.2890881 -3.291917 15.95851 -39.19015

[[2]]
[1] 7.735242

GA | iter = 40 | Mean = 5.932935 | Best = 7.735242
0.2890881 -3.291917 15.95851 -39.19015[[1]]
          [,1]      [,2]     [,3]      [,4]
[1,] 0.2890881 -3.291917 15.95851 -39.19015

[[2]]
[1] 7.735242

GA | iter = 41 | Mean = 5.245707 | Best = 7.735242
0.2890881 -3.291917 15.95851 -39.19015[[1]]
          [,1]      [,2]     [,3]      [,4]
[1,] 0.2890881 -3.291917 15.95851 -39.19015

[[2]]
[1] 7.735242

GA | iter = 42 | Mean = 5.416260 | Best = 7.735242
0.2890881 -3.291917 15.95851 -39.19015[[1]]
          [,1]      [,2]     [,3]      [,4]
[1,] 0.2890881 -3.291917 15.95851 -39.19015

[[2]]
[1] 7.735242

GA | iter = 43 | Mean = 4.728975 | Best = 7.735242
0.2890881 -3.291917 15.95851 -39.19015[[1]]
          [,1]      [,2]     [,3]      [,4]
[1,] 0.2890881 -3.291917 15.95851 -39.19015

[[2]]
[1] 7.735242

GA | iter = 44 | Mean = 5.314690 | Best = 7.735242
0.2890881 -3.291917 15.95851 -39.19015[[1]]
          [,1]      [,2]     [,3]      [,4]
[1,] 0.2890881 -3.291917 15.95851 -39.19015

[[2]]
[1] 7.735242

GA | iter = 45 | Mean = 5.510273 | Best = 7.735242
0.2890881 -3.291917 15.95851 -39.19015[[1]]
          [,1]      [,2]     [,3]      [,4]
[1,] 0.2890881 -3.291917 15.95851 -39.19015

[[2]]
[1] 7.735242

GA | iter = 46 | Mean = 5.120701 | Best = 7.735242
0.2890881 -3.291917 15.95851 -39.19015[[1]]
          [,1]      [,2]     [,3]      [,4]
[1,] 0.2890881 -3.291917 15.95851 -39.19015

[[2]]
[1] 7.735242

GA | iter = 47 | Mean = 5.860661 | Best = 7.735242
0.2890881 -3.291917 15.95851 -39.19015[[1]]
          [,1]      [,2]     [,3]      [,4]
[1,] 0.2890881 -3.291917 15.95851 -39.19015

[[2]]
[1] 7.735242

GA | iter = 48 | Mean = 5.532494 | Best = 7.735242
0.2890881 -3.291917 15.95851 -39.19015[[1]]
          [,1]      [,2]     [,3]      [,4]
[1,] 0.2890881 -3.291917 15.95851 -39.19015

[[2]]
[1] 7.735242

GA | iter = 49 | Mean = 5.873319 | Best = 7.735242
0.2890881 -3.291917 15.95851 -39.19015[[1]]
          [,1]      [,2]     [,3]      [,4]
[1,] 0.2890881 -3.291917 15.95851 -39.19015

[[2]]
[1] 7.735242

GA | iter = 50 | Mean = 5.832278 | Best = 7.735242
0.2890881 -3.291917 15.95851 -39.19015[[1]]
          [,1]      [,2]     [,3]      [,4]
[1,] 0.2890881 -3.291917 15.95851 -39.19015

[[2]]
[1] 7.735242

GA | iter = 51 | Mean = 5.634024 | Best = 7.735242
0.2890881 -3.291917 15.95851 -39.19015[[1]]
          [,1]      [,2]     [,3]      [,4]
[1,] 0.2890881 -3.291917 15.95851 -39.19015

[[2]]
[1] 7.735242

GA | iter = 52 | Mean = 5.583380 | Best = 7.735242
0.4501182 -3.113263 15.60508 -39.44989[[1]]
          [,1]      [,2]     [,3]      [,4]
[1,] 0.4501182 -3.113263 15.60508 -39.44989

[[2]]
[1] 7.740308

GA | iter = 53 | Mean = 5.530734 | Best = 7.740308
0.4501182 -3.113263 15.60508 -39.44989[[1]]
          [,1]      [,2]     [,3]      [,4]
[1,] 0.4501182 -3.113263 15.60508 -39.44989

[[2]]
[1] 7.740308

GA | iter = 54 | Mean = 5.757335 | Best = 7.740308
0.4119732 -3.176104 15.69152 -39.28529[[1]]
          [,1]      [,2]     [,3]      [,4]
[1,] 0.4119732 -3.176104 15.69152 -39.28529

[[2]]
[1] 7.742129

GA | iter = 55 | Mean = 5.889122 | Best = 7.742129
0.4119732 -3.176104 15.69152 -39.28529[[1]]
          [,1]      [,2]     [,3]      [,4]
[1,] 0.4119732 -3.176104 15.69152 -39.28529

[[2]]
[1] 7.742129

GA | iter = 56 | Mean = 5.441520 | Best = 7.742129
0.4119732 -3.176104 15.69152 -39.28529[[1]]
          [,1]      [,2]     [,3]      [,4]
[1,] 0.4119732 -3.176104 15.69152 -39.28529

[[2]]
[1] 7.742129

GA | iter = 57 | Mean = 5.736706 | Best = 7.742129
0.4119732 -3.176104 15.69152 -39.28529[[1]]
          [,1]      [,2]     [,3]      [,4]
[1,] 0.4119732 -3.176104 15.69152 -39.28529

[[2]]
[1] 7.742129

GA | iter = 58 | Mean = 5.039028 | Best = 7.742129
0.4119732 -3.176104 15.69152 -39.28529[[1]]
          [,1]      [,2]     [,3]      [,4]
[1,] 0.4119732 -3.176104 15.69152 -39.28529

[[2]]
[1] 7.742129

GA | iter = 59 | Mean = 5.622194 | Best = 7.742129
0.4119732 -3.176104 15.69152 -39.28529[[1]]
          [,1]      [,2]     [,3]      [,4]
[1,] 0.4119732 -3.176104 15.69152 -39.28529

[[2]]
[1] 7.742129

GA | iter = 60 | Mean = 5.664368 | Best = 7.742129
0.4119732 -3.176104 15.69152 -39.28529[[1]]
          [,1]      [,2]     [,3]      [,4]
[1,] 0.4119732 -3.176104 15.69152 -39.28529

[[2]]
[1] 7.742129

GA | iter = 61 | Mean = 6.154000 | Best = 7.742129
0.4119732 -3.176104 15.69152 -39.28529[[1]]
          [,1]      [,2]     [,3]      [,4]
[1,] 0.4119732 -3.176104 15.69152 -39.28529

[[2]]
[1] 7.742129

GA | iter = 62 | Mean = 6.200760 | Best = 7.742129
0.4119732 -3.176104 15.69152 -39.28529[[1]]
          [,1]      [,2]     [,3]      [,4]
[1,] 0.4119732 -3.176104 15.69152 -39.28529

[[2]]
[1] 7.742129

GA | iter = 63 | Mean = 5.671279 | Best = 7.742129
0.4119732 -3.176104 15.69152 -39.28529[[1]]
          [,1]      [,2]     [,3]      [,4]
[1,] 0.4119732 -3.176104 15.69152 -39.28529

[[2]]
[1] 7.742129

GA | iter = 64 | Mean = 6.150545 | Best = 7.742129
0.477813 -3.183676 15.60882 -39.06588[[1]]
         [,1]      [,2]     [,3]      [,4]
[1,] 0.477813 -3.183676 15.60882 -39.06588

[[2]]
[1] 7.742392

GA | iter = 65 | Mean = 5.711650 | Best = 7.742392
0.477813 -3.183676 15.60882 -39.06588[[1]]
         [,1]      [,2]     [,3]      [,4]
[1,] 0.477813 -3.183676 15.60882 -39.06588

[[2]]
[1] 7.742392

GA | iter = 66 | Mean = 5.658967 | Best = 7.742392
0.477813 -3.183676 15.60882 -39.06588[[1]]
         [,1]      [,2]     [,3]      [,4]
[1,] 0.477813 -3.183676 15.60882 -39.06588

[[2]]
[1] 7.742392

GA | iter = 67 | Mean = 5.201989 | Best = 7.742392
0.4558664 -3.162292 15.60246 -38.99101[[1]]
          [,1]      [,2]     [,3]      [,4]
[1,] 0.4558664 -3.162292 15.60246 -38.99101

[[2]]
[1] 7.743668

GA | iter = 68 | Mean = 6.140006 | Best = 7.743668
0.4558664 -3.162292 15.60246 -38.99101[[1]]
          [,1]      [,2]     [,3]      [,4]
[1,] 0.4558664 -3.162292 15.60246 -38.99101

[[2]]
[1] 7.743668

GA | iter = 69 | Mean = 4.911287 | Best = 7.743668
0.4119871 -3.171611 15.61535 -38.71548[[1]]
          [,1]      [,2]     [,3]      [,4]
[1,] 0.4119871 -3.171611 15.61535 -38.71548

[[2]]
[1] 7.746968

GA | iter = 70 | Mean = 5.452552 | Best = 7.746968
0.4119871 -3.171611 15.61535 -38.71548[[1]]
          [,1]      [,2]     [,3]      [,4]
[1,] 0.4119871 -3.171611 15.61535 -38.71548

[[2]]
[1] 7.746968

GA | iter = 71 | Mean = 5.548694 | Best = 7.746968
0.4119871 -3.171611 15.61535 -38.71548[[1]]
          [,1]      [,2]     [,3]      [,4]
[1,] 0.4119871 -3.171611 15.61535 -38.71548

[[2]]
[1] 7.746968

GA | iter = 72 | Mean = 5.464390 | Best = 7.746968
0.4119871 -3.171611 15.61535 -38.71548[[1]]
          [,1]      [,2]     [,3]      [,4]
[1,] 0.4119871 -3.171611 15.61535 -38.71548

[[2]]
[1] 7.746968

GA | iter = 73 | Mean = 5.334573 | Best = 7.746968
0.4119871 -3.171611 15.61535 -38.71548[[1]]
          [,1]      [,2]     [,3]      [,4]
[1,] 0.4119871 -3.171611 15.61535 -38.71548

[[2]]
[1] 7.746968

GA | iter = 74 | Mean = 5.383689 | Best = 7.746968
0.4119871 -3.171611 15.61535 -38.71548[[1]]
          [,1]      [,2]     [,3]      [,4]
[1,] 0.4119871 -3.171611 15.61535 -38.71548

[[2]]
[1] 7.746968

GA | iter = 75 | Mean = 5.515019 | Best = 7.746968
0.4119871 -3.171611 15.61535 -38.71548[[1]]
          [,1]      [,2]     [,3]      [,4]
[1,] 0.4119871 -3.171611 15.61535 -38.71548

[[2]]
[1] 7.746968

GA | iter = 76 | Mean = 5.804492 | Best = 7.746968
0.4119871 -3.171611 15.61535 -38.71548[[1]]
          [,1]      [,2]     [,3]      [,4]
[1,] 0.4119871 -3.171611 15.61535 -38.71548

[[2]]
[1] 7.746968

GA | iter = 77 | Mean = 5.742661 | Best = 7.746968
0.4119871 -3.171611 15.61535 -38.71548[[1]]
          [,1]      [,2]     [,3]      [,4]
[1,] 0.4119871 -3.171611 15.61535 -38.71548

[[2]]
[1] 7.746968

GA | iter = 78 | Mean = 6.092534 | Best = 7.746968
0.4119871 -3.171611 15.61535 -38.71548[[1]]
          [,1]      [,2]     [,3]      [,4]
[1,] 0.4119871 -3.171611 15.61535 -38.71548

[[2]]
[1] 7.746968

GA | iter = 79 | Mean = 5.420033 | Best = 7.746968
0.4119871 -3.171611 15.61535 -38.71548[[1]]
          [,1]      [,2]     [,3]      [,4]
[1,] 0.4119871 -3.171611 15.61535 -38.71548

[[2]]
[1] 7.746968

GA | iter = 80 | Mean = 5.790322 | Best = 7.746968
0.4119871 -3.171611 15.61535 -38.71548[[1]]
          [,1]      [,2]     [,3]      [,4]
[1,] 0.4119871 -3.171611 15.61535 -38.71548

[[2]]
[1] 7.746968

GA | iter = 81 | Mean = 5.366574 | Best = 7.746968
0.4119871 -3.171611 15.61535 -38.71548[[1]]
          [,1]      [,2]     [,3]      [,4]
[1,] 0.4119871 -3.171611 15.61535 -38.71548

[[2]]
[1] 7.746968

GA | iter = 82 | Mean = 5.623346 | Best = 7.746968
0.4119871 -3.171611 15.61535 -38.71548[[1]]
          [,1]      [,2]     [,3]      [,4]
[1,] 0.4119871 -3.171611 15.61535 -38.71548

[[2]]
[1] 7.746968

GA | iter = 83 | Mean = 5.348378 | Best = 7.746968
0.4119871 -3.171611 15.61535 -38.71548[[1]]
          [,1]      [,2]     [,3]      [,4]
[1,] 0.4119871 -3.171611 15.61535 -38.71548

[[2]]
[1] 7.746968

GA | iter = 84 | Mean = 5.933314 | Best = 7.746968
0.3877201 -3.140555 15.61455 -38.80852[[1]]
          [,1]      [,2]     [,3]      [,4]
[1,] 0.3877201 -3.140555 15.61455 -38.80852

[[2]]
[1] 7.747134

GA | iter = 85 | Mean = 5.585296 | Best = 7.747134
0.432153 -3.025799 15.32944 -39.01389[[1]]
         [,1]      [,2]     [,3]      [,4]
[1,] 0.432153 -3.025799 15.32944 -39.01389

[[2]]
[1] 7.747765

GA | iter = 86 | Mean = 5.265513 | Best = 7.747765
0.432153 -3.025799 15.32944 -39.01389[[1]]
         [,1]      [,2]     [,3]      [,4]
[1,] 0.432153 -3.025799 15.32944 -39.01389

[[2]]
[1] 7.747765

GA | iter = 87 | Mean = 6.124869 | Best = 7.747765
0.432153 -3.025799 15.32944 -39.01389[[1]]
         [,1]      [,2]     [,3]      [,4]
[1,] 0.432153 -3.025799 15.32944 -39.01389

[[2]]
[1] 7.747765

GA | iter = 88 | Mean = 5.805040 | Best = 7.747765
0.432153 -3.025799 15.32944 -39.01389[[1]]
         [,1]      [,2]     [,3]      [,4]
[1,] 0.432153 -3.025799 15.32944 -39.01389

[[2]]
[1] 7.747765

GA | iter = 89 | Mean = 5.555027 | Best = 7.747765
0.4038327 -3.121719 15.39463 -38.85107[[1]]
          [,1]      [,2]     [,3]      [,4]
[1,] 0.4038327 -3.121719 15.39463 -38.85107

[[2]]
[1] 7.749184

GA | iter = 90 | Mean = 5.356161 | Best = 7.749184
0.4038327 -3.121719 15.39463 -38.85107[[1]]
          [,1]      [,2]     [,3]      [,4]
[1,] 0.4038327 -3.121719 15.39463 -38.85107

[[2]]
[1] 7.749184

GA | iter = 91 | Mean = 5.222234 | Best = 7.749184
0.4038327 -3.121719 15.39463 -38.85107[[1]]
          [,1]      [,2]     [,3]      [,4]
[1,] 0.4038327 -3.121719 15.39463 -38.85107

[[2]]
[1] 7.749184

GA | iter = 92 | Mean = 6.120345 | Best = 7.749184
0.4038327 -3.121719 15.39463 -38.85107[[1]]
          [,1]      [,2]     [,3]      [,4]
[1,] 0.4038327 -3.121719 15.39463 -38.85107

[[2]]
[1] 7.749184

GA | iter = 93 | Mean = 4.844945 | Best = 7.749184
0.4038327 -3.121719 15.39463 -38.85107[[1]]
          [,1]      [,2]     [,3]      [,4]
[1,] 0.4038327 -3.121719 15.39463 -38.85107

[[2]]
[1] 7.749184

GA | iter = 94 | Mean = 4.734627 | Best = 7.749184
0.4038327 -3.121719 15.39463 -38.85107[[1]]
          [,1]      [,2]     [,3]      [,4]
[1,] 0.4038327 -3.121719 15.39463 -38.85107

[[2]]
[1] 7.749184

GA | iter = 95 | Mean = 5.545607 | Best = 7.749184
0.4038327 -3.121719 15.39463 -38.85107[[1]]
          [,1]      [,2]     [,3]      [,4]
[1,] 0.4038327 -3.121719 15.39463 -38.85107

[[2]]
[1] 7.749184

GA | iter = 96 | Mean = 5.703410 | Best = 7.749184
0.4038327 -3.121719 15.39463 -38.85107[[1]]
          [,1]      [,2]     [,3]      [,4]
[1,] 0.4038327 -3.121719 15.39463 -38.85107

[[2]]
[1] 7.749184

GA | iter = 97 | Mean = 5.368816 | Best = 7.749184
0.4038327 -3.121719 15.39463 -38.85107[[1]]
          [,1]      [,2]     [,3]      [,4]
[1,] 0.4038327 -3.121719 15.39463 -38.85107

[[2]]
[1] 7.749184

GA | iter = 98 | Mean = 5.342752 | Best = 7.749184
0.4038327 -3.121719 15.39463 -38.85107[[1]]
          [,1]      [,2]     [,3]      [,4]
[1,] 0.4038327 -3.121719 15.39463 -38.85107

[[2]]
[1] 7.749184

GA | iter = 99 | Mean = 5.853745 | Best = 7.749184
0.4038327 -3.121719 15.39463 -38.85107[[1]]
          [,1]      [,2]     [,3]      [,4]
[1,] 0.4038327 -3.121719 15.39463 -38.85107

[[2]]
[1] 7.749184

GA | iter = 100 | Mean = 5.560808 | Best = 7.749184
0.4038327 -3.121719 15.39463 -38.85107[[1]]
          [,1]      [,2]     [,3]      [,4]
[1,] 0.4038327 -3.121719 15.39463 -38.85107

[[2]]
[1] 7.749184

GA | iter = 101 | Mean = 5.809012 | Best = 7.749184
0.4038327 -3.121719 15.39463 -38.85107[[1]]
          [,1]      [,2]     [,3]      [,4]
[1,] 0.4038327 -3.121719 15.39463 -38.85107

[[2]]
[1] 7.749184

GA | iter = 102 | Mean = 6.002595 | Best = 7.749184
0.4038327 -3.121719 15.39463 -38.85107[[1]]
          [,1]      [,2]     [,3]      [,4]
[1,] 0.4038327 -3.121719 15.39463 -38.85107

[[2]]
[1] 7.749184

GA | iter = 103 | Mean = 5.870805 | Best = 7.749184
0.4038327 -3.121719 15.39463 -38.85107[[1]]
          [,1]      [,2]     [,3]      [,4]
[1,] 0.4038327 -3.121719 15.39463 -38.85107

[[2]]
[1] 7.749184

GA | iter = 104 | Mean = 5.514499 | Best = 7.749184
0.4038327 -3.121719 15.39463 -38.85107[[1]]
          [,1]      [,2]     [,3]      [,4]
[1,] 0.4038327 -3.121719 15.39463 -38.85107

[[2]]
[1] 7.749184

GA | iter = 105 | Mean = 5.223565 | Best = 7.749184
0.4038327 -3.121719 15.39463 -38.85107[[1]]
          [,1]      [,2]     [,3]      [,4]
[1,] 0.4038327 -3.121719 15.39463 -38.85107

[[2]]
[1] 7.749184

GA | iter = 106 | Mean = 5.492622 | Best = 7.749184
0.4219701 -3.116158 15.43047 -38.8542[[1]]
          [,1]      [,2]     [,3]     [,4]
[1,] 0.4219701 -3.116158 15.43047 -38.8542

[[2]]
[1] 7.75007

GA | iter = 107 | Mean = 5.697704 | Best = 7.750070
0.4219701 -3.116158 15.43047 -38.8542[[1]]
          [,1]      [,2]     [,3]     [,4]
[1,] 0.4219701 -3.116158 15.43047 -38.8542

[[2]]
[1] 7.75007

GA | iter = 108 | Mean = 5.735066 | Best = 7.750070
0.4219701 -3.116158 15.43047 -38.8542[[1]]
          [,1]      [,2]     [,3]     [,4]
[1,] 0.4219701 -3.116158 15.43047 -38.8542

[[2]]
[1] 7.75007

GA | iter = 109 | Mean = 5.533716 | Best = 7.750070
0.4219701 -3.116158 15.43047 -38.8542[[1]]
          [,1]      [,2]     [,3]     [,4]
[1,] 0.4219701 -3.116158 15.43047 -38.8542

[[2]]
[1] 7.75007

GA | iter = 110 | Mean = 5.241625 | Best = 7.750070
0.4219701 -3.116158 15.43047 -38.8542[[1]]
          [,1]      [,2]     [,3]     [,4]
[1,] 0.4219701 -3.116158 15.43047 -38.8542

[[2]]
[1] 7.75007

GA | iter = 111 | Mean = 5.213168 | Best = 7.750070
0.4219701 -3.116158 15.43047 -38.8542[[1]]
          [,1]      [,2]     [,3]     [,4]
[1,] 0.4219701 -3.116158 15.43047 -38.8542

[[2]]
[1] 7.75007

GA | iter = 112 | Mean = 6.054904 | Best = 7.750070
1.463741 -5.533009 15.42129 -39.03727[[1]]
         [,1]      [,2]     [,3]      [,4]
[1,] 1.463741 -5.533009 15.42129 -39.03727

[[2]]
[1] 7.775125

GA | iter = 113 | Mean = 5.127831 | Best = 7.775125
1.463741 -5.533009 15.42129 -39.03727[[1]]
         [,1]      [,2]     [,3]      [,4]
[1,] 1.463741 -5.533009 15.42129 -39.03727

[[2]]
[1] 7.775125

GA | iter = 114 | Mean = 5.382419 | Best = 7.775125
1.463741 -5.533009 15.42129 -39.03727[[1]]
         [,1]      [,2]     [,3]      [,4]
[1,] 1.463741 -5.533009 15.42129 -39.03727

[[2]]
[1] 7.775125

GA | iter = 115 | Mean = 5.373736 | Best = 7.775125
1.463741 -5.533009 15.42129 -39.03727[[1]]
         [,1]      [,2]     [,3]      [,4]
[1,] 1.463741 -5.533009 15.42129 -39.03727

[[2]]
[1] 7.775125

GA | iter = 116 | Mean = 5.473744 | Best = 7.775125
1.463741 -5.533009 15.42129 -39.03727[[1]]
         [,1]      [,2]     [,3]      [,4]
[1,] 1.463741 -5.533009 15.42129 -39.03727

[[2]]
[1] 7.775125

GA | iter = 117 | Mean = 5.491747 | Best = 7.775125
1.463741 -5.533009 15.42129 -39.03727[[1]]
         [,1]      [,2]     [,3]      [,4]
[1,] 1.463741 -5.533009 15.42129 -39.03727

[[2]]
[1] 7.775125

GA | iter = 118 | Mean = 5.181523 | Best = 7.775125
1.463741 -5.533009 15.42129 -39.03727[[1]]
         [,1]      [,2]     [,3]      [,4]
[1,] 1.463741 -5.533009 15.42129 -39.03727

[[2]]
[1] 7.775125

GA | iter = 119 | Mean = 5.637731 | Best = 7.775125
1.284157 -5.347443 15.42525 -39.0279[[1]]
         [,1]      [,2]     [,3]     [,4]
[1,] 1.284157 -5.347443 15.42525 -39.0279

[[2]]
[1] 7.785762

GA | iter = 120 | Mean = 5.607072 | Best = 7.785762
1.284157 -5.347443 15.42525 -39.0279[[1]]
         [,1]      [,2]     [,3]     [,4]
[1,] 1.284157 -5.347443 15.42525 -39.0279

[[2]]
[1] 7.785762

GA | iter = 121 | Mean = 5.524467 | Best = 7.785762
1.284157 -5.347443 15.42525 -39.0279[[1]]
         [,1]      [,2]     [,3]     [,4]
[1,] 1.284157 -5.347443 15.42525 -39.0279

[[2]]
[1] 7.785762

GA | iter = 122 | Mean = 5.371591 | Best = 7.785762
1.284157 -5.347443 15.42525 -39.0279[[1]]
         [,1]      [,2]     [,3]     [,4]
[1,] 1.284157 -5.347443 15.42525 -39.0279

[[2]]
[1] 7.785762

GA | iter = 123 | Mean = 6.060722 | Best = 7.785762
1.284157 -5.347443 15.42525 -39.0279[[1]]
         [,1]      [,2]     [,3]     [,4]
[1,] 1.284157 -5.347443 15.42525 -39.0279

[[2]]
[1] 7.785762

GA | iter = 124 | Mean = 5.561934 | Best = 7.785762
1.284157 -5.347443 15.42525 -39.0279[[1]]
         [,1]      [,2]     [,3]     [,4]
[1,] 1.284157 -5.347443 15.42525 -39.0279

[[2]]
[1] 7.785762

GA | iter = 125 | Mean = 5.570316 | Best = 7.785762
1.284157 -5.347443 15.42525 -39.0279[[1]]
         [,1]      [,2]     [,3]     [,4]
[1,] 1.284157 -5.347443 15.42525 -39.0279

[[2]]
[1] 7.785762

GA | iter = 126 | Mean = 5.319892 | Best = 7.785762
1.284157 -5.347443 15.42525 -39.0279[[1]]
         [,1]      [,2]     [,3]     [,4]
[1,] 1.284157 -5.347443 15.42525 -39.0279

[[2]]
[1] 7.785762

GA | iter = 127 | Mean = 5.608382 | Best = 7.785762
1.284157 -5.347443 15.42525 -39.0279[[1]]
         [,1]      [,2]     [,3]     [,4]
[1,] 1.284157 -5.347443 15.42525 -39.0279

[[2]]
[1] 7.785762

GA | iter = 128 | Mean = 5.719423 | Best = 7.785762
1.284157 -5.347443 15.42525 -39.0279[[1]]
         [,1]      [,2]     [,3]     [,4]
[1,] 1.284157 -5.347443 15.42525 -39.0279

[[2]]
[1] 7.785762

GA | iter = 129 | Mean = 6.260109 | Best = 7.785762
1.284157 -5.347443 15.42525 -39.0279[[1]]
         [,1]      [,2]     [,3]     [,4]
[1,] 1.284157 -5.347443 15.42525 -39.0279

[[2]]
[1] 7.785762

GA | iter = 130 | Mean = 5.593166 | Best = 7.785762
1.284157 -5.347443 15.42525 -39.0279[[1]]
         [,1]      [,2]     [,3]     [,4]
[1,] 1.284157 -5.347443 15.42525 -39.0279

[[2]]
[1] 7.785762

GA | iter = 131 | Mean = 5.929270 | Best = 7.785762
1.284157 -5.347443 15.42525 -39.0279[[1]]
         [,1]      [,2]     [,3]     [,4]
[1,] 1.284157 -5.347443 15.42525 -39.0279

[[2]]
[1] 7.785762

GA | iter = 132 | Mean = 5.794128 | Best = 7.785762
1.284157 -5.347443 15.42525 -39.0279[[1]]
         [,1]      [,2]     [,3]     [,4]
[1,] 1.284157 -5.347443 15.42525 -39.0279

[[2]]
[1] 7.785762

GA | iter = 133 | Mean = 5.881455 | Best = 7.785762
1.284157 -5.347443 15.42525 -39.0279[[1]]
         [,1]      [,2]     [,3]     [,4]
[1,] 1.284157 -5.347443 15.42525 -39.0279

[[2]]
[1] 7.785762

GA | iter = 134 | Mean = 5.336826 | Best = 7.785762
1.284157 -5.347443 15.42525 -39.0279[[1]]
         [,1]      [,2]     [,3]     [,4]
[1,] 1.284157 -5.347443 15.42525 -39.0279

[[2]]
[1] 7.785762

GA | iter = 135 | Mean = 6.153329 | Best = 7.785762
1.284157 -5.347443 15.42525 -39.0279[[1]]
         [,1]      [,2]     [,3]     [,4]
[1,] 1.284157 -5.347443 15.42525 -39.0279

[[2]]
[1] 7.785762

GA | iter = 136 | Mean = 6.174058 | Best = 7.785762
1.274133 -5.3616 15.42647 -38.99845[[1]]
         [,1]    [,2]     [,3]      [,4]
[1,] 1.274133 -5.3616 15.42647 -38.99845

[[2]]
[1] 7.785851

GA | iter = 137 | Mean = 5.248128 | Best = 7.785851
1.274133 -5.3616 15.42647 -38.99845[[1]]
         [,1]    [,2]     [,3]      [,4]
[1,] 1.274133 -5.3616 15.42647 -38.99845

[[2]]
[1] 7.785851

GA | iter = 138 | Mean = 4.573044 | Best = 7.785851
1.274133 -5.3616 15.42647 -38.99845[[1]]
         [,1]    [,2]     [,3]      [,4]
[1,] 1.274133 -5.3616 15.42647 -38.99845

[[2]]
[1] 7.785851

GA | iter = 139 | Mean = 5.986894 | Best = 7.785851
1.274133 -5.3616 15.42647 -38.99845[[1]]
         [,1]    [,2]     [,3]      [,4]
[1,] 1.274133 -5.3616 15.42647 -38.99845

[[2]]
[1] 7.785851

GA | iter = 140 | Mean = 5.106083 | Best = 7.785851
1.274133 -5.3616 15.42647 -38.99845[[1]]
         [,1]    [,2]     [,3]      [,4]
[1,] 1.274133 -5.3616 15.42647 -38.99845

[[2]]
[1] 7.785851

GA | iter = 141 | Mean = 5.829010 | Best = 7.785851
1.347868 -5.45879 15.43509 -39.03651[[1]]
         [,1]     [,2]     [,3]      [,4]
[1,] 1.347868 -5.45879 15.43509 -39.03651

[[2]]
[1] 7.786161

GA | iter = 142 | Mean = 5.614148 | Best = 7.786161
1.347868 -5.45879 15.43509 -39.03651[[1]]
         [,1]     [,2]     [,3]      [,4]
[1,] 1.347868 -5.45879 15.43509 -39.03651

[[2]]
[1] 7.786161

GA | iter = 143 | Mean = 5.473714 | Best = 7.786161
1.347868 -5.45879 15.43509 -39.03651[[1]]
         [,1]     [,2]     [,3]      [,4]
[1,] 1.347868 -5.45879 15.43509 -39.03651

[[2]]
[1] 7.786161

GA | iter = 144 | Mean = 5.319010 | Best = 7.786161
1.303448 -5.248523 15.25287 -39.02629[[1]]
         [,1]      [,2]     [,3]      [,4]
[1,] 1.303448 -5.248523 15.25287 -39.02629

[[2]]
[1] 7.789041

GA | iter = 145 | Mean = 5.751674 | Best = 7.789041
1.303448 -5.248523 15.25287 -39.02629[[1]]
         [,1]      [,2]     [,3]      [,4]
[1,] 1.303448 -5.248523 15.25287 -39.02629

[[2]]
[1] 7.789041

GA | iter = 146 | Mean = 5.164900 | Best = 7.789041
1.303448 -5.248523 15.25287 -39.02629[[1]]
         [,1]      [,2]     [,3]      [,4]
[1,] 1.303448 -5.248523 15.25287 -39.02629

[[2]]
[1] 7.789041

GA | iter = 147 | Mean = 5.291101 | Best = 7.789041
1.303448 -5.248523 15.25287 -39.02629[[1]]
         [,1]      [,2]     [,3]      [,4]
[1,] 1.303448 -5.248523 15.25287 -39.02629

[[2]]
[1] 7.789041

GA | iter = 148 | Mean = 5.024483 | Best = 7.789041
1.303448 -5.248523 15.25287 -39.02629[[1]]
         [,1]      [,2]     [,3]      [,4]
[1,] 1.303448 -5.248523 15.25287 -39.02629

[[2]]
[1] 7.789041

GA | iter = 149 | Mean = 5.920595 | Best = 7.789041
1.303448 -5.248523 15.25287 -39.02629[[1]]
         [,1]      [,2]     [,3]      [,4]
[1,] 1.303448 -5.248523 15.25287 -39.02629

[[2]]
[1] 7.789041

GA | iter = 150 | Mean = 6.128903 | Best = 7.789041
1.303448 -5.248523 15.25287 -39.02629[[1]]
         [,1]      [,2]     [,3]      [,4]
[1,] 1.303448 -5.248523 15.25287 -39.02629

[[2]]
[1] 7.789041

GA | iter = 151 | Mean = 5.963410 | Best = 7.789041
1.303448 -5.248523 15.25287 -39.02629[[1]]
         [,1]      [,2]     [,3]      [,4]
[1,] 1.303448 -5.248523 15.25287 -39.02629

[[2]]
[1] 7.789041

GA | iter = 152 | Mean = 5.967487 | Best = 7.789041
1.294243 -5.276904 15.27396 -38.90014[[1]]
         [,1]      [,2]     [,3]      [,4]
[1,] 1.294243 -5.276904 15.27396 -38.90014

[[2]]
[1] 7.789388

GA | iter = 153 | Mean = 5.765443 | Best = 7.789388
1.294243 -5.276904 15.27396 -38.90014[[1]]
         [,1]      [,2]     [,3]      [,4]
[1,] 1.294243 -5.276904 15.27396 -38.90014

[[2]]
[1] 7.789388

GA | iter = 154 | Mean = 6.080517 | Best = 7.789388
1.294243 -5.276904 15.27396 -38.90014[[1]]
         [,1]      [,2]     [,3]      [,4]
[1,] 1.294243 -5.276904 15.27396 -38.90014

[[2]]
[1] 7.789388

GA | iter = 155 | Mean = 5.883312 | Best = 7.789388
1.294243 -5.276904 15.27396 -38.90014[[1]]
         [,1]      [,2]     [,3]      [,4]
[1,] 1.294243 -5.276904 15.27396 -38.90014

[[2]]
[1] 7.789388

GA | iter = 156 | Mean = 5.624213 | Best = 7.789388
1.294243 -5.276904 15.27396 -38.90014[[1]]
         [,1]      [,2]     [,3]      [,4]
[1,] 1.294243 -5.276904 15.27396 -38.90014

[[2]]
[1] 7.789388

GA | iter = 157 | Mean = 6.100061 | Best = 7.789388
1.294243 -5.276904 15.27396 -38.90014[[1]]
         [,1]      [,2]     [,3]      [,4]
[1,] 1.294243 -5.276904 15.27396 -38.90014

[[2]]
[1] 7.789388

GA | iter = 158 | Mean = 5.605397 | Best = 7.789388
1.294243 -5.276904 15.27396 -38.90014[[1]]
         [,1]      [,2]     [,3]      [,4]
[1,] 1.294243 -5.276904 15.27396 -38.90014

[[2]]
[1] 7.789388

GA | iter = 159 | Mean = 5.669691 | Best = 7.789388
1.294243 -5.276904 15.27396 -38.90014[[1]]
         [,1]      [,2]     [,3]      [,4]
[1,] 1.294243 -5.276904 15.27396 -38.90014

[[2]]
[1] 7.789388

GA | iter = 160 | Mean = 6.122683 | Best = 7.789388
1.294243 -5.276904 15.27396 -38.90014[[1]]
         [,1]      [,2]     [,3]      [,4]
[1,] 1.294243 -5.276904 15.27396 -38.90014

[[2]]
[1] 7.789388

GA | iter = 161 | Mean = 5.581689 | Best = 7.789388
1.44812 -5.597801 15.32834 -39.01778[[1]]
        [,1]      [,2]     [,3]      [,4]
[1,] 1.44812 -5.597801 15.32834 -39.01778

[[2]]
[1] 7.790082

GA | iter = 162 | Mean = 5.980089 | Best = 7.790082
1.44812 -5.597801 15.32834 -39.01778[[1]]
        [,1]      [,2]     [,3]      [,4]
[1,] 1.44812 -5.597801 15.32834 -39.01778

[[2]]
[1] 7.790082

GA | iter = 163 | Mean = 6.176776 | Best = 7.790082
1.427445 -5.619455 15.31919 -39.01361[[1]]
         [,1]      [,2]     [,3]      [,4]
[1,] 1.427445 -5.619455 15.31919 -39.01361

[[2]]
[1] 7.792309

GA | iter = 164 | Mean = 5.529438 | Best = 7.792309
1.436777 -5.726695 15.34231 -39.01399[[1]]
         [,1]      [,2]     [,3]      [,4]
[1,] 1.436777 -5.726695 15.34231 -39.01399

[[2]]
[1] 7.79281

GA | iter = 165 | Mean = 5.514382 | Best = 7.792810
1.436777 -5.726695 15.34231 -39.01399[[1]]
         [,1]      [,2]     [,3]      [,4]
[1,] 1.436777 -5.726695 15.34231 -39.01399

[[2]]
[1] 7.79281

GA | iter = 166 | Mean = 5.533319 | Best = 7.792810
1.436777 -5.726695 15.34231 -39.01399[[1]]
         [,1]      [,2]     [,3]      [,4]
[1,] 1.436777 -5.726695 15.34231 -39.01399

[[2]]
[1] 7.79281

GA | iter = 167 | Mean = 5.547333 | Best = 7.792810
1.436777 -5.726695 15.34231 -39.01399[[1]]
         [,1]      [,2]     [,3]      [,4]
[1,] 1.436777 -5.726695 15.34231 -39.01399

[[2]]
[1] 7.79281

GA | iter = 168 | Mean = 5.760883 | Best = 7.792810
1.436777 -5.726695 15.34231 -39.01399[[1]]
         [,1]      [,2]     [,3]      [,4]
[1,] 1.436777 -5.726695 15.34231 -39.01399

[[2]]
[1] 7.79281

GA | iter = 169 | Mean = 5.899148 | Best = 7.792810
1.436777 -5.726695 15.34231 -39.01399[[1]]
         [,1]      [,2]     [,3]      [,4]
[1,] 1.436777 -5.726695 15.34231 -39.01399

[[2]]
[1] 7.79281

GA | iter = 170 | Mean = 5.32326 | Best = 7.79281
1.436777 -5.726695 15.34231 -39.01399[[1]]
         [,1]      [,2]     [,3]      [,4]
[1,] 1.436777 -5.726695 15.34231 -39.01399

[[2]]
[1] 7.79281

GA | iter = 171 | Mean = 5.949614 | Best = 7.792810
1.436777 -5.726695 15.34231 -39.01399[[1]]
         [,1]      [,2]     [,3]      [,4]
[1,] 1.436777 -5.726695 15.34231 -39.01399

[[2]]
[1] 7.79281

GA | iter = 172 | Mean = 5.710399 | Best = 7.792810
1.436777 -5.726695 15.34231 -39.01399[[1]]
         [,1]      [,2]     [,3]      [,4]
[1,] 1.436777 -5.726695 15.34231 -39.01399

[[2]]
[1] 7.79281

GA | iter = 173 | Mean = 5.959328 | Best = 7.792810
1.436777 -5.726695 15.34231 -39.01399[[1]]
         [,1]      [,2]     [,3]      [,4]
[1,] 1.436777 -5.726695 15.34231 -39.01399

[[2]]
[1] 7.79281

GA | iter = 174 | Mean = 6.202705 | Best = 7.792810
1.436777 -5.726695 15.34231 -39.01399[[1]]
         [,1]      [,2]     [,3]      [,4]
[1,] 1.436777 -5.726695 15.34231 -39.01399

[[2]]
[1] 7.79281

GA | iter = 175 | Mean = 5.868042 | Best = 7.792810
1.436777 -5.726695 15.34231 -39.01399[[1]]
         [,1]      [,2]     [,3]      [,4]
[1,] 1.436777 -5.726695 15.34231 -39.01399

[[2]]
[1] 7.79281

GA | iter = 176 | Mean = 5.960566 | Best = 7.792810
1.436777 -5.726695 15.34231 -39.01399[[1]]
         [,1]      [,2]     [,3]      [,4]
[1,] 1.436777 -5.726695 15.34231 -39.01399

[[2]]
[1] 7.79281

GA | iter = 177 | Mean = 5.686305 | Best = 7.792810
1.436777 -5.726695 15.34231 -39.01399[[1]]
         [,1]      [,2]     [,3]      [,4]
[1,] 1.436777 -5.726695 15.34231 -39.01399

[[2]]
[1] 7.79281

GA | iter = 178 | Mean = 6.255588 | Best = 7.792810
1.436777 -5.726695 15.34231 -39.01399[[1]]
         [,1]      [,2]     [,3]      [,4]
[1,] 1.436777 -5.726695 15.34231 -39.01399

[[2]]
[1] 7.79281

GA | iter = 179 | Mean = 5.816764 | Best = 7.792810
1.436777 -5.726695 15.34231 -39.01399[[1]]
         [,1]      [,2]     [,3]      [,4]
[1,] 1.436777 -5.726695 15.34231 -39.01399

[[2]]
[1] 7.79281

GA | iter = 180 | Mean = 5.422093 | Best = 7.792810
1.436777 -5.726695 15.34231 -39.01399[[1]]
         [,1]      [,2]     [,3]      [,4]
[1,] 1.436777 -5.726695 15.34231 -39.01399

[[2]]
[1] 7.79281

GA | iter = 181 | Mean = 5.691088 | Best = 7.792810
1.436777 -5.726695 15.34231 -39.01399[[1]]
         [,1]      [,2]     [,3]      [,4]
[1,] 1.436777 -5.726695 15.34231 -39.01399

[[2]]
[1] 7.79281

GA | iter = 182 | Mean = 6.046982 | Best = 7.792810
1.436777 -5.726695 15.34231 -39.01399[[1]]
         [,1]      [,2]     [,3]      [,4]
[1,] 1.436777 -5.726695 15.34231 -39.01399

[[2]]
[1] 7.79281

GA | iter = 183 | Mean = 5.92101 | Best = 7.79281
1.436777 -5.726695 15.34231 -39.01399[[1]]
         [,1]      [,2]     [,3]      [,4]
[1,] 1.436777 -5.726695 15.34231 -39.01399

[[2]]
[1] 7.79281

GA | iter = 184 | Mean = 5.373004 | Best = 7.792810
1.436777 -5.726695 15.34231 -39.01399[[1]]
         [,1]      [,2]     [,3]      [,4]
[1,] 1.436777 -5.726695 15.34231 -39.01399

[[2]]
[1] 7.79281

GA | iter = 185 | Mean = 6.256375 | Best = 7.792810
1.436777 -5.726695 15.34231 -39.01399[[1]]
         [,1]      [,2]     [,3]      [,4]
[1,] 1.436777 -5.726695 15.34231 -39.01399

[[2]]
[1] 7.79281

GA | iter = 186 | Mean = 5.324425 | Best = 7.792810
1.695513 -6.245307 15.32861 -39.04228[[1]]
         [,1]      [,2]     [,3]      [,4]
[1,] 1.695513 -6.245307 15.32861 -39.04228

[[2]]
[1] 7.797222

GA | iter = 187 | Mean = 5.657810 | Best = 7.797222
1.695513 -6.245307 15.32861 -39.04228[[1]]
         [,1]      [,2]     [,3]      [,4]
[1,] 1.695513 -6.245307 15.32861 -39.04228

[[2]]
[1] 7.797222

GA | iter = 188 | Mean = 6.216447 | Best = 7.797222
1.695513 -6.245307 15.32861 -39.04228[[1]]
         [,1]      [,2]     [,3]      [,4]
[1,] 1.695513 -6.245307 15.32861 -39.04228

[[2]]
[1] 7.797222

GA | iter = 189 | Mean = 5.727628 | Best = 7.797222
1.695513 -6.245307 15.32861 -39.04228[[1]]
         [,1]      [,2]     [,3]      [,4]
[1,] 1.695513 -6.245307 15.32861 -39.04228

[[2]]
[1] 7.797222

GA | iter = 190 | Mean = 5.724472 | Best = 7.797222
1.695513 -6.245307 15.32861 -39.04228[[1]]
         [,1]      [,2]     [,3]      [,4]
[1,] 1.695513 -6.245307 15.32861 -39.04228

[[2]]
[1] 7.797222

GA | iter = 191 | Mean = 5.881261 | Best = 7.797222
1.695513 -6.245307 15.32861 -39.04228[[1]]
         [,1]      [,2]     [,3]      [,4]
[1,] 1.695513 -6.245307 15.32861 -39.04228

[[2]]
[1] 7.797222

GA | iter = 192 | Mean = 6.148732 | Best = 7.797222
1.695513 -6.245307 15.32861 -39.04228[[1]]
         [,1]      [,2]     [,3]      [,4]
[1,] 1.695513 -6.245307 15.32861 -39.04228

[[2]]
[1] 7.797222

GA | iter = 193 | Mean = 5.544457 | Best = 7.797222
1.695513 -6.245307 15.32861 -39.04228[[1]]
         [,1]      [,2]     [,3]      [,4]
[1,] 1.695513 -6.245307 15.32861 -39.04228

[[2]]
[1] 7.797222

GA | iter = 194 | Mean = 5.548899 | Best = 7.797222
1.695513 -6.245307 15.32861 -39.04228[[1]]
         [,1]      [,2]     [,3]      [,4]
[1,] 1.695513 -6.245307 15.32861 -39.04228

[[2]]
[1] 7.797222

GA | iter = 195 | Mean = 5.686634 | Best = 7.797222
1.695513 -6.245307 15.32861 -39.04228[[1]]
         [,1]      [,2]     [,3]      [,4]
[1,] 1.695513 -6.245307 15.32861 -39.04228

[[2]]
[1] 7.797222

GA | iter = 196 | Mean = 5.898405 | Best = 7.797222
1.695513 -6.245307 15.32861 -39.04228[[1]]
         [,1]      [,2]     [,3]      [,4]
[1,] 1.695513 -6.245307 15.32861 -39.04228

[[2]]
[1] 7.797222

GA | iter = 197 | Mean = 5.501788 | Best = 7.797222
1.695513 -6.245307 15.32861 -39.04228[[1]]
         [,1]      [,2]     [,3]      [,4]
[1,] 1.695513 -6.245307 15.32861 -39.04228

[[2]]
[1] 7.797222

GA | iter = 198 | Mean = 5.419315 | Best = 7.797222
1.695513 -6.245307 15.32861 -39.04228[[1]]
         [,1]      [,2]     [,3]      [,4]
[1,] 1.695513 -6.245307 15.32861 -39.04228

[[2]]
[1] 7.797222

GA | iter = 199 | Mean = 5.529989 | Best = 7.797222
1.695513 -6.245307 15.32861 -39.04228[[1]]
         [,1]      [,2]     [,3]      [,4]
[1,] 1.695513 -6.245307 15.32861 -39.04228

[[2]]
[1] 7.797222

GA | iter = 200 | Mean = 5.360565 | Best = 7.797222

> stopCluster(cl)
> 
> print(list(ga_res@bestSol, ga_res@fitnessValue))
[[1]]
[[1]][[1]]
          [,1]     [,2]      [,3]      [,4]
[1,] -3.716669 79.90864 -74.92148 -42.84956

[[1]][[2]]
          [,1]     [,2]     [,3]      [,4]
[1,] -1.971199 23.87056 1.523926 -110.9664

[[1]][[3]]
         [,1]     [,2]      [,3]     [,4]
[1,] 1.120172 19.85764 -19.25705 6.693782

[[1]][[4]]
          [,1]      [,2]     [,3]      [,4]
[1,] -1.002217 -4.468689 23.68791 -45.09441

[[1]][[5]]
          [,1]      [,2]     [,3]      [,4]
[1,] -1.002217 -4.468689 23.68791 -45.09441

[[1]][[6]]
          [,1]      [,2]     [,3]      [,4]
[1,] -1.002217 -4.468689 23.68791 -45.09441

[[1]][[7]]
          [,1]      [,2]     [,3]      [,4]
[1,] -1.002217 -4.468689 23.68791 -45.09441

[[1]][[8]]
          [,1]      [,2]     [,3]      [,4]
[1,] -1.002217 -4.468689 23.68791 -45.09441

[[1]][[9]]
          [,1]      [,2]     [,3]      [,4]
[1,] -1.002217 -4.468689 23.68791 -45.09441

[[1]][[10]]
          [,1]      [,2]     [,3]      [,4]
[1,] -1.002217 -4.468689 23.68791 -45.09441

[[1]][[11]]
          [,1]      [,2]     [,3]      [,4]
[1,] -1.002217 -4.468689 23.68791 -45.09441

[[1]][[12]]
          [,1]     [,2]     [,3]      [,4]
[1,] 0.1974057 4.488074 5.597399 -30.39897

[[1]][[13]]
          [,1]     [,2]     [,3]      [,4]
[1,] 0.1974057 4.488074 5.597399 -30.39897

[[1]][[14]]
          [,1]     [,2]     [,3]      [,4]
[1,] 0.1974057 4.488074 5.597399 -30.39897

[[1]][[15]]
          [,1]     [,2]     [,3]      [,4]
[1,] 0.1974057 4.488074 5.597399 -30.39897

[[1]][[16]]
          [,1]     [,2]     [,3]      [,4]
[1,] 0.1974057 4.488074 5.597399 -30.39897

[[1]][[17]]
          [,1]     [,2]     [,3]      [,4]
[1,] 0.1974057 4.488074 5.597399 -30.39897

[[1]][[18]]
          [,1]     [,2]     [,3]      [,4]
[1,] 0.1974057 4.488074 5.597399 -30.39897

[[1]][[19]]
          [,1]     [,2]     [,3]      [,4]
[1,] 0.1974057 4.488074 5.597399 -30.39897

[[1]][[20]]
          [,1]     [,2]     [,3]      [,4]
[1,] 0.1974057 4.488074 5.597399 -30.39897

[[1]][[21]]
          [,1]      [,2]     [,3]      [,4]
[1,] 0.3893673 -4.131791 18.94269 -45.89065

[[1]][[22]]
          [,1]      [,2]     [,3]      [,4]
[1,] 0.3893673 -4.131791 18.94269 -45.89065

[[1]][[23]]
          [,1]      [,2]     [,3]      [,4]
[1,] 0.3893673 -4.131791 18.94269 -45.89065

[[1]][[24]]
           [,1]      [,2]     [,3]     [,4]
[1,] -0.2379285 0.0952551 14.05008 -37.6132

[[1]][[25]]
         [,1]      [,2]     [,3]     [,4]
[1,] 1.028786 -4.077934 15.82708 -39.5335

[[1]][[26]]
         [,1]      [,2]     [,3]     [,4]
[1,] 1.028786 -4.077934 15.82708 -39.5335

[[1]][[27]]
          [,1]      [,2]     [,3]      [,4]
[1,] 0.6883478 -4.020549 16.45339 -41.03686

[[1]][[28]]
          [,1]      [,2]     [,3]      [,4]
[1,] 0.6883478 -4.020549 16.45339 -41.03686

[[1]][[29]]
          [,1]      [,2]     [,3]      [,4]
[1,] 0.6883478 -4.020549 16.45339 -41.03686

[[1]][[30]]
          [,1]      [,2]     [,3]      [,4]
[1,] 0.6883478 -4.020549 16.45339 -41.03686

[[1]][[31]]
          [,1]      [,2]     [,3]      [,4]
[1,] 0.6883478 -4.020549 16.45339 -41.03686

[[1]][[32]]
          [,1]      [,2]     [,3]      [,4]
[1,] 0.6883478 -4.020549 16.45339 -41.03686

[[1]][[33]]
          [,1]      [,2]     [,3]      [,4]
[1,] 0.6883478 -4.020549 16.45339 -41.03686

[[1]][[34]]
          [,1]      [,2]     [,3]      [,4]
[1,] 0.6883478 -4.020549 16.45339 -41.03686

[[1]][[35]]
          [,1]      [,2]     [,3]      [,4]
[1,] 0.6883478 -4.020549 16.45339 -41.03686

[[1]][[36]]
          [,1]      [,2]     [,3]      [,4]
[1,] 0.2890881 -3.291917 15.95851 -39.19015

[[1]][[37]]
          [,1]      [,2]     [,3]      [,4]
[1,] 0.2890881 -3.291917 15.95851 -39.19015

[[1]][[38]]
          [,1]      [,2]     [,3]      [,4]
[1,] 0.2890881 -3.291917 15.95851 -39.19015

[[1]][[39]]
          [,1]      [,2]     [,3]      [,4]
[1,] 0.2890881 -3.291917 15.95851 -39.19015

[[1]][[40]]
          [,1]      [,2]     [,3]      [,4]
[1,] 0.2890881 -3.291917 15.95851 -39.19015

[[1]][[41]]
          [,1]      [,2]     [,3]      [,4]
[1,] 0.2890881 -3.291917 15.95851 -39.19015

[[1]][[42]]
          [,1]      [,2]     [,3]      [,4]
[1,] 0.2890881 -3.291917 15.95851 -39.19015

[[1]][[43]]
          [,1]      [,2]     [,3]      [,4]
[1,] 0.2890881 -3.291917 15.95851 -39.19015

[[1]][[44]]
          [,1]      [,2]     [,3]      [,4]
[1,] 0.2890881 -3.291917 15.95851 -39.19015

[[1]][[45]]
          [,1]      [,2]     [,3]      [,4]
[1,] 0.2890881 -3.291917 15.95851 -39.19015

[[1]][[46]]
          [,1]      [,2]     [,3]      [,4]
[1,] 0.2890881 -3.291917 15.95851 -39.19015

[[1]][[47]]
          [,1]      [,2]     [,3]      [,4]
[1,] 0.2890881 -3.291917 15.95851 -39.19015

[[1]][[48]]
          [,1]      [,2]     [,3]      [,4]
[1,] 0.2890881 -3.291917 15.95851 -39.19015

[[1]][[49]]
          [,1]      [,2]     [,3]      [,4]
[1,] 0.2890881 -3.291917 15.95851 -39.19015

[[1]][[50]]
          [,1]      [,2]     [,3]      [,4]
[1,] 0.2890881 -3.291917 15.95851 -39.19015

[[1]][[51]]
          [,1]      [,2]     [,3]      [,4]
[1,] 0.2890881 -3.291917 15.95851 -39.19015

[[1]][[52]]
          [,1]      [,2]     [,3]      [,4]
[1,] 0.2890881 -3.291917 15.95851 -39.19015

[[1]][[53]]
          [,1]      [,2]     [,3]      [,4]
[1,] 0.4501182 -3.113263 15.60508 -39.44989

[[1]][[54]]
          [,1]      [,2]     [,3]      [,4]
[1,] 0.4501182 -3.113263 15.60508 -39.44989

[[1]][[55]]
          [,1]      [,2]     [,3]      [,4]
[1,] 0.4119732 -3.176104 15.69152 -39.28529

[[1]][[56]]
          [,1]      [,2]     [,3]      [,4]
[1,] 0.4119732 -3.176104 15.69152 -39.28529

[[1]][[57]]
          [,1]      [,2]     [,3]      [,4]
[1,] 0.4119732 -3.176104 15.69152 -39.28529

[[1]][[58]]
          [,1]      [,2]     [,3]      [,4]
[1,] 0.4119732 -3.176104 15.69152 -39.28529

[[1]][[59]]
          [,1]      [,2]     [,3]      [,4]
[1,] 0.4119732 -3.176104 15.69152 -39.28529

[[1]][[60]]
          [,1]      [,2]     [,3]      [,4]
[1,] 0.4119732 -3.176104 15.69152 -39.28529

[[1]][[61]]
          [,1]      [,2]     [,3]      [,4]
[1,] 0.4119732 -3.176104 15.69152 -39.28529

[[1]][[62]]
          [,1]      [,2]     [,3]      [,4]
[1,] 0.4119732 -3.176104 15.69152 -39.28529

[[1]][[63]]
          [,1]      [,2]     [,3]      [,4]
[1,] 0.4119732 -3.176104 15.69152 -39.28529

[[1]][[64]]
          [,1]      [,2]     [,3]      [,4]
[1,] 0.4119732 -3.176104 15.69152 -39.28529

[[1]][[65]]
         [,1]      [,2]     [,3]      [,4]
[1,] 0.477813 -3.183676 15.60882 -39.06588

[[1]][[66]]
         [,1]      [,2]     [,3]      [,4]
[1,] 0.477813 -3.183676 15.60882 -39.06588

[[1]][[67]]
         [,1]      [,2]     [,3]      [,4]
[1,] 0.477813 -3.183676 15.60882 -39.06588

[[1]][[68]]
          [,1]      [,2]     [,3]      [,4]
[1,] 0.4558664 -3.162292 15.60246 -38.99101

[[1]][[69]]
          [,1]      [,2]     [,3]      [,4]
[1,] 0.4558664 -3.162292 15.60246 -38.99101

[[1]][[70]]
          [,1]      [,2]     [,3]      [,4]
[1,] 0.4119871 -3.171611 15.61535 -38.71548

[[1]][[71]]
          [,1]      [,2]     [,3]      [,4]
[1,] 0.4119871 -3.171611 15.61535 -38.71548

[[1]][[72]]
          [,1]      [,2]     [,3]      [,4]
[1,] 0.4119871 -3.171611 15.61535 -38.71548

[[1]][[73]]
          [,1]      [,2]     [,3]      [,4]
[1,] 0.4119871 -3.171611 15.61535 -38.71548

[[1]][[74]]
          [,1]      [,2]     [,3]      [,4]
[1,] 0.4119871 -3.171611 15.61535 -38.71548

[[1]][[75]]
          [,1]      [,2]     [,3]      [,4]
[1,] 0.4119871 -3.171611 15.61535 -38.71548

[[1]][[76]]
          [,1]      [,2]     [,3]      [,4]
[1,] 0.4119871 -3.171611 15.61535 -38.71548

[[1]][[77]]
          [,1]      [,2]     [,3]      [,4]
[1,] 0.4119871 -3.171611 15.61535 -38.71548

[[1]][[78]]
          [,1]      [,2]     [,3]      [,4]
[1,] 0.4119871 -3.171611 15.61535 -38.71548

[[1]][[79]]
          [,1]      [,2]     [,3]      [,4]
[1,] 0.4119871 -3.171611 15.61535 -38.71548

[[1]][[80]]
          [,1]      [,2]     [,3]      [,4]
[1,] 0.4119871 -3.171611 15.61535 -38.71548

[[1]][[81]]
          [,1]      [,2]     [,3]      [,4]
[1,] 0.4119871 -3.171611 15.61535 -38.71548

[[1]][[82]]
          [,1]      [,2]     [,3]      [,4]
[1,] 0.4119871 -3.171611 15.61535 -38.71548

[[1]][[83]]
          [,1]      [,2]     [,3]      [,4]
[1,] 0.4119871 -3.171611 15.61535 -38.71548

[[1]][[84]]
          [,1]      [,2]     [,3]      [,4]
[1,] 0.4119871 -3.171611 15.61535 -38.71548

[[1]][[85]]
          [,1]      [,2]     [,3]      [,4]
[1,] 0.3877201 -3.140555 15.61455 -38.80852

[[1]][[86]]
         [,1]      [,2]     [,3]      [,4]
[1,] 0.432153 -3.025799 15.32944 -39.01389

[[1]][[87]]
         [,1]      [,2]     [,3]      [,4]
[1,] 0.432153 -3.025799 15.32944 -39.01389

[[1]][[88]]
         [,1]      [,2]     [,3]      [,4]
[1,] 0.432153 -3.025799 15.32944 -39.01389

[[1]][[89]]
         [,1]      [,2]     [,3]      [,4]
[1,] 0.432153 -3.025799 15.32944 -39.01389

[[1]][[90]]
          [,1]      [,2]     [,3]      [,4]
[1,] 0.4038327 -3.121719 15.39463 -38.85107

[[1]][[91]]
          [,1]      [,2]     [,3]      [,4]
[1,] 0.4038327 -3.121719 15.39463 -38.85107

[[1]][[92]]
          [,1]      [,2]     [,3]      [,4]
[1,] 0.4038327 -3.121719 15.39463 -38.85107

[[1]][[93]]
          [,1]      [,2]     [,3]      [,4]
[1,] 0.4038327 -3.121719 15.39463 -38.85107

[[1]][[94]]
          [,1]      [,2]     [,3]      [,4]
[1,] 0.4038327 -3.121719 15.39463 -38.85107

[[1]][[95]]
          [,1]      [,2]     [,3]      [,4]
[1,] 0.4038327 -3.121719 15.39463 -38.85107

[[1]][[96]]
          [,1]      [,2]     [,3]      [,4]
[1,] 0.4038327 -3.121719 15.39463 -38.85107

[[1]][[97]]
          [,1]      [,2]     [,3]      [,4]
[1,] 0.4038327 -3.121719 15.39463 -38.85107

[[1]][[98]]
          [,1]      [,2]     [,3]      [,4]
[1,] 0.4038327 -3.121719 15.39463 -38.85107

[[1]][[99]]
          [,1]      [,2]     [,3]      [,4]
[1,] 0.4038327 -3.121719 15.39463 -38.85107

[[1]][[100]]
          [,1]      [,2]     [,3]      [,4]
[1,] 0.4038327 -3.121719 15.39463 -38.85107

[[1]][[101]]
          [,1]      [,2]     [,3]      [,4]
[1,] 0.4038327 -3.121719 15.39463 -38.85107

[[1]][[102]]
          [,1]      [,2]     [,3]      [,4]
[1,] 0.4038327 -3.121719 15.39463 -38.85107

[[1]][[103]]
          [,1]      [,2]     [,3]      [,4]
[1,] 0.4038327 -3.121719 15.39463 -38.85107

[[1]][[104]]
          [,1]      [,2]     [,3]      [,4]
[1,] 0.4038327 -3.121719 15.39463 -38.85107

[[1]][[105]]
          [,1]      [,2]     [,3]      [,4]
[1,] 0.4038327 -3.121719 15.39463 -38.85107

[[1]][[106]]
          [,1]      [,2]     [,3]      [,4]
[1,] 0.4038327 -3.121719 15.39463 -38.85107

[[1]][[107]]
          [,1]      [,2]     [,3]     [,4]
[1,] 0.4219701 -3.116158 15.43047 -38.8542

[[1]][[108]]
          [,1]      [,2]     [,3]     [,4]
[1,] 0.4219701 -3.116158 15.43047 -38.8542

[[1]][[109]]
          [,1]      [,2]     [,3]     [,4]
[1,] 0.4219701 -3.116158 15.43047 -38.8542

[[1]][[110]]
          [,1]      [,2]     [,3]     [,4]
[1,] 0.4219701 -3.116158 15.43047 -38.8542

[[1]][[111]]
          [,1]      [,2]     [,3]     [,4]
[1,] 0.4219701 -3.116158 15.43047 -38.8542

[[1]][[112]]
          [,1]      [,2]     [,3]     [,4]
[1,] 0.4219701 -3.116158 15.43047 -38.8542

[[1]][[113]]
         [,1]      [,2]     [,3]      [,4]
[1,] 1.463741 -5.533009 15.42129 -39.03727

[[1]][[114]]
         [,1]      [,2]     [,3]      [,4]
[1,] 1.463741 -5.533009 15.42129 -39.03727

[[1]][[115]]
         [,1]      [,2]     [,3]      [,4]
[1,] 1.463741 -5.533009 15.42129 -39.03727

[[1]][[116]]
         [,1]      [,2]     [,3]      [,4]
[1,] 1.463741 -5.533009 15.42129 -39.03727

[[1]][[117]]
         [,1]      [,2]     [,3]      [,4]
[1,] 1.463741 -5.533009 15.42129 -39.03727

[[1]][[118]]
         [,1]      [,2]     [,3]      [,4]
[1,] 1.463741 -5.533009 15.42129 -39.03727

[[1]][[119]]
         [,1]      [,2]     [,3]      [,4]
[1,] 1.463741 -5.533009 15.42129 -39.03727

[[1]][[120]]
         [,1]      [,2]     [,3]     [,4]
[1,] 1.284157 -5.347443 15.42525 -39.0279

[[1]][[121]]
         [,1]      [,2]     [,3]     [,4]
[1,] 1.284157 -5.347443 15.42525 -39.0279

[[1]][[122]]
         [,1]      [,2]     [,3]     [,4]
[1,] 1.284157 -5.347443 15.42525 -39.0279

[[1]][[123]]
         [,1]      [,2]     [,3]     [,4]
[1,] 1.284157 -5.347443 15.42525 -39.0279

[[1]][[124]]
         [,1]      [,2]     [,3]     [,4]
[1,] 1.284157 -5.347443 15.42525 -39.0279

[[1]][[125]]
         [,1]      [,2]     [,3]     [,4]
[1,] 1.284157 -5.347443 15.42525 -39.0279

[[1]][[126]]
         [,1]      [,2]     [,3]     [,4]
[1,] 1.284157 -5.347443 15.42525 -39.0279

[[1]][[127]]
         [,1]      [,2]     [,3]     [,4]
[1,] 1.284157 -5.347443 15.42525 -39.0279

[[1]][[128]]
         [,1]      [,2]     [,3]     [,4]
[1,] 1.284157 -5.347443 15.42525 -39.0279

[[1]][[129]]
         [,1]      [,2]     [,3]     [,4]
[1,] 1.284157 -5.347443 15.42525 -39.0279

[[1]][[130]]
         [,1]      [,2]     [,3]     [,4]
[1,] 1.284157 -5.347443 15.42525 -39.0279

[[1]][[131]]
         [,1]      [,2]     [,3]     [,4]
[1,] 1.284157 -5.347443 15.42525 -39.0279

[[1]][[132]]
         [,1]      [,2]     [,3]     [,4]
[1,] 1.284157 -5.347443 15.42525 -39.0279

[[1]][[133]]
         [,1]      [,2]     [,3]     [,4]
[1,] 1.284157 -5.347443 15.42525 -39.0279

[[1]][[134]]
         [,1]      [,2]     [,3]     [,4]
[1,] 1.284157 -5.347443 15.42525 -39.0279

[[1]][[135]]
         [,1]      [,2]     [,3]     [,4]
[1,] 1.284157 -5.347443 15.42525 -39.0279

[[1]][[136]]
         [,1]      [,2]     [,3]     [,4]
[1,] 1.284157 -5.347443 15.42525 -39.0279

[[1]][[137]]
         [,1]    [,2]     [,3]      [,4]
[1,] 1.274133 -5.3616 15.42647 -38.99845

[[1]][[138]]
         [,1]    [,2]     [,3]      [,4]
[1,] 1.274133 -5.3616 15.42647 -38.99845

[[1]][[139]]
         [,1]    [,2]     [,3]      [,4]
[1,] 1.274133 -5.3616 15.42647 -38.99845

[[1]][[140]]
         [,1]    [,2]     [,3]      [,4]
[1,] 1.274133 -5.3616 15.42647 -38.99845

[[1]][[141]]
         [,1]    [,2]     [,3]      [,4]
[1,] 1.274133 -5.3616 15.42647 -38.99845

[[1]][[142]]
         [,1]     [,2]     [,3]      [,4]
[1,] 1.347868 -5.45879 15.43509 -39.03651

[[1]][[143]]
         [,1]     [,2]     [,3]      [,4]
[1,] 1.347868 -5.45879 15.43509 -39.03651

[[1]][[144]]
         [,1]     [,2]     [,3]      [,4]
[1,] 1.347868 -5.45879 15.43509 -39.03651

[[1]][[145]]
         [,1]      [,2]     [,3]      [,4]
[1,] 1.303448 -5.248523 15.25287 -39.02629

[[1]][[146]]
         [,1]      [,2]     [,3]      [,4]
[1,] 1.303448 -5.248523 15.25287 -39.02629

[[1]][[147]]
         [,1]      [,2]     [,3]      [,4]
[1,] 1.303448 -5.248523 15.25287 -39.02629

[[1]][[148]]
         [,1]      [,2]     [,3]      [,4]
[1,] 1.303448 -5.248523 15.25287 -39.02629

[[1]][[149]]
         [,1]      [,2]     [,3]      [,4]
[1,] 1.303448 -5.248523 15.25287 -39.02629

[[1]][[150]]
         [,1]      [,2]     [,3]      [,4]
[1,] 1.303448 -5.248523 15.25287 -39.02629

[[1]][[151]]
         [,1]      [,2]     [,3]      [,4]
[1,] 1.303448 -5.248523 15.25287 -39.02629

[[1]][[152]]
         [,1]      [,2]     [,3]      [,4]
[1,] 1.303448 -5.248523 15.25287 -39.02629

[[1]][[153]]
         [,1]      [,2]     [,3]      [,4]
[1,] 1.294243 -5.276904 15.27396 -38.90014

[[1]][[154]]
         [,1]      [,2]     [,3]      [,4]
[1,] 1.294243 -5.276904 15.27396 -38.90014

[[1]][[155]]
         [,1]      [,2]     [,3]      [,4]
[1,] 1.294243 -5.276904 15.27396 -38.90014

[[1]][[156]]
         [,1]      [,2]     [,3]      [,4]
[1,] 1.294243 -5.276904 15.27396 -38.90014

[[1]][[157]]
         [,1]      [,2]     [,3]      [,4]
[1,] 1.294243 -5.276904 15.27396 -38.90014

[[1]][[158]]
         [,1]      [,2]     [,3]      [,4]
[1,] 1.294243 -5.276904 15.27396 -38.90014

[[1]][[159]]
         [,1]      [,2]     [,3]      [,4]
[1,] 1.294243 -5.276904 15.27396 -38.90014

[[1]][[160]]
         [,1]      [,2]     [,3]      [,4]
[1,] 1.294243 -5.276904 15.27396 -38.90014

[[1]][[161]]
         [,1]      [,2]     [,3]      [,4]
[1,] 1.294243 -5.276904 15.27396 -38.90014

[[1]][[162]]
        [,1]      [,2]     [,3]      [,4]
[1,] 1.44812 -5.597801 15.32834 -39.01778

[[1]][[163]]
        [,1]      [,2]     [,3]      [,4]
[1,] 1.44812 -5.597801 15.32834 -39.01778

[[1]][[164]]
         [,1]      [,2]     [,3]      [,4]
[1,] 1.427445 -5.619455 15.31919 -39.01361

[[1]][[165]]
         [,1]      [,2]     [,3]      [,4]
[1,] 1.436777 -5.726695 15.34231 -39.01399

[[1]][[166]]
         [,1]      [,2]     [,3]      [,4]
[1,] 1.436777 -5.726695 15.34231 -39.01399

[[1]][[167]]
         [,1]      [,2]     [,3]      [,4]
[1,] 1.436777 -5.726695 15.34231 -39.01399

[[1]][[168]]
         [,1]      [,2]     [,3]      [,4]
[1,] 1.436777 -5.726695 15.34231 -39.01399

[[1]][[169]]
         [,1]      [,2]     [,3]      [,4]
[1,] 1.436777 -5.726695 15.34231 -39.01399

[[1]][[170]]
         [,1]      [,2]     [,3]      [,4]
[1,] 1.436777 -5.726695 15.34231 -39.01399

[[1]][[171]]
         [,1]      [,2]     [,3]      [,4]
[1,] 1.436777 -5.726695 15.34231 -39.01399

[[1]][[172]]
         [,1]      [,2]     [,3]      [,4]
[1,] 1.436777 -5.726695 15.34231 -39.01399

[[1]][[173]]
         [,1]      [,2]     [,3]      [,4]
[1,] 1.436777 -5.726695 15.34231 -39.01399

[[1]][[174]]
         [,1]      [,2]     [,3]      [,4]
[1,] 1.436777 -5.726695 15.34231 -39.01399

[[1]][[175]]
         [,1]      [,2]     [,3]      [,4]
[1,] 1.436777 -5.726695 15.34231 -39.01399

[[1]][[176]]
         [,1]      [,2]     [,3]      [,4]
[1,] 1.436777 -5.726695 15.34231 -39.01399

[[1]][[177]]
         [,1]      [,2]     [,3]      [,4]
[1,] 1.436777 -5.726695 15.34231 -39.01399

[[1]][[178]]
         [,1]      [,2]     [,3]      [,4]
[1,] 1.436777 -5.726695 15.34231 -39.01399

[[1]][[179]]
         [,1]      [,2]     [,3]      [,4]
[1,] 1.436777 -5.726695 15.34231 -39.01399

[[1]][[180]]
         [,1]      [,2]     [,3]      [,4]
[1,] 1.436777 -5.726695 15.34231 -39.01399

[[1]][[181]]
         [,1]      [,2]     [,3]      [,4]
[1,] 1.436777 -5.726695 15.34231 -39.01399

[[1]][[182]]
         [,1]      [,2]     [,3]      [,4]
[1,] 1.436777 -5.726695 15.34231 -39.01399

[[1]][[183]]
         [,1]      [,2]     [,3]      [,4]
[1,] 1.436777 -5.726695 15.34231 -39.01399

[[1]][[184]]
         [,1]      [,2]     [,3]      [,4]
[1,] 1.436777 -5.726695 15.34231 -39.01399

[[1]][[185]]
         [,1]      [,2]     [,3]      [,4]
[1,] 1.436777 -5.726695 15.34231 -39.01399

[[1]][[186]]
         [,1]      [,2]     [,3]      [,4]
[1,] 1.436777 -5.726695 15.34231 -39.01399

[[1]][[187]]
         [,1]      [,2]     [,3]      [,4]
[1,] 1.695513 -6.245307 15.32861 -39.04228

[[1]][[188]]
         [,1]      [,2]     [,3]      [,4]
[1,] 1.695513 -6.245307 15.32861 -39.04228

[[1]][[189]]
         [,1]      [,2]     [,3]      [,4]
[1,] 1.695513 -6.245307 15.32861 -39.04228

[[1]][[190]]
         [,1]      [,2]     [,3]      [,4]
[1,] 1.695513 -6.245307 15.32861 -39.04228

[[1]][[191]]
         [,1]      [,2]     [,3]      [,4]
[1,] 1.695513 -6.245307 15.32861 -39.04228

[[1]][[192]]
         [,1]      [,2]     [,3]      [,4]
[1,] 1.695513 -6.245307 15.32861 -39.04228

[[1]][[193]]
         [,1]      [,2]     [,3]      [,4]
[1,] 1.695513 -6.245307 15.32861 -39.04228

[[1]][[194]]
         [,1]      [,2]     [,3]      [,4]
[1,] 1.695513 -6.245307 15.32861 -39.04228

[[1]][[195]]
         [,1]      [,2]     [,3]      [,4]
[1,] 1.695513 -6.245307 15.32861 -39.04228

[[1]][[196]]
         [,1]      [,2]     [,3]      [,4]
[1,] 1.695513 -6.245307 15.32861 -39.04228

[[1]][[197]]
         [,1]      [,2]     [,3]      [,4]
[1,] 1.695513 -6.245307 15.32861 -39.04228

[[1]][[198]]
         [,1]      [,2]     [,3]      [,4]
[1,] 1.695513 -6.245307 15.32861 -39.04228

[[1]][[199]]
         [,1]      [,2]     [,3]      [,4]
[1,] 1.695513 -6.245307 15.32861 -39.04228

[[1]][[200]]
         [,1]      [,2]     [,3]      [,4]
[1,] 1.695513 -6.245307 15.32861 -39.04228


[[2]]
[1] 7.797222

> 
> 
> 
