
Lmod is automatically replacing "intel/2020.1.217" with "gcc/9.3.0".


Due to MODULEPATH changes, the following have been reloaded:
  1) openmpi/4.0.3


R version 4.0.2 (2020-06-22) -- "Taking Off Again"
Copyright (C) 2020 The R Foundation for Statistical Computing
Platform: x86_64-pc-linux-gnu (64-bit)

R is free software and comes with ABSOLUTELY NO WARRANTY.
You are welcome to redistribute it under certain conditions.
Type 'license()' or 'licence()' for distribution details.

  Natural language support but running in an English locale

R is a collaborative project with many contributors.
Type 'contributors()' for more information and
'citation()' on how to cite R or R packages in publications.

Type 'demo()' for some demos, 'help()' for on-line help, or
'help.start()' for an HTML browser interface to help.
Type 'q()' to quit R.

> # R script to submit parallelized genetic algorithm optimzied runs.
> 
> # load libraries
> library(doParallel)
Loading required package: foreach
Loading required package: iterators
Loading required package: parallel
> library(GA)
Package 'GA' version 3.2.2
Type 'citation("GA")' for citing this R package in publications.

Attaching package: ‘GA’

The following object is masked from ‘package:utils’:

    de

> library(here)
here() starts at /project/6004331/wanglu57/Project_Plasmodium
> library(doRNG)
Loading required package: rngtools
> 
> source(here::here("functions/ga_verbose.R"), local = T)
> source(here::here("functions/chabaudi_si_clean.R"), local = T)
> # load function
> #-----------------------------#
> # load in parameters
> #-----------------------------#
> parameters_tsukushi <- c(R1 = 8.89*10^6, # slightly higher
+                          lambda = 3.7*10^5,
+                          mu = 0.025, 
+                          p = 8*10^-6, # doubled form original
+                          alpha = 1, 
+                          alphag = 2, 
+                          beta = 5.721, 
+                          mum = 48, 
+                          mug = 4, 
+                          I0 = 43.85965, 
+                          Ig0 = 0, 
+                          a = 150, 
+                          b = 100, 
+                          sp = 1,
+                          psin = 16.69234,
+                          psiw = 0.8431785,
+                          phin = 0.03520591, 
+                          phiw = 550.842,
+                          iota = 2.18*(10^6),
+                          rho = 0.2627156)
> 
> time_range <- seq(0, 20, by = 1e-3)
> 
> R_range <- seq(10^6, 10^8, by = ((10^8)-(10^6))/5000)
> 
> #-----------------------------#
> # Begin parallelized code
> #----------------------------#
> 
> 
> # Create an array from the NODESLIST environnement variable
> nodeslist = unlist(strsplit(Sys.getenv("NODESLIST"), split=" "))
> 
> # Create the cluster with the nodes name. One process per count of node name.
> # nodeslist = node1 node1 node2 node2, means we are starting 2 processes on node1, likewise on node2.
> cl = makeCluster(nodeslist, type = "PSOCK") 
> registerDoParallel(cl)
> clusterExport(cl,c("ga_verbose", "time_range", "parameters_tsukushi", "R_range", "chabaudi_si_clean")) 
> clusterCall(cl, library, package = "mclust", character.only = TRUE)
[[1]]
[1] "mclust"    "stats"     "graphics"  "grDevices" "utils"     "datasets" 
[7] "methods"   "base"     

[[2]]
[1] "mclust"    "stats"     "graphics"  "grDevices" "utils"     "datasets" 
[7] "methods"   "base"     

[[3]]
[1] "mclust"    "stats"     "graphics"  "grDevices" "utils"     "datasets" 
[7] "methods"   "base"     

[[4]]
[1] "mclust"    "stats"     "graphics"  "grDevices" "utils"     "datasets" 
[7] "methods"   "base"     

[[5]]
[1] "mclust"    "stats"     "graphics"  "grDevices" "utils"     "datasets" 
[7] "methods"   "base"     

[[6]]
[1] "mclust"    "stats"     "graphics"  "grDevices" "utils"     "datasets" 
[7] "methods"   "base"     

[[7]]
[1] "mclust"    "stats"     "graphics"  "grDevices" "utils"     "datasets" 
[7] "methods"   "base"     

[[8]]
[1] "mclust"    "stats"     "graphics"  "grDevices" "utils"     "datasets" 
[7] "methods"   "base"     

[[9]]
[1] "mclust"    "stats"     "graphics"  "grDevices" "utils"     "datasets" 
[7] "methods"   "base"     

[[10]]
[1] "mclust"    "stats"     "graphics"  "grDevices" "utils"     "datasets" 
[7] "methods"   "base"     

[[11]]
[1] "mclust"    "stats"     "graphics"  "grDevices" "utils"     "datasets" 
[7] "methods"   "base"     

[[12]]
[1] "mclust"    "stats"     "graphics"  "grDevices" "utils"     "datasets" 
[7] "methods"   "base"     

[[13]]
[1] "mclust"    "stats"     "graphics"  "grDevices" "utils"     "datasets" 
[7] "methods"   "base"     

[[14]]
[1] "mclust"    "stats"     "graphics"  "grDevices" "utils"     "datasets" 
[7] "methods"   "base"     

[[15]]
[1] "mclust"    "stats"     "graphics"  "grDevices" "utils"     "datasets" 
[7] "methods"   "base"     

[[16]]
[1] "mclust"    "stats"     "graphics"  "grDevices" "utils"     "datasets" 
[7] "methods"   "base"     

[[17]]
[1] "mclust"    "stats"     "graphics"  "grDevices" "utils"     "datasets" 
[7] "methods"   "base"     

[[18]]
[1] "mclust"    "stats"     "graphics"  "grDevices" "utils"     "datasets" 
[7] "methods"   "base"     

[[19]]
[1] "mclust"    "stats"     "graphics"  "grDevices" "utils"     "datasets" 
[7] "methods"   "base"     

[[20]]
[1] "mclust"    "stats"     "graphics"  "grDevices" "utils"     "datasets" 
[7] "methods"   "base"     

[[21]]
[1] "mclust"    "stats"     "graphics"  "grDevices" "utils"     "datasets" 
[7] "methods"   "base"     

[[22]]
[1] "mclust"    "stats"     "graphics"  "grDevices" "utils"     "datasets" 
[7] "methods"   "base"     

[[23]]
[1] "mclust"    "stats"     "graphics"  "grDevices" "utils"     "datasets" 
[7] "methods"   "base"     

[[24]]
[1] "mclust"    "stats"     "graphics"  "grDevices" "utils"     "datasets" 
[7] "methods"   "base"     

[[25]]
[1] "mclust"    "stats"     "graphics"  "grDevices" "utils"     "datasets" 
[7] "methods"   "base"     

[[26]]
[1] "mclust"    "stats"     "graphics"  "grDevices" "utils"     "datasets" 
[7] "methods"   "base"     

[[27]]
[1] "mclust"    "stats"     "graphics"  "grDevices" "utils"     "datasets" 
[7] "methods"   "base"     

[[28]]
[1] "mclust"    "stats"     "graphics"  "grDevices" "utils"     "datasets" 
[7] "methods"   "base"     

[[29]]
[1] "mclust"    "stats"     "graphics"  "grDevices" "utils"     "datasets" 
[7] "methods"   "base"     

[[30]]
[1] "mclust"    "stats"     "graphics"  "grDevices" "utils"     "datasets" 
[7] "methods"   "base"     

[[31]]
[1] "mclust"    "stats"     "graphics"  "grDevices" "utils"     "datasets" 
[7] "methods"   "base"     

[[32]]
[1] "mclust"    "stats"     "graphics"  "grDevices" "utils"     "datasets" 
[7] "methods"   "base"     

[[33]]
[1] "mclust"    "stats"     "graphics"  "grDevices" "utils"     "datasets" 
[7] "methods"   "base"     

[[34]]
[1] "mclust"    "stats"     "graphics"  "grDevices" "utils"     "datasets" 
[7] "methods"   "base"     

[[35]]
[1] "mclust"    "stats"     "graphics"  "grDevices" "utils"     "datasets" 
[7] "methods"   "base"     

[[36]]
[1] "mclust"    "stats"     "graphics"  "grDevices" "utils"     "datasets" 
[7] "methods"   "base"     

[[37]]
[1] "mclust"    "stats"     "graphics"  "grDevices" "utils"     "datasets" 
[7] "methods"   "base"     

[[38]]
[1] "mclust"    "stats"     "graphics"  "grDevices" "utils"     "datasets" 
[7] "methods"   "base"     

[[39]]
[1] "mclust"    "stats"     "graphics"  "grDevices" "utils"     "datasets" 
[7] "methods"   "base"     

[[40]]
[1] "mclust"    "stats"     "graphics"  "grDevices" "utils"     "datasets" 
[7] "methods"   "base"     

[[41]]
[1] "mclust"    "stats"     "graphics"  "grDevices" "utils"     "datasets" 
[7] "methods"   "base"     

[[42]]
[1] "mclust"    "stats"     "graphics"  "grDevices" "utils"     "datasets" 
[7] "methods"   "base"     

[[43]]
[1] "mclust"    "stats"     "graphics"  "grDevices" "utils"     "datasets" 
[7] "methods"   "base"     

[[44]]
[1] "mclust"    "stats"     "graphics"  "grDevices" "utils"     "datasets" 
[7] "methods"   "base"     

[[45]]
[1] "mclust"    "stats"     "graphics"  "grDevices" "utils"     "datasets" 
[7] "methods"   "base"     

[[46]]
[1] "mclust"    "stats"     "graphics"  "grDevices" "utils"     "datasets" 
[7] "methods"   "base"     

[[47]]
[1] "mclust"    "stats"     "graphics"  "grDevices" "utils"     "datasets" 
[7] "methods"   "base"     

[[48]]
[1] "mclust"    "stats"     "graphics"  "grDevices" "utils"     "datasets" 
[7] "methods"   "base"     

> ga_res <- ga_verbose(type = "real-valued", 
+                      function(x)
+                        chabaudi_si_clean(
+                          parameters_cr = c(x[1], x[2], x[3], x[4]), 
+                          parameters = parameters_tsukushi, 
+                          time_range = time_range, 
+                          cue = "R", 
+                          cue_range = R_range, 
+                          log_cue = "none",
+                          immunity = "tsukushi",
+                          solver = "vode"),
+                      lower = c(-5, -100, -500, -1000), # range determined that would alter shape of spline
+                      upper = c(5,100,500, 1000),  
+                      popSize = 250, 
+                      maxiter = 500, # change to 10 for testing purpose 
+                      pmutation = 0.3,
+                      keepBest = TRUE,
+                      run = 50,
+                      parallel = cl,
+                      seed = 137,
+                      monitor = TRUE,
+                      id = "2022-02-01_ga-si-R")
4.210272 -61.94532 448.5981 787.6371[[1]]
         [,1]      [,2]     [,3]     [,4]
[1,] 4.210272 -61.94532 448.5981 787.6371

[[2]]
[1] 7.611037

GA | iter = 1 | Mean = 0.2748938 | Best = 7.6110367
1.223277 -27.25093 225.6142 581.0135[[1]]
         [,1]      [,2]     [,3]     [,4]
[1,] 1.223277 -27.25093 225.6142 581.0135

[[2]]
[1] 7.767504

GA | iter = 2 | Mean = 0.6377773 | Best = 7.7675041
-3.118997 17.39879 -50.69102 564.6517[[1]]
          [,1]     [,2]      [,3]     [,4]
[1,] -3.118997 17.39879 -50.69102 564.6517

[[2]]
[1] 7.904319

GA | iter = 3 | Mean = 0.991695 | Best = 7.904319
-3.118997 17.39879 -50.69102 564.6517[[1]]
          [,1]     [,2]      [,3]     [,4]
[1,] -3.118997 17.39879 -50.69102 564.6517

[[2]]
[1] 7.904319

GA | iter = 4 | Mean = 1.500745 | Best = 7.904319
-3.118997 17.39879 -50.69102 564.6517[[1]]
          [,1]     [,2]      [,3]     [,4]
[1,] -3.118997 17.39879 -50.69102 564.6517

[[2]]
[1] 7.904319

GA | iter = 5 | Mean = 1.700649 | Best = 7.904319
-0.2051259 -4.936943 62.18967 95.54407[[1]]
           [,1]      [,2]     [,3]     [,4]
[1,] -0.2051259 -4.936943 62.18967 95.54407

[[2]]
[1] 7.946376

GA | iter = 6 | Mean = 1.843353 | Best = 7.946376
0.3038965 -8.160547 72.10699 -159.6218[[1]]
          [,1]      [,2]     [,3]      [,4]
[1,] 0.3038965 -8.160547 72.10699 -159.6218

[[2]]
[1] 8.001211

GA | iter = 7 | Mean = 2.202684 | Best = 8.001211
0.3038965 -8.160547 72.10699 -159.6218[[1]]
          [,1]      [,2]     [,3]      [,4]
[1,] 0.3038965 -8.160547 72.10699 -159.6218

[[2]]
[1] 8.001211

GA | iter = 8 | Mean = 2.615195 | Best = 8.001211
0.2877656 -11.02197 98.59727 127.8188[[1]]
          [,1]      [,2]     [,3]     [,4]
[1,] 0.2877656 -11.02197 98.59727 127.8188

[[2]]
[1] 8.016088

GA | iter = 9 | Mean = 3.504356 | Best = 8.016088
-0.03247321 -7.199564 79.27101 -93.09644[[1]]
            [,1]      [,2]     [,3]      [,4]
[1,] -0.03247321 -7.199564 79.27101 -93.09644

[[2]]
[1] 8.01807

GA | iter = 10 | Mean = 4.021836 | Best = 8.018070
-0.03247321 -7.199564 79.27101 -93.09644[[1]]
            [,1]      [,2]     [,3]      [,4]
[1,] -0.03247321 -7.199564 79.27101 -93.09644

[[2]]
[1] 8.01807

GA | iter = 11 | Mean = 4.943545 | Best = 8.018070
-0.03247321 -7.199564 79.27101 -93.09644[[1]]
            [,1]      [,2]     [,3]      [,4]
[1,] -0.03247321 -7.199564 79.27101 -93.09644

[[2]]
[1] 8.01807

GA | iter = 12 | Mean = 5.033879 | Best = 8.018070
-0.03247321 -7.199564 79.27101 -93.09644[[1]]
            [,1]      [,2]     [,3]      [,4]
[1,] -0.03247321 -7.199564 79.27101 -93.09644

[[2]]
[1] 8.01807

GA | iter = 13 | Mean = 4.794661 | Best = 8.018070
-0.03247321 -7.199564 79.27101 -93.09644[[1]]
            [,1]      [,2]     [,3]      [,4]
[1,] -0.03247321 -7.199564 79.27101 -93.09644

[[2]]
[1] 8.01807

GA | iter = 14 | Mean = 5.01086 | Best = 8.01807
-0.1543411 -4.824195 50.74954 186.7606[[1]]
           [,1]      [,2]     [,3]     [,4]
[1,] -0.1543411 -4.824195 50.74954 186.7606

[[2]]
[1] 8.018152

GA | iter = 15 | Mean = 5.725058 | Best = 8.018152
-0.0006202241 -6.54526 65.8121 52.75249[[1]]
              [,1]     [,2]    [,3]     [,4]
[1,] -0.0006202241 -6.54526 65.8121 52.75249

[[2]]
[1] 8.018541

GA | iter = 16 | Mean = 5.930998 | Best = 8.018541
-0.0006202241 -6.54526 65.8121 52.75249[[1]]
              [,1]     [,2]    [,3]     [,4]
[1,] -0.0006202241 -6.54526 65.8121 52.75249

[[2]]
[1] 8.018541

GA | iter = 17 | Mean = 5.555479 | Best = 8.018541
-0.07264841 -6.498079 67.93344 109.9122[[1]]
            [,1]      [,2]     [,3]     [,4]
[1,] -0.07264841 -6.498079 67.93344 109.9122

[[2]]
[1] 8.019099

GA | iter = 18 | Mean = 5.801397 | Best = 8.019099
-0.07264841 -6.498079 67.93344 109.9122[[1]]
            [,1]      [,2]     [,3]     [,4]
[1,] -0.07264841 -6.498079 67.93344 109.9122

[[2]]
[1] 8.019099

GA | iter = 19 | Mean = 5.640059 | Best = 8.019099
-4.138187e-05 -6.753219 67.63388 84.66253[[1]]
              [,1]      [,2]     [,3]     [,4]
[1,] -4.138187e-05 -6.753219 67.63388 84.66253

[[2]]
[1] 8.019381

GA | iter = 20 | Mean = 6.095444 | Best = 8.019381
0.04366502 -7.665228 74.2656 124.0009[[1]]
           [,1]      [,2]    [,3]     [,4]
[1,] 0.04366502 -7.665228 74.2656 124.0009

[[2]]
[1] 8.019444

GA | iter = 21 | Mean = 6.124606 | Best = 8.019444
0.04366502 -7.665228 74.2656 124.0009[[1]]
           [,1]      [,2]    [,3]     [,4]
[1,] 0.04366502 -7.665228 74.2656 124.0009

[[2]]
[1] 8.019444

GA | iter = 22 | Mean = 5.922597 | Best = 8.019444
0.04366502 -7.665228 74.2656 124.0009[[1]]
           [,1]      [,2]    [,3]     [,4]
[1,] 0.04366502 -7.665228 74.2656 124.0009

[[2]]
[1] 8.019444

GA | iter = 23 | Mean = 6.143228 | Best = 8.019444
0.04366502 -7.665228 74.2656 124.0009[[1]]
           [,1]      [,2]    [,3]     [,4]
[1,] 0.04366502 -7.665228 74.2656 124.0009

[[2]]
[1] 8.019444

GA | iter = 24 | Mean = 6.157214 | Best = 8.019444
0.04366502 -7.665228 74.2656 124.0009[[1]]
           [,1]      [,2]    [,3]     [,4]
[1,] 0.04366502 -7.665228 74.2656 124.0009

[[2]]
[1] 8.019444

GA | iter = 25 | Mean = 6.166130 | Best = 8.019444
0.04366502 -7.665228 74.2656 124.0009[[1]]
           [,1]      [,2]    [,3]     [,4]
[1,] 0.04366502 -7.665228 74.2656 124.0009

[[2]]
[1] 8.019444

GA | iter = 26 | Mean = 6.519708 | Best = 8.019444
0.04366502 -7.665228 74.2656 124.0009[[1]]
           [,1]      [,2]    [,3]     [,4]
[1,] 0.04366502 -7.665228 74.2656 124.0009

[[2]]
[1] 8.019444

GA | iter = 27 | Mean = 6.169071 | Best = 8.019444
0.04366502 -7.665228 74.2656 124.0009[[1]]
           [,1]      [,2]    [,3]     [,4]
[1,] 0.04366502 -7.665228 74.2656 124.0009

[[2]]
[1] 8.019444

GA | iter = 28 | Mean = 6.233151 | Best = 8.019444
0.04366502 -7.665228 74.2656 124.0009[[1]]
           [,1]      [,2]    [,3]     [,4]
[1,] 0.04366502 -7.665228 74.2656 124.0009

[[2]]
[1] 8.019444

GA | iter = 29 | Mean = 6.312768 | Best = 8.019444
0.04366502 -7.665228 74.2656 124.0009[[1]]
           [,1]      [,2]    [,3]     [,4]
[1,] 0.04366502 -7.665228 74.2656 124.0009

[[2]]
[1] 8.019444

GA | iter = 30 | Mean = 6.199251 | Best = 8.019444
0.04366502 -7.665228 74.2656 124.0009[[1]]
           [,1]      [,2]    [,3]     [,4]
[1,] 0.04366502 -7.665228 74.2656 124.0009

[[2]]
[1] 8.019444

GA | iter = 31 | Mean = 6.062883 | Best = 8.019444
0.04366502 -7.665228 74.2656 124.0009[[1]]
           [,1]      [,2]    [,3]     [,4]
[1,] 0.04366502 -7.665228 74.2656 124.0009

[[2]]
[1] 8.019444

GA | iter = 32 | Mean = 5.963586 | Best = 8.019444
0.04366502 -7.665228 74.2656 124.0009[[1]]
           [,1]      [,2]    [,3]     [,4]
[1,] 0.04366502 -7.665228 74.2656 124.0009

[[2]]
[1] 8.019444

GA | iter = 33 | Mean = 6.036399 | Best = 8.019444
0.04366502 -7.665228 74.2656 124.0009[[1]]
           [,1]      [,2]    [,3]     [,4]
[1,] 0.04366502 -7.665228 74.2656 124.0009

[[2]]
[1] 8.019444

GA | iter = 34 | Mean = 6.332454 | Best = 8.019444
0.04366502 -7.665228 74.2656 124.0009[[1]]
           [,1]      [,2]    [,3]     [,4]
[1,] 0.04366502 -7.665228 74.2656 124.0009

[[2]]
[1] 8.019444

GA | iter = 35 | Mean = 6.432824 | Best = 8.019444
0.04366502 -7.665228 74.2656 124.0009[[1]]
           [,1]      [,2]    [,3]     [,4]
[1,] 0.04366502 -7.665228 74.2656 124.0009

[[2]]
[1] 8.019444

GA | iter = 36 | Mean = 6.056332 | Best = 8.019444
0.04366502 -7.665228 74.2656 124.0009[[1]]
           [,1]      [,2]    [,3]     [,4]
[1,] 0.04366502 -7.665228 74.2656 124.0009

[[2]]
[1] 8.019444

GA | iter = 37 | Mean = 6.125180 | Best = 8.019444
0.04366502 -7.665228 74.2656 124.0009[[1]]
           [,1]      [,2]    [,3]     [,4]
[1,] 0.04366502 -7.665228 74.2656 124.0009

[[2]]
[1] 8.019444

GA | iter = 38 | Mean = 6.004854 | Best = 8.019444
0.04366502 -7.665228 74.2656 124.0009[[1]]
           [,1]      [,2]    [,3]     [,4]
[1,] 0.04366502 -7.665228 74.2656 124.0009

[[2]]
[1] 8.019444

GA | iter = 39 | Mean = 5.849671 | Best = 8.019444
0.04366502 -7.665228 74.2656 124.0009[[1]]
           [,1]      [,2]    [,3]     [,4]
[1,] 0.04366502 -7.665228 74.2656 124.0009

[[2]]
[1] 8.019444

GA | iter = 40 | Mean = 6.235425 | Best = 8.019444
0.04366502 -7.665228 74.2656 124.0009[[1]]
           [,1]      [,2]    [,3]     [,4]
[1,] 0.04366502 -7.665228 74.2656 124.0009

[[2]]
[1] 8.019444

GA | iter = 41 | Mean = 6.177780 | Best = 8.019444
0.04366502 -7.665228 74.2656 124.0009[[1]]
           [,1]      [,2]    [,3]     [,4]
[1,] 0.04366502 -7.665228 74.2656 124.0009

[[2]]
[1] 8.019444

GA | iter = 42 | Mean = 6.101958 | Best = 8.019444
0.04366502 -7.665228 74.2656 124.0009[[1]]
           [,1]      [,2]    [,3]     [,4]
[1,] 0.04366502 -7.665228 74.2656 124.0009

[[2]]
[1] 8.019444

GA | iter = 43 | Mean = 6.090199 | Best = 8.019444
0.04366502 -7.665228 74.2656 124.0009[[1]]
           [,1]      [,2]    [,3]     [,4]
[1,] 0.04366502 -7.665228 74.2656 124.0009

[[2]]
[1] 8.019444

GA | iter = 44 | Mean = 6.259232 | Best = 8.019444
0.04366502 -7.665228 74.2656 124.0009[[1]]
           [,1]      [,2]    [,3]     [,4]
[1,] 0.04366502 -7.665228 74.2656 124.0009

[[2]]
[1] 8.019444

GA | iter = 45 | Mean = 6.074205 | Best = 8.019444
0.04366502 -7.665228 74.2656 124.0009[[1]]
           [,1]      [,2]    [,3]     [,4]
[1,] 0.04366502 -7.665228 74.2656 124.0009

[[2]]
[1] 8.019444

GA | iter = 46 | Mean = 6.360236 | Best = 8.019444
0.04366502 -7.665228 74.2656 124.0009[[1]]
           [,1]      [,2]    [,3]     [,4]
[1,] 0.04366502 -7.665228 74.2656 124.0009

[[2]]
[1] 8.019444

GA | iter = 47 | Mean = 5.946530 | Best = 8.019444
0.04366502 -7.665228 74.2656 124.0009[[1]]
           [,1]      [,2]    [,3]     [,4]
[1,] 0.04366502 -7.665228 74.2656 124.0009

[[2]]
[1] 8.019444

GA | iter = 48 | Mean = 5.739450 | Best = 8.019444
-0.0260812 -6.717995 67.86277 109.1277[[1]]
           [,1]      [,2]     [,3]     [,4]
[1,] -0.0260812 -6.717995 67.86277 109.1277

[[2]]
[1] 8.019449

GA | iter = 49 | Mean = 6.140035 | Best = 8.019449
-0.0260812 -6.717995 67.86277 109.1277[[1]]
           [,1]      [,2]     [,3]     [,4]
[1,] -0.0260812 -6.717995 67.86277 109.1277

[[2]]
[1] 8.019449

GA | iter = 50 | Mean = 6.546732 | Best = 8.019449
-0.0260812 -6.717995 67.86277 109.1277[[1]]
           [,1]      [,2]     [,3]     [,4]
[1,] -0.0260812 -6.717995 67.86277 109.1277

[[2]]
[1] 8.019449

GA | iter = 51 | Mean = 6.129323 | Best = 8.019449
-0.0260812 -6.717995 67.86277 109.1277[[1]]
           [,1]      [,2]     [,3]     [,4]
[1,] -0.0260812 -6.717995 67.86277 109.1277

[[2]]
[1] 8.019449

GA | iter = 52 | Mean = 6.174432 | Best = 8.019449
-0.0260812 -6.717995 67.86277 109.1277[[1]]
           [,1]      [,2]     [,3]     [,4]
[1,] -0.0260812 -6.717995 67.86277 109.1277

[[2]]
[1] 8.019449

GA | iter = 53 | Mean = 6.449236 | Best = 8.019449
-0.0260812 -6.717995 67.86277 109.1277[[1]]
           [,1]      [,2]     [,3]     [,4]
[1,] -0.0260812 -6.717995 67.86277 109.1277

[[2]]
[1] 8.019449

GA | iter = 54 | Mean = 6.218451 | Best = 8.019449
-0.0260812 -6.717995 67.86277 109.1277[[1]]
           [,1]      [,2]     [,3]     [,4]
[1,] -0.0260812 -6.717995 67.86277 109.1277

[[2]]
[1] 8.019449

GA | iter = 55 | Mean = 6.609667 | Best = 8.019449
-0.0260812 -6.717995 67.86277 109.1277[[1]]
           [,1]      [,2]     [,3]     [,4]
[1,] -0.0260812 -6.717995 67.86277 109.1277

[[2]]
[1] 8.019449

GA | iter = 56 | Mean = 5.667626 | Best = 8.019449
-0.0260812 -6.717995 67.86277 109.1277[[1]]
           [,1]      [,2]     [,3]     [,4]
[1,] -0.0260812 -6.717995 67.86277 109.1277

[[2]]
[1] 8.019449

GA | iter = 57 | Mean = 6.041936 | Best = 8.019449
-0.0260812 -6.717995 67.86277 109.1277[[1]]
           [,1]      [,2]     [,3]     [,4]
[1,] -0.0260812 -6.717995 67.86277 109.1277

[[2]]
[1] 8.019449

GA | iter = 58 | Mean = 6.218838 | Best = 8.019449
-0.0260812 -6.717995 67.86277 109.1277[[1]]
           [,1]      [,2]     [,3]     [,4]
[1,] -0.0260812 -6.717995 67.86277 109.1277

[[2]]
[1] 8.019449

GA | iter = 59 | Mean = 5.667158 | Best = 8.019449
0.06568391 -7.377042 70.68459 99.06083[[1]]
           [,1]      [,2]     [,3]     [,4]
[1,] 0.06568391 -7.377042 70.68459 99.06083

[[2]]
[1] 8.019718

GA | iter = 60 | Mean = 6.309582 | Best = 8.019718
0.06568391 -7.377042 70.68459 99.06083[[1]]
           [,1]      [,2]     [,3]     [,4]
[1,] 0.06568391 -7.377042 70.68459 99.06083

[[2]]
[1] 8.019718

GA | iter = 61 | Mean = 6.503576 | Best = 8.019718
0.06568391 -7.377042 70.68459 99.06083[[1]]
           [,1]      [,2]     [,3]     [,4]
[1,] 0.06568391 -7.377042 70.68459 99.06083

[[2]]
[1] 8.019718

GA | iter = 62 | Mean = 6.302779 | Best = 8.019718
0.06568391 -7.377042 70.68459 99.06083[[1]]
           [,1]      [,2]     [,3]     [,4]
[1,] 0.06568391 -7.377042 70.68459 99.06083

[[2]]
[1] 8.019718

GA | iter = 63 | Mean = 5.948052 | Best = 8.019718
0.06568391 -7.377042 70.68459 99.06083[[1]]
           [,1]      [,2]     [,3]     [,4]
[1,] 0.06568391 -7.377042 70.68459 99.06083

[[2]]
[1] 8.019718

GA | iter = 64 | Mean = 6.155239 | Best = 8.019718
0.06568391 -7.377042 70.68459 99.06083[[1]]
           [,1]      [,2]     [,3]     [,4]
[1,] 0.06568391 -7.377042 70.68459 99.06083

[[2]]
[1] 8.019718

GA | iter = 65 | Mean = 6.286238 | Best = 8.019718
0.06568391 -7.377042 70.68459 99.06083[[1]]
           [,1]      [,2]     [,3]     [,4]
[1,] 0.06568391 -7.377042 70.68459 99.06083

[[2]]
[1] 8.019718

GA | iter = 66 | Mean = 5.776254 | Best = 8.019718
0.06568391 -7.377042 70.68459 99.06083[[1]]
           [,1]      [,2]     [,3]     [,4]
[1,] 0.06568391 -7.377042 70.68459 99.06083

[[2]]
[1] 8.019718

GA | iter = 67 | Mean = 6.294987 | Best = 8.019718
0.06568391 -7.377042 70.68459 99.06083[[1]]
           [,1]      [,2]     [,3]     [,4]
[1,] 0.06568391 -7.377042 70.68459 99.06083

[[2]]
[1] 8.019718

GA | iter = 68 | Mean = 5.766387 | Best = 8.019718
0.06568391 -7.377042 70.68459 99.06083[[1]]
           [,1]      [,2]     [,3]     [,4]
[1,] 0.06568391 -7.377042 70.68459 99.06083

[[2]]
[1] 8.019718

GA | iter = 69 | Mean = 6.386175 | Best = 8.019718
0.04365018 -7.434526 71.19386 150.9036[[1]]
           [,1]      [,2]     [,3]     [,4]
[1,] 0.04365018 -7.434526 71.19386 150.9036

[[2]]
[1] 8.0198

GA | iter = 70 | Mean = 6.127778 | Best = 8.019800
0.04365018 -7.434526 71.19386 150.9036[[1]]
           [,1]      [,2]     [,3]     [,4]
[1,] 0.04365018 -7.434526 71.19386 150.9036

[[2]]
[1] 8.0198

GA | iter = 71 | Mean = 6.06719 | Best = 8.01980
0.04365018 -7.434526 71.19386 150.9036[[1]]
           [,1]      [,2]     [,3]     [,4]
[1,] 0.04365018 -7.434526 71.19386 150.9036

[[2]]
[1] 8.0198

GA | iter = 72 | Mean = 6.201722 | Best = 8.019800
0.04365018 -7.434526 71.19386 150.9036[[1]]
           [,1]      [,2]     [,3]     [,4]
[1,] 0.04365018 -7.434526 71.19386 150.9036

[[2]]
[1] 8.0198

GA | iter = 73 | Mean = 6.315708 | Best = 8.019800
0.04365018 -7.434526 71.19386 150.9036[[1]]
           [,1]      [,2]     [,3]     [,4]
[1,] 0.04365018 -7.434526 71.19386 150.9036

[[2]]
[1] 8.0198

GA | iter = 74 | Mean = 6.253111 | Best = 8.019800
0.04365018 -7.434526 71.19386 150.9036[[1]]
           [,1]      [,2]     [,3]     [,4]
[1,] 0.04365018 -7.434526 71.19386 150.9036

[[2]]
[1] 8.0198

GA | iter = 75 | Mean = 6.110948 | Best = 8.019800
0.04365018 -7.434526 71.19386 150.9036[[1]]
           [,1]      [,2]     [,3]     [,4]
[1,] 0.04365018 -7.434526 71.19386 150.9036

[[2]]
[1] 8.0198

GA | iter = 76 | Mean = 6.113057 | Best = 8.019800
0.04365018 -7.434526 71.19386 150.9036[[1]]
           [,1]      [,2]     [,3]     [,4]
[1,] 0.04365018 -7.434526 71.19386 150.9036

[[2]]
[1] 8.0198

GA | iter = 77 | Mean = 6.333863 | Best = 8.019800
0.04365018 -7.434526 71.19386 150.9036[[1]]
           [,1]      [,2]     [,3]     [,4]
[1,] 0.04365018 -7.434526 71.19386 150.9036

[[2]]
[1] 8.0198

GA | iter = 78 | Mean = 6.259335 | Best = 8.019800
0.04365018 -7.434526 71.19386 150.9036[[1]]
           [,1]      [,2]     [,3]     [,4]
[1,] 0.04365018 -7.434526 71.19386 150.9036

[[2]]
[1] 8.0198

GA | iter = 79 | Mean = 5.998449 | Best = 8.019800
0.04365018 -7.434526 71.19386 150.9036[[1]]
           [,1]      [,2]     [,3]     [,4]
[1,] 0.04365018 -7.434526 71.19386 150.9036

[[2]]
[1] 8.0198

GA | iter = 80 | Mean = 6.485824 | Best = 8.019800
0.04365018 -7.434526 71.19386 150.9036[[1]]
           [,1]      [,2]     [,3]     [,4]
[1,] 0.04365018 -7.434526 71.19386 150.9036

[[2]]
[1] 8.0198

GA | iter = 81 | Mean = 6.319546 | Best = 8.019800
0.04365018 -7.434526 71.19386 150.9036[[1]]
           [,1]      [,2]     [,3]     [,4]
[1,] 0.04365018 -7.434526 71.19386 150.9036

[[2]]
[1] 8.0198

GA | iter = 82 | Mean = 6.080234 | Best = 8.019800
0.04365018 -7.434526 71.19386 150.9036[[1]]
           [,1]      [,2]     [,3]     [,4]
[1,] 0.04365018 -7.434526 71.19386 150.9036

[[2]]
[1] 8.0198

GA | iter = 83 | Mean = 6.145361 | Best = 8.019800
0.04365018 -7.434526 71.19386 150.9036[[1]]
           [,1]      [,2]     [,3]     [,4]
[1,] 0.04365018 -7.434526 71.19386 150.9036

[[2]]
[1] 8.0198

GA | iter = 84 | Mean = 6.249727 | Best = 8.019800
0.04365018 -7.434526 71.19386 150.9036[[1]]
           [,1]      [,2]     [,3]     [,4]
[1,] 0.04365018 -7.434526 71.19386 150.9036

[[2]]
[1] 8.0198

GA | iter = 85 | Mean = 6.115231 | Best = 8.019800
0.04365018 -7.434526 71.19386 150.9036[[1]]
           [,1]      [,2]     [,3]     [,4]
[1,] 0.04365018 -7.434526 71.19386 150.9036

[[2]]
[1] 8.0198

GA | iter = 86 | Mean = 6.304576 | Best = 8.019800
0.04365018 -7.434526 71.19386 150.9036[[1]]
           [,1]      [,2]     [,3]     [,4]
[1,] 0.04365018 -7.434526 71.19386 150.9036

[[2]]
[1] 8.0198

GA | iter = 87 | Mean = 6.150791 | Best = 8.019800
0.04365018 -7.434526 71.19386 150.9036[[1]]
           [,1]      [,2]     [,3]     [,4]
[1,] 0.04365018 -7.434526 71.19386 150.9036

[[2]]
[1] 8.0198

GA | iter = 88 | Mean = 6.128198 | Best = 8.019800
0.04365018 -7.434526 71.19386 150.9036[[1]]
           [,1]      [,2]     [,3]     [,4]
[1,] 0.04365018 -7.434526 71.19386 150.9036

[[2]]
[1] 8.0198

GA | iter = 89 | Mean = 6.09566 | Best = 8.01980
0.04365018 -7.434526 71.19386 150.9036[[1]]
           [,1]      [,2]     [,3]     [,4]
[1,] 0.04365018 -7.434526 71.19386 150.9036

[[2]]
[1] 8.0198

GA | iter = 90 | Mean = 6.052742 | Best = 8.019800
0.04365018 -7.434526 71.19386 150.9036[[1]]
           [,1]      [,2]     [,3]     [,4]
[1,] 0.04365018 -7.434526 71.19386 150.9036

[[2]]
[1] 8.0198

GA | iter = 91 | Mean = 6.191835 | Best = 8.019800
0.04365018 -7.434526 71.19386 150.9036[[1]]
           [,1]      [,2]     [,3]     [,4]
[1,] 0.04365018 -7.434526 71.19386 150.9036

[[2]]
[1] 8.0198

GA | iter = 92 | Mean = 6.234837 | Best = 8.019800
0.04365018 -7.434526 71.19386 150.9036[[1]]
           [,1]      [,2]     [,3]     [,4]
[1,] 0.04365018 -7.434526 71.19386 150.9036

[[2]]
[1] 8.0198

GA | iter = 93 | Mean = 6.130234 | Best = 8.019800
0.04365018 -7.434526 71.19386 150.9036[[1]]
           [,1]      [,2]     [,3]     [,4]
[1,] 0.04365018 -7.434526 71.19386 150.9036

[[2]]
[1] 8.0198

GA | iter = 94 | Mean = 6.264663 | Best = 8.019800
0.04365018 -7.434526 71.19386 150.9036[[1]]
           [,1]      [,2]     [,3]     [,4]
[1,] 0.04365018 -7.434526 71.19386 150.9036

[[2]]
[1] 8.0198

GA | iter = 95 | Mean = 6.064544 | Best = 8.019800
0.04365018 -7.434526 71.19386 150.9036[[1]]
           [,1]      [,2]     [,3]     [,4]
[1,] 0.04365018 -7.434526 71.19386 150.9036

[[2]]
[1] 8.0198

GA | iter = 96 | Mean = 6.105776 | Best = 8.019800
0.04365018 -7.434526 71.19386 150.9036[[1]]
           [,1]      [,2]     [,3]     [,4]
[1,] 0.04365018 -7.434526 71.19386 150.9036

[[2]]
[1] 8.0198

GA | iter = 97 | Mean = 5.988226 | Best = 8.019800
0.04365018 -7.434526 71.19386 150.9036[[1]]
           [,1]      [,2]     [,3]     [,4]
[1,] 0.04365018 -7.434526 71.19386 150.9036

[[2]]
[1] 8.0198

GA | iter = 98 | Mean = 6.358587 | Best = 8.019800
0.02746616 -7.11077 62.12372 357.8494[[1]]
           [,1]     [,2]     [,3]     [,4]
[1,] 0.02746616 -7.11077 62.12372 357.8494

[[2]]
[1] 8.020079

GA | iter = 99 | Mean = 6.483257 | Best = 8.020079
0.02746616 -7.11077 62.12372 357.8494[[1]]
           [,1]     [,2]     [,3]     [,4]
[1,] 0.02746616 -7.11077 62.12372 357.8494

[[2]]
[1] 8.020079

GA | iter = 100 | Mean = 6.437826 | Best = 8.020079
0.02746616 -7.11077 62.12372 357.8494[[1]]
           [,1]     [,2]     [,3]     [,4]
[1,] 0.02746616 -7.11077 62.12372 357.8494

[[2]]
[1] 8.020079

GA | iter = 101 | Mean = 6.035085 | Best = 8.020079
0.02746616 -7.11077 62.12372 357.8494[[1]]
           [,1]     [,2]     [,3]     [,4]
[1,] 0.02746616 -7.11077 62.12372 357.8494

[[2]]
[1] 8.020079

GA | iter = 102 | Mean = 5.630915 | Best = 8.020079
0.02746616 -7.11077 62.12372 357.8494[[1]]
           [,1]     [,2]     [,3]     [,4]
[1,] 0.02746616 -7.11077 62.12372 357.8494

[[2]]
[1] 8.020079

GA | iter = 103 | Mean = 6.216684 | Best = 8.020079
0.02746616 -7.11077 62.12372 357.8494[[1]]
           [,1]     [,2]     [,3]     [,4]
[1,] 0.02746616 -7.11077 62.12372 357.8494

[[2]]
[1] 8.020079

GA | iter = 104 | Mean = 5.966003 | Best = 8.020079
0.02746616 -7.11077 62.12372 357.8494[[1]]
           [,1]     [,2]     [,3]     [,4]
[1,] 0.02746616 -7.11077 62.12372 357.8494

[[2]]
[1] 8.020079

GA | iter = 105 | Mean = 5.908795 | Best = 8.020079
0.02746616 -7.11077 62.12372 357.8494[[1]]
           [,1]     [,2]     [,3]     [,4]
[1,] 0.02746616 -7.11077 62.12372 357.8494

[[2]]
[1] 8.020079

GA | iter = 106 | Mean = 6.254184 | Best = 8.020079
0.02746616 -7.11077 62.12372 357.8494[[1]]
           [,1]     [,2]     [,3]     [,4]
[1,] 0.02746616 -7.11077 62.12372 357.8494

[[2]]
[1] 8.020079

GA | iter = 107 | Mean = 6.043202 | Best = 8.020079
0.02746616 -7.11077 62.12372 357.8494[[1]]
           [,1]     [,2]     [,3]     [,4]
[1,] 0.02746616 -7.11077 62.12372 357.8494

[[2]]
[1] 8.020079

GA | iter = 108 | Mean = 5.952180 | Best = 8.020079
0.02746616 -7.11077 62.12372 357.8494[[1]]
           [,1]     [,2]     [,3]     [,4]
[1,] 0.02746616 -7.11077 62.12372 357.8494

[[2]]
[1] 8.020079

GA | iter = 109 | Mean = 6.186215 | Best = 8.020079
0.02746616 -7.11077 62.12372 357.8494[[1]]
           [,1]     [,2]     [,3]     [,4]
[1,] 0.02746616 -7.11077 62.12372 357.8494

[[2]]
[1] 8.020079

GA | iter = 110 | Mean = 6.171193 | Best = 8.020079
0.02746616 -7.11077 62.12372 357.8494[[1]]
           [,1]     [,2]     [,3]     [,4]
[1,] 0.02746616 -7.11077 62.12372 357.8494

[[2]]
[1] 8.020079

GA | iter = 111 | Mean = 6.161738 | Best = 8.020079
0.02746616 -7.11077 62.12372 357.8494[[1]]
           [,1]     [,2]     [,3]     [,4]
[1,] 0.02746616 -7.11077 62.12372 357.8494

[[2]]
[1] 8.020079

GA | iter = 112 | Mean = 6.176312 | Best = 8.020079
0.02746616 -7.11077 62.12372 357.8494[[1]]
           [,1]     [,2]     [,3]     [,4]
[1,] 0.02746616 -7.11077 62.12372 357.8494

[[2]]
[1] 8.020079

GA | iter = 113 | Mean = 6.081846 | Best = 8.020079
0.02746616 -7.11077 62.12372 357.8494[[1]]
           [,1]     [,2]     [,3]     [,4]
[1,] 0.02746616 -7.11077 62.12372 357.8494

[[2]]
[1] 8.020079

GA | iter = 114 | Mean = 6.435313 | Best = 8.020079
0.02746616 -7.11077 62.12372 357.8494[[1]]
           [,1]     [,2]     [,3]     [,4]
[1,] 0.02746616 -7.11077 62.12372 357.8494

[[2]]
[1] 8.020079

GA | iter = 115 | Mean = 6.074813 | Best = 8.020079
0.04649276 -7.149378 55.28491 585.8114[[1]]
           [,1]      [,2]     [,3]     [,4]
[1,] 0.04649276 -7.149378 55.28491 585.8114

[[2]]
[1] 8.02026

GA | iter = 116 | Mean = 6.238804 | Best = 8.020260
0.04649276 -7.149378 55.28491 585.8114[[1]]
           [,1]      [,2]     [,3]     [,4]
[1,] 0.04649276 -7.149378 55.28491 585.8114

[[2]]
[1] 8.02026

GA | iter = 117 | Mean = 6.023382 | Best = 8.020260
0.04649276 -7.149378 55.28491 585.8114[[1]]
           [,1]      [,2]     [,3]     [,4]
[1,] 0.04649276 -7.149378 55.28491 585.8114

[[2]]
[1] 8.02026

GA | iter = 118 | Mean = 6.202034 | Best = 8.020260
0.04649276 -7.149378 55.28491 585.8114[[1]]
           [,1]      [,2]     [,3]     [,4]
[1,] 0.04649276 -7.149378 55.28491 585.8114

[[2]]
[1] 8.02026

GA | iter = 119 | Mean = 5.872747 | Best = 8.020260
0.04649276 -7.149378 55.28491 585.8114[[1]]
           [,1]      [,2]     [,3]     [,4]
[1,] 0.04649276 -7.149378 55.28491 585.8114

[[2]]
[1] 8.02026

GA | iter = 120 | Mean = 6.424266 | Best = 8.020260
0.04649276 -7.149378 55.28491 585.8114[[1]]
           [,1]      [,2]     [,3]     [,4]
[1,] 0.04649276 -7.149378 55.28491 585.8114

[[2]]
[1] 8.02026

GA | iter = 121 | Mean = 6.314209 | Best = 8.020260
0.04649276 -7.149378 55.28491 585.8114[[1]]
           [,1]      [,2]     [,3]     [,4]
[1,] 0.04649276 -7.149378 55.28491 585.8114

[[2]]
[1] 8.02026

GA | iter = 122 | Mean = 6.000754 | Best = 8.020260
0.04649276 -7.149378 55.28491 585.8114[[1]]
           [,1]      [,2]     [,3]     [,4]
[1,] 0.04649276 -7.149378 55.28491 585.8114

[[2]]
[1] 8.02026

GA | iter = 123 | Mean = 5.972256 | Best = 8.020260
0.04649276 -7.149378 55.28491 585.8114[[1]]
           [,1]      [,2]     [,3]     [,4]
[1,] 0.04649276 -7.149378 55.28491 585.8114

[[2]]
[1] 8.02026

GA | iter = 124 | Mean = 6.308588 | Best = 8.020260
0.04649276 -7.149378 55.28491 585.8114[[1]]
           [,1]      [,2]     [,3]     [,4]
[1,] 0.04649276 -7.149378 55.28491 585.8114

[[2]]
[1] 8.02026

GA | iter = 125 | Mean = 5.836216 | Best = 8.020260
0.04649276 -7.149378 55.28491 585.8114[[1]]
           [,1]      [,2]     [,3]     [,4]
[1,] 0.04649276 -7.149378 55.28491 585.8114

[[2]]
[1] 8.02026

GA | iter = 126 | Mean = 6.268883 | Best = 8.020260
0.04649276 -7.149378 55.28491 585.8114[[1]]
           [,1]      [,2]     [,3]     [,4]
[1,] 0.04649276 -7.149378 55.28491 585.8114

[[2]]
[1] 8.02026

GA | iter = 127 | Mean = 6.090801 | Best = 8.020260
0.04649276 -7.149378 55.28491 585.8114[[1]]
           [,1]      [,2]     [,3]     [,4]
[1,] 0.04649276 -7.149378 55.28491 585.8114

[[2]]
[1] 8.02026

GA | iter = 128 | Mean = 6.237611 | Best = 8.020260
0.04649276 -7.149378 55.28491 585.8114[[1]]
           [,1]      [,2]     [,3]     [,4]
[1,] 0.04649276 -7.149378 55.28491 585.8114

[[2]]
[1] 8.02026

GA | iter = 129 | Mean = 6.54185 | Best = 8.02026
0.04649276 -7.149378 55.28491 585.8114[[1]]
           [,1]      [,2]     [,3]     [,4]
[1,] 0.04649276 -7.149378 55.28491 585.8114

[[2]]
[1] 8.02026

GA | iter = 130 | Mean = 6.185509 | Best = 8.020260
0.04649276 -7.149378 55.28491 585.8114[[1]]
           [,1]      [,2]     [,3]     [,4]
[1,] 0.04649276 -7.149378 55.28491 585.8114

[[2]]
[1] 8.02026

GA | iter = 131 | Mean = 6.290346 | Best = 8.020260
0.04649276 -7.149378 55.28491 585.8114[[1]]
           [,1]      [,2]     [,3]     [,4]
[1,] 0.04649276 -7.149378 55.28491 585.8114

[[2]]
[1] 8.02026

GA | iter = 132 | Mean = 6.15152 | Best = 8.02026
0.04649276 -7.149378 55.28491 585.8114[[1]]
           [,1]      [,2]     [,3]     [,4]
[1,] 0.04649276 -7.149378 55.28491 585.8114

[[2]]
[1] 8.02026

GA | iter = 133 | Mean = 6.019681 | Best = 8.020260
0.04649276 -7.149378 55.28491 585.8114[[1]]
           [,1]      [,2]     [,3]     [,4]
[1,] 0.04649276 -7.149378 55.28491 585.8114

[[2]]
[1] 8.02026

GA | iter = 134 | Mean = 6.06729 | Best = 8.02026
0.04649276 -7.149378 55.28491 585.8114[[1]]
           [,1]      [,2]     [,3]     [,4]
[1,] 0.04649276 -7.149378 55.28491 585.8114

[[2]]
[1] 8.02026

GA | iter = 135 | Mean = 6.225902 | Best = 8.020260
0.04649276 -7.149378 55.28491 585.8114[[1]]
           [,1]      [,2]     [,3]     [,4]
[1,] 0.04649276 -7.149378 55.28491 585.8114

[[2]]
[1] 8.02026

GA | iter = 136 | Mean = 6.084919 | Best = 8.020260
0.04649276 -7.149378 55.28491 585.8114[[1]]
           [,1]      [,2]     [,3]     [,4]
[1,] 0.04649276 -7.149378 55.28491 585.8114

[[2]]
[1] 8.02026

GA | iter = 137 | Mean = 6.206756 | Best = 8.020260
0.04649276 -7.149378 55.28491 585.8114[[1]]
           [,1]      [,2]     [,3]     [,4]
[1,] 0.04649276 -7.149378 55.28491 585.8114

[[2]]
[1] 8.02026

GA | iter = 138 | Mean = 6.122681 | Best = 8.020260
0.04649276 -7.149378 55.28491 585.8114[[1]]
           [,1]      [,2]     [,3]     [,4]
[1,] 0.04649276 -7.149378 55.28491 585.8114

[[2]]
[1] 8.02026

GA | iter = 139 | Mean = 6.430793 | Best = 8.020260
0.04649276 -7.149378 55.28491 585.8114[[1]]
           [,1]      [,2]     [,3]     [,4]
[1,] 0.04649276 -7.149378 55.28491 585.8114

[[2]]
[1] 8.02026

GA | iter = 140 | Mean = 6.37084 | Best = 8.02026
0.04649276 -7.149378 55.28491 585.8114[[1]]
           [,1]      [,2]     [,3]     [,4]
[1,] 0.04649276 -7.149378 55.28491 585.8114

[[2]]
[1] 8.02026

GA | iter = 141 | Mean = 6.237977 | Best = 8.020260
0.04649276 -7.149378 55.28491 585.8114[[1]]
           [,1]      [,2]     [,3]     [,4]
[1,] 0.04649276 -7.149378 55.28491 585.8114

[[2]]
[1] 8.02026

GA | iter = 142 | Mean = 6.084773 | Best = 8.020260
0.04649276 -7.149378 55.28491 585.8114[[1]]
           [,1]      [,2]     [,3]     [,4]
[1,] 0.04649276 -7.149378 55.28491 585.8114

[[2]]
[1] 8.02026

GA | iter = 143 | Mean = 5.930811 | Best = 8.020260
0.06160882 -7.149808 59.15229 417.766[[1]]
           [,1]      [,2]     [,3]    [,4]
[1,] 0.06160882 -7.149808 59.15229 417.766

[[2]]
[1] 8.020667

GA | iter = 144 | Mean = 5.889977 | Best = 8.020667
0.06160882 -7.149808 59.15229 417.766[[1]]
           [,1]      [,2]     [,3]    [,4]
[1,] 0.06160882 -7.149808 59.15229 417.766

[[2]]
[1] 8.020667

GA | iter = 145 | Mean = 6.256052 | Best = 8.020667
0.06160882 -7.149808 59.15229 417.766[[1]]
           [,1]      [,2]     [,3]    [,4]
[1,] 0.06160882 -7.149808 59.15229 417.766

[[2]]
[1] 8.020667

GA | iter = 146 | Mean = 6.112281 | Best = 8.020667
0.06160882 -7.149808 59.15229 417.766[[1]]
           [,1]      [,2]     [,3]    [,4]
[1,] 0.06160882 -7.149808 59.15229 417.766

[[2]]
[1] 8.020667

GA | iter = 147 | Mean = 5.510048 | Best = 8.020667
0.06160882 -7.149808 59.15229 417.766[[1]]
           [,1]      [,2]     [,3]    [,4]
[1,] 0.06160882 -7.149808 59.15229 417.766

[[2]]
[1] 8.020667

GA | iter = 148 | Mean = 6.211152 | Best = 8.020667
0.06160882 -7.149808 59.15229 417.766[[1]]
           [,1]      [,2]     [,3]    [,4]
[1,] 0.06160882 -7.149808 59.15229 417.766

[[2]]
[1] 8.020667

GA | iter = 149 | Mean = 5.942631 | Best = 8.020667
0.06160882 -7.149808 59.15229 417.766[[1]]
           [,1]      [,2]     [,3]    [,4]
[1,] 0.06160882 -7.149808 59.15229 417.766

[[2]]
[1] 8.020667

GA | iter = 150 | Mean = 6.145830 | Best = 8.020667
0.06160882 -7.149808 59.15229 417.766[[1]]
           [,1]      [,2]     [,3]    [,4]
[1,] 0.06160882 -7.149808 59.15229 417.766

[[2]]
[1] 8.020667

GA | iter = 151 | Mean = 6.147090 | Best = 8.020667
0.06160882 -7.149808 59.15229 417.766[[1]]
           [,1]      [,2]     [,3]    [,4]
[1,] 0.06160882 -7.149808 59.15229 417.766

[[2]]
[1] 8.020667

GA | iter = 152 | Mean = 6.350747 | Best = 8.020667
0.06160882 -7.149808 59.15229 417.766[[1]]
           [,1]      [,2]     [,3]    [,4]
[1,] 0.06160882 -7.149808 59.15229 417.766

[[2]]
[1] 8.020667

GA | iter = 153 | Mean = 5.689810 | Best = 8.020667
0.06160882 -7.149808 59.15229 417.766[[1]]
           [,1]      [,2]     [,3]    [,4]
[1,] 0.06160882 -7.149808 59.15229 417.766

[[2]]
[1] 8.020667

GA | iter = 154 | Mean = 6.185234 | Best = 8.020667
0.06160882 -7.149808 59.15229 417.766[[1]]
           [,1]      [,2]     [,3]    [,4]
[1,] 0.06160882 -7.149808 59.15229 417.766

[[2]]
[1] 8.020667

GA | iter = 155 | Mean = 5.842043 | Best = 8.020667
0.06160882 -7.149808 59.15229 417.766[[1]]
           [,1]      [,2]     [,3]    [,4]
[1,] 0.06160882 -7.149808 59.15229 417.766

[[2]]
[1] 8.020667

GA | iter = 156 | Mean = 5.941982 | Best = 8.020667
0.06160882 -7.149808 59.15229 417.766[[1]]
           [,1]      [,2]     [,3]    [,4]
[1,] 0.06160882 -7.149808 59.15229 417.766

[[2]]
[1] 8.020667

GA | iter = 157 | Mean = 5.965606 | Best = 8.020667
0.06160882 -7.149808 59.15229 417.766[[1]]
           [,1]      [,2]     [,3]    [,4]
[1,] 0.06160882 -7.149808 59.15229 417.766

[[2]]
[1] 8.020667

GA | iter = 158 | Mean = 6.152382 | Best = 8.020667
0.06160882 -7.149808 59.15229 417.766[[1]]
           [,1]      [,2]     [,3]    [,4]
[1,] 0.06160882 -7.149808 59.15229 417.766

[[2]]
[1] 8.020667

GA | iter = 159 | Mean = 6.084861 | Best = 8.020667
0.06160882 -7.149808 59.15229 417.766[[1]]
           [,1]      [,2]     [,3]    [,4]
[1,] 0.06160882 -7.149808 59.15229 417.766

[[2]]
[1] 8.020667

GA | iter = 160 | Mean = 6.055014 | Best = 8.020667
0.06160882 -7.149808 59.15229 417.766[[1]]
           [,1]      [,2]     [,3]    [,4]
[1,] 0.06160882 -7.149808 59.15229 417.766

[[2]]
[1] 8.020667

GA | iter = 161 | Mean = 6.216358 | Best = 8.020667
0.06160882 -7.149808 59.15229 417.766[[1]]
           [,1]      [,2]     [,3]    [,4]
[1,] 0.06160882 -7.149808 59.15229 417.766

[[2]]
[1] 8.020667

GA | iter = 162 | Mean = 6.286886 | Best = 8.020667
0.06160882 -7.149808 59.15229 417.766[[1]]
           [,1]      [,2]     [,3]    [,4]
[1,] 0.06160882 -7.149808 59.15229 417.766

[[2]]
[1] 8.020667

GA | iter = 163 | Mean = 6.308602 | Best = 8.020667
0.06160882 -7.149808 59.15229 417.766[[1]]
           [,1]      [,2]     [,3]    [,4]
[1,] 0.06160882 -7.149808 59.15229 417.766

[[2]]
[1] 8.020667

GA | iter = 164 | Mean = 6.080850 | Best = 8.020667
0.06160882 -7.149808 59.15229 417.766[[1]]
           [,1]      [,2]     [,3]    [,4]
[1,] 0.06160882 -7.149808 59.15229 417.766

[[2]]
[1] 8.020667

GA | iter = 165 | Mean = 6.061065 | Best = 8.020667
0.06160882 -7.149808 59.15229 417.766[[1]]
           [,1]      [,2]     [,3]    [,4]
[1,] 0.06160882 -7.149808 59.15229 417.766

[[2]]
[1] 8.020667

GA | iter = 166 | Mean = 6.364344 | Best = 8.020667
0.06160882 -7.149808 59.15229 417.766[[1]]
           [,1]      [,2]     [,3]    [,4]
[1,] 0.06160882 -7.149808 59.15229 417.766

[[2]]
[1] 8.020667

GA | iter = 167 | Mean = 6.281168 | Best = 8.020667
0.06160882 -7.149808 59.15229 417.766[[1]]
           [,1]      [,2]     [,3]    [,4]
[1,] 0.06160882 -7.149808 59.15229 417.766

[[2]]
[1] 8.020667

GA | iter = 168 | Mean = 6.389579 | Best = 8.020667
0.06160882 -7.149808 59.15229 417.766[[1]]
           [,1]      [,2]     [,3]    [,4]
[1,] 0.06160882 -7.149808 59.15229 417.766

[[2]]
[1] 8.020667

GA | iter = 169 | Mean = 5.936772 | Best = 8.020667
0.06160882 -7.149808 59.15229 417.766[[1]]
           [,1]      [,2]     [,3]    [,4]
[1,] 0.06160882 -7.149808 59.15229 417.766

[[2]]
[1] 8.020667

GA | iter = 170 | Mean = 6.133661 | Best = 8.020667
0.06160882 -7.149808 59.15229 417.766[[1]]
           [,1]      [,2]     [,3]    [,4]
[1,] 0.06160882 -7.149808 59.15229 417.766

[[2]]
[1] 8.020667

GA | iter = 171 | Mean = 5.764506 | Best = 8.020667
0.06160882 -7.149808 59.15229 417.766[[1]]
           [,1]      [,2]     [,3]    [,4]
[1,] 0.06160882 -7.149808 59.15229 417.766

[[2]]
[1] 8.020667

GA | iter = 172 | Mean = 6.284873 | Best = 8.020667
0.06160882 -7.149808 59.15229 417.766[[1]]
           [,1]      [,2]     [,3]    [,4]
[1,] 0.06160882 -7.149808 59.15229 417.766

[[2]]
[1] 8.020667

GA | iter = 173 | Mean = 6.109992 | Best = 8.020667
0.06160882 -7.149808 59.15229 417.766[[1]]
           [,1]      [,2]     [,3]    [,4]
[1,] 0.06160882 -7.149808 59.15229 417.766

[[2]]
[1] 8.020667

GA | iter = 174 | Mean = 6.635534 | Best = 8.020667
0.06160882 -7.149808 59.15229 417.766[[1]]
           [,1]      [,2]     [,3]    [,4]
[1,] 0.06160882 -7.149808 59.15229 417.766

[[2]]
[1] 8.020667

GA | iter = 175 | Mean = 6.141656 | Best = 8.020667
0.06160882 -7.149808 59.15229 417.766[[1]]
           [,1]      [,2]     [,3]    [,4]
[1,] 0.06160882 -7.149808 59.15229 417.766

[[2]]
[1] 8.020667

GA | iter = 176 | Mean = 5.994980 | Best = 8.020667
0.06160882 -7.149808 59.15229 417.766[[1]]
           [,1]      [,2]     [,3]    [,4]
[1,] 0.06160882 -7.149808 59.15229 417.766

[[2]]
[1] 8.020667

GA | iter = 177 | Mean = 6.123576 | Best = 8.020667
0.06160882 -7.149808 59.15229 417.766[[1]]
           [,1]      [,2]     [,3]    [,4]
[1,] 0.06160882 -7.149808 59.15229 417.766

[[2]]
[1] 8.020667

GA | iter = 178 | Mean = 5.917507 | Best = 8.020667
0.06160882 -7.149808 59.15229 417.766[[1]]
           [,1]      [,2]     [,3]    [,4]
[1,] 0.06160882 -7.149808 59.15229 417.766

[[2]]
[1] 8.020667

GA | iter = 179 | Mean = 6.029652 | Best = 8.020667
0.06160882 -7.149808 59.15229 417.766[[1]]
           [,1]      [,2]     [,3]    [,4]
[1,] 0.06160882 -7.149808 59.15229 417.766

[[2]]
[1] 8.020667

GA | iter = 180 | Mean = 6.359225 | Best = 8.020667
0.06160882 -7.149808 59.15229 417.766[[1]]
           [,1]      [,2]     [,3]    [,4]
[1,] 0.06160882 -7.149808 59.15229 417.766

[[2]]
[1] 8.020667

GA | iter = 181 | Mean = 5.993511 | Best = 8.020667
0.06160882 -7.149808 59.15229 417.766[[1]]
           [,1]      [,2]     [,3]    [,4]
[1,] 0.06160882 -7.149808 59.15229 417.766

[[2]]
[1] 8.020667

GA | iter = 182 | Mean = 6.486592 | Best = 8.020667
0.06160882 -7.149808 59.15229 417.766[[1]]
           [,1]      [,2]     [,3]    [,4]
[1,] 0.06160882 -7.149808 59.15229 417.766

[[2]]
[1] 8.020667

GA | iter = 183 | Mean = 6.055693 | Best = 8.020667
0.06160882 -7.149808 59.15229 417.766[[1]]
           [,1]      [,2]     [,3]    [,4]
[1,] 0.06160882 -7.149808 59.15229 417.766

[[2]]
[1] 8.020667

GA | iter = 184 | Mean = 6.104041 | Best = 8.020667
0.06160882 -7.149808 59.15229 417.766[[1]]
           [,1]      [,2]     [,3]    [,4]
[1,] 0.06160882 -7.149808 59.15229 417.766

[[2]]
[1] 8.020667

GA | iter = 185 | Mean = 5.969934 | Best = 8.020667
0.06160882 -7.149808 59.15229 417.766[[1]]
           [,1]      [,2]     [,3]    [,4]
[1,] 0.06160882 -7.149808 59.15229 417.766

[[2]]
[1] 8.020667

GA | iter = 186 | Mean = 6.370552 | Best = 8.020667
0.06214017 -7.129376 50.62728 703.6903[[1]]
           [,1]      [,2]     [,3]     [,4]
[1,] 0.06214017 -7.129376 50.62728 703.6903

[[2]]
[1] 8.020689

GA | iter = 187 | Mean = 6.472352 | Best = 8.020689
0.06214017 -7.129376 50.62728 703.6903[[1]]
           [,1]      [,2]     [,3]     [,4]
[1,] 0.06214017 -7.129376 50.62728 703.6903

[[2]]
[1] 8.020689

GA | iter = 188 | Mean = 6.326146 | Best = 8.020689
0.06214017 -7.129376 50.62728 703.6903[[1]]
           [,1]      [,2]     [,3]     [,4]
[1,] 0.06214017 -7.129376 50.62728 703.6903

[[2]]
[1] 8.020689

GA | iter = 189 | Mean = 6.161635 | Best = 8.020689
0.06205146 -7.119564 51.36794 671.3308[[1]]
           [,1]      [,2]     [,3]     [,4]
[1,] 0.06205146 -7.119564 51.36794 671.3308

[[2]]
[1] 8.020764

GA | iter = 190 | Mean = 6.200144 | Best = 8.020764
0.06205146 -7.119564 51.36794 671.3308[[1]]
           [,1]      [,2]     [,3]     [,4]
[1,] 0.06205146 -7.119564 51.36794 671.3308

[[2]]
[1] 8.020764

GA | iter = 191 | Mean = 6.364262 | Best = 8.020764
0.06205146 -7.119564 51.36794 671.3308[[1]]
           [,1]      [,2]     [,3]     [,4]
[1,] 0.06205146 -7.119564 51.36794 671.3308

[[2]]
[1] 8.020764

GA | iter = 192 | Mean = 6.340589 | Best = 8.020764
0.06205146 -7.119564 51.36794 671.3308[[1]]
           [,1]      [,2]     [,3]     [,4]
[1,] 0.06205146 -7.119564 51.36794 671.3308

[[2]]
[1] 8.020764

GA | iter = 193 | Mean = 6.275518 | Best = 8.020764
0.06205146 -7.119564 51.36794 671.3308[[1]]
           [,1]      [,2]     [,3]     [,4]
[1,] 0.06205146 -7.119564 51.36794 671.3308

[[2]]
[1] 8.020764

GA | iter = 194 | Mean = 5.880628 | Best = 8.020764
0.06205146 -7.119564 51.36794 671.3308[[1]]
           [,1]      [,2]     [,3]     [,4]
[1,] 0.06205146 -7.119564 51.36794 671.3308

[[2]]
[1] 8.020764

GA | iter = 195 | Mean = 6.276685 | Best = 8.020764
0.06205146 -7.119564 51.36794 671.3308[[1]]
           [,1]      [,2]     [,3]     [,4]
[1,] 0.06205146 -7.119564 51.36794 671.3308

[[2]]
[1] 8.020764

GA | iter = 196 | Mean = 6.109654 | Best = 8.020764
0.06205146 -7.119564 51.36794 671.3308[[1]]
           [,1]      [,2]     [,3]     [,4]
[1,] 0.06205146 -7.119564 51.36794 671.3308

[[2]]
[1] 8.020764

GA | iter = 197 | Mean = 6.375029 | Best = 8.020764
0.07862219 -7.119971 51.13482 640.9705[[1]]
           [,1]      [,2]     [,3]     [,4]
[1,] 0.07862219 -7.119971 51.13482 640.9705

[[2]]
[1] 8.020973

GA | iter = 198 | Mean = 6.115595 | Best = 8.020973
0.07862219 -7.119971 51.13482 640.9705[[1]]
           [,1]      [,2]     [,3]     [,4]
[1,] 0.07862219 -7.119971 51.13482 640.9705

[[2]]
[1] 8.020973

GA | iter = 199 | Mean = 5.888462 | Best = 8.020973
0.07862219 -7.119971 51.13482 640.9705[[1]]
           [,1]      [,2]     [,3]     [,4]
[1,] 0.07862219 -7.119971 51.13482 640.9705

[[2]]
[1] 8.020973

GA | iter = 200 | Mean = 5.944030 | Best = 8.020973
0.07862219 -7.119971 51.13482 640.9705[[1]]
           [,1]      [,2]     [,3]     [,4]
[1,] 0.07862219 -7.119971 51.13482 640.9705

[[2]]
[1] 8.020973

GA | iter = 201 | Mean = 6.198325 | Best = 8.020973
0.07862219 -7.119971 51.13482 640.9705[[1]]
           [,1]      [,2]     [,3]     [,4]
[1,] 0.07862219 -7.119971 51.13482 640.9705

[[2]]
[1] 8.020973

GA | iter = 202 | Mean = 6.201708 | Best = 8.020973
0.07862219 -7.119971 51.13482 640.9705[[1]]
           [,1]      [,2]     [,3]     [,4]
[1,] 0.07862219 -7.119971 51.13482 640.9705

[[2]]
[1] 8.020973

GA | iter = 203 | Mean = 6.063647 | Best = 8.020973
0.07862219 -7.119971 51.13482 640.9705[[1]]
           [,1]      [,2]     [,3]     [,4]
[1,] 0.07862219 -7.119971 51.13482 640.9705

[[2]]
[1] 8.020973

GA | iter = 204 | Mean = 6.508969 | Best = 8.020973
0.07862219 -7.119971 51.13482 640.9705[[1]]
           [,1]      [,2]     [,3]     [,4]
[1,] 0.07862219 -7.119971 51.13482 640.9705

[[2]]
[1] 8.020973

GA | iter = 205 | Mean = 5.839760 | Best = 8.020973
0.07862219 -7.119971 51.13482 640.9705[[1]]
           [,1]      [,2]     [,3]     [,4]
[1,] 0.07862219 -7.119971 51.13482 640.9705

[[2]]
[1] 8.020973

GA | iter = 206 | Mean = 6.112745 | Best = 8.020973
0.07908282 -7.118461 54.40463 537.0355[[1]]
           [,1]      [,2]     [,3]     [,4]
[1,] 0.07908282 -7.118461 54.40463 537.0355

[[2]]
[1] 8.021036

GA | iter = 207 | Mean = 6.021876 | Best = 8.021036
0.07908282 -7.118461 54.40463 537.0355[[1]]
           [,1]      [,2]     [,3]     [,4]
[1,] 0.07908282 -7.118461 54.40463 537.0355

[[2]]
[1] 8.021036

GA | iter = 208 | Mean = 6.256229 | Best = 8.021036
0.07908282 -7.118461 54.40463 537.0355[[1]]
           [,1]      [,2]     [,3]     [,4]
[1,] 0.07908282 -7.118461 54.40463 537.0355

[[2]]
[1] 8.021036

GA | iter = 209 | Mean = 6.173516 | Best = 8.021036
0.07908282 -7.118461 54.40463 537.0355[[1]]
           [,1]      [,2]     [,3]     [,4]
[1,] 0.07908282 -7.118461 54.40463 537.0355

[[2]]
[1] 8.021036

GA | iter = 210 | Mean = 6.098844 | Best = 8.021036
0.09734973 -7.119945 54.11019 503.8635[[1]]
           [,1]      [,2]     [,3]     [,4]
[1,] 0.09734973 -7.119945 54.11019 503.8635

[[2]]
[1] 8.021077

GA | iter = 211 | Mean = 6.227571 | Best = 8.021077
0.09734973 -7.119945 54.11019 503.8635[[1]]
           [,1]      [,2]     [,3]     [,4]
[1,] 0.09734973 -7.119945 54.11019 503.8635

[[2]]
[1] 8.021077

GA | iter = 212 | Mean = 6.425641 | Best = 8.021077
0.09734973 -7.119945 54.11019 503.8635[[1]]
           [,1]      [,2]     [,3]     [,4]
[1,] 0.09734973 -7.119945 54.11019 503.8635

[[2]]
[1] 8.021077

GA | iter = 213 | Mean = 6.268720 | Best = 8.021077
0.09734973 -7.119945 54.11019 503.8635[[1]]
           [,1]      [,2]     [,3]     [,4]
[1,] 0.09734973 -7.119945 54.11019 503.8635

[[2]]
[1] 8.021077

GA | iter = 214 | Mean = 6.321591 | Best = 8.021077
0.09734973 -7.119945 54.11019 503.8635[[1]]
           [,1]      [,2]     [,3]     [,4]
[1,] 0.09734973 -7.119945 54.11019 503.8635

[[2]]
[1] 8.021077

GA | iter = 215 | Mean = 5.993450 | Best = 8.021077
0.09143634 -7.121053 54.6729 498.6742[[1]]
           [,1]      [,2]    [,3]     [,4]
[1,] 0.09143634 -7.121053 54.6729 498.6742

[[2]]
[1] 8.021088

GA | iter = 216 | Mean = 5.929272 | Best = 8.021088
0.09143634 -7.121053 54.6729 498.6742[[1]]
           [,1]      [,2]    [,3]     [,4]
[1,] 0.09143634 -7.121053 54.6729 498.6742

[[2]]
[1] 8.021088

GA | iter = 217 | Mean = 6.393104 | Best = 8.021088
0.09143634 -7.121053 54.6729 498.6742[[1]]
           [,1]      [,2]    [,3]     [,4]
[1,] 0.09143634 -7.121053 54.6729 498.6742

[[2]]
[1] 8.021088

GA | iter = 218 | Mean = 6.315746 | Best = 8.021088
0.09143634 -7.121053 54.6729 498.6742[[1]]
           [,1]      [,2]    [,3]     [,4]
[1,] 0.09143634 -7.121053 54.6729 498.6742

[[2]]
[1] 8.021088

GA | iter = 219 | Mean = 6.150763 | Best = 8.021088
0.09143634 -7.121053 54.6729 498.6742[[1]]
           [,1]      [,2]    [,3]     [,4]
[1,] 0.09143634 -7.121053 54.6729 498.6742

[[2]]
[1] 8.021088

GA | iter = 220 | Mean = 6.022547 | Best = 8.021088
0.09143634 -7.121053 54.6729 498.6742[[1]]
           [,1]      [,2]    [,3]     [,4]
[1,] 0.09143634 -7.121053 54.6729 498.6742

[[2]]
[1] 8.021088

GA | iter = 221 | Mean = 6.127454 | Best = 8.021088
0.09143634 -7.121053 54.6729 498.6742[[1]]
           [,1]      [,2]    [,3]     [,4]
[1,] 0.09143634 -7.121053 54.6729 498.6742

[[2]]
[1] 8.021088

GA | iter = 222 | Mean = 5.646393 | Best = 8.021088
0.09143634 -7.121053 54.6729 498.6742[[1]]
           [,1]      [,2]    [,3]     [,4]
[1,] 0.09143634 -7.121053 54.6729 498.6742

[[2]]
[1] 8.021088

GA | iter = 223 | Mean = 6.178892 | Best = 8.021088
0.09143634 -7.121053 54.6729 498.6742[[1]]
           [,1]      [,2]    [,3]     [,4]
[1,] 0.09143634 -7.121053 54.6729 498.6742

[[2]]
[1] 8.021088

GA | iter = 224 | Mean = 6.277223 | Best = 8.021088
0.09143634 -7.121053 54.6729 498.6742[[1]]
           [,1]      [,2]    [,3]     [,4]
[1,] 0.09143634 -7.121053 54.6729 498.6742

[[2]]
[1] 8.021088

GA | iter = 225 | Mean = 6.280439 | Best = 8.021088
0.09143634 -7.121053 54.6729 498.6742[[1]]
           [,1]      [,2]    [,3]     [,4]
[1,] 0.09143634 -7.121053 54.6729 498.6742

[[2]]
[1] 8.021088

GA | iter = 226 | Mean = 5.715095 | Best = 8.021088
0.09143634 -7.121053 54.6729 498.6742[[1]]
           [,1]      [,2]    [,3]     [,4]
[1,] 0.09143634 -7.121053 54.6729 498.6742

[[2]]
[1] 8.021088

GA | iter = 227 | Mean = 6.033164 | Best = 8.021088
0.09143634 -7.121053 54.6729 498.6742[[1]]
           [,1]      [,2]    [,3]     [,4]
[1,] 0.09143634 -7.121053 54.6729 498.6742

[[2]]
[1] 8.021088

GA | iter = 228 | Mean = 6.196067 | Best = 8.021088
0.09143634 -7.121053 54.6729 498.6742[[1]]
           [,1]      [,2]    [,3]     [,4]
[1,] 0.09143634 -7.121053 54.6729 498.6742

[[2]]
[1] 8.021088

GA | iter = 229 | Mean = 6.166157 | Best = 8.021088
0.09143634 -7.121053 54.6729 498.6742[[1]]
           [,1]      [,2]    [,3]     [,4]
[1,] 0.09143634 -7.121053 54.6729 498.6742

[[2]]
[1] 8.021088

GA | iter = 230 | Mean = 6.394783 | Best = 8.021088
0.09143634 -7.121053 54.6729 498.6742[[1]]
           [,1]      [,2]    [,3]     [,4]
[1,] 0.09143634 -7.121053 54.6729 498.6742

[[2]]
[1] 8.021088

GA | iter = 231 | Mean = 5.638292 | Best = 8.021088
0.09143634 -7.121053 54.6729 498.6742[[1]]
           [,1]      [,2]    [,3]     [,4]
[1,] 0.09143634 -7.121053 54.6729 498.6742

[[2]]
[1] 8.021088

GA | iter = 232 | Mean = 5.807961 | Best = 8.021088
0.09780147 -7.11689 54.10952 502.4359[[1]]
           [,1]     [,2]     [,3]     [,4]
[1,] 0.09780147 -7.11689 54.10952 502.4359

[[2]]
[1] 8.021089

GA | iter = 233 | Mean = 5.743946 | Best = 8.021089
0.09780147 -7.11689 54.10952 502.4359[[1]]
           [,1]     [,2]     [,3]     [,4]
[1,] 0.09780147 -7.11689 54.10952 502.4359

[[2]]
[1] 8.021089

GA | iter = 234 | Mean = 6.256046 | Best = 8.021089
0.09780147 -7.11689 54.10952 502.4359[[1]]
           [,1]     [,2]     [,3]     [,4]
[1,] 0.09780147 -7.11689 54.10952 502.4359

[[2]]
[1] 8.021089

GA | iter = 235 | Mean = 6.222088 | Best = 8.021089
0.09910296 -7.112493 54.10522 504.1121[[1]]
           [,1]      [,2]     [,3]     [,4]
[1,] 0.09910296 -7.112493 54.10522 504.1121

[[2]]
[1] 8.021102

GA | iter = 236 | Mean = 6.438152 | Best = 8.021102
0.09910296 -7.112493 54.10522 504.1121[[1]]
           [,1]      [,2]     [,3]     [,4]
[1,] 0.09910296 -7.112493 54.10522 504.1121

[[2]]
[1] 8.021102

GA | iter = 237 | Mean = 6.185525 | Best = 8.021102
0.09910296 -7.112493 54.10522 504.1121[[1]]
           [,1]      [,2]     [,3]     [,4]
[1,] 0.09910296 -7.112493 54.10522 504.1121

[[2]]
[1] 8.021102

GA | iter = 238 | Mean = 6.246515 | Best = 8.021102
0.09910296 -7.112493 54.10522 504.1121[[1]]
           [,1]      [,2]     [,3]     [,4]
[1,] 0.09910296 -7.112493 54.10522 504.1121

[[2]]
[1] 8.021102

GA | iter = 239 | Mean = 5.915864 | Best = 8.021102
0.09221345 -7.115439 54.41312 507.2731[[1]]
           [,1]      [,2]     [,3]     [,4]
[1,] 0.09221345 -7.115439 54.41312 507.2731

[[2]]
[1] 8.021113

GA | iter = 240 | Mean = 6.064638 | Best = 8.021113
0.09221345 -7.115439 54.41312 507.2731[[1]]
           [,1]      [,2]     [,3]     [,4]
[1,] 0.09221345 -7.115439 54.41312 507.2731

[[2]]
[1] 8.021113

GA | iter = 241 | Mean = 6.272948 | Best = 8.021113
0.09221345 -7.115439 54.41312 507.2731[[1]]
           [,1]      [,2]     [,3]     [,4]
[1,] 0.09221345 -7.115439 54.41312 507.2731

[[2]]
[1] 8.021113

GA | iter = 242 | Mean = 5.761141 | Best = 8.021113
0.09221345 -7.115439 54.41312 507.2731[[1]]
           [,1]      [,2]     [,3]     [,4]
[1,] 0.09221345 -7.115439 54.41312 507.2731

[[2]]
[1] 8.021113

GA | iter = 243 | Mean = 6.057429 | Best = 8.021113
0.09492878 -7.119642 54.34041 505.0148[[1]]
           [,1]      [,2]     [,3]     [,4]
[1,] 0.09492878 -7.119642 54.34041 505.0148

[[2]]
[1] 8.021125

GA | iter = 244 | Mean = 6.360069 | Best = 8.021125
slurmstepd: error: *** JOB 26156755 ON cdr2437 CANCELLED AT 2022-02-04T16:14:39 DUE TO TIME LIMIT ***
