
Lmod is automatically replacing "intel/2020.1.217" with "gcc/9.3.0".


Due to MODULEPATH changes, the following have been reloaded:
  1) openmpi/4.0.3


R version 4.0.2 (2020-06-22) -- "Taking Off Again"
Copyright (C) 2020 The R Foundation for Statistical Computing
Platform: x86_64-pc-linux-gnu (64-bit)

R is free software and comes with ABSOLUTELY NO WARRANTY.
You are welcome to redistribute it under certain conditions.
Type 'license()' or 'licence()' for distribution details.

  Natural language support but running in an English locale

R is a collaborative project with many contributors.
Type 'contributors()' for more information and
'citation()' on how to cite R or R packages in publications.

Type 'demo()' for some demos, 'help()' for on-line help, or
'help.start()' for an HTML browser interface to help.
Type 'q()' to quit R.

> # R script to submit parallelized genetic algorithm optimzied runs.
> 
> # load libraries
> library(doParallel)
Loading required package: foreach
Loading required package: iterators
Loading required package: parallel
> library(GA)
Package 'GA' version 3.2.2
Type 'citation("GA")' for citing this R package in publications.

Attaching package: ‘GA’

The following object is masked from ‘package:utils’:

    de

> library(here)
here() starts at /project/6004331/wanglu57/Project_Plasmodium
> library(doRNG)
Loading required package: rngtools
> 
> source(here::here("functions/ga_verbose.R"), local = T)
> source(here::here("functions/chabaudi_si_clean.R"), local = T)
> # load function
> #-----------------------------#
> # load in parameters
> #-----------------------------#
> parameters_tsukushi <- c(R1 = 8.89*10^6, # slightly higher
+                          lambda = 3.7*10^5,
+                          mu = 0.025, 
+                          p = 8*10^-6, # doubled form original
+                          alpha = 1, 
+                          alphag = 2, 
+                          beta = 5.721, 
+                          mum = 48, 
+                          mug = 4, 
+                          I0 = 43.85965, 
+                          Ig0 = 0, 
+                          a = 150, 
+                          b = 100, 
+                          sp = 1,
+                          psin = 16.69234,
+                          psiw = 0.8431785,
+                          phin = 0.03520591, 
+                          phiw = 550.842,
+                          iota = 2.18*(10^6),
+                          rho = 0.2627156)
> 
> time_range <- seq(0, 20, by = 1e-3)
> 
> R_range <- seq(log10(10^6), log10(10^7.5), by = log10((10^7.5)-(10^6))/5000)
> 
> #-----------------------------#
> # Begin parallelized code
> #----------------------------#
> 
> 
> # Create an array from the NODESLIST environnement variable
> nodeslist = unlist(strsplit(Sys.getenv("NODESLIST"), split=" "))
> 
> # Create the cluster with the nodes name. One process per count of node name.
> # nodeslist = node1 node1 node2 node2, means we are starting 2 processes on node1, likewise on node2.
> cl = makeCluster(nodeslist, type = "PSOCK") 
> registerDoParallel(cl)
> clusterExport(cl,c("ga_verbose", "time_range", "parameters_tsukushi", "R_range", "chabaudi_si_clean")) 
> clusterCall(cl, library, package = "mclust", character.only = TRUE)
[[1]]
[1] "mclust"    "stats"     "graphics"  "grDevices" "utils"     "datasets" 
[7] "methods"   "base"     

[[2]]
[1] "mclust"    "stats"     "graphics"  "grDevices" "utils"     "datasets" 
[7] "methods"   "base"     

[[3]]
[1] "mclust"    "stats"     "graphics"  "grDevices" "utils"     "datasets" 
[7] "methods"   "base"     

[[4]]
[1] "mclust"    "stats"     "graphics"  "grDevices" "utils"     "datasets" 
[7] "methods"   "base"     

[[5]]
[1] "mclust"    "stats"     "graphics"  "grDevices" "utils"     "datasets" 
[7] "methods"   "base"     

[[6]]
[1] "mclust"    "stats"     "graphics"  "grDevices" "utils"     "datasets" 
[7] "methods"   "base"     

[[7]]
[1] "mclust"    "stats"     "graphics"  "grDevices" "utils"     "datasets" 
[7] "methods"   "base"     

[[8]]
[1] "mclust"    "stats"     "graphics"  "grDevices" "utils"     "datasets" 
[7] "methods"   "base"     

[[9]]
[1] "mclust"    "stats"     "graphics"  "grDevices" "utils"     "datasets" 
[7] "methods"   "base"     

[[10]]
[1] "mclust"    "stats"     "graphics"  "grDevices" "utils"     "datasets" 
[7] "methods"   "base"     

[[11]]
[1] "mclust"    "stats"     "graphics"  "grDevices" "utils"     "datasets" 
[7] "methods"   "base"     

[[12]]
[1] "mclust"    "stats"     "graphics"  "grDevices" "utils"     "datasets" 
[7] "methods"   "base"     

[[13]]
[1] "mclust"    "stats"     "graphics"  "grDevices" "utils"     "datasets" 
[7] "methods"   "base"     

[[14]]
[1] "mclust"    "stats"     "graphics"  "grDevices" "utils"     "datasets" 
[7] "methods"   "base"     

[[15]]
[1] "mclust"    "stats"     "graphics"  "grDevices" "utils"     "datasets" 
[7] "methods"   "base"     

[[16]]
[1] "mclust"    "stats"     "graphics"  "grDevices" "utils"     "datasets" 
[7] "methods"   "base"     

[[17]]
[1] "mclust"    "stats"     "graphics"  "grDevices" "utils"     "datasets" 
[7] "methods"   "base"     

[[18]]
[1] "mclust"    "stats"     "graphics"  "grDevices" "utils"     "datasets" 
[7] "methods"   "base"     

[[19]]
[1] "mclust"    "stats"     "graphics"  "grDevices" "utils"     "datasets" 
[7] "methods"   "base"     

[[20]]
[1] "mclust"    "stats"     "graphics"  "grDevices" "utils"     "datasets" 
[7] "methods"   "base"     

[[21]]
[1] "mclust"    "stats"     "graphics"  "grDevices" "utils"     "datasets" 
[7] "methods"   "base"     

[[22]]
[1] "mclust"    "stats"     "graphics"  "grDevices" "utils"     "datasets" 
[7] "methods"   "base"     

[[23]]
[1] "mclust"    "stats"     "graphics"  "grDevices" "utils"     "datasets" 
[7] "methods"   "base"     

[[24]]
[1] "mclust"    "stats"     "graphics"  "grDevices" "utils"     "datasets" 
[7] "methods"   "base"     

[[25]]
[1] "mclust"    "stats"     "graphics"  "grDevices" "utils"     "datasets" 
[7] "methods"   "base"     

[[26]]
[1] "mclust"    "stats"     "graphics"  "grDevices" "utils"     "datasets" 
[7] "methods"   "base"     

[[27]]
[1] "mclust"    "stats"     "graphics"  "grDevices" "utils"     "datasets" 
[7] "methods"   "base"     

[[28]]
[1] "mclust"    "stats"     "graphics"  "grDevices" "utils"     "datasets" 
[7] "methods"   "base"     

[[29]]
[1] "mclust"    "stats"     "graphics"  "grDevices" "utils"     "datasets" 
[7] "methods"   "base"     

[[30]]
[1] "mclust"    "stats"     "graphics"  "grDevices" "utils"     "datasets" 
[7] "methods"   "base"     

[[31]]
[1] "mclust"    "stats"     "graphics"  "grDevices" "utils"     "datasets" 
[7] "methods"   "base"     

[[32]]
[1] "mclust"    "stats"     "graphics"  "grDevices" "utils"     "datasets" 
[7] "methods"   "base"     

[[33]]
[1] "mclust"    "stats"     "graphics"  "grDevices" "utils"     "datasets" 
[7] "methods"   "base"     

[[34]]
[1] "mclust"    "stats"     "graphics"  "grDevices" "utils"     "datasets" 
[7] "methods"   "base"     

[[35]]
[1] "mclust"    "stats"     "graphics"  "grDevices" "utils"     "datasets" 
[7] "methods"   "base"     

[[36]]
[1] "mclust"    "stats"     "graphics"  "grDevices" "utils"     "datasets" 
[7] "methods"   "base"     

[[37]]
[1] "mclust"    "stats"     "graphics"  "grDevices" "utils"     "datasets" 
[7] "methods"   "base"     

[[38]]
[1] "mclust"    "stats"     "graphics"  "grDevices" "utils"     "datasets" 
[7] "methods"   "base"     

[[39]]
[1] "mclust"    "stats"     "graphics"  "grDevices" "utils"     "datasets" 
[7] "methods"   "base"     

[[40]]
[1] "mclust"    "stats"     "graphics"  "grDevices" "utils"     "datasets" 
[7] "methods"   "base"     

[[41]]
[1] "mclust"    "stats"     "graphics"  "grDevices" "utils"     "datasets" 
[7] "methods"   "base"     

[[42]]
[1] "mclust"    "stats"     "graphics"  "grDevices" "utils"     "datasets" 
[7] "methods"   "base"     

[[43]]
[1] "mclust"    "stats"     "graphics"  "grDevices" "utils"     "datasets" 
[7] "methods"   "base"     

[[44]]
[1] "mclust"    "stats"     "graphics"  "grDevices" "utils"     "datasets" 
[7] "methods"   "base"     

[[45]]
[1] "mclust"    "stats"     "graphics"  "grDevices" "utils"     "datasets" 
[7] "methods"   "base"     

[[46]]
[1] "mclust"    "stats"     "graphics"  "grDevices" "utils"     "datasets" 
[7] "methods"   "base"     

[[47]]
[1] "mclust"    "stats"     "graphics"  "grDevices" "utils"     "datasets" 
[7] "methods"   "base"     

[[48]]
[1] "mclust"    "stats"     "graphics"  "grDevices" "utils"     "datasets" 
[7] "methods"   "base"     

> ga_res <- ga_verbose(type = "real-valued", 
+                      function(x)
+                        chabaudi_si_clean(
+                          parameters_cr = c(x[1], x[2], x[3], x[4]), 
+                          parameters = parameters_tsukushi, 
+                          time_range = time_range, 
+                          cue = "R", 
+                          cue_range = R_range, 
+                          log_cue = "log10",
+                          immunity = "tsukushi",
+                          solver = "vode"),
+                      lower = c(-5, -100, -500, -1000), # range determined that would alter shape of spline
+                      upper = c(5,100,500, 1000),  
+                      popSize = 250, 
+                      maxiter = 500, # change to 10 for testing purpose 
+                      pmutation = 0.3,
+                      keepBest = TRUE,
+                      run = 50,
+                      parallel = cl,
+                      seed = 137,
+                      monitor = TRUE,
+                      id = "2022-02-01_ga-si-R-log2")
-1.865946 83.74383 -393.6383 613.9674[[1]]
          [,1]     [,2]      [,3]     [,4]
[1,] -1.865946 83.74383 -393.6383 613.9674

[[2]]
[1] 2.505266

GA | iter = 1 | Mean = 0.1755355 | Best = 2.5052657
-1.865946 83.74383 -393.6383 613.9674[[1]]
          [,1]     [,2]      [,3]     [,4]
[1,] -1.865946 83.74383 -393.6383 613.9674

[[2]]
[1] 2.505266

GA | iter = 2 | Mean = 0.2455264 | Best = 2.5052657
-1.865946 83.74383 -393.6383 613.9674[[1]]
          [,1]     [,2]      [,3]     [,4]
[1,] -1.865946 83.74383 -393.6383 613.9674

[[2]]
[1] 2.505266

GA | iter = 3 | Mean = 0.3648992 | Best = 2.5052657
0.4755563 5.903238 -159.0184 269.7519[[1]]
          [,1]     [,2]      [,3]     [,4]
[1,] 0.4755563 5.903238 -159.0184 269.7519

[[2]]
[1] 3.396035

GA | iter = 4 | Mean = 0.5736001 | Best = 3.3960346
0.4755563 5.903238 -159.0184 269.7519[[1]]
          [,1]     [,2]      [,3]     [,4]
[1,] 0.4755563 5.903238 -159.0184 269.7519

[[2]]
[1] 3.396035

GA | iter = 5 | Mean = 0.6462754 | Best = 3.3960346
0.4755563 5.903238 -159.0184 269.7519[[1]]
          [,1]     [,2]      [,3]     [,4]
[1,] 0.4755563 5.903238 -159.0184 269.7519

[[2]]
[1] 3.396035

GA | iter = 6 | Mean = 0.7684788 | Best = 3.3960346
-0.8500103 12.74392 -36.96483 52.76609[[1]]
           [,1]     [,2]      [,3]     [,4]
[1,] -0.8500103 12.74392 -36.96483 52.76609

[[2]]
[1] 4.738837

GA | iter = 7 | Mean = 0.8994669 | Best = 4.7388371
-0.8500103 12.74392 -36.96483 52.76609[[1]]
           [,1]     [,2]      [,3]     [,4]
[1,] -0.8500103 12.74392 -36.96483 52.76609

[[2]]
[1] 4.738837

GA | iter = 8 | Mean = 1.047481 | Best = 4.738837
-0.8500103 12.74392 -36.96483 52.76609[[1]]
           [,1]     [,2]      [,3]     [,4]
[1,] -0.8500103 12.74392 -36.96483 52.76609

[[2]]
[1] 4.738837

GA | iter = 9 | Mean = 1.028300 | Best = 4.738837
-0.8500103 12.74392 -36.96483 52.76609[[1]]
           [,1]     [,2]      [,3]     [,4]
[1,] -0.8500103 12.74392 -36.96483 52.76609

[[2]]
[1] 4.738837

GA | iter = 10 | Mean = 1.103863 | Best = 4.738837
-0.8500103 12.74392 -36.96483 52.76609[[1]]
           [,1]     [,2]      [,3]     [,4]
[1,] -0.8500103 12.74392 -36.96483 52.76609

[[2]]
[1] 4.738837

GA | iter = 11 | Mean = 1.133286 | Best = 4.738837
-0.8500103 12.74392 -36.96483 52.76609[[1]]
           [,1]     [,2]      [,3]     [,4]
[1,] -0.8500103 12.74392 -36.96483 52.76609

[[2]]
[1] 4.738837

GA | iter = 12 | Mean = 1.159494 | Best = 4.738837
-0.8500103 12.74392 -36.96483 52.76609[[1]]
           [,1]     [,2]      [,3]     [,4]
[1,] -0.8500103 12.74392 -36.96483 52.76609

[[2]]
[1] 4.738837

GA | iter = 13 | Mean = 1.126406 | Best = 4.738837
-0.7321532 20.09961 -40.12056 55.23279[[1]]
           [,1]     [,2]      [,3]     [,4]
[1,] -0.7321532 20.09961 -40.12056 55.23279

[[2]]
[1] 5.050634

GA | iter = 14 | Mean = 1.197113 | Best = 5.050634
-0.7321532 20.09961 -40.12056 55.23279[[1]]
           [,1]     [,2]      [,3]     [,4]
[1,] -0.7321532 20.09961 -40.12056 55.23279

[[2]]
[1] 5.050634

GA | iter = 15 | Mean = 1.268877 | Best = 5.050634
-0.7321532 20.09961 -40.12056 55.23279[[1]]
           [,1]     [,2]      [,3]     [,4]
[1,] -0.7321532 20.09961 -40.12056 55.23279

[[2]]
[1] 5.050634

GA | iter = 16 | Mean = 1.182147 | Best = 5.050634
-0.7321532 20.09961 -40.12056 55.23279[[1]]
           [,1]     [,2]      [,3]     [,4]
[1,] -0.7321532 20.09961 -40.12056 55.23279

[[2]]
[1] 5.050634

GA | iter = 17 | Mean = 1.149850 | Best = 5.050634
-0.7321532 20.09961 -40.12056 55.23279[[1]]
           [,1]     [,2]      [,3]     [,4]
[1,] -0.7321532 20.09961 -40.12056 55.23279

[[2]]
[1] 5.050634

GA | iter = 18 | Mean = 1.183548 | Best = 5.050634
-0.7321532 20.09961 -40.12056 55.23279[[1]]
           [,1]     [,2]      [,3]     [,4]
[1,] -0.7321532 20.09961 -40.12056 55.23279

[[2]]
[1] 5.050634

GA | iter = 19 | Mean = 1.080893 | Best = 5.050634
-0.7321532 20.09961 -40.12056 55.23279[[1]]
           [,1]     [,2]      [,3]     [,4]
[1,] -0.7321532 20.09961 -40.12056 55.23279

[[2]]
[1] 5.050634

GA | iter = 20 | Mean = 1.064138 | Best = 5.050634
-0.7321532 20.09961 -40.12056 55.23279[[1]]
           [,1]     [,2]      [,3]     [,4]
[1,] -0.7321532 20.09961 -40.12056 55.23279

[[2]]
[1] 5.050634

GA | iter = 21 | Mean = 1.136905 | Best = 5.050634
-0.7321532 20.09961 -40.12056 55.23279[[1]]
           [,1]     [,2]      [,3]     [,4]
[1,] -0.7321532 20.09961 -40.12056 55.23279

[[2]]
[1] 5.050634

GA | iter = 22 | Mean = 1.169851 | Best = 5.050634
-0.7321532 20.09961 -40.12056 55.23279[[1]]
           [,1]     [,2]      [,3]     [,4]
[1,] -0.7321532 20.09961 -40.12056 55.23279

[[2]]
[1] 5.050634

GA | iter = 23 | Mean = 1.068565 | Best = 5.050634
-0.7321532 20.09961 -40.12056 55.23279[[1]]
           [,1]     [,2]      [,3]     [,4]
[1,] -0.7321532 20.09961 -40.12056 55.23279

[[2]]
[1] 5.050634

GA | iter = 24 | Mean = 1.102293 | Best = 5.050634
0.721401 -4.658793 -39.44457 70.68456[[1]]
         [,1]      [,2]      [,3]     [,4]
[1,] 0.721401 -4.658793 -39.44457 70.68456

[[2]]
[1] 5.100052

GA | iter = 25 | Mean = 1.016156 | Best = 5.100052
0.721401 -4.658793 -39.44457 70.68456[[1]]
         [,1]      [,2]      [,3]     [,4]
[1,] 0.721401 -4.658793 -39.44457 70.68456

[[2]]
[1] 5.100052

GA | iter = 26 | Mean = 1.044403 | Best = 5.100052
-0.3404188 2.969376 -45.18753 75.66484[[1]]
           [,1]     [,2]      [,3]     [,4]
[1,] -0.3404188 2.969376 -45.18753 75.66484

[[2]]
[1] 5.12644

GA | iter = 27 | Mean = 1.030461 | Best = 5.126440
-0.3404188 2.969376 -45.18753 75.66484[[1]]
           [,1]     [,2]      [,3]     [,4]
[1,] -0.3404188 2.969376 -45.18753 75.66484

[[2]]
[1] 5.12644

GA | iter = 28 | Mean = 1.047154 | Best = 5.126440
-0.3404188 2.969376 -45.18753 75.66484[[1]]
           [,1]     [,2]      [,3]     [,4]
[1,] -0.3404188 2.969376 -45.18753 75.66484

[[2]]
[1] 5.12644

GA | iter = 29 | Mean = 1.217276 | Best = 5.126440
-0.3404188 2.969376 -45.18753 75.66484[[1]]
           [,1]     [,2]      [,3]     [,4]
[1,] -0.3404188 2.969376 -45.18753 75.66484

[[2]]
[1] 5.12644

GA | iter = 30 | Mean = 1.104593 | Best = 5.126440
-0.3404188 2.969376 -45.18753 75.66484[[1]]
           [,1]     [,2]      [,3]     [,4]
[1,] -0.3404188 2.969376 -45.18753 75.66484

[[2]]
[1] 5.12644

GA | iter = 31 | Mean = 1.063467 | Best = 5.126440
-0.3404188 2.969376 -45.18753 75.66484[[1]]
           [,1]     [,2]      [,3]     [,4]
[1,] -0.3404188 2.969376 -45.18753 75.66484

[[2]]
[1] 5.12644

GA | iter = 32 | Mean = 0.8879586 | Best = 5.1264403
1.933122 14.78244 -38.88453 46.13804[[1]]
         [,1]     [,2]      [,3]     [,4]
[1,] 1.933122 14.78244 -38.88453 46.13804

[[2]]
[1] 6.197096

GA | iter = 33 | Mean = 0.8670243 | Best = 6.1970959
1.933122 14.78244 -38.88453 46.13804[[1]]
         [,1]     [,2]      [,3]     [,4]
[1,] 1.933122 14.78244 -38.88453 46.13804

[[2]]
[1] 6.197096

GA | iter = 34 | Mean = 0.8963331 | Best = 6.1970959
1.933122 14.78244 -38.88453 46.13804[[1]]
         [,1]     [,2]      [,3]     [,4]
[1,] 1.933122 14.78244 -38.88453 46.13804

[[2]]
[1] 6.197096

GA | iter = 35 | Mean = 0.8510389 | Best = 6.1970959
1.933122 14.78244 -38.88453 46.13804[[1]]
         [,1]     [,2]      [,3]     [,4]
[1,] 1.933122 14.78244 -38.88453 46.13804

[[2]]
[1] 6.197096

GA | iter = 36 | Mean = 0.8711575 | Best = 6.1970959
1.039628 -11.24706 14.66955 -18.27045[[1]]
         [,1]      [,2]     [,3]      [,4]
[1,] 1.039628 -11.24706 14.66955 -18.27045

[[2]]
[1] 7.308466

GA | iter = 37 | Mean = 0.862201 | Best = 7.308466
1.039628 -11.24706 14.66955 -18.27045[[1]]
         [,1]      [,2]     [,3]      [,4]
[1,] 1.039628 -11.24706 14.66955 -18.27045

[[2]]
[1] 7.308466

GA | iter = 38 | Mean = 0.7920711 | Best = 7.3084662
1.039628 -11.24706 14.66955 -18.27045[[1]]
         [,1]      [,2]     [,3]      [,4]
[1,] 1.039628 -11.24706 14.66955 -18.27045

[[2]]
[1] 7.308466

GA | iter = 39 | Mean = 0.7383394 | Best = 7.3084662
1.039628 -11.24706 14.66955 -18.27045[[1]]
         [,1]      [,2]     [,3]      [,4]
[1,] 1.039628 -11.24706 14.66955 -18.27045

[[2]]
[1] 7.308466

GA | iter = 40 | Mean = 0.8491665 | Best = 7.3084662
1.039628 -11.24706 14.66955 -18.27045[[1]]
         [,1]      [,2]     [,3]      [,4]
[1,] 1.039628 -11.24706 14.66955 -18.27045

[[2]]
[1] 7.308466

GA | iter = 41 | Mean = 0.9227562 | Best = 7.3084662
1.039628 -11.24706 14.66955 -18.27045[[1]]
         [,1]      [,2]     [,3]      [,4]
[1,] 1.039628 -11.24706 14.66955 -18.27045

[[2]]
[1] 7.308466

GA | iter = 42 | Mean = 0.8593738 | Best = 7.3084662
1.039628 -11.24706 14.66955 -18.27045[[1]]
         [,1]      [,2]     [,3]      [,4]
[1,] 1.039628 -11.24706 14.66955 -18.27045

[[2]]
[1] 7.308466

GA | iter = 43 | Mean = 1.000723 | Best = 7.308466
1.039628 -11.24706 14.66955 -18.27045[[1]]
         [,1]      [,2]     [,3]      [,4]
[1,] 1.039628 -11.24706 14.66955 -18.27045

[[2]]
[1] 7.308466

GA | iter = 44 | Mean = 0.818426 | Best = 7.308466
1.039628 -11.24706 14.66955 -18.27045[[1]]
         [,1]      [,2]     [,3]      [,4]
[1,] 1.039628 -11.24706 14.66955 -18.27045

[[2]]
[1] 7.308466

GA | iter = 45 | Mean = 0.8322409 | Best = 7.3084662
1.039628 -11.24706 14.66955 -18.27045[[1]]
         [,1]      [,2]     [,3]      [,4]
[1,] 1.039628 -11.24706 14.66955 -18.27045

[[2]]
[1] 7.308466

GA | iter = 46 | Mean = 0.863574 | Best = 7.308466
1.039628 -11.24706 14.66955 -18.27045[[1]]
         [,1]      [,2]     [,3]      [,4]
[1,] 1.039628 -11.24706 14.66955 -18.27045

[[2]]
[1] 7.308466

GA | iter = 47 | Mean = 0.9251801 | Best = 7.3084662
1.039628 -11.24706 14.66955 -18.27045[[1]]
         [,1]      [,2]     [,3]      [,4]
[1,] 1.039628 -11.24706 14.66955 -18.27045

[[2]]
[1] 7.308466

GA | iter = 48 | Mean = 0.8922244 | Best = 7.3084662
1.039628 -11.24706 14.66955 -18.27045[[1]]
         [,1]      [,2]     [,3]      [,4]
[1,] 1.039628 -11.24706 14.66955 -18.27045

[[2]]
[1] 7.308466

GA | iter = 49 | Mean = 0.8874009 | Best = 7.3084662
1.039628 -11.24706 14.66955 -18.27045[[1]]
         [,1]      [,2]     [,3]      [,4]
[1,] 1.039628 -11.24706 14.66955 -18.27045

[[2]]
[1] 7.308466

GA | iter = 50 | Mean = 0.962845 | Best = 7.308466
0.6717926 -14.01506 12.45048 -11.2563[[1]]
          [,1]      [,2]     [,3]     [,4]
[1,] 0.6717926 -14.01506 12.45048 -11.2563

[[2]]
[1] 7.731218

GA | iter = 51 | Mean = 1.056407 | Best = 7.731218
0.6717926 -14.01506 12.45048 -11.2563[[1]]
          [,1]      [,2]     [,3]     [,4]
[1,] 0.6717926 -14.01506 12.45048 -11.2563

[[2]]
[1] 7.731218

GA | iter = 52 | Mean = 1.032778 | Best = 7.731218
0.2250066 21.07561 -29.68828 28.58285[[1]]
          [,1]     [,2]      [,3]     [,4]
[1,] 0.2250066 21.07561 -29.68828 28.58285

[[2]]
[1] 7.85316

GA | iter = 53 | Mean = 0.9228362 | Best = 7.8531603
0.2250066 21.07561 -29.68828 28.58285[[1]]
          [,1]     [,2]      [,3]     [,4]
[1,] 0.2250066 21.07561 -29.68828 28.58285

[[2]]
[1] 7.85316

GA | iter = 54 | Mean = 0.8729737 | Best = 7.8531603
0.2250066 21.07561 -29.68828 28.58285[[1]]
          [,1]     [,2]      [,3]     [,4]
[1,] 0.2250066 21.07561 -29.68828 28.58285

[[2]]
[1] 7.85316

GA | iter = 55 | Mean = 0.8701759 | Best = 7.8531603
0.2250066 21.07561 -29.68828 28.58285[[1]]
          [,1]     [,2]      [,3]     [,4]
[1,] 0.2250066 21.07561 -29.68828 28.58285

[[2]]
[1] 7.85316

GA | iter = 56 | Mean = 0.7853211 | Best = 7.8531603
0.2250066 21.07561 -29.68828 28.58285[[1]]
          [,1]     [,2]      [,3]     [,4]
[1,] 0.2250066 21.07561 -29.68828 28.58285

[[2]]
[1] 7.85316

GA | iter = 57 | Mean = 0.7010805 | Best = 7.8531603
-0.3598378 -1.165721 -2.248032 6.130147[[1]]
           [,1]      [,2]      [,3]     [,4]
[1,] -0.3598378 -1.165721 -2.248032 6.130147

[[2]]
[1] 7.914385

GA | iter = 58 | Mean = 0.7753194 | Best = 7.9143854
-0.3598378 -1.165721 -2.248032 6.130147[[1]]
           [,1]      [,2]      [,3]     [,4]
[1,] -0.3598378 -1.165721 -2.248032 6.130147

[[2]]
[1] 7.914385

GA | iter = 59 | Mean = 0.6447736 | Best = 7.9143854
-0.3598378 -1.165721 -2.248032 6.130147[[1]]
           [,1]      [,2]      [,3]     [,4]
[1,] -0.3598378 -1.165721 -2.248032 6.130147

[[2]]
[1] 7.914385

GA | iter = 60 | Mean = 0.672127 | Best = 7.914385
-0.3598378 -1.165721 -2.248032 6.130147[[1]]
           [,1]      [,2]      [,3]     [,4]
[1,] -0.3598378 -1.165721 -2.248032 6.130147

[[2]]
[1] 7.914385

GA | iter = 61 | Mean = 0.7779939 | Best = 7.9143854
-0.3598378 -1.165721 -2.248032 6.130147[[1]]
           [,1]      [,2]      [,3]     [,4]
[1,] -0.3598378 -1.165721 -2.248032 6.130147

[[2]]
[1] 7.914385

GA | iter = 62 | Mean = 0.7681412 | Best = 7.9143854
-0.3598378 -1.165721 -2.248032 6.130147[[1]]
           [,1]      [,2]      [,3]     [,4]
[1,] -0.3598378 -1.165721 -2.248032 6.130147

[[2]]
[1] 7.914385

GA | iter = 63 | Mean = 0.7274926 | Best = 7.9143854
-0.3598378 -1.165721 -2.248032 6.130147[[1]]
           [,1]      [,2]      [,3]     [,4]
[1,] -0.3598378 -1.165721 -2.248032 6.130147

[[2]]
[1] 7.914385

GA | iter = 64 | Mean = 0.6333864 | Best = 7.9143854
-0.3598378 -1.165721 -2.248032 6.130147[[1]]
           [,1]      [,2]      [,3]     [,4]
[1,] -0.3598378 -1.165721 -2.248032 6.130147

[[2]]
[1] 7.914385

GA | iter = 65 | Mean = 0.6835624 | Best = 7.9143854
-0.3598378 -1.165721 -2.248032 6.130147[[1]]
           [,1]      [,2]      [,3]     [,4]
[1,] -0.3598378 -1.165721 -2.248032 6.130147

[[2]]
[1] 7.914385

GA | iter = 66 | Mean = 0.7234946 | Best = 7.9143854
-0.3598378 -1.165721 -2.248032 6.130147[[1]]
           [,1]      [,2]      [,3]     [,4]
[1,] -0.3598378 -1.165721 -2.248032 6.130147

[[2]]
[1] 7.914385

GA | iter = 67 | Mean = 0.7431134 | Best = 7.9143854
-0.3598378 -1.165721 -2.248032 6.130147[[1]]
           [,1]      [,2]      [,3]     [,4]
[1,] -0.3598378 -1.165721 -2.248032 6.130147

[[2]]
[1] 7.914385

GA | iter = 68 | Mean = 0.6672772 | Best = 7.9143854
-0.3598378 -1.165721 -2.248032 6.130147[[1]]
           [,1]      [,2]      [,3]     [,4]
[1,] -0.3598378 -1.165721 -2.248032 6.130147

[[2]]
[1] 7.914385

GA | iter = 69 | Mean = 0.8609664 | Best = 7.9143854
-0.3598378 -1.165721 -2.248032 6.130147[[1]]
           [,1]      [,2]      [,3]     [,4]
[1,] -0.3598378 -1.165721 -2.248032 6.130147

[[2]]
[1] 7.914385

GA | iter = 70 | Mean = 0.9800892 | Best = 7.9143854
-0.3598378 -1.165721 -2.248032 6.130147[[1]]
           [,1]      [,2]      [,3]     [,4]
[1,] -0.3598378 -1.165721 -2.248032 6.130147

[[2]]
[1] 7.914385

GA | iter = 71 | Mean = 0.854810 | Best = 7.914385
-0.3598378 -1.165721 -2.248032 6.130147[[1]]
           [,1]      [,2]      [,3]     [,4]
[1,] -0.3598378 -1.165721 -2.248032 6.130147

[[2]]
[1] 7.914385

GA | iter = 72 | Mean = 0.9095901 | Best = 7.9143854
-0.3598378 -1.165721 -2.248032 6.130147[[1]]
           [,1]      [,2]      [,3]     [,4]
[1,] -0.3598378 -1.165721 -2.248032 6.130147

[[2]]
[1] 7.914385

GA | iter = 73 | Mean = 0.9042469 | Best = 7.9143854
-0.3598378 -1.165721 -2.248032 6.130147[[1]]
           [,1]      [,2]      [,3]     [,4]
[1,] -0.3598378 -1.165721 -2.248032 6.130147

[[2]]
[1] 7.914385

GA | iter = 74 | Mean = 0.8521821 | Best = 7.9143854
-0.3598378 -1.165721 -2.248032 6.130147[[1]]
           [,1]      [,2]      [,3]     [,4]
[1,] -0.3598378 -1.165721 -2.248032 6.130147

[[2]]
[1] 7.914385

GA | iter = 75 | Mean = 0.7106658 | Best = 7.9143854
-0.3598378 -1.165721 -2.248032 6.130147[[1]]
           [,1]      [,2]      [,3]     [,4]
[1,] -0.3598378 -1.165721 -2.248032 6.130147

[[2]]
[1] 7.914385

GA | iter = 76 | Mean = 0.8141683 | Best = 7.9143854
-0.3598378 -1.165721 -2.248032 6.130147[[1]]
           [,1]      [,2]      [,3]     [,4]
[1,] -0.3598378 -1.165721 -2.248032 6.130147

[[2]]
[1] 7.914385

GA | iter = 77 | Mean = 0.7540302 | Best = 7.9143854
-0.3598378 -1.165721 -2.248032 6.130147[[1]]
           [,1]      [,2]      [,3]     [,4]
[1,] -0.3598378 -1.165721 -2.248032 6.130147

[[2]]
[1] 7.914385

GA | iter = 78 | Mean = 0.7383526 | Best = 7.9143854
-0.3598378 -1.165721 -2.248032 6.130147[[1]]
           [,1]      [,2]      [,3]     [,4]
[1,] -0.3598378 -1.165721 -2.248032 6.130147

[[2]]
[1] 7.914385

GA | iter = 79 | Mean = 0.6272538 | Best = 7.9143854
-0.3598378 -1.165721 -2.248032 6.130147[[1]]
           [,1]      [,2]      [,3]     [,4]
[1,] -0.3598378 -1.165721 -2.248032 6.130147

[[2]]
[1] 7.914385

GA | iter = 80 | Mean = 0.7237543 | Best = 7.9143854
-0.3598378 -1.165721 -2.248032 6.130147[[1]]
           [,1]      [,2]      [,3]     [,4]
[1,] -0.3598378 -1.165721 -2.248032 6.130147

[[2]]
[1] 7.914385

GA | iter = 81 | Mean = 0.8031373 | Best = 7.9143854
-0.3598378 -1.165721 -2.248032 6.130147[[1]]
           [,1]      [,2]      [,3]     [,4]
[1,] -0.3598378 -1.165721 -2.248032 6.130147

[[2]]
[1] 7.914385

GA | iter = 82 | Mean = 0.6616804 | Best = 7.9143854
-0.3598378 -1.165721 -2.248032 6.130147[[1]]
           [,1]      [,2]      [,3]     [,4]
[1,] -0.3598378 -1.165721 -2.248032 6.130147

[[2]]
[1] 7.914385

GA | iter = 83 | Mean = 0.6688461 | Best = 7.9143854
-0.3598378 -1.165721 -2.248032 6.130147[[1]]
           [,1]      [,2]      [,3]     [,4]
[1,] -0.3598378 -1.165721 -2.248032 6.130147

[[2]]
[1] 7.914385

GA | iter = 84 | Mean = 0.6745739 | Best = 7.9143854
-0.3598378 -1.165721 -2.248032 6.130147[[1]]
           [,1]      [,2]      [,3]     [,4]
[1,] -0.3598378 -1.165721 -2.248032 6.130147

[[2]]
[1] 7.914385

GA | iter = 85 | Mean = 0.6552741 | Best = 7.9143854
-0.3598378 -1.165721 -2.248032 6.130147[[1]]
           [,1]      [,2]      [,3]     [,4]
[1,] -0.3598378 -1.165721 -2.248032 6.130147

[[2]]
[1] 7.914385

GA | iter = 86 | Mean = 0.790680 | Best = 7.914385
-0.3598378 -1.165721 -2.248032 6.130147[[1]]
           [,1]      [,2]      [,3]     [,4]
[1,] -0.3598378 -1.165721 -2.248032 6.130147

[[2]]
[1] 7.914385

GA | iter = 87 | Mean = 0.8515385 | Best = 7.9143854
-0.3598378 -1.165721 -2.248032 6.130147[[1]]
           [,1]      [,2]      [,3]     [,4]
[1,] -0.3598378 -1.165721 -2.248032 6.130147

[[2]]
[1] 7.914385

GA | iter = 88 | Mean = 0.8762157 | Best = 7.9143854
-0.3598378 -1.165721 -2.248032 6.130147[[1]]
           [,1]      [,2]      [,3]     [,4]
[1,] -0.3598378 -1.165721 -2.248032 6.130147

[[2]]
[1] 7.914385

GA | iter = 89 | Mean = 0.7179534 | Best = 7.9143854
-0.3598378 -1.165721 -2.248032 6.130147[[1]]
           [,1]      [,2]      [,3]     [,4]
[1,] -0.3598378 -1.165721 -2.248032 6.130147

[[2]]
[1] 7.914385

GA | iter = 90 | Mean = 0.9111423 | Best = 7.9143854
-0.3598378 -1.165721 -2.248032 6.130147[[1]]
           [,1]      [,2]      [,3]     [,4]
[1,] -0.3598378 -1.165721 -2.248032 6.130147

[[2]]
[1] 7.914385

GA | iter = 91 | Mean = 0.8845465 | Best = 7.9143854
-0.3598378 -1.165721 -2.248032 6.130147[[1]]
           [,1]      [,2]      [,3]     [,4]
[1,] -0.3598378 -1.165721 -2.248032 6.130147

[[2]]
[1] 7.914385

GA | iter = 92 | Mean = 0.8490973 | Best = 7.9143854
-0.3598378 -1.165721 -2.248032 6.130147[[1]]
           [,1]      [,2]      [,3]     [,4]
[1,] -0.3598378 -1.165721 -2.248032 6.130147

[[2]]
[1] 7.914385

GA | iter = 93 | Mean = 0.7827494 | Best = 7.9143854
-0.3598378 -1.165721 -2.248032 6.130147[[1]]
           [,1]      [,2]      [,3]     [,4]
[1,] -0.3598378 -1.165721 -2.248032 6.130147

[[2]]
[1] 7.914385

GA | iter = 94 | Mean = 0.8192946 | Best = 7.9143854
-0.3598378 -1.165721 -2.248032 6.130147[[1]]
           [,1]      [,2]      [,3]     [,4]
[1,] -0.3598378 -1.165721 -2.248032 6.130147

[[2]]
[1] 7.914385

GA | iter = 95 | Mean = 0.9650515 | Best = 7.9143854
-0.3598378 -1.165721 -2.248032 6.130147[[1]]
           [,1]      [,2]      [,3]     [,4]
[1,] -0.3598378 -1.165721 -2.248032 6.130147

[[2]]
[1] 7.914385

GA | iter = 96 | Mean = 0.8915278 | Best = 7.9143854
-0.4054788 -6.199243 5.276426 -1.70884[[1]]
           [,1]      [,2]     [,3]     [,4]
[1,] -0.4054788 -6.199243 5.276426 -1.70884

[[2]]
[1] 7.920729

GA | iter = 97 | Mean = 0.8061556 | Best = 7.9207287
-0.4054788 -6.199243 5.276426 -1.70884[[1]]
           [,1]      [,2]     [,3]     [,4]
[1,] -0.4054788 -6.199243 5.276426 -1.70884

[[2]]
[1] 7.920729

GA | iter = 98 | Mean = 0.9151392 | Best = 7.9207287
-1.269321 13.16484 -16.55714 19.79552[[1]]
          [,1]     [,2]      [,3]     [,4]
[1,] -1.269321 13.16484 -16.55714 19.79552

[[2]]
[1] 7.985181

GA | iter = 99 | Mean = 1.048941 | Best = 7.985181
-1.269321 13.16484 -16.55714 19.79552[[1]]
          [,1]     [,2]      [,3]     [,4]
[1,] -1.269321 13.16484 -16.55714 19.79552

[[2]]
[1] 7.985181

GA | iter = 100 | Mean = 1.058563 | Best = 7.985181
-1.269321 13.16484 -16.55714 19.79552[[1]]
          [,1]     [,2]      [,3]     [,4]
[1,] -1.269321 13.16484 -16.55714 19.79552

[[2]]
[1] 7.985181

GA | iter = 101 | Mean = 1.143614 | Best = 7.985181
-1.269321 13.16484 -16.55714 19.79552[[1]]
          [,1]     [,2]      [,3]     [,4]
[1,] -1.269321 13.16484 -16.55714 19.79552

[[2]]
[1] 7.985181

GA | iter = 102 | Mean = 0.9171184 | Best = 7.9851809
-1.269321 13.16484 -16.55714 19.79552[[1]]
          [,1]     [,2]      [,3]     [,4]
[1,] -1.269321 13.16484 -16.55714 19.79552

[[2]]
[1] 7.985181

GA | iter = 103 | Mean = 0.7188228 | Best = 7.9851809
-1.269321 13.16484 -16.55714 19.79552[[1]]
          [,1]     [,2]      [,3]     [,4]
[1,] -1.269321 13.16484 -16.55714 19.79552

[[2]]
[1] 7.985181

GA | iter = 104 | Mean = 0.7303404 | Best = 7.9851809
-1.269321 13.16484 -16.55714 19.79552[[1]]
          [,1]     [,2]      [,3]     [,4]
[1,] -1.269321 13.16484 -16.55714 19.79552

[[2]]
[1] 7.985181

GA | iter = 105 | Mean = 0.8638956 | Best = 7.9851809
-1.269321 13.16484 -16.55714 19.79552[[1]]
          [,1]     [,2]      [,3]     [,4]
[1,] -1.269321 13.16484 -16.55714 19.79552

[[2]]
[1] 7.985181

GA | iter = 106 | Mean = 0.7952926 | Best = 7.9851809
-1.269321 13.16484 -16.55714 19.79552[[1]]
          [,1]     [,2]      [,3]     [,4]
[1,] -1.269321 13.16484 -16.55714 19.79552

[[2]]
[1] 7.985181

GA | iter = 107 | Mean = 0.8376662 | Best = 7.9851809
-1.269321 13.16484 -16.55714 19.79552[[1]]
          [,1]     [,2]      [,3]     [,4]
[1,] -1.269321 13.16484 -16.55714 19.79552

[[2]]
[1] 7.985181

GA | iter = 108 | Mean = 0.9303878 | Best = 7.9851809
-1.269321 13.16484 -16.55714 19.79552[[1]]
          [,1]     [,2]      [,3]     [,4]
[1,] -1.269321 13.16484 -16.55714 19.79552

[[2]]
[1] 7.985181

GA | iter = 109 | Mean = 0.9038067 | Best = 7.9851809
-1.269321 13.16484 -16.55714 19.79552[[1]]
          [,1]     [,2]      [,3]     [,4]
[1,] -1.269321 13.16484 -16.55714 19.79552

[[2]]
[1] 7.985181

GA | iter = 110 | Mean = 0.898430 | Best = 7.985181
-1.269321 13.16484 -16.55714 19.79552[[1]]
          [,1]     [,2]      [,3]     [,4]
[1,] -1.269321 13.16484 -16.55714 19.79552

[[2]]
[1] 7.985181

GA | iter = 111 | Mean = 0.9207698 | Best = 7.9851809
-1.269321 13.16484 -16.55714 19.79552[[1]]
          [,1]     [,2]      [,3]     [,4]
[1,] -1.269321 13.16484 -16.55714 19.79552

[[2]]
[1] 7.985181

GA | iter = 112 | Mean = 0.8477165 | Best = 7.9851809
-1.269321 13.16484 -16.55714 19.79552[[1]]
          [,1]     [,2]      [,3]     [,4]
[1,] -1.269321 13.16484 -16.55714 19.79552

[[2]]
[1] 7.985181

GA | iter = 113 | Mean = 0.8575253 | Best = 7.9851809
-1.269321 13.16484 -16.55714 19.79552[[1]]
          [,1]     [,2]      [,3]     [,4]
[1,] -1.269321 13.16484 -16.55714 19.79552

[[2]]
[1] 7.985181

GA | iter = 114 | Mean = 0.8939303 | Best = 7.9851809
-1.269321 13.16484 -16.55714 19.79552[[1]]
          [,1]     [,2]      [,3]     [,4]
[1,] -1.269321 13.16484 -16.55714 19.79552

[[2]]
[1] 7.985181

GA | iter = 115 | Mean = 0.8463242 | Best = 7.9851809
-1.269321 13.16484 -16.55714 19.79552[[1]]
          [,1]     [,2]      [,3]     [,4]
[1,] -1.269321 13.16484 -16.55714 19.79552

[[2]]
[1] 7.985181

GA | iter = 116 | Mean = 0.978834 | Best = 7.985181
-1.269321 13.16484 -16.55714 19.79552[[1]]
          [,1]     [,2]      [,3]     [,4]
[1,] -1.269321 13.16484 -16.55714 19.79552

[[2]]
[1] 7.985181

GA | iter = 117 | Mean = 0.9254144 | Best = 7.9851809
-1.269321 13.16484 -16.55714 19.79552[[1]]
          [,1]     [,2]      [,3]     [,4]
[1,] -1.269321 13.16484 -16.55714 19.79552

[[2]]
[1] 7.985181

GA | iter = 118 | Mean = 0.7442447 | Best = 7.9851809
-1.269321 13.16484 -16.55714 19.79552[[1]]
          [,1]     [,2]      [,3]     [,4]
[1,] -1.269321 13.16484 -16.55714 19.79552

[[2]]
[1] 7.985181

GA | iter = 119 | Mean = 0.936886 | Best = 7.985181
-1.269321 13.16484 -16.55714 19.79552[[1]]
          [,1]     [,2]      [,3]     [,4]
[1,] -1.269321 13.16484 -16.55714 19.79552

[[2]]
[1] 7.985181

GA | iter = 120 | Mean = 0.8501445 | Best = 7.9851809
-1.269321 13.16484 -16.55714 19.79552[[1]]
          [,1]     [,2]      [,3]     [,4]
[1,] -1.269321 13.16484 -16.55714 19.79552

[[2]]
[1] 7.985181

GA | iter = 121 | Mean = 0.8787073 | Best = 7.9851809
-1.269321 13.16484 -16.55714 19.79552[[1]]
          [,1]     [,2]      [,3]     [,4]
[1,] -1.269321 13.16484 -16.55714 19.79552

[[2]]
[1] 7.985181

GA | iter = 122 | Mean = 0.9186292 | Best = 7.9851809
-1.269321 13.16484 -16.55714 19.79552[[1]]
          [,1]     [,2]      [,3]     [,4]
[1,] -1.269321 13.16484 -16.55714 19.79552

[[2]]
[1] 7.985181

GA | iter = 123 | Mean = 0.8646171 | Best = 7.9851809
-1.269321 13.16484 -16.55714 19.79552[[1]]
          [,1]     [,2]      [,3]     [,4]
[1,] -1.269321 13.16484 -16.55714 19.79552

[[2]]
[1] 7.985181

GA | iter = 124 | Mean = 0.7488835 | Best = 7.9851809
-1.269321 13.16484 -16.55714 19.79552[[1]]
          [,1]     [,2]      [,3]     [,4]
[1,] -1.269321 13.16484 -16.55714 19.79552

[[2]]
[1] 7.985181

GA | iter = 125 | Mean = 0.7086614 | Best = 7.9851809
-1.269321 13.16484 -16.55714 19.79552[[1]]
          [,1]     [,2]      [,3]     [,4]
[1,] -1.269321 13.16484 -16.55714 19.79552

[[2]]
[1] 7.985181

GA | iter = 126 | Mean = 0.7336776 | Best = 7.9851809
-1.269321 13.16484 -16.55714 19.79552[[1]]
          [,1]     [,2]      [,3]     [,4]
[1,] -1.269321 13.16484 -16.55714 19.79552

[[2]]
[1] 7.985181

GA | iter = 127 | Mean = 0.5814448 | Best = 7.9851809
-1.269321 13.16484 -16.55714 19.79552[[1]]
          [,1]     [,2]      [,3]     [,4]
[1,] -1.269321 13.16484 -16.55714 19.79552

[[2]]
[1] 7.985181

GA | iter = 128 | Mean = 0.816449 | Best = 7.985181
-1.269321 13.16484 -16.55714 19.79552[[1]]
          [,1]     [,2]      [,3]     [,4]
[1,] -1.269321 13.16484 -16.55714 19.79552

[[2]]
[1] 7.985181

GA | iter = 129 | Mean = 0.7498793 | Best = 7.9851809
-1.269321 13.16484 -16.55714 19.79552[[1]]
          [,1]     [,2]      [,3]     [,4]
[1,] -1.269321 13.16484 -16.55714 19.79552

[[2]]
[1] 7.985181

GA | iter = 130 | Mean = 0.8002574 | Best = 7.9851809
-1.269321 13.16484 -16.55714 19.79552[[1]]
          [,1]     [,2]      [,3]     [,4]
[1,] -1.269321 13.16484 -16.55714 19.79552

[[2]]
[1] 7.985181

GA | iter = 131 | Mean = 0.8248967 | Best = 7.9851809
-1.269321 13.16484 -16.55714 19.79552[[1]]
          [,1]     [,2]      [,3]     [,4]
[1,] -1.269321 13.16484 -16.55714 19.79552

[[2]]
[1] 7.985181

GA | iter = 132 | Mean = 0.7128806 | Best = 7.9851809
-1.269321 13.16484 -16.55714 19.79552[[1]]
          [,1]     [,2]      [,3]     [,4]
[1,] -1.269321 13.16484 -16.55714 19.79552

[[2]]
[1] 7.985181

GA | iter = 133 | Mean = 0.6474251 | Best = 7.9851809
-1.269321 13.16484 -16.55714 19.79552[[1]]
          [,1]     [,2]      [,3]     [,4]
[1,] -1.269321 13.16484 -16.55714 19.79552

[[2]]
[1] 7.985181

GA | iter = 134 | Mean = 0.7605098 | Best = 7.9851809
-1.269321 13.16484 -16.55714 19.79552[[1]]
          [,1]     [,2]      [,3]     [,4]
[1,] -1.269321 13.16484 -16.55714 19.79552

[[2]]
[1] 7.985181

GA | iter = 135 | Mean = 0.8812717 | Best = 7.9851809
-1.269321 13.16484 -16.55714 19.79552[[1]]
          [,1]     [,2]      [,3]     [,4]
[1,] -1.269321 13.16484 -16.55714 19.79552

[[2]]
[1] 7.985181

GA | iter = 136 | Mean = 0.9623955 | Best = 7.9851809
-1.269321 13.16484 -16.55714 19.79552[[1]]
          [,1]     [,2]      [,3]     [,4]
[1,] -1.269321 13.16484 -16.55714 19.79552

[[2]]
[1] 7.985181

GA | iter = 137 | Mean = 0.8374363 | Best = 7.9851809
-1.269321 13.16484 -16.55714 19.79552[[1]]
          [,1]     [,2]      [,3]     [,4]
[1,] -1.269321 13.16484 -16.55714 19.79552

[[2]]
[1] 7.985181

GA | iter = 138 | Mean = 1.042418 | Best = 7.985181
-1.269321 13.16484 -16.55714 19.79552[[1]]
          [,1]     [,2]      [,3]     [,4]
[1,] -1.269321 13.16484 -16.55714 19.79552

[[2]]
[1] 7.985181

GA | iter = 139 | Mean = 0.8860078 | Best = 7.9851809
-1.269321 13.16484 -16.55714 19.79552[[1]]
          [,1]     [,2]      [,3]     [,4]
[1,] -1.269321 13.16484 -16.55714 19.79552

[[2]]
[1] 7.985181

GA | iter = 140 | Mean = 0.8973457 | Best = 7.9851809
-1.269321 13.16484 -16.55714 19.79552[[1]]
          [,1]     [,2]      [,3]     [,4]
[1,] -1.269321 13.16484 -16.55714 19.79552

[[2]]
[1] 7.985181

GA | iter = 141 | Mean = 0.9283676 | Best = 7.9851809
-1.269321 13.16484 -16.55714 19.79552[[1]]
          [,1]     [,2]      [,3]     [,4]
[1,] -1.269321 13.16484 -16.55714 19.79552

[[2]]
[1] 7.985181

GA | iter = 142 | Mean = 1.084990 | Best = 7.985181
-1.269321 13.16484 -16.55714 19.79552[[1]]
          [,1]     [,2]      [,3]     [,4]
[1,] -1.269321 13.16484 -16.55714 19.79552

[[2]]
[1] 7.985181

GA | iter = 143 | Mean = 1.299068 | Best = 7.985181
-1.269321 13.16484 -16.55714 19.79552[[1]]
          [,1]     [,2]      [,3]     [,4]
[1,] -1.269321 13.16484 -16.55714 19.79552

[[2]]
[1] 7.985181

GA | iter = 144 | Mean = 1.173617 | Best = 7.985181
-1.269321 13.16484 -16.55714 19.79552[[1]]
          [,1]     [,2]      [,3]     [,4]
[1,] -1.269321 13.16484 -16.55714 19.79552

[[2]]
[1] 7.985181

GA | iter = 145 | Mean = 1.028186 | Best = 7.985181
-1.269321 13.16484 -16.55714 19.79552[[1]]
          [,1]     [,2]      [,3]     [,4]
[1,] -1.269321 13.16484 -16.55714 19.79552

[[2]]
[1] 7.985181

GA | iter = 146 | Mean = 0.9694275 | Best = 7.9851809
-1.269321 13.16484 -16.55714 19.79552[[1]]
          [,1]     [,2]      [,3]     [,4]
[1,] -1.269321 13.16484 -16.55714 19.79552

[[2]]
[1] 7.985181

GA | iter = 147 | Mean = 0.9555996 | Best = 7.9851809
-1.269321 13.16484 -16.55714 19.79552[[1]]
          [,1]     [,2]      [,3]     [,4]
[1,] -1.269321 13.16484 -16.55714 19.79552

[[2]]
[1] 7.985181

GA | iter = 148 | Mean = 0.9852382 | Best = 7.9851809

> stopCluster(cl)
> 
> print(list(ga_res@bestSol, ga_res@fitnessValue))
[[1]]
[[1]][[1]]
          [,1]     [,2]      [,3]     [,4]
[1,] -1.865946 83.74383 -393.6383 613.9674

[[1]][[2]]
          [,1]     [,2]      [,3]     [,4]
[1,] -1.865946 83.74383 -393.6383 613.9674

[[1]][[3]]
          [,1]     [,2]      [,3]     [,4]
[1,] -1.865946 83.74383 -393.6383 613.9674

[[1]][[4]]
          [,1]     [,2]      [,3]     [,4]
[1,] 0.4755563 5.903238 -159.0184 269.7519

[[1]][[5]]
          [,1]     [,2]      [,3]     [,4]
[1,] 0.4755563 5.903238 -159.0184 269.7519

[[1]][[6]]
          [,1]     [,2]      [,3]     [,4]
[1,] 0.4755563 5.903238 -159.0184 269.7519

[[1]][[7]]
           [,1]     [,2]      [,3]     [,4]
[1,] -0.8500103 12.74392 -36.96483 52.76609

[[1]][[8]]
           [,1]     [,2]      [,3]     [,4]
[1,] -0.8500103 12.74392 -36.96483 52.76609

[[1]][[9]]
           [,1]     [,2]      [,3]     [,4]
[1,] -0.8500103 12.74392 -36.96483 52.76609

[[1]][[10]]
           [,1]     [,2]      [,3]     [,4]
[1,] -0.8500103 12.74392 -36.96483 52.76609

[[1]][[11]]
           [,1]     [,2]      [,3]     [,4]
[1,] -0.8500103 12.74392 -36.96483 52.76609

[[1]][[12]]
           [,1]     [,2]      [,3]     [,4]
[1,] -0.8500103 12.74392 -36.96483 52.76609

[[1]][[13]]
           [,1]     [,2]      [,3]     [,4]
[1,] -0.8500103 12.74392 -36.96483 52.76609

[[1]][[14]]
           [,1]     [,2]      [,3]     [,4]
[1,] -0.7321532 20.09961 -40.12056 55.23279

[[1]][[15]]
           [,1]     [,2]      [,3]     [,4]
[1,] -0.7321532 20.09961 -40.12056 55.23279

[[1]][[16]]
           [,1]     [,2]      [,3]     [,4]
[1,] -0.7321532 20.09961 -40.12056 55.23279

[[1]][[17]]
           [,1]     [,2]      [,3]     [,4]
[1,] -0.7321532 20.09961 -40.12056 55.23279

[[1]][[18]]
           [,1]     [,2]      [,3]     [,4]
[1,] -0.7321532 20.09961 -40.12056 55.23279

[[1]][[19]]
           [,1]     [,2]      [,3]     [,4]
[1,] -0.7321532 20.09961 -40.12056 55.23279

[[1]][[20]]
           [,1]     [,2]      [,3]     [,4]
[1,] -0.7321532 20.09961 -40.12056 55.23279

[[1]][[21]]
           [,1]     [,2]      [,3]     [,4]
[1,] -0.7321532 20.09961 -40.12056 55.23279

[[1]][[22]]
           [,1]     [,2]      [,3]     [,4]
[1,] -0.7321532 20.09961 -40.12056 55.23279

[[1]][[23]]
           [,1]     [,2]      [,3]     [,4]
[1,] -0.7321532 20.09961 -40.12056 55.23279

[[1]][[24]]
           [,1]     [,2]      [,3]     [,4]
[1,] -0.7321532 20.09961 -40.12056 55.23279

[[1]][[25]]
         [,1]      [,2]      [,3]     [,4]
[1,] 0.721401 -4.658793 -39.44457 70.68456

[[1]][[26]]
         [,1]      [,2]      [,3]     [,4]
[1,] 0.721401 -4.658793 -39.44457 70.68456

[[1]][[27]]
           [,1]     [,2]      [,3]     [,4]
[1,] -0.3404188 2.969376 -45.18753 75.66484

[[1]][[28]]
           [,1]     [,2]      [,3]     [,4]
[1,] -0.3404188 2.969376 -45.18753 75.66484

[[1]][[29]]
           [,1]     [,2]      [,3]     [,4]
[1,] -0.3404188 2.969376 -45.18753 75.66484

[[1]][[30]]
           [,1]     [,2]      [,3]     [,4]
[1,] -0.3404188 2.969376 -45.18753 75.66484

[[1]][[31]]
           [,1]     [,2]      [,3]     [,4]
[1,] -0.3404188 2.969376 -45.18753 75.66484

[[1]][[32]]
           [,1]     [,2]      [,3]     [,4]
[1,] -0.3404188 2.969376 -45.18753 75.66484

[[1]][[33]]
         [,1]     [,2]      [,3]     [,4]
[1,] 1.933122 14.78244 -38.88453 46.13804

[[1]][[34]]
         [,1]     [,2]      [,3]     [,4]
[1,] 1.933122 14.78244 -38.88453 46.13804

[[1]][[35]]
         [,1]     [,2]      [,3]     [,4]
[1,] 1.933122 14.78244 -38.88453 46.13804

[[1]][[36]]
         [,1]     [,2]      [,3]     [,4]
[1,] 1.933122 14.78244 -38.88453 46.13804

[[1]][[37]]
         [,1]      [,2]     [,3]      [,4]
[1,] 1.039628 -11.24706 14.66955 -18.27045

[[1]][[38]]
         [,1]      [,2]     [,3]      [,4]
[1,] 1.039628 -11.24706 14.66955 -18.27045

[[1]][[39]]
         [,1]      [,2]     [,3]      [,4]
[1,] 1.039628 -11.24706 14.66955 -18.27045

[[1]][[40]]
         [,1]      [,2]     [,3]      [,4]
[1,] 1.039628 -11.24706 14.66955 -18.27045

[[1]][[41]]
         [,1]      [,2]     [,3]      [,4]
[1,] 1.039628 -11.24706 14.66955 -18.27045

[[1]][[42]]
         [,1]      [,2]     [,3]      [,4]
[1,] 1.039628 -11.24706 14.66955 -18.27045

[[1]][[43]]
         [,1]      [,2]     [,3]      [,4]
[1,] 1.039628 -11.24706 14.66955 -18.27045

[[1]][[44]]
         [,1]      [,2]     [,3]      [,4]
[1,] 1.039628 -11.24706 14.66955 -18.27045

[[1]][[45]]
         [,1]      [,2]     [,3]      [,4]
[1,] 1.039628 -11.24706 14.66955 -18.27045

[[1]][[46]]
         [,1]      [,2]     [,3]      [,4]
[1,] 1.039628 -11.24706 14.66955 -18.27045

[[1]][[47]]
         [,1]      [,2]     [,3]      [,4]
[1,] 1.039628 -11.24706 14.66955 -18.27045

[[1]][[48]]
         [,1]      [,2]     [,3]      [,4]
[1,] 1.039628 -11.24706 14.66955 -18.27045

[[1]][[49]]
         [,1]      [,2]     [,3]      [,4]
[1,] 1.039628 -11.24706 14.66955 -18.27045

[[1]][[50]]
         [,1]      [,2]     [,3]      [,4]
[1,] 1.039628 -11.24706 14.66955 -18.27045

[[1]][[51]]
          [,1]      [,2]     [,3]     [,4]
[1,] 0.6717926 -14.01506 12.45048 -11.2563

[[1]][[52]]
          [,1]      [,2]     [,3]     [,4]
[1,] 0.6717926 -14.01506 12.45048 -11.2563

[[1]][[53]]
          [,1]     [,2]      [,3]     [,4]
[1,] 0.2250066 21.07561 -29.68828 28.58285

[[1]][[54]]
          [,1]     [,2]      [,3]     [,4]
[1,] 0.2250066 21.07561 -29.68828 28.58285

[[1]][[55]]
          [,1]     [,2]      [,3]     [,4]
[1,] 0.2250066 21.07561 -29.68828 28.58285

[[1]][[56]]
          [,1]     [,2]      [,3]     [,4]
[1,] 0.2250066 21.07561 -29.68828 28.58285

[[1]][[57]]
          [,1]     [,2]      [,3]     [,4]
[1,] 0.2250066 21.07561 -29.68828 28.58285

[[1]][[58]]
           [,1]      [,2]      [,3]     [,4]
[1,] -0.3598378 -1.165721 -2.248032 6.130147

[[1]][[59]]
           [,1]      [,2]      [,3]     [,4]
[1,] -0.3598378 -1.165721 -2.248032 6.130147

[[1]][[60]]
           [,1]      [,2]      [,3]     [,4]
[1,] -0.3598378 -1.165721 -2.248032 6.130147

[[1]][[61]]
           [,1]      [,2]      [,3]     [,4]
[1,] -0.3598378 -1.165721 -2.248032 6.130147

[[1]][[62]]
           [,1]      [,2]      [,3]     [,4]
[1,] -0.3598378 -1.165721 -2.248032 6.130147

[[1]][[63]]
           [,1]      [,2]      [,3]     [,4]
[1,] -0.3598378 -1.165721 -2.248032 6.130147

[[1]][[64]]
           [,1]      [,2]      [,3]     [,4]
[1,] -0.3598378 -1.165721 -2.248032 6.130147

[[1]][[65]]
           [,1]      [,2]      [,3]     [,4]
[1,] -0.3598378 -1.165721 -2.248032 6.130147

[[1]][[66]]
           [,1]      [,2]      [,3]     [,4]
[1,] -0.3598378 -1.165721 -2.248032 6.130147

[[1]][[67]]
           [,1]      [,2]      [,3]     [,4]
[1,] -0.3598378 -1.165721 -2.248032 6.130147

[[1]][[68]]
           [,1]      [,2]      [,3]     [,4]
[1,] -0.3598378 -1.165721 -2.248032 6.130147

[[1]][[69]]
           [,1]      [,2]      [,3]     [,4]
[1,] -0.3598378 -1.165721 -2.248032 6.130147

[[1]][[70]]
           [,1]      [,2]      [,3]     [,4]
[1,] -0.3598378 -1.165721 -2.248032 6.130147

[[1]][[71]]
           [,1]      [,2]      [,3]     [,4]
[1,] -0.3598378 -1.165721 -2.248032 6.130147

[[1]][[72]]
           [,1]      [,2]      [,3]     [,4]
[1,] -0.3598378 -1.165721 -2.248032 6.130147

[[1]][[73]]
           [,1]      [,2]      [,3]     [,4]
[1,] -0.3598378 -1.165721 -2.248032 6.130147

[[1]][[74]]
           [,1]      [,2]      [,3]     [,4]
[1,] -0.3598378 -1.165721 -2.248032 6.130147

[[1]][[75]]
           [,1]      [,2]      [,3]     [,4]
[1,] -0.3598378 -1.165721 -2.248032 6.130147

[[1]][[76]]
           [,1]      [,2]      [,3]     [,4]
[1,] -0.3598378 -1.165721 -2.248032 6.130147

[[1]][[77]]
           [,1]      [,2]      [,3]     [,4]
[1,] -0.3598378 -1.165721 -2.248032 6.130147

[[1]][[78]]
           [,1]      [,2]      [,3]     [,4]
[1,] -0.3598378 -1.165721 -2.248032 6.130147

[[1]][[79]]
           [,1]      [,2]      [,3]     [,4]
[1,] -0.3598378 -1.165721 -2.248032 6.130147

[[1]][[80]]
           [,1]      [,2]      [,3]     [,4]
[1,] -0.3598378 -1.165721 -2.248032 6.130147

[[1]][[81]]
           [,1]      [,2]      [,3]     [,4]
[1,] -0.3598378 -1.165721 -2.248032 6.130147

[[1]][[82]]
           [,1]      [,2]      [,3]     [,4]
[1,] -0.3598378 -1.165721 -2.248032 6.130147

[[1]][[83]]
           [,1]      [,2]      [,3]     [,4]
[1,] -0.3598378 -1.165721 -2.248032 6.130147

[[1]][[84]]
           [,1]      [,2]      [,3]     [,4]
[1,] -0.3598378 -1.165721 -2.248032 6.130147

[[1]][[85]]
           [,1]      [,2]      [,3]     [,4]
[1,] -0.3598378 -1.165721 -2.248032 6.130147

[[1]][[86]]
           [,1]      [,2]      [,3]     [,4]
[1,] -0.3598378 -1.165721 -2.248032 6.130147

[[1]][[87]]
           [,1]      [,2]      [,3]     [,4]
[1,] -0.3598378 -1.165721 -2.248032 6.130147

[[1]][[88]]
           [,1]      [,2]      [,3]     [,4]
[1,] -0.3598378 -1.165721 -2.248032 6.130147

[[1]][[89]]
           [,1]      [,2]      [,3]     [,4]
[1,] -0.3598378 -1.165721 -2.248032 6.130147

[[1]][[90]]
           [,1]      [,2]      [,3]     [,4]
[1,] -0.3598378 -1.165721 -2.248032 6.130147

[[1]][[91]]
           [,1]      [,2]      [,3]     [,4]
[1,] -0.3598378 -1.165721 -2.248032 6.130147

[[1]][[92]]
           [,1]      [,2]      [,3]     [,4]
[1,] -0.3598378 -1.165721 -2.248032 6.130147

[[1]][[93]]
           [,1]      [,2]      [,3]     [,4]
[1,] -0.3598378 -1.165721 -2.248032 6.130147

[[1]][[94]]
           [,1]      [,2]      [,3]     [,4]
[1,] -0.3598378 -1.165721 -2.248032 6.130147

[[1]][[95]]
           [,1]      [,2]      [,3]     [,4]
[1,] -0.3598378 -1.165721 -2.248032 6.130147

[[1]][[96]]
           [,1]      [,2]      [,3]     [,4]
[1,] -0.3598378 -1.165721 -2.248032 6.130147

[[1]][[97]]
           [,1]      [,2]     [,3]     [,4]
[1,] -0.4054788 -6.199243 5.276426 -1.70884

[[1]][[98]]
           [,1]      [,2]     [,3]     [,4]
[1,] -0.4054788 -6.199243 5.276426 -1.70884

[[1]][[99]]
          [,1]     [,2]      [,3]     [,4]
[1,] -1.269321 13.16484 -16.55714 19.79552

[[1]][[100]]
          [,1]     [,2]      [,3]     [,4]
[1,] -1.269321 13.16484 -16.55714 19.79552

[[1]][[101]]
          [,1]     [,2]      [,3]     [,4]
[1,] -1.269321 13.16484 -16.55714 19.79552

[[1]][[102]]
          [,1]     [,2]      [,3]     [,4]
[1,] -1.269321 13.16484 -16.55714 19.79552

[[1]][[103]]
          [,1]     [,2]      [,3]     [,4]
[1,] -1.269321 13.16484 -16.55714 19.79552

[[1]][[104]]
          [,1]     [,2]      [,3]     [,4]
[1,] -1.269321 13.16484 -16.55714 19.79552

[[1]][[105]]
          [,1]     [,2]      [,3]     [,4]
[1,] -1.269321 13.16484 -16.55714 19.79552

[[1]][[106]]
          [,1]     [,2]      [,3]     [,4]
[1,] -1.269321 13.16484 -16.55714 19.79552

[[1]][[107]]
          [,1]     [,2]      [,3]     [,4]
[1,] -1.269321 13.16484 -16.55714 19.79552

[[1]][[108]]
          [,1]     [,2]      [,3]     [,4]
[1,] -1.269321 13.16484 -16.55714 19.79552

[[1]][[109]]
          [,1]     [,2]      [,3]     [,4]
[1,] -1.269321 13.16484 -16.55714 19.79552

[[1]][[110]]
          [,1]     [,2]      [,3]     [,4]
[1,] -1.269321 13.16484 -16.55714 19.79552

[[1]][[111]]
          [,1]     [,2]      [,3]     [,4]
[1,] -1.269321 13.16484 -16.55714 19.79552

[[1]][[112]]
          [,1]     [,2]      [,3]     [,4]
[1,] -1.269321 13.16484 -16.55714 19.79552

[[1]][[113]]
          [,1]     [,2]      [,3]     [,4]
[1,] -1.269321 13.16484 -16.55714 19.79552

[[1]][[114]]
          [,1]     [,2]      [,3]     [,4]
[1,] -1.269321 13.16484 -16.55714 19.79552

[[1]][[115]]
          [,1]     [,2]      [,3]     [,4]
[1,] -1.269321 13.16484 -16.55714 19.79552

[[1]][[116]]
          [,1]     [,2]      [,3]     [,4]
[1,] -1.269321 13.16484 -16.55714 19.79552

[[1]][[117]]
          [,1]     [,2]      [,3]     [,4]
[1,] -1.269321 13.16484 -16.55714 19.79552

[[1]][[118]]
          [,1]     [,2]      [,3]     [,4]
[1,] -1.269321 13.16484 -16.55714 19.79552

[[1]][[119]]
          [,1]     [,2]      [,3]     [,4]
[1,] -1.269321 13.16484 -16.55714 19.79552

[[1]][[120]]
          [,1]     [,2]      [,3]     [,4]
[1,] -1.269321 13.16484 -16.55714 19.79552

[[1]][[121]]
          [,1]     [,2]      [,3]     [,4]
[1,] -1.269321 13.16484 -16.55714 19.79552

[[1]][[122]]
          [,1]     [,2]      [,3]     [,4]
[1,] -1.269321 13.16484 -16.55714 19.79552

[[1]][[123]]
          [,1]     [,2]      [,3]     [,4]
[1,] -1.269321 13.16484 -16.55714 19.79552

[[1]][[124]]
          [,1]     [,2]      [,3]     [,4]
[1,] -1.269321 13.16484 -16.55714 19.79552

[[1]][[125]]
          [,1]     [,2]      [,3]     [,4]
[1,] -1.269321 13.16484 -16.55714 19.79552

[[1]][[126]]
          [,1]     [,2]      [,3]     [,4]
[1,] -1.269321 13.16484 -16.55714 19.79552

[[1]][[127]]
          [,1]     [,2]      [,3]     [,4]
[1,] -1.269321 13.16484 -16.55714 19.79552

[[1]][[128]]
          [,1]     [,2]      [,3]     [,4]
[1,] -1.269321 13.16484 -16.55714 19.79552

[[1]][[129]]
          [,1]     [,2]      [,3]     [,4]
[1,] -1.269321 13.16484 -16.55714 19.79552

[[1]][[130]]
          [,1]     [,2]      [,3]     [,4]
[1,] -1.269321 13.16484 -16.55714 19.79552

[[1]][[131]]
          [,1]     [,2]      [,3]     [,4]
[1,] -1.269321 13.16484 -16.55714 19.79552

[[1]][[132]]
          [,1]     [,2]      [,3]     [,4]
[1,] -1.269321 13.16484 -16.55714 19.79552

[[1]][[133]]
          [,1]     [,2]      [,3]     [,4]
[1,] -1.269321 13.16484 -16.55714 19.79552

[[1]][[134]]
          [,1]     [,2]      [,3]     [,4]
[1,] -1.269321 13.16484 -16.55714 19.79552

[[1]][[135]]
          [,1]     [,2]      [,3]     [,4]
[1,] -1.269321 13.16484 -16.55714 19.79552

[[1]][[136]]
          [,1]     [,2]      [,3]     [,4]
[1,] -1.269321 13.16484 -16.55714 19.79552

[[1]][[137]]
          [,1]     [,2]      [,3]     [,4]
[1,] -1.269321 13.16484 -16.55714 19.79552

[[1]][[138]]
          [,1]     [,2]      [,3]     [,4]
[1,] -1.269321 13.16484 -16.55714 19.79552

[[1]][[139]]
          [,1]     [,2]      [,3]     [,4]
[1,] -1.269321 13.16484 -16.55714 19.79552

[[1]][[140]]
          [,1]     [,2]      [,3]     [,4]
[1,] -1.269321 13.16484 -16.55714 19.79552

[[1]][[141]]
          [,1]     [,2]      [,3]     [,4]
[1,] -1.269321 13.16484 -16.55714 19.79552

[[1]][[142]]
          [,1]     [,2]      [,3]     [,4]
[1,] -1.269321 13.16484 -16.55714 19.79552

[[1]][[143]]
          [,1]     [,2]      [,3]     [,4]
[1,] -1.269321 13.16484 -16.55714 19.79552

[[1]][[144]]
          [,1]     [,2]      [,3]     [,4]
[1,] -1.269321 13.16484 -16.55714 19.79552

[[1]][[145]]
          [,1]     [,2]      [,3]     [,4]
[1,] -1.269321 13.16484 -16.55714 19.79552

[[1]][[146]]
          [,1]     [,2]      [,3]     [,4]
[1,] -1.269321 13.16484 -16.55714 19.79552

[[1]][[147]]
          [,1]     [,2]      [,3]     [,4]
[1,] -1.269321 13.16484 -16.55714 19.79552

[[1]][[148]]
          [,1]     [,2]      [,3]     [,4]
[1,] -1.269321 13.16484 -16.55714 19.79552


[[2]]
[1] 7.985181

> 
> 
> 
