
Lmod is automatically replacing "intel/2020.1.217" with "gcc/9.3.0".


Due to MODULEPATH changes, the following have been reloaded:
  1) openmpi/4.0.3


R version 4.0.2 (2020-06-22) -- "Taking Off Again"
Copyright (C) 2020 The R Foundation for Statistical Computing
Platform: x86_64-pc-linux-gnu (64-bit)

R is free software and comes with ABSOLUTELY NO WARRANTY.
You are welcome to redistribute it under certain conditions.
Type 'license()' or 'licence()' for distribution details.

  Natural language support but running in an English locale

R is a collaborative project with many contributors.
Type 'contributors()' for more information and
'citation()' on how to cite R or R packages in publications.

Type 'demo()' for some demos, 'help()' for on-line help, or
'help.start()' for an HTML browser interface to help.
Type 'q()' to quit R.

> # R script to submit parallelized genetic algorithm optimzied runs.
> 
> # load libraries
> library(doParallel)
Loading required package: foreach
Loading required package: iterators
Loading required package: parallel
> library(GA)
Package 'GA' version 3.2.2
Type 'citation("GA")' for citing this R package in publications.

Attaching package: ‘GA’

The following object is masked from ‘package:utils’:

    de

> library(here)
here() starts at /project/6004331/wanglu57/Project_Plasmodium
> library(doRNG)
Loading required package: rngtools
> 
> source(here::here("functions/ga_verbose.R"), local = T)
> source(here::here("functions/chabaudi_si_clean.R"), local = T)
> # load function
> #-----------------------------#
> # load in parameters
> #-----------------------------#
> parameters_tsukushi <- c(R1 = 8.89*10^6, # slightly higher
+                          lambda = 3.7*10^5,
+                          mu = 0.025, 
+                          p = 8*10^-6, # doubled form original
+                          alpha = 1, 
+                          alphag = 2, 
+                          beta = 5.721, 
+                          mum = 48, 
+                          mug = 4, 
+                          I0 = 43.85965, 
+                          Ig0 = 0, 
+                          a = 150, 
+                          b = 100, 
+                          sp = 1,
+                          psin = 16.69234,
+                          psiw = 0.8431785,
+                          phin = 0.03520591, 
+                          phiw = 550.842,
+                          iota = 2.18*(10^6),
+                          rho = 0.2627156)
> 
> time_range <- seq(0, 20, by = 1e-3)
> 
> I_range <- seq(0, log10(10^8), by = log10(10^8)/5000)
> 
> #-----------------------------#
> # Begin parallelized code
> #----------------------------#
> 
> 
> # Create an array from the NODESLIST environnement variable
> nodeslist = unlist(strsplit(Sys.getenv("NODESLIST"), split=" "))
> 
> # Create the cluster with the nodes name. One process per count of node name.
> # nodeslist = node1 node1 node2 node2, means we are starting 2 processes on node1, likewise on node2.
> cl = makeCluster(nodeslist, type = "PSOCK") 
> registerDoParallel(cl)
> clusterExport(cl,c("ga_verbose", "time_range", "parameters_tsukushi", "I_range", "chabaudi_si_clean")) 
> clusterCall(cl, library, package = "mclust", character.only = TRUE)
[[1]]
[1] "mclust"    "stats"     "graphics"  "grDevices" "utils"     "datasets" 
[7] "methods"   "base"     

[[2]]
[1] "mclust"    "stats"     "graphics"  "grDevices" "utils"     "datasets" 
[7] "methods"   "base"     

[[3]]
[1] "mclust"    "stats"     "graphics"  "grDevices" "utils"     "datasets" 
[7] "methods"   "base"     

[[4]]
[1] "mclust"    "stats"     "graphics"  "grDevices" "utils"     "datasets" 
[7] "methods"   "base"     

[[5]]
[1] "mclust"    "stats"     "graphics"  "grDevices" "utils"     "datasets" 
[7] "methods"   "base"     

[[6]]
[1] "mclust"    "stats"     "graphics"  "grDevices" "utils"     "datasets" 
[7] "methods"   "base"     

[[7]]
[1] "mclust"    "stats"     "graphics"  "grDevices" "utils"     "datasets" 
[7] "methods"   "base"     

[[8]]
[1] "mclust"    "stats"     "graphics"  "grDevices" "utils"     "datasets" 
[7] "methods"   "base"     

[[9]]
[1] "mclust"    "stats"     "graphics"  "grDevices" "utils"     "datasets" 
[7] "methods"   "base"     

[[10]]
[1] "mclust"    "stats"     "graphics"  "grDevices" "utils"     "datasets" 
[7] "methods"   "base"     

[[11]]
[1] "mclust"    "stats"     "graphics"  "grDevices" "utils"     "datasets" 
[7] "methods"   "base"     

[[12]]
[1] "mclust"    "stats"     "graphics"  "grDevices" "utils"     "datasets" 
[7] "methods"   "base"     

[[13]]
[1] "mclust"    "stats"     "graphics"  "grDevices" "utils"     "datasets" 
[7] "methods"   "base"     

[[14]]
[1] "mclust"    "stats"     "graphics"  "grDevices" "utils"     "datasets" 
[7] "methods"   "base"     

[[15]]
[1] "mclust"    "stats"     "graphics"  "grDevices" "utils"     "datasets" 
[7] "methods"   "base"     

[[16]]
[1] "mclust"    "stats"     "graphics"  "grDevices" "utils"     "datasets" 
[7] "methods"   "base"     

[[17]]
[1] "mclust"    "stats"     "graphics"  "grDevices" "utils"     "datasets" 
[7] "methods"   "base"     

[[18]]
[1] "mclust"    "stats"     "graphics"  "grDevices" "utils"     "datasets" 
[7] "methods"   "base"     

[[19]]
[1] "mclust"    "stats"     "graphics"  "grDevices" "utils"     "datasets" 
[7] "methods"   "base"     

[[20]]
[1] "mclust"    "stats"     "graphics"  "grDevices" "utils"     "datasets" 
[7] "methods"   "base"     

[[21]]
[1] "mclust"    "stats"     "graphics"  "grDevices" "utils"     "datasets" 
[7] "methods"   "base"     

[[22]]
[1] "mclust"    "stats"     "graphics"  "grDevices" "utils"     "datasets" 
[7] "methods"   "base"     

[[23]]
[1] "mclust"    "stats"     "graphics"  "grDevices" "utils"     "datasets" 
[7] "methods"   "base"     

[[24]]
[1] "mclust"    "stats"     "graphics"  "grDevices" "utils"     "datasets" 
[7] "methods"   "base"     

[[25]]
[1] "mclust"    "stats"     "graphics"  "grDevices" "utils"     "datasets" 
[7] "methods"   "base"     

[[26]]
[1] "mclust"    "stats"     "graphics"  "grDevices" "utils"     "datasets" 
[7] "methods"   "base"     

[[27]]
[1] "mclust"    "stats"     "graphics"  "grDevices" "utils"     "datasets" 
[7] "methods"   "base"     

[[28]]
[1] "mclust"    "stats"     "graphics"  "grDevices" "utils"     "datasets" 
[7] "methods"   "base"     

[[29]]
[1] "mclust"    "stats"     "graphics"  "grDevices" "utils"     "datasets" 
[7] "methods"   "base"     

[[30]]
[1] "mclust"    "stats"     "graphics"  "grDevices" "utils"     "datasets" 
[7] "methods"   "base"     

[[31]]
[1] "mclust"    "stats"     "graphics"  "grDevices" "utils"     "datasets" 
[7] "methods"   "base"     

[[32]]
[1] "mclust"    "stats"     "graphics"  "grDevices" "utils"     "datasets" 
[7] "methods"   "base"     

[[33]]
[1] "mclust"    "stats"     "graphics"  "grDevices" "utils"     "datasets" 
[7] "methods"   "base"     

[[34]]
[1] "mclust"    "stats"     "graphics"  "grDevices" "utils"     "datasets" 
[7] "methods"   "base"     

[[35]]
[1] "mclust"    "stats"     "graphics"  "grDevices" "utils"     "datasets" 
[7] "methods"   "base"     

[[36]]
[1] "mclust"    "stats"     "graphics"  "grDevices" "utils"     "datasets" 
[7] "methods"   "base"     

[[37]]
[1] "mclust"    "stats"     "graphics"  "grDevices" "utils"     "datasets" 
[7] "methods"   "base"     

[[38]]
[1] "mclust"    "stats"     "graphics"  "grDevices" "utils"     "datasets" 
[7] "methods"   "base"     

[[39]]
[1] "mclust"    "stats"     "graphics"  "grDevices" "utils"     "datasets" 
[7] "methods"   "base"     

[[40]]
[1] "mclust"    "stats"     "graphics"  "grDevices" "utils"     "datasets" 
[7] "methods"   "base"     

[[41]]
[1] "mclust"    "stats"     "graphics"  "grDevices" "utils"     "datasets" 
[7] "methods"   "base"     

[[42]]
[1] "mclust"    "stats"     "graphics"  "grDevices" "utils"     "datasets" 
[7] "methods"   "base"     

[[43]]
[1] "mclust"    "stats"     "graphics"  "grDevices" "utils"     "datasets" 
[7] "methods"   "base"     

[[44]]
[1] "mclust"    "stats"     "graphics"  "grDevices" "utils"     "datasets" 
[7] "methods"   "base"     

[[45]]
[1] "mclust"    "stats"     "graphics"  "grDevices" "utils"     "datasets" 
[7] "methods"   "base"     

[[46]]
[1] "mclust"    "stats"     "graphics"  "grDevices" "utils"     "datasets" 
[7] "methods"   "base"     

[[47]]
[1] "mclust"    "stats"     "graphics"  "grDevices" "utils"     "datasets" 
[7] "methods"   "base"     

[[48]]
[1] "mclust"    "stats"     "graphics"  "grDevices" "utils"     "datasets" 
[7] "methods"   "base"     

> ga_res <- ga_verbose(type = "real-valued", 
+                      function(x)
+                        chabaudi_si_clean(
+                          parameters_cr = c(x[1], x[2], x[3], x[4]), 
+                          parameters = parameters_tsukushi, 
+                          time_range = time_range, 
+                          cue = "I", 
+                          cue_range = I_range, 
+                          log_cue = "log10",
+                          immunity = "tsukushi",
+                          solver = "vode"),
+                      lower = c(-5, -100, -500, -1000), # range determined that would alter shape of spline
+                      upper = c(5,100,500, 1000),  
+                      popSize = 500, 
+                      maxiter = 500, # change to 10 for testing purpose 
+                      pmutation = 0.3,
+                      keepBest = TRUE,
+                      run =50,
+                      parallel = cl,
+                      seed = 137,
+                      monitor = TRUE,
+                      id = "2022-02-04_ga-si-I-log")
1.798878 67.38785 -65.84122 22.79487[[1]]
         [,1]     [,2]      [,3]     [,4]
[1,] 1.798878 67.38785 -65.84122 22.79487

[[2]]
[1] 4.212079

GA | iter = 1 | Mean = 0.277531 | Best = 4.212079
1.798878 67.38785 -65.84122 22.79487[[1]]
         [,1]     [,2]      [,3]     [,4]
[1,] 1.798878 67.38785 -65.84122 22.79487

[[2]]
[1] 4.212079

GA | iter = 2 | Mean = 0.4403191 | Best = 4.2120788
1.798878 67.38785 -65.84122 22.79487[[1]]
         [,1]     [,2]      [,3]     [,4]
[1,] 1.798878 67.38785 -65.84122 22.79487

[[2]]
[1] 4.212079

GA | iter = 3 | Mean = 0.6495629 | Best = 4.2120788
-1.899863 9.029306 11.90759 -51.80865[[1]]
          [,1]     [,2]     [,3]      [,4]
[1,] -1.899863 9.029306 11.90759 -51.80865

[[2]]
[1] 5.700522

GA | iter = 4 | Mean = 0.8068339 | Best = 5.7005220
-1.899863 9.029306 11.90759 -51.80865[[1]]
          [,1]     [,2]     [,3]      [,4]
[1,] -1.899863 9.029306 11.90759 -51.80865

[[2]]
[1] 5.700522

GA | iter = 5 | Mean = 0.9559196 | Best = 5.7005220
-1.899863 9.029306 11.90759 -51.80865[[1]]
          [,1]     [,2]     [,3]      [,4]
[1,] -1.899863 9.029306 11.90759 -51.80865

[[2]]
[1] 5.700522

GA | iter = 6 | Mean = 1.197727 | Best = 5.700522
-1.899863 9.029306 11.90759 -51.80865[[1]]
          [,1]     [,2]     [,3]      [,4]
[1,] -1.899863 9.029306 11.90759 -51.80865

[[2]]
[1] 5.700522

GA | iter = 7 | Mean = 1.273811 | Best = 5.700522
-1.899863 9.029306 11.90759 -51.80865[[1]]
          [,1]     [,2]     [,3]      [,4]
[1,] -1.899863 9.029306 11.90759 -51.80865

[[2]]
[1] 5.700522

GA | iter = 8 | Mean = 1.364844 | Best = 5.700522
-1.899863 9.029306 11.90759 -51.80865[[1]]
          [,1]     [,2]     [,3]      [,4]
[1,] -1.899863 9.029306 11.90759 -51.80865

[[2]]
[1] 5.700522

GA | iter = 9 | Mean = 1.397615 | Best = 5.700522
-1.209809 0.1222912 14.67782 -24.72102[[1]]
          [,1]      [,2]     [,3]      [,4]
[1,] -1.209809 0.1222912 14.67782 -24.72102

[[2]]
[1] 6.139865

GA | iter = 10 | Mean = 1.540188 | Best = 6.139865
-1.209809 0.1222912 14.67782 -24.72102[[1]]
          [,1]      [,2]     [,3]      [,4]
[1,] -1.209809 0.1222912 14.67782 -24.72102

[[2]]
[1] 6.139865

GA | iter = 11 | Mean = 1.545797 | Best = 6.139865
-1.209809 0.1222912 14.67782 -24.72102[[1]]
          [,1]      [,2]     [,3]      [,4]
[1,] -1.209809 0.1222912 14.67782 -24.72102

[[2]]
[1] 6.139865

GA | iter = 12 | Mean = 1.584997 | Best = 6.139865
-1.209809 0.1222912 14.67782 -24.72102[[1]]
          [,1]      [,2]     [,3]      [,4]
[1,] -1.209809 0.1222912 14.67782 -24.72102

[[2]]
[1] 6.139865

GA | iter = 13 | Mean = 1.658463 | Best = 6.139865
-1.209809 0.1222912 14.67782 -24.72102[[1]]
          [,1]      [,2]     [,3]      [,4]
[1,] -1.209809 0.1222912 14.67782 -24.72102

[[2]]
[1] 6.139865

GA | iter = 14 | Mean = 1.623085 | Best = 6.139865
-1.209809 0.1222912 14.67782 -24.72102[[1]]
          [,1]      [,2]     [,3]      [,4]
[1,] -1.209809 0.1222912 14.67782 -24.72102

[[2]]
[1] 6.139865

GA | iter = 15 | Mean = 1.760015 | Best = 6.139865
-1.36708 2.427365 12.17011 -27.83122[[1]]
         [,1]     [,2]     [,3]      [,4]
[1,] -1.36708 2.427365 12.17011 -27.83122

[[2]]
[1] 7.605633

GA | iter = 16 | Mean = 1.813264 | Best = 7.605633
-1.36708 2.427365 12.17011 -27.83122[[1]]
         [,1]     [,2]     [,3]      [,4]
[1,] -1.36708 2.427365 12.17011 -27.83122

[[2]]
[1] 7.605633

GA | iter = 17 | Mean = 1.823601 | Best = 7.605633
-1.36708 2.427365 12.17011 -27.83122[[1]]
         [,1]     [,2]     [,3]      [,4]
[1,] -1.36708 2.427365 12.17011 -27.83122

[[2]]
[1] 7.605633

GA | iter = 18 | Mean = 1.764704 | Best = 7.605633
-1.36708 2.427365 12.17011 -27.83122[[1]]
         [,1]     [,2]     [,3]      [,4]
[1,] -1.36708 2.427365 12.17011 -27.83122

[[2]]
[1] 7.605633

GA | iter = 19 | Mean = 1.939184 | Best = 7.605633
-1.36708 2.427365 12.17011 -27.83122[[1]]
         [,1]     [,2]     [,3]      [,4]
[1,] -1.36708 2.427365 12.17011 -27.83122

[[2]]
[1] 7.605633

GA | iter = 20 | Mean = 2.058887 | Best = 7.605633
-1.36708 2.427365 12.17011 -27.83122[[1]]
         [,1]     [,2]     [,3]      [,4]
[1,] -1.36708 2.427365 12.17011 -27.83122

[[2]]
[1] 7.605633

GA | iter = 21 | Mean = 2.207094 | Best = 7.605633
-1.36708 2.427365 12.17011 -27.83122[[1]]
         [,1]     [,2]     [,3]      [,4]
[1,] -1.36708 2.427365 12.17011 -27.83122

[[2]]
[1] 7.605633

GA | iter = 22 | Mean = 2.165433 | Best = 7.605633
0.1677163 0.4478816 7.56687 -24.71223[[1]]
          [,1]      [,2]    [,3]      [,4]
[1,] 0.1677163 0.4478816 7.56687 -24.71223

[[2]]
[1] 7.919195

GA | iter = 23 | Mean = 2.281871 | Best = 7.919195
0.1677163 0.4478816 7.56687 -24.71223[[1]]
          [,1]      [,2]    [,3]      [,4]
[1,] 0.1677163 0.4478816 7.56687 -24.71223

[[2]]
[1] 7.919195

GA | iter = 24 | Mean = 2.210855 | Best = 7.919195
0.1677163 0.4478816 7.56687 -24.71223[[1]]
          [,1]      [,2]    [,3]      [,4]
[1,] 0.1677163 0.4478816 7.56687 -24.71223

[[2]]
[1] 7.919195

GA | iter = 25 | Mean = 2.456293 | Best = 7.919195
0.1677163 0.4478816 7.56687 -24.71223[[1]]
          [,1]      [,2]    [,3]      [,4]
[1,] 0.1677163 0.4478816 7.56687 -24.71223

[[2]]
[1] 7.919195

GA | iter = 26 | Mean = 2.746918 | Best = 7.919195
-0.2506865 1.787018 5.797819 -20.46196[[1]]
           [,1]     [,2]     [,3]      [,4]
[1,] -0.2506865 1.787018 5.797819 -20.46196

[[2]]
[1] 7.948381

GA | iter = 27 | Mean = 3.022443 | Best = 7.948381
-0.2506865 1.787018 5.797819 -20.46196[[1]]
           [,1]     [,2]     [,3]      [,4]
[1,] -0.2506865 1.787018 5.797819 -20.46196

[[2]]
[1] 7.948381

GA | iter = 28 | Mean = 3.292127 | Best = 7.948381
-0.2506865 1.787018 5.797819 -20.46196[[1]]
           [,1]     [,2]     [,3]      [,4]
[1,] -0.2506865 1.787018 5.797819 -20.46196

[[2]]
[1] 7.948381

GA | iter = 29 | Mean = 3.219761 | Best = 7.948381
-0.2506865 1.787018 5.797819 -20.46196[[1]]
           [,1]     [,2]     [,3]      [,4]
[1,] -0.2506865 1.787018 5.797819 -20.46196

[[2]]
[1] 7.948381

GA | iter = 30 | Mean = 3.281826 | Best = 7.948381
-0.2506865 1.787018 5.797819 -20.46196[[1]]
           [,1]     [,2]     [,3]      [,4]
[1,] -0.2506865 1.787018 5.797819 -20.46196

[[2]]
[1] 7.948381

GA | iter = 31 | Mean = 3.869518 | Best = 7.948381
-0.2506865 1.787018 5.797819 -20.46196[[1]]
           [,1]     [,2]     [,3]      [,4]
[1,] -0.2506865 1.787018 5.797819 -20.46196

[[2]]
[1] 7.948381

GA | iter = 32 | Mean = 4.593232 | Best = 7.948381
-0.2506865 1.787018 5.797819 -20.46196[[1]]
           [,1]     [,2]     [,3]      [,4]
[1,] -0.2506865 1.787018 5.797819 -20.46196

[[2]]
[1] 7.948381

GA | iter = 33 | Mean = 4.545167 | Best = 7.948381
-0.2506865 1.787018 5.797819 -20.46196[[1]]
           [,1]     [,2]     [,3]      [,4]
[1,] -0.2506865 1.787018 5.797819 -20.46196

[[2]]
[1] 7.948381

GA | iter = 34 | Mean = 4.822394 | Best = 7.948381
-0.2506865 1.787018 5.797819 -20.46196[[1]]
           [,1]     [,2]     [,3]      [,4]
[1,] -0.2506865 1.787018 5.797819 -20.46196

[[2]]
[1] 7.948381

GA | iter = 35 | Mean = 4.914348 | Best = 7.948381
0.1265442 1.188366 5.561831 -20.57504[[1]]
          [,1]     [,2]     [,3]      [,4]
[1,] 0.1265442 1.188366 5.561831 -20.57504

[[2]]
[1] 7.953318

GA | iter = 36 | Mean = 5.055460 | Best = 7.953318
0.1265442 1.188366 5.561831 -20.57504[[1]]
          [,1]     [,2]     [,3]      [,4]
[1,] 0.1265442 1.188366 5.561831 -20.57504

[[2]]
[1] 7.953318

GA | iter = 37 | Mean = 5.266917 | Best = 7.953318
0.1265442 1.188366 5.561831 -20.57504[[1]]
          [,1]     [,2]     [,3]      [,4]
[1,] 0.1265442 1.188366 5.561831 -20.57504

[[2]]
[1] 7.953318

GA | iter = 38 | Mean = 5.244887 | Best = 7.953318
0.1265442 1.188366 5.561831 -20.57504[[1]]
          [,1]     [,2]     [,3]      [,4]
[1,] 0.1265442 1.188366 5.561831 -20.57504

[[2]]
[1] 7.953318

GA | iter = 39 | Mean = 5.323854 | Best = 7.953318
0.1265442 1.188366 5.561831 -20.57504[[1]]
          [,1]     [,2]     [,3]      [,4]
[1,] 0.1265442 1.188366 5.561831 -20.57504

[[2]]
[1] 7.953318

GA | iter = 40 | Mean = 5.287034 | Best = 7.953318
0.1265442 1.188366 5.561831 -20.57504[[1]]
          [,1]     [,2]     [,3]      [,4]
[1,] 0.1265442 1.188366 5.561831 -20.57504

[[2]]
[1] 7.953318

GA | iter = 41 | Mean = 5.399411 | Best = 7.953318
0.1265442 1.188366 5.561831 -20.57504[[1]]
          [,1]     [,2]     [,3]      [,4]
[1,] 0.1265442 1.188366 5.561831 -20.57504

[[2]]
[1] 7.953318

GA | iter = 42 | Mean = 5.232665 | Best = 7.953318
0.1265442 1.188366 5.561831 -20.57504[[1]]
          [,1]     [,2]     [,3]      [,4]
[1,] 0.1265442 1.188366 5.561831 -20.57504

[[2]]
[1] 7.953318

GA | iter = 43 | Mean = 5.752405 | Best = 7.953318
0.1265442 1.188366 5.561831 -20.57504[[1]]
          [,1]     [,2]     [,3]      [,4]
[1,] 0.1265442 1.188366 5.561831 -20.57504

[[2]]
[1] 7.953318

GA | iter = 44 | Mean = 5.678130 | Best = 7.953318
0.1265442 1.188366 5.561831 -20.57504[[1]]
          [,1]     [,2]     [,3]      [,4]
[1,] 0.1265442 1.188366 5.561831 -20.57504

[[2]]
[1] 7.953318

GA | iter = 45 | Mean = 5.821552 | Best = 7.953318
0.1265442 1.188366 5.561831 -20.57504[[1]]
          [,1]     [,2]     [,3]      [,4]
[1,] 0.1265442 1.188366 5.561831 -20.57504

[[2]]
[1] 7.953318

GA | iter = 46 | Mean = 5.760130 | Best = 7.953318
0.1265442 1.188366 5.561831 -20.57504[[1]]
          [,1]     [,2]     [,3]      [,4]
[1,] 0.1265442 1.188366 5.561831 -20.57504

[[2]]
[1] 7.953318

GA | iter = 47 | Mean = 5.661103 | Best = 7.953318
0.1265442 1.188366 5.561831 -20.57504[[1]]
          [,1]     [,2]     [,3]      [,4]
[1,] 0.1265442 1.188366 5.561831 -20.57504

[[2]]
[1] 7.953318

GA | iter = 48 | Mean = 5.605407 | Best = 7.953318
0.1265442 1.188366 5.561831 -20.57504[[1]]
          [,1]     [,2]     [,3]      [,4]
[1,] 0.1265442 1.188366 5.561831 -20.57504

[[2]]
[1] 7.953318

GA | iter = 49 | Mean = 5.770234 | Best = 7.953318
0.1265442 1.188366 5.561831 -20.57504[[1]]
          [,1]     [,2]     [,3]      [,4]
[1,] 0.1265442 1.188366 5.561831 -20.57504

[[2]]
[1] 7.953318

GA | iter = 50 | Mean = 5.814917 | Best = 7.953318
0.1265442 1.188366 5.561831 -20.57504[[1]]
          [,1]     [,2]     [,3]      [,4]
[1,] 0.1265442 1.188366 5.561831 -20.57504

[[2]]
[1] 7.953318

GA | iter = 51 | Mean = 5.987296 | Best = 7.953318
0.1265442 1.188366 5.561831 -20.57504[[1]]
          [,1]     [,2]     [,3]      [,4]
[1,] 0.1265442 1.188366 5.561831 -20.57504

[[2]]
[1] 7.953318

GA | iter = 52 | Mean = 5.706214 | Best = 7.953318
0.1265442 1.188366 5.561831 -20.57504[[1]]
          [,1]     [,2]     [,3]      [,4]
[1,] 0.1265442 1.188366 5.561831 -20.57504

[[2]]
[1] 7.953318

GA | iter = 53 | Mean = 5.534149 | Best = 7.953318
0.1265442 1.188366 5.561831 -20.57504[[1]]
          [,1]     [,2]     [,3]      [,4]
[1,] 0.1265442 1.188366 5.561831 -20.57504

[[2]]
[1] 7.953318

GA | iter = 54 | Mean = 5.585693 | Best = 7.953318
0.1265442 1.188366 5.561831 -20.57504[[1]]
          [,1]     [,2]     [,3]      [,4]
[1,] 0.1265442 1.188366 5.561831 -20.57504

[[2]]
[1] 7.953318

GA | iter = 55 | Mean = 5.730620 | Best = 7.953318
0.1265442 1.188366 5.561831 -20.57504[[1]]
          [,1]     [,2]     [,3]      [,4]
[1,] 0.1265442 1.188366 5.561831 -20.57504

[[2]]
[1] 7.953318

GA | iter = 56 | Mean = 5.744747 | Best = 7.953318
0.1265442 1.188366 5.561831 -20.57504[[1]]
          [,1]     [,2]     [,3]      [,4]
[1,] 0.1265442 1.188366 5.561831 -20.57504

[[2]]
[1] 7.953318

GA | iter = 57 | Mean = 5.382562 | Best = 7.953318
0.1265442 1.188366 5.561831 -20.57504[[1]]
          [,1]     [,2]     [,3]      [,4]
[1,] 0.1265442 1.188366 5.561831 -20.57504

[[2]]
[1] 7.953318

GA | iter = 58 | Mean = 5.669661 | Best = 7.953318
0.1265442 1.188366 5.561831 -20.57504[[1]]
          [,1]     [,2]     [,3]      [,4]
[1,] 0.1265442 1.188366 5.561831 -20.57504

[[2]]
[1] 7.953318

GA | iter = 59 | Mean = 5.489059 | Best = 7.953318
0.03751934 1.217861 5.615352 -20.6369[[1]]
           [,1]     [,2]     [,3]     [,4]
[1,] 0.03751934 1.217861 5.615352 -20.6369

[[2]]
[1] 7.955498

GA | iter = 60 | Mean = 5.692952 | Best = 7.955498
0.03751934 1.217861 5.615352 -20.6369[[1]]
           [,1]     [,2]     [,3]     [,4]
[1,] 0.03751934 1.217861 5.615352 -20.6369

[[2]]
[1] 7.955498

GA | iter = 61 | Mean = 5.683860 | Best = 7.955498
0.03751934 1.217861 5.615352 -20.6369[[1]]
           [,1]     [,2]     [,3]     [,4]
[1,] 0.03751934 1.217861 5.615352 -20.6369

[[2]]
[1] 7.955498

GA | iter = 62 | Mean = 6.020034 | Best = 7.955498
0.03751934 1.217861 5.615352 -20.6369[[1]]
           [,1]     [,2]     [,3]     [,4]
[1,] 0.03751934 1.217861 5.615352 -20.6369

[[2]]
[1] 7.955498

GA | iter = 63 | Mean = 6.050685 | Best = 7.955498
0.03751934 1.217861 5.615352 -20.6369[[1]]
           [,1]     [,2]     [,3]     [,4]
[1,] 0.03751934 1.217861 5.615352 -20.6369

[[2]]
[1] 7.955498

GA | iter = 64 | Mean = 5.779905 | Best = 7.955498
0.03751934 1.217861 5.615352 -20.6369[[1]]
           [,1]     [,2]     [,3]     [,4]
[1,] 0.03751934 1.217861 5.615352 -20.6369

[[2]]
[1] 7.955498

GA | iter = 65 | Mean = 5.727453 | Best = 7.955498
0.03751934 1.217861 5.615352 -20.6369[[1]]
           [,1]     [,2]     [,3]     [,4]
[1,] 0.03751934 1.217861 5.615352 -20.6369

[[2]]
[1] 7.955498

GA | iter = 66 | Mean = 5.622948 | Best = 7.955498
0.03751934 1.217861 5.615352 -20.6369[[1]]
           [,1]     [,2]     [,3]     [,4]
[1,] 0.03751934 1.217861 5.615352 -20.6369

[[2]]
[1] 7.955498

GA | iter = 67 | Mean = 5.971293 | Best = 7.955498
0.03751934 1.217861 5.615352 -20.6369[[1]]
           [,1]     [,2]     [,3]     [,4]
[1,] 0.03751934 1.217861 5.615352 -20.6369

[[2]]
[1] 7.955498

GA | iter = 68 | Mean = 5.815908 | Best = 7.955498
0.03751934 1.217861 5.615352 -20.6369[[1]]
           [,1]     [,2]     [,3]     [,4]
[1,] 0.03751934 1.217861 5.615352 -20.6369

[[2]]
[1] 7.955498

GA | iter = 69 | Mean = 5.743077 | Best = 7.955498
0.03751934 1.217861 5.615352 -20.6369[[1]]
           [,1]     [,2]     [,3]     [,4]
[1,] 0.03751934 1.217861 5.615352 -20.6369

[[2]]
[1] 7.955498

GA | iter = 70 | Mean = 5.760580 | Best = 7.955498
0.03751934 1.217861 5.615352 -20.6369[[1]]
           [,1]     [,2]     [,3]     [,4]
[1,] 0.03751934 1.217861 5.615352 -20.6369

[[2]]
[1] 7.955498

GA | iter = 71 | Mean = 5.751505 | Best = 7.955498
0.03751934 1.217861 5.615352 -20.6369[[1]]
           [,1]     [,2]     [,3]     [,4]
[1,] 0.03751934 1.217861 5.615352 -20.6369

[[2]]
[1] 7.955498

GA | iter = 72 | Mean = 5.729673 | Best = 7.955498
0.03751934 1.217861 5.615352 -20.6369[[1]]
           [,1]     [,2]     [,3]     [,4]
[1,] 0.03751934 1.217861 5.615352 -20.6369

[[2]]
[1] 7.955498

GA | iter = 73 | Mean = 5.855457 | Best = 7.955498
0.03751934 1.217861 5.615352 -20.6369[[1]]
           [,1]     [,2]     [,3]     [,4]
[1,] 0.03751934 1.217861 5.615352 -20.6369

[[2]]
[1] 7.955498

GA | iter = 74 | Mean = 5.753901 | Best = 7.955498
0.03751934 1.217861 5.615352 -20.6369[[1]]
           [,1]     [,2]     [,3]     [,4]
[1,] 0.03751934 1.217861 5.615352 -20.6369

[[2]]
[1] 7.955498

GA | iter = 75 | Mean = 5.644515 | Best = 7.955498
0.03751934 1.217861 5.615352 -20.6369[[1]]
           [,1]     [,2]     [,3]     [,4]
[1,] 0.03751934 1.217861 5.615352 -20.6369

[[2]]
[1] 7.955498

GA | iter = 76 | Mean = 5.639798 | Best = 7.955498
0.03751934 1.217861 5.615352 -20.6369[[1]]
           [,1]     [,2]     [,3]     [,4]
[1,] 0.03751934 1.217861 5.615352 -20.6369

[[2]]
[1] 7.955498

GA | iter = 77 | Mean = 5.661207 | Best = 7.955498
0.03751934 1.217861 5.615352 -20.6369[[1]]
           [,1]     [,2]     [,3]     [,4]
[1,] 0.03751934 1.217861 5.615352 -20.6369

[[2]]
[1] 7.955498

GA | iter = 78 | Mean = 5.737806 | Best = 7.955498
0.03751934 1.217861 5.615352 -20.6369[[1]]
           [,1]     [,2]     [,3]     [,4]
[1,] 0.03751934 1.217861 5.615352 -20.6369

[[2]]
[1] 7.955498

GA | iter = 79 | Mean = 5.661624 | Best = 7.955498
0.03751934 1.217861 5.615352 -20.6369[[1]]
           [,1]     [,2]     [,3]     [,4]
[1,] 0.03751934 1.217861 5.615352 -20.6369

[[2]]
[1] 7.955498

GA | iter = 80 | Mean = 5.741178 | Best = 7.955498
0.03751934 1.217861 5.615352 -20.6369[[1]]
           [,1]     [,2]     [,3]     [,4]
[1,] 0.03751934 1.217861 5.615352 -20.6369

[[2]]
[1] 7.955498

GA | iter = 81 | Mean = 5.634565 | Best = 7.955498
0.03751934 1.217861 5.615352 -20.6369[[1]]
           [,1]     [,2]     [,3]     [,4]
[1,] 0.03751934 1.217861 5.615352 -20.6369

[[2]]
[1] 7.955498

GA | iter = 82 | Mean = 5.566726 | Best = 7.955498
0.03751934 1.217861 5.615352 -20.6369[[1]]
           [,1]     [,2]     [,3]     [,4]
[1,] 0.03751934 1.217861 5.615352 -20.6369

[[2]]
[1] 7.955498

GA | iter = 83 | Mean = 5.803953 | Best = 7.955498
0.03751934 1.217861 5.615352 -20.6369[[1]]
           [,1]     [,2]     [,3]     [,4]
[1,] 0.03751934 1.217861 5.615352 -20.6369

[[2]]
[1] 7.955498

GA | iter = 84 | Mean = 5.372751 | Best = 7.955498
-0.0369621 1.347798 5.675827 -20.36989[[1]]
           [,1]     [,2]     [,3]      [,4]
[1,] -0.0369621 1.347798 5.675827 -20.36989

[[2]]
[1] 7.955565

GA | iter = 85 | Mean = 5.894152 | Best = 7.955565
-0.0369621 1.347798 5.675827 -20.36989[[1]]
           [,1]     [,2]     [,3]      [,4]
[1,] -0.0369621 1.347798 5.675827 -20.36989

[[2]]
[1] 7.955565

GA | iter = 86 | Mean = 5.656991 | Best = 7.955565
-0.0369621 1.347798 5.675827 -20.36989[[1]]
           [,1]     [,2]     [,3]      [,4]
[1,] -0.0369621 1.347798 5.675827 -20.36989

[[2]]
[1] 7.955565

GA | iter = 87 | Mean = 5.685648 | Best = 7.955565
-0.0369621 1.347798 5.675827 -20.36989[[1]]
           [,1]     [,2]     [,3]      [,4]
[1,] -0.0369621 1.347798 5.675827 -20.36989

[[2]]
[1] 7.955565

GA | iter = 88 | Mean = 5.947697 | Best = 7.955565
-0.0369621 1.347798 5.675827 -20.36989[[1]]
           [,1]     [,2]     [,3]      [,4]
[1,] -0.0369621 1.347798 5.675827 -20.36989

[[2]]
[1] 7.955565

GA | iter = 89 | Mean = 5.766887 | Best = 7.955565
-0.0369621 1.347798 5.675827 -20.36989[[1]]
           [,1]     [,2]     [,3]      [,4]
[1,] -0.0369621 1.347798 5.675827 -20.36989

[[2]]
[1] 7.955565

GA | iter = 90 | Mean = 5.473076 | Best = 7.955565
-0.0369621 1.347798 5.675827 -20.36989[[1]]
           [,1]     [,2]     [,3]      [,4]
[1,] -0.0369621 1.347798 5.675827 -20.36989

[[2]]
[1] 7.955565

GA | iter = 91 | Mean = 5.812108 | Best = 7.955565
0.4233447 -0.01626622 5.753277 -20.34907[[1]]
          [,1]        [,2]     [,3]      [,4]
[1,] 0.4233447 -0.01626622 5.753277 -20.34907

[[2]]
[1] 7.970117

GA | iter = 92 | Mean = 5.704644 | Best = 7.970117
0.4233447 -0.01626622 5.753277 -20.34907[[1]]
          [,1]        [,2]     [,3]      [,4]
[1,] 0.4233447 -0.01626622 5.753277 -20.34907

[[2]]
[1] 7.970117

GA | iter = 93 | Mean = 5.501950 | Best = 7.970117
0.4233447 -0.01626622 5.753277 -20.34907[[1]]
          [,1]        [,2]     [,3]      [,4]
[1,] 0.4233447 -0.01626622 5.753277 -20.34907

[[2]]
[1] 7.970117

GA | iter = 94 | Mean = 5.748562 | Best = 7.970117
0.4233447 -0.01626622 5.753277 -20.34907[[1]]
          [,1]        [,2]     [,3]      [,4]
[1,] 0.4233447 -0.01626622 5.753277 -20.34907

[[2]]
[1] 7.970117

GA | iter = 95 | Mean = 5.674448 | Best = 7.970117
0.4233447 -0.01626622 5.753277 -20.34907[[1]]
          [,1]        [,2]     [,3]      [,4]
[1,] 0.4233447 -0.01626622 5.753277 -20.34907

[[2]]
[1] 7.970117

GA | iter = 96 | Mean = 5.679704 | Best = 7.970117
0.4233447 -0.01626622 5.753277 -20.34907[[1]]
          [,1]        [,2]     [,3]      [,4]
[1,] 0.4233447 -0.01626622 5.753277 -20.34907

[[2]]
[1] 7.970117

GA | iter = 97 | Mean = 5.880612 | Best = 7.970117
0.4233447 -0.01626622 5.753277 -20.34907[[1]]
          [,1]        [,2]     [,3]      [,4]
[1,] 0.4233447 -0.01626622 5.753277 -20.34907

[[2]]
[1] 7.970117

GA | iter = 98 | Mean = 5.829879 | Best = 7.970117
0.4233447 -0.01626622 5.753277 -20.34907[[1]]
          [,1]        [,2]     [,3]      [,4]
[1,] 0.4233447 -0.01626622 5.753277 -20.34907

[[2]]
[1] 7.970117

GA | iter = 99 | Mean = 5.698339 | Best = 7.970117
0.4233447 -0.01626622 5.753277 -20.34907[[1]]
          [,1]        [,2]     [,3]      [,4]
[1,] 0.4233447 -0.01626622 5.753277 -20.34907

[[2]]
[1] 7.970117

GA | iter = 100 | Mean = 6.009914 | Best = 7.970117
0.4233447 -0.01626622 5.753277 -20.34907[[1]]
          [,1]        [,2]     [,3]      [,4]
[1,] 0.4233447 -0.01626622 5.753277 -20.34907

[[2]]
[1] 7.970117

GA | iter = 101 | Mean = 5.862988 | Best = 7.970117
0.4233447 -0.01626622 5.753277 -20.34907[[1]]
          [,1]        [,2]     [,3]      [,4]
[1,] 0.4233447 -0.01626622 5.753277 -20.34907

[[2]]
[1] 7.970117

GA | iter = 102 | Mean = 5.584496 | Best = 7.970117
0.4233447 -0.01626622 5.753277 -20.34907[[1]]
          [,1]        [,2]     [,3]      [,4]
[1,] 0.4233447 -0.01626622 5.753277 -20.34907

[[2]]
[1] 7.970117

GA | iter = 103 | Mean = 5.961279 | Best = 7.970117
0.4233447 -0.01626622 5.753277 -20.34907[[1]]
          [,1]        [,2]     [,3]      [,4]
[1,] 0.4233447 -0.01626622 5.753277 -20.34907

[[2]]
[1] 7.970117

GA | iter = 104 | Mean = 5.836281 | Best = 7.970117
0.4233447 -0.01626622 5.753277 -20.34907[[1]]
          [,1]        [,2]     [,3]      [,4]
[1,] 0.4233447 -0.01626622 5.753277 -20.34907

[[2]]
[1] 7.970117

GA | iter = 105 | Mean = 5.960167 | Best = 7.970117
0.4233447 -0.01626622 5.753277 -20.34907[[1]]
          [,1]        [,2]     [,3]      [,4]
[1,] 0.4233447 -0.01626622 5.753277 -20.34907

[[2]]
[1] 7.970117

GA | iter = 106 | Mean = 5.742952 | Best = 7.970117
0.4233447 -0.01626622 5.753277 -20.34907[[1]]
          [,1]        [,2]     [,3]      [,4]
[1,] 0.4233447 -0.01626622 5.753277 -20.34907

[[2]]
[1] 7.970117

GA | iter = 107 | Mean = 5.735929 | Best = 7.970117
0.4233447 -0.01626622 5.753277 -20.34907[[1]]
          [,1]        [,2]     [,3]      [,4]
[1,] 0.4233447 -0.01626622 5.753277 -20.34907

[[2]]
[1] 7.970117

GA | iter = 108 | Mean = 5.663496 | Best = 7.970117
0.4233447 -0.01626622 5.753277 -20.34907[[1]]
          [,1]        [,2]     [,3]      [,4]
[1,] 0.4233447 -0.01626622 5.753277 -20.34907

[[2]]
[1] 7.970117

GA | iter = 109 | Mean = 5.664884 | Best = 7.970117
0.4233447 -0.01626622 5.753277 -20.34907[[1]]
          [,1]        [,2]     [,3]      [,4]
[1,] 0.4233447 -0.01626622 5.753277 -20.34907

[[2]]
[1] 7.970117

GA | iter = 110 | Mean = 5.587255 | Best = 7.970117
0.4233447 -0.01626622 5.753277 -20.34907[[1]]
          [,1]        [,2]     [,3]      [,4]
[1,] 0.4233447 -0.01626622 5.753277 -20.34907

[[2]]
[1] 7.970117

GA | iter = 111 | Mean = 5.554001 | Best = 7.970117
0.4233447 -0.01626622 5.753277 -20.34907[[1]]
          [,1]        [,2]     [,3]      [,4]
[1,] 0.4233447 -0.01626622 5.753277 -20.34907

[[2]]
[1] 7.970117

GA | iter = 112 | Mean = 5.686000 | Best = 7.970117
0.4233447 -0.01626622 5.753277 -20.34907[[1]]
          [,1]        [,2]     [,3]      [,4]
[1,] 0.4233447 -0.01626622 5.753277 -20.34907

[[2]]
[1] 7.970117

GA | iter = 113 | Mean = 5.463917 | Best = 7.970117
0.4233447 -0.01626622 5.753277 -20.34907[[1]]
          [,1]        [,2]     [,3]      [,4]
[1,] 0.4233447 -0.01626622 5.753277 -20.34907

[[2]]
[1] 7.970117

GA | iter = 114 | Mean = 5.893261 | Best = 7.970117
0.4233447 -0.01626622 5.753277 -20.34907[[1]]
          [,1]        [,2]     [,3]      [,4]
[1,] 0.4233447 -0.01626622 5.753277 -20.34907

[[2]]
[1] 7.970117

GA | iter = 115 | Mean = 5.958376 | Best = 7.970117
0.4233447 -0.01626622 5.753277 -20.34907[[1]]
          [,1]        [,2]     [,3]      [,4]
[1,] 0.4233447 -0.01626622 5.753277 -20.34907

[[2]]
[1] 7.970117

GA | iter = 116 | Mean = 5.805969 | Best = 7.970117
0.4233447 -0.01626622 5.753277 -20.34907[[1]]
          [,1]        [,2]     [,3]      [,4]
[1,] 0.4233447 -0.01626622 5.753277 -20.34907

[[2]]
[1] 7.970117

GA | iter = 117 | Mean = 5.797983 | Best = 7.970117
0.4233447 -0.01626622 5.753277 -20.34907[[1]]
          [,1]        [,2]     [,3]      [,4]
[1,] 0.4233447 -0.01626622 5.753277 -20.34907

[[2]]
[1] 7.970117

GA | iter = 118 | Mean = 5.953418 | Best = 7.970117
0.4233447 -0.01626622 5.753277 -20.34907[[1]]
          [,1]        [,2]     [,3]      [,4]
[1,] 0.4233447 -0.01626622 5.753277 -20.34907

[[2]]
[1] 7.970117

GA | iter = 119 | Mean = 5.784350 | Best = 7.970117
0.4233447 -0.01626622 5.753277 -20.34907[[1]]
          [,1]        [,2]     [,3]      [,4]
[1,] 0.4233447 -0.01626622 5.753277 -20.34907

[[2]]
[1] 7.970117

GA | iter = 120 | Mean = 5.620703 | Best = 7.970117
0.4233447 -0.01626622 5.753277 -20.34907[[1]]
          [,1]        [,2]     [,3]      [,4]
[1,] 0.4233447 -0.01626622 5.753277 -20.34907

[[2]]
[1] 7.970117

GA | iter = 121 | Mean = 5.617294 | Best = 7.970117
0.4233447 -0.01626622 5.753277 -20.34907[[1]]
          [,1]        [,2]     [,3]      [,4]
[1,] 0.4233447 -0.01626622 5.753277 -20.34907

[[2]]
[1] 7.970117

GA | iter = 122 | Mean = 5.926852 | Best = 7.970117
0.4233447 -0.01626622 5.753277 -20.34907[[1]]
          [,1]        [,2]     [,3]      [,4]
[1,] 0.4233447 -0.01626622 5.753277 -20.34907

[[2]]
[1] 7.970117

GA | iter = 123 | Mean = 5.853562 | Best = 7.970117
0.4233447 -0.01626622 5.753277 -20.34907[[1]]
          [,1]        [,2]     [,3]      [,4]
[1,] 0.4233447 -0.01626622 5.753277 -20.34907

[[2]]
[1] 7.970117

GA | iter = 124 | Mean = 5.777010 | Best = 7.970117
0.4233447 -0.01626622 5.753277 -20.34907[[1]]
          [,1]        [,2]     [,3]      [,4]
[1,] 0.4233447 -0.01626622 5.753277 -20.34907

[[2]]
[1] 7.970117

GA | iter = 125 | Mean = 5.582628 | Best = 7.970117
0.4233447 -0.01626622 5.753277 -20.34907[[1]]
          [,1]        [,2]     [,3]      [,4]
[1,] 0.4233447 -0.01626622 5.753277 -20.34907

[[2]]
[1] 7.970117

GA | iter = 126 | Mean = 5.789612 | Best = 7.970117
0.4233447 -0.01626622 5.753277 -20.34907[[1]]
          [,1]        [,2]     [,3]      [,4]
[1,] 0.4233447 -0.01626622 5.753277 -20.34907

[[2]]
[1] 7.970117

GA | iter = 127 | Mean = 6.179892 | Best = 7.970117
0.4233447 -0.01626622 5.753277 -20.34907[[1]]
          [,1]        [,2]     [,3]      [,4]
[1,] 0.4233447 -0.01626622 5.753277 -20.34907

[[2]]
[1] 7.970117

GA | iter = 128 | Mean = 5.735523 | Best = 7.970117
0.4233447 -0.01626622 5.753277 -20.34907[[1]]
          [,1]        [,2]     [,3]      [,4]
[1,] 0.4233447 -0.01626622 5.753277 -20.34907

[[2]]
[1] 7.970117

GA | iter = 129 | Mean = 5.743473 | Best = 7.970117
0.4233447 -0.01626622 5.753277 -20.34907[[1]]
          [,1]        [,2]     [,3]      [,4]
[1,] 0.4233447 -0.01626622 5.753277 -20.34907

[[2]]
[1] 7.970117

GA | iter = 130 | Mean = 5.669864 | Best = 7.970117
0.4233447 -0.01626622 5.753277 -20.34907[[1]]
          [,1]        [,2]     [,3]      [,4]
[1,] 0.4233447 -0.01626622 5.753277 -20.34907

[[2]]
[1] 7.970117

GA | iter = 131 | Mean = 5.663415 | Best = 7.970117
0.3595575 0.05467967 5.708541 -20.2371[[1]]
          [,1]       [,2]     [,3]     [,4]
[1,] 0.3595575 0.05467967 5.708541 -20.2371

[[2]]
[1] 7.97115

GA | iter = 132 | Mean = 5.80918 | Best = 7.97115
0.3595575 0.05467967 5.708541 -20.2371[[1]]
          [,1]       [,2]     [,3]     [,4]
[1,] 0.3595575 0.05467967 5.708541 -20.2371

[[2]]
[1] 7.97115

GA | iter = 133 | Mean = 5.672412 | Best = 7.971150
0.3595575 0.05467967 5.708541 -20.2371[[1]]
          [,1]       [,2]     [,3]     [,4]
[1,] 0.3595575 0.05467967 5.708541 -20.2371

[[2]]
[1] 7.97115

GA | iter = 134 | Mean = 5.493814 | Best = 7.971150
0.3595575 0.05467967 5.708541 -20.2371[[1]]
          [,1]       [,2]     [,3]     [,4]
[1,] 0.3595575 0.05467967 5.708541 -20.2371

[[2]]
[1] 7.97115

GA | iter = 135 | Mean = 5.646214 | Best = 7.971150
0.5818869 -0.4428027 5.717887 -20.32987[[1]]
          [,1]       [,2]     [,3]      [,4]
[1,] 0.5818869 -0.4428027 5.717887 -20.32987

[[2]]
[1] 7.974897

GA | iter = 136 | Mean = 5.943397 | Best = 7.974897
0.5818869 -0.4428027 5.717887 -20.32987[[1]]
          [,1]       [,2]     [,3]      [,4]
[1,] 0.5818869 -0.4428027 5.717887 -20.32987

[[2]]
[1] 7.974897

GA | iter = 137 | Mean = 5.550053 | Best = 7.974897
0.5441363 -0.4241805 5.713984 -20.36256[[1]]
          [,1]       [,2]     [,3]      [,4]
[1,] 0.5441363 -0.4241805 5.713984 -20.36256

[[2]]
[1] 7.975332

GA | iter = 138 | Mean = 5.718991 | Best = 7.975332
0.5441363 -0.4241805 5.713984 -20.36256[[1]]
          [,1]       [,2]     [,3]      [,4]
[1,] 0.5441363 -0.4241805 5.713984 -20.36256

[[2]]
[1] 7.975332

GA | iter = 139 | Mean = 5.602755 | Best = 7.975332
0.5441363 -0.4241805 5.713984 -20.36256[[1]]
          [,1]       [,2]     [,3]      [,4]
[1,] 0.5441363 -0.4241805 5.713984 -20.36256

[[2]]
[1] 7.975332

GA | iter = 140 | Mean = 5.645485 | Best = 7.975332
0.5441363 -0.4241805 5.713984 -20.36256[[1]]
          [,1]       [,2]     [,3]      [,4]
[1,] 0.5441363 -0.4241805 5.713984 -20.36256

[[2]]
[1] 7.975332

GA | iter = 141 | Mean = 5.386457 | Best = 7.975332
0.5441363 -0.4241805 5.713984 -20.36256[[1]]
          [,1]       [,2]     [,3]      [,4]
[1,] 0.5441363 -0.4241805 5.713984 -20.36256

[[2]]
[1] 7.975332

GA | iter = 142 | Mean = 5.835745 | Best = 7.975332
0.5441363 -0.4241805 5.713984 -20.36256[[1]]
          [,1]       [,2]     [,3]      [,4]
[1,] 0.5441363 -0.4241805 5.713984 -20.36256

[[2]]
[1] 7.975332

GA | iter = 143 | Mean = 5.898815 | Best = 7.975332
0.5441363 -0.4241805 5.713984 -20.36256[[1]]
          [,1]       [,2]     [,3]      [,4]
[1,] 0.5441363 -0.4241805 5.713984 -20.36256

[[2]]
[1] 7.975332

GA | iter = 144 | Mean = 5.817028 | Best = 7.975332
0.5441363 -0.4241805 5.713984 -20.36256[[1]]
          [,1]       [,2]     [,3]      [,4]
[1,] 0.5441363 -0.4241805 5.713984 -20.36256

[[2]]
[1] 7.975332

GA | iter = 145 | Mean = 5.952337 | Best = 7.975332
0.5429925 -0.4332866 5.719212 -20.32817[[1]]
          [,1]       [,2]     [,3]      [,4]
[1,] 0.5429925 -0.4332866 5.719212 -20.32817

[[2]]
[1] 7.975484

GA | iter = 146 | Mean = 5.775239 | Best = 7.975484
0.5429925 -0.4332866 5.719212 -20.32817[[1]]
          [,1]       [,2]     [,3]      [,4]
[1,] 0.5429925 -0.4332866 5.719212 -20.32817

[[2]]
[1] 7.975484

GA | iter = 147 | Mean = 5.786820 | Best = 7.975484
0.5429925 -0.4332866 5.719212 -20.32817[[1]]
          [,1]       [,2]     [,3]      [,4]
[1,] 0.5429925 -0.4332866 5.719212 -20.32817

[[2]]
[1] 7.975484

GA | iter = 148 | Mean = 5.807755 | Best = 7.975484
0.5429925 -0.4332866 5.719212 -20.32817[[1]]
          [,1]       [,2]     [,3]      [,4]
[1,] 0.5429925 -0.4332866 5.719212 -20.32817

[[2]]
[1] 7.975484

GA | iter = 149 | Mean = 6.060512 | Best = 7.975484
0.5429925 -0.4332866 5.719212 -20.32817[[1]]
          [,1]       [,2]     [,3]      [,4]
[1,] 0.5429925 -0.4332866 5.719212 -20.32817

[[2]]
[1] 7.975484

GA | iter = 150 | Mean = 6.007646 | Best = 7.975484
0.5429925 -0.4332866 5.719212 -20.32817[[1]]
          [,1]       [,2]     [,3]      [,4]
[1,] 0.5429925 -0.4332866 5.719212 -20.32817

[[2]]
[1] 7.975484

GA | iter = 151 | Mean = 5.662292 | Best = 7.975484
0.5429925 -0.4332866 5.719212 -20.32817[[1]]
          [,1]       [,2]     [,3]      [,4]
[1,] 0.5429925 -0.4332866 5.719212 -20.32817

[[2]]
[1] 7.975484

GA | iter = 152 | Mean = 5.623670 | Best = 7.975484
0.5429925 -0.4332866 5.719212 -20.32817[[1]]
          [,1]       [,2]     [,3]      [,4]
[1,] 0.5429925 -0.4332866 5.719212 -20.32817

[[2]]
[1] 7.975484

GA | iter = 153 | Mean = 5.673783 | Best = 7.975484
0.5429925 -0.4332866 5.719212 -20.32817[[1]]
          [,1]       [,2]     [,3]      [,4]
[1,] 0.5429925 -0.4332866 5.719212 -20.32817

[[2]]
[1] 7.975484

GA | iter = 154 | Mean = 5.576238 | Best = 7.975484
0.5429925 -0.4332866 5.719212 -20.32817[[1]]
          [,1]       [,2]     [,3]      [,4]
[1,] 0.5429925 -0.4332866 5.719212 -20.32817

[[2]]
[1] 7.975484

GA | iter = 155 | Mean = 5.857047 | Best = 7.975484
0.5429925 -0.4332866 5.719212 -20.32817[[1]]
          [,1]       [,2]     [,3]      [,4]
[1,] 0.5429925 -0.4332866 5.719212 -20.32817

[[2]]
[1] 7.975484

GA | iter = 156 | Mean = 5.943659 | Best = 7.975484
0.5429925 -0.4332866 5.719212 -20.32817[[1]]
          [,1]       [,2]     [,3]      [,4]
[1,] 0.5429925 -0.4332866 5.719212 -20.32817

[[2]]
[1] 7.975484

GA | iter = 157 | Mean = 6.008726 | Best = 7.975484
0.5429925 -0.4332866 5.719212 -20.32817[[1]]
          [,1]       [,2]     [,3]      [,4]
[1,] 0.5429925 -0.4332866 5.719212 -20.32817

[[2]]
[1] 7.975484

GA | iter = 158 | Mean = 5.950285 | Best = 7.975484
0.5429925 -0.4332866 5.719212 -20.32817[[1]]
          [,1]       [,2]     [,3]      [,4]
[1,] 0.5429925 -0.4332866 5.719212 -20.32817

[[2]]
[1] 7.975484

GA | iter = 159 | Mean = 5.734814 | Best = 7.975484
0.5447666 -0.1988957 5.539024 -20.34289[[1]]
          [,1]       [,2]     [,3]      [,4]
[1,] 0.5447666 -0.1988957 5.539024 -20.34289

[[2]]
[1] 7.975855

GA | iter = 160 | Mean = 5.762953 | Best = 7.975855
0.5447666 -0.1988957 5.539024 -20.34289[[1]]
          [,1]       [,2]     [,3]      [,4]
[1,] 0.5447666 -0.1988957 5.539024 -20.34289

[[2]]
[1] 7.975855

GA | iter = 161 | Mean = 5.713936 | Best = 7.975855
0.5447666 -0.1988957 5.539024 -20.34289[[1]]
          [,1]       [,2]     [,3]      [,4]
[1,] 0.5447666 -0.1988957 5.539024 -20.34289

[[2]]
[1] 7.975855

GA | iter = 162 | Mean = 5.797617 | Best = 7.975855
0.5447666 -0.1988957 5.539024 -20.34289[[1]]
          [,1]       [,2]     [,3]      [,4]
[1,] 0.5447666 -0.1988957 5.539024 -20.34289

[[2]]
[1] 7.975855

GA | iter = 163 | Mean = 5.546143 | Best = 7.975855
0.5447666 -0.1988957 5.539024 -20.34289[[1]]
          [,1]       [,2]     [,3]      [,4]
[1,] 0.5447666 -0.1988957 5.539024 -20.34289

[[2]]
[1] 7.975855

GA | iter = 164 | Mean = 5.749478 | Best = 7.975855
0.5447666 -0.1988957 5.539024 -20.34289[[1]]
          [,1]       [,2]     [,3]      [,4]
[1,] 0.5447666 -0.1988957 5.539024 -20.34289

[[2]]
[1] 7.975855

GA | iter = 165 | Mean = 5.769411 | Best = 7.975855
0.5447666 -0.1988957 5.539024 -20.34289[[1]]
          [,1]       [,2]     [,3]      [,4]
[1,] 0.5447666 -0.1988957 5.539024 -20.34289

[[2]]
[1] 7.975855

GA | iter = 166 | Mean = 5.753060 | Best = 7.975855
0.5550807 -0.2865775 5.599992 -20.34514[[1]]
          [,1]       [,2]     [,3]      [,4]
[1,] 0.5550807 -0.2865775 5.599992 -20.34514

[[2]]
[1] 7.975945

GA | iter = 167 | Mean = 5.735609 | Best = 7.975945
0.5550807 -0.2865775 5.599992 -20.34514[[1]]
          [,1]       [,2]     [,3]      [,4]
[1,] 0.5550807 -0.2865775 5.599992 -20.34514

[[2]]
[1] 7.975945

GA | iter = 168 | Mean = 5.781446 | Best = 7.975945
0.5550807 -0.2865775 5.599992 -20.34514[[1]]
          [,1]       [,2]     [,3]      [,4]
[1,] 0.5550807 -0.2865775 5.599992 -20.34514

[[2]]
[1] 7.975945

GA | iter = 169 | Mean = 5.704148 | Best = 7.975945
0.5550807 -0.2865775 5.599992 -20.34514[[1]]
          [,1]       [,2]     [,3]      [,4]
[1,] 0.5550807 -0.2865775 5.599992 -20.34514

[[2]]
[1] 7.975945

GA | iter = 170 | Mean = 5.694034 | Best = 7.975945
0.6267126 -0.5833925 5.721921 -20.35214[[1]]
          [,1]       [,2]     [,3]      [,4]
[1,] 0.6267126 -0.5833925 5.721921 -20.35214

[[2]]
[1] 7.976473

GA | iter = 171 | Mean = 5.847096 | Best = 7.976473
0.6267126 -0.5833925 5.721921 -20.35214[[1]]
          [,1]       [,2]     [,3]      [,4]
[1,] 0.6267126 -0.5833925 5.721921 -20.35214

[[2]]
[1] 7.976473

GA | iter = 172 | Mean = 5.812775 | Best = 7.976473
0.6267126 -0.5833925 5.721921 -20.35214[[1]]
          [,1]       [,2]     [,3]      [,4]
[1,] 0.6267126 -0.5833925 5.721921 -20.35214

[[2]]
[1] 7.976473

GA | iter = 173 | Mean = 5.612399 | Best = 7.976473
0.78837 -1.009222 5.657153 -20.35471[[1]]
        [,1]      [,2]     [,3]      [,4]
[1,] 0.78837 -1.009222 5.657153 -20.35471

[[2]]
[1] 7.981736

GA | iter = 174 | Mean = 5.874187 | Best = 7.981736
0.78837 -1.009222 5.657153 -20.35471[[1]]
        [,1]      [,2]     [,3]      [,4]
[1,] 0.78837 -1.009222 5.657153 -20.35471

[[2]]
[1] 7.981736

GA | iter = 175 | Mean = 5.772811 | Best = 7.981736
0.78837 -1.009222 5.657153 -20.35471[[1]]
        [,1]      [,2]     [,3]      [,4]
[1,] 0.78837 -1.009222 5.657153 -20.35471

[[2]]
[1] 7.981736

GA | iter = 176 | Mean = 5.650865 | Best = 7.981736
0.78837 -1.009222 5.657153 -20.35471[[1]]
        [,1]      [,2]     [,3]      [,4]
[1,] 0.78837 -1.009222 5.657153 -20.35471

[[2]]
[1] 7.981736

GA | iter = 177 | Mean = 5.604297 | Best = 7.981736
0.78837 -1.009222 5.657153 -20.35471[[1]]
        [,1]      [,2]     [,3]      [,4]
[1,] 0.78837 -1.009222 5.657153 -20.35471

[[2]]
[1] 7.981736

GA | iter = 178 | Mean = 5.678759 | Best = 7.981736
0.78837 -1.009222 5.657153 -20.35471[[1]]
        [,1]      [,2]     [,3]      [,4]
[1,] 0.78837 -1.009222 5.657153 -20.35471

[[2]]
[1] 7.981736

GA | iter = 179 | Mean = 5.646532 | Best = 7.981736
0.78837 -1.009222 5.657153 -20.35471[[1]]
        [,1]      [,2]     [,3]      [,4]
[1,] 0.78837 -1.009222 5.657153 -20.35471

[[2]]
[1] 7.981736

GA | iter = 180 | Mean = 5.820941 | Best = 7.981736
0.78837 -1.009222 5.657153 -20.35471[[1]]
        [,1]      [,2]     [,3]      [,4]
[1,] 0.78837 -1.009222 5.657153 -20.35471

[[2]]
[1] 7.981736

GA | iter = 181 | Mean = 5.751212 | Best = 7.981736
0.78837 -1.009222 5.657153 -20.35471[[1]]
        [,1]      [,2]     [,3]      [,4]
[1,] 0.78837 -1.009222 5.657153 -20.35471

[[2]]
[1] 7.981736

GA | iter = 182 | Mean = 6.106220 | Best = 7.981736
0.78837 -1.009222 5.657153 -20.35471[[1]]
        [,1]      [,2]     [,3]      [,4]
[1,] 0.78837 -1.009222 5.657153 -20.35471

[[2]]
[1] 7.981736

GA | iter = 183 | Mean = 5.690976 | Best = 7.981736
0.7736469 -0.7614913 5.413166 -20.34567[[1]]
          [,1]       [,2]     [,3]      [,4]
[1,] 0.7736469 -0.7614913 5.413166 -20.34567

[[2]]
[1] 7.983051

GA | iter = 184 | Mean = 5.837560 | Best = 7.983051
0.7736469 -0.7614913 5.413166 -20.34567[[1]]
          [,1]       [,2]     [,3]      [,4]
[1,] 0.7736469 -0.7614913 5.413166 -20.34567

[[2]]
[1] 7.983051

GA | iter = 185 | Mean = 5.921489 | Best = 7.983051
0.7736469 -0.7614913 5.413166 -20.34567[[1]]
          [,1]       [,2]     [,3]      [,4]
[1,] 0.7736469 -0.7614913 5.413166 -20.34567

[[2]]
[1] 7.983051

GA | iter = 186 | Mean = 5.595323 | Best = 7.983051
0.7736469 -0.7614913 5.413166 -20.34567[[1]]
          [,1]       [,2]     [,3]      [,4]
[1,] 0.7736469 -0.7614913 5.413166 -20.34567

[[2]]
[1] 7.983051

GA | iter = 187 | Mean = 5.843803 | Best = 7.983051
0.7736469 -0.7614913 5.413166 -20.34567[[1]]
          [,1]       [,2]     [,3]      [,4]
[1,] 0.7736469 -0.7614913 5.413166 -20.34567

[[2]]
[1] 7.983051

GA | iter = 188 | Mean = 5.751367 | Best = 7.983051
0.7736469 -0.7614913 5.413166 -20.34567[[1]]
          [,1]       [,2]     [,3]      [,4]
[1,] 0.7736469 -0.7614913 5.413166 -20.34567

[[2]]
[1] 7.983051

GA | iter = 189 | Mean = 5.608637 | Best = 7.983051
0.7736469 -0.7614913 5.413166 -20.34567[[1]]
          [,1]       [,2]     [,3]      [,4]
[1,] 0.7736469 -0.7614913 5.413166 -20.34567

[[2]]
[1] 7.983051

GA | iter = 190 | Mean = 5.690173 | Best = 7.983051
0.7736469 -0.7614913 5.413166 -20.34567[[1]]
          [,1]       [,2]     [,3]      [,4]
[1,] 0.7736469 -0.7614913 5.413166 -20.34567

[[2]]
[1] 7.983051

GA | iter = 191 | Mean = 5.527482 | Best = 7.983051
0.7736469 -0.7614913 5.413166 -20.34567[[1]]
          [,1]       [,2]     [,3]      [,4]
[1,] 0.7736469 -0.7614913 5.413166 -20.34567

[[2]]
[1] 7.983051

GA | iter = 192 | Mean = 5.542873 | Best = 7.983051
0.7736469 -0.7614913 5.413166 -20.34567[[1]]
          [,1]       [,2]     [,3]      [,4]
[1,] 0.7736469 -0.7614913 5.413166 -20.34567

[[2]]
[1] 7.983051

GA | iter = 193 | Mean = 6.109894 | Best = 7.983051
0.7736469 -0.7614913 5.413166 -20.34567[[1]]
          [,1]       [,2]     [,3]      [,4]
[1,] 0.7736469 -0.7614913 5.413166 -20.34567

[[2]]
[1] 7.983051

GA | iter = 194 | Mean = 5.915844 | Best = 7.983051
0.7916647 -0.7669912 5.417315 -20.34611[[1]]
          [,1]       [,2]     [,3]      [,4]
[1,] 0.7916647 -0.7669912 5.417315 -20.34611

[[2]]
[1] 7.983273

GA | iter = 195 | Mean = 5.701918 | Best = 7.983273
0.7916647 -0.7669912 5.417315 -20.34611[[1]]
          [,1]       [,2]     [,3]      [,4]
[1,] 0.7916647 -0.7669912 5.417315 -20.34611

[[2]]
[1] 7.983273

GA | iter = 196 | Mean = 5.812144 | Best = 7.983273
0.9665581 -1.553212 5.670656 -20.34775[[1]]
          [,1]      [,2]     [,3]      [,4]
[1,] 0.9665581 -1.553212 5.670656 -20.34775

[[2]]
[1] 7.985804

GA | iter = 197 | Mean = 5.807771 | Best = 7.985804
0.9665581 -1.553212 5.670656 -20.34775[[1]]
          [,1]      [,2]     [,3]      [,4]
[1,] 0.9665581 -1.553212 5.670656 -20.34775

[[2]]
[1] 7.985804

GA | iter = 198 | Mean = 5.640464 | Best = 7.985804
0.9665581 -1.553212 5.670656 -20.34775[[1]]
          [,1]      [,2]     [,3]      [,4]
[1,] 0.9665581 -1.553212 5.670656 -20.34775

[[2]]
[1] 7.985804

GA | iter = 199 | Mean = 5.814905 | Best = 7.985804
0.9665581 -1.553212 5.670656 -20.34775[[1]]
          [,1]      [,2]     [,3]      [,4]
[1,] 0.9665581 -1.553212 5.670656 -20.34775

[[2]]
[1] 7.985804

GA | iter = 200 | Mean = 5.863734 | Best = 7.985804
0.9665581 -1.553212 5.670656 -20.34775[[1]]
          [,1]      [,2]     [,3]      [,4]
[1,] 0.9665581 -1.553212 5.670656 -20.34775

[[2]]
[1] 7.985804

GA | iter = 201 | Mean = 5.825853 | Best = 7.985804
0.9665581 -1.553212 5.670656 -20.34775[[1]]
          [,1]      [,2]     [,3]      [,4]
[1,] 0.9665581 -1.553212 5.670656 -20.34775

[[2]]
[1] 7.985804

GA | iter = 202 | Mean = 5.667980 | Best = 7.985804
0.9665581 -1.553212 5.670656 -20.34775[[1]]
          [,1]      [,2]     [,3]      [,4]
[1,] 0.9665581 -1.553212 5.670656 -20.34775

[[2]]
[1] 7.985804

GA | iter = 203 | Mean = 5.818549 | Best = 7.985804
0.9388065 -1.440946 5.617164 -20.35301[[1]]
          [,1]      [,2]     [,3]      [,4]
[1,] 0.9388065 -1.440946 5.617164 -20.35301

[[2]]
[1] 7.985814

GA | iter = 204 | Mean = 5.856743 | Best = 7.985814
0.9388065 -1.440946 5.617164 -20.35301[[1]]
          [,1]      [,2]     [,3]      [,4]
[1,] 0.9388065 -1.440946 5.617164 -20.35301

[[2]]
[1] 7.985814

GA | iter = 205 | Mean = 6.139353 | Best = 7.985814
0.9388065 -1.440946 5.617164 -20.35301[[1]]
          [,1]      [,2]     [,3]      [,4]
[1,] 0.9388065 -1.440946 5.617164 -20.35301

[[2]]
[1] 7.985814

GA | iter = 206 | Mean = 5.736803 | Best = 7.985814
0.9308657 -1.360226 5.577293 -20.3543[[1]]
          [,1]      [,2]     [,3]     [,4]
[1,] 0.9308657 -1.360226 5.577293 -20.3543

[[2]]
[1] 7.986117

GA | iter = 207 | Mean = 5.641678 | Best = 7.986117
0.9308657 -1.360226 5.577293 -20.3543[[1]]
          [,1]      [,2]     [,3]     [,4]
[1,] 0.9308657 -1.360226 5.577293 -20.3543

[[2]]
[1] 7.986117

GA | iter = 208 | Mean = 5.829103 | Best = 7.986117
0.9811569 -1.479066 5.621285 -20.53237[[1]]
          [,1]      [,2]     [,3]      [,4]
[1,] 0.9811569 -1.479066 5.621285 -20.53237

[[2]]
[1] 7.98621

GA | iter = 209 | Mean = 5.723224 | Best = 7.986210
0.9574558 -1.395546 5.531375 -20.35109[[1]]
          [,1]      [,2]     [,3]      [,4]
[1,] 0.9574558 -1.395546 5.531375 -20.35109

[[2]]
[1] 7.987209

GA | iter = 210 | Mean = 5.618643 | Best = 7.987209
0.9574558 -1.395546 5.531375 -20.35109[[1]]
          [,1]      [,2]     [,3]      [,4]
[1,] 0.9574558 -1.395546 5.531375 -20.35109

[[2]]
[1] 7.987209

GA | iter = 211 | Mean = 5.771374 | Best = 7.987209
0.9574558 -1.395546 5.531375 -20.35109[[1]]
          [,1]      [,2]     [,3]      [,4]
[1,] 0.9574558 -1.395546 5.531375 -20.35109

[[2]]
[1] 7.987209

GA | iter = 212 | Mean = 5.790961 | Best = 7.987209
0.9574558 -1.395546 5.531375 -20.35109[[1]]
          [,1]      [,2]     [,3]      [,4]
[1,] 0.9574558 -1.395546 5.531375 -20.35109

[[2]]
[1] 7.987209

GA | iter = 213 | Mean = 5.912962 | Best = 7.987209
0.9574558 -1.395546 5.531375 -20.35109[[1]]
          [,1]      [,2]     [,3]      [,4]
[1,] 0.9574558 -1.395546 5.531375 -20.35109

[[2]]
[1] 7.987209

GA | iter = 214 | Mean = 5.588265 | Best = 7.987209
0.9574558 -1.395546 5.531375 -20.35109[[1]]
          [,1]      [,2]     [,3]      [,4]
[1,] 0.9574558 -1.395546 5.531375 -20.35109

[[2]]
[1] 7.987209

GA | iter = 215 | Mean = 5.768754 | Best = 7.987209
0.9574558 -1.395546 5.531375 -20.35109[[1]]
          [,1]      [,2]     [,3]      [,4]
[1,] 0.9574558 -1.395546 5.531375 -20.35109

[[2]]
[1] 7.987209

GA | iter = 216 | Mean = 5.620314 | Best = 7.987209
1.055382 -1.737864 5.609512 -20.41527[[1]]
         [,1]      [,2]     [,3]      [,4]
[1,] 1.055382 -1.737864 5.609512 -20.41527

[[2]]
[1] 7.988348

GA | iter = 217 | Mean = 5.748721 | Best = 7.988348
1.215015 -2.058103 5.589599 -20.39312[[1]]
         [,1]      [,2]     [,3]      [,4]
[1,] 1.215015 -2.058103 5.589599 -20.39312

[[2]]
[1] 7.989844

GA | iter = 218 | Mean = 5.846375 | Best = 7.989844
1.215015 -2.058103 5.589599 -20.39312[[1]]
         [,1]      [,2]     [,3]      [,4]
[1,] 1.215015 -2.058103 5.589599 -20.39312

[[2]]
[1] 7.989844

GA | iter = 219 | Mean = 5.799369 | Best = 7.989844
1.215015 -2.058103 5.589599 -20.39312[[1]]
         [,1]      [,2]     [,3]      [,4]
[1,] 1.215015 -2.058103 5.589599 -20.39312

[[2]]
[1] 7.989844

GA | iter = 220 | Mean = 5.834826 | Best = 7.989844
1.215015 -2.058103 5.589599 -20.39312[[1]]
         [,1]      [,2]     [,3]      [,4]
[1,] 1.215015 -2.058103 5.589599 -20.39312

[[2]]
[1] 7.989844

GA | iter = 221 | Mean = 5.497449 | Best = 7.989844
1.215015 -2.058103 5.589599 -20.39312[[1]]
         [,1]      [,2]     [,3]      [,4]
[1,] 1.215015 -2.058103 5.589599 -20.39312

[[2]]
[1] 7.989844

GA | iter = 222 | Mean = 5.788797 | Best = 7.989844
1.215015 -2.058103 5.589599 -20.39312[[1]]
         [,1]      [,2]     [,3]      [,4]
[1,] 1.215015 -2.058103 5.589599 -20.39312

[[2]]
[1] 7.989844

GA | iter = 223 | Mean = 5.862032 | Best = 7.989844
1.635983 -3.309937 5.588261 -20.38874[[1]]
         [,1]      [,2]     [,3]      [,4]
[1,] 1.635983 -3.309937 5.588261 -20.38874

[[2]]
[1] 8.000105

GA | iter = 224 | Mean = 5.716215 | Best = 8.000105
1.635983 -3.309937 5.588261 -20.38874[[1]]
         [,1]      [,2]     [,3]      [,4]
[1,] 1.635983 -3.309937 5.588261 -20.38874

[[2]]
[1] 8.000105

GA | iter = 225 | Mean = 5.821935 | Best = 8.000105
1.635983 -3.309937 5.588261 -20.38874[[1]]
         [,1]      [,2]     [,3]      [,4]
[1,] 1.635983 -3.309937 5.588261 -20.38874

[[2]]
[1] 8.000105

GA | iter = 226 | Mean = 5.797091 | Best = 8.000105
1.635983 -3.309937 5.588261 -20.38874[[1]]
         [,1]      [,2]     [,3]      [,4]
[1,] 1.635983 -3.309937 5.588261 -20.38874

[[2]]
[1] 8.000105

GA | iter = 227 | Mean = 5.384638 | Best = 8.000105
1.635983 -3.309937 5.588261 -20.38874[[1]]
         [,1]      [,2]     [,3]      [,4]
[1,] 1.635983 -3.309937 5.588261 -20.38874

[[2]]
[1] 8.000105

GA | iter = 228 | Mean = 5.490381 | Best = 8.000105
1.635983 -3.309937 5.588261 -20.38874[[1]]
         [,1]      [,2]     [,3]      [,4]
[1,] 1.635983 -3.309937 5.588261 -20.38874

[[2]]
[1] 8.000105

GA | iter = 229 | Mean = 5.908753 | Best = 8.000105
1.635983 -3.309937 5.588261 -20.38874[[1]]
         [,1]      [,2]     [,3]      [,4]
[1,] 1.635983 -3.309937 5.588261 -20.38874

[[2]]
[1] 8.000105

GA | iter = 230 | Mean = 5.444712 | Best = 8.000105
1.635983 -3.309937 5.588261 -20.38874[[1]]
         [,1]      [,2]     [,3]      [,4]
[1,] 1.635983 -3.309937 5.588261 -20.38874

[[2]]
[1] 8.000105

GA | iter = 231 | Mean = 5.615271 | Best = 8.000105
1.635983 -3.309937 5.588261 -20.38874[[1]]
         [,1]      [,2]     [,3]      [,4]
[1,] 1.635983 -3.309937 5.588261 -20.38874

[[2]]
[1] 8.000105

GA | iter = 232 | Mean = 5.732069 | Best = 8.000105
1.635983 -3.309937 5.588261 -20.38874[[1]]
         [,1]      [,2]     [,3]      [,4]
[1,] 1.635983 -3.309937 5.588261 -20.38874

[[2]]
[1] 8.000105

GA | iter = 233 | Mean = 5.523078 | Best = 8.000105
1.635983 -3.309937 5.588261 -20.38874[[1]]
         [,1]      [,2]     [,3]      [,4]
[1,] 1.635983 -3.309937 5.588261 -20.38874

[[2]]
[1] 8.000105

GA | iter = 234 | Mean = 5.752299 | Best = 8.000105
1.635983 -3.309937 5.588261 -20.38874[[1]]
         [,1]      [,2]     [,3]      [,4]
[1,] 1.635983 -3.309937 5.588261 -20.38874

[[2]]
[1] 8.000105

GA | iter = 235 | Mean = 5.703417 | Best = 8.000105
1.635983 -3.309937 5.588261 -20.38874[[1]]
         [,1]      [,2]     [,3]      [,4]
[1,] 1.635983 -3.309937 5.588261 -20.38874

[[2]]
[1] 8.000105

GA | iter = 236 | Mean = 5.809356 | Best = 8.000105
1.635983 -3.309937 5.588261 -20.38874[[1]]
         [,1]      [,2]     [,3]      [,4]
[1,] 1.635983 -3.309937 5.588261 -20.38874

[[2]]
[1] 8.000105

GA | iter = 237 | Mean = 5.763781 | Best = 8.000105
1.635983 -3.309937 5.588261 -20.38874[[1]]
         [,1]      [,2]     [,3]      [,4]
[1,] 1.635983 -3.309937 5.588261 -20.38874

[[2]]
[1] 8.000105

GA | iter = 238 | Mean = 5.885654 | Best = 8.000105
1.635983 -3.309937 5.588261 -20.38874[[1]]
         [,1]      [,2]     [,3]      [,4]
[1,] 1.635983 -3.309937 5.588261 -20.38874

[[2]]
[1] 8.000105

GA | iter = 239 | Mean = 5.882999 | Best = 8.000105
1.635983 -3.309937 5.588261 -20.38874[[1]]
         [,1]      [,2]     [,3]      [,4]
[1,] 1.635983 -3.309937 5.588261 -20.38874

[[2]]
[1] 8.000105

GA | iter = 240 | Mean = 5.658170 | Best = 8.000105
1.635983 -3.309937 5.588261 -20.38874[[1]]
         [,1]      [,2]     [,3]      [,4]
[1,] 1.635983 -3.309937 5.588261 -20.38874

[[2]]
[1] 8.000105

GA | iter = 241 | Mean = 5.694933 | Best = 8.000105
1.635983 -3.309937 5.588261 -20.38874[[1]]
         [,1]      [,2]     [,3]      [,4]
[1,] 1.635983 -3.309937 5.588261 -20.38874

[[2]]
[1] 8.000105

GA | iter = 242 | Mean = 5.783924 | Best = 8.000105
1.635983 -3.309937 5.588261 -20.38874[[1]]
         [,1]      [,2]     [,3]      [,4]
[1,] 1.635983 -3.309937 5.588261 -20.38874

[[2]]
[1] 8.000105

GA | iter = 243 | Mean = 5.533845 | Best = 8.000105
1.635983 -3.309937 5.588261 -20.38874[[1]]
         [,1]      [,2]     [,3]      [,4]
[1,] 1.635983 -3.309937 5.588261 -20.38874

[[2]]
[1] 8.000105

GA | iter = 244 | Mean = 5.833738 | Best = 8.000105
1.635983 -3.309937 5.588261 -20.38874[[1]]
         [,1]      [,2]     [,3]      [,4]
[1,] 1.635983 -3.309937 5.588261 -20.38874

[[2]]
[1] 8.000105

GA | iter = 245 | Mean = 5.793617 | Best = 8.000105
1.635983 -3.309937 5.588261 -20.38874[[1]]
         [,1]      [,2]     [,3]      [,4]
[1,] 1.635983 -3.309937 5.588261 -20.38874

[[2]]
[1] 8.000105

GA | iter = 246 | Mean = 5.507313 | Best = 8.000105
1.635983 -3.309937 5.588261 -20.38874[[1]]
         [,1]      [,2]     [,3]      [,4]
[1,] 1.635983 -3.309937 5.588261 -20.38874

[[2]]
[1] 8.000105

GA | iter = 247 | Mean = 5.754058 | Best = 8.000105
1.635983 -3.309937 5.588261 -20.38874[[1]]
         [,1]      [,2]     [,3]      [,4]
[1,] 1.635983 -3.309937 5.588261 -20.38874

[[2]]
[1] 8.000105

GA | iter = 248 | Mean = 5.937102 | Best = 8.000105
1.635983 -3.309937 5.588261 -20.38874[[1]]
         [,1]      [,2]     [,3]      [,4]
[1,] 1.635983 -3.309937 5.588261 -20.38874

[[2]]
[1] 8.000105

GA | iter = 249 | Mean = 5.698184 | Best = 8.000105
1.635983 -3.309937 5.588261 -20.38874[[1]]
         [,1]      [,2]     [,3]      [,4]
[1,] 1.635983 -3.309937 5.588261 -20.38874

[[2]]
[1] 8.000105

GA | iter = 250 | Mean = 5.745735 | Best = 8.000105
1.635983 -3.309937 5.588261 -20.38874[[1]]
         [,1]      [,2]     [,3]      [,4]
[1,] 1.635983 -3.309937 5.588261 -20.38874

[[2]]
[1] 8.000105

GA | iter = 251 | Mean = 6.036561 | Best = 8.000105
1.635983 -3.309937 5.588261 -20.38874[[1]]
         [,1]      [,2]     [,3]      [,4]
[1,] 1.635983 -3.309937 5.588261 -20.38874

[[2]]
[1] 8.000105

GA | iter = 252 | Mean = 5.591417 | Best = 8.000105
1.635983 -3.309937 5.588261 -20.38874[[1]]
         [,1]      [,2]     [,3]      [,4]
[1,] 1.635983 -3.309937 5.588261 -20.38874

[[2]]
[1] 8.000105

GA | iter = 253 | Mean = 5.741256 | Best = 8.000105
1.635983 -3.309937 5.588261 -20.38874[[1]]
         [,1]      [,2]     [,3]      [,4]
[1,] 1.635983 -3.309937 5.588261 -20.38874

[[2]]
[1] 8.000105

GA | iter = 254 | Mean = 6.039515 | Best = 8.000105
1.635983 -3.309937 5.588261 -20.38874[[1]]
         [,1]      [,2]     [,3]      [,4]
[1,] 1.635983 -3.309937 5.588261 -20.38874

[[2]]
[1] 8.000105

GA | iter = 255 | Mean = 5.685728 | Best = 8.000105
1.635983 -3.309937 5.588261 -20.38874[[1]]
         [,1]      [,2]     [,3]      [,4]
[1,] 1.635983 -3.309937 5.588261 -20.38874

[[2]]
[1] 8.000105

GA | iter = 256 | Mean = 5.690135 | Best = 8.000105
1.635983 -3.309937 5.588261 -20.38874[[1]]
         [,1]      [,2]     [,3]      [,4]
[1,] 1.635983 -3.309937 5.588261 -20.38874

[[2]]
[1] 8.000105

GA | iter = 257 | Mean = 5.812877 | Best = 8.000105
1.635983 -3.309937 5.588261 -20.38874[[1]]
         [,1]      [,2]     [,3]      [,4]
[1,] 1.635983 -3.309937 5.588261 -20.38874

[[2]]
[1] 8.000105

GA | iter = 258 | Mean = 5.797284 | Best = 8.000105
1.635983 -3.309937 5.588261 -20.38874[[1]]
         [,1]      [,2]     [,3]      [,4]
[1,] 1.635983 -3.309937 5.588261 -20.38874

[[2]]
[1] 8.000105

GA | iter = 259 | Mean = 5.777810 | Best = 8.000105
slurmstepd: error: *** JOB 26156725 ON cdr2441 CANCELLED AT 2022-02-04T19:14:35 DUE TO TIME LIMIT ***
