
Lmod is automatically replacing "intel/2020.1.217" with "gcc/9.3.0".


Due to MODULEPATH changes, the following have been reloaded:
  1) openmpi/4.0.3


R version 4.0.2 (2020-06-22) -- "Taking Off Again"
Copyright (C) 2020 The R Foundation for Statistical Computing
Platform: x86_64-pc-linux-gnu (64-bit)

R is free software and comes with ABSOLUTELY NO WARRANTY.
You are welcome to redistribute it under certain conditions.
Type 'license()' or 'licence()' for distribution details.

  Natural language support but running in an English locale

R is a collaborative project with many contributors.
Type 'contributors()' for more information and
'citation()' on how to cite R or R packages in publications.

Type 'demo()' for some demos, 'help()' for on-line help, or
'help.start()' for an HTML browser interface to help.
Type 'q()' to quit R.

> # R script to submit parallelized genetic algorithm optimzied runs.
> 
> # load libraries
> library(doParallel)
Loading required package: foreach
Loading required package: iterators
Loading required package: parallel
> library(GA)
Package 'GA' version 3.2.2
Type 'citation("GA")' for citing this R package in publications.

Attaching package: ‘GA’

The following object is masked from ‘package:utils’:

    de

> library(here)
here() starts at /scratch/wanglu57/job_scripts
> library(doRNG)
Loading required package: rngtools
> 
> source(here::here("ga_verbose.R"), local = T)
> source(here::here("chabaudi_si_clean.R"), local = T)
> # load function
> #-----------------------------#
> # load in parameters
> #-----------------------------#
> parameters_tsukushi <- c(R1 = 8.89*10^6, # slightly higher
+                          lambda = 3.7*10^5,
+                          mu = 0.025, 
+                          p = 8*10^-6, # doubled form original
+                          alpha = 1, 
+                          alphag = 2, 
+                          beta = 5.721, 
+                          mum = 48, 
+                          mug = 4, 
+                          I0 = 43.85965, 
+                          Ig0 = 0, 
+                          a = 150, 
+                          b = 100, 
+                          sp = 1,
+                          psin = 16.69234,
+                          psiw = 0.8431785,
+                          phin = 0.03520591, 
+                          phiw = 550.842,
+                          iota = 2.18*(10^6),
+                          rho = 0.2627156)
> 
> time_range <- seq(0, 20, by = 1e-3)
> 
> G_range <- seq(0, log10(10^5), log10(10^5)/5000)
> 
> #-----------------------------#
> # Begin parallelized code
> #----------------------------#
> 
> 
> # Create an array from the NODESLIST environnement variable
> nodeslist = unlist(strsplit(Sys.getenv("NODESLIST"), split=" "))
> 
> # Create the cluster with the nodes name. One process per count of node name.
> # nodeslist = node1 node1 node2 node2, means we are starting 2 processes on node1, likewise on node2.
> cl = makeCluster(nodeslist, type = "PSOCK") 
> registerDoParallel(cl)
> clusterExport(cl,c("ga_verbose", "time_range", "parameters_tsukushi", "G_range", "chabaudi_si_clean")) 
> clusterCall(cl, library, package = "mclust", character.only = TRUE)
[[1]]
[1] "mclust"    "stats"     "graphics"  "grDevices" "utils"     "datasets" 
[7] "methods"   "base"     

[[2]]
[1] "mclust"    "stats"     "graphics"  "grDevices" "utils"     "datasets" 
[7] "methods"   "base"     

[[3]]
[1] "mclust"    "stats"     "graphics"  "grDevices" "utils"     "datasets" 
[7] "methods"   "base"     

[[4]]
[1] "mclust"    "stats"     "graphics"  "grDevices" "utils"     "datasets" 
[7] "methods"   "base"     

[[5]]
[1] "mclust"    "stats"     "graphics"  "grDevices" "utils"     "datasets" 
[7] "methods"   "base"     

[[6]]
[1] "mclust"    "stats"     "graphics"  "grDevices" "utils"     "datasets" 
[7] "methods"   "base"     

[[7]]
[1] "mclust"    "stats"     "graphics"  "grDevices" "utils"     "datasets" 
[7] "methods"   "base"     

[[8]]
[1] "mclust"    "stats"     "graphics"  "grDevices" "utils"     "datasets" 
[7] "methods"   "base"     

[[9]]
[1] "mclust"    "stats"     "graphics"  "grDevices" "utils"     "datasets" 
[7] "methods"   "base"     

[[10]]
[1] "mclust"    "stats"     "graphics"  "grDevices" "utils"     "datasets" 
[7] "methods"   "base"     

[[11]]
[1] "mclust"    "stats"     "graphics"  "grDevices" "utils"     "datasets" 
[7] "methods"   "base"     

[[12]]
[1] "mclust"    "stats"     "graphics"  "grDevices" "utils"     "datasets" 
[7] "methods"   "base"     

[[13]]
[1] "mclust"    "stats"     "graphics"  "grDevices" "utils"     "datasets" 
[7] "methods"   "base"     

[[14]]
[1] "mclust"    "stats"     "graphics"  "grDevices" "utils"     "datasets" 
[7] "methods"   "base"     

[[15]]
[1] "mclust"    "stats"     "graphics"  "grDevices" "utils"     "datasets" 
[7] "methods"   "base"     

[[16]]
[1] "mclust"    "stats"     "graphics"  "grDevices" "utils"     "datasets" 
[7] "methods"   "base"     

[[17]]
[1] "mclust"    "stats"     "graphics"  "grDevices" "utils"     "datasets" 
[7] "methods"   "base"     

[[18]]
[1] "mclust"    "stats"     "graphics"  "grDevices" "utils"     "datasets" 
[7] "methods"   "base"     

[[19]]
[1] "mclust"    "stats"     "graphics"  "grDevices" "utils"     "datasets" 
[7] "methods"   "base"     

[[20]]
[1] "mclust"    "stats"     "graphics"  "grDevices" "utils"     "datasets" 
[7] "methods"   "base"     

[[21]]
[1] "mclust"    "stats"     "graphics"  "grDevices" "utils"     "datasets" 
[7] "methods"   "base"     

[[22]]
[1] "mclust"    "stats"     "graphics"  "grDevices" "utils"     "datasets" 
[7] "methods"   "base"     

[[23]]
[1] "mclust"    "stats"     "graphics"  "grDevices" "utils"     "datasets" 
[7] "methods"   "base"     

[[24]]
[1] "mclust"    "stats"     "graphics"  "grDevices" "utils"     "datasets" 
[7] "methods"   "base"     

[[25]]
[1] "mclust"    "stats"     "graphics"  "grDevices" "utils"     "datasets" 
[7] "methods"   "base"     

[[26]]
[1] "mclust"    "stats"     "graphics"  "grDevices" "utils"     "datasets" 
[7] "methods"   "base"     

[[27]]
[1] "mclust"    "stats"     "graphics"  "grDevices" "utils"     "datasets" 
[7] "methods"   "base"     

[[28]]
[1] "mclust"    "stats"     "graphics"  "grDevices" "utils"     "datasets" 
[7] "methods"   "base"     

[[29]]
[1] "mclust"    "stats"     "graphics"  "grDevices" "utils"     "datasets" 
[7] "methods"   "base"     

[[30]]
[1] "mclust"    "stats"     "graphics"  "grDevices" "utils"     "datasets" 
[7] "methods"   "base"     

[[31]]
[1] "mclust"    "stats"     "graphics"  "grDevices" "utils"     "datasets" 
[7] "methods"   "base"     

[[32]]
[1] "mclust"    "stats"     "graphics"  "grDevices" "utils"     "datasets" 
[7] "methods"   "base"     

[[33]]
[1] "mclust"    "stats"     "graphics"  "grDevices" "utils"     "datasets" 
[7] "methods"   "base"     

[[34]]
[1] "mclust"    "stats"     "graphics"  "grDevices" "utils"     "datasets" 
[7] "methods"   "base"     

[[35]]
[1] "mclust"    "stats"     "graphics"  "grDevices" "utils"     "datasets" 
[7] "methods"   "base"     

[[36]]
[1] "mclust"    "stats"     "graphics"  "grDevices" "utils"     "datasets" 
[7] "methods"   "base"     

[[37]]
[1] "mclust"    "stats"     "graphics"  "grDevices" "utils"     "datasets" 
[7] "methods"   "base"     

[[38]]
[1] "mclust"    "stats"     "graphics"  "grDevices" "utils"     "datasets" 
[7] "methods"   "base"     

[[39]]
[1] "mclust"    "stats"     "graphics"  "grDevices" "utils"     "datasets" 
[7] "methods"   "base"     

[[40]]
[1] "mclust"    "stats"     "graphics"  "grDevices" "utils"     "datasets" 
[7] "methods"   "base"     

[[41]]
[1] "mclust"    "stats"     "graphics"  "grDevices" "utils"     "datasets" 
[7] "methods"   "base"     

[[42]]
[1] "mclust"    "stats"     "graphics"  "grDevices" "utils"     "datasets" 
[7] "methods"   "base"     

[[43]]
[1] "mclust"    "stats"     "graphics"  "grDevices" "utils"     "datasets" 
[7] "methods"   "base"     

[[44]]
[1] "mclust"    "stats"     "graphics"  "grDevices" "utils"     "datasets" 
[7] "methods"   "base"     

[[45]]
[1] "mclust"    "stats"     "graphics"  "grDevices" "utils"     "datasets" 
[7] "methods"   "base"     

[[46]]
[1] "mclust"    "stats"     "graphics"  "grDevices" "utils"     "datasets" 
[7] "methods"   "base"     

[[47]]
[1] "mclust"    "stats"     "graphics"  "grDevices" "utils"     "datasets" 
[7] "methods"   "base"     

[[48]]
[1] "mclust"    "stats"     "graphics"  "grDevices" "utils"     "datasets" 
[7] "methods"   "base"     

> ga_res <- ga_verbose(type = "real-valued", 
+                      function(x)
+                        chabaudi_si_clean(
+                          parameters_cr = c(x[1], x[2], x[3], x[4]), 
+                          parameters = parameters_tsukushi, 
+                          time_range = time_range, 
+                          cue = "G", 
+                          cue_range = G_range, 
+                          log_cue = "log10",
+                          immunity = "tsukushi",
+                          solver = "vode"),
+                      lower = c(-1, -100, -1000, -5000), # range determined that would alter shape of spline
+                      upper = c(1, 100, 1000, 5000),  
+                      popSize = 250, 
+                      maxiter = 1000, # change to 10 for testing purpose 
+                      pmutation = 0.3,
+                      keepBest = TRUE,
+                      run = 50,
+                      parallel = cl,
+                      seed = 137,
+                      monitor = TRUE,
+                      id = "2022-03-05_si-G-log-emp")
-0.7300507 54.12228 953.2446 -755.1746[[1]]
           [,1]     [,2]     [,3]      [,4]
[1,] -0.7300507 54.12228 953.2446 -755.1746

[[2]]
[1] 4.329143

GA | iter = 1 | Mean = 1.557024 | Best = 4.329143
-0.7300507 54.12228 953.2446 -755.1746[[1]]
           [,1]     [,2]     [,3]      [,4]
[1,] -0.7300507 54.12228 953.2446 -755.1746

[[2]]
[1] 4.329143

GA | iter = 2 | Mean = 2.559722 | Best = 4.329143
-0.1830077 -61.05 228.948 -84.03444[[1]]
           [,1]   [,2]    [,3]      [,4]
[1,] -0.1830077 -61.05 228.948 -84.03444

[[2]]
[1] 5.126762

GA | iter = 3 | Mean = 3.277262 | Best = 5.126762
-0.1830077 -61.05 228.948 -84.03444[[1]]
           [,1]   [,2]    [,3]      [,4]
[1,] -0.1830077 -61.05 228.948 -84.03444

[[2]]
[1] 5.126762

GA | iter = 4 | Mean = 3.554885 | Best = 5.126762
-0.1830077 -61.05 228.948 -84.03444[[1]]
           [,1]   [,2]    [,3]      [,4]
[1,] -0.1830077 -61.05 228.948 -84.03444

[[2]]
[1] 5.126762

GA | iter = 5 | Mean = 3.459256 | Best = 5.126762
-0.1830077 -61.05 228.948 -84.03444[[1]]
           [,1]   [,2]    [,3]      [,4]
[1,] -0.1830077 -61.05 228.948 -84.03444

[[2]]
[1] 5.126762

GA | iter = 6 | Mean = 3.521902 | Best = 5.126762
-0.1830077 -61.05 228.948 -84.03444[[1]]
           [,1]   [,2]    [,3]      [,4]
[1,] -0.1830077 -61.05 228.948 -84.03444

[[2]]
[1] 5.126762

GA | iter = 7 | Mean = 3.565559 | Best = 5.126762
-0.1830077 -61.05 228.948 -84.03444[[1]]
           [,1]   [,2]    [,3]      [,4]
[1,] -0.1830077 -61.05 228.948 -84.03444

[[2]]
[1] 5.126762

GA | iter = 8 | Mean = 3.644499 | Best = 5.126762
-0.1830077 -61.05 228.948 -84.03444[[1]]
           [,1]   [,2]    [,3]      [,4]
[1,] -0.1830077 -61.05 228.948 -84.03444

[[2]]
[1] 5.126762

GA | iter = 9 | Mean = 3.630451 | Best = 5.126762
-0.1830077 -61.05 228.948 -84.03444[[1]]
           [,1]   [,2]    [,3]      [,4]
[1,] -0.1830077 -61.05 228.948 -84.03444

[[2]]
[1] 5.126762

GA | iter = 10 | Mean = 3.635835 | Best = 5.126762
-0.1830077 -61.05 228.948 -84.03444[[1]]
           [,1]   [,2]    [,3]      [,4]
[1,] -0.1830077 -61.05 228.948 -84.03444

[[2]]
[1] 5.126762

GA | iter = 11 | Mean = 3.677293 | Best = 5.126762
-0.1830077 -61.05 228.948 -84.03444[[1]]
           [,1]   [,2]    [,3]      [,4]
[1,] -0.1830077 -61.05 228.948 -84.03444

[[2]]
[1] 5.126762

GA | iter = 12 | Mean = 3.643635 | Best = 5.126762
-0.1830077 -61.05 228.948 -84.03444[[1]]
           [,1]   [,2]    [,3]      [,4]
[1,] -0.1830077 -61.05 228.948 -84.03444

[[2]]
[1] 5.126762

GA | iter = 13 | Mean = 3.602662 | Best = 5.126762
-0.1830077 -61.05 228.948 -84.03444[[1]]
           [,1]   [,2]    [,3]      [,4]
[1,] -0.1830077 -61.05 228.948 -84.03444

[[2]]
[1] 5.126762

GA | iter = 14 | Mean = 3.537103 | Best = 5.126762
-0.1830077 -61.05 228.948 -84.03444[[1]]
           [,1]   [,2]    [,3]      [,4]
[1,] -0.1830077 -61.05 228.948 -84.03444

[[2]]
[1] 5.126762

GA | iter = 15 | Mean = 3.661575 | Best = 5.126762
-0.1830077 -61.05 228.948 -84.03444[[1]]
           [,1]   [,2]    [,3]      [,4]
[1,] -0.1830077 -61.05 228.948 -84.03444

[[2]]
[1] 5.126762

GA | iter = 16 | Mean = 3.620712 | Best = 5.126762
-0.1830077 -61.05 228.948 -84.03444[[1]]
           [,1]   [,2]    [,3]      [,4]
[1,] -0.1830077 -61.05 228.948 -84.03444

[[2]]
[1] 5.126762

GA | iter = 17 | Mean = 3.649175 | Best = 5.126762
-0.1830077 -61.05 228.948 -84.03444[[1]]
           [,1]   [,2]    [,3]      [,4]
[1,] -0.1830077 -61.05 228.948 -84.03444

[[2]]
[1] 5.126762

GA | iter = 18 | Mean = 3.664487 | Best = 5.126762
-0.1830077 -61.05 228.948 -84.03444[[1]]
           [,1]   [,2]    [,3]      [,4]
[1,] -0.1830077 -61.05 228.948 -84.03444

[[2]]
[1] 5.126762

GA | iter = 19 | Mean = 3.535186 | Best = 5.126762
-0.1830077 -61.05 228.948 -84.03444[[1]]
           [,1]   [,2]    [,3]      [,4]
[1,] -0.1830077 -61.05 228.948 -84.03444

[[2]]
[1] 5.126762

GA | iter = 20 | Mean = 3.652147 | Best = 5.126762
-0.1830077 -61.05 228.948 -84.03444[[1]]
           [,1]   [,2]    [,3]      [,4]
[1,] -0.1830077 -61.05 228.948 -84.03444

[[2]]
[1] 5.126762

GA | iter = 21 | Mean = 3.623387 | Best = 5.126762
-0.1830077 -61.05 228.948 -84.03444[[1]]
           [,1]   [,2]    [,3]      [,4]
[1,] -0.1830077 -61.05 228.948 -84.03444

[[2]]
[1] 5.126762

GA | iter = 22 | Mean = 3.614651 | Best = 5.126762
-0.1830077 -61.05 228.948 -84.03444[[1]]
           [,1]   [,2]    [,3]      [,4]
[1,] -0.1830077 -61.05 228.948 -84.03444

[[2]]
[1] 5.126762

GA | iter = 23 | Mean = 3.640957 | Best = 5.126762
-0.1830077 -61.05 228.948 -84.03444[[1]]
           [,1]   [,2]    [,3]      [,4]
[1,] -0.1830077 -61.05 228.948 -84.03444

[[2]]
[1] 5.126762

GA | iter = 24 | Mean = 3.642427 | Best = 5.126762
-0.2427126 -60.52945 297.722 -126.3144[[1]]
           [,1]      [,2]    [,3]      [,4]
[1,] -0.2427126 -60.52945 297.722 -126.3144

[[2]]
[1] 5.143152

GA | iter = 25 | Mean = 3.665723 | Best = 5.143152
-0.2427126 -60.52945 297.722 -126.3144[[1]]
           [,1]      [,2]    [,3]      [,4]
[1,] -0.2427126 -60.52945 297.722 -126.3144

[[2]]
[1] 5.143152

GA | iter = 26 | Mean = 3.764634 | Best = 5.143152
-0.2427126 -60.52945 297.722 -126.3144[[1]]
           [,1]      [,2]    [,3]      [,4]
[1,] -0.2427126 -60.52945 297.722 -126.3144

[[2]]
[1] 5.143152

GA | iter = 27 | Mean = 3.655916 | Best = 5.143152
-0.2427126 -60.52945 297.722 -126.3144[[1]]
           [,1]      [,2]    [,3]      [,4]
[1,] -0.2427126 -60.52945 297.722 -126.3144

[[2]]
[1] 5.143152

GA | iter = 28 | Mean = 3.581917 | Best = 5.143152
-0.5334384 -32.08713 541.4379 -313.1763[[1]]
           [,1]      [,2]     [,3]      [,4]
[1,] -0.5334384 -32.08713 541.4379 -313.1763

[[2]]
[1] 5.193874

GA | iter = 29 | Mean = 3.649172 | Best = 5.193874
-0.5334384 -32.08713 541.4379 -313.1763[[1]]
           [,1]      [,2]     [,3]      [,4]
[1,] -0.5334384 -32.08713 541.4379 -313.1763

[[2]]
[1] 5.193874

GA | iter = 30 | Mean = 3.760474 | Best = 5.193874
-0.5334384 -32.08713 541.4379 -313.1763[[1]]
           [,1]      [,2]     [,3]      [,4]
[1,] -0.5334384 -32.08713 541.4379 -313.1763

[[2]]
[1] 5.193874

GA | iter = 31 | Mean = 3.745895 | Best = 5.193874
-0.5334384 -32.08713 541.4379 -313.1763[[1]]
           [,1]      [,2]     [,3]      [,4]
[1,] -0.5334384 -32.08713 541.4379 -313.1763

[[2]]
[1] 5.193874

GA | iter = 32 | Mean = 3.695584 | Best = 5.193874
-0.5334384 -32.08713 541.4379 -313.1763[[1]]
           [,1]      [,2]     [,3]      [,4]
[1,] -0.5334384 -32.08713 541.4379 -313.1763

[[2]]
[1] 5.193874

GA | iter = 33 | Mean = 3.660128 | Best = 5.193874
-0.5334384 -32.08713 541.4379 -313.1763[[1]]
           [,1]      [,2]     [,3]      [,4]
[1,] -0.5334384 -32.08713 541.4379 -313.1763

[[2]]
[1] 5.193874

GA | iter = 34 | Mean = 3.781748 | Best = 5.193874
-0.5334384 -32.08713 541.4379 -313.1763[[1]]
           [,1]      [,2]     [,3]      [,4]
[1,] -0.5334384 -32.08713 541.4379 -313.1763

[[2]]
[1] 5.193874

GA | iter = 35 | Mean = 3.730690 | Best = 5.193874
-0.5334384 -32.08713 541.4379 -313.1763[[1]]
           [,1]      [,2]     [,3]      [,4]
[1,] -0.5334384 -32.08713 541.4379 -313.1763

[[2]]
[1] 5.193874

GA | iter = 36 | Mean = 3.498671 | Best = 5.193874
-0.5334384 -32.08713 541.4379 -313.1763[[1]]
           [,1]      [,2]     [,3]      [,4]
[1,] -0.5334384 -32.08713 541.4379 -313.1763

[[2]]
[1] 5.193874

GA | iter = 37 | Mean = 3.614512 | Best = 5.193874
-0.5334384 -32.08713 541.4379 -313.1763[[1]]
           [,1]      [,2]     [,3]      [,4]
[1,] -0.5334384 -32.08713 541.4379 -313.1763

[[2]]
[1] 5.193874

GA | iter = 38 | Mean = 3.563463 | Best = 5.193874
-0.5334384 -32.08713 541.4379 -313.1763[[1]]
           [,1]      [,2]     [,3]      [,4]
[1,] -0.5334384 -32.08713 541.4379 -313.1763

[[2]]
[1] 5.193874

GA | iter = 39 | Mean = 3.667536 | Best = 5.193874
-0.2701328 -51.04639 243.4693 -103.1318[[1]]
           [,1]      [,2]     [,3]      [,4]
[1,] -0.2701328 -51.04639 243.4693 -103.1318

[[2]]
[1] 5.239606

GA | iter = 40 | Mean = 3.751471 | Best = 5.239606
-0.2701328 -51.04639 243.4693 -103.1318[[1]]
           [,1]      [,2]     [,3]      [,4]
[1,] -0.2701328 -51.04639 243.4693 -103.1318

[[2]]
[1] 5.239606

GA | iter = 41 | Mean = 3.815795 | Best = 5.239606
-0.2701328 -51.04639 243.4693 -103.1318[[1]]
           [,1]      [,2]     [,3]      [,4]
[1,] -0.2701328 -51.04639 243.4693 -103.1318

[[2]]
[1] 5.239606

GA | iter = 42 | Mean = 3.793022 | Best = 5.239606
-0.2701328 -51.04639 243.4693 -103.1318[[1]]
           [,1]      [,2]     [,3]      [,4]
[1,] -0.2701328 -51.04639 243.4693 -103.1318

[[2]]
[1] 5.239606

GA | iter = 43 | Mean = 3.715752 | Best = 5.239606
-0.2701328 -51.04639 243.4693 -103.1318[[1]]
           [,1]      [,2]     [,3]      [,4]
[1,] -0.2701328 -51.04639 243.4693 -103.1318

[[2]]
[1] 5.239606

GA | iter = 44 | Mean = 3.752403 | Best = 5.239606
-0.4309539 -71.42305 311.3131 -136.1656[[1]]
           [,1]      [,2]     [,3]      [,4]
[1,] -0.4309539 -71.42305 311.3131 -136.1656

[[2]]
[1] 5.298984

GA | iter = 45 | Mean = 3.662940 | Best = 5.298984
-0.4309539 -71.42305 311.3131 -136.1656[[1]]
           [,1]      [,2]     [,3]      [,4]
[1,] -0.4309539 -71.42305 311.3131 -136.1656

[[2]]
[1] 5.298984

GA | iter = 46 | Mean = 3.723669 | Best = 5.298984
-0.4309539 -71.42305 311.3131 -136.1656[[1]]
           [,1]      [,2]     [,3]      [,4]
[1,] -0.4309539 -71.42305 311.3131 -136.1656

[[2]]
[1] 5.298984

GA | iter = 47 | Mean = 3.637349 | Best = 5.298984
-0.4309539 -71.42305 311.3131 -136.1656[[1]]
           [,1]      [,2]     [,3]      [,4]
[1,] -0.4309539 -71.42305 311.3131 -136.1656

[[2]]
[1] 5.298984

GA | iter = 48 | Mean = 3.782429 | Best = 5.298984
-0.4309539 -71.42305 311.3131 -136.1656[[1]]
           [,1]      [,2]     [,3]      [,4]
[1,] -0.4309539 -71.42305 311.3131 -136.1656

[[2]]
[1] 5.298984

GA | iter = 49 | Mean = 3.716506 | Best = 5.298984
-0.4309539 -71.42305 311.3131 -136.1656[[1]]
           [,1]      [,2]     [,3]      [,4]
[1,] -0.4309539 -71.42305 311.3131 -136.1656

[[2]]
[1] 5.298984

GA | iter = 50 | Mean = 3.773367 | Best = 5.298984
-0.4309539 -71.42305 311.3131 -136.1656[[1]]
           [,1]      [,2]     [,3]      [,4]
[1,] -0.4309539 -71.42305 311.3131 -136.1656

[[2]]
[1] 5.298984

GA | iter = 51 | Mean = 3.584902 | Best = 5.298984
-0.4309539 -71.42305 311.3131 -136.1656[[1]]
           [,1]      [,2]     [,3]      [,4]
[1,] -0.4309539 -71.42305 311.3131 -136.1656

[[2]]
[1] 5.298984

GA | iter = 52 | Mean = 3.484485 | Best = 5.298984
-0.4309539 -71.42305 311.3131 -136.1656[[1]]
           [,1]      [,2]     [,3]      [,4]
[1,] -0.4309539 -71.42305 311.3131 -136.1656

[[2]]
[1] 5.298984

GA | iter = 53 | Mean = 3.760020 | Best = 5.298984
-0.4309539 -71.42305 311.3131 -136.1656[[1]]
           [,1]      [,2]     [,3]      [,4]
[1,] -0.4309539 -71.42305 311.3131 -136.1656

[[2]]
[1] 5.298984

GA | iter = 54 | Mean = 3.636955 | Best = 5.298984
-0.4309539 -71.42305 311.3131 -136.1656[[1]]
           [,1]      [,2]     [,3]      [,4]
[1,] -0.4309539 -71.42305 311.3131 -136.1656

[[2]]
[1] 5.298984

GA | iter = 55 | Mean = 3.752490 | Best = 5.298984
-0.4309539 -71.42305 311.3131 -136.1656[[1]]
           [,1]      [,2]     [,3]      [,4]
[1,] -0.4309539 -71.42305 311.3131 -136.1656

[[2]]
[1] 5.298984

GA | iter = 56 | Mean = 3.453038 | Best = 5.298984
-0.4309539 -71.42305 311.3131 -136.1656[[1]]
           [,1]      [,2]     [,3]      [,4]
[1,] -0.4309539 -71.42305 311.3131 -136.1656

[[2]]
[1] 5.298984

GA | iter = 57 | Mean = 3.680807 | Best = 5.298984
-0.4309539 -71.42305 311.3131 -136.1656[[1]]
           [,1]      [,2]     [,3]      [,4]
[1,] -0.4309539 -71.42305 311.3131 -136.1656

[[2]]
[1] 5.298984

GA | iter = 58 | Mean = 3.644222 | Best = 5.298984
-0.4309539 -71.42305 311.3131 -136.1656[[1]]
           [,1]      [,2]     [,3]      [,4]
[1,] -0.4309539 -71.42305 311.3131 -136.1656

[[2]]
[1] 5.298984

GA | iter = 59 | Mean = 3.516153 | Best = 5.298984
-0.4309539 -71.42305 311.3131 -136.1656[[1]]
           [,1]      [,2]     [,3]      [,4]
[1,] -0.4309539 -71.42305 311.3131 -136.1656

[[2]]
[1] 5.298984

GA | iter = 60 | Mean = 3.678881 | Best = 5.298984
-0.4309539 -71.42305 311.3131 -136.1656[[1]]
           [,1]      [,2]     [,3]      [,4]
[1,] -0.4309539 -71.42305 311.3131 -136.1656

[[2]]
[1] 5.298984

GA | iter = 61 | Mean = 3.676872 | Best = 5.298984
-0.4918849 -67.63516 381.1057 -183.8057[[1]]
           [,1]      [,2]     [,3]      [,4]
[1,] -0.4918849 -67.63516 381.1057 -183.8057

[[2]]
[1] 5.373313

GA | iter = 62 | Mean = 3.645637 | Best = 5.373313
-0.4918849 -67.63516 381.1057 -183.8057[[1]]
           [,1]      [,2]     [,3]      [,4]
[1,] -0.4918849 -67.63516 381.1057 -183.8057

[[2]]
[1] 5.373313

GA | iter = 63 | Mean = 3.637110 | Best = 5.373313
-0.4918849 -67.63516 381.1057 -183.8057[[1]]
           [,1]      [,2]     [,3]      [,4]
[1,] -0.4918849 -67.63516 381.1057 -183.8057

[[2]]
[1] 5.373313

GA | iter = 64 | Mean = 3.446639 | Best = 5.373313
-0.4918849 -67.63516 381.1057 -183.8057[[1]]
           [,1]      [,2]     [,3]      [,4]
[1,] -0.4918849 -67.63516 381.1057 -183.8057

[[2]]
[1] 5.373313

GA | iter = 65 | Mean = 3.724050 | Best = 5.373313
-0.4918849 -67.63516 381.1057 -183.8057[[1]]
           [,1]      [,2]     [,3]      [,4]
[1,] -0.4918849 -67.63516 381.1057 -183.8057

[[2]]
[1] 5.373313

GA | iter = 66 | Mean = 3.668288 | Best = 5.373313
-0.4918849 -67.63516 381.1057 -183.8057[[1]]
           [,1]      [,2]     [,3]      [,4]
[1,] -0.4918849 -67.63516 381.1057 -183.8057

[[2]]
[1] 5.373313

GA | iter = 67 | Mean = 3.734413 | Best = 5.373313
-0.4918849 -67.63516 381.1057 -183.8057[[1]]
           [,1]      [,2]     [,3]      [,4]
[1,] -0.4918849 -67.63516 381.1057 -183.8057

[[2]]
[1] 5.373313

GA | iter = 68 | Mean = 3.649761 | Best = 5.373313
-0.4918849 -67.63516 381.1057 -183.8057[[1]]
           [,1]      [,2]     [,3]      [,4]
[1,] -0.4918849 -67.63516 381.1057 -183.8057

[[2]]
[1] 5.373313

GA | iter = 69 | Mean = 3.688986 | Best = 5.373313
-0.4918849 -67.63516 381.1057 -183.8057[[1]]
           [,1]      [,2]     [,3]      [,4]
[1,] -0.4918849 -67.63516 381.1057 -183.8057

[[2]]
[1] 5.373313

GA | iter = 70 | Mean = 3.696341 | Best = 5.373313
-0.4918849 -67.63516 381.1057 -183.8057[[1]]
           [,1]      [,2]     [,3]      [,4]
[1,] -0.4918849 -67.63516 381.1057 -183.8057

[[2]]
[1] 5.373313

GA | iter = 71 | Mean = 3.641142 | Best = 5.373313
-0.4918849 -67.63516 381.1057 -183.8057[[1]]
           [,1]      [,2]     [,3]      [,4]
[1,] -0.4918849 -67.63516 381.1057 -183.8057

[[2]]
[1] 5.373313

GA | iter = 72 | Mean = 3.699339 | Best = 5.373313
-0.4918849 -67.63516 381.1057 -183.8057[[1]]
           [,1]      [,2]     [,3]      [,4]
[1,] -0.4918849 -67.63516 381.1057 -183.8057

[[2]]
[1] 5.373313

GA | iter = 73 | Mean = 3.607627 | Best = 5.373313
-0.4918849 -67.63516 381.1057 -183.8057[[1]]
           [,1]      [,2]     [,3]      [,4]
[1,] -0.4918849 -67.63516 381.1057 -183.8057

[[2]]
[1] 5.373313

GA | iter = 74 | Mean = 3.614156 | Best = 5.373313
-0.4918849 -67.63516 381.1057 -183.8057[[1]]
           [,1]      [,2]     [,3]      [,4]
[1,] -0.4918849 -67.63516 381.1057 -183.8057

[[2]]
[1] 5.373313

GA | iter = 75 | Mean = 3.720273 | Best = 5.373313
-0.4918849 -67.63516 381.1057 -183.8057[[1]]
           [,1]      [,2]     [,3]      [,4]
[1,] -0.4918849 -67.63516 381.1057 -183.8057

[[2]]
[1] 5.373313

GA | iter = 76 | Mean = 3.687157 | Best = 5.373313
-0.4918849 -67.63516 381.1057 -183.8057[[1]]
           [,1]      [,2]     [,3]      [,4]
[1,] -0.4918849 -67.63516 381.1057 -183.8057

[[2]]
[1] 5.373313

GA | iter = 77 | Mean = 3.714454 | Best = 5.373313
-0.4918849 -67.63516 381.1057 -183.8057[[1]]
           [,1]      [,2]     [,3]      [,4]
[1,] -0.4918849 -67.63516 381.1057 -183.8057

[[2]]
[1] 5.373313

GA | iter = 78 | Mean = 3.734446 | Best = 5.373313
-0.4918849 -67.63516 381.1057 -183.8057[[1]]
           [,1]      [,2]     [,3]      [,4]
[1,] -0.4918849 -67.63516 381.1057 -183.8057

[[2]]
[1] 5.373313

GA | iter = 79 | Mean = 3.642236 | Best = 5.373313
-0.4918849 -67.63516 381.1057 -183.8057[[1]]
           [,1]      [,2]     [,3]      [,4]
[1,] -0.4918849 -67.63516 381.1057 -183.8057

[[2]]
[1] 5.373313

GA | iter = 80 | Mean = 3.852159 | Best = 5.373313
-0.4918849 -67.63516 381.1057 -183.8057[[1]]
           [,1]      [,2]     [,3]      [,4]
[1,] -0.4918849 -67.63516 381.1057 -183.8057

[[2]]
[1] 5.373313

GA | iter = 81 | Mean = 3.662197 | Best = 5.373313
-0.4918849 -67.63516 381.1057 -183.8057[[1]]
           [,1]      [,2]     [,3]      [,4]
[1,] -0.4918849 -67.63516 381.1057 -183.8057

[[2]]
[1] 5.373313

GA | iter = 82 | Mean = 3.607491 | Best = 5.373313
-0.4918849 -67.63516 381.1057 -183.8057[[1]]
           [,1]      [,2]     [,3]      [,4]
[1,] -0.4918849 -67.63516 381.1057 -183.8057

[[2]]
[1] 5.373313

GA | iter = 83 | Mean = 3.754844 | Best = 5.373313
-0.4918849 -67.63516 381.1057 -183.8057[[1]]
           [,1]      [,2]     [,3]      [,4]
[1,] -0.4918849 -67.63516 381.1057 -183.8057

[[2]]
[1] 5.373313

GA | iter = 84 | Mean = 3.678419 | Best = 5.373313
-0.4918849 -67.63516 381.1057 -183.8057[[1]]
           [,1]      [,2]     [,3]      [,4]
[1,] -0.4918849 -67.63516 381.1057 -183.8057

[[2]]
[1] 5.373313

GA | iter = 85 | Mean = 3.745126 | Best = 5.373313
-0.4918849 -67.63516 381.1057 -183.8057[[1]]
           [,1]      [,2]     [,3]      [,4]
[1,] -0.4918849 -67.63516 381.1057 -183.8057

[[2]]
[1] 5.373313

GA | iter = 86 | Mean = 3.617169 | Best = 5.373313
-0.4918849 -67.63516 381.1057 -183.8057[[1]]
           [,1]      [,2]     [,3]      [,4]
[1,] -0.4918849 -67.63516 381.1057 -183.8057

[[2]]
[1] 5.373313

GA | iter = 87 | Mean = 3.669043 | Best = 5.373313
-0.4918849 -67.63516 381.1057 -183.8057[[1]]
           [,1]      [,2]     [,3]      [,4]
[1,] -0.4918849 -67.63516 381.1057 -183.8057

[[2]]
[1] 5.373313

GA | iter = 88 | Mean = 3.668020 | Best = 5.373313
-0.4918849 -67.63516 381.1057 -183.8057[[1]]
           [,1]      [,2]     [,3]      [,4]
[1,] -0.4918849 -67.63516 381.1057 -183.8057

[[2]]
[1] 5.373313

GA | iter = 89 | Mean = 3.739695 | Best = 5.373313
-0.4304399 -76.08659 380.2511 -173.1011[[1]]
           [,1]      [,2]     [,3]      [,4]
[1,] -0.4304399 -76.08659 380.2511 -173.1011

[[2]]
[1] 5.386112

GA | iter = 90 | Mean = 3.589347 | Best = 5.386112
-0.4304399 -76.08659 380.2511 -173.1011[[1]]
           [,1]      [,2]     [,3]      [,4]
[1,] -0.4304399 -76.08659 380.2511 -173.1011

[[2]]
[1] 5.386112

GA | iter = 91 | Mean = 3.638220 | Best = 5.386112
-0.4304399 -76.08659 380.2511 -173.1011[[1]]
           [,1]      [,2]     [,3]      [,4]
[1,] -0.4304399 -76.08659 380.2511 -173.1011

[[2]]
[1] 5.386112

GA | iter = 92 | Mean = 3.669727 | Best = 5.386112
-0.4304399 -76.08659 380.2511 -173.1011[[1]]
           [,1]      [,2]     [,3]      [,4]
[1,] -0.4304399 -76.08659 380.2511 -173.1011

[[2]]
[1] 5.386112

GA | iter = 93 | Mean = 3.594316 | Best = 5.386112
-0.4304399 -76.08659 380.2511 -173.1011[[1]]
           [,1]      [,2]     [,3]      [,4]
[1,] -0.4304399 -76.08659 380.2511 -173.1011

[[2]]
[1] 5.386112

GA | iter = 94 | Mean = 3.723870 | Best = 5.386112
-0.4304399 -76.08659 380.2511 -173.1011[[1]]
           [,1]      [,2]     [,3]      [,4]
[1,] -0.4304399 -76.08659 380.2511 -173.1011

[[2]]
[1] 5.386112

GA | iter = 95 | Mean = 3.746340 | Best = 5.386112
-0.4304399 -76.08659 380.2511 -173.1011[[1]]
           [,1]      [,2]     [,3]      [,4]
[1,] -0.4304399 -76.08659 380.2511 -173.1011

[[2]]
[1] 5.386112

GA | iter = 96 | Mean = 3.561915 | Best = 5.386112
-0.4304399 -76.08659 380.2511 -173.1011[[1]]
           [,1]      [,2]     [,3]      [,4]
[1,] -0.4304399 -76.08659 380.2511 -173.1011

[[2]]
[1] 5.386112

GA | iter = 97 | Mean = 3.596179 | Best = 5.386112
-0.4304399 -76.08659 380.2511 -173.1011[[1]]
           [,1]      [,2]     [,3]      [,4]
[1,] -0.4304399 -76.08659 380.2511 -173.1011

[[2]]
[1] 5.386112

GA | iter = 98 | Mean = 3.787781 | Best = 5.386112
-0.4304399 -76.08659 380.2511 -173.1011[[1]]
           [,1]      [,2]     [,3]      [,4]
[1,] -0.4304399 -76.08659 380.2511 -173.1011

[[2]]
[1] 5.386112

GA | iter = 99 | Mean = 3.787126 | Best = 5.386112
-0.4304399 -76.08659 380.2511 -173.1011[[1]]
           [,1]      [,2]     [,3]      [,4]
[1,] -0.4304399 -76.08659 380.2511 -173.1011

[[2]]
[1] 5.386112

GA | iter = 100 | Mean = 3.768560 | Best = 5.386112
-0.4304399 -76.08659 380.2511 -173.1011[[1]]
           [,1]      [,2]     [,3]      [,4]
[1,] -0.4304399 -76.08659 380.2511 -173.1011

[[2]]
[1] 5.386112

GA | iter = 101 | Mean = 3.597701 | Best = 5.386112
-0.4304399 -76.08659 380.2511 -173.1011[[1]]
           [,1]      [,2]     [,3]      [,4]
[1,] -0.4304399 -76.08659 380.2511 -173.1011

[[2]]
[1] 5.386112

GA | iter = 102 | Mean = 3.553312 | Best = 5.386112
-0.4304399 -76.08659 380.2511 -173.1011[[1]]
           [,1]      [,2]     [,3]      [,4]
[1,] -0.4304399 -76.08659 380.2511 -173.1011

[[2]]
[1] 5.386112

GA | iter = 103 | Mean = 3.695516 | Best = 5.386112
-0.4304399 -76.08659 380.2511 -173.1011[[1]]
           [,1]      [,2]     [,3]      [,4]
[1,] -0.4304399 -76.08659 380.2511 -173.1011

[[2]]
[1] 5.386112

GA | iter = 104 | Mean = 3.691156 | Best = 5.386112
-0.4304399 -76.08659 380.2511 -173.1011[[1]]
           [,1]      [,2]     [,3]      [,4]
[1,] -0.4304399 -76.08659 380.2511 -173.1011

[[2]]
[1] 5.386112

GA | iter = 105 | Mean = 3.705183 | Best = 5.386112
-0.4304399 -76.08659 380.2511 -173.1011[[1]]
           [,1]      [,2]     [,3]      [,4]
[1,] -0.4304399 -76.08659 380.2511 -173.1011

[[2]]
[1] 5.386112

GA | iter = 106 | Mean = 3.685276 | Best = 5.386112
-0.4304399 -76.08659 380.2511 -173.1011[[1]]
           [,1]      [,2]     [,3]      [,4]
[1,] -0.4304399 -76.08659 380.2511 -173.1011

[[2]]
[1] 5.386112

GA | iter = 107 | Mean = 3.609625 | Best = 5.386112
-0.4304399 -76.08659 380.2511 -173.1011[[1]]
           [,1]      [,2]     [,3]      [,4]
[1,] -0.4304399 -76.08659 380.2511 -173.1011

[[2]]
[1] 5.386112

GA | iter = 108 | Mean = 3.704735 | Best = 5.386112
-0.4304399 -76.08659 380.2511 -173.1011[[1]]
           [,1]      [,2]     [,3]      [,4]
[1,] -0.4304399 -76.08659 380.2511 -173.1011

[[2]]
[1] 5.386112

GA | iter = 109 | Mean = 3.543987 | Best = 5.386112
-0.4304399 -76.08659 380.2511 -173.1011[[1]]
           [,1]      [,2]     [,3]      [,4]
[1,] -0.4304399 -76.08659 380.2511 -173.1011

[[2]]
[1] 5.386112

GA | iter = 110 | Mean = 3.726232 | Best = 5.386112
-0.4304399 -76.08659 380.2511 -173.1011[[1]]
           [,1]      [,2]     [,3]      [,4]
[1,] -0.4304399 -76.08659 380.2511 -173.1011

[[2]]
[1] 5.386112

GA | iter = 111 | Mean = 3.742929 | Best = 5.386112
-0.4304399 -76.08659 380.2511 -173.1011[[1]]
           [,1]      [,2]     [,3]      [,4]
[1,] -0.4304399 -76.08659 380.2511 -173.1011

[[2]]
[1] 5.386112

GA | iter = 112 | Mean = 3.700031 | Best = 5.386112
-0.4304399 -76.08659 380.2511 -173.1011[[1]]
           [,1]      [,2]     [,3]      [,4]
[1,] -0.4304399 -76.08659 380.2511 -173.1011

[[2]]
[1] 5.386112

GA | iter = 113 | Mean = 3.735069 | Best = 5.386112
-0.4304399 -76.08659 380.2511 -173.1011[[1]]
           [,1]      [,2]     [,3]      [,4]
[1,] -0.4304399 -76.08659 380.2511 -173.1011

[[2]]
[1] 5.386112

GA | iter = 114 | Mean = 3.742313 | Best = 5.386112
-0.4304399 -76.08659 380.2511 -173.1011[[1]]
           [,1]      [,2]     [,3]      [,4]
[1,] -0.4304399 -76.08659 380.2511 -173.1011

[[2]]
[1] 5.386112

GA | iter = 115 | Mean = 3.720380 | Best = 5.386112
-0.4304399 -76.08659 380.2511 -173.1011[[1]]
           [,1]      [,2]     [,3]      [,4]
[1,] -0.4304399 -76.08659 380.2511 -173.1011

[[2]]
[1] 5.386112

GA | iter = 116 | Mean = 3.622359 | Best = 5.386112
-0.4304399 -76.08659 380.2511 -173.1011[[1]]
           [,1]      [,2]     [,3]      [,4]
[1,] -0.4304399 -76.08659 380.2511 -173.1011

[[2]]
[1] 5.386112

GA | iter = 117 | Mean = 3.733862 | Best = 5.386112
-0.4304399 -76.08659 380.2511 -173.1011[[1]]
           [,1]      [,2]     [,3]      [,4]
[1,] -0.4304399 -76.08659 380.2511 -173.1011

[[2]]
[1] 5.386112

GA | iter = 118 | Mean = 3.758814 | Best = 5.386112
-0.4304399 -76.08659 380.2511 -173.1011[[1]]
           [,1]      [,2]     [,3]      [,4]
[1,] -0.4304399 -76.08659 380.2511 -173.1011

[[2]]
[1] 5.386112

GA | iter = 119 | Mean = 3.692593 | Best = 5.386112
-0.4304399 -76.08659 380.2511 -173.1011[[1]]
           [,1]      [,2]     [,3]      [,4]
[1,] -0.4304399 -76.08659 380.2511 -173.1011

[[2]]
[1] 5.386112

GA | iter = 120 | Mean = 3.711430 | Best = 5.386112
-0.4304399 -76.08659 380.2511 -173.1011[[1]]
           [,1]      [,2]     [,3]      [,4]
[1,] -0.4304399 -76.08659 380.2511 -173.1011

[[2]]
[1] 5.386112

GA | iter = 121 | Mean = 3.685797 | Best = 5.386112
-0.4304399 -76.08659 380.2511 -173.1011[[1]]
           [,1]      [,2]     [,3]      [,4]
[1,] -0.4304399 -76.08659 380.2511 -173.1011

[[2]]
[1] 5.386112

GA | iter = 122 | Mean = 3.606787 | Best = 5.386112
-0.4304399 -76.08659 380.2511 -173.1011[[1]]
           [,1]      [,2]     [,3]      [,4]
[1,] -0.4304399 -76.08659 380.2511 -173.1011

[[2]]
[1] 5.386112

GA | iter = 123 | Mean = 3.646226 | Best = 5.386112
-0.4668373 -75.19863 386.969 -180.9683[[1]]
           [,1]      [,2]    [,3]      [,4]
[1,] -0.4668373 -75.19863 386.969 -180.9683

[[2]]
[1] 5.397693

GA | iter = 124 | Mean = 3.578153 | Best = 5.397693
-0.4668373 -75.19863 386.969 -180.9683[[1]]
           [,1]      [,2]    [,3]      [,4]
[1,] -0.4668373 -75.19863 386.969 -180.9683

[[2]]
[1] 5.397693

GA | iter = 125 | Mean = 3.567169 | Best = 5.397693
-0.4668373 -75.19863 386.969 -180.9683[[1]]
           [,1]      [,2]    [,3]      [,4]
[1,] -0.4668373 -75.19863 386.969 -180.9683

[[2]]
[1] 5.397693

GA | iter = 126 | Mean = 3.720324 | Best = 5.397693
-0.4668373 -75.19863 386.969 -180.9683[[1]]
           [,1]      [,2]    [,3]      [,4]
[1,] -0.4668373 -75.19863 386.969 -180.9683

[[2]]
[1] 5.397693

GA | iter = 127 | Mean = 3.720135 | Best = 5.397693
-0.4668373 -75.19863 386.969 -180.9683[[1]]
           [,1]      [,2]    [,3]      [,4]
[1,] -0.4668373 -75.19863 386.969 -180.9683

[[2]]
[1] 5.397693

GA | iter = 128 | Mean = 3.604786 | Best = 5.397693
-0.4668373 -75.19863 386.969 -180.9683[[1]]
           [,1]      [,2]    [,3]      [,4]
[1,] -0.4668373 -75.19863 386.969 -180.9683

[[2]]
[1] 5.397693

GA | iter = 129 | Mean = 3.774484 | Best = 5.397693
-0.4668373 -75.19863 386.969 -180.9683[[1]]
           [,1]      [,2]    [,3]      [,4]
[1,] -0.4668373 -75.19863 386.969 -180.9683

[[2]]
[1] 5.397693

GA | iter = 130 | Mean = 3.722308 | Best = 5.397693
-0.4668373 -75.19863 386.969 -180.9683[[1]]
           [,1]      [,2]    [,3]      [,4]
[1,] -0.4668373 -75.19863 386.969 -180.9683

[[2]]
[1] 5.397693

GA | iter = 131 | Mean = 3.652732 | Best = 5.397693
-0.4916974 -74.925 383.6068 -182.9416[[1]]
           [,1]    [,2]     [,3]      [,4]
[1,] -0.4916974 -74.925 383.6068 -182.9416

[[2]]
[1] 5.415518

GA | iter = 132 | Mean = 3.781848 | Best = 5.415518
-0.4916974 -74.925 383.6068 -182.9416[[1]]
           [,1]    [,2]     [,3]      [,4]
[1,] -0.4916974 -74.925 383.6068 -182.9416

[[2]]
[1] 5.415518

GA | iter = 133 | Mean = 3.671548 | Best = 5.415518
-0.4916974 -74.925 383.6068 -182.9416[[1]]
           [,1]    [,2]     [,3]      [,4]
[1,] -0.4916974 -74.925 383.6068 -182.9416

[[2]]
[1] 5.415518

GA | iter = 134 | Mean = 3.607181 | Best = 5.415518
-0.4916974 -74.925 383.6068 -182.9416[[1]]
           [,1]    [,2]     [,3]      [,4]
[1,] -0.4916974 -74.925 383.6068 -182.9416

[[2]]
[1] 5.415518

GA | iter = 135 | Mean = 3.691480 | Best = 5.415518
-0.4916974 -74.925 383.6068 -182.9416[[1]]
           [,1]    [,2]     [,3]      [,4]
[1,] -0.4916974 -74.925 383.6068 -182.9416

[[2]]
[1] 5.415518

GA | iter = 136 | Mean = 3.632021 | Best = 5.415518
-0.4916974 -74.925 383.6068 -182.9416[[1]]
           [,1]    [,2]     [,3]      [,4]
[1,] -0.4916974 -74.925 383.6068 -182.9416

[[2]]
[1] 5.415518

GA | iter = 137 | Mean = 3.694657 | Best = 5.415518
-0.4916974 -74.925 383.6068 -182.9416[[1]]
           [,1]    [,2]     [,3]      [,4]
[1,] -0.4916974 -74.925 383.6068 -182.9416

[[2]]
[1] 5.415518

GA | iter = 138 | Mean = 3.787139 | Best = 5.415518
-0.4916974 -74.925 383.6068 -182.9416[[1]]
           [,1]    [,2]     [,3]      [,4]
[1,] -0.4916974 -74.925 383.6068 -182.9416

[[2]]
[1] 5.415518

GA | iter = 139 | Mean = 3.803375 | Best = 5.415518
-0.4916974 -74.925 383.6068 -182.9416[[1]]
           [,1]    [,2]     [,3]      [,4]
[1,] -0.4916974 -74.925 383.6068 -182.9416

[[2]]
[1] 5.415518

GA | iter = 140 | Mean = 3.777120 | Best = 5.415518
-0.4916974 -74.925 383.6068 -182.9416[[1]]
           [,1]    [,2]     [,3]      [,4]
[1,] -0.4916974 -74.925 383.6068 -182.9416

[[2]]
[1] 5.415518

GA | iter = 141 | Mean = 3.728646 | Best = 5.415518
-0.4916974 -74.925 383.6068 -182.9416[[1]]
           [,1]    [,2]     [,3]      [,4]
[1,] -0.4916974 -74.925 383.6068 -182.9416

[[2]]
[1] 5.415518

GA | iter = 142 | Mean = 3.761019 | Best = 5.415518
-0.4916974 -74.925 383.6068 -182.9416[[1]]
           [,1]    [,2]     [,3]      [,4]
[1,] -0.4916974 -74.925 383.6068 -182.9416

[[2]]
[1] 5.415518

GA | iter = 143 | Mean = 3.669996 | Best = 5.415518
-0.4916974 -74.925 383.6068 -182.9416[[1]]
           [,1]    [,2]     [,3]      [,4]
[1,] -0.4916974 -74.925 383.6068 -182.9416

[[2]]
[1] 5.415518

GA | iter = 144 | Mean = 3.698649 | Best = 5.415518
-0.4861087 -71.93813 383.0453 -183.2775[[1]]
           [,1]      [,2]     [,3]      [,4]
[1,] -0.4861087 -71.93813 383.0453 -183.2775

[[2]]
[1] 5.426631

GA | iter = 145 | Mean = 3.743613 | Best = 5.426631
-0.4861087 -71.93813 383.0453 -183.2775[[1]]
           [,1]      [,2]     [,3]      [,4]
[1,] -0.4861087 -71.93813 383.0453 -183.2775

[[2]]
[1] 5.426631

GA | iter = 146 | Mean = 3.821683 | Best = 5.426631
-0.4861087 -71.93813 383.0453 -183.2775[[1]]
           [,1]      [,2]     [,3]      [,4]
[1,] -0.4861087 -71.93813 383.0453 -183.2775

[[2]]
[1] 5.426631

GA | iter = 147 | Mean = 3.809482 | Best = 5.426631
-0.4861087 -71.93813 383.0453 -183.2775[[1]]
           [,1]      [,2]     [,3]      [,4]
[1,] -0.4861087 -71.93813 383.0453 -183.2775

[[2]]
[1] 5.426631

GA | iter = 148 | Mean = 3.751923 | Best = 5.426631
-0.4861087 -71.93813 383.0453 -183.2775[[1]]
           [,1]      [,2]     [,3]      [,4]
[1,] -0.4861087 -71.93813 383.0453 -183.2775

[[2]]
[1] 5.426631

GA | iter = 149 | Mean = 3.731036 | Best = 5.426631
-0.4861087 -71.93813 383.0453 -183.2775[[1]]
           [,1]      [,2]     [,3]      [,4]
[1,] -0.4861087 -71.93813 383.0453 -183.2775

[[2]]
[1] 5.426631

GA | iter = 150 | Mean = 3.728066 | Best = 5.426631
-0.4861087 -71.93813 383.0453 -183.2775[[1]]
           [,1]      [,2]     [,3]      [,4]
[1,] -0.4861087 -71.93813 383.0453 -183.2775

[[2]]
[1] 5.426631

GA | iter = 151 | Mean = 3.631189 | Best = 5.426631
-0.4861087 -71.93813 383.0453 -183.2775[[1]]
           [,1]      [,2]     [,3]      [,4]
[1,] -0.4861087 -71.93813 383.0453 -183.2775

[[2]]
[1] 5.426631

GA | iter = 152 | Mean = 3.685078 | Best = 5.426631
-0.4861087 -71.93813 383.0453 -183.2775[[1]]
           [,1]      [,2]     [,3]      [,4]
[1,] -0.4861087 -71.93813 383.0453 -183.2775

[[2]]
[1] 5.426631

GA | iter = 153 | Mean = 3.701922 | Best = 5.426631
-0.4861087 -71.93813 383.0453 -183.2775[[1]]
           [,1]      [,2]     [,3]      [,4]
[1,] -0.4861087 -71.93813 383.0453 -183.2775

[[2]]
[1] 5.426631

GA | iter = 154 | Mean = 3.736456 | Best = 5.426631
-0.4861087 -71.93813 383.0453 -183.2775[[1]]
           [,1]      [,2]     [,3]      [,4]
[1,] -0.4861087 -71.93813 383.0453 -183.2775

[[2]]
[1] 5.426631

GA | iter = 155 | Mean = 3.659514 | Best = 5.426631
-0.4861087 -71.93813 383.0453 -183.2775[[1]]
           [,1]      [,2]     [,3]      [,4]
[1,] -0.4861087 -71.93813 383.0453 -183.2775

[[2]]
[1] 5.426631

GA | iter = 156 | Mean = 3.606059 | Best = 5.426631
-0.4861087 -71.93813 383.0453 -183.2775[[1]]
           [,1]      [,2]     [,3]      [,4]
[1,] -0.4861087 -71.93813 383.0453 -183.2775

[[2]]
[1] 5.426631

GA | iter = 157 | Mean = 3.781022 | Best = 5.426631
-0.4861087 -71.93813 383.0453 -183.2775[[1]]
           [,1]      [,2]     [,3]      [,4]
[1,] -0.4861087 -71.93813 383.0453 -183.2775

[[2]]
[1] 5.426631

GA | iter = 158 | Mean = 3.587813 | Best = 5.426631
-0.4861087 -71.93813 383.0453 -183.2775[[1]]
           [,1]      [,2]     [,3]      [,4]
[1,] -0.4861087 -71.93813 383.0453 -183.2775

[[2]]
[1] 5.426631

GA | iter = 159 | Mean = 3.643736 | Best = 5.426631
-0.4861087 -71.93813 383.0453 -183.2775[[1]]
           [,1]      [,2]     [,3]      [,4]
[1,] -0.4861087 -71.93813 383.0453 -183.2775

[[2]]
[1] 5.426631

GA | iter = 160 | Mean = 3.754226 | Best = 5.426631
-0.4861087 -71.93813 383.0453 -183.2775[[1]]
           [,1]      [,2]     [,3]      [,4]
[1,] -0.4861087 -71.93813 383.0453 -183.2775

[[2]]
[1] 5.426631

GA | iter = 161 | Mean = 3.627519 | Best = 5.426631
-0.4861087 -71.93813 383.0453 -183.2775[[1]]
           [,1]      [,2]     [,3]      [,4]
[1,] -0.4861087 -71.93813 383.0453 -183.2775

[[2]]
[1] 5.426631

GA | iter = 162 | Mean = 3.736451 | Best = 5.426631
-0.4861087 -71.93813 383.0453 -183.2775[[1]]
           [,1]      [,2]     [,3]      [,4]
[1,] -0.4861087 -71.93813 383.0453 -183.2775

[[2]]
[1] 5.426631

GA | iter = 163 | Mean = 3.645366 | Best = 5.426631
-0.4861087 -71.93813 383.0453 -183.2775[[1]]
           [,1]      [,2]     [,3]      [,4]
[1,] -0.4861087 -71.93813 383.0453 -183.2775

[[2]]
[1] 5.426631

GA | iter = 164 | Mean = 3.610738 | Best = 5.426631
-0.4861087 -71.93813 383.0453 -183.2775[[1]]
           [,1]      [,2]     [,3]      [,4]
[1,] -0.4861087 -71.93813 383.0453 -183.2775

[[2]]
[1] 5.426631

GA | iter = 165 | Mean = 3.706292 | Best = 5.426631
-0.4861087 -71.93813 383.0453 -183.2775[[1]]
           [,1]      [,2]     [,3]      [,4]
[1,] -0.4861087 -71.93813 383.0453 -183.2775

[[2]]
[1] 5.426631

GA | iter = 166 | Mean = 3.749969 | Best = 5.426631
-0.4861087 -71.93813 383.0453 -183.2775[[1]]
           [,1]      [,2]     [,3]      [,4]
[1,] -0.4861087 -71.93813 383.0453 -183.2775

[[2]]
[1] 5.426631

GA | iter = 167 | Mean = 3.741212 | Best = 5.426631
-0.4861087 -71.93813 383.0453 -183.2775[[1]]
           [,1]      [,2]     [,3]      [,4]
[1,] -0.4861087 -71.93813 383.0453 -183.2775

[[2]]
[1] 5.426631

GA | iter = 168 | Mean = 3.709052 | Best = 5.426631
-0.4861087 -71.93813 383.0453 -183.2775[[1]]
           [,1]      [,2]     [,3]      [,4]
[1,] -0.4861087 -71.93813 383.0453 -183.2775

[[2]]
[1] 5.426631

GA | iter = 169 | Mean = 3.728133 | Best = 5.426631
-0.4861087 -71.93813 383.0453 -183.2775[[1]]
           [,1]      [,2]     [,3]      [,4]
[1,] -0.4861087 -71.93813 383.0453 -183.2775

[[2]]
[1] 5.426631

GA | iter = 170 | Mean = 3.761577 | Best = 5.426631
-0.4861087 -71.93813 383.0453 -183.2775[[1]]
           [,1]      [,2]     [,3]      [,4]
[1,] -0.4861087 -71.93813 383.0453 -183.2775

[[2]]
[1] 5.426631

GA | iter = 171 | Mean = 3.595839 | Best = 5.426631
-0.4861087 -71.93813 383.0453 -183.2775[[1]]
           [,1]      [,2]     [,3]      [,4]
[1,] -0.4861087 -71.93813 383.0453 -183.2775

[[2]]
[1] 5.426631

GA | iter = 172 | Mean = 3.617850 | Best = 5.426631
-0.4861087 -71.93813 383.0453 -183.2775[[1]]
           [,1]      [,2]     [,3]      [,4]
[1,] -0.4861087 -71.93813 383.0453 -183.2775

[[2]]
[1] 5.426631

GA | iter = 173 | Mean = 3.675997 | Best = 5.426631
-0.4861087 -71.93813 383.0453 -183.2775[[1]]
           [,1]      [,2]     [,3]      [,4]
[1,] -0.4861087 -71.93813 383.0453 -183.2775

[[2]]
[1] 5.426631

GA | iter = 174 | Mean = 3.735527 | Best = 5.426631
-0.4861087 -71.93813 383.0453 -183.2775[[1]]
           [,1]      [,2]     [,3]      [,4]
[1,] -0.4861087 -71.93813 383.0453 -183.2775

[[2]]
[1] 5.426631

GA | iter = 175 | Mean = 3.583278 | Best = 5.426631
-0.4861087 -71.93813 383.0453 -183.2775[[1]]
           [,1]      [,2]     [,3]      [,4]
[1,] -0.4861087 -71.93813 383.0453 -183.2775

[[2]]
[1] 5.426631

GA | iter = 176 | Mean = 3.596681 | Best = 5.426631
-0.4861087 -71.93813 383.0453 -183.2775[[1]]
           [,1]      [,2]     [,3]      [,4]
[1,] -0.4861087 -71.93813 383.0453 -183.2775

[[2]]
[1] 5.426631

GA | iter = 177 | Mean = 3.697932 | Best = 5.426631
-0.4861087 -71.93813 383.0453 -183.2775[[1]]
           [,1]      [,2]     [,3]      [,4]
[1,] -0.4861087 -71.93813 383.0453 -183.2775

[[2]]
[1] 5.426631

GA | iter = 178 | Mean = 3.630933 | Best = 5.426631
-0.4861087 -71.93813 383.0453 -183.2775[[1]]
           [,1]      [,2]     [,3]      [,4]
[1,] -0.4861087 -71.93813 383.0453 -183.2775

[[2]]
[1] 5.426631

GA | iter = 179 | Mean = 3.511212 | Best = 5.426631
-0.4861087 -71.93813 383.0453 -183.2775[[1]]
           [,1]      [,2]     [,3]      [,4]
[1,] -0.4861087 -71.93813 383.0453 -183.2775

[[2]]
[1] 5.426631

GA | iter = 180 | Mean = 3.666946 | Best = 5.426631
-0.4881432 -72.48878 383.2205 -183.4435[[1]]
           [,1]      [,2]     [,3]      [,4]
[1,] -0.4881432 -72.48878 383.2205 -183.4435

[[2]]
[1] 5.427173

GA | iter = 181 | Mean = 3.645511 | Best = 5.427173
-0.4881432 -72.48878 383.2205 -183.4435[[1]]
           [,1]      [,2]     [,3]      [,4]
[1,] -0.4881432 -72.48878 383.2205 -183.4435

[[2]]
[1] 5.427173

GA | iter = 182 | Mean = 3.673348 | Best = 5.427173
-0.4881432 -72.48878 383.2205 -183.4435[[1]]
           [,1]      [,2]     [,3]      [,4]
[1,] -0.4881432 -72.48878 383.2205 -183.4435

[[2]]
[1] 5.427173

GA | iter = 183 | Mean = 3.588464 | Best = 5.427173
-0.4881432 -72.48878 383.2205 -183.4435[[1]]
           [,1]      [,2]     [,3]      [,4]
[1,] -0.4881432 -72.48878 383.2205 -183.4435

[[2]]
[1] 5.427173

GA | iter = 184 | Mean = 3.574391 | Best = 5.427173
-0.4881432 -72.48878 383.2205 -183.4435[[1]]
           [,1]      [,2]     [,3]      [,4]
[1,] -0.4881432 -72.48878 383.2205 -183.4435

[[2]]
[1] 5.427173

GA | iter = 185 | Mean = 3.781056 | Best = 5.427173
-0.4881432 -72.48878 383.2205 -183.4435[[1]]
           [,1]      [,2]     [,3]      [,4]
[1,] -0.4881432 -72.48878 383.2205 -183.4435

[[2]]
[1] 5.427173

GA | iter = 186 | Mean = 3.635951 | Best = 5.427173
-0.4881432 -72.48878 383.2205 -183.4435[[1]]
           [,1]      [,2]     [,3]      [,4]
[1,] -0.4881432 -72.48878 383.2205 -183.4435

[[2]]
[1] 5.427173

GA | iter = 187 | Mean = 3.653471 | Best = 5.427173
-0.4881432 -72.48878 383.2205 -183.4435[[1]]
           [,1]      [,2]     [,3]      [,4]
[1,] -0.4881432 -72.48878 383.2205 -183.4435

[[2]]
[1] 5.427173

GA | iter = 188 | Mean = 3.717746 | Best = 5.427173
-0.4881432 -72.48878 383.2205 -183.4435[[1]]
           [,1]      [,2]     [,3]      [,4]
[1,] -0.4881432 -72.48878 383.2205 -183.4435

[[2]]
[1] 5.427173

GA | iter = 189 | Mean = 3.655759 | Best = 5.427173
-0.4881432 -72.48878 383.2205 -183.4435[[1]]
           [,1]      [,2]     [,3]      [,4]
[1,] -0.4881432 -72.48878 383.2205 -183.4435

[[2]]
[1] 5.427173

GA | iter = 190 | Mean = 3.589768 | Best = 5.427173
-0.4881432 -72.48878 383.2205 -183.4435[[1]]
           [,1]      [,2]     [,3]      [,4]
[1,] -0.4881432 -72.48878 383.2205 -183.4435

[[2]]
[1] 5.427173

GA | iter = 191 | Mean = 3.608526 | Best = 5.427173
-0.4881432 -72.48878 383.2205 -183.4435[[1]]
           [,1]      [,2]     [,3]      [,4]
[1,] -0.4881432 -72.48878 383.2205 -183.4435

[[2]]
[1] 5.427173

GA | iter = 192 | Mean = 3.724795 | Best = 5.427173
-0.4881432 -72.48878 383.2205 -183.4435[[1]]
           [,1]      [,2]     [,3]      [,4]
[1,] -0.4881432 -72.48878 383.2205 -183.4435

[[2]]
[1] 5.427173

GA | iter = 193 | Mean = 3.685842 | Best = 5.427173
-0.4881432 -72.48878 383.2205 -183.4435[[1]]
           [,1]      [,2]     [,3]      [,4]
[1,] -0.4881432 -72.48878 383.2205 -183.4435

[[2]]
[1] 5.427173

GA | iter = 194 | Mean = 3.639254 | Best = 5.427173
-0.4881432 -72.48878 383.2205 -183.4435[[1]]
           [,1]      [,2]     [,3]      [,4]
[1,] -0.4881432 -72.48878 383.2205 -183.4435

[[2]]
[1] 5.427173

GA | iter = 195 | Mean = 3.852400 | Best = 5.427173
-0.4881432 -72.48878 383.2205 -183.4435[[1]]
           [,1]      [,2]     [,3]      [,4]
[1,] -0.4881432 -72.48878 383.2205 -183.4435

[[2]]
[1] 5.427173

GA | iter = 196 | Mean = 3.727258 | Best = 5.427173
-0.4881432 -72.48878 383.2205 -183.4435[[1]]
           [,1]      [,2]     [,3]      [,4]
[1,] -0.4881432 -72.48878 383.2205 -183.4435

[[2]]
[1] 5.427173

GA | iter = 197 | Mean = 3.772775 | Best = 5.427173
-0.4881432 -72.48878 383.2205 -183.4435[[1]]
           [,1]      [,2]     [,3]      [,4]
[1,] -0.4881432 -72.48878 383.2205 -183.4435

[[2]]
[1] 5.427173

GA | iter = 198 | Mean = 3.563803 | Best = 5.427173
-0.4881432 -72.48878 383.2205 -183.4435[[1]]
           [,1]      [,2]     [,3]      [,4]
[1,] -0.4881432 -72.48878 383.2205 -183.4435

[[2]]
[1] 5.427173

GA | iter = 199 | Mean = 3.664477 | Best = 5.427173
-0.4881432 -72.48878 383.2205 -183.4435[[1]]
           [,1]      [,2]     [,3]      [,4]
[1,] -0.4881432 -72.48878 383.2205 -183.4435

[[2]]
[1] 5.427173

GA | iter = 200 | Mean = 3.680530 | Best = 5.427173
-0.4881432 -72.48878 383.2205 -183.4435[[1]]
           [,1]      [,2]     [,3]      [,4]
[1,] -0.4881432 -72.48878 383.2205 -183.4435

[[2]]
[1] 5.427173

GA | iter = 201 | Mean = 3.752759 | Best = 5.427173
-0.4881432 -72.48878 383.2205 -183.4435[[1]]
           [,1]      [,2]     [,3]      [,4]
[1,] -0.4881432 -72.48878 383.2205 -183.4435

[[2]]
[1] 5.427173

GA | iter = 202 | Mean = 3.771127 | Best = 5.427173
-0.4881432 -72.48878 383.2205 -183.4435[[1]]
           [,1]      [,2]     [,3]      [,4]
[1,] -0.4881432 -72.48878 383.2205 -183.4435

[[2]]
[1] 5.427173

GA | iter = 203 | Mean = 3.707852 | Best = 5.427173
-0.4881432 -72.48878 383.2205 -183.4435[[1]]
           [,1]      [,2]     [,3]      [,4]
[1,] -0.4881432 -72.48878 383.2205 -183.4435

[[2]]
[1] 5.427173

GA | iter = 204 | Mean = 3.806647 | Best = 5.427173
-0.4881432 -72.48878 383.2205 -183.4435[[1]]
           [,1]      [,2]     [,3]      [,4]
[1,] -0.4881432 -72.48878 383.2205 -183.4435

[[2]]
[1] 5.427173

GA | iter = 205 | Mean = 3.651933 | Best = 5.427173
-0.4881432 -72.48878 383.2205 -183.4435[[1]]
           [,1]      [,2]     [,3]      [,4]
[1,] -0.4881432 -72.48878 383.2205 -183.4435

[[2]]
[1] 5.427173

GA | iter = 206 | Mean = 3.685058 | Best = 5.427173
-0.4881432 -72.48878 383.2205 -183.4435[[1]]
           [,1]      [,2]     [,3]      [,4]
[1,] -0.4881432 -72.48878 383.2205 -183.4435

[[2]]
[1] 5.427173

GA | iter = 207 | Mean = 3.829006 | Best = 5.427173
-0.4881432 -72.48878 383.2205 -183.4435[[1]]
           [,1]      [,2]     [,3]      [,4]
[1,] -0.4881432 -72.48878 383.2205 -183.4435

[[2]]
[1] 5.427173

GA | iter = 208 | Mean = 3.714249 | Best = 5.427173
-0.4881432 -72.48878 383.2205 -183.4435[[1]]
           [,1]      [,2]     [,3]      [,4]
[1,] -0.4881432 -72.48878 383.2205 -183.4435

[[2]]
[1] 5.427173

GA | iter = 209 | Mean = 3.717175 | Best = 5.427173
-0.4881432 -72.48878 383.2205 -183.4435[[1]]
           [,1]      [,2]     [,3]      [,4]
[1,] -0.4881432 -72.48878 383.2205 -183.4435

[[2]]
[1] 5.427173

GA | iter = 210 | Mean = 3.624671 | Best = 5.427173
-0.4881432 -72.48878 383.2205 -183.4435[[1]]
           [,1]      [,2]     [,3]      [,4]
[1,] -0.4881432 -72.48878 383.2205 -183.4435

[[2]]
[1] 5.427173

GA | iter = 211 | Mean = 3.757500 | Best = 5.427173
-0.4881432 -72.48878 383.2205 -183.4435[[1]]
           [,1]      [,2]     [,3]      [,4]
[1,] -0.4881432 -72.48878 383.2205 -183.4435

[[2]]
[1] 5.427173

GA | iter = 212 | Mean = 3.756493 | Best = 5.427173
-0.4881432 -72.48878 383.2205 -183.4435[[1]]
           [,1]      [,2]     [,3]      [,4]
[1,] -0.4881432 -72.48878 383.2205 -183.4435

[[2]]
[1] 5.427173

GA | iter = 213 | Mean = 3.735090 | Best = 5.427173
-0.4881432 -72.48878 383.2205 -183.4435[[1]]
           [,1]      [,2]     [,3]      [,4]
[1,] -0.4881432 -72.48878 383.2205 -183.4435

[[2]]
[1] 5.427173

GA | iter = 214 | Mean = 3.830862 | Best = 5.427173
-0.4881432 -72.48878 383.2205 -183.4435[[1]]
           [,1]      [,2]     [,3]      [,4]
[1,] -0.4881432 -72.48878 383.2205 -183.4435

[[2]]
[1] 5.427173

GA | iter = 215 | Mean = 3.688673 | Best = 5.427173
-0.4881432 -72.48878 383.2205 -183.4435[[1]]
           [,1]      [,2]     [,3]      [,4]
[1,] -0.4881432 -72.48878 383.2205 -183.4435

[[2]]
[1] 5.427173

GA | iter = 216 | Mean = 3.640925 | Best = 5.427173
-0.4881432 -72.48878 383.2205 -183.4435[[1]]
           [,1]      [,2]     [,3]      [,4]
[1,] -0.4881432 -72.48878 383.2205 -183.4435

[[2]]
[1] 5.427173

GA | iter = 217 | Mean = 3.778042 | Best = 5.427173
-0.4881432 -72.48878 383.2205 -183.4435[[1]]
           [,1]      [,2]     [,3]      [,4]
[1,] -0.4881432 -72.48878 383.2205 -183.4435

[[2]]
[1] 5.427173

GA | iter = 218 | Mean = 3.770336 | Best = 5.427173
-0.4875908 -72.3697 383.3199 -183.4645[[1]]
           [,1]     [,2]     [,3]      [,4]
[1,] -0.4875908 -72.3697 383.3199 -183.4645

[[2]]
[1] 5.427181

GA | iter = 219 | Mean = 3.586586 | Best = 5.427181
-0.4875908 -72.3697 383.3199 -183.4645[[1]]
           [,1]     [,2]     [,3]      [,4]
[1,] -0.4875908 -72.3697 383.3199 -183.4645

[[2]]
[1] 5.427181

GA | iter = 220 | Mean = 3.555664 | Best = 5.427181
-0.4875908 -72.3697 383.3199 -183.4645[[1]]
           [,1]     [,2]     [,3]      [,4]
[1,] -0.4875908 -72.3697 383.3199 -183.4645

[[2]]
[1] 5.427181

GA | iter = 221 | Mean = 3.817337 | Best = 5.427181
-0.4875908 -72.3697 383.3199 -183.4645[[1]]
           [,1]     [,2]     [,3]      [,4]
[1,] -0.4875908 -72.3697 383.3199 -183.4645

[[2]]
[1] 5.427181

GA | iter = 222 | Mean = 3.707932 | Best = 5.427181
-0.4875908 -72.3697 383.3199 -183.4645[[1]]
           [,1]     [,2]     [,3]      [,4]
[1,] -0.4875908 -72.3697 383.3199 -183.4645

[[2]]
[1] 5.427181

GA | iter = 223 | Mean = 3.747365 | Best = 5.427181
-0.4875908 -72.3697 383.3199 -183.4645[[1]]
           [,1]     [,2]     [,3]      [,4]
[1,] -0.4875908 -72.3697 383.3199 -183.4645

[[2]]
[1] 5.427181

GA | iter = 224 | Mean = 3.759454 | Best = 5.427181
-0.4875908 -72.3697 383.3199 -183.4645[[1]]
           [,1]     [,2]     [,3]      [,4]
[1,] -0.4875908 -72.3697 383.3199 -183.4645

[[2]]
[1] 5.427181

GA | iter = 225 | Mean = 3.571645 | Best = 5.427181
-0.4875908 -72.3697 383.3199 -183.4645[[1]]
           [,1]     [,2]     [,3]      [,4]
[1,] -0.4875908 -72.3697 383.3199 -183.4645

[[2]]
[1] 5.427181

GA | iter = 226 | Mean = 3.743714 | Best = 5.427181
-0.4875908 -72.3697 383.3199 -183.4645[[1]]
           [,1]     [,2]     [,3]      [,4]
[1,] -0.4875908 -72.3697 383.3199 -183.4645

[[2]]
[1] 5.427181

GA | iter = 227 | Mean = 3.712919 | Best = 5.427181
-0.4875908 -72.3697 383.3199 -183.4645[[1]]
           [,1]     [,2]     [,3]      [,4]
[1,] -0.4875908 -72.3697 383.3199 -183.4645

[[2]]
[1] 5.427181

GA | iter = 228 | Mean = 3.696345 | Best = 5.427181
-0.4881706 -72.4814 383.2886 -183.4642[[1]]
           [,1]     [,2]     [,3]      [,4]
[1,] -0.4881706 -72.4814 383.2886 -183.4642

[[2]]
[1] 5.427223

GA | iter = 229 | Mean = 3.812507 | Best = 5.427223
-0.4881706 -72.4814 383.2886 -183.4642[[1]]
           [,1]     [,2]     [,3]      [,4]
[1,] -0.4881706 -72.4814 383.2886 -183.4642

[[2]]
[1] 5.427223

GA | iter = 230 | Mean = 3.682706 | Best = 5.427223
-0.4881706 -72.4814 383.2886 -183.4642[[1]]
           [,1]     [,2]     [,3]      [,4]
[1,] -0.4881706 -72.4814 383.2886 -183.4642

[[2]]
[1] 5.427223

GA | iter = 231 | Mean = 3.652431 | Best = 5.427223
-0.4881706 -72.4814 383.2886 -183.4642[[1]]
           [,1]     [,2]     [,3]      [,4]
[1,] -0.4881706 -72.4814 383.2886 -183.4642

[[2]]
[1] 5.427223

GA | iter = 232 | Mean = 3.716360 | Best = 5.427223
-0.4881706 -72.4814 383.2886 -183.4642[[1]]
           [,1]     [,2]     [,3]      [,4]
[1,] -0.4881706 -72.4814 383.2886 -183.4642

[[2]]
[1] 5.427223

GA | iter = 233 | Mean = 3.604348 | Best = 5.427223
-0.4881706 -72.4814 383.2886 -183.4642[[1]]
           [,1]     [,2]     [,3]      [,4]
[1,] -0.4881706 -72.4814 383.2886 -183.4642

[[2]]
[1] 5.427223

GA | iter = 234 | Mean = 3.737973 | Best = 5.427223
slurmstepd: error: *** JOB 28365783 ON cdr2407 CANCELLED AT 2022-03-06T15:47:22 DUE TO TIME LIMIT ***
